2024-05-17 17:41:53 UNO RUN ...
2024-05-17 17:41:53 Params: {'model_name': 'uno', 'train_sources': ['CCLE'], 'test_sources': ['train'], 'cell_types': None, 'cell_features': ['rnaseq'], 'drug_features': ['descriptors'], 'dense': [1000, 1000, 1000, 1000, 1000], 'dense_feature_layers': [1000, 1000, 1000], 'activation': 'relu', 'loss': 'mse', 'optimizer': 'adamax', 'scaling': 'std', 'dropout': 0.1, 'epochs': 75, 'batch_size': 32, 'val_split': 0.2, 'cv': 1, 'max_val_loss': 1.0, 'learning_rate': 0.0001, 'base_lr': None, 'agg_dose': 'AUC', 'residual': False, 'reduce_lr': True, 'warmup_lr': True, 'batch_normalization': False, 'feature_subsample': 0, 'rng_seed': 2018, 'no_gen': False, 'verbose': False, 'preprocess_rnaseq': 'source_scale', 'gpus': [0], 'use_landmark_genes': True, 'no_feature_source': True, 'no_response_source': True, 'save_path': '/dev/shm/Uno/save/8998722.amn-0001/58', 'single': True, 'on_memory_loader': True, 'ckpt_checksum': True, 'ckpt_save_interval': 0, 'timeout': -1, 'train_bool': True, 'profiling': False, 'experiment_id': '8998722.amn-0001', 'run_id': '58', 'logfile': '/dev/shm/Uno/save/8998722.amn-0001/58/python.log', 'shuffle': False, 'ckpt_restart_mode': 'off', 'ckpt_skip_epochs': 0, 'ckpt_directory': '/dev/shm/Uno/save/8998722.amn-0001/58', 'ckpt_save_best': True, 'ckpt_save_best_metric': 'val_loss', 'ckpt_save_weights_only': False, 'ckpt_keep_mode': 'linear', 'ckpt_keep_limit': 5, 'by_cell': None, 'by_drug': None, 'cell_subset_path': '', 'drug_subset_path': '', 'drug_median_response_min': -1, 'drug_median_response_max': 1, 'dense_cell_feature_layers': None, 'dense_drug_feature_layers': None, 'use_filtered_genes': False, 'feature_subset_path': '', 'cell_feature_subset_path': '', 'drug_feature_subset_path': '', 'es': True, 'cp': False, 'tb': False, 'tb_prefix': 'tb', 'partition_by': None, 'cache': None, 'export_csv': None, 'export_data': None, 'use_exported_data': '/dev/shm/Uno/x1922c2s5b0n0.58.merged.landmark.h5', 'growth_bins': 0, 'initial_weights': None, 'save_weights': '/dev/shm/Uno/save/8998722.amn-0001/58/5.0.model.h5', 'config_file': '/home/brettin/CSC249ADOA01_CNDA/brettin/Benchmarks/Pilot1/Uno/uno_auc_model.txt', 'data_type': <class 'numpy.float32'>, 'data_dir': '/dev/shm/Uno/uno/Data', 'output_dir': '/dev/shm/Uno/uno/Output/8998722.amn-0001/58'}
2024-05-17 17:41:54 Feature encoding submodel for cell.rnaseq:
2024-05-17 17:41:54 Model: "cell.rnaseq"
2024-05-17 17:41:54 _________________________________________________________________
2024-05-17 17:41:54  Layer (type)                Output Shape              Param #   
2024-05-17 17:41:54 =================================================================
2024-05-17 17:41:54  input_1 (InputLayer)        [(None, 958)]             0         
2024-05-17 17:41:54                                                                  
2024-05-17 17:41:54  dense (Dense)               (None, 1000)              959000    
2024-05-17 17:41:54                                                                  
2024-05-17 17:41:54  permanent_dropout (Permane  (None, 1000)              0         
2024-05-17 17:41:54  ntDropout)                                                      
2024-05-17 17:41:54                                                                  
2024-05-17 17:41:54  dense_1 (Dense)             (None, 1000)              1001000   
2024-05-17 17:41:54                                                                  
2024-05-17 17:41:54  permanent_dropout_1 (Perma  (None, 1000)              0         
2024-05-17 17:41:54  nentDropout)                                                    
2024-05-17 17:41:54                                                                  
2024-05-17 17:41:54  dense_2 (Dense)             (None, 1000)              1001000   
2024-05-17 17:41:54                                                                  
2024-05-17 17:41:54  permanent_dropout_2 (Perma  (None, 1000)              0         
2024-05-17 17:41:54  nentDropout)                                                    
2024-05-17 17:41:54                                                                  
2024-05-17 17:41:54 =================================================================
2024-05-17 17:41:54 Total params: 2961000 (11.30 MB)
2024-05-17 17:41:54 Trainable params: 2961000 (11.30 MB)
2024-05-17 17:41:54 Non-trainable params: 0 (0.00 Byte)
2024-05-17 17:41:54 _________________________________________________________________
2024-05-17 17:41:54 Feature encoding submodel for drug.descriptors:
2024-05-17 17:41:54 Model: "drug.descriptors"
2024-05-17 17:41:54 _________________________________________________________________
2024-05-17 17:41:54  Layer (type)                Output Shape              Param #   
2024-05-17 17:41:54 =================================================================
2024-05-17 17:41:54  input_2 (InputLayer)        [(None, 1613)]            0         
2024-05-17 17:41:54                                                                  
2024-05-17 17:41:54  dense_3 (Dense)             (None, 1000)              1614000   
2024-05-17 17:41:54                                                                  
2024-05-17 17:41:54  permanent_dropout_3 (Perma  (None, 1000)              0         
2024-05-17 17:41:54  nentDropout)                                                    
2024-05-17 17:41:54                                                                  
2024-05-17 17:41:54  dense_4 (Dense)             (None, 1000)              1001000   
2024-05-17 17:41:54                                                                  
2024-05-17 17:41:54  permanent_dropout_4 (Perma  (None, 1000)              0         
2024-05-17 17:41:54  nentDropout)                                                    
2024-05-17 17:41:54                                                                  
2024-05-17 17:41:54  dense_5 (Dense)             (None, 1000)              1001000   
2024-05-17 17:41:54                                                                  
2024-05-17 17:41:54  permanent_dropout_5 (Perma  (None, 1000)              0         
2024-05-17 17:41:54  nentDropout)                                                    
2024-05-17 17:41:54                                                                  
2024-05-17 17:41:54 =================================================================
2024-05-17 17:41:54 Total params: 3616000 (13.79 MB)
2024-05-17 17:41:54 Trainable params: 3616000 (13.79 MB)
2024-05-17 17:41:54 Non-trainable params: 0 (0.00 Byte)
2024-05-17 17:41:54 _________________________________________________________________
2024-05-17 17:41:54 Combined model:
2024-05-17 17:41:54 Model: "model"
2024-05-17 17:41:54 __________________________________________________________________________________________________
2024-05-17 17:41:54  Layer (type)                Output Shape                 Param #   Connected to                  
2024-05-17 17:41:54 ==================================================================================================
2024-05-17 17:41:54  input.cell.rnaseq (InputLa  [(None, 958)]                0         []                            
2024-05-17 17:41:54  yer)                                                                                             
2024-05-17 17:41:54                                                                                                   
2024-05-17 17:41:54  input.drug1.descriptors (I  [(None, 1613)]               0         []                            
2024-05-17 17:41:54  nputLayer)                                                                                       
2024-05-17 17:41:54                                                                                                   
2024-05-17 17:41:54  cell.rnaseq (Functional)    (None, 1000)                 2961000   ['input.cell.rnaseq[0][0]']   
2024-05-17 17:41:54                                                                                                   
2024-05-17 17:41:54  drug.descriptors (Function  (None, 1000)                 3616000   ['input.drug1.descriptors[0][0
2024-05-17 17:41:54  al)                                                                ]']                           
2024-05-17 17:41:54                                                                                                   
2024-05-17 17:41:54  concatenate (Concatenate)   (None, 2000)                 0         ['cell.rnaseq[0][0]',         
2024-05-17 17:41:54                                                                      'drug.descriptors[0][0]']    
2024-05-17 17:41:54                                                                                                   
2024-05-17 17:41:54  dense_6 (Dense)             (None, 1000)                 2001000   ['concatenate[0][0]']         
2024-05-17 17:41:54                                                                                                   
2024-05-17 17:41:54  permanent_dropout_6 (Perma  (None, 1000)                 0         ['dense_6[0][0]']             
2024-05-17 17:41:54  nentDropout)                                                                                     
2024-05-17 17:41:54                                                                                                   
2024-05-17 17:41:54  dense_7 (Dense)             (None, 1000)                 1001000   ['permanent_dropout_6[0][0]'] 
2024-05-17 17:41:54                                                                                                   
2024-05-17 17:41:54  permanent_dropout_7 (Perma  (None, 1000)                 0         ['dense_7[0][0]']             
2024-05-17 17:41:54  nentDropout)                                                                                     
2024-05-17 17:41:54                                                                                                   
2024-05-17 17:41:54  dense_8 (Dense)             (None, 1000)                 1001000   ['permanent_dropout_7[0][0]'] 
2024-05-17 17:41:54                                                                                                   
2024-05-17 17:41:54  permanent_dropout_8 (Perma  (None, 1000)                 0         ['dense_8[0][0]']             
2024-05-17 17:41:54  nentDropout)                                                                                     
2024-05-17 17:41:54                                                                                                   
2024-05-17 17:41:54  dense_9 (Dense)             (None, 1000)                 1001000   ['permanent_dropout_8[0][0]'] 
2024-05-17 17:41:54                                                                                                   
2024-05-17 17:41:54  permanent_dropout_9 (Perma  (None, 1000)                 0         ['dense_9[0][0]']             
2024-05-17 17:41:54  nentDropout)                                                                                     
2024-05-17 17:41:54                                                                                                   
2024-05-17 17:41:54  dense_10 (Dense)            (None, 1000)                 1001000   ['permanent_dropout_9[0][0]'] 
2024-05-17 17:41:54                                                                                                   
2024-05-17 17:41:54  permanent_dropout_10 (Perm  (None, 1000)                 0         ['dense_10[0][0]']            
2024-05-17 17:41:54  anentDropout)                                                                                    
2024-05-17 17:41:54                                                                                                   
2024-05-17 17:41:54  dense_11 (Dense)            (None, 1)                    1001      ['permanent_dropout_10[0][0]']
2024-05-17 17:41:54                                                                                                   
2024-05-17 17:41:54 ==================================================================================================
2024-05-17 17:41:54 Total params: 12583001 (48.00 MB)
2024-05-17 17:41:54 Trainable params: 12583001 (48.00 MB)
2024-05-17 17:41:54 Non-trainable params: 0 (0.00 Byte)
2024-05-17 17:41:54 __________________________________________________________________________________________________
2024-05-17 17:41:54 CKPT CONSTRUCT...
2024-05-17 17:41:54 CKPT CONSTRUCT OK.
2024-05-17 17:41:54 template model: <keras.src.engine.functional.Functional object at 0x145b49856b20>
2024-05-17 17:41:56 COMPILE
2024-05-17 17:41:56 Will save weights to: /dev/shm/Uno/save/8998722.amn-0001/58/5.0.model.h5
2024-05-17 17:42:13 Between random pairs in y_val:
2024-05-17 17:42:13   mse: 0.04747424
2024-05-17 17:42:13   mae: 0.15959387
2024-05-17 17:42:13   r2: -0.99406414
2024-05-17 17:42:13   corr: 0.00296793
2024-05-17 17:42:13 Data points per epoch: train = 469756, val = 117439, test = 514
2024-05-17 17:42:13 Steps per epoch: train = 14679, val = 3669, test = 16
2024-05-17 17:42:13 Epoch 0: lr=0.001
2024-05-17 17:43:25 [Epoch: 0] loss: 0.025907, mae: 0.079181, r2: -0.110125, val_loss: 0.008932, val_mae: 0.066884, val_r2: 0.575617
2024-05-17 17:43:25 Epoch 1: lr=0.00082
2024-05-17 17:44:36 [Epoch: 1] loss: 0.008000, mae: 0.063977, r2: 0.621709, val_loss: 0.007967, val_mae: 0.063387, val_r2: 0.628758
2024-05-17 17:44:36 Epoch 2: lr=0.00064
2024-05-17 17:45:47 [Epoch: 2] loss: 0.007313, mae: 0.060809, r2: 0.653465, val_loss: 0.007332, val_mae: 0.061910, val_r2: 0.644787
2024-05-17 17:45:47 Epoch 3: lr=0.00046
2024-05-17 17:46:58 [Epoch: 3] loss: 0.006829, mae: 0.058619, r2: 0.675601, val_loss: 0.006931, val_mae: 0.059419, val_r2: 0.666455
2024-05-17 17:46:58 Epoch 4: lr=0.00028
2024-05-17 17:48:09 [Epoch: 4] loss: 0.006431, mae: 0.056772, r2: 0.693621, val_loss: 0.006622, val_mae: 0.057573, val_r2: 0.682338
2024-05-17 17:48:09 Epoch 5: lr=0.0001
2024-05-17 17:49:20 [Epoch: 5] loss: 0.006098, mae: 0.055270, r2: 0.708798, val_loss: 0.006499, val_mae: 0.056571, val_r2: 0.687975
2024-05-17 17:49:20 Epoch 6: lr=0.0001
2024-05-17 17:50:31 [Epoch: 6] loss: 0.005987, mae: 0.054766, r2: 0.714005, val_loss: 0.006429, val_mae: 0.056037, val_r2: 0.692104
2024-05-17 17:50:31 Epoch 7: lr=0.0001
2024-05-17 17:51:42 [Epoch: 7] loss: 0.005906, mae: 0.054391, r2: 0.717839, val_loss: 0.006372, val_mae: 0.056102, val_r2: 0.692629
2024-05-17 17:51:42 Epoch 8: lr=0.0001
2024-05-17 17:52:53 [Epoch: 8] loss: 0.005834, mae: 0.054081, r2: 0.720989, val_loss: 0.006340, val_mae: 0.055689, val_r2: 0.694459
2024-05-17 17:52:53 Epoch 9: lr=0.0001
2024-05-17 17:54:04 [Epoch: 9] loss: 0.005767, mae: 0.053800, r2: 0.724107, val_loss: 0.006340, val_mae: 0.055430, val_r2: 0.695376
2024-05-17 17:54:04 Epoch 10: lr=0.0001
2024-05-17 17:55:15 [Epoch: 10] loss: 0.005705, mae: 0.053477, r2: 0.726771, val_loss: 0.006289, val_mae: 0.055752, val_r2: 0.697087
2024-05-17 17:55:15 Epoch 11: lr=0.0001
2024-05-17 17:56:26 [Epoch: 11] loss: 0.005632, mae: 0.053171, r2: 0.730228, val_loss: 0.006306, val_mae: 0.056642, val_r2: 0.695009
2024-05-17 17:56:26 Epoch 12: lr=0.0001
2024-05-17 17:57:36 [Epoch: 12] loss: 0.005587, mae: 0.052944, r2: 0.732456, val_loss: 0.006241, val_mae: 0.055530, val_r2: 0.698994
2024-05-17 17:57:37 Epoch 13: lr=0.0001
2024-05-17 17:58:47 [Epoch: 13] loss: 0.005531, mae: 0.052667, r2: 0.735060, val_loss: 0.006220, val_mae: 0.055062, val_r2: 0.702452
2024-05-17 17:58:47 Epoch 14: lr=0.0001
2024-05-17 17:59:58 [Epoch: 14] loss: 0.005472, mae: 0.052414, r2: 0.737834, val_loss: 0.006215, val_mae: 0.055307, val_r2: 0.700815
2024-05-17 17:59:58 Epoch 15: lr=0.0001
2024-05-17 18:01:09 [Epoch: 15] loss: 0.005422, mae: 0.052208, r2: 0.740154, val_loss: 0.006163, val_mae: 0.055051, val_r2: 0.703159
2024-05-17 18:01:09 Epoch 16: lr=0.0001
2024-05-17 18:02:20 [Epoch: 16] loss: 0.005371, mae: 0.051989, r2: 0.742397, val_loss: 0.006181, val_mae: 0.054889, val_r2: 0.704362
2024-05-17 18:02:20 Epoch 17: lr=0.0001
2024-05-17 18:03:31 [Epoch: 17] loss: 0.005324, mae: 0.051744, r2: 0.744701, val_loss: 0.006176, val_mae: 0.054628, val_r2: 0.701181
2024-05-17 18:03:31 Epoch 18: lr=5e-05
2024-05-17 18:04:42 [Epoch: 18] loss: 0.005214, mae: 0.051172, r2: 0.749840, val_loss: 0.006137, val_mae: 0.054728, val_r2: 0.703495
2024-05-17 18:04:42 Epoch 19: lr=5e-05
2024-05-17 18:05:53 [Epoch: 19] loss: 0.005175, mae: 0.051013, r2: 0.751777, val_loss: 0.006123, val_mae: 0.054520, val_r2: 0.705905
2024-05-17 18:05:53 Epoch 20: lr=5e-05
2024-05-17 18:07:04 [Epoch: 20] loss: 0.005135, mae: 0.050804, r2: 0.753455, val_loss: 0.006149, val_mae: 0.054501, val_r2: 0.703315
2024-05-17 18:07:04 Epoch 21: lr=5e-05
2024-05-17 18:08:15 [Epoch: 21] loss: 0.005105, mae: 0.050708, r2: 0.755007, val_loss: 0.006139, val_mae: 0.054676, val_r2: 0.704393
2024-05-17 18:08:15 Epoch 22: lr=5e-05
2024-05-17 18:09:26 [Epoch: 22] loss: 0.005085, mae: 0.050603, r2: 0.755673, val_loss: 0.006095, val_mae: 0.054410, val_r2: 0.705798
2024-05-17 18:09:26 Epoch 23: lr=5e-05
2024-05-17 18:10:36 [Epoch: 23] loss: 0.005054, mae: 0.050436, r2: 0.757422, val_loss: 0.006098, val_mae: 0.054587, val_r2: 0.705699
2024-05-17 18:10:37 Epoch 24: lr=2.5e-05
2024-05-17 18:11:47 [Epoch: 24] loss: 0.004989, mae: 0.050152, r2: 0.760284, val_loss: 0.006120, val_mae: 0.054477, val_r2: 0.705692
2024-05-17 18:11:48 Epoch 25: lr=2.5e-05
2024-05-17 18:12:58 [Epoch: 25] loss: 0.004973, mae: 0.050065, r2: 0.760955, val_loss: 0.006095, val_mae: 0.054391, val_r2: 0.706093
2024-05-17 18:12:58 Epoch 26: lr=2.5e-05
2024-05-17 18:14:09 [Epoch: 26] loss: 0.004958, mae: 0.050021, r2: 0.761743, val_loss: 0.006105, val_mae: 0.054269, val_r2: 0.705679
2024-05-17 18:14:09 Epoch 27: lr=2.5e-05
2024-05-17 18:15:20 [Epoch: 27] loss: 0.004942, mae: 0.049915, r2: 0.762551, val_loss: 0.006117, val_mae: 0.054332, val_r2: 0.704716
2024-05-17 18:15:20 Epoch 28: lr=2.5e-05
2024-05-17 18:16:31 [Epoch: 28] loss: 0.004923, mae: 0.049832, r2: 0.763648, val_loss: 0.006117, val_mae: 0.054702, val_r2: 0.704770
2024-05-17 18:16:31 Epoch 29: lr=1.25e-05
2024-05-17 18:17:42 [Epoch: 29] loss: 0.004889, mae: 0.049698, r2: 0.764988, val_loss: 0.006118, val_mae: 0.054393, val_r2: 0.705010
2024-05-17 18:17:42 Epoch 30: lr=1.25e-05
2024-05-17 18:18:53 [Epoch: 30] loss: 0.004899, mae: 0.049680, r2: 0.764406, val_loss: 0.006113, val_mae: 0.054321, val_r2: 0.705323
2024-05-17 18:18:53 Epoch 31: lr=1.25e-05
2024-05-17 18:20:04 [Epoch: 31] loss: 0.004873, mae: 0.049592, r2: 0.765805, val_loss: 0.006113, val_mae: 0.054384, val_r2: 0.705040
2024-05-17 18:20:04 Epoch 32: lr=1.25e-05
2024-05-17 18:21:15 [Epoch: 32] loss: 0.004871, mae: 0.049561, r2: 0.765788, val_loss: 0.006086, val_mae: 0.054329, val_r2: 0.706702
2024-05-17 18:21:15 Epoch 33: lr=1.25e-05
2024-05-17 18:22:26 [Epoch: 33] loss: 0.004869, mae: 0.049540, r2: 0.766094, val_loss: 0.006107, val_mae: 0.054399, val_r2: 0.705440
2024-05-17 18:22:26 Epoch 34: lr=1e-05
2024-05-17 18:23:37 [Epoch: 34] loss: 0.004861, mae: 0.049524, r2: 0.766103, val_loss: 0.006116, val_mae: 0.054629, val_r2: 0.704993
2024-05-17 18:23:37 Epoch 35: lr=1e-05
2024-05-17 18:24:48 [Epoch: 35] loss: 0.004853, mae: 0.049453, r2: 0.766545, val_loss: 0.006091, val_mae: 0.054311, val_r2: 0.706605
2024-05-17 18:24:48 Epoch 36: lr=1e-05
2024-05-17 18:25:58 [Epoch: 36] loss: 0.004834, mae: 0.049429, r2: 0.767422, val_loss: 0.006118, val_mae: 0.054497, val_r2: 0.704268
2024-05-17 18:25:59 Epoch 37: lr=1e-05
2024-05-17 18:27:09 [Epoch: 37] loss: 0.004838, mae: 0.049431, r2: 0.767352, val_loss: 0.006120, val_mae: 0.054324, val_r2: 0.704934
2024-05-17 18:27:09 Epoch 38: lr=1e-05
2024-05-17 18:28:20 [Epoch: 38] loss: 0.004840, mae: 0.049435, r2: 0.767216, val_loss: 0.006122, val_mae: 0.054588, val_r2: 0.704317
2024-05-17 18:28:20 Epoch 39: lr=1e-05
2024-05-17 18:29:31 [Epoch: 39] loss: 0.004826, mae: 0.049345, r2: 0.767732, val_loss: 0.006115, val_mae: 0.054321, val_r2: 0.704725
2024-05-17 18:29:31 Epoch 40: lr=1e-05
2024-05-17 18:30:42 [Epoch: 40] loss: 0.004813, mae: 0.049353, r2: 0.768424, val_loss: 0.006134, val_mae: 0.054380, val_r2: 0.703914
2024-05-17 18:30:42 Epoch 41: lr=1e-05
2024-05-17 18:31:53 [Epoch: 41] loss: 0.004819, mae: 0.049324, r2: 0.768385, val_loss: 0.006111, val_mae: 0.054327, val_r2: 0.705030
2024-05-17 18:31:53 Epoch 42: lr=1e-05
2024-05-17 18:33:03 [Epoch: 42] loss: 0.004816, mae: 0.049306, r2: 0.768361, val_loss: 0.006121, val_mae: 0.054330, val_r2: 0.705128
2024-05-17 18:33:04 history_length: 43
2024-05-17 18:33:04 stopping: early
2024-05-17 18:33:04 Comparing y_true and y_pred:
2024-05-17 18:33:04   mse: 0.01775884
2024-05-17 18:33:04   mae: 0.11258329
2024-05-17 18:33:04   r2: -0.50088630
2024-05-17 18:33:04   corr: 0.50569423
