2024-05-09 11:42:31 UNO RUN ...
2024-05-09 11:42:31 Params: {'model_name': 'uno', 'train_sources': ['CCLE'], 'test_sources': ['train'], 'cell_types': None, 'cell_features': ['rnaseq'], 'drug_features': ['descriptors'], 'dense': [1000, 1000, 1000, 1000, 1000], 'dense_feature_layers': [1000, 1000, 1000], 'activation': 'relu', 'loss': 'mse', 'optimizer': 'adamax', 'scaling': 'std', 'dropout': 0.1, 'epochs': 30, 'batch_size': 32, 'val_split': 0.2, 'cv': 1, 'max_val_loss': 1.0, 'learning_rate': 0.0001, 'base_lr': None, 'agg_dose': 'AUC', 'residual': False, 'reduce_lr': True, 'warmup_lr': True, 'batch_normalization': False, 'feature_subsample': 0, 'rng_seed': 2018, 'no_gen': False, 'verbose': False, 'preprocess_rnaseq': 'source_scale', 'gpus': [0], 'use_landmark_genes': True, 'no_feature_source': True, 'no_response_source': True, 'save_path': '/dev/shm/Uno/save/8996461.amn-0001/229', 'single': True, 'on_memory_loader': True, 'ckpt_checksum': True, 'ckpt_save_interval': 0, 'timeout': -1, 'train_bool': True, 'profiling': False, 'experiment_id': '8996461.amn-0001', 'run_id': '229', 'logfile': '/dev/shm/Uno/save/8996461.amn-0001/229/python.log', 'shuffle': False, 'ckpt_restart_mode': 'off', 'ckpt_skip_epochs': 0, 'ckpt_directory': '/dev/shm/Uno/save/8996461.amn-0001/229', 'ckpt_save_best': True, 'ckpt_save_best_metric': 'val_loss', 'ckpt_save_weights_only': False, 'ckpt_keep_mode': 'linear', 'ckpt_keep_limit': 5, 'by_cell': None, 'by_drug': None, 'cell_subset_path': '', 'drug_subset_path': '', 'drug_median_response_min': -1, 'drug_median_response_max': 1, 'dense_cell_feature_layers': None, 'dense_drug_feature_layers': None, 'use_filtered_genes': False, 'feature_subset_path': '', 'cell_feature_subset_path': '', 'drug_feature_subset_path': '', 'es': True, 'cp': False, 'tb': False, 'tb_prefix': 'tb', 'partition_by': None, 'cache': None, 'export_csv': None, 'export_data': None, 'use_exported_data': '/dev/shm/Uno/x1921c3s1b0n0.229.merged.landmark.h5', 'growth_bins': 0, 'initial_weights': None, 'save_weights': '/dev/shm/Uno/save/8996461.amn-0001/229/0.1.model.h5', 'config_file': '/home/brettin/CSC249ADOA01_CNDA/brettin/Benchmarks/Pilot1/Uno/uno_auc_model.txt', 'data_type': <class 'numpy.float32'>, 'data_dir': '/dev/shm/Uno/uno/Data', 'output_dir': '/dev/shm/Uno/uno/Output/8996461.amn-0001/229'}
2024-05-09 11:42:31 Feature encoding submodel for cell.rnaseq:
2024-05-09 11:42:31 Model: "cell.rnaseq"
2024-05-09 11:42:31 _________________________________________________________________
2024-05-09 11:42:31  Layer (type)                Output Shape              Param #   
2024-05-09 11:42:31 =================================================================
2024-05-09 11:42:31  input_1 (InputLayer)        [(None, 958)]             0         
2024-05-09 11:42:31                                                                  
2024-05-09 11:42:31  dense (Dense)               (None, 1000)              959000    
2024-05-09 11:42:31                                                                  
2024-05-09 11:42:31  permanent_dropout (Permane  (None, 1000)              0         
2024-05-09 11:42:31  ntDropout)                                                      
2024-05-09 11:42:31                                                                  
2024-05-09 11:42:31  dense_1 (Dense)             (None, 1000)              1001000   
2024-05-09 11:42:31                                                                  
2024-05-09 11:42:31  permanent_dropout_1 (Perma  (None, 1000)              0         
2024-05-09 11:42:31  nentDropout)                                                    
2024-05-09 11:42:31                                                                  
2024-05-09 11:42:31  dense_2 (Dense)             (None, 1000)              1001000   
2024-05-09 11:42:31                                                                  
2024-05-09 11:42:31  permanent_dropout_2 (Perma  (None, 1000)              0         
2024-05-09 11:42:31  nentDropout)                                                    
2024-05-09 11:42:31                                                                  
2024-05-09 11:42:31 =================================================================
2024-05-09 11:42:31 Total params: 2961000 (11.30 MB)
2024-05-09 11:42:31 Trainable params: 2961000 (11.30 MB)
2024-05-09 11:42:31 Non-trainable params: 0 (0.00 Byte)
2024-05-09 11:42:31 _________________________________________________________________
2024-05-09 11:42:31 Feature encoding submodel for drug.descriptors:
2024-05-09 11:42:31 Model: "drug.descriptors"
2024-05-09 11:42:31 _________________________________________________________________
2024-05-09 11:42:31  Layer (type)                Output Shape              Param #   
2024-05-09 11:42:31 =================================================================
2024-05-09 11:42:31  input_2 (InputLayer)        [(None, 1613)]            0         
2024-05-09 11:42:31                                                                  
2024-05-09 11:42:31  dense_3 (Dense)             (None, 1000)              1614000   
2024-05-09 11:42:31                                                                  
2024-05-09 11:42:31  permanent_dropout_3 (Perma  (None, 1000)              0         
2024-05-09 11:42:31  nentDropout)                                                    
2024-05-09 11:42:31                                                                  
2024-05-09 11:42:31  dense_4 (Dense)             (None, 1000)              1001000   
2024-05-09 11:42:31                                                                  
2024-05-09 11:42:31  permanent_dropout_4 (Perma  (None, 1000)              0         
2024-05-09 11:42:31  nentDropout)                                                    
2024-05-09 11:42:31                                                                  
2024-05-09 11:42:31  dense_5 (Dense)             (None, 1000)              1001000   
2024-05-09 11:42:31                                                                  
2024-05-09 11:42:31  permanent_dropout_5 (Perma  (None, 1000)              0         
2024-05-09 11:42:31  nentDropout)                                                    
2024-05-09 11:42:31                                                                  
2024-05-09 11:42:31 =================================================================
2024-05-09 11:42:31 Total params: 3616000 (13.79 MB)
2024-05-09 11:42:31 Trainable params: 3616000 (13.79 MB)
2024-05-09 11:42:31 Non-trainable params: 0 (0.00 Byte)
2024-05-09 11:42:31 _________________________________________________________________
2024-05-09 11:42:31 Combined model:
2024-05-09 11:42:31 Model: "model"
2024-05-09 11:42:31 __________________________________________________________________________________________________
2024-05-09 11:42:31  Layer (type)                Output Shape                 Param #   Connected to                  
2024-05-09 11:42:31 ==================================================================================================
2024-05-09 11:42:31  input.cell.rnaseq (InputLa  [(None, 958)]                0         []                            
2024-05-09 11:42:31  yer)                                                                                             
2024-05-09 11:42:31                                                                                                   
2024-05-09 11:42:31  input.drug1.descriptors (I  [(None, 1613)]               0         []                            
2024-05-09 11:42:31  nputLayer)                                                                                       
2024-05-09 11:42:31                                                                                                   
2024-05-09 11:42:31  cell.rnaseq (Functional)    (None, 1000)                 2961000   ['input.cell.rnaseq[0][0]']   
2024-05-09 11:42:31                                                                                                   
2024-05-09 11:42:31  drug.descriptors (Function  (None, 1000)                 3616000   ['input.drug1.descriptors[0][0
2024-05-09 11:42:31  al)                                                                ]']                           
2024-05-09 11:42:31                                                                                                   
2024-05-09 11:42:31  concatenate (Concatenate)   (None, 2000)                 0         ['cell.rnaseq[0][0]',         
2024-05-09 11:42:31                                                                      'drug.descriptors[0][0]']    
2024-05-09 11:42:31                                                                                                   
2024-05-09 11:42:31  dense_6 (Dense)             (None, 1000)                 2001000   ['concatenate[0][0]']         
2024-05-09 11:42:31                                                                                                   
2024-05-09 11:42:31  permanent_dropout_6 (Perma  (None, 1000)                 0         ['dense_6[0][0]']             
2024-05-09 11:42:31  nentDropout)                                                                                     
2024-05-09 11:42:31                                                                                                   
2024-05-09 11:42:31  dense_7 (Dense)             (None, 1000)                 1001000   ['permanent_dropout_6[0][0]'] 
2024-05-09 11:42:31                                                                                                   
2024-05-09 11:42:31  permanent_dropout_7 (Perma  (None, 1000)                 0         ['dense_7[0][0]']             
2024-05-09 11:42:31  nentDropout)                                                                                     
2024-05-09 11:42:31                                                                                                   
2024-05-09 11:42:31  dense_8 (Dense)             (None, 1000)                 1001000   ['permanent_dropout_7[0][0]'] 
2024-05-09 11:42:31                                                                                                   
2024-05-09 11:42:31  permanent_dropout_8 (Perma  (None, 1000)                 0         ['dense_8[0][0]']             
2024-05-09 11:42:31  nentDropout)                                                                                     
2024-05-09 11:42:31                                                                                                   
2024-05-09 11:42:31  dense_9 (Dense)             (None, 1000)                 1001000   ['permanent_dropout_8[0][0]'] 
2024-05-09 11:42:31                                                                                                   
2024-05-09 11:42:31  permanent_dropout_9 (Perma  (None, 1000)                 0         ['dense_9[0][0]']             
2024-05-09 11:42:31  nentDropout)                                                                                     
2024-05-09 11:42:31                                                                                                   
2024-05-09 11:42:31  dense_10 (Dense)            (None, 1000)                 1001000   ['permanent_dropout_9[0][0]'] 
2024-05-09 11:42:31                                                                                                   
2024-05-09 11:42:31  permanent_dropout_10 (Perm  (None, 1000)                 0         ['dense_10[0][0]']            
2024-05-09 11:42:31  anentDropout)                                                                                    
2024-05-09 11:42:31                                                                                                   
2024-05-09 11:42:31  dense_11 (Dense)            (None, 1)                    1001      ['permanent_dropout_10[0][0]']
2024-05-09 11:42:31                                                                                                   
2024-05-09 11:42:31 ==================================================================================================
2024-05-09 11:42:31 Total params: 12583001 (48.00 MB)
2024-05-09 11:42:31 Trainable params: 12583001 (48.00 MB)
2024-05-09 11:42:31 Non-trainable params: 0 (0.00 Byte)
2024-05-09 11:42:31 __________________________________________________________________________________________________
2024-05-09 11:42:31 CKPT CONSTRUCT...
2024-05-09 11:42:31 CKPT CONSTRUCT OK.
2024-05-09 11:42:31 template model: <keras.src.engine.functional.Functional object at 0x1486f49bc6a0>
2024-05-09 11:42:33 COMPILE
2024-05-09 11:42:33 Will save weights to: /dev/shm/Uno/save/8996461.amn-0001/229/0.1.model.h5
2024-05-09 11:42:49 Between random pairs in y_val:
2024-05-09 11:42:49   mse: 0.04796697
2024-05-09 11:42:49   mae: 0.16028243
2024-05-09 11:42:49   r2: -1.00338431
2024-05-09 11:42:49   corr: -0.00169216
2024-05-09 11:42:49 Data points per epoch: train = 470167, val = 117542, test = 591
2024-05-09 11:42:49 Steps per epoch: train = 14692, val = 3673, test = 18
2024-05-09 11:42:49 Epoch 0: lr=0.001
2024-05-09 11:44:01 [Epoch: 0] loss: 0.025306, mae: 0.079511, r2: -0.036646, val_loss: 0.008523, val_mae: 0.066467, val_r2: 0.601958
2024-05-09 11:44:02 Epoch 1: lr=0.00082
2024-05-09 11:45:12 [Epoch: 1] loss: 0.008028, mae: 0.064082, r2: 0.620434, val_loss: 0.007596, val_mae: 0.062221, val_r2: 0.642187
2024-05-09 11:45:12 Epoch 2: lr=0.00064
2024-05-09 11:46:23 [Epoch: 2] loss: 0.007362, mae: 0.061020, r2: 0.650681, val_loss: 0.007147, val_mae: 0.059459, val_r2: 0.660663
2024-05-09 11:46:23 Epoch 3: lr=0.00046
2024-05-09 11:47:33 [Epoch: 3] loss: 0.006893, mae: 0.058883, r2: 0.672224, val_loss: 0.006817, val_mae: 0.059045, val_r2: 0.672041
2024-05-09 11:47:33 Epoch 4: lr=0.00028
2024-05-09 11:48:44 [Epoch: 4] loss: 0.006495, mae: 0.057057, r2: 0.690314, val_loss: 0.006694, val_mae: 0.057306, val_r2: 0.683133
2024-05-09 11:48:44 Epoch 5: lr=0.0001
2024-05-09 11:49:55 [Epoch: 5] loss: 0.006169, mae: 0.055546, r2: 0.705211, val_loss: 0.006340, val_mae: 0.056351, val_r2: 0.699095
2024-05-09 11:49:55 Epoch 6: lr=0.0001
2024-05-09 11:51:05 [Epoch: 6] loss: 0.006048, mae: 0.055029, r2: 0.711050, val_loss: 0.006355, val_mae: 0.055840, val_r2: 0.695836
2024-05-09 11:51:05 Epoch 7: lr=0.0001
2024-05-09 11:52:16 [Epoch: 7] loss: 0.005972, mae: 0.054677, r2: 0.714353, val_loss: 0.006288, val_mae: 0.055937, val_r2: 0.698692
2024-05-09 11:52:16 Epoch 8: lr=0.0001
2024-05-09 11:53:27 [Epoch: 8] loss: 0.005898, mae: 0.054379, r2: 0.717810, val_loss: 0.006237, val_mae: 0.055534, val_r2: 0.701032
2024-05-09 11:53:27 Epoch 9: lr=0.0001
2024-05-09 11:54:37 [Epoch: 9] loss: 0.005832, mae: 0.054045, r2: 0.720795, val_loss: 0.006254, val_mae: 0.055441, val_r2: 0.701401
2024-05-09 11:54:37 Epoch 10: lr=0.0001
2024-05-09 11:55:48 [Epoch: 10] loss: 0.005761, mae: 0.053722, r2: 0.724023, val_loss: 0.006214, val_mae: 0.055622, val_r2: 0.703907
2024-05-09 11:55:48 Epoch 11: lr=0.0001
2024-05-09 11:56:59 [Epoch: 11] loss: 0.005708, mae: 0.053490, r2: 0.726517, val_loss: 0.006151, val_mae: 0.055112, val_r2: 0.706302
2024-05-09 11:56:59 Epoch 12: lr=0.0001
2024-05-09 11:58:10 [Epoch: 12] loss: 0.005644, mae: 0.053177, r2: 0.729462, val_loss: 0.006130, val_mae: 0.055158, val_r2: 0.705819
2024-05-09 11:58:10 Epoch 13: lr=0.0001
2024-05-09 11:59:21 [Epoch: 13] loss: 0.005593, mae: 0.052957, r2: 0.731749, val_loss: 0.006150, val_mae: 0.055000, val_r2: 0.706001
2024-05-09 11:59:21 Epoch 14: lr=0.0001
2024-05-09 12:00:31 [Epoch: 14] loss: 0.005543, mae: 0.052736, r2: 0.733837, val_loss: 0.006147, val_mae: 0.054734, val_r2: 0.706638
2024-05-09 12:00:31 Epoch 15: lr=0.0001
2024-05-09 12:01:42 [Epoch: 15] loss: 0.005488, mae: 0.052488, r2: 0.736740, val_loss: 0.006103, val_mae: 0.054572, val_r2: 0.708677
2024-05-09 12:01:42 Epoch 16: lr=0.0001
2024-05-09 12:02:52 [Epoch: 16] loss: 0.005434, mae: 0.052249, r2: 0.739291, val_loss: 0.006099, val_mae: 0.055074, val_r2: 0.708215
2024-05-09 12:02:52 Epoch 17: lr=0.0001
2024-05-09 12:04:03 [Epoch: 17] loss: 0.005391, mae: 0.052046, r2: 0.741242, val_loss: 0.006099, val_mae: 0.055062, val_r2: 0.706934
2024-05-09 12:04:03 Epoch 18: lr=5e-05
2024-05-09 12:05:14 [Epoch: 18] loss: 0.005265, mae: 0.051448, r2: 0.747020, val_loss: 0.006063, val_mae: 0.054589, val_r2: 0.710157
2024-05-09 12:05:14 Epoch 19: lr=5e-05
2024-05-09 12:06:24 [Epoch: 19] loss: 0.005237, mae: 0.051314, r2: 0.748146, val_loss: 0.006059, val_mae: 0.054606, val_r2: 0.709473
2024-05-09 12:06:24 Epoch 20: lr=5e-05
2024-05-09 12:07:35 [Epoch: 20] loss: 0.005203, mae: 0.051169, r2: 0.749839, val_loss: 0.006064, val_mae: 0.054282, val_r2: 0.709486
2024-05-09 12:07:35 Epoch 21: lr=5e-05
2024-05-09 12:08:45 [Epoch: 21] loss: 0.005166, mae: 0.050996, r2: 0.751718, val_loss: 0.006029, val_mae: 0.054144, val_r2: 0.710711
2024-05-09 12:08:45 Epoch 22: lr=5e-05
2024-05-09 12:09:56 [Epoch: 22] loss: 0.005151, mae: 0.050904, r2: 0.752241, val_loss: 0.006030, val_mae: 0.054676, val_r2: 0.711015
2024-05-09 12:09:56 Epoch 23: lr=5e-05
2024-05-09 12:11:07 [Epoch: 23] loss: 0.005116, mae: 0.050736, r2: 0.753766, val_loss: 0.006039, val_mae: 0.054481, val_r2: 0.711068
2024-05-09 12:11:07 Epoch 24: lr=5e-05
2024-05-09 12:12:18 [Epoch: 24] loss: 0.005100, mae: 0.050666, r2: 0.754609, val_loss: 0.006058, val_mae: 0.054247, val_r2: 0.709401
2024-05-09 12:12:18 Epoch 25: lr=5e-05
2024-05-09 12:13:28 [Epoch: 25] loss: 0.005068, mae: 0.050526, r2: 0.756005, val_loss: 0.006039, val_mae: 0.054348, val_r2: 0.710369
2024-05-09 12:13:28 Epoch 26: lr=5e-05
2024-05-09 12:14:39 [Epoch: 26] loss: 0.005047, mae: 0.050420, r2: 0.757057, val_loss: 0.006050, val_mae: 0.054178, val_r2: 0.710237
2024-05-09 12:14:39 Epoch 27: lr=2.5e-05
2024-05-09 12:15:50 [Epoch: 27] loss: 0.004977, mae: 0.050071, r2: 0.760538, val_loss: 0.006031, val_mae: 0.054339, val_r2: 0.711231
2024-05-09 12:15:50 Epoch 28: lr=2.5e-05
2024-05-09 12:17:01 [Epoch: 28] loss: 0.004970, mae: 0.050062, r2: 0.760651, val_loss: 0.006050, val_mae: 0.054434, val_r2: 0.709779
2024-05-09 12:17:01 Epoch 29: lr=2.5e-05
2024-05-09 12:18:11 [Epoch: 29] loss: 0.004945, mae: 0.049968, r2: 0.761634, val_loss: 0.006050, val_mae: 0.054442, val_r2: 0.709755
2024-05-09 12:18:12 history_length: 30
2024-05-09 12:18:12 stopping: complete
2024-05-09 12:18:12 Comparing y_true and y_pred:
2024-05-09 12:18:12   mse: 0.00087329
2024-05-09 12:18:12   mae: 0.02171222
2024-05-09 12:18:12   r2: -0.16737011
2024-05-09 12:18:12   corr: 0.05408072
