2024-05-09 11:42:31 UNO RUN ...
2024-05-09 11:42:31 Params: {'model_name': 'uno', 'train_sources': ['CCLE'], 'test_sources': ['train'], 'cell_types': None, 'cell_features': ['rnaseq'], 'drug_features': ['descriptors'], 'dense': [1000, 1000, 1000, 1000, 1000], 'dense_feature_layers': [1000, 1000, 1000], 'activation': 'relu', 'loss': 'mse', 'optimizer': 'adamax', 'scaling': 'std', 'dropout': 0.1, 'epochs': 30, 'batch_size': 32, 'val_split': 0.2, 'cv': 1, 'max_val_loss': 1.0, 'learning_rate': 0.0001, 'base_lr': None, 'agg_dose': 'AUC', 'residual': False, 'reduce_lr': True, 'warmup_lr': True, 'batch_normalization': False, 'feature_subsample': 0, 'rng_seed': 2018, 'no_gen': False, 'verbose': False, 'preprocess_rnaseq': 'source_scale', 'gpus': [0], 'use_landmark_genes': True, 'no_feature_source': True, 'no_response_source': True, 'save_path': '/dev/shm/Uno/save/8996461.amn-0001/228', 'single': True, 'on_memory_loader': True, 'ckpt_checksum': True, 'ckpt_save_interval': 0, 'timeout': -1, 'train_bool': True, 'profiling': False, 'experiment_id': '8996461.amn-0001', 'run_id': '228', 'logfile': '/dev/shm/Uno/save/8996461.amn-0001/228/python.log', 'shuffle': False, 'ckpt_restart_mode': 'off', 'ckpt_skip_epochs': 0, 'ckpt_directory': '/dev/shm/Uno/save/8996461.amn-0001/228', 'ckpt_save_best': True, 'ckpt_save_best_metric': 'val_loss', 'ckpt_save_weights_only': False, 'ckpt_keep_mode': 'linear', 'ckpt_keep_limit': 5, 'by_cell': None, 'by_drug': None, 'cell_subset_path': '', 'drug_subset_path': '', 'drug_median_response_min': -1, 'drug_median_response_max': 1, 'dense_cell_feature_layers': None, 'dense_drug_feature_layers': None, 'use_filtered_genes': False, 'feature_subset_path': '', 'cell_feature_subset_path': '', 'drug_feature_subset_path': '', 'es': True, 'cp': False, 'tb': False, 'tb_prefix': 'tb', 'partition_by': None, 'cache': None, 'export_csv': None, 'export_data': None, 'use_exported_data': '/dev/shm/Uno/x1921c3s1b0n0.228.merged.landmark.h5', 'growth_bins': 0, 'initial_weights': None, 'save_weights': '/dev/shm/Uno/save/8996461.amn-0001/228/0.0.model.h5', 'config_file': '/home/brettin/CSC249ADOA01_CNDA/brettin/Benchmarks/Pilot1/Uno/uno_auc_model.txt', 'data_type': <class 'numpy.float32'>, 'data_dir': '/dev/shm/Uno/uno/Data', 'output_dir': '/dev/shm/Uno/uno/Output/8996461.amn-0001/228'}
2024-05-09 11:42:31 Feature encoding submodel for cell.rnaseq:
2024-05-09 11:42:31 Model: "cell.rnaseq"
2024-05-09 11:42:31 _________________________________________________________________
2024-05-09 11:42:31  Layer (type)                Output Shape              Param #   
2024-05-09 11:42:31 =================================================================
2024-05-09 11:42:31  input_1 (InputLayer)        [(None, 958)]             0         
2024-05-09 11:42:31                                                                  
2024-05-09 11:42:31  dense (Dense)               (None, 1000)              959000    
2024-05-09 11:42:31                                                                  
2024-05-09 11:42:31  permanent_dropout (Permane  (None, 1000)              0         
2024-05-09 11:42:31  ntDropout)                                                      
2024-05-09 11:42:31                                                                  
2024-05-09 11:42:31  dense_1 (Dense)             (None, 1000)              1001000   
2024-05-09 11:42:31                                                                  
2024-05-09 11:42:31  permanent_dropout_1 (Perma  (None, 1000)              0         
2024-05-09 11:42:31  nentDropout)                                                    
2024-05-09 11:42:31                                                                  
2024-05-09 11:42:31  dense_2 (Dense)             (None, 1000)              1001000   
2024-05-09 11:42:31                                                                  
2024-05-09 11:42:31  permanent_dropout_2 (Perma  (None, 1000)              0         
2024-05-09 11:42:31  nentDropout)                                                    
2024-05-09 11:42:31                                                                  
2024-05-09 11:42:31 =================================================================
2024-05-09 11:42:31 Total params: 2961000 (11.30 MB)
2024-05-09 11:42:31 Trainable params: 2961000 (11.30 MB)
2024-05-09 11:42:31 Non-trainable params: 0 (0.00 Byte)
2024-05-09 11:42:31 _________________________________________________________________
2024-05-09 11:42:31 Feature encoding submodel for drug.descriptors:
2024-05-09 11:42:31 Model: "drug.descriptors"
2024-05-09 11:42:31 _________________________________________________________________
2024-05-09 11:42:31  Layer (type)                Output Shape              Param #   
2024-05-09 11:42:31 =================================================================
2024-05-09 11:42:31  input_2 (InputLayer)        [(None, 1613)]            0         
2024-05-09 11:42:31                                                                  
2024-05-09 11:42:31  dense_3 (Dense)             (None, 1000)              1614000   
2024-05-09 11:42:31                                                                  
2024-05-09 11:42:31  permanent_dropout_3 (Perma  (None, 1000)              0         
2024-05-09 11:42:31  nentDropout)                                                    
2024-05-09 11:42:31                                                                  
2024-05-09 11:42:31  dense_4 (Dense)             (None, 1000)              1001000   
2024-05-09 11:42:31                                                                  
2024-05-09 11:42:31  permanent_dropout_4 (Perma  (None, 1000)              0         
2024-05-09 11:42:31  nentDropout)                                                    
2024-05-09 11:42:31                                                                  
2024-05-09 11:42:31  dense_5 (Dense)             (None, 1000)              1001000   
2024-05-09 11:42:31                                                                  
2024-05-09 11:42:31  permanent_dropout_5 (Perma  (None, 1000)              0         
2024-05-09 11:42:31  nentDropout)                                                    
2024-05-09 11:42:31                                                                  
2024-05-09 11:42:31 =================================================================
2024-05-09 11:42:31 Total params: 3616000 (13.79 MB)
2024-05-09 11:42:31 Trainable params: 3616000 (13.79 MB)
2024-05-09 11:42:31 Non-trainable params: 0 (0.00 Byte)
2024-05-09 11:42:31 _________________________________________________________________
2024-05-09 11:42:31 Combined model:
2024-05-09 11:42:31 Model: "model"
2024-05-09 11:42:31 __________________________________________________________________________________________________
2024-05-09 11:42:31  Layer (type)                Output Shape                 Param #   Connected to                  
2024-05-09 11:42:31 ==================================================================================================
2024-05-09 11:42:31  input.cell.rnaseq (InputLa  [(None, 958)]                0         []                            
2024-05-09 11:42:31  yer)                                                                                             
2024-05-09 11:42:31                                                                                                   
2024-05-09 11:42:31  input.drug1.descriptors (I  [(None, 1613)]               0         []                            
2024-05-09 11:42:31  nputLayer)                                                                                       
2024-05-09 11:42:31                                                                                                   
2024-05-09 11:42:31  cell.rnaseq (Functional)    (None, 1000)                 2961000   ['input.cell.rnaseq[0][0]']   
2024-05-09 11:42:31                                                                                                   
2024-05-09 11:42:31  drug.descriptors (Function  (None, 1000)                 3616000   ['input.drug1.descriptors[0][0
2024-05-09 11:42:31  al)                                                                ]']                           
2024-05-09 11:42:31                                                                                                   
2024-05-09 11:42:31  concatenate (Concatenate)   (None, 2000)                 0         ['cell.rnaseq[0][0]',         
2024-05-09 11:42:31                                                                      'drug.descriptors[0][0]']    
2024-05-09 11:42:31                                                                                                   
2024-05-09 11:42:31  dense_6 (Dense)             (None, 1000)                 2001000   ['concatenate[0][0]']         
2024-05-09 11:42:31                                                                                                   
2024-05-09 11:42:31  permanent_dropout_6 (Perma  (None, 1000)                 0         ['dense_6[0][0]']             
2024-05-09 11:42:31  nentDropout)                                                                                     
2024-05-09 11:42:31                                                                                                   
2024-05-09 11:42:31  dense_7 (Dense)             (None, 1000)                 1001000   ['permanent_dropout_6[0][0]'] 
2024-05-09 11:42:31                                                                                                   
2024-05-09 11:42:31  permanent_dropout_7 (Perma  (None, 1000)                 0         ['dense_7[0][0]']             
2024-05-09 11:42:31  nentDropout)                                                                                     
2024-05-09 11:42:31                                                                                                   
2024-05-09 11:42:31  dense_8 (Dense)             (None, 1000)                 1001000   ['permanent_dropout_7[0][0]'] 
2024-05-09 11:42:31                                                                                                   
2024-05-09 11:42:31  permanent_dropout_8 (Perma  (None, 1000)                 0         ['dense_8[0][0]']             
2024-05-09 11:42:31  nentDropout)                                                                                     
2024-05-09 11:42:31                                                                                                   
2024-05-09 11:42:31  dense_9 (Dense)             (None, 1000)                 1001000   ['permanent_dropout_8[0][0]'] 
2024-05-09 11:42:31                                                                                                   
2024-05-09 11:42:31  permanent_dropout_9 (Perma  (None, 1000)                 0         ['dense_9[0][0]']             
2024-05-09 11:42:31  nentDropout)                                                                                     
2024-05-09 11:42:31                                                                                                   
2024-05-09 11:42:31  dense_10 (Dense)            (None, 1000)                 1001000   ['permanent_dropout_9[0][0]'] 
2024-05-09 11:42:31                                                                                                   
2024-05-09 11:42:31  permanent_dropout_10 (Perm  (None, 1000)                 0         ['dense_10[0][0]']            
2024-05-09 11:42:31  anentDropout)                                                                                    
2024-05-09 11:42:31                                                                                                   
2024-05-09 11:42:31  dense_11 (Dense)            (None, 1)                    1001      ['permanent_dropout_10[0][0]']
2024-05-09 11:42:31                                                                                                   
2024-05-09 11:42:31 ==================================================================================================
2024-05-09 11:42:31 Total params: 12583001 (48.00 MB)
2024-05-09 11:42:31 Trainable params: 12583001 (48.00 MB)
2024-05-09 11:42:31 Non-trainable params: 0 (0.00 Byte)
2024-05-09 11:42:31 __________________________________________________________________________________________________
2024-05-09 11:42:31 CKPT CONSTRUCT...
2024-05-09 11:42:31 CKPT CONSTRUCT OK.
2024-05-09 11:42:31 template model: <keras.src.engine.functional.Functional object at 0x14e1e69a6f70>
2024-05-09 11:42:33 COMPILE
2024-05-09 11:42:33 Will save weights to: /dev/shm/Uno/save/8996461.amn-0001/228/0.0.model.h5
2024-05-09 11:42:50 Between random pairs in y_val:
2024-05-09 11:42:50   mse: 0.04778503
2024-05-09 11:42:50   mae: 0.16004409
2024-05-09 11:42:50   r2: -1.00410320
2024-05-09 11:42:50   corr: -0.00205160
2024-05-09 11:42:50 Data points per epoch: train = 470167, val = 117542, test = 1278
2024-05-09 11:42:50 Steps per epoch: train = 14692, val = 3673, test = 39
2024-05-09 11:42:50 Epoch 0: lr=0.001
2024-05-09 11:44:04 [Epoch: 0] loss: 0.027062, mae: 0.079810, r2: -0.011868, val_loss: 0.008320, val_mae: 0.065327, val_r2: 0.606598
2024-05-09 11:44:05 Epoch 1: lr=0.00082
2024-05-09 11:45:18 [Epoch: 1] loss: 0.008014, mae: 0.064038, r2: 0.619958, val_loss: 0.007570, val_mae: 0.061016, val_r2: 0.639579
2024-05-09 11:45:18 Epoch 2: lr=0.00064
2024-05-09 11:46:31 [Epoch: 2] loss: 0.007317, mae: 0.060850, r2: 0.652227, val_loss: 0.007168, val_mae: 0.060565, val_r2: 0.658921
2024-05-09 11:46:31 Epoch 3: lr=0.00046
2024-05-09 11:47:44 [Epoch: 3] loss: 0.006837, mae: 0.058654, r2: 0.674388, val_loss: 0.006802, val_mae: 0.058066, val_r2: 0.677245
2024-05-09 11:47:44 Epoch 4: lr=0.00028
2024-05-09 11:48:57 [Epoch: 4] loss: 0.006419, mae: 0.056753, r2: 0.693330, val_loss: 0.006542, val_mae: 0.057605, val_r2: 0.687817
2024-05-09 11:48:57 Epoch 5: lr=0.0001
2024-05-09 11:50:10 [Epoch: 5] loss: 0.006084, mae: 0.055153, r2: 0.708841, val_loss: 0.006363, val_mae: 0.056010, val_r2: 0.696362
2024-05-09 11:50:10 Epoch 6: lr=0.0001
2024-05-09 11:51:23 [Epoch: 6] loss: 0.005982, mae: 0.054712, r2: 0.713655, val_loss: 0.006344, val_mae: 0.056187, val_r2: 0.696549
2024-05-09 11:51:24 Epoch 7: lr=0.0001
2024-05-09 11:52:37 [Epoch: 7] loss: 0.005885, mae: 0.054284, r2: 0.718337, val_loss: 0.006269, val_mae: 0.055817, val_r2: 0.702037
2024-05-09 11:52:37 Epoch 8: lr=0.0001
2024-05-09 11:53:50 [Epoch: 8] loss: 0.005827, mae: 0.053991, r2: 0.720820, val_loss: 0.006301, val_mae: 0.055680, val_r2: 0.701048
2024-05-09 11:53:50 Epoch 9: lr=0.0001
2024-05-09 11:55:03 [Epoch: 9] loss: 0.005754, mae: 0.053665, r2: 0.724179, val_loss: 0.006219, val_mae: 0.055423, val_r2: 0.702769
2024-05-09 11:55:03 Epoch 10: lr=0.0001
2024-05-09 11:56:16 [Epoch: 10] loss: 0.005691, mae: 0.053384, r2: 0.726721, val_loss: 0.006194, val_mae: 0.055363, val_r2: 0.703587
2024-05-09 11:56:17 Epoch 11: lr=0.0001
2024-05-09 11:57:30 [Epoch: 11] loss: 0.005631, mae: 0.053098, r2: 0.729911, val_loss: 0.006162, val_mae: 0.054960, val_r2: 0.705778
2024-05-09 11:57:30 Epoch 12: lr=0.0001
2024-05-09 11:58:43 [Epoch: 12] loss: 0.005571, mae: 0.052878, r2: 0.732725, val_loss: 0.006172, val_mae: 0.055198, val_r2: 0.704867
2024-05-09 11:58:43 Epoch 13: lr=0.0001
2024-05-09 11:59:56 [Epoch: 13] loss: 0.005514, mae: 0.052594, r2: 0.735374, val_loss: 0.006144, val_mae: 0.054934, val_r2: 0.706361
2024-05-09 11:59:56 Epoch 14: lr=0.0001
2024-05-09 12:01:09 [Epoch: 14] loss: 0.005472, mae: 0.052374, r2: 0.737266, val_loss: 0.006143, val_mae: 0.054653, val_r2: 0.707403
2024-05-09 12:01:09 Epoch 15: lr=5e-05
2024-05-09 12:02:22 [Epoch: 15] loss: 0.005347, mae: 0.051783, r2: 0.743048, val_loss: 0.006098, val_mae: 0.054744, val_r2: 0.708482
2024-05-09 12:02:22 Epoch 16: lr=5e-05
2024-05-09 12:03:35 [Epoch: 16] loss: 0.005300, mae: 0.051597, r2: 0.745060, val_loss: 0.006119, val_mae: 0.054592, val_r2: 0.708067
2024-05-09 12:03:36 Epoch 17: lr=5e-05
2024-05-09 12:04:49 [Epoch: 17] loss: 0.005272, mae: 0.051444, r2: 0.746291, val_loss: 0.006075, val_mae: 0.055061, val_r2: 0.708838
2024-05-09 12:04:49 Epoch 18: lr=5e-05
2024-05-09 12:06:02 [Epoch: 18] loss: 0.005243, mae: 0.051309, r2: 0.748025, val_loss: 0.006081, val_mae: 0.054737, val_r2: 0.709795
2024-05-09 12:06:02 Epoch 19: lr=5e-05
2024-05-09 12:07:15 [Epoch: 19] loss: 0.005213, mae: 0.051196, r2: 0.749294, val_loss: 0.006102, val_mae: 0.055302, val_r2: 0.708766
2024-05-09 12:07:15 Epoch 20: lr=5e-05
2024-05-09 12:08:28 [Epoch: 20] loss: 0.005182, mae: 0.051029, r2: 0.750544, val_loss: 0.006064, val_mae: 0.054996, val_r2: 0.710527
2024-05-09 12:08:28 Epoch 21: lr=2.5e-05
2024-05-09 12:09:41 [Epoch: 21] loss: 0.005128, mae: 0.050754, r2: 0.753205, val_loss: 0.006056, val_mae: 0.054574, val_r2: 0.710634
2024-05-09 12:09:41 Epoch 22: lr=2.5e-05
2024-05-09 12:10:54 [Epoch: 22] loss: 0.005102, mae: 0.050657, r2: 0.754512, val_loss: 0.006062, val_mae: 0.054598, val_r2: 0.710122
2024-05-09 12:10:55 Epoch 23: lr=2.5e-05
2024-05-09 12:12:08 [Epoch: 23] loss: 0.005085, mae: 0.050567, r2: 0.755190, val_loss: 0.006063, val_mae: 0.054481, val_r2: 0.709848
2024-05-09 12:12:08 Epoch 24: lr=2.5e-05
2024-05-09 12:13:21 [Epoch: 24] loss: 0.005070, mae: 0.050522, r2: 0.756037, val_loss: 0.006063, val_mae: 0.054254, val_r2: 0.710460
2024-05-09 12:13:21 Epoch 25: lr=2.5e-05
2024-05-09 12:14:34 [Epoch: 25] loss: 0.005052, mae: 0.050414, r2: 0.756635, val_loss: 0.006064, val_mae: 0.054366, val_r2: 0.709938
2024-05-09 12:14:34 Epoch 26: lr=1.25e-05
2024-05-09 12:15:47 [Epoch: 26] loss: 0.005030, mae: 0.050303, r2: 0.757731, val_loss: 0.006033, val_mae: 0.054370, val_r2: 0.711680
2024-05-09 12:15:47 Epoch 27: lr=1.25e-05
2024-05-09 12:17:00 [Epoch: 27] loss: 0.005018, mae: 0.050229, r2: 0.758243, val_loss: 0.006073, val_mae: 0.054452, val_r2: 0.709548
2024-05-09 12:17:00 Epoch 28: lr=1.25e-05
2024-05-09 12:18:13 [Epoch: 28] loss: 0.005009, mae: 0.050205, r2: 0.758616, val_loss: 0.006046, val_mae: 0.054389, val_r2: 0.711099
2024-05-09 12:18:13 Epoch 29: lr=1.25e-05
2024-05-09 12:19:26 [Epoch: 29] loss: 0.005004, mae: 0.050167, r2: 0.758901, val_loss: 0.006056, val_mae: 0.054291, val_r2: 0.710683
2024-05-09 12:19:26 history_length: 30
2024-05-09 12:19:26 stopping: complete
2024-05-09 12:19:26 Comparing y_true and y_pred:
2024-05-09 12:19:26   mse: 0.01538366
2024-05-09 12:19:26   mae: 0.09365336
2024-05-09 12:19:26   r2: 0.53221749
2024-05-09 12:19:26   corr: 0.73172579
