2024-05-18 13:19:43 UNO RUN ...
2024-05-18 13:19:43 Params: {'model_name': 'uno', 'train_sources': ['CCLE'], 'test_sources': ['train'], 'cell_types': None, 'cell_features': ['rnaseq'], 'drug_features': ['descriptors'], 'dense': [1000, 1000, 1000, 1000, 1000], 'dense_feature_layers': [1000, 1000, 1000], 'activation': 'relu', 'loss': 'mse', 'optimizer': 'adamax', 'scaling': 'std', 'dropout': 0.1, 'epochs': 75, 'batch_size': 32, 'val_split': 0.2, 'cv': 1, 'max_val_loss': 1.0, 'learning_rate': 0.0001, 'base_lr': None, 'agg_dose': 'AUC', 'residual': False, 'reduce_lr': True, 'warmup_lr': True, 'batch_normalization': False, 'feature_subsample': 0, 'rng_seed': 2018, 'no_gen': False, 'verbose': False, 'preprocess_rnaseq': 'source_scale', 'gpus': [0], 'use_landmark_genes': True, 'no_feature_source': True, 'no_response_source': True, 'save_path': '/dev/shm/Uno/save/8999163.amn-0001/1', 'single': True, 'on_memory_loader': True, 'ckpt_checksum': True, 'ckpt_save_interval': 0, 'timeout': -1, 'train_bool': True, 'profiling': False, 'experiment_id': '8999163.amn-0001', 'run_id': '1', 'logfile': '/dev/shm/Uno/save/8999163.amn-0001/1/python.log', 'shuffle': False, 'ckpt_restart_mode': 'off', 'ckpt_skip_epochs': 0, 'ckpt_directory': '/dev/shm/Uno/save/8999163.amn-0001/1', 'ckpt_save_best': True, 'ckpt_save_best_metric': 'val_loss', 'ckpt_save_weights_only': False, 'ckpt_keep_mode': 'linear', 'ckpt_keep_limit': 5, 'by_cell': None, 'by_drug': None, 'cell_subset_path': '', 'drug_subset_path': '', 'drug_median_response_min': -1, 'drug_median_response_max': 1, 'dense_cell_feature_layers': None, 'dense_drug_feature_layers': None, 'use_filtered_genes': False, 'feature_subset_path': '', 'cell_feature_subset_path': '', 'drug_feature_subset_path': '', 'es': True, 'cp': False, 'tb': False, 'tb_prefix': 'tb', 'partition_by': None, 'cache': None, 'export_csv': None, 'export_data': None, 'use_exported_data': '/dev/shm/Uno/x1922c2s7b0n0.1.merged.landmark.h5', 'growth_bins': 0, 'initial_weights': None, 'save_weights': '/dev/shm/Uno/save/8999163.amn-0001/1/0.1.model.h5', 'config_file': '/home/brettin/CSC249ADOA01_CNDA/brettin/Benchmarks/Pilot1/Uno/uno_auc_model.txt', 'data_type': <class 'numpy.float32'>, 'data_dir': '/dev/shm/Uno/uno/Data', 'output_dir': '/dev/shm/Uno/uno/Output/8999163.amn-0001/1'}
2024-05-18 13:19:43 Feature encoding submodel for cell.rnaseq:
2024-05-18 13:19:43 Model: "cell.rnaseq"
2024-05-18 13:19:43 _________________________________________________________________
2024-05-18 13:19:43  Layer (type)                Output Shape              Param #   
2024-05-18 13:19:43 =================================================================
2024-05-18 13:19:43  input_1 (InputLayer)        [(None, 958)]             0         
2024-05-18 13:19:43                                                                  
2024-05-18 13:19:43  dense (Dense)               (None, 1000)              959000    
2024-05-18 13:19:43                                                                  
2024-05-18 13:19:43  permanent_dropout (Permane  (None, 1000)              0         
2024-05-18 13:19:43  ntDropout)                                                      
2024-05-18 13:19:43                                                                  
2024-05-18 13:19:43  dense_1 (Dense)             (None, 1000)              1001000   
2024-05-18 13:19:43                                                                  
2024-05-18 13:19:43  permanent_dropout_1 (Perma  (None, 1000)              0         
2024-05-18 13:19:43  nentDropout)                                                    
2024-05-18 13:19:43                                                                  
2024-05-18 13:19:43  dense_2 (Dense)             (None, 1000)              1001000   
2024-05-18 13:19:43                                                                  
2024-05-18 13:19:43  permanent_dropout_2 (Perma  (None, 1000)              0         
2024-05-18 13:19:43  nentDropout)                                                    
2024-05-18 13:19:43                                                                  
2024-05-18 13:19:43 =================================================================
2024-05-18 13:19:43 Total params: 2961000 (11.30 MB)
2024-05-18 13:19:43 Trainable params: 2961000 (11.30 MB)
2024-05-18 13:19:43 Non-trainable params: 0 (0.00 Byte)
2024-05-18 13:19:43 _________________________________________________________________
2024-05-18 13:19:43 Feature encoding submodel for drug.descriptors:
2024-05-18 13:19:43 Model: "drug.descriptors"
2024-05-18 13:19:43 _________________________________________________________________
2024-05-18 13:19:43  Layer (type)                Output Shape              Param #   
2024-05-18 13:19:43 =================================================================
2024-05-18 13:19:43  input_2 (InputLayer)        [(None, 1613)]            0         
2024-05-18 13:19:43                                                                  
2024-05-18 13:19:43  dense_3 (Dense)             (None, 1000)              1614000   
2024-05-18 13:19:43                                                                  
2024-05-18 13:19:43  permanent_dropout_3 (Perma  (None, 1000)              0         
2024-05-18 13:19:43  nentDropout)                                                    
2024-05-18 13:19:43                                                                  
2024-05-18 13:19:43  dense_4 (Dense)             (None, 1000)              1001000   
2024-05-18 13:19:43                                                                  
2024-05-18 13:19:43  permanent_dropout_4 (Perma  (None, 1000)              0         
2024-05-18 13:19:43  nentDropout)                                                    
2024-05-18 13:19:43                                                                  
2024-05-18 13:19:43  dense_5 (Dense)             (None, 1000)              1001000   
2024-05-18 13:19:43                                                                  
2024-05-18 13:19:43  permanent_dropout_5 (Perma  (None, 1000)              0         
2024-05-18 13:19:43  nentDropout)                                                    
2024-05-18 13:19:43                                                                  
2024-05-18 13:19:43 =================================================================
2024-05-18 13:19:43 Total params: 3616000 (13.79 MB)
2024-05-18 13:19:43 Trainable params: 3616000 (13.79 MB)
2024-05-18 13:19:43 Non-trainable params: 0 (0.00 Byte)
2024-05-18 13:19:43 _________________________________________________________________
2024-05-18 13:19:43 Combined model:
2024-05-18 13:19:43 Model: "model"
2024-05-18 13:19:43 __________________________________________________________________________________________________
2024-05-18 13:19:43  Layer (type)                Output Shape                 Param #   Connected to                  
2024-05-18 13:19:43 ==================================================================================================
2024-05-18 13:19:43  input.cell.rnaseq (InputLa  [(None, 958)]                0         []                            
2024-05-18 13:19:43  yer)                                                                                             
2024-05-18 13:19:43                                                                                                   
2024-05-18 13:19:43  input.drug1.descriptors (I  [(None, 1613)]               0         []                            
2024-05-18 13:19:43  nputLayer)                                                                                       
2024-05-18 13:19:43                                                                                                   
2024-05-18 13:19:43  cell.rnaseq (Functional)    (None, 1000)                 2961000   ['input.cell.rnaseq[0][0]']   
2024-05-18 13:19:43                                                                                                   
2024-05-18 13:19:43  drug.descriptors (Function  (None, 1000)                 3616000   ['input.drug1.descriptors[0][0
2024-05-18 13:19:43  al)                                                                ]']                           
2024-05-18 13:19:43                                                                                                   
2024-05-18 13:19:43  concatenate (Concatenate)   (None, 2000)                 0         ['cell.rnaseq[0][0]',         
2024-05-18 13:19:43                                                                      'drug.descriptors[0][0]']    
2024-05-18 13:19:43                                                                                                   
2024-05-18 13:19:43  dense_6 (Dense)             (None, 1000)                 2001000   ['concatenate[0][0]']         
2024-05-18 13:19:43                                                                                                   
2024-05-18 13:19:43  permanent_dropout_6 (Perma  (None, 1000)                 0         ['dense_6[0][0]']             
2024-05-18 13:19:43  nentDropout)                                                                                     
2024-05-18 13:19:43                                                                                                   
2024-05-18 13:19:43  dense_7 (Dense)             (None, 1000)                 1001000   ['permanent_dropout_6[0][0]'] 
2024-05-18 13:19:43                                                                                                   
2024-05-18 13:19:43  permanent_dropout_7 (Perma  (None, 1000)                 0         ['dense_7[0][0]']             
2024-05-18 13:19:43  nentDropout)                                                                                     
2024-05-18 13:19:43                                                                                                   
2024-05-18 13:19:43  dense_8 (Dense)             (None, 1000)                 1001000   ['permanent_dropout_7[0][0]'] 
2024-05-18 13:19:43                                                                                                   
2024-05-18 13:19:43  permanent_dropout_8 (Perma  (None, 1000)                 0         ['dense_8[0][0]']             
2024-05-18 13:19:43  nentDropout)                                                                                     
2024-05-18 13:19:43                                                                                                   
2024-05-18 13:19:43  dense_9 (Dense)             (None, 1000)                 1001000   ['permanent_dropout_8[0][0]'] 
2024-05-18 13:19:43                                                                                                   
2024-05-18 13:19:43  permanent_dropout_9 (Perma  (None, 1000)                 0         ['dense_9[0][0]']             
2024-05-18 13:19:43  nentDropout)                                                                                     
2024-05-18 13:19:43                                                                                                   
2024-05-18 13:19:43  dense_10 (Dense)            (None, 1000)                 1001000   ['permanent_dropout_9[0][0]'] 
2024-05-18 13:19:43                                                                                                   
2024-05-18 13:19:43  permanent_dropout_10 (Perm  (None, 1000)                 0         ['dense_10[0][0]']            
2024-05-18 13:19:43  anentDropout)                                                                                    
2024-05-18 13:19:43                                                                                                   
2024-05-18 13:19:43  dense_11 (Dense)            (None, 1)                    1001      ['permanent_dropout_10[0][0]']
2024-05-18 13:19:43                                                                                                   
2024-05-18 13:19:43 ==================================================================================================
2024-05-18 13:19:43 Total params: 12583001 (48.00 MB)
2024-05-18 13:19:43 Trainable params: 12583001 (48.00 MB)
2024-05-18 13:19:43 Non-trainable params: 0 (0.00 Byte)
2024-05-18 13:19:43 __________________________________________________________________________________________________
2024-05-18 13:19:44 CKPT CONSTRUCT...
2024-05-18 13:19:44 CKPT CONSTRUCT OK.
2024-05-18 13:19:44 template model: <keras.src.engine.functional.Functional object at 0x147dafbcfb80>
2024-05-18 13:19:45 COMPILE
2024-05-18 13:19:45 Will save weights to: /dev/shm/Uno/save/8999163.amn-0001/1/0.1.model.h5
2024-05-18 13:20:02 Between random pairs in y_val:
2024-05-18 13:20:02   mse: 0.04759448
2024-05-18 13:20:02   mae: 0.15990441
2024-05-18 13:20:02   r2: -1.00561983
2024-05-18 13:20:02   corr: -0.00280991
2024-05-18 13:20:02 Data points per epoch: train = 468886, val = 117222, test = 1601
2024-05-18 13:20:02 Steps per epoch: train = 14652, val = 3663, test = 50
2024-05-18 13:20:02 Epoch 0: lr=0.001
2024-05-18 13:21:13 [Epoch: 0] loss: 0.026998, mae: 0.079684, r2: -0.309860, val_loss: 0.008962, val_mae: 0.069708, val_r2: 0.574039
2024-05-18 13:21:13 Epoch 1: lr=0.00082
2024-05-18 13:22:22 [Epoch: 1] loss: 0.007967, mae: 0.063853, r2: 0.621725, val_loss: 0.007772, val_mae: 0.064367, val_r2: 0.629121
2024-05-18 13:22:22 Epoch 2: lr=0.00064
2024-05-18 13:23:31 [Epoch: 2] loss: 0.007270, mae: 0.060661, r2: 0.653561, val_loss: 0.007164, val_mae: 0.059476, val_r2: 0.658732
2024-05-18 13:23:32 Epoch 3: lr=0.00046
2024-05-18 13:24:41 [Epoch: 3] loss: 0.006790, mae: 0.058504, r2: 0.675332, val_loss: 0.006846, val_mae: 0.057912, val_r2: 0.673667
2024-05-18 13:24:41 Epoch 4: lr=0.00028
2024-05-18 13:25:50 [Epoch: 4] loss: 0.006391, mae: 0.056664, r2: 0.693636, val_loss: 0.006565, val_mae: 0.056588, val_r2: 0.685319
2024-05-18 13:25:50 Epoch 5: lr=0.0001
2024-05-18 13:26:59 [Epoch: 5] loss: 0.006063, mae: 0.055126, r2: 0.708924, val_loss: 0.006430, val_mae: 0.056153, val_r2: 0.691063
2024-05-18 13:26:59 Epoch 6: lr=0.0001
2024-05-18 13:28:09 [Epoch: 6] loss: 0.005965, mae: 0.054654, r2: 0.713393, val_loss: 0.006375, val_mae: 0.056125, val_r2: 0.693592
2024-05-18 13:28:09 Epoch 7: lr=0.0001
2024-05-18 13:29:18 [Epoch: 7] loss: 0.005882, mae: 0.054263, r2: 0.717444, val_loss: 0.006357, val_mae: 0.056283, val_r2: 0.693129
2024-05-18 13:29:18 Epoch 8: lr=0.0001
2024-05-18 13:30:27 [Epoch: 8] loss: 0.005811, mae: 0.053970, r2: 0.720833, val_loss: 0.006304, val_mae: 0.055558, val_r2: 0.696684
2024-05-18 13:30:27 Epoch 9: lr=0.0001
2024-05-18 13:31:37 [Epoch: 9] loss: 0.005753, mae: 0.053711, r2: 0.723131, val_loss: 0.006305, val_mae: 0.056227, val_r2: 0.696281
2024-05-18 13:31:37 Epoch 10: lr=0.0001
2024-05-18 13:32:46 [Epoch: 10] loss: 0.005690, mae: 0.053383, r2: 0.726195, val_loss: 0.006258, val_mae: 0.055664, val_r2: 0.699850
2024-05-18 13:32:46 Epoch 11: lr=0.0001
2024-05-18 13:33:55 [Epoch: 11] loss: 0.005636, mae: 0.053194, r2: 0.728782, val_loss: 0.006224, val_mae: 0.054968, val_r2: 0.700222
2024-05-18 13:33:55 Epoch 12: lr=0.0001
2024-05-18 13:35:05 [Epoch: 12] loss: 0.005562, mae: 0.052849, r2: 0.732328, val_loss: 0.006219, val_mae: 0.054816, val_r2: 0.701116
2024-05-18 13:35:05 Epoch 13: lr=0.0001
2024-05-18 13:36:14 [Epoch: 13] loss: 0.005513, mae: 0.052597, r2: 0.734382, val_loss: 0.006171, val_mae: 0.055021, val_r2: 0.703278
2024-05-18 13:36:14 Epoch 14: lr=0.0001
2024-05-18 13:37:23 [Epoch: 14] loss: 0.005454, mae: 0.052331, r2: 0.737128, val_loss: 0.006148, val_mae: 0.054621, val_r2: 0.705021
2024-05-18 13:37:23 Epoch 15: lr=0.0001
2024-05-18 13:38:33 [Epoch: 15] loss: 0.005397, mae: 0.052084, r2: 0.739866, val_loss: 0.006161, val_mae: 0.055354, val_r2: 0.703542
2024-05-18 13:38:33 Epoch 16: lr=0.0001
2024-05-18 13:39:42 [Epoch: 16] loss: 0.005350, mae: 0.051846, r2: 0.742193, val_loss: 0.006135, val_mae: 0.054653, val_r2: 0.705044
2024-05-18 13:39:42 Epoch 17: lr=0.0001
2024-05-18 13:40:51 [Epoch: 17] loss: 0.005294, mae: 0.051578, r2: 0.744795, val_loss: 0.006191, val_mae: 0.054482, val_r2: 0.701755
2024-05-18 13:40:51 Epoch 18: lr=0.0001
2024-05-18 13:42:01 [Epoch: 18] loss: 0.005271, mae: 0.051448, r2: 0.745799, val_loss: 0.006107, val_mae: 0.054670, val_r2: 0.706413
2024-05-18 13:42:01 Epoch 19: lr=5e-05
2024-05-18 13:43:10 [Epoch: 19] loss: 0.005158, mae: 0.050926, r2: 0.751227, val_loss: 0.006100, val_mae: 0.054297, val_r2: 0.705918
2024-05-18 13:43:10 Epoch 20: lr=5e-05
2024-05-18 13:44:19 [Epoch: 20] loss: 0.005094, mae: 0.050658, r2: 0.754068, val_loss: 0.006086, val_mae: 0.054543, val_r2: 0.707279
2024-05-18 13:44:19 Epoch 21: lr=5e-05
2024-05-18 13:45:28 [Epoch: 21] loss: 0.005070, mae: 0.050518, r2: 0.755124, val_loss: 0.006074, val_mae: 0.054301, val_r2: 0.708158
2024-05-18 13:45:29 Epoch 22: lr=5e-05
2024-05-18 13:46:38 [Epoch: 22] loss: 0.005055, mae: 0.050457, r2: 0.756000, val_loss: 0.006098, val_mae: 0.054437, val_r2: 0.705528
2024-05-18 13:46:38 Epoch 23: lr=5e-05
2024-05-18 13:47:47 [Epoch: 23] loss: 0.005020, mae: 0.050278, r2: 0.757693, val_loss: 0.006078, val_mae: 0.054322, val_r2: 0.706670
2024-05-18 13:47:47 Epoch 24: lr=2.5e-05
2024-05-18 13:48:56 [Epoch: 24] loss: 0.004956, mae: 0.049990, r2: 0.760691, val_loss: 0.006059, val_mae: 0.054224, val_r2: 0.707984
2024-05-18 13:48:57 Epoch 25: lr=2.5e-05
2024-05-18 13:50:06 [Epoch: 25] loss: 0.004939, mae: 0.049935, r2: 0.761351, val_loss: 0.006062, val_mae: 0.053945, val_r2: 0.707689
2024-05-18 13:50:06 Epoch 26: lr=2.5e-05
2024-05-18 13:51:15 [Epoch: 26] loss: 0.004930, mae: 0.049851, r2: 0.761795, val_loss: 0.006075, val_mae: 0.054447, val_r2: 0.706918
2024-05-18 13:51:15 Epoch 27: lr=2.5e-05
2024-05-18 13:52:24 [Epoch: 27] loss: 0.004917, mae: 0.049818, r2: 0.762396, val_loss: 0.006065, val_mae: 0.054264, val_r2: 0.706822
2024-05-18 13:52:24 Epoch 28: lr=2.5e-05
2024-05-18 13:53:34 [Epoch: 28] loss: 0.004895, mae: 0.049661, r2: 0.763200, val_loss: 0.006094, val_mae: 0.054053, val_r2: 0.706553
2024-05-18 13:53:34 Epoch 29: lr=2.5e-05
2024-05-18 13:54:43 [Epoch: 29] loss: 0.004876, mae: 0.049618, r2: 0.764303, val_loss: 0.006066, val_mae: 0.054184, val_r2: 0.707644
2024-05-18 13:54:43 Epoch 30: lr=1.25e-05
2024-05-18 13:55:52 [Epoch: 30] loss: 0.004844, mae: 0.049453, r2: 0.765536, val_loss: 0.006057, val_mae: 0.054175, val_r2: 0.708417
2024-05-18 13:55:53 Epoch 31: lr=1.25e-05
2024-05-18 13:57:02 [Epoch: 31] loss: 0.004843, mae: 0.049436, r2: 0.765673, val_loss: 0.006077, val_mae: 0.054396, val_r2: 0.706670
2024-05-18 13:57:02 Epoch 32: lr=1.25e-05
2024-05-18 13:58:11 [Epoch: 32] loss: 0.004830, mae: 0.049382, r2: 0.766444, val_loss: 0.006073, val_mae: 0.053987, val_r2: 0.706847
2024-05-18 13:58:11 Epoch 33: lr=1.25e-05
2024-05-18 13:59:20 [Epoch: 33] loss: 0.004820, mae: 0.049301, r2: 0.766853, val_loss: 0.006067, val_mae: 0.054158, val_r2: 0.707568
2024-05-18 13:59:20 Epoch 34: lr=1.25e-05
2024-05-18 14:00:29 [Epoch: 34] loss: 0.004827, mae: 0.049372, r2: 0.766520, val_loss: 0.006059, val_mae: 0.054241, val_r2: 0.707379
2024-05-18 14:00:29 Epoch 35: lr=1e-05
2024-05-18 14:01:39 [Epoch: 35] loss: 0.004810, mae: 0.049260, r2: 0.767139, val_loss: 0.006076, val_mae: 0.054140, val_r2: 0.706993
2024-05-18 14:01:39 Epoch 36: lr=1e-05
2024-05-18 14:02:48 [Epoch: 36] loss: 0.004806, mae: 0.049224, r2: 0.767501, val_loss: 0.006060, val_mae: 0.054041, val_r2: 0.708051
2024-05-18 14:02:48 Epoch 37: lr=1e-05
2024-05-18 14:03:57 [Epoch: 37] loss: 0.004800, mae: 0.049230, r2: 0.767734, val_loss: 0.006078, val_mae: 0.054012, val_r2: 0.707181
2024-05-18 14:03:57 Epoch 38: lr=1e-05
2024-05-18 14:05:06 [Epoch: 38] loss: 0.004794, mae: 0.049201, r2: 0.767866, val_loss: 0.006063, val_mae: 0.054127, val_r2: 0.707600
2024-05-18 14:05:07 Epoch 39: lr=1e-05
2024-05-18 14:06:16 [Epoch: 39] loss: 0.004782, mae: 0.049117, r2: 0.768661, val_loss: 0.006067, val_mae: 0.054066, val_r2: 0.707833
2024-05-18 14:06:16 Epoch 40: lr=1e-05
2024-05-18 14:07:25 [Epoch: 40] loss: 0.004771, mae: 0.049078, r2: 0.769084, val_loss: 0.006072, val_mae: 0.053900, val_r2: 0.706816
2024-05-18 14:07:25 history_length: 41
2024-05-18 14:07:25 stopping: early
2024-05-18 14:07:25 Comparing y_true and y_pred:
2024-05-18 14:07:25   mse: 0.01824642
2024-05-18 14:07:25   mae: 0.10854992
2024-05-18 14:07:25   r2: 0.00292854
2024-05-18 14:07:25   corr: 0.54144781
