2024-05-18 17:28:38 UNO RUN ...
2024-05-18 17:28:38 Params: {'model_name': 'uno', 'train_sources': ['CCLE'], 'test_sources': ['train'], 'cell_types': None, 'cell_features': ['rnaseq'], 'drug_features': ['descriptors'], 'dense': [1000, 1000, 1000, 1000, 1000], 'dense_feature_layers': [1000, 1000, 1000], 'activation': 'relu', 'loss': 'mse', 'optimizer': 'adamax', 'scaling': 'std', 'dropout': 0.1, 'epochs': 75, 'batch_size': 32, 'val_split': 0.2, 'cv': 1, 'max_val_loss': 1.0, 'learning_rate': 0.0001, 'base_lr': None, 'agg_dose': 'AUC', 'residual': False, 'reduce_lr': True, 'warmup_lr': True, 'batch_normalization': False, 'feature_subsample': 0, 'rng_seed': 2018, 'no_gen': False, 'verbose': False, 'preprocess_rnaseq': 'source_scale', 'gpus': [0], 'use_landmark_genes': True, 'no_feature_source': True, 'no_response_source': True, 'save_path': '/dev/shm/Uno/save/8999189.amn-0001/70', 'single': True, 'on_memory_loader': True, 'ckpt_checksum': True, 'ckpt_save_interval': 0, 'timeout': -1, 'train_bool': True, 'profiling': False, 'experiment_id': '8999189.amn-0001', 'run_id': '70', 'logfile': '/dev/shm/Uno/save/8999189.amn-0001/70/python.log', 'shuffle': False, 'ckpt_restart_mode': 'off', 'ckpt_skip_epochs': 0, 'ckpt_directory': '/dev/shm/Uno/save/8999189.amn-0001/70', 'ckpt_save_best': True, 'ckpt_save_best_metric': 'val_loss', 'ckpt_save_weights_only': False, 'ckpt_keep_mode': 'linear', 'ckpt_keep_limit': 5, 'by_cell': None, 'by_drug': None, 'cell_subset_path': '', 'drug_subset_path': '', 'drug_median_response_min': -1, 'drug_median_response_max': 1, 'dense_cell_feature_layers': None, 'dense_drug_feature_layers': None, 'use_filtered_genes': False, 'feature_subset_path': '', 'cell_feature_subset_path': '', 'drug_feature_subset_path': '', 'es': True, 'cp': False, 'tb': False, 'tb_prefix': 'tb', 'partition_by': None, 'cache': None, 'export_csv': None, 'export_data': None, 'use_exported_data': '/dev/shm/Uno/x1922c3s7b0n0.70.merged.landmark.h5', 'growth_bins': 0, 'initial_weights': None, 'save_weights': '/dev/shm/Uno/save/8999189.amn-0001/70/5.0.model.h5', 'config_file': '/home/brettin/CSC249ADOA01_CNDA/brettin/Benchmarks/Pilot1/Uno/uno_auc_model.txt', 'data_type': <class 'numpy.float32'>, 'data_dir': '/dev/shm/Uno/uno/Data', 'output_dir': '/dev/shm/Uno/uno/Output/8999189.amn-0001/70'}
2024-05-18 17:28:38 Feature encoding submodel for cell.rnaseq:
2024-05-18 17:28:38 Model: "cell.rnaseq"
2024-05-18 17:28:38 _________________________________________________________________
2024-05-18 17:28:38  Layer (type)                Output Shape              Param #   
2024-05-18 17:28:38 =================================================================
2024-05-18 17:28:38  input_1 (InputLayer)        [(None, 958)]             0         
2024-05-18 17:28:38                                                                  
2024-05-18 17:28:38  dense (Dense)               (None, 1000)              959000    
2024-05-18 17:28:38                                                                  
2024-05-18 17:28:38  permanent_dropout (Permane  (None, 1000)              0         
2024-05-18 17:28:38  ntDropout)                                                      
2024-05-18 17:28:38                                                                  
2024-05-18 17:28:38  dense_1 (Dense)             (None, 1000)              1001000   
2024-05-18 17:28:38                                                                  
2024-05-18 17:28:38  permanent_dropout_1 (Perma  (None, 1000)              0         
2024-05-18 17:28:38  nentDropout)                                                    
2024-05-18 17:28:38                                                                  
2024-05-18 17:28:38  dense_2 (Dense)             (None, 1000)              1001000   
2024-05-18 17:28:38                                                                  
2024-05-18 17:28:38  permanent_dropout_2 (Perma  (None, 1000)              0         
2024-05-18 17:28:38  nentDropout)                                                    
2024-05-18 17:28:38                                                                  
2024-05-18 17:28:38 =================================================================
2024-05-18 17:28:38 Total params: 2961000 (11.30 MB)
2024-05-18 17:28:38 Trainable params: 2961000 (11.30 MB)
2024-05-18 17:28:38 Non-trainable params: 0 (0.00 Byte)
2024-05-18 17:28:38 _________________________________________________________________
2024-05-18 17:28:38 Feature encoding submodel for drug.descriptors:
2024-05-18 17:28:38 Model: "drug.descriptors"
2024-05-18 17:28:38 _________________________________________________________________
2024-05-18 17:28:38  Layer (type)                Output Shape              Param #   
2024-05-18 17:28:38 =================================================================
2024-05-18 17:28:38  input_2 (InputLayer)        [(None, 1613)]            0         
2024-05-18 17:28:38                                                                  
2024-05-18 17:28:38  dense_3 (Dense)             (None, 1000)              1614000   
2024-05-18 17:28:38                                                                  
2024-05-18 17:28:38  permanent_dropout_3 (Perma  (None, 1000)              0         
2024-05-18 17:28:38  nentDropout)                                                    
2024-05-18 17:28:38                                                                  
2024-05-18 17:28:38  dense_4 (Dense)             (None, 1000)              1001000   
2024-05-18 17:28:38                                                                  
2024-05-18 17:28:38  permanent_dropout_4 (Perma  (None, 1000)              0         
2024-05-18 17:28:38  nentDropout)                                                    
2024-05-18 17:28:38                                                                  
2024-05-18 17:28:38  dense_5 (Dense)             (None, 1000)              1001000   
2024-05-18 17:28:38                                                                  
2024-05-18 17:28:38  permanent_dropout_5 (Perma  (None, 1000)              0         
2024-05-18 17:28:38  nentDropout)                                                    
2024-05-18 17:28:38                                                                  
2024-05-18 17:28:38 =================================================================
2024-05-18 17:28:38 Total params: 3616000 (13.79 MB)
2024-05-18 17:28:38 Trainable params: 3616000 (13.79 MB)
2024-05-18 17:28:38 Non-trainable params: 0 (0.00 Byte)
2024-05-18 17:28:38 _________________________________________________________________
2024-05-18 17:28:38 Combined model:
2024-05-18 17:28:38 Model: "model"
2024-05-18 17:28:38 __________________________________________________________________________________________________
2024-05-18 17:28:38  Layer (type)                Output Shape                 Param #   Connected to                  
2024-05-18 17:28:38 ==================================================================================================
2024-05-18 17:28:38  input.cell.rnaseq (InputLa  [(None, 958)]                0         []                            
2024-05-18 17:28:38  yer)                                                                                             
2024-05-18 17:28:38                                                                                                   
2024-05-18 17:28:38  input.drug1.descriptors (I  [(None, 1613)]               0         []                            
2024-05-18 17:28:38  nputLayer)                                                                                       
2024-05-18 17:28:38                                                                                                   
2024-05-18 17:28:38  cell.rnaseq (Functional)    (None, 1000)                 2961000   ['input.cell.rnaseq[0][0]']   
2024-05-18 17:28:38                                                                                                   
2024-05-18 17:28:38  drug.descriptors (Function  (None, 1000)                 3616000   ['input.drug1.descriptors[0][0
2024-05-18 17:28:38  al)                                                                ]']                           
2024-05-18 17:28:38                                                                                                   
2024-05-18 17:28:38  concatenate (Concatenate)   (None, 2000)                 0         ['cell.rnaseq[0][0]',         
2024-05-18 17:28:38                                                                      'drug.descriptors[0][0]']    
2024-05-18 17:28:38                                                                                                   
2024-05-18 17:28:38  dense_6 (Dense)             (None, 1000)                 2001000   ['concatenate[0][0]']         
2024-05-18 17:28:38                                                                                                   
2024-05-18 17:28:38  permanent_dropout_6 (Perma  (None, 1000)                 0         ['dense_6[0][0]']             
2024-05-18 17:28:38  nentDropout)                                                                                     
2024-05-18 17:28:38                                                                                                   
2024-05-18 17:28:38  dense_7 (Dense)             (None, 1000)                 1001000   ['permanent_dropout_6[0][0]'] 
2024-05-18 17:28:38                                                                                                   
2024-05-18 17:28:38  permanent_dropout_7 (Perma  (None, 1000)                 0         ['dense_7[0][0]']             
2024-05-18 17:28:38  nentDropout)                                                                                     
2024-05-18 17:28:38                                                                                                   
2024-05-18 17:28:38  dense_8 (Dense)             (None, 1000)                 1001000   ['permanent_dropout_7[0][0]'] 
2024-05-18 17:28:38                                                                                                   
2024-05-18 17:28:38  permanent_dropout_8 (Perma  (None, 1000)                 0         ['dense_8[0][0]']             
2024-05-18 17:28:38  nentDropout)                                                                                     
2024-05-18 17:28:38                                                                                                   
2024-05-18 17:28:38  dense_9 (Dense)             (None, 1000)                 1001000   ['permanent_dropout_8[0][0]'] 
2024-05-18 17:28:38                                                                                                   
2024-05-18 17:28:38  permanent_dropout_9 (Perma  (None, 1000)                 0         ['dense_9[0][0]']             
2024-05-18 17:28:38  nentDropout)                                                                                     
2024-05-18 17:28:38                                                                                                   
2024-05-18 17:28:38  dense_10 (Dense)            (None, 1000)                 1001000   ['permanent_dropout_9[0][0]'] 
2024-05-18 17:28:38                                                                                                   
2024-05-18 17:28:38  permanent_dropout_10 (Perm  (None, 1000)                 0         ['dense_10[0][0]']            
2024-05-18 17:28:38  anentDropout)                                                                                    
2024-05-18 17:28:38                                                                                                   
2024-05-18 17:28:38  dense_11 (Dense)            (None, 1)                    1001      ['permanent_dropout_10[0][0]']
2024-05-18 17:28:38                                                                                                   
2024-05-18 17:28:38 ==================================================================================================
2024-05-18 17:28:38 Total params: 12583001 (48.00 MB)
2024-05-18 17:28:38 Trainable params: 12583001 (48.00 MB)
2024-05-18 17:28:38 Non-trainable params: 0 (0.00 Byte)
2024-05-18 17:28:38 __________________________________________________________________________________________________
2024-05-18 17:28:38 CKPT CONSTRUCT...
2024-05-18 17:28:38 CKPT CONSTRUCT OK.
2024-05-18 17:28:38 template model: <keras.src.engine.functional.Functional object at 0x14626cabfbb0>
2024-05-18 17:28:40 COMPILE
2024-05-18 17:28:40 Will save weights to: /dev/shm/Uno/save/8999189.amn-0001/70/5.0.model.h5
2024-05-18 17:28:56 Between random pairs in y_val:
2024-05-18 17:28:56   mse: 0.04811778
2024-05-18 17:28:56   mae: 0.16041476
2024-05-18 17:28:56   r2: -1.01356243
2024-05-18 17:28:56   corr: -0.00678122
2024-05-18 17:28:56 Data points per epoch: train = 469444, val = 117361, test = 904
2024-05-18 17:28:56 Steps per epoch: train = 14670, val = 3667, test = 28
2024-05-18 17:28:56 Epoch 0: lr=0.001
2024-05-18 17:30:09 [Epoch: 0] loss: 0.032020, mae: 0.079774, r2: -0.202948, val_loss: 0.008663, val_mae: 0.069594, val_r2: 0.591147
2024-05-18 17:30:09 Epoch 1: lr=0.00082
2024-05-18 17:31:21 [Epoch: 1] loss: 0.007979, mae: 0.063852, r2: 0.620858, val_loss: 0.008194, val_mae: 0.067229, val_r2: 0.604989
2024-05-18 17:31:21 Epoch 2: lr=0.00064
2024-05-18 17:32:33 [Epoch: 2] loss: 0.007302, mae: 0.060719, r2: 0.652357, val_loss: 0.007416, val_mae: 0.060225, val_r2: 0.648939
2024-05-18 17:32:33 Epoch 3: lr=0.00046
2024-05-18 17:33:44 [Epoch: 3] loss: 0.006827, mae: 0.058620, r2: 0.673717, val_loss: 0.006954, val_mae: 0.060273, val_r2: 0.664251
2024-05-18 17:33:44 Epoch 4: lr=0.00028
2024-05-18 17:34:56 [Epoch: 4] loss: 0.006445, mae: 0.056814, r2: 0.691361, val_loss: 0.006522, val_mae: 0.057350, val_r2: 0.686517
2024-05-18 17:34:56 Epoch 5: lr=0.0001
2024-05-18 17:36:07 [Epoch: 5] loss: 0.006104, mae: 0.055252, r2: 0.707369, val_loss: 0.006374, val_mae: 0.055841, val_r2: 0.695991
2024-05-18 17:36:08 Epoch 6: lr=0.0001
2024-05-18 17:37:19 [Epoch: 6] loss: 0.006002, mae: 0.054790, r2: 0.711842, val_loss: 0.006312, val_mae: 0.056116, val_r2: 0.697396
2024-05-18 17:37:19 Epoch 7: lr=0.0001
2024-05-18 17:38:31 [Epoch: 7] loss: 0.005926, mae: 0.054449, r2: 0.715578, val_loss: 0.006292, val_mae: 0.055662, val_r2: 0.699434
2024-05-18 17:38:31 Epoch 8: lr=0.0001
2024-05-18 17:39:43 [Epoch: 8] loss: 0.005846, mae: 0.054077, r2: 0.719190, val_loss: 0.006235, val_mae: 0.055875, val_r2: 0.700429
2024-05-18 17:39:43 Epoch 9: lr=0.0001
2024-05-18 17:40:54 [Epoch: 9] loss: 0.005806, mae: 0.053867, r2: 0.721060, val_loss: 0.006187, val_mae: 0.055535, val_r2: 0.704268
2024-05-18 17:40:55 Epoch 10: lr=0.0001
2024-05-18 17:42:06 [Epoch: 10] loss: 0.005739, mae: 0.053593, r2: 0.723978, val_loss: 0.006201, val_mae: 0.055194, val_r2: 0.703477
2024-05-18 17:42:06 Epoch 11: lr=0.0001
2024-05-18 17:43:18 [Epoch: 11] loss: 0.005678, mae: 0.053300, r2: 0.726999, val_loss: 0.006206, val_mae: 0.055135, val_r2: 0.703200
2024-05-18 17:43:18 Epoch 12: lr=0.0001
2024-05-18 17:44:29 [Epoch: 12] loss: 0.005626, mae: 0.053104, r2: 0.729369, val_loss: 0.006138, val_mae: 0.055074, val_r2: 0.705367
2024-05-18 17:44:29 Epoch 13: lr=0.0001
2024-05-18 17:45:41 [Epoch: 13] loss: 0.005565, mae: 0.052814, r2: 0.732510, val_loss: 0.006114, val_mae: 0.054659, val_r2: 0.707944
2024-05-18 17:45:41 Epoch 14: lr=0.0001
2024-05-18 17:46:53 [Epoch: 14] loss: 0.005510, mae: 0.052543, r2: 0.734883, val_loss: 0.006128, val_mae: 0.054675, val_r2: 0.705754
2024-05-18 17:46:53 Epoch 15: lr=0.0001
2024-05-18 17:48:04 [Epoch: 15] loss: 0.005459, mae: 0.052314, r2: 0.737232, val_loss: 0.006119, val_mae: 0.055206, val_r2: 0.707505
2024-05-18 17:48:04 Epoch 16: lr=0.0001
2024-05-18 17:49:15 [Epoch: 16] loss: 0.005415, mae: 0.052102, r2: 0.739165, val_loss: 0.006079, val_mae: 0.054718, val_r2: 0.708150
2024-05-18 17:49:15 Epoch 17: lr=0.0001
2024-05-18 17:50:27 [Epoch: 17] loss: 0.005363, mae: 0.051856, r2: 0.741754, val_loss: 0.006096, val_mae: 0.054833, val_r2: 0.707668
2024-05-18 17:50:27 Epoch 18: lr=0.0001
2024-05-18 17:51:39 [Epoch: 18] loss: 0.005317, mae: 0.051640, r2: 0.743880, val_loss: 0.006046, val_mae: 0.054599, val_r2: 0.709462
2024-05-18 17:51:39 Epoch 19: lr=5e-05
2024-05-18 17:52:51 [Epoch: 19] loss: 0.005201, mae: 0.051090, r2: 0.749362, val_loss: 0.006038, val_mae: 0.054201, val_r2: 0.710608
2024-05-18 17:52:51 Epoch 20: lr=5e-05
2024-05-18 17:54:02 [Epoch: 20] loss: 0.005161, mae: 0.050917, r2: 0.751301, val_loss: 0.006045, val_mae: 0.054210, val_r2: 0.709836
2024-05-18 17:54:02 Epoch 21: lr=5e-05
2024-05-18 17:55:14 [Epoch: 21] loss: 0.005122, mae: 0.050769, r2: 0.752949, val_loss: 0.006021, val_mae: 0.053989, val_r2: 0.711000
2024-05-18 17:55:14 Epoch 22: lr=5e-05
2024-05-18 17:56:26 [Epoch: 22] loss: 0.005115, mae: 0.050690, r2: 0.753590, val_loss: 0.006039, val_mae: 0.054480, val_r2: 0.711561
2024-05-18 17:56:26 Epoch 23: lr=5e-05
2024-05-18 17:57:38 [Epoch: 23] loss: 0.005090, mae: 0.050564, r2: 0.754480, val_loss: 0.006020, val_mae: 0.054094, val_r2: 0.711873
2024-05-18 17:57:38 Epoch 24: lr=2.5e-05
2024-05-18 17:58:50 [Epoch: 24] loss: 0.005016, mae: 0.050246, r2: 0.758032, val_loss: 0.006016, val_mae: 0.054171, val_r2: 0.712023
2024-05-18 17:58:50 Epoch 25: lr=2.5e-05
2024-05-18 18:00:00 [Epoch: 25] loss: 0.005001, mae: 0.050112, r2: 0.758957, val_loss: 0.006058, val_mae: 0.054601, val_r2: 0.709631
2024-05-18 18:00:01 Epoch 26: lr=2.5e-05
2024-05-18 18:01:12 [Epoch: 26] loss: 0.004981, mae: 0.050068, r2: 0.759411, val_loss: 0.006019, val_mae: 0.054165, val_r2: 0.711547
2024-05-18 18:01:12 Epoch 27: lr=2.5e-05
2024-05-18 18:02:24 [Epoch: 27] loss: 0.004977, mae: 0.050036, r2: 0.759650, val_loss: 0.006018, val_mae: 0.054242, val_r2: 0.711061
2024-05-18 18:02:24 Epoch 28: lr=2.5e-05
2024-05-18 18:03:35 [Epoch: 28] loss: 0.004960, mae: 0.049960, r2: 0.760454, val_loss: 0.006036, val_mae: 0.054333, val_r2: 0.710417
2024-05-18 18:03:36 Epoch 29: lr=1.25e-05
2024-05-18 18:04:47 [Epoch: 29] loss: 0.004933, mae: 0.049831, r2: 0.761899, val_loss: 0.006012, val_mae: 0.054193, val_r2: 0.712136
2024-05-18 18:04:47 Epoch 30: lr=1.25e-05
2024-05-18 18:05:59 [Epoch: 30] loss: 0.004919, mae: 0.049817, r2: 0.762328, val_loss: 0.006013, val_mae: 0.054318, val_r2: 0.711694
2024-05-18 18:05:59 Epoch 31: lr=1.25e-05
2024-05-18 18:07:10 [Epoch: 31] loss: 0.004904, mae: 0.049702, r2: 0.763456, val_loss: 0.006026, val_mae: 0.054209, val_r2: 0.711151
2024-05-18 18:07:11 Epoch 32: lr=1.25e-05
2024-05-18 18:08:22 [Epoch: 32] loss: 0.004905, mae: 0.049701, r2: 0.763186, val_loss: 0.006021, val_mae: 0.054167, val_r2: 0.710939
2024-05-18 18:08:22 Epoch 33: lr=1.25e-05
2024-05-18 18:09:34 [Epoch: 33] loss: 0.004893, mae: 0.049647, r2: 0.763476, val_loss: 0.006023, val_mae: 0.054169, val_r2: 0.711260
2024-05-18 18:09:34 Epoch 34: lr=1.25e-05
2024-05-18 18:10:46 [Epoch: 34] loss: 0.004880, mae: 0.049579, r2: 0.764443, val_loss: 0.006025, val_mae: 0.054182, val_r2: 0.710868
2024-05-18 18:10:46 Epoch 35: lr=1e-05
2024-05-18 18:11:57 [Epoch: 35] loss: 0.004874, mae: 0.049557, r2: 0.764546, val_loss: 0.006011, val_mae: 0.053982, val_r2: 0.711518
2024-05-18 18:11:58 Epoch 36: lr=1e-05
2024-05-18 18:13:09 [Epoch: 36] loss: 0.004867, mae: 0.049524, r2: 0.764846, val_loss: 0.006023, val_mae: 0.054173, val_r2: 0.710712
2024-05-18 18:13:09 Epoch 37: lr=1e-05
2024-05-18 18:14:21 [Epoch: 37] loss: 0.004870, mae: 0.049551, r2: 0.764775, val_loss: 0.006023, val_mae: 0.054177, val_r2: 0.710845
2024-05-18 18:14:21 Epoch 38: lr=1e-05
2024-05-18 18:15:32 [Epoch: 38] loss: 0.004861, mae: 0.049487, r2: 0.765164, val_loss: 0.005992, val_mae: 0.054202, val_r2: 0.712457
2024-05-18 18:15:32 Epoch 39: lr=1e-05
2024-05-18 18:16:43 [Epoch: 39] loss: 0.004866, mae: 0.049520, r2: 0.764792, val_loss: 0.006055, val_mae: 0.054223, val_r2: 0.709278
2024-05-18 18:16:43 Epoch 40: lr=1e-05
2024-05-18 18:17:55 [Epoch: 40] loss: 0.004853, mae: 0.049501, r2: 0.765497, val_loss: 0.006055, val_mae: 0.054090, val_r2: 0.709214
2024-05-18 18:17:55 Epoch 41: lr=1e-05
2024-05-18 18:19:06 [Epoch: 41] loss: 0.004838, mae: 0.049386, r2: 0.766124, val_loss: 0.006026, val_mae: 0.054204, val_r2: 0.710784
2024-05-18 18:19:06 Epoch 42: lr=1e-05
2024-05-18 18:20:17 [Epoch: 42] loss: 0.004841, mae: 0.049418, r2: 0.765885, val_loss: 0.006037, val_mae: 0.054335, val_r2: 0.710235
2024-05-18 18:20:17 Epoch 43: lr=1e-05
2024-05-18 18:21:29 [Epoch: 43] loss: 0.004829, mae: 0.049371, r2: 0.766757, val_loss: 0.006015, val_mae: 0.054088, val_r2: 0.711529
2024-05-18 18:21:29 Epoch 44: lr=1e-05
2024-05-18 18:22:40 [Epoch: 44] loss: 0.004832, mae: 0.049336, r2: 0.766502, val_loss: 0.006049, val_mae: 0.053978, val_r2: 0.710087
2024-05-18 18:22:40 Epoch 45: lr=1e-05
2024-05-18 18:23:52 [Epoch: 45] loss: 0.004831, mae: 0.049358, r2: 0.766721, val_loss: 0.006034, val_mae: 0.054117, val_r2: 0.710478
2024-05-18 18:23:52 Epoch 46: lr=1e-05
2024-05-18 18:25:03 [Epoch: 46] loss: 0.004808, mae: 0.049222, r2: 0.767650, val_loss: 0.006044, val_mae: 0.054037, val_r2: 0.710257
2024-05-18 18:25:03 Epoch 47: lr=1e-05
2024-05-18 18:26:14 [Epoch: 47] loss: 0.004819, mae: 0.049304, r2: 0.766885, val_loss: 0.006021, val_mae: 0.053907, val_r2: 0.711108
2024-05-18 18:26:14 Epoch 48: lr=1e-05
2024-05-18 18:27:26 [Epoch: 48] loss: 0.004814, mae: 0.049259, r2: 0.767368, val_loss: 0.006008, val_mae: 0.054050, val_r2: 0.711559
2024-05-18 18:27:26 history_length: 49
2024-05-18 18:27:26 stopping: early
2024-05-18 18:27:26 Comparing y_true and y_pred:
2024-05-18 18:27:26   mse: 0.03512580
2024-05-18 18:27:26   mae: 0.16617688
2024-05-18 18:27:26   r2: -1.67601430
2024-05-18 18:27:26   corr: 0.34072978
