2024-05-22 19:47:05 UNO RUN ...
2024-05-22 19:47:05 Params: {'model_name': 'uno', 'train_sources': ['CCLE'], 'test_sources': ['train'], 'cell_types': None, 'cell_features': ['rnaseq'], 'drug_features': ['descriptors'], 'dense': [1000, 1000, 1000, 1000, 1000], 'dense_feature_layers': [1000, 1000, 1000], 'activation': 'relu', 'loss': 'mse', 'optimizer': 'adamax', 'scaling': 'std', 'dropout': 0.1, 'epochs': 50, 'batch_size': 32, 'val_split': 0.2, 'cv': 1, 'max_val_loss': 1.0, 'learning_rate': 0.0001, 'base_lr': None, 'agg_dose': 'AUC', 'residual': False, 'reduce_lr': True, 'warmup_lr': True, 'batch_normalization': False, 'feature_subsample': 0, 'rng_seed': 2018, 'no_gen': False, 'verbose': False, 'preprocess_rnaseq': 'source_scale', 'gpus': [0], 'use_landmark_genes': True, 'no_feature_source': True, 'no_response_source': True, 'save_path': '/dev/shm/Uno/save/9000896.amn-0001/142', 'single': True, 'on_memory_loader': True, 'ckpt_checksum': True, 'ckpt_save_interval': 0, 'timeout': -1, 'train_bool': True, 'profiling': False, 'experiment_id': '9000896.amn-0001', 'run_id': '142', 'logfile': '/dev/shm/Uno/save/9000896.amn-0001/142/python.log', 'shuffle': False, 'ckpt_restart_mode': 'off', 'ckpt_skip_epochs': 0, 'ckpt_directory': '/dev/shm/Uno/save/9000896.amn-0001/142', 'ckpt_save_best': True, 'ckpt_save_best_metric': 'val_loss', 'ckpt_save_weights_only': False, 'ckpt_keep_mode': 'linear', 'ckpt_keep_limit': 5, 'by_cell': None, 'by_drug': None, 'cell_subset_path': '', 'drug_subset_path': '', 'drug_median_response_min': -1, 'drug_median_response_max': 1, 'dense_cell_feature_layers': None, 'dense_drug_feature_layers': None, 'use_filtered_genes': False, 'feature_subset_path': '', 'cell_feature_subset_path': '', 'drug_feature_subset_path': '', 'es': True, 'cp': False, 'tb': False, 'tb_prefix': 'tb', 'partition_by': None, 'cache': None, 'export_csv': None, 'export_data': None, 'use_exported_data': '/dev/shm/Uno/x1922c7s7b0n0.142.merged.landmark.h5', 'growth_bins': 0, 'initial_weights': None, 'save_weights': '/dev/shm/Uno/save/9000896.amn-0001/142/5.0.model.h5', 'config_file': '/home/brettin/CSC249ADOA01_CNDA/brettin/Benchmarks/Pilot1/Uno/uno_auc_model.txt', 'data_type': <class 'numpy.float32'>, 'data_dir': '/dev/shm/Uno/uno/Data', 'output_dir': '/dev/shm/Uno/uno/Output/9000896.amn-0001/142'}
2024-05-22 19:47:05 Feature encoding submodel for cell.rnaseq:
2024-05-22 19:47:05 Model: "cell.rnaseq"
2024-05-22 19:47:05 _________________________________________________________________
2024-05-22 19:47:05  Layer (type)                Output Shape              Param #   
2024-05-22 19:47:05 =================================================================
2024-05-22 19:47:05  input_1 (InputLayer)        [(None, 958)]             0         
2024-05-22 19:47:05                                                                  
2024-05-22 19:47:05  dense (Dense)               (None, 1000)              959000    
2024-05-22 19:47:05                                                                  
2024-05-22 19:47:05  permanent_dropout (Permane  (None, 1000)              0         
2024-05-22 19:47:05  ntDropout)                                                      
2024-05-22 19:47:05                                                                  
2024-05-22 19:47:05  dense_1 (Dense)             (None, 1000)              1001000   
2024-05-22 19:47:05                                                                  
2024-05-22 19:47:05  permanent_dropout_1 (Perma  (None, 1000)              0         
2024-05-22 19:47:05  nentDropout)                                                    
2024-05-22 19:47:05                                                                  
2024-05-22 19:47:05  dense_2 (Dense)             (None, 1000)              1001000   
2024-05-22 19:47:05                                                                  
2024-05-22 19:47:05  permanent_dropout_2 (Perma  (None, 1000)              0         
2024-05-22 19:47:05  nentDropout)                                                    
2024-05-22 19:47:05                                                                  
2024-05-22 19:47:05 =================================================================
2024-05-22 19:47:05 Total params: 2961000 (11.30 MB)
2024-05-22 19:47:05 Trainable params: 2961000 (11.30 MB)
2024-05-22 19:47:05 Non-trainable params: 0 (0.00 Byte)
2024-05-22 19:47:05 _________________________________________________________________
2024-05-22 19:47:05 Feature encoding submodel for drug.descriptors:
2024-05-22 19:47:05 Model: "drug.descriptors"
2024-05-22 19:47:05 _________________________________________________________________
2024-05-22 19:47:05  Layer (type)                Output Shape              Param #   
2024-05-22 19:47:05 =================================================================
2024-05-22 19:47:05  input_2 (InputLayer)        [(None, 1613)]            0         
2024-05-22 19:47:05                                                                  
2024-05-22 19:47:05  dense_3 (Dense)             (None, 1000)              1614000   
2024-05-22 19:47:05                                                                  
2024-05-22 19:47:05  permanent_dropout_3 (Perma  (None, 1000)              0         
2024-05-22 19:47:05  nentDropout)                                                    
2024-05-22 19:47:05                                                                  
2024-05-22 19:47:05  dense_4 (Dense)             (None, 1000)              1001000   
2024-05-22 19:47:05                                                                  
2024-05-22 19:47:05  permanent_dropout_4 (Perma  (None, 1000)              0         
2024-05-22 19:47:05  nentDropout)                                                    
2024-05-22 19:47:05                                                                  
2024-05-22 19:47:05  dense_5 (Dense)             (None, 1000)              1001000   
2024-05-22 19:47:05                                                                  
2024-05-22 19:47:05  permanent_dropout_5 (Perma  (None, 1000)              0         
2024-05-22 19:47:05  nentDropout)                                                    
2024-05-22 19:47:05                                                                  
2024-05-22 19:47:05 =================================================================
2024-05-22 19:47:05 Total params: 3616000 (13.79 MB)
2024-05-22 19:47:05 Trainable params: 3616000 (13.79 MB)
2024-05-22 19:47:05 Non-trainable params: 0 (0.00 Byte)
2024-05-22 19:47:05 _________________________________________________________________
2024-05-22 19:47:05 Combined model:
2024-05-22 19:47:05 Model: "model"
2024-05-22 19:47:05 __________________________________________________________________________________________________
2024-05-22 19:47:05  Layer (type)                Output Shape                 Param #   Connected to                  
2024-05-22 19:47:05 ==================================================================================================
2024-05-22 19:47:05  input.cell.rnaseq (InputLa  [(None, 958)]                0         []                            
2024-05-22 19:47:05  yer)                                                                                             
2024-05-22 19:47:05                                                                                                   
2024-05-22 19:47:05  input.drug1.descriptors (I  [(None, 1613)]               0         []                            
2024-05-22 19:47:05  nputLayer)                                                                                       
2024-05-22 19:47:05                                                                                                   
2024-05-22 19:47:05  cell.rnaseq (Functional)    (None, 1000)                 2961000   ['input.cell.rnaseq[0][0]']   
2024-05-22 19:47:05                                                                                                   
2024-05-22 19:47:05  drug.descriptors (Function  (None, 1000)                 3616000   ['input.drug1.descriptors[0][0
2024-05-22 19:47:05  al)                                                                ]']                           
2024-05-22 19:47:05                                                                                                   
2024-05-22 19:47:05  concatenate (Concatenate)   (None, 2000)                 0         ['cell.rnaseq[0][0]',         
2024-05-22 19:47:05                                                                      'drug.descriptors[0][0]']    
2024-05-22 19:47:05                                                                                                   
2024-05-22 19:47:05  dense_6 (Dense)             (None, 1000)                 2001000   ['concatenate[0][0]']         
2024-05-22 19:47:05                                                                                                   
2024-05-22 19:47:05  permanent_dropout_6 (Perma  (None, 1000)                 0         ['dense_6[0][0]']             
2024-05-22 19:47:05  nentDropout)                                                                                     
2024-05-22 19:47:05                                                                                                   
2024-05-22 19:47:05  dense_7 (Dense)             (None, 1000)                 1001000   ['permanent_dropout_6[0][0]'] 
2024-05-22 19:47:05                                                                                                   
2024-05-22 19:47:05  permanent_dropout_7 (Perma  (None, 1000)                 0         ['dense_7[0][0]']             
2024-05-22 19:47:05  nentDropout)                                                                                     
2024-05-22 19:47:05                                                                                                   
2024-05-22 19:47:05  dense_8 (Dense)             (None, 1000)                 1001000   ['permanent_dropout_7[0][0]'] 
2024-05-22 19:47:05                                                                                                   
2024-05-22 19:47:05  permanent_dropout_8 (Perma  (None, 1000)                 0         ['dense_8[0][0]']             
2024-05-22 19:47:05  nentDropout)                                                                                     
2024-05-22 19:47:05                                                                                                   
2024-05-22 19:47:05  dense_9 (Dense)             (None, 1000)                 1001000   ['permanent_dropout_8[0][0]'] 
2024-05-22 19:47:05                                                                                                   
2024-05-22 19:47:05  permanent_dropout_9 (Perma  (None, 1000)                 0         ['dense_9[0][0]']             
2024-05-22 19:47:05  nentDropout)                                                                                     
2024-05-22 19:47:05                                                                                                   
2024-05-22 19:47:05  dense_10 (Dense)            (None, 1000)                 1001000   ['permanent_dropout_9[0][0]'] 
2024-05-22 19:47:05                                                                                                   
2024-05-22 19:47:05  permanent_dropout_10 (Perm  (None, 1000)                 0         ['dense_10[0][0]']            
2024-05-22 19:47:05  anentDropout)                                                                                    
2024-05-22 19:47:05                                                                                                   
2024-05-22 19:47:05  dense_11 (Dense)            (None, 1)                    1001      ['permanent_dropout_10[0][0]']
2024-05-22 19:47:05                                                                                                   
2024-05-22 19:47:05 ==================================================================================================
2024-05-22 19:47:05 Total params: 12583001 (48.00 MB)
2024-05-22 19:47:05 Trainable params: 12583001 (48.00 MB)
2024-05-22 19:47:05 Non-trainable params: 0 (0.00 Byte)
2024-05-22 19:47:05 __________________________________________________________________________________________________
2024-05-22 19:47:05 CKPT CONSTRUCT...
2024-05-22 19:47:05 CKPT CONSTRUCT OK.
2024-05-22 19:47:05 template model: <keras.src.engine.functional.Functional object at 0x153284907ee0>
2024-05-22 19:47:07 COMPILE
2024-05-22 19:47:07 Will save weights to: /dev/shm/Uno/save/9000896.amn-0001/142/5.0.model.h5
2024-05-22 19:47:24 Between random pairs in y_val:
2024-05-22 19:47:24   mse: 0.04785355
2024-05-22 19:47:24   mae: 0.16007546
2024-05-22 19:47:24   r2: -0.99832428
2024-05-22 19:47:24   corr: 0.00083786
2024-05-22 19:47:24 Data points per epoch: train = 469604, val = 117402, test = 703
2024-05-22 19:47:24 Steps per epoch: train = 14675, val = 3668, test = 21
2024-05-22 19:47:24 Epoch 0: lr=0.001
2024-05-22 19:48:36 [Epoch: 0] loss: 0.024835, mae: 0.079315, r2: -0.293465, val_loss: 0.008553, val_mae: 0.067202, val_r2: 0.597496
2024-05-22 19:48:36 Epoch 1: lr=0.00082
2024-05-22 19:49:47 [Epoch: 1] loss: 0.007989, mae: 0.063924, r2: 0.621251, val_loss: 0.007753, val_mae: 0.061704, val_r2: 0.632650
2024-05-22 19:49:47 Epoch 2: lr=0.00064
2024-05-22 19:50:58 [Epoch: 2] loss: 0.007329, mae: 0.060910, r2: 0.651657, val_loss: 0.007208, val_mae: 0.059447, val_r2: 0.659686
2024-05-22 19:50:58 Epoch 3: lr=0.00046
2024-05-22 19:52:09 [Epoch: 3] loss: 0.006841, mae: 0.058715, r2: 0.673888, val_loss: 0.006935, val_mae: 0.059861, val_r2: 0.670102
2024-05-22 19:52:09 Epoch 4: lr=0.00028
2024-05-22 19:53:20 [Epoch: 4] loss: 0.006451, mae: 0.056912, r2: 0.691979, val_loss: 0.006637, val_mae: 0.058211, val_r2: 0.685144
2024-05-22 19:53:20 Epoch 5: lr=0.0001
2024-05-22 19:54:31 [Epoch: 5] loss: 0.006115, mae: 0.055367, r2: 0.707103, val_loss: 0.006461, val_mae: 0.056551, val_r2: 0.694364
2024-05-22 19:54:31 Epoch 6: lr=0.0001
2024-05-22 19:55:42 [Epoch: 6] loss: 0.006005, mae: 0.054878, r2: 0.712513, val_loss: 0.006431, val_mae: 0.056651, val_r2: 0.693503
2024-05-22 19:55:42 Epoch 7: lr=0.0001
2024-05-22 19:56:53 [Epoch: 7] loss: 0.005919, mae: 0.054473, r2: 0.716145, val_loss: 0.006388, val_mae: 0.056072, val_r2: 0.697693
2024-05-22 19:56:53 Epoch 8: lr=0.0001
2024-05-22 19:58:04 [Epoch: 8] loss: 0.005860, mae: 0.054231, r2: 0.719057, val_loss: 0.006328, val_mae: 0.055893, val_r2: 0.699604
2024-05-22 19:58:04 Epoch 9: lr=0.0001
2024-05-22 19:59:15 [Epoch: 9] loss: 0.005783, mae: 0.053858, r2: 0.722326, val_loss: 0.006329, val_mae: 0.056099, val_r2: 0.699510
2024-05-22 19:59:15 Epoch 10: lr=0.0001
2024-05-22 20:00:26 [Epoch: 10] loss: 0.005728, mae: 0.053627, r2: 0.725232, val_loss: 0.006267, val_mae: 0.055602, val_r2: 0.701869
2024-05-22 20:00:26 Epoch 11: lr=0.0001
2024-05-22 20:01:37 [Epoch: 11] loss: 0.005654, mae: 0.053309, r2: 0.728446, val_loss: 0.006282, val_mae: 0.056098, val_r2: 0.701724
2024-05-22 20:01:37 Epoch 12: lr=0.0001
2024-05-22 20:02:47 [Epoch: 12] loss: 0.005600, mae: 0.053030, r2: 0.731057, val_loss: 0.006245, val_mae: 0.055147, val_r2: 0.703673
2024-05-22 20:02:47 Epoch 13: lr=0.0001
2024-05-22 20:03:58 [Epoch: 13] loss: 0.005543, mae: 0.052779, r2: 0.733587, val_loss: 0.006214, val_mae: 0.055326, val_r2: 0.704202
2024-05-22 20:03:59 Epoch 14: lr=0.0001
2024-05-22 20:05:09 [Epoch: 14] loss: 0.005494, mae: 0.052546, r2: 0.735880, val_loss: 0.006215, val_mae: 0.054843, val_r2: 0.705063
2024-05-22 20:05:09 Epoch 15: lr=0.0001
2024-05-22 20:06:20 [Epoch: 15] loss: 0.005440, mae: 0.052300, r2: 0.738300, val_loss: 0.006206, val_mae: 0.054780, val_r2: 0.704316
2024-05-22 20:06:21 Epoch 16: lr=0.0001
2024-05-22 20:07:32 [Epoch: 16] loss: 0.005391, mae: 0.052050, r2: 0.740787, val_loss: 0.006214, val_mae: 0.054986, val_r2: 0.705622
2024-05-22 20:07:32 Epoch 17: lr=0.0001
2024-05-22 20:08:43 [Epoch: 17] loss: 0.005334, mae: 0.051827, r2: 0.743286, val_loss: 0.006177, val_mae: 0.054942, val_r2: 0.705788
2024-05-22 20:08:43 Epoch 18: lr=0.0001
2024-05-22 20:09:54 [Epoch: 18] loss: 0.005293, mae: 0.051591, r2: 0.745475, val_loss: 0.006151, val_mae: 0.054621, val_r2: 0.707699
2024-05-22 20:09:54 Epoch 19: lr=5e-05
2024-05-22 20:11:04 [Epoch: 19] loss: 0.005177, mae: 0.051066, r2: 0.750690, val_loss: 0.006143, val_mae: 0.054458, val_r2: 0.709594
2024-05-22 20:11:05 Epoch 20: lr=5e-05
2024-05-22 20:12:15 [Epoch: 20] loss: 0.005124, mae: 0.050828, r2: 0.753219, val_loss: 0.006140, val_mae: 0.054272, val_r2: 0.708050
2024-05-22 20:12:15 Epoch 21: lr=5e-05
2024-05-22 20:13:26 [Epoch: 21] loss: 0.005106, mae: 0.050698, r2: 0.754042, val_loss: 0.006120, val_mae: 0.054629, val_r2: 0.709868
2024-05-22 20:13:26 Epoch 22: lr=5e-05
2024-05-22 20:14:37 [Epoch: 22] loss: 0.005076, mae: 0.050587, r2: 0.755559, val_loss: 0.006123, val_mae: 0.054447, val_r2: 0.708861
2024-05-22 20:14:37 Epoch 23: lr=5e-05
2024-05-22 20:15:48 [Epoch: 23] loss: 0.005054, mae: 0.050462, r2: 0.756583, val_loss: 0.006077, val_mae: 0.054381, val_r2: 0.711396
2024-05-22 20:15:48 Epoch 24: lr=5e-05
2024-05-22 20:16:59 [Epoch: 24] loss: 0.005018, mae: 0.050307, r2: 0.758083, val_loss: 0.006124, val_mae: 0.054419, val_r2: 0.709921
2024-05-22 20:16:59 Epoch 25: lr=5e-05
2024-05-22 20:18:10 [Epoch: 25] loss: 0.005008, mae: 0.050264, r2: 0.758668, val_loss: 0.006115, val_mae: 0.054344, val_r2: 0.709466
2024-05-22 20:18:10 Epoch 26: lr=5e-05
2024-05-22 20:19:21 [Epoch: 26] loss: 0.004975, mae: 0.050102, r2: 0.760224, val_loss: 0.006110, val_mae: 0.054149, val_r2: 0.709058
2024-05-22 20:19:21 Epoch 27: lr=5e-05
2024-05-22 20:20:33 [Epoch: 27] loss: 0.004958, mae: 0.050011, r2: 0.760789, val_loss: 0.006090, val_mae: 0.054313, val_r2: 0.711004
2024-05-22 20:20:33 Epoch 28: lr=5e-05
2024-05-22 20:21:43 [Epoch: 28] loss: 0.004929, mae: 0.049875, r2: 0.762432, val_loss: 0.006098, val_mae: 0.054306, val_r2: 0.709874
2024-05-22 20:21:43 Epoch 29: lr=2.5e-05
2024-05-22 20:22:54 [Epoch: 29] loss: 0.004864, mae: 0.049526, r2: 0.765362, val_loss: 0.006083, val_mae: 0.054417, val_r2: 0.710362
2024-05-22 20:22:54 Epoch 30: lr=2.5e-05
2024-05-22 20:24:05 [Epoch: 30] loss: 0.004847, mae: 0.049468, r2: 0.765970, val_loss: 0.006119, val_mae: 0.054422, val_r2: 0.709286
2024-05-22 20:24:05 Epoch 31: lr=2.5e-05
2024-05-22 20:25:16 [Epoch: 31] loss: 0.004845, mae: 0.049454, r2: 0.766318, val_loss: 0.006115, val_mae: 0.054212, val_r2: 0.709071
2024-05-22 20:25:16 Epoch 32: lr=2.5e-05
2024-05-22 20:26:27 [Epoch: 32] loss: 0.004813, mae: 0.049334, r2: 0.767813, val_loss: 0.006110, val_mae: 0.054264, val_r2: 0.709023
2024-05-22 20:26:27 Epoch 33: lr=2.5e-05
2024-05-22 20:27:38 [Epoch: 33] loss: 0.004809, mae: 0.049279, r2: 0.768114, val_loss: 0.006127, val_mae: 0.054251, val_r2: 0.707919
2024-05-22 20:27:38 history_length: 34
2024-05-22 20:27:38 stopping: early
2024-05-22 20:27:38 Comparing y_true and y_pred:
2024-05-22 20:27:38   mse: 0.01187255
2024-05-22 20:27:38   mae: 0.08456416
2024-05-22 20:27:38   r2: 0.32837414
2024-05-22 20:27:38   corr: 0.68356026
