2024-05-22 17:13:02 UNO RUN ...
2024-05-22 17:13:02 Params: {'model_name': 'uno', 'train_sources': ['CCLE'], 'test_sources': ['train'], 'cell_types': None, 'cell_features': ['rnaseq'], 'drug_features': ['descriptors'], 'dense': [1000, 1000, 1000, 1000, 1000], 'dense_feature_layers': [1000, 1000, 1000], 'activation': 'relu', 'loss': 'mse', 'optimizer': 'adamax', 'scaling': 'std', 'dropout': 0.1, 'epochs': 50, 'batch_size': 32, 'val_split': 0.2, 'cv': 1, 'max_val_loss': 1.0, 'learning_rate': 0.0001, 'base_lr': None, 'agg_dose': 'AUC', 'residual': False, 'reduce_lr': True, 'warmup_lr': True, 'batch_normalization': False, 'feature_subsample': 0, 'rng_seed': 2018, 'no_gen': False, 'verbose': False, 'preprocess_rnaseq': 'source_scale', 'gpus': [0], 'use_landmark_genes': True, 'no_feature_source': True, 'no_response_source': True, 'save_path': '/dev/shm/Uno/save/9000841.amn-0001/124', 'single': True, 'on_memory_loader': True, 'ckpt_checksum': True, 'ckpt_save_interval': 0, 'timeout': -1, 'train_bool': True, 'profiling': False, 'experiment_id': '9000841.amn-0001', 'run_id': '124', 'logfile': '/dev/shm/Uno/save/9000841.amn-0001/124/python.log', 'shuffle': False, 'ckpt_restart_mode': 'off', 'ckpt_skip_epochs': 0, 'ckpt_directory': '/dev/shm/Uno/save/9000841.amn-0001/124', 'ckpt_save_best': True, 'ckpt_save_best_metric': 'val_loss', 'ckpt_save_weights_only': False, 'ckpt_keep_mode': 'linear', 'ckpt_keep_limit': 5, 'by_cell': None, 'by_drug': None, 'cell_subset_path': '', 'drug_subset_path': '', 'drug_median_response_min': -1, 'drug_median_response_max': 1, 'dense_cell_feature_layers': None, 'dense_drug_feature_layers': None, 'use_filtered_genes': False, 'feature_subset_path': '', 'cell_feature_subset_path': '', 'drug_feature_subset_path': '', 'es': True, 'cp': False, 'tb': False, 'tb_prefix': 'tb', 'partition_by': None, 'cache': None, 'export_csv': None, 'export_data': None, 'use_exported_data': '/dev/shm/Uno/x1921c4s6b0n0.124.merged.landmark.h5', 'growth_bins': 0, 'initial_weights': None, 'save_weights': '/dev/shm/Uno/save/9000841.amn-0001/124/2.0.model.h5', 'config_file': '/home/brettin/CSC249ADOA01_CNDA/brettin/Benchmarks/Pilot1/Uno/uno_auc_model.txt', 'data_type': <class 'numpy.float32'>, 'data_dir': '/dev/shm/Uno/uno/Data', 'output_dir': '/dev/shm/Uno/uno/Output/9000841.amn-0001/124'}
2024-05-22 17:13:02 Feature encoding submodel for cell.rnaseq:
2024-05-22 17:13:02 Model: "cell.rnaseq"
2024-05-22 17:13:02 _________________________________________________________________
2024-05-22 17:13:02  Layer (type)                Output Shape              Param #   
2024-05-22 17:13:02 =================================================================
2024-05-22 17:13:02  input_1 (InputLayer)        [(None, 958)]             0         
2024-05-22 17:13:02                                                                  
2024-05-22 17:13:02  dense (Dense)               (None, 1000)              959000    
2024-05-22 17:13:02                                                                  
2024-05-22 17:13:02  permanent_dropout (Permane  (None, 1000)              0         
2024-05-22 17:13:02  ntDropout)                                                      
2024-05-22 17:13:02                                                                  
2024-05-22 17:13:02  dense_1 (Dense)             (None, 1000)              1001000   
2024-05-22 17:13:02                                                                  
2024-05-22 17:13:02  permanent_dropout_1 (Perma  (None, 1000)              0         
2024-05-22 17:13:02  nentDropout)                                                    
2024-05-22 17:13:02                                                                  
2024-05-22 17:13:02  dense_2 (Dense)             (None, 1000)              1001000   
2024-05-22 17:13:02                                                                  
2024-05-22 17:13:02  permanent_dropout_2 (Perma  (None, 1000)              0         
2024-05-22 17:13:02  nentDropout)                                                    
2024-05-22 17:13:02                                                                  
2024-05-22 17:13:02 =================================================================
2024-05-22 17:13:02 Total params: 2961000 (11.30 MB)
2024-05-22 17:13:02 Trainable params: 2961000 (11.30 MB)
2024-05-22 17:13:02 Non-trainable params: 0 (0.00 Byte)
2024-05-22 17:13:02 _________________________________________________________________
2024-05-22 17:13:02 Feature encoding submodel for drug.descriptors:
2024-05-22 17:13:02 Model: "drug.descriptors"
2024-05-22 17:13:02 _________________________________________________________________
2024-05-22 17:13:02  Layer (type)                Output Shape              Param #   
2024-05-22 17:13:02 =================================================================
2024-05-22 17:13:02  input_2 (InputLayer)        [(None, 1613)]            0         
2024-05-22 17:13:02                                                                  
2024-05-22 17:13:02  dense_3 (Dense)             (None, 1000)              1614000   
2024-05-22 17:13:02                                                                  
2024-05-22 17:13:02  permanent_dropout_3 (Perma  (None, 1000)              0         
2024-05-22 17:13:02  nentDropout)                                                    
2024-05-22 17:13:02                                                                  
2024-05-22 17:13:02  dense_4 (Dense)             (None, 1000)              1001000   
2024-05-22 17:13:02                                                                  
2024-05-22 17:13:02  permanent_dropout_4 (Perma  (None, 1000)              0         
2024-05-22 17:13:02  nentDropout)                                                    
2024-05-22 17:13:02                                                                  
2024-05-22 17:13:02  dense_5 (Dense)             (None, 1000)              1001000   
2024-05-22 17:13:02                                                                  
2024-05-22 17:13:02  permanent_dropout_5 (Perma  (None, 1000)              0         
2024-05-22 17:13:02  nentDropout)                                                    
2024-05-22 17:13:02                                                                  
2024-05-22 17:13:02 =================================================================
2024-05-22 17:13:02 Total params: 3616000 (13.79 MB)
2024-05-22 17:13:02 Trainable params: 3616000 (13.79 MB)
2024-05-22 17:13:02 Non-trainable params: 0 (0.00 Byte)
2024-05-22 17:13:02 _________________________________________________________________
2024-05-22 17:13:02 Combined model:
2024-05-22 17:13:02 Model: "model"
2024-05-22 17:13:02 __________________________________________________________________________________________________
2024-05-22 17:13:02  Layer (type)                Output Shape                 Param #   Connected to                  
2024-05-22 17:13:02 ==================================================================================================
2024-05-22 17:13:02  input.cell.rnaseq (InputLa  [(None, 958)]                0         []                            
2024-05-22 17:13:02  yer)                                                                                             
2024-05-22 17:13:02                                                                                                   
2024-05-22 17:13:02  input.drug1.descriptors (I  [(None, 1613)]               0         []                            
2024-05-22 17:13:02  nputLayer)                                                                                       
2024-05-22 17:13:02                                                                                                   
2024-05-22 17:13:02  cell.rnaseq (Functional)    (None, 1000)                 2961000   ['input.cell.rnaseq[0][0]']   
2024-05-22 17:13:02                                                                                                   
2024-05-22 17:13:02  drug.descriptors (Function  (None, 1000)                 3616000   ['input.drug1.descriptors[0][0
2024-05-22 17:13:02  al)                                                                ]']                           
2024-05-22 17:13:02                                                                                                   
2024-05-22 17:13:02  concatenate (Concatenate)   (None, 2000)                 0         ['cell.rnaseq[0][0]',         
2024-05-22 17:13:02                                                                      'drug.descriptors[0][0]']    
2024-05-22 17:13:02                                                                                                   
2024-05-22 17:13:02  dense_6 (Dense)             (None, 1000)                 2001000   ['concatenate[0][0]']         
2024-05-22 17:13:02                                                                                                   
2024-05-22 17:13:02  permanent_dropout_6 (Perma  (None, 1000)                 0         ['dense_6[0][0]']             
2024-05-22 17:13:02  nentDropout)                                                                                     
2024-05-22 17:13:02                                                                                                   
2024-05-22 17:13:02  dense_7 (Dense)             (None, 1000)                 1001000   ['permanent_dropout_6[0][0]'] 
2024-05-22 17:13:02                                                                                                   
2024-05-22 17:13:02  permanent_dropout_7 (Perma  (None, 1000)                 0         ['dense_7[0][0]']             
2024-05-22 17:13:02  nentDropout)                                                                                     
2024-05-22 17:13:02                                                                                                   
2024-05-22 17:13:02  dense_8 (Dense)             (None, 1000)                 1001000   ['permanent_dropout_7[0][0]'] 
2024-05-22 17:13:02                                                                                                   
2024-05-22 17:13:02  permanent_dropout_8 (Perma  (None, 1000)                 0         ['dense_8[0][0]']             
2024-05-22 17:13:02  nentDropout)                                                                                     
2024-05-22 17:13:02                                                                                                   
2024-05-22 17:13:02  dense_9 (Dense)             (None, 1000)                 1001000   ['permanent_dropout_8[0][0]'] 
2024-05-22 17:13:02                                                                                                   
2024-05-22 17:13:02  permanent_dropout_9 (Perma  (None, 1000)                 0         ['dense_9[0][0]']             
2024-05-22 17:13:02  nentDropout)                                                                                     
2024-05-22 17:13:02                                                                                                   
2024-05-22 17:13:02  dense_10 (Dense)            (None, 1000)                 1001000   ['permanent_dropout_9[0][0]'] 
2024-05-22 17:13:02                                                                                                   
2024-05-22 17:13:02  permanent_dropout_10 (Perm  (None, 1000)                 0         ['dense_10[0][0]']            
2024-05-22 17:13:02  anentDropout)                                                                                    
2024-05-22 17:13:02                                                                                                   
2024-05-22 17:13:02  dense_11 (Dense)            (None, 1)                    1001      ['permanent_dropout_10[0][0]']
2024-05-22 17:13:02                                                                                                   
2024-05-22 17:13:02 ==================================================================================================
2024-05-22 17:13:02 Total params: 12583001 (48.00 MB)
2024-05-22 17:13:02 Trainable params: 12583001 (48.00 MB)
2024-05-22 17:13:02 Non-trainable params: 0 (0.00 Byte)
2024-05-22 17:13:02 __________________________________________________________________________________________________
2024-05-22 17:13:03 CKPT CONSTRUCT...
2024-05-22 17:13:03 CKPT CONSTRUCT OK.
2024-05-22 17:13:03 template model: <keras.src.engine.functional.Functional object at 0x14b5c01cdd00>
2024-05-22 17:13:04 COMPILE
2024-05-22 17:13:04 Will save weights to: /dev/shm/Uno/save/9000841.amn-0001/124/2.0.model.h5
2024-05-22 17:13:20 Between random pairs in y_val:
2024-05-22 17:13:20   mse: 0.04754101
2024-05-22 17:13:20   mae: 0.15974420
2024-05-22 17:13:20   r2: -0.99815879
2024-05-22 17:13:20   corr: 0.00092060
2024-05-22 17:13:20 Data points per epoch: train = 469616, val = 117404, test = 689
2024-05-22 17:13:20 Steps per epoch: train = 14675, val = 3668, test = 21
2024-05-22 17:13:20 Epoch 0: lr=0.001
2024-05-22 17:14:33 [Epoch: 0] loss: 0.026545, mae: 0.079546, r2: 0.009481, val_loss: 0.008615, val_mae: 0.065829, val_r2: 0.590831
2024-05-22 17:14:33 Epoch 1: lr=0.00082
2024-05-22 17:15:44 [Epoch: 1] loss: 0.007984, mae: 0.063934, r2: 0.621249, val_loss: 0.007803, val_mae: 0.061948, val_r2: 0.621526
2024-05-22 17:15:45 Epoch 2: lr=0.00064
2024-05-22 17:16:56 [Epoch: 2] loss: 0.007306, mae: 0.060819, r2: 0.652228, val_loss: 0.007256, val_mae: 0.060998, val_r2: 0.649606
2024-05-22 17:16:56 Epoch 3: lr=0.00046
2024-05-22 17:18:07 [Epoch: 3] loss: 0.006820, mae: 0.058595, r2: 0.674197, val_loss: 0.006878, val_mae: 0.058457, val_r2: 0.668973
2024-05-22 17:18:07 Epoch 4: lr=0.00028
2024-05-22 17:19:19 [Epoch: 4] loss: 0.006429, mae: 0.056824, r2: 0.692280, val_loss: 0.006675, val_mae: 0.058073, val_r2: 0.677877
2024-05-22 17:19:19 Epoch 5: lr=0.0001
2024-05-22 17:20:30 [Epoch: 5] loss: 0.006093, mae: 0.055252, r2: 0.707852, val_loss: 0.006520, val_mae: 0.056692, val_r2: 0.684584
2024-05-22 17:20:30 Epoch 6: lr=0.0001
2024-05-22 17:21:42 [Epoch: 6] loss: 0.005996, mae: 0.054822, r2: 0.712246, val_loss: 0.006430, val_mae: 0.056646, val_r2: 0.689609
2024-05-22 17:21:42 Epoch 7: lr=0.0001
2024-05-22 17:22:53 [Epoch: 7] loss: 0.005911, mae: 0.054385, r2: 0.716318, val_loss: 0.006420, val_mae: 0.055893, val_r2: 0.690212
2024-05-22 17:22:54 Epoch 8: lr=0.0001
2024-05-22 17:24:05 [Epoch: 8] loss: 0.005857, mae: 0.054181, r2: 0.718682, val_loss: 0.006415, val_mae: 0.056559, val_r2: 0.688783
2024-05-22 17:24:05 Epoch 9: lr=0.0001
2024-05-22 17:25:16 [Epoch: 9] loss: 0.005791, mae: 0.053866, r2: 0.721929, val_loss: 0.006359, val_mae: 0.055605, val_r2: 0.693520
2024-05-22 17:25:16 Epoch 10: lr=0.0001
2024-05-22 17:26:28 [Epoch: 10] loss: 0.005717, mae: 0.053528, r2: 0.725127, val_loss: 0.006336, val_mae: 0.056009, val_r2: 0.693522
2024-05-22 17:26:28 Epoch 11: lr=0.0001
2024-05-22 17:27:39 [Epoch: 11] loss: 0.005659, mae: 0.053277, r2: 0.727940, val_loss: 0.006289, val_mae: 0.055518, val_r2: 0.695978
2024-05-22 17:27:39 Epoch 12: lr=0.0001
2024-05-22 17:28:51 [Epoch: 12] loss: 0.005601, mae: 0.053027, r2: 0.730662, val_loss: 0.006300, val_mae: 0.055310, val_r2: 0.695318
2024-05-22 17:28:51 Epoch 13: lr=0.0001
2024-05-22 17:30:02 [Epoch: 13] loss: 0.005550, mae: 0.052750, r2: 0.733130, val_loss: 0.006295, val_mae: 0.056314, val_r2: 0.695785
2024-05-22 17:30:02 Epoch 14: lr=0.0001
2024-05-22 17:31:14 [Epoch: 14] loss: 0.005498, mae: 0.052617, r2: 0.735407, val_loss: 0.006265, val_mae: 0.055425, val_r2: 0.696258
2024-05-22 17:31:14 Epoch 15: lr=0.0001
2024-05-22 17:32:25 [Epoch: 15] loss: 0.005451, mae: 0.052326, r2: 0.737596, val_loss: 0.006251, val_mae: 0.055484, val_r2: 0.698692
2024-05-22 17:32:26 Epoch 16: lr=0.0001
2024-05-22 17:33:37 [Epoch: 16] loss: 0.005401, mae: 0.052054, r2: 0.740143, val_loss: 0.006242, val_mae: 0.055902, val_r2: 0.698456
2024-05-22 17:33:37 Epoch 17: lr=5e-05
2024-05-22 17:34:48 [Epoch: 17] loss: 0.005289, mae: 0.051555, r2: 0.745115, val_loss: 0.006190, val_mae: 0.055241, val_r2: 0.700631
2024-05-22 17:34:49 Epoch 18: lr=5e-05
2024-05-22 17:36:00 [Epoch: 18] loss: 0.005238, mae: 0.051335, r2: 0.747795, val_loss: 0.006187, val_mae: 0.054728, val_r2: 0.700676
2024-05-22 17:36:00 Epoch 19: lr=5e-05
2024-05-22 17:37:11 [Epoch: 19] loss: 0.005208, mae: 0.051170, r2: 0.749169, val_loss: 0.006204, val_mae: 0.055386, val_r2: 0.699184
2024-05-22 17:37:11 Epoch 20: lr=5e-05
2024-05-22 17:38:23 [Epoch: 20] loss: 0.005184, mae: 0.051053, r2: 0.750220, val_loss: 0.006199, val_mae: 0.054657, val_r2: 0.700464
2024-05-22 17:38:23 Epoch 21: lr=5e-05
2024-05-22 17:39:34 [Epoch: 21] loss: 0.005145, mae: 0.050912, r2: 0.751887, val_loss: 0.006194, val_mae: 0.054652, val_r2: 0.700317
2024-05-22 17:39:35 Epoch 22: lr=5e-05
2024-05-22 17:40:46 [Epoch: 22] loss: 0.005128, mae: 0.050805, r2: 0.752687, val_loss: 0.006150, val_mae: 0.054707, val_r2: 0.702514
2024-05-22 17:40:46 Epoch 23: lr=5e-05
2024-05-22 17:41:58 [Epoch: 23] loss: 0.005102, mae: 0.050693, r2: 0.753837, val_loss: 0.006200, val_mae: 0.054540, val_r2: 0.700125
2024-05-22 17:41:58 Epoch 24: lr=2.5e-05
2024-05-22 17:43:10 [Epoch: 24] loss: 0.005036, mae: 0.050391, r2: 0.757056, val_loss: 0.006172, val_mae: 0.054536, val_r2: 0.700959
2024-05-22 17:43:10 Epoch 25: lr=2.5e-05
2024-05-22 17:44:21 [Epoch: 25] loss: 0.005019, mae: 0.050281, r2: 0.757724, val_loss: 0.006173, val_mae: 0.054604, val_r2: 0.701328
2024-05-22 17:44:21 Epoch 26: lr=2.5e-05
2024-05-22 17:45:33 [Epoch: 26] loss: 0.005008, mae: 0.050233, r2: 0.758402, val_loss: 0.006160, val_mae: 0.054805, val_r2: 0.701438
2024-05-22 17:45:33 Epoch 27: lr=2.5e-05
2024-05-22 17:46:44 [Epoch: 27] loss: 0.004991, mae: 0.050144, r2: 0.759023, val_loss: 0.006177, val_mae: 0.054557, val_r2: 0.701172
2024-05-22 17:46:44 Epoch 28: lr=2.5e-05
2024-05-22 17:47:55 [Epoch: 28] loss: 0.004982, mae: 0.050095, r2: 0.759808, val_loss: 0.006159, val_mae: 0.054536, val_r2: 0.701424
2024-05-22 17:47:55 Epoch 29: lr=1.25e-05
2024-05-22 17:49:07 [Epoch: 29] loss: 0.004956, mae: 0.049990, r2: 0.760808, val_loss: 0.006160, val_mae: 0.054564, val_r2: 0.701048
2024-05-22 17:49:07 Epoch 30: lr=1.25e-05
2024-05-22 17:50:18 [Epoch: 30] loss: 0.004936, mae: 0.049911, r2: 0.761784, val_loss: 0.006143, val_mae: 0.054797, val_r2: 0.702445
2024-05-22 17:50:18 Epoch 31: lr=1.25e-05
2024-05-22 17:51:30 [Epoch: 31] loss: 0.004918, mae: 0.049787, r2: 0.762471, val_loss: 0.006155, val_mae: 0.054577, val_r2: 0.702095
2024-05-22 17:51:30 Epoch 32: lr=1.25e-05
2024-05-22 17:52:42 [Epoch: 32] loss: 0.004915, mae: 0.049787, r2: 0.762648, val_loss: 0.006165, val_mae: 0.054623, val_r2: 0.701788
2024-05-22 17:52:42 Epoch 33: lr=1.25e-05
2024-05-22 17:53:53 [Epoch: 33] loss: 0.004914, mae: 0.049794, r2: 0.762789, val_loss: 0.006168, val_mae: 0.054677, val_r2: 0.701090
2024-05-22 17:53:53 Epoch 34: lr=1e-05
2024-05-22 17:55:05 [Epoch: 34] loss: 0.004897, mae: 0.049729, r2: 0.763373, val_loss: 0.006147, val_mae: 0.054645, val_r2: 0.702796
2024-05-22 17:55:05 Epoch 35: lr=1e-05
2024-05-22 17:56:16 [Epoch: 35] loss: 0.004906, mae: 0.049746, r2: 0.763219, val_loss: 0.006174, val_mae: 0.054686, val_r2: 0.700920
2024-05-22 17:56:16 Epoch 36: lr=1e-05
2024-05-22 17:57:28 [Epoch: 36] loss: 0.004886, mae: 0.049664, r2: 0.764036, val_loss: 0.006148, val_mae: 0.054528, val_r2: 0.702400
2024-05-22 17:57:28 Epoch 37: lr=1e-05
2024-05-22 17:58:39 [Epoch: 37] loss: 0.004889, mae: 0.049639, r2: 0.763971, val_loss: 0.006171, val_mae: 0.054581, val_r2: 0.700943
2024-05-22 17:58:39 Epoch 38: lr=1e-05
2024-05-22 17:59:50 [Epoch: 38] loss: 0.004881, mae: 0.049621, r2: 0.764402, val_loss: 0.006156, val_mae: 0.054351, val_r2: 0.701587
2024-05-22 17:59:50 Epoch 39: lr=1e-05
2024-05-22 18:01:01 [Epoch: 39] loss: 0.004877, mae: 0.049622, r2: 0.764495, val_loss: 0.006190, val_mae: 0.054686, val_r2: 0.700309
2024-05-22 18:01:02 Epoch 40: lr=1e-05
2024-05-22 18:02:13 [Epoch: 40] loss: 0.004873, mae: 0.049613, r2: 0.764594, val_loss: 0.006152, val_mae: 0.054442, val_r2: 0.701885
2024-05-22 18:02:13 history_length: 41
2024-05-22 18:02:13 stopping: early
2024-05-22 18:02:13 Comparing y_true and y_pred:
2024-05-22 18:02:13   mse: 0.01954587
2024-05-22 18:02:13   mae: 0.11861714
2024-05-22 18:02:13   r2: -0.82134658
2024-05-22 18:02:13   corr: 0.54146099
