2024-05-22 13:29:36 UNO RUN ...
2024-05-22 13:29:36 Params: {'model_name': 'uno', 'train_sources': ['CCLE'], 'test_sources': ['train'], 'cell_types': None, 'cell_features': ['rnaseq'], 'drug_features': ['descriptors'], 'dense': [1000, 1000, 1000, 1000, 1000], 'dense_feature_layers': [1000, 1000, 1000], 'activation': 'relu', 'loss': 'mse', 'optimizer': 'adamax', 'scaling': 'std', 'dropout': 0.1, 'epochs': 50, 'batch_size': 32, 'val_split': 0.2, 'cv': 1, 'max_val_loss': 1.0, 'learning_rate': 0.0001, 'base_lr': None, 'agg_dose': 'AUC', 'residual': False, 'reduce_lr': True, 'warmup_lr': True, 'batch_normalization': False, 'feature_subsample': 0, 'rng_seed': 2018, 'no_gen': False, 'verbose': False, 'preprocess_rnaseq': 'source_scale', 'gpus': [0], 'use_landmark_genes': True, 'no_feature_source': True, 'no_response_source': True, 'save_path': '/dev/shm/Uno/save/9000732.amn-0001/133', 'single': True, 'on_memory_loader': True, 'ckpt_checksum': True, 'ckpt_save_interval': 0, 'timeout': -1, 'train_bool': True, 'profiling': False, 'experiment_id': '9000732.amn-0001', 'run_id': '133', 'logfile': '/dev/shm/Uno/save/9000732.amn-0001/133/python.log', 'shuffle': False, 'ckpt_restart_mode': 'off', 'ckpt_skip_epochs': 0, 'ckpt_directory': '/dev/shm/Uno/save/9000732.amn-0001/133', 'ckpt_save_best': True, 'ckpt_save_best_metric': 'val_loss', 'ckpt_save_weights_only': False, 'ckpt_keep_mode': 'linear', 'ckpt_keep_limit': 5, 'by_cell': None, 'by_drug': None, 'cell_subset_path': '', 'drug_subset_path': '', 'drug_median_response_min': -1, 'drug_median_response_max': 1, 'dense_cell_feature_layers': None, 'dense_drug_feature_layers': None, 'use_filtered_genes': False, 'feature_subset_path': '', 'cell_feature_subset_path': '', 'drug_feature_subset_path': '', 'es': True, 'cp': False, 'tb': False, 'tb_prefix': 'tb', 'partition_by': None, 'cache': None, 'export_csv': None, 'export_data': None, 'use_exported_data': '/dev/shm/Uno/x1921c4s6b0n0.133.merged.landmark.h5', 'growth_bins': 0, 'initial_weights': None, 'save_weights': '/dev/shm/Uno/save/9000732.amn-0001/133/0.1.model.h5', 'config_file': '/home/brettin/CSC249ADOA01_CNDA/brettin/Benchmarks/Pilot1/Uno/uno_auc_model.txt', 'data_type': <class 'numpy.float32'>, 'data_dir': '/dev/shm/Uno/uno/Data', 'output_dir': '/dev/shm/Uno/uno/Output/9000732.amn-0001/133'}
2024-05-22 13:29:36 Feature encoding submodel for cell.rnaseq:
2024-05-22 13:29:36 Model: "cell.rnaseq"
2024-05-22 13:29:36 _________________________________________________________________
2024-05-22 13:29:36  Layer (type)                Output Shape              Param #   
2024-05-22 13:29:36 =================================================================
2024-05-22 13:29:36  input_1 (InputLayer)        [(None, 958)]             0         
2024-05-22 13:29:36                                                                  
2024-05-22 13:29:36  dense (Dense)               (None, 1000)              959000    
2024-05-22 13:29:36                                                                  
2024-05-22 13:29:36  permanent_dropout (Permane  (None, 1000)              0         
2024-05-22 13:29:36  ntDropout)                                                      
2024-05-22 13:29:36                                                                  
2024-05-22 13:29:36  dense_1 (Dense)             (None, 1000)              1001000   
2024-05-22 13:29:36                                                                  
2024-05-22 13:29:36  permanent_dropout_1 (Perma  (None, 1000)              0         
2024-05-22 13:29:36  nentDropout)                                                    
2024-05-22 13:29:36                                                                  
2024-05-22 13:29:36  dense_2 (Dense)             (None, 1000)              1001000   
2024-05-22 13:29:36                                                                  
2024-05-22 13:29:36  permanent_dropout_2 (Perma  (None, 1000)              0         
2024-05-22 13:29:36  nentDropout)                                                    
2024-05-22 13:29:36                                                                  
2024-05-22 13:29:36 =================================================================
2024-05-22 13:29:36 Total params: 2961000 (11.30 MB)
2024-05-22 13:29:36 Trainable params: 2961000 (11.30 MB)
2024-05-22 13:29:36 Non-trainable params: 0 (0.00 Byte)
2024-05-22 13:29:36 _________________________________________________________________
2024-05-22 13:29:36 Feature encoding submodel for drug.descriptors:
2024-05-22 13:29:36 Model: "drug.descriptors"
2024-05-22 13:29:36 _________________________________________________________________
2024-05-22 13:29:36  Layer (type)                Output Shape              Param #   
2024-05-22 13:29:36 =================================================================
2024-05-22 13:29:36  input_2 (InputLayer)        [(None, 1613)]            0         
2024-05-22 13:29:36                                                                  
2024-05-22 13:29:36  dense_3 (Dense)             (None, 1000)              1614000   
2024-05-22 13:29:36                                                                  
2024-05-22 13:29:36  permanent_dropout_3 (Perma  (None, 1000)              0         
2024-05-22 13:29:36  nentDropout)                                                    
2024-05-22 13:29:36                                                                  
2024-05-22 13:29:36  dense_4 (Dense)             (None, 1000)              1001000   
2024-05-22 13:29:36                                                                  
2024-05-22 13:29:36  permanent_dropout_4 (Perma  (None, 1000)              0         
2024-05-22 13:29:36  nentDropout)                                                    
2024-05-22 13:29:36                                                                  
2024-05-22 13:29:36  dense_5 (Dense)             (None, 1000)              1001000   
2024-05-22 13:29:36                                                                  
2024-05-22 13:29:36  permanent_dropout_5 (Perma  (None, 1000)              0         
2024-05-22 13:29:36  nentDropout)                                                    
2024-05-22 13:29:36                                                                  
2024-05-22 13:29:36 =================================================================
2024-05-22 13:29:36 Total params: 3616000 (13.79 MB)
2024-05-22 13:29:36 Trainable params: 3616000 (13.79 MB)
2024-05-22 13:29:36 Non-trainable params: 0 (0.00 Byte)
2024-05-22 13:29:36 _________________________________________________________________
2024-05-22 13:29:36 Combined model:
2024-05-22 13:29:36 Model: "model"
2024-05-22 13:29:36 __________________________________________________________________________________________________
2024-05-22 13:29:36  Layer (type)                Output Shape                 Param #   Connected to                  
2024-05-22 13:29:36 ==================================================================================================
2024-05-22 13:29:36  input.cell.rnaseq (InputLa  [(None, 958)]                0         []                            
2024-05-22 13:29:36  yer)                                                                                             
2024-05-22 13:29:36                                                                                                   
2024-05-22 13:29:36  input.drug1.descriptors (I  [(None, 1613)]               0         []                            
2024-05-22 13:29:36  nputLayer)                                                                                       
2024-05-22 13:29:36                                                                                                   
2024-05-22 13:29:36  cell.rnaseq (Functional)    (None, 1000)                 2961000   ['input.cell.rnaseq[0][0]']   
2024-05-22 13:29:36                                                                                                   
2024-05-22 13:29:36  drug.descriptors (Function  (None, 1000)                 3616000   ['input.drug1.descriptors[0][0
2024-05-22 13:29:36  al)                                                                ]']                           
2024-05-22 13:29:36                                                                                                   
2024-05-22 13:29:36  concatenate (Concatenate)   (None, 2000)                 0         ['cell.rnaseq[0][0]',         
2024-05-22 13:29:36                                                                      'drug.descriptors[0][0]']    
2024-05-22 13:29:36                                                                                                   
2024-05-22 13:29:36  dense_6 (Dense)             (None, 1000)                 2001000   ['concatenate[0][0]']         
2024-05-22 13:29:36                                                                                                   
2024-05-22 13:29:36  permanent_dropout_6 (Perma  (None, 1000)                 0         ['dense_6[0][0]']             
2024-05-22 13:29:36  nentDropout)                                                                                     
2024-05-22 13:29:36                                                                                                   
2024-05-22 13:29:36  dense_7 (Dense)             (None, 1000)                 1001000   ['permanent_dropout_6[0][0]'] 
2024-05-22 13:29:36                                                                                                   
2024-05-22 13:29:36  permanent_dropout_7 (Perma  (None, 1000)                 0         ['dense_7[0][0]']             
2024-05-22 13:29:36  nentDropout)                                                                                     
2024-05-22 13:29:36                                                                                                   
2024-05-22 13:29:36  dense_8 (Dense)             (None, 1000)                 1001000   ['permanent_dropout_7[0][0]'] 
2024-05-22 13:29:36                                                                                                   
2024-05-22 13:29:36  permanent_dropout_8 (Perma  (None, 1000)                 0         ['dense_8[0][0]']             
2024-05-22 13:29:36  nentDropout)                                                                                     
2024-05-22 13:29:36                                                                                                   
2024-05-22 13:29:36  dense_9 (Dense)             (None, 1000)                 1001000   ['permanent_dropout_8[0][0]'] 
2024-05-22 13:29:36                                                                                                   
2024-05-22 13:29:36  permanent_dropout_9 (Perma  (None, 1000)                 0         ['dense_9[0][0]']             
2024-05-22 13:29:36  nentDropout)                                                                                     
2024-05-22 13:29:36                                                                                                   
2024-05-22 13:29:36  dense_10 (Dense)            (None, 1000)                 1001000   ['permanent_dropout_9[0][0]'] 
2024-05-22 13:29:36                                                                                                   
2024-05-22 13:29:36  permanent_dropout_10 (Perm  (None, 1000)                 0         ['dense_10[0][0]']            
2024-05-22 13:29:36  anentDropout)                                                                                    
2024-05-22 13:29:36                                                                                                   
2024-05-22 13:29:36  dense_11 (Dense)            (None, 1)                    1001      ['permanent_dropout_10[0][0]']
2024-05-22 13:29:36                                                                                                   
2024-05-22 13:29:36 ==================================================================================================
2024-05-22 13:29:36 Total params: 12583001 (48.00 MB)
2024-05-22 13:29:36 Trainable params: 12583001 (48.00 MB)
2024-05-22 13:29:36 Non-trainable params: 0 (0.00 Byte)
2024-05-22 13:29:36 __________________________________________________________________________________________________
2024-05-22 13:29:37 CKPT CONSTRUCT...
2024-05-22 13:29:37 CKPT CONSTRUCT OK.
2024-05-22 13:29:37 template model: <keras.src.engine.functional.Functional object at 0x15354438ebb0>
2024-05-22 13:29:38 COMPILE
2024-05-22 13:29:38 Will save weights to: /dev/shm/Uno/save/9000732.amn-0001/133/0.1.model.h5
2024-05-22 13:29:54 Between random pairs in y_val:
2024-05-22 13:29:54   mse: 0.04777138
2024-05-22 13:29:54   mae: 0.15992531
2024-05-22 13:29:54   r2: -0.99573008
2024-05-22 13:29:54   corr: 0.00213496
2024-05-22 13:29:54 Data points per epoch: train = 469620, val = 117405, test = 684
2024-05-22 13:29:54 Steps per epoch: train = 14675, val = 3668, test = 21
2024-05-22 13:29:54 Epoch 0: lr=0.001
2024-05-22 13:31:06 [Epoch: 0] loss: 0.030400, mae: 0.079514, r2: -0.374806, val_loss: 0.008441, val_mae: 0.065443, val_r2: 0.608414
2024-05-22 13:31:06 Epoch 1: lr=0.00082
2024-05-22 13:32:16 [Epoch: 1] loss: 0.007985, mae: 0.063899, r2: 0.620716, val_loss: 0.007742, val_mae: 0.062396, val_r2: 0.639877
2024-05-22 13:32:16 Epoch 2: lr=0.00064
2024-05-22 13:33:26 [Epoch: 2] loss: 0.007301, mae: 0.060728, r2: 0.652182, val_loss: 0.007188, val_mae: 0.059551, val_r2: 0.662668
2024-05-22 13:33:26 Epoch 3: lr=0.00046
2024-05-22 13:34:36 [Epoch: 3] loss: 0.006837, mae: 0.058670, r2: 0.673668, val_loss: 0.006896, val_mae: 0.058157, val_r2: 0.674114
2024-05-22 13:34:36 Epoch 4: lr=0.00028
2024-05-22 13:35:46 [Epoch: 4] loss: 0.006459, mae: 0.056877, r2: 0.690947, val_loss: 0.006639, val_mae: 0.056914, val_r2: 0.686266
2024-05-22 13:35:46 Epoch 5: lr=0.0001
2024-05-22 13:36:56 [Epoch: 5] loss: 0.006134, mae: 0.055321, r2: 0.706291, val_loss: 0.006411, val_mae: 0.056158, val_r2: 0.695558
2024-05-22 13:36:56 Epoch 6: lr=0.0001
2024-05-22 13:38:06 [Epoch: 6] loss: 0.006034, mae: 0.054900, r2: 0.710861, val_loss: 0.006372, val_mae: 0.056006, val_r2: 0.697956
2024-05-22 13:38:06 Epoch 7: lr=0.0001
2024-05-22 13:39:16 [Epoch: 7] loss: 0.005956, mae: 0.054532, r2: 0.714325, val_loss: 0.006320, val_mae: 0.055676, val_r2: 0.698735
2024-05-22 13:39:16 Epoch 8: lr=0.0001
2024-05-22 13:40:26 [Epoch: 8] loss: 0.005886, mae: 0.054261, r2: 0.717768, val_loss: 0.006338, val_mae: 0.055564, val_r2: 0.698827
2024-05-22 13:40:26 Epoch 9: lr=0.0001
2024-05-22 13:41:37 [Epoch: 9] loss: 0.005820, mae: 0.053952, r2: 0.720628, val_loss: 0.006262, val_mae: 0.055739, val_r2: 0.702917
2024-05-22 13:41:37 Epoch 10: lr=0.0001
2024-05-22 13:42:46 [Epoch: 10] loss: 0.005752, mae: 0.053643, r2: 0.723758, val_loss: 0.006248, val_mae: 0.055584, val_r2: 0.703456
2024-05-22 13:42:47 Epoch 11: lr=0.0001
2024-05-22 13:43:56 [Epoch: 11] loss: 0.005690, mae: 0.053404, r2: 0.726477, val_loss: 0.006250, val_mae: 0.055460, val_r2: 0.704107
2024-05-22 13:43:57 Epoch 12: lr=0.0001
2024-05-22 13:45:07 [Epoch: 12] loss: 0.005644, mae: 0.053169, r2: 0.728707, val_loss: 0.006194, val_mae: 0.055373, val_r2: 0.706047
2024-05-22 13:45:07 Epoch 13: lr=0.0001
2024-05-22 13:46:17 [Epoch: 13] loss: 0.005583, mae: 0.052872, r2: 0.731611, val_loss: 0.006198, val_mae: 0.054762, val_r2: 0.705565
2024-05-22 13:46:17 Epoch 14: lr=0.0001
2024-05-22 13:47:27 [Epoch: 14] loss: 0.005518, mae: 0.052582, r2: 0.734694, val_loss: 0.006195, val_mae: 0.054952, val_r2: 0.706106
2024-05-22 13:47:27 Epoch 15: lr=5e-05
2024-05-22 13:48:37 [Epoch: 15] loss: 0.005409, mae: 0.052108, r2: 0.739718, val_loss: 0.006129, val_mae: 0.055254, val_r2: 0.709036
2024-05-22 13:48:37 Epoch 16: lr=5e-05
2024-05-22 13:49:47 [Epoch: 16] loss: 0.005356, mae: 0.051873, r2: 0.742333, val_loss: 0.006133, val_mae: 0.054844, val_r2: 0.707838
2024-05-22 13:49:47 Epoch 17: lr=5e-05
2024-05-22 13:50:57 [Epoch: 17] loss: 0.005333, mae: 0.051734, r2: 0.743324, val_loss: 0.006151, val_mae: 0.055036, val_r2: 0.706454
2024-05-22 13:50:57 Epoch 18: lr=5e-05
2024-05-22 13:52:07 [Epoch: 18] loss: 0.005299, mae: 0.051561, r2: 0.744878, val_loss: 0.006133, val_mae: 0.054487, val_r2: 0.708472
2024-05-22 13:52:07 Epoch 19: lr=5e-05
2024-05-22 13:53:17 [Epoch: 19] loss: 0.005259, mae: 0.051417, r2: 0.746753, val_loss: 0.006097, val_mae: 0.054737, val_r2: 0.709391
2024-05-22 13:53:17 Epoch 20: lr=5e-05
2024-05-22 13:54:27 [Epoch: 20] loss: 0.005236, mae: 0.051316, r2: 0.747792, val_loss: 0.006102, val_mae: 0.054659, val_r2: 0.709816
2024-05-22 13:54:28 Epoch 21: lr=2.5e-05
2024-05-22 13:55:38 [Epoch: 21] loss: 0.005179, mae: 0.051012, r2: 0.750505, val_loss: 0.006110, val_mae: 0.054544, val_r2: 0.709067
2024-05-22 13:55:38 Epoch 22: lr=2.5e-05
2024-05-22 13:56:48 [Epoch: 22] loss: 0.005163, mae: 0.050928, r2: 0.751369, val_loss: 0.006096, val_mae: 0.054538, val_r2: 0.709877
2024-05-22 13:56:48 Epoch 23: lr=2.5e-05
2024-05-22 13:57:58 [Epoch: 23] loss: 0.005130, mae: 0.050797, r2: 0.752731, val_loss: 0.006110, val_mae: 0.054356, val_r2: 0.708667
2024-05-22 13:57:58 Epoch 24: lr=2.5e-05
2024-05-22 13:59:08 [Epoch: 24] loss: 0.005122, mae: 0.050746, r2: 0.753179, val_loss: 0.006092, val_mae: 0.054456, val_r2: 0.709578
2024-05-22 13:59:08 Epoch 25: lr=2.5e-05
2024-05-22 14:00:18 [Epoch: 25] loss: 0.005112, mae: 0.050727, r2: 0.753642, val_loss: 0.006096, val_mae: 0.054590, val_r2: 0.709756
2024-05-22 14:00:18 Epoch 26: lr=1.25e-05
2024-05-22 14:01:28 [Epoch: 26] loss: 0.005081, mae: 0.050551, r2: 0.755182, val_loss: 0.006118, val_mae: 0.054393, val_r2: 0.708414
2024-05-22 14:01:28 Epoch 27: lr=1.25e-05
2024-05-22 14:02:38 [Epoch: 27] loss: 0.005063, mae: 0.050480, r2: 0.755817, val_loss: 0.006093, val_mae: 0.054479, val_r2: 0.709912
2024-05-22 14:02:38 Epoch 28: lr=1.25e-05
2024-05-22 14:03:48 [Epoch: 28] loss: 0.005050, mae: 0.050424, r2: 0.756487, val_loss: 0.006079, val_mae: 0.054352, val_r2: 0.710166
2024-05-22 14:03:48 Epoch 29: lr=1.25e-05
2024-05-22 14:04:58 [Epoch: 29] loss: 0.005060, mae: 0.050441, r2: 0.756247, val_loss: 0.006081, val_mae: 0.054556, val_r2: 0.710035
2024-05-22 14:04:58 Epoch 30: lr=1.25e-05
2024-05-22 14:06:08 [Epoch: 30] loss: 0.005047, mae: 0.050385, r2: 0.756553, val_loss: 0.006102, val_mae: 0.054559, val_r2: 0.709129
2024-05-22 14:06:08 Epoch 31: lr=1e-05
2024-05-22 14:07:18 [Epoch: 31] loss: 0.005037, mae: 0.050339, r2: 0.757124, val_loss: 0.006085, val_mae: 0.054426, val_r2: 0.709795
2024-05-22 14:07:18 Epoch 32: lr=1e-05
2024-05-22 14:08:29 [Epoch: 32] loss: 0.005033, mae: 0.050342, r2: 0.757349, val_loss: 0.006097, val_mae: 0.054455, val_r2: 0.709243
2024-05-22 14:08:29 Epoch 33: lr=1e-05
2024-05-22 14:09:39 [Epoch: 33] loss: 0.005016, mae: 0.050300, r2: 0.758140, val_loss: 0.006079, val_mae: 0.054344, val_r2: 0.710453
2024-05-22 14:09:39 Epoch 34: lr=1e-05
2024-05-22 14:10:49 [Epoch: 34] loss: 0.005016, mae: 0.050284, r2: 0.758294, val_loss: 0.006086, val_mae: 0.054374, val_r2: 0.709636
2024-05-22 14:10:49 Epoch 35: lr=1e-05
2024-05-22 14:11:59 [Epoch: 35] loss: 0.005008, mae: 0.050246, r2: 0.758687, val_loss: 0.006114, val_mae: 0.054313, val_r2: 0.709142
2024-05-22 14:11:59 Epoch 36: lr=1e-05
2024-05-22 14:13:09 [Epoch: 36] loss: 0.005001, mae: 0.050178, r2: 0.758663, val_loss: 0.006099, val_mae: 0.054429, val_r2: 0.709333
2024-05-22 14:13:09 Epoch 37: lr=1e-05
2024-05-22 14:14:19 [Epoch: 37] loss: 0.005002, mae: 0.050160, r2: 0.758738, val_loss: 0.006094, val_mae: 0.054369, val_r2: 0.709598
2024-05-22 14:14:20 Epoch 38: lr=1e-05
2024-05-22 14:15:29 [Epoch: 38] loss: 0.004994, mae: 0.050166, r2: 0.759170, val_loss: 0.006082, val_mae: 0.054329, val_r2: 0.709905
2024-05-22 14:15:30 history_length: 39
2024-05-22 14:15:30 stopping: early
2024-05-22 14:15:30 Comparing y_true and y_pred:
2024-05-22 14:15:30   mse: 0.00829604
2024-05-22 14:15:30   mae: 0.07951371
2024-05-22 14:15:30   r2: -1.17760451
2024-05-22 14:15:30   corr: 0.23133918
