2024-05-22 17:13:02 UNO RUN ...
2024-05-22 17:13:02 Params: {'model_name': 'uno', 'train_sources': ['CCLE'], 'test_sources': ['train'], 'cell_types': None, 'cell_features': ['rnaseq'], 'drug_features': ['descriptors'], 'dense': [1000, 1000, 1000, 1000, 1000], 'dense_feature_layers': [1000, 1000, 1000], 'activation': 'relu', 'loss': 'mse', 'optimizer': 'adamax', 'scaling': 'std', 'dropout': 0.1, 'epochs': 50, 'batch_size': 32, 'val_split': 0.2, 'cv': 1, 'max_val_loss': 1.0, 'learning_rate': 0.0001, 'base_lr': None, 'agg_dose': 'AUC', 'residual': False, 'reduce_lr': True, 'warmup_lr': True, 'batch_normalization': False, 'feature_subsample': 0, 'rng_seed': 2018, 'no_gen': False, 'verbose': False, 'preprocess_rnaseq': 'source_scale', 'gpus': [0], 'use_landmark_genes': True, 'no_feature_source': True, 'no_response_source': True, 'save_path': '/dev/shm/Uno/save/9000841.amn-0001/32', 'single': True, 'on_memory_loader': True, 'ckpt_checksum': True, 'ckpt_save_interval': 0, 'timeout': -1, 'train_bool': True, 'profiling': False, 'experiment_id': '9000841.amn-0001', 'run_id': '32', 'logfile': '/dev/shm/Uno/save/9000841.amn-0001/32/python.log', 'shuffle': False, 'ckpt_restart_mode': 'off', 'ckpt_skip_epochs': 0, 'ckpt_directory': '/dev/shm/Uno/save/9000841.amn-0001/32', 'ckpt_save_best': True, 'ckpt_save_best_metric': 'val_loss', 'ckpt_save_weights_only': False, 'ckpt_keep_mode': 'linear', 'ckpt_keep_limit': 5, 'by_cell': None, 'by_drug': None, 'cell_subset_path': '', 'drug_subset_path': '', 'drug_median_response_min': -1, 'drug_median_response_max': 1, 'dense_cell_feature_layers': None, 'dense_drug_feature_layers': None, 'use_filtered_genes': False, 'feature_subset_path': '', 'cell_feature_subset_path': '', 'drug_feature_subset_path': '', 'es': True, 'cp': False, 'tb': False, 'tb_prefix': 'tb', 'partition_by': None, 'cache': None, 'export_csv': None, 'export_data': None, 'use_exported_data': '/dev/shm/Uno/x1921c2s7b0n0.32.merged.landmark.h5', 'growth_bins': 0, 'initial_weights': None, 'save_weights': '/dev/shm/Uno/save/9000841.amn-0001/32/4.0.model.h5', 'config_file': '/home/brettin/CSC249ADOA01_CNDA/brettin/Benchmarks/Pilot1/Uno/uno_auc_model.txt', 'data_type': <class 'numpy.float32'>, 'data_dir': '/dev/shm/Uno/uno/Data', 'output_dir': '/dev/shm/Uno/uno/Output/9000841.amn-0001/32'}
2024-05-22 17:13:02 Feature encoding submodel for cell.rnaseq:
2024-05-22 17:13:02 Model: "cell.rnaseq"
2024-05-22 17:13:02 _________________________________________________________________
2024-05-22 17:13:02  Layer (type)                Output Shape              Param #   
2024-05-22 17:13:02 =================================================================
2024-05-22 17:13:02  input_1 (InputLayer)        [(None, 958)]             0         
2024-05-22 17:13:02                                                                  
2024-05-22 17:13:02  dense (Dense)               (None, 1000)              959000    
2024-05-22 17:13:02                                                                  
2024-05-22 17:13:02  permanent_dropout (Permane  (None, 1000)              0         
2024-05-22 17:13:02  ntDropout)                                                      
2024-05-22 17:13:02                                                                  
2024-05-22 17:13:02  dense_1 (Dense)             (None, 1000)              1001000   
2024-05-22 17:13:02                                                                  
2024-05-22 17:13:02  permanent_dropout_1 (Perma  (None, 1000)              0         
2024-05-22 17:13:02  nentDropout)                                                    
2024-05-22 17:13:02                                                                  
2024-05-22 17:13:02  dense_2 (Dense)             (None, 1000)              1001000   
2024-05-22 17:13:02                                                                  
2024-05-22 17:13:02  permanent_dropout_2 (Perma  (None, 1000)              0         
2024-05-22 17:13:02  nentDropout)                                                    
2024-05-22 17:13:02                                                                  
2024-05-22 17:13:02 =================================================================
2024-05-22 17:13:02 Total params: 2961000 (11.30 MB)
2024-05-22 17:13:02 Trainable params: 2961000 (11.30 MB)
2024-05-22 17:13:02 Non-trainable params: 0 (0.00 Byte)
2024-05-22 17:13:02 _________________________________________________________________
2024-05-22 17:13:02 Feature encoding submodel for drug.descriptors:
2024-05-22 17:13:02 Model: "drug.descriptors"
2024-05-22 17:13:02 _________________________________________________________________
2024-05-22 17:13:02  Layer (type)                Output Shape              Param #   
2024-05-22 17:13:02 =================================================================
2024-05-22 17:13:02  input_2 (InputLayer)        [(None, 1613)]            0         
2024-05-22 17:13:02                                                                  
2024-05-22 17:13:02  dense_3 (Dense)             (None, 1000)              1614000   
2024-05-22 17:13:02                                                                  
2024-05-22 17:13:02  permanent_dropout_3 (Perma  (None, 1000)              0         
2024-05-22 17:13:02  nentDropout)                                                    
2024-05-22 17:13:02                                                                  
2024-05-22 17:13:02  dense_4 (Dense)             (None, 1000)              1001000   
2024-05-22 17:13:02                                                                  
2024-05-22 17:13:02  permanent_dropout_4 (Perma  (None, 1000)              0         
2024-05-22 17:13:02  nentDropout)                                                    
2024-05-22 17:13:02                                                                  
2024-05-22 17:13:02  dense_5 (Dense)             (None, 1000)              1001000   
2024-05-22 17:13:02                                                                  
2024-05-22 17:13:02  permanent_dropout_5 (Perma  (None, 1000)              0         
2024-05-22 17:13:02  nentDropout)                                                    
2024-05-22 17:13:02                                                                  
2024-05-22 17:13:02 =================================================================
2024-05-22 17:13:02 Total params: 3616000 (13.79 MB)
2024-05-22 17:13:02 Trainable params: 3616000 (13.79 MB)
2024-05-22 17:13:02 Non-trainable params: 0 (0.00 Byte)
2024-05-22 17:13:02 _________________________________________________________________
2024-05-22 17:13:02 Combined model:
2024-05-22 17:13:02 Model: "model"
2024-05-22 17:13:02 __________________________________________________________________________________________________
2024-05-22 17:13:02  Layer (type)                Output Shape                 Param #   Connected to                  
2024-05-22 17:13:02 ==================================================================================================
2024-05-22 17:13:02  input.cell.rnaseq (InputLa  [(None, 958)]                0         []                            
2024-05-22 17:13:02  yer)                                                                                             
2024-05-22 17:13:02                                                                                                   
2024-05-22 17:13:02  input.drug1.descriptors (I  [(None, 1613)]               0         []                            
2024-05-22 17:13:02  nputLayer)                                                                                       
2024-05-22 17:13:02                                                                                                   
2024-05-22 17:13:02  cell.rnaseq (Functional)    (None, 1000)                 2961000   ['input.cell.rnaseq[0][0]']   
2024-05-22 17:13:02                                                                                                   
2024-05-22 17:13:02  drug.descriptors (Function  (None, 1000)                 3616000   ['input.drug1.descriptors[0][0
2024-05-22 17:13:02  al)                                                                ]']                           
2024-05-22 17:13:02                                                                                                   
2024-05-22 17:13:02  concatenate (Concatenate)   (None, 2000)                 0         ['cell.rnaseq[0][0]',         
2024-05-22 17:13:02                                                                      'drug.descriptors[0][0]']    
2024-05-22 17:13:02                                                                                                   
2024-05-22 17:13:02  dense_6 (Dense)             (None, 1000)                 2001000   ['concatenate[0][0]']         
2024-05-22 17:13:02                                                                                                   
2024-05-22 17:13:02  permanent_dropout_6 (Perma  (None, 1000)                 0         ['dense_6[0][0]']             
2024-05-22 17:13:02  nentDropout)                                                                                     
2024-05-22 17:13:02                                                                                                   
2024-05-22 17:13:02  dense_7 (Dense)             (None, 1000)                 1001000   ['permanent_dropout_6[0][0]'] 
2024-05-22 17:13:02                                                                                                   
2024-05-22 17:13:02  permanent_dropout_7 (Perma  (None, 1000)                 0         ['dense_7[0][0]']             
2024-05-22 17:13:02  nentDropout)                                                                                     
2024-05-22 17:13:02                                                                                                   
2024-05-22 17:13:02  dense_8 (Dense)             (None, 1000)                 1001000   ['permanent_dropout_7[0][0]'] 
2024-05-22 17:13:02                                                                                                   
2024-05-22 17:13:02  permanent_dropout_8 (Perma  (None, 1000)                 0         ['dense_8[0][0]']             
2024-05-22 17:13:02  nentDropout)                                                                                     
2024-05-22 17:13:02                                                                                                   
2024-05-22 17:13:02  dense_9 (Dense)             (None, 1000)                 1001000   ['permanent_dropout_8[0][0]'] 
2024-05-22 17:13:02                                                                                                   
2024-05-22 17:13:02  permanent_dropout_9 (Perma  (None, 1000)                 0         ['dense_9[0][0]']             
2024-05-22 17:13:02  nentDropout)                                                                                     
2024-05-22 17:13:02                                                                                                   
2024-05-22 17:13:02  dense_10 (Dense)            (None, 1000)                 1001000   ['permanent_dropout_9[0][0]'] 
2024-05-22 17:13:02                                                                                                   
2024-05-22 17:13:02  permanent_dropout_10 (Perm  (None, 1000)                 0         ['dense_10[0][0]']            
2024-05-22 17:13:02  anentDropout)                                                                                    
2024-05-22 17:13:02                                                                                                   
2024-05-22 17:13:02  dense_11 (Dense)            (None, 1)                    1001      ['permanent_dropout_10[0][0]']
2024-05-22 17:13:02                                                                                                   
2024-05-22 17:13:02 ==================================================================================================
2024-05-22 17:13:02 Total params: 12583001 (48.00 MB)
2024-05-22 17:13:02 Trainable params: 12583001 (48.00 MB)
2024-05-22 17:13:02 Non-trainable params: 0 (0.00 Byte)
2024-05-22 17:13:02 __________________________________________________________________________________________________
2024-05-22 17:13:03 CKPT CONSTRUCT...
2024-05-22 17:13:03 CKPT CONSTRUCT OK.
2024-05-22 17:13:03 template model: <keras.src.engine.functional.Functional object at 0x153325a62bb0>
2024-05-22 17:13:04 COMPILE
2024-05-22 17:13:04 Will save weights to: /dev/shm/Uno/save/9000841.amn-0001/32/4.0.model.h5
2024-05-22 17:13:21 Between random pairs in y_val:
2024-05-22 17:13:21   mse: 0.04733660
2024-05-22 17:13:21   mae: 0.15974707
2024-05-22 17:13:21   r2: -1.00485731
2024-05-22 17:13:21   corr: -0.00242866
2024-05-22 17:13:21 Data points per epoch: train = 469604, val = 117401, test = 704
2024-05-22 17:13:21 Steps per epoch: train = 14675, val = 3668, test = 22
2024-05-22 17:13:21 Epoch 0: lr=0.001
2024-05-22 17:14:35 [Epoch: 0] loss: 0.023643, mae: 0.079249, r2: -0.225703, val_loss: 0.008692, val_mae: 0.066147, val_r2: 0.582277
2024-05-22 17:14:35 Epoch 1: lr=0.00082
2024-05-22 17:15:48 [Epoch: 1] loss: 0.007953, mae: 0.063732, r2: 0.622671, val_loss: 0.007542, val_mae: 0.061790, val_r2: 0.639886
2024-05-22 17:15:48 Epoch 2: lr=0.00064
2024-05-22 17:17:00 [Epoch: 2] loss: 0.007293, mae: 0.060662, r2: 0.652958, val_loss: 0.007202, val_mae: 0.059690, val_r2: 0.650874
2024-05-22 17:17:01 Epoch 3: lr=0.00046
2024-05-22 17:18:13 [Epoch: 3] loss: 0.006814, mae: 0.058493, r2: 0.674935, val_loss: 0.006814, val_mae: 0.058525, val_r2: 0.673691
2024-05-22 17:18:13 Epoch 4: lr=0.00028
2024-05-22 17:19:26 [Epoch: 4] loss: 0.006422, mae: 0.056704, r2: 0.692662, val_loss: 0.006590, val_mae: 0.057478, val_r2: 0.681988
2024-05-22 17:19:26 Epoch 5: lr=0.0001
2024-05-22 17:20:39 [Epoch: 5] loss: 0.006090, mae: 0.055197, r2: 0.708068, val_loss: 0.006444, val_mae: 0.057442, val_r2: 0.689547
2024-05-22 17:20:39 Epoch 6: lr=0.0001
2024-05-22 17:21:52 [Epoch: 6] loss: 0.005975, mae: 0.054664, r2: 0.713269, val_loss: 0.006368, val_mae: 0.056097, val_r2: 0.693115
2024-05-22 17:21:52 Epoch 7: lr=0.0001
2024-05-22 17:23:04 [Epoch: 7] loss: 0.005898, mae: 0.054315, r2: 0.716914, val_loss: 0.006364, val_mae: 0.056169, val_r2: 0.693577
2024-05-22 17:23:05 Epoch 8: lr=0.0001
2024-05-22 17:24:17 [Epoch: 8] loss: 0.005826, mae: 0.054008, r2: 0.720150, val_loss: 0.006332, val_mae: 0.056327, val_r2: 0.693954
2024-05-22 17:24:17 Epoch 9: lr=0.0001
2024-05-22 17:25:30 [Epoch: 9] loss: 0.005757, mae: 0.053680, r2: 0.723422, val_loss: 0.006304, val_mae: 0.055581, val_r2: 0.695245
2024-05-22 17:25:30 Epoch 10: lr=0.0001
2024-05-22 17:26:43 [Epoch: 10] loss: 0.005715, mae: 0.053487, r2: 0.725386, val_loss: 0.006296, val_mae: 0.056023, val_r2: 0.694302
2024-05-22 17:26:43 Epoch 11: lr=0.0001
2024-05-22 17:27:56 [Epoch: 11] loss: 0.005645, mae: 0.053231, r2: 0.728456, val_loss: 0.006264, val_mae: 0.055042, val_r2: 0.698268
2024-05-22 17:27:56 Epoch 12: lr=0.0001
2024-05-22 17:29:08 [Epoch: 12] loss: 0.005585, mae: 0.052912, r2: 0.731453, val_loss: 0.006243, val_mae: 0.055410, val_r2: 0.698350
2024-05-22 17:29:09 Epoch 13: lr=0.0001
2024-05-22 17:30:21 [Epoch: 13] loss: 0.005531, mae: 0.052649, r2: 0.733922, val_loss: 0.006244, val_mae: 0.055587, val_r2: 0.697830
2024-05-22 17:30:22 Epoch 14: lr=5e-05
2024-05-22 17:31:34 [Epoch: 14] loss: 0.005410, mae: 0.052100, r2: 0.739408, val_loss: 0.006211, val_mae: 0.055452, val_r2: 0.699918
2024-05-22 17:31:34 Epoch 15: lr=5e-05
2024-05-22 17:32:47 [Epoch: 15] loss: 0.005372, mae: 0.051886, r2: 0.741259, val_loss: 0.006193, val_mae: 0.054857, val_r2: 0.701361
2024-05-22 17:32:47 Epoch 16: lr=5e-05
2024-05-22 17:33:59 [Epoch: 16] loss: 0.005342, mae: 0.051783, r2: 0.742809, val_loss: 0.006191, val_mae: 0.055266, val_r2: 0.700903
2024-05-22 17:34:00 Epoch 17: lr=5e-05
2024-05-22 17:35:12 [Epoch: 17] loss: 0.005308, mae: 0.051618, r2: 0.744217, val_loss: 0.006191, val_mae: 0.054912, val_r2: 0.701227
2024-05-22 17:35:12 Epoch 18: lr=5e-05
2024-05-22 17:36:25 [Epoch: 18] loss: 0.005274, mae: 0.051450, r2: 0.745830, val_loss: 0.006188, val_mae: 0.055272, val_r2: 0.700996
2024-05-22 17:36:25 Epoch 19: lr=5e-05
2024-05-22 17:37:38 [Epoch: 19] loss: 0.005248, mae: 0.051337, r2: 0.747035, val_loss: 0.006205, val_mae: 0.054817, val_r2: 0.700317
2024-05-22 17:37:38 Epoch 20: lr=2.5e-05
2024-05-22 17:38:51 [Epoch: 20] loss: 0.005187, mae: 0.051063, r2: 0.749844, val_loss: 0.006184, val_mae: 0.054883, val_r2: 0.700837
2024-05-22 17:38:51 Epoch 21: lr=2.5e-05
2024-05-22 17:40:04 [Epoch: 21] loss: 0.005174, mae: 0.050990, r2: 0.750436, val_loss: 0.006173, val_mae: 0.054944, val_r2: 0.701600
2024-05-22 17:40:04 Epoch 22: lr=2.5e-05
2024-05-22 17:41:16 [Epoch: 22] loss: 0.005148, mae: 0.050887, r2: 0.751662, val_loss: 0.006162, val_mae: 0.054690, val_r2: 0.702356
2024-05-22 17:41:17 Epoch 23: lr=2.5e-05
2024-05-22 17:42:29 [Epoch: 23] loss: 0.005140, mae: 0.050818, r2: 0.752266, val_loss: 0.006174, val_mae: 0.054761, val_r2: 0.701824
2024-05-22 17:42:29 Epoch 24: lr=2.5e-05
2024-05-22 17:43:42 [Epoch: 24] loss: 0.005113, mae: 0.050700, r2: 0.753435, val_loss: 0.006172, val_mae: 0.054636, val_r2: 0.701649
2024-05-22 17:43:42 Epoch 25: lr=1.25e-05
2024-05-22 17:44:54 [Epoch: 25] loss: 0.005088, mae: 0.050600, r2: 0.754360, val_loss: 0.006187, val_mae: 0.054748, val_r2: 0.701691
2024-05-22 17:44:55 Epoch 26: lr=1.25e-05
2024-05-22 17:46:07 [Epoch: 26] loss: 0.005078, mae: 0.050540, r2: 0.755045, val_loss: 0.006170, val_mae: 0.054789, val_r2: 0.702587
2024-05-22 17:46:07 Epoch 27: lr=1.25e-05
2024-05-22 17:47:21 [Epoch: 27] loss: 0.005067, mae: 0.050507, r2: 0.755564, val_loss: 0.006165, val_mae: 0.054510, val_r2: 0.702126
2024-05-22 17:47:21 Epoch 28: lr=1.25e-05
2024-05-22 17:48:33 [Epoch: 28] loss: 0.005063, mae: 0.050446, r2: 0.755569, val_loss: 0.006153, val_mae: 0.054632, val_r2: 0.703079
2024-05-22 17:48:33 Epoch 29: lr=1.25e-05
2024-05-22 17:49:46 [Epoch: 29] loss: 0.005056, mae: 0.050428, r2: 0.756055, val_loss: 0.006175, val_mae: 0.054827, val_r2: 0.701744
2024-05-22 17:49:46 Epoch 30: lr=1e-05
2024-05-22 17:50:59 [Epoch: 30] loss: 0.005043, mae: 0.050383, r2: 0.756487, val_loss: 0.006163, val_mae: 0.054751, val_r2: 0.702650
2024-05-22 17:50:59 Epoch 31: lr=1e-05
2024-05-22 17:52:11 [Epoch: 31] loss: 0.005039, mae: 0.050378, r2: 0.756837, val_loss: 0.006153, val_mae: 0.054628, val_r2: 0.703017
2024-05-22 17:52:11 Epoch 32: lr=1e-05
2024-05-22 17:53:24 [Epoch: 32] loss: 0.005028, mae: 0.050308, r2: 0.757440, val_loss: 0.006156, val_mae: 0.054706, val_r2: 0.702671
2024-05-22 17:53:24 Epoch 33: lr=1e-05
2024-05-22 17:54:37 [Epoch: 33] loss: 0.005013, mae: 0.050248, r2: 0.757943, val_loss: 0.006144, val_mae: 0.054590, val_r2: 0.703098
2024-05-22 17:54:37 Epoch 34: lr=1e-05
2024-05-22 17:55:50 [Epoch: 34] loss: 0.005014, mae: 0.050258, r2: 0.758019, val_loss: 0.006180, val_mae: 0.054808, val_r2: 0.701814
2024-05-22 17:55:50 Epoch 35: lr=1e-05
2024-05-22 17:57:04 [Epoch: 35] loss: 0.005013, mae: 0.050250, r2: 0.757889, val_loss: 0.006173, val_mae: 0.054534, val_r2: 0.701926
2024-05-22 17:57:04 Epoch 36: lr=1e-05
2024-05-22 17:58:17 [Epoch: 36] loss: 0.005006, mae: 0.050235, r2: 0.758275, val_loss: 0.006167, val_mae: 0.054551, val_r2: 0.701988
2024-05-22 17:58:17 Epoch 37: lr=1e-05
2024-05-22 17:59:29 [Epoch: 37] loss: 0.004999, mae: 0.050158, r2: 0.758631, val_loss: 0.006197, val_mae: 0.054873, val_r2: 0.700490
2024-05-22 17:59:29 Epoch 38: lr=1e-05
2024-05-22 18:00:42 [Epoch: 38] loss: 0.004992, mae: 0.050136, r2: 0.759171, val_loss: 0.006171, val_mae: 0.054731, val_r2: 0.701667
2024-05-22 18:00:42 Epoch 39: lr=1e-05
2024-05-22 18:01:55 [Epoch: 39] loss: 0.004992, mae: 0.050127, r2: 0.758758, val_loss: 0.006175, val_mae: 0.054535, val_r2: 0.701948
2024-05-22 18:01:55 Epoch 40: lr=1e-05
2024-05-22 18:03:07 [Epoch: 40] loss: 0.004983, mae: 0.050095, r2: 0.759346, val_loss: 0.006150, val_mae: 0.054575, val_r2: 0.702656
2024-05-22 18:03:08 Epoch 41: lr=1e-05
2024-05-22 18:04:20 [Epoch: 41] loss: 0.004979, mae: 0.050051, r2: 0.759521, val_loss: 0.006176, val_mae: 0.054706, val_r2: 0.701608
2024-05-22 18:04:20 Epoch 42: lr=1e-05
2024-05-22 18:05:32 [Epoch: 42] loss: 0.004960, mae: 0.050026, r2: 0.760479, val_loss: 0.006164, val_mae: 0.054679, val_r2: 0.702133
2024-05-22 18:05:33 Epoch 43: lr=1e-05
2024-05-22 18:06:45 [Epoch: 43] loss: 0.004968, mae: 0.050025, r2: 0.760199, val_loss: 0.006183, val_mae: 0.054668, val_r2: 0.701671
2024-05-22 18:06:46 history_length: 44
2024-05-22 18:06:46 stopping: early
2024-05-22 18:06:46 Comparing y_true and y_pred:
2024-05-22 18:06:46   mse: 0.04290556
2024-05-22 18:06:46   mae: 0.17767078
2024-05-22 18:06:46   r2: -0.72779651
2024-05-22 18:06:46   corr: 0.35609803
