2024-05-09 11:42:31 UNO RUN ...
2024-05-09 11:42:31 Params: {'model_name': 'uno', 'train_sources': ['CCLE'], 'test_sources': ['train'], 'cell_types': None, 'cell_features': ['rnaseq'], 'drug_features': ['descriptors'], 'dense': [1000, 1000, 1000, 1000, 1000], 'dense_feature_layers': [1000, 1000, 1000], 'activation': 'relu', 'loss': 'mse', 'optimizer': 'adamax', 'scaling': 'std', 'dropout': 0.1, 'epochs': 30, 'batch_size': 32, 'val_split': 0.2, 'cv': 1, 'max_val_loss': 1.0, 'learning_rate': 0.0001, 'base_lr': None, 'agg_dose': 'AUC', 'residual': False, 'reduce_lr': True, 'warmup_lr': True, 'batch_normalization': False, 'feature_subsample': 0, 'rng_seed': 2018, 'no_gen': False, 'verbose': False, 'preprocess_rnaseq': 'source_scale', 'gpus': [0], 'use_landmark_genes': True, 'no_feature_source': True, 'no_response_source': True, 'save_path': '/dev/shm/Uno/save/8996461.amn-0001/32', 'single': True, 'on_memory_loader': True, 'ckpt_checksum': True, 'ckpt_save_interval': 0, 'timeout': -1, 'train_bool': True, 'profiling': False, 'experiment_id': '8996461.amn-0001', 'run_id': '32', 'logfile': '/dev/shm/Uno/save/8996461.amn-0001/32/python.log', 'shuffle': False, 'ckpt_restart_mode': 'off', 'ckpt_skip_epochs': 0, 'ckpt_directory': '/dev/shm/Uno/save/8996461.amn-0001/32', 'ckpt_save_best': True, 'ckpt_save_best_metric': 'val_loss', 'ckpt_save_weights_only': False, 'ckpt_keep_mode': 'linear', 'ckpt_keep_limit': 5, 'by_cell': None, 'by_drug': None, 'cell_subset_path': '', 'drug_subset_path': '', 'drug_median_response_min': -1, 'drug_median_response_max': 1, 'dense_cell_feature_layers': None, 'dense_drug_feature_layers': None, 'use_filtered_genes': False, 'feature_subset_path': '', 'cell_feature_subset_path': '', 'drug_feature_subset_path': '', 'es': True, 'cp': False, 'tb': False, 'tb_prefix': 'tb', 'partition_by': None, 'cache': None, 'export_csv': None, 'export_data': None, 'use_exported_data': '/dev/shm/Uno/x1921c0s6b0n0.32.merged.landmark.h5', 'growth_bins': 0, 'initial_weights': None, 'save_weights': '/dev/shm/Uno/save/8996461.amn-0001/32/4.0.model.h5', 'config_file': '/home/brettin/CSC249ADOA01_CNDA/brettin/Benchmarks/Pilot1/Uno/uno_auc_model.txt', 'data_type': <class 'numpy.float32'>, 'data_dir': '/dev/shm/Uno/uno/Data', 'output_dir': '/dev/shm/Uno/uno/Output/8996461.amn-0001/32'}
2024-05-09 11:42:31 Feature encoding submodel for cell.rnaseq:
2024-05-09 11:42:31 Model: "cell.rnaseq"
2024-05-09 11:42:31 _________________________________________________________________
2024-05-09 11:42:31  Layer (type)                Output Shape              Param #   
2024-05-09 11:42:31 =================================================================
2024-05-09 11:42:31  input_1 (InputLayer)        [(None, 958)]             0         
2024-05-09 11:42:31                                                                  
2024-05-09 11:42:31  dense (Dense)               (None, 1000)              959000    
2024-05-09 11:42:31                                                                  
2024-05-09 11:42:31  permanent_dropout (Permane  (None, 1000)              0         
2024-05-09 11:42:31  ntDropout)                                                      
2024-05-09 11:42:31                                                                  
2024-05-09 11:42:31  dense_1 (Dense)             (None, 1000)              1001000   
2024-05-09 11:42:31                                                                  
2024-05-09 11:42:31  permanent_dropout_1 (Perma  (None, 1000)              0         
2024-05-09 11:42:31  nentDropout)                                                    
2024-05-09 11:42:31                                                                  
2024-05-09 11:42:31  dense_2 (Dense)             (None, 1000)              1001000   
2024-05-09 11:42:31                                                                  
2024-05-09 11:42:31  permanent_dropout_2 (Perma  (None, 1000)              0         
2024-05-09 11:42:31  nentDropout)                                                    
2024-05-09 11:42:31                                                                  
2024-05-09 11:42:31 =================================================================
2024-05-09 11:42:31 Total params: 2961000 (11.30 MB)
2024-05-09 11:42:31 Trainable params: 2961000 (11.30 MB)
2024-05-09 11:42:31 Non-trainable params: 0 (0.00 Byte)
2024-05-09 11:42:31 _________________________________________________________________
2024-05-09 11:42:31 Feature encoding submodel for drug.descriptors:
2024-05-09 11:42:31 Model: "drug.descriptors"
2024-05-09 11:42:31 _________________________________________________________________
2024-05-09 11:42:31  Layer (type)                Output Shape              Param #   
2024-05-09 11:42:31 =================================================================
2024-05-09 11:42:31  input_2 (InputLayer)        [(None, 1613)]            0         
2024-05-09 11:42:31                                                                  
2024-05-09 11:42:31  dense_3 (Dense)             (None, 1000)              1614000   
2024-05-09 11:42:31                                                                  
2024-05-09 11:42:31  permanent_dropout_3 (Perma  (None, 1000)              0         
2024-05-09 11:42:31  nentDropout)                                                    
2024-05-09 11:42:31                                                                  
2024-05-09 11:42:31  dense_4 (Dense)             (None, 1000)              1001000   
2024-05-09 11:42:31                                                                  
2024-05-09 11:42:31  permanent_dropout_4 (Perma  (None, 1000)              0         
2024-05-09 11:42:31  nentDropout)                                                    
2024-05-09 11:42:31                                                                  
2024-05-09 11:42:31  dense_5 (Dense)             (None, 1000)              1001000   
2024-05-09 11:42:31                                                                  
2024-05-09 11:42:31  permanent_dropout_5 (Perma  (None, 1000)              0         
2024-05-09 11:42:31  nentDropout)                                                    
2024-05-09 11:42:31                                                                  
2024-05-09 11:42:31 =================================================================
2024-05-09 11:42:31 Total params: 3616000 (13.79 MB)
2024-05-09 11:42:31 Trainable params: 3616000 (13.79 MB)
2024-05-09 11:42:31 Non-trainable params: 0 (0.00 Byte)
2024-05-09 11:42:31 _________________________________________________________________
2024-05-09 11:42:31 Combined model:
2024-05-09 11:42:31 Model: "model"
2024-05-09 11:42:31 __________________________________________________________________________________________________
2024-05-09 11:42:31  Layer (type)                Output Shape                 Param #   Connected to                  
2024-05-09 11:42:31 ==================================================================================================
2024-05-09 11:42:31  input.cell.rnaseq (InputLa  [(None, 958)]                0         []                            
2024-05-09 11:42:31  yer)                                                                                             
2024-05-09 11:42:31                                                                                                   
2024-05-09 11:42:31  input.drug1.descriptors (I  [(None, 1613)]               0         []                            
2024-05-09 11:42:31  nputLayer)                                                                                       
2024-05-09 11:42:31                                                                                                   
2024-05-09 11:42:31  cell.rnaseq (Functional)    (None, 1000)                 2961000   ['input.cell.rnaseq[0][0]']   
2024-05-09 11:42:31                                                                                                   
2024-05-09 11:42:31  drug.descriptors (Function  (None, 1000)                 3616000   ['input.drug1.descriptors[0][0
2024-05-09 11:42:31  al)                                                                ]']                           
2024-05-09 11:42:31                                                                                                   
2024-05-09 11:42:31  concatenate (Concatenate)   (None, 2000)                 0         ['cell.rnaseq[0][0]',         
2024-05-09 11:42:31                                                                      'drug.descriptors[0][0]']    
2024-05-09 11:42:31                                                                                                   
2024-05-09 11:42:31  dense_6 (Dense)             (None, 1000)                 2001000   ['concatenate[0][0]']         
2024-05-09 11:42:31                                                                                                   
2024-05-09 11:42:31  permanent_dropout_6 (Perma  (None, 1000)                 0         ['dense_6[0][0]']             
2024-05-09 11:42:31  nentDropout)                                                                                     
2024-05-09 11:42:31                                                                                                   
2024-05-09 11:42:31  dense_7 (Dense)             (None, 1000)                 1001000   ['permanent_dropout_6[0][0]'] 
2024-05-09 11:42:31                                                                                                   
2024-05-09 11:42:31  permanent_dropout_7 (Perma  (None, 1000)                 0         ['dense_7[0][0]']             
2024-05-09 11:42:31  nentDropout)                                                                                     
2024-05-09 11:42:31                                                                                                   
2024-05-09 11:42:31  dense_8 (Dense)             (None, 1000)                 1001000   ['permanent_dropout_7[0][0]'] 
2024-05-09 11:42:31                                                                                                   
2024-05-09 11:42:31  permanent_dropout_8 (Perma  (None, 1000)                 0         ['dense_8[0][0]']             
2024-05-09 11:42:31  nentDropout)                                                                                     
2024-05-09 11:42:31                                                                                                   
2024-05-09 11:42:31  dense_9 (Dense)             (None, 1000)                 1001000   ['permanent_dropout_8[0][0]'] 
2024-05-09 11:42:31                                                                                                   
2024-05-09 11:42:31  permanent_dropout_9 (Perma  (None, 1000)                 0         ['dense_9[0][0]']             
2024-05-09 11:42:31  nentDropout)                                                                                     
2024-05-09 11:42:31                                                                                                   
2024-05-09 11:42:31  dense_10 (Dense)            (None, 1000)                 1001000   ['permanent_dropout_9[0][0]'] 
2024-05-09 11:42:31                                                                                                   
2024-05-09 11:42:31  permanent_dropout_10 (Perm  (None, 1000)                 0         ['dense_10[0][0]']            
2024-05-09 11:42:31  anentDropout)                                                                                    
2024-05-09 11:42:31                                                                                                   
2024-05-09 11:42:31  dense_11 (Dense)            (None, 1)                    1001      ['permanent_dropout_10[0][0]']
2024-05-09 11:42:31                                                                                                   
2024-05-09 11:42:31 ==================================================================================================
2024-05-09 11:42:31 Total params: 12583001 (48.00 MB)
2024-05-09 11:42:31 Trainable params: 12583001 (48.00 MB)
2024-05-09 11:42:31 Non-trainable params: 0 (0.00 Byte)
2024-05-09 11:42:31 __________________________________________________________________________________________________
2024-05-09 11:42:31 CKPT CONSTRUCT...
2024-05-09 11:42:31 CKPT CONSTRUCT OK.
2024-05-09 11:42:31 template model: <keras.src.engine.functional.Functional object at 0x1527b8694ac0>
2024-05-09 11:42:33 COMPILE
2024-05-09 11:42:33 Will save weights to: /dev/shm/Uno/save/8996461.amn-0001/32/4.0.model.h5
2024-05-09 11:42:50 Between random pairs in y_val:
2024-05-09 11:42:50   mse: 0.04753981
2024-05-09 11:42:50   mae: 0.15988519
2024-05-09 11:42:50   r2: -1.01096566
2024-05-09 11:42:50   corr: -0.00548283
2024-05-09 11:42:50 Data points per epoch: train = 470167, val = 117542, test = 576
2024-05-09 11:42:50 Steps per epoch: train = 14692, val = 3673, test = 18
2024-05-09 11:42:50 Epoch 0: lr=0.001
2024-05-09 11:44:04 [Epoch: 0] loss: 0.024978, mae: 0.079071, r2: -0.273801, val_loss: 0.008708, val_mae: 0.068889, val_r2: 0.579239
2024-05-09 11:44:04 Epoch 1: lr=0.00082
2024-05-09 11:45:18 [Epoch: 1] loss: 0.007977, mae: 0.063784, r2: 0.622140, val_loss: 0.007948, val_mae: 0.062857, val_r2: 0.615738
2024-05-09 11:45:18 Epoch 2: lr=0.00064
2024-05-09 11:46:30 [Epoch: 2] loss: 0.007317, mae: 0.060773, r2: 0.652364, val_loss: 0.007153, val_mae: 0.059666, val_r2: 0.658722
2024-05-09 11:46:30 Epoch 3: lr=0.00046
2024-05-09 11:47:43 [Epoch: 3] loss: 0.006853, mae: 0.058689, r2: 0.673703, val_loss: 0.006859, val_mae: 0.057968, val_r2: 0.671610
2024-05-09 11:47:43 Epoch 4: lr=0.00028
2024-05-09 11:48:56 [Epoch: 4] loss: 0.006432, mae: 0.056739, r2: 0.692898, val_loss: 0.006461, val_mae: 0.056945, val_r2: 0.689848
2024-05-09 11:48:56 Epoch 5: lr=0.0001
2024-05-09 11:50:09 [Epoch: 5] loss: 0.006109, mae: 0.055262, r2: 0.707539, val_loss: 0.006344, val_mae: 0.055840, val_r2: 0.695027
2024-05-09 11:50:09 Epoch 6: lr=0.0001
2024-05-09 11:51:21 [Epoch: 6] loss: 0.006015, mae: 0.054793, r2: 0.712162, val_loss: 0.006296, val_mae: 0.056611, val_r2: 0.696159
2024-05-09 11:51:21 Epoch 7: lr=0.0001
2024-05-09 11:52:34 [Epoch: 7] loss: 0.005923, mae: 0.054403, r2: 0.716252, val_loss: 0.006244, val_mae: 0.055808, val_r2: 0.698838
2024-05-09 11:52:34 Epoch 8: lr=0.0001
2024-05-09 11:53:47 [Epoch: 8] loss: 0.005852, mae: 0.054122, r2: 0.719337, val_loss: 0.006205, val_mae: 0.055670, val_r2: 0.702372
2024-05-09 11:53:47 Epoch 9: lr=0.0001
2024-05-09 11:54:59 [Epoch: 9] loss: 0.005788, mae: 0.053787, r2: 0.722649, val_loss: 0.006186, val_mae: 0.055510, val_r2: 0.701780
2024-05-09 11:54:59 Epoch 10: lr=0.0001
2024-05-09 11:56:12 [Epoch: 10] loss: 0.005725, mae: 0.053549, r2: 0.725322, val_loss: 0.006153, val_mae: 0.055469, val_r2: 0.704504
2024-05-09 11:56:12 Epoch 11: lr=0.0001
2024-05-09 11:57:25 [Epoch: 11] loss: 0.005669, mae: 0.053270, r2: 0.728297, val_loss: 0.006185, val_mae: 0.055550, val_r2: 0.701429
2024-05-09 11:57:25 Epoch 12: lr=0.0001
2024-05-09 11:58:38 [Epoch: 12] loss: 0.005602, mae: 0.052937, r2: 0.731326, val_loss: 0.006162, val_mae: 0.055240, val_r2: 0.702394
2024-05-09 11:58:38 Epoch 13: lr=0.0001
2024-05-09 11:59:50 [Epoch: 13] loss: 0.005544, mae: 0.052676, r2: 0.733987, val_loss: 0.006116, val_mae: 0.054863, val_r2: 0.705323
2024-05-09 11:59:51 Epoch 14: lr=5e-05
2024-05-09 12:01:03 [Epoch: 14] loss: 0.005424, mae: 0.052126, r2: 0.739292, val_loss: 0.006099, val_mae: 0.054960, val_r2: 0.705678
2024-05-09 12:01:03 Epoch 15: lr=5e-05
2024-05-09 12:02:15 [Epoch: 15] loss: 0.005383, mae: 0.051951, r2: 0.741314, val_loss: 0.006078, val_mae: 0.054593, val_r2: 0.706926
2024-05-09 12:02:16 Epoch 16: lr=5e-05
2024-05-09 12:03:28 [Epoch: 16] loss: 0.005354, mae: 0.051812, r2: 0.742469, val_loss: 0.006067, val_mae: 0.054696, val_r2: 0.707198
2024-05-09 12:03:29 Epoch 17: lr=5e-05
2024-05-09 12:04:41 [Epoch: 17] loss: 0.005331, mae: 0.051706, r2: 0.743847, val_loss: 0.006065, val_mae: 0.054686, val_r2: 0.707732
2024-05-09 12:04:42 Epoch 18: lr=5e-05
2024-05-09 12:05:54 [Epoch: 18] loss: 0.005291, mae: 0.051538, r2: 0.745451, val_loss: 0.006075, val_mae: 0.054513, val_r2: 0.707210
2024-05-09 12:05:55 Epoch 19: lr=5e-05
2024-05-09 12:07:07 [Epoch: 19] loss: 0.005266, mae: 0.051382, r2: 0.746691, val_loss: 0.006072, val_mae: 0.055291, val_r2: 0.706806
2024-05-09 12:07:07 Epoch 20: lr=2.5e-05
2024-05-09 12:08:20 [Epoch: 20] loss: 0.005203, mae: 0.051147, r2: 0.749613, val_loss: 0.006053, val_mae: 0.054338, val_r2: 0.708040
2024-05-09 12:08:20 Epoch 21: lr=2.5e-05
2024-05-09 12:09:32 [Epoch: 21] loss: 0.005186, mae: 0.051005, r2: 0.750668, val_loss: 0.006046, val_mae: 0.054561, val_r2: 0.707771
2024-05-09 12:09:33 Epoch 22: lr=2.5e-05
2024-05-09 12:10:45 [Epoch: 22] loss: 0.005167, mae: 0.050917, r2: 0.751504, val_loss: 0.006041, val_mae: 0.054564, val_r2: 0.708118
2024-05-09 12:10:45 Epoch 23: lr=2.5e-05
2024-05-09 12:11:58 [Epoch: 23] loss: 0.005148, mae: 0.050834, r2: 0.752410, val_loss: 0.006043, val_mae: 0.054508, val_r2: 0.708500
2024-05-09 12:11:58 Epoch 24: lr=2.5e-05
2024-05-09 12:13:11 [Epoch: 24] loss: 0.005141, mae: 0.050803, r2: 0.752580, val_loss: 0.006034, val_mae: 0.054275, val_r2: 0.709186
2024-05-09 12:13:11 Epoch 25: lr=1.25e-05
2024-05-09 12:14:23 [Epoch: 25] loss: 0.005103, mae: 0.050650, r2: 0.754447, val_loss: 0.006054, val_mae: 0.054365, val_r2: 0.707651
2024-05-09 12:14:24 Epoch 26: lr=1.25e-05
2024-05-09 12:15:36 [Epoch: 26] loss: 0.005090, mae: 0.050567, r2: 0.754913, val_loss: 0.006062, val_mae: 0.054387, val_r2: 0.707376
2024-05-09 12:15:36 Epoch 27: lr=1.25e-05
2024-05-09 12:16:49 [Epoch: 27] loss: 0.005084, mae: 0.050543, r2: 0.755419, val_loss: 0.006040, val_mae: 0.054313, val_r2: 0.708800
2024-05-09 12:16:49 Epoch 28: lr=1.25e-05
2024-05-09 12:18:02 [Epoch: 28] loss: 0.005074, mae: 0.050521, r2: 0.755676, val_loss: 0.006042, val_mae: 0.054239, val_r2: 0.708133
2024-05-09 12:18:02 Epoch 29: lr=1.25e-05
2024-05-09 12:19:14 [Epoch: 29] loss: 0.005066, mae: 0.050449, r2: 0.756317, val_loss: 0.006029, val_mae: 0.054157, val_r2: 0.708600
2024-05-09 12:19:14 history_length: 30
2024-05-09 12:19:14 stopping: complete
2024-05-09 12:19:14 Comparing y_true and y_pred:
2024-05-09 12:19:14   mse: 0.00430338
2024-05-09 12:19:14   mae: 0.05098934
2024-05-09 12:19:14   r2: 0.60905521
2024-05-09 12:19:14   corr: 0.78062185
