2024-05-09 11:42:30 UNO RUN ...
2024-05-09 11:42:30 Params: {'model_name': 'uno', 'train_sources': ['CCLE'], 'test_sources': ['train'], 'cell_types': None, 'cell_features': ['rnaseq'], 'drug_features': ['descriptors'], 'dense': [1000, 1000, 1000, 1000, 1000], 'dense_feature_layers': [1000, 1000, 1000], 'activation': 'relu', 'loss': 'mse', 'optimizer': 'adamax', 'scaling': 'std', 'dropout': 0.1, 'epochs': 30, 'batch_size': 32, 'val_split': 0.2, 'cv': 1, 'max_val_loss': 1.0, 'learning_rate': 0.0001, 'base_lr': None, 'agg_dose': 'AUC', 'residual': False, 'reduce_lr': True, 'warmup_lr': True, 'batch_normalization': False, 'feature_subsample': 0, 'rng_seed': 2018, 'no_gen': False, 'verbose': False, 'preprocess_rnaseq': 'source_scale', 'gpus': [0], 'use_landmark_genes': True, 'no_feature_source': True, 'no_response_source': True, 'save_path': '/dev/shm/Uno/save/8996461.amn-0001/263', 'single': True, 'on_memory_loader': True, 'ckpt_checksum': True, 'ckpt_save_interval': 0, 'timeout': -1, 'train_bool': True, 'profiling': False, 'experiment_id': '8996461.amn-0001', 'run_id': '263', 'logfile': '/dev/shm/Uno/save/8996461.amn-0001/263/python.log', 'shuffle': False, 'ckpt_restart_mode': 'off', 'ckpt_skip_epochs': 0, 'ckpt_directory': '/dev/shm/Uno/save/8996461.amn-0001/263', 'ckpt_save_best': True, 'ckpt_save_best_metric': 'val_loss', 'ckpt_save_weights_only': False, 'ckpt_keep_mode': 'linear', 'ckpt_keep_limit': 5, 'by_cell': None, 'by_drug': None, 'cell_subset_path': '', 'drug_subset_path': '', 'drug_median_response_min': -1, 'drug_median_response_max': 1, 'dense_cell_feature_layers': None, 'dense_drug_feature_layers': None, 'use_filtered_genes': False, 'feature_subset_path': '', 'cell_feature_subset_path': '', 'drug_feature_subset_path': '', 'es': True, 'cp': False, 'tb': False, 'tb_prefix': 'tb', 'partition_by': None, 'cache': None, 'export_csv': None, 'export_data': None, 'use_exported_data': '/dev/shm/Uno/x1921c3s3b0n0.263.merged.landmark.h5', 'growth_bins': 0, 'initial_weights': None, 'save_weights': '/dev/shm/Uno/save/8996461.amn-0001/263/5.1.model.h5', 'config_file': '/home/brettin/CSC249ADOA01_CNDA/brettin/Benchmarks/Pilot1/Uno/uno_auc_model.txt', 'data_type': <class 'numpy.float32'>, 'data_dir': '/dev/shm/Uno/uno/Data', 'output_dir': '/dev/shm/Uno/uno/Output/8996461.amn-0001/263'}
2024-05-09 11:42:31 Feature encoding submodel for cell.rnaseq:
2024-05-09 11:42:31 Model: "cell.rnaseq"
2024-05-09 11:42:31 _________________________________________________________________
2024-05-09 11:42:31  Layer (type)                Output Shape              Param #   
2024-05-09 11:42:31 =================================================================
2024-05-09 11:42:31  input_1 (InputLayer)        [(None, 958)]             0         
2024-05-09 11:42:31                                                                  
2024-05-09 11:42:31  dense (Dense)               (None, 1000)              959000    
2024-05-09 11:42:31                                                                  
2024-05-09 11:42:31  permanent_dropout (Permane  (None, 1000)              0         
2024-05-09 11:42:31  ntDropout)                                                      
2024-05-09 11:42:31                                                                  
2024-05-09 11:42:31  dense_1 (Dense)             (None, 1000)              1001000   
2024-05-09 11:42:31                                                                  
2024-05-09 11:42:31  permanent_dropout_1 (Perma  (None, 1000)              0         
2024-05-09 11:42:31  nentDropout)                                                    
2024-05-09 11:42:31                                                                  
2024-05-09 11:42:31  dense_2 (Dense)             (None, 1000)              1001000   
2024-05-09 11:42:31                                                                  
2024-05-09 11:42:31  permanent_dropout_2 (Perma  (None, 1000)              0         
2024-05-09 11:42:31  nentDropout)                                                    
2024-05-09 11:42:31                                                                  
2024-05-09 11:42:31 =================================================================
2024-05-09 11:42:31 Total params: 2961000 (11.30 MB)
2024-05-09 11:42:31 Trainable params: 2961000 (11.30 MB)
2024-05-09 11:42:31 Non-trainable params: 0 (0.00 Byte)
2024-05-09 11:42:31 _________________________________________________________________
2024-05-09 11:42:31 Feature encoding submodel for drug.descriptors:
2024-05-09 11:42:31 Model: "drug.descriptors"
2024-05-09 11:42:31 _________________________________________________________________
2024-05-09 11:42:31  Layer (type)                Output Shape              Param #   
2024-05-09 11:42:31 =================================================================
2024-05-09 11:42:31  input_2 (InputLayer)        [(None, 1613)]            0         
2024-05-09 11:42:31                                                                  
2024-05-09 11:42:31  dense_3 (Dense)             (None, 1000)              1614000   
2024-05-09 11:42:31                                                                  
2024-05-09 11:42:31  permanent_dropout_3 (Perma  (None, 1000)              0         
2024-05-09 11:42:31  nentDropout)                                                    
2024-05-09 11:42:31                                                                  
2024-05-09 11:42:31  dense_4 (Dense)             (None, 1000)              1001000   
2024-05-09 11:42:31                                                                  
2024-05-09 11:42:31  permanent_dropout_4 (Perma  (None, 1000)              0         
2024-05-09 11:42:31  nentDropout)                                                    
2024-05-09 11:42:31                                                                  
2024-05-09 11:42:31  dense_5 (Dense)             (None, 1000)              1001000   
2024-05-09 11:42:31                                                                  
2024-05-09 11:42:31  permanent_dropout_5 (Perma  (None, 1000)              0         
2024-05-09 11:42:31  nentDropout)                                                    
2024-05-09 11:42:31                                                                  
2024-05-09 11:42:31 =================================================================
2024-05-09 11:42:31 Total params: 3616000 (13.79 MB)
2024-05-09 11:42:31 Trainable params: 3616000 (13.79 MB)
2024-05-09 11:42:31 Non-trainable params: 0 (0.00 Byte)
2024-05-09 11:42:31 _________________________________________________________________
2024-05-09 11:42:31 Combined model:
2024-05-09 11:42:31 Model: "model"
2024-05-09 11:42:31 __________________________________________________________________________________________________
2024-05-09 11:42:31  Layer (type)                Output Shape                 Param #   Connected to                  
2024-05-09 11:42:31 ==================================================================================================
2024-05-09 11:42:31  input.cell.rnaseq (InputLa  [(None, 958)]                0         []                            
2024-05-09 11:42:31  yer)                                                                                             
2024-05-09 11:42:31                                                                                                   
2024-05-09 11:42:31  input.drug1.descriptors (I  [(None, 1613)]               0         []                            
2024-05-09 11:42:31  nputLayer)                                                                                       
2024-05-09 11:42:31                                                                                                   
2024-05-09 11:42:31  cell.rnaseq (Functional)    (None, 1000)                 2961000   ['input.cell.rnaseq[0][0]']   
2024-05-09 11:42:31                                                                                                   
2024-05-09 11:42:31  drug.descriptors (Function  (None, 1000)                 3616000   ['input.drug1.descriptors[0][0
2024-05-09 11:42:31  al)                                                                ]']                           
2024-05-09 11:42:31                                                                                                   
2024-05-09 11:42:31  concatenate (Concatenate)   (None, 2000)                 0         ['cell.rnaseq[0][0]',         
2024-05-09 11:42:31                                                                      'drug.descriptors[0][0]']    
2024-05-09 11:42:31                                                                                                   
2024-05-09 11:42:31  dense_6 (Dense)             (None, 1000)                 2001000   ['concatenate[0][0]']         
2024-05-09 11:42:31                                                                                                   
2024-05-09 11:42:31  permanent_dropout_6 (Perma  (None, 1000)                 0         ['dense_6[0][0]']             
2024-05-09 11:42:31  nentDropout)                                                                                     
2024-05-09 11:42:31                                                                                                   
2024-05-09 11:42:31  dense_7 (Dense)             (None, 1000)                 1001000   ['permanent_dropout_6[0][0]'] 
2024-05-09 11:42:31                                                                                                   
2024-05-09 11:42:31  permanent_dropout_7 (Perma  (None, 1000)                 0         ['dense_7[0][0]']             
2024-05-09 11:42:31  nentDropout)                                                                                     
2024-05-09 11:42:31                                                                                                   
2024-05-09 11:42:31  dense_8 (Dense)             (None, 1000)                 1001000   ['permanent_dropout_7[0][0]'] 
2024-05-09 11:42:31                                                                                                   
2024-05-09 11:42:31  permanent_dropout_8 (Perma  (None, 1000)                 0         ['dense_8[0][0]']             
2024-05-09 11:42:31  nentDropout)                                                                                     
2024-05-09 11:42:31                                                                                                   
2024-05-09 11:42:31  dense_9 (Dense)             (None, 1000)                 1001000   ['permanent_dropout_8[0][0]'] 
2024-05-09 11:42:31                                                                                                   
2024-05-09 11:42:31  permanent_dropout_9 (Perma  (None, 1000)                 0         ['dense_9[0][0]']             
2024-05-09 11:42:31  nentDropout)                                                                                     
2024-05-09 11:42:31                                                                                                   
2024-05-09 11:42:31  dense_10 (Dense)            (None, 1000)                 1001000   ['permanent_dropout_9[0][0]'] 
2024-05-09 11:42:31                                                                                                   
2024-05-09 11:42:31  permanent_dropout_10 (Perm  (None, 1000)                 0         ['dense_10[0][0]']            
2024-05-09 11:42:31  anentDropout)                                                                                    
2024-05-09 11:42:31                                                                                                   
2024-05-09 11:42:31  dense_11 (Dense)            (None, 1)                    1001      ['permanent_dropout_10[0][0]']
2024-05-09 11:42:31                                                                                                   
2024-05-09 11:42:31 ==================================================================================================
2024-05-09 11:42:31 Total params: 12583001 (48.00 MB)
2024-05-09 11:42:31 Trainable params: 12583001 (48.00 MB)
2024-05-09 11:42:31 Non-trainable params: 0 (0.00 Byte)
2024-05-09 11:42:31 __________________________________________________________________________________________________
2024-05-09 11:42:31 CKPT CONSTRUCT...
2024-05-09 11:42:31 CKPT CONSTRUCT OK.
2024-05-09 11:42:31 template model: <keras.src.engine.functional.Functional object at 0x15362aa627c0>
2024-05-09 11:42:33 COMPILE
2024-05-09 11:42:33 Will save weights to: /dev/shm/Uno/save/8996461.amn-0001/263/5.1.model.h5
2024-05-09 11:42:49 Between random pairs in y_val:
2024-05-09 11:42:49   mse: 0.04766339
2024-05-09 11:42:49   mae: 0.15993472
2024-05-09 11:42:49   r2: -0.99703567
2024-05-09 11:42:49   corr: 0.00148216
2024-05-09 11:42:49 Data points per epoch: train = 470167, val = 117542, test = 644
2024-05-09 11:42:49 Steps per epoch: train = 14692, val = 3673, test = 20
2024-05-09 11:42:49 Epoch 0: lr=0.001
2024-05-09 11:44:02 [Epoch: 0] loss: 0.023104, mae: 0.079291, r2: -0.098019, val_loss: 0.008388, val_mae: 0.065500, val_r2: 0.603127
2024-05-09 11:44:02 Epoch 1: lr=0.00082
2024-05-09 11:45:13 [Epoch: 1] loss: 0.007976, mae: 0.063890, r2: 0.621211, val_loss: 0.007644, val_mae: 0.062538, val_r2: 0.640990
2024-05-09 11:45:13 Epoch 2: lr=0.00064
2024-05-09 11:46:24 [Epoch: 2] loss: 0.007315, mae: 0.060862, r2: 0.651925, val_loss: 0.007131, val_mae: 0.059374, val_r2: 0.660069
2024-05-09 11:46:24 Epoch 3: lr=0.00046
2024-05-09 11:47:35 [Epoch: 3] loss: 0.006831, mae: 0.058628, r2: 0.674181, val_loss: 0.006775, val_mae: 0.058174, val_r2: 0.677200
2024-05-09 11:47:35 Epoch 4: lr=0.00028
2024-05-09 11:48:47 [Epoch: 4] loss: 0.006436, mae: 0.056822, r2: 0.692035, val_loss: 0.006561, val_mae: 0.056612, val_r2: 0.686510
2024-05-09 11:48:47 Epoch 5: lr=0.0001
2024-05-09 11:49:58 [Epoch: 5] loss: 0.006106, mae: 0.055309, r2: 0.707318, val_loss: 0.006412, val_mae: 0.056093, val_r2: 0.694522
2024-05-09 11:49:59 Epoch 6: lr=0.0001
2024-05-09 11:51:10 [Epoch: 6] loss: 0.006001, mae: 0.054847, r2: 0.712142, val_loss: 0.006344, val_mae: 0.056024, val_r2: 0.695005
2024-05-09 11:51:10 Epoch 7: lr=0.0001
2024-05-09 11:52:21 [Epoch: 7] loss: 0.005914, mae: 0.054471, r2: 0.716314, val_loss: 0.006388, val_mae: 0.055676, val_r2: 0.694911
2024-05-09 11:52:21 Epoch 8: lr=0.0001
2024-05-09 11:53:32 [Epoch: 8] loss: 0.005852, mae: 0.054165, r2: 0.718853, val_loss: 0.006285, val_mae: 0.055902, val_r2: 0.698226
2024-05-09 11:53:32 Epoch 9: lr=0.0001
2024-05-09 11:54:43 [Epoch: 9] loss: 0.005785, mae: 0.053897, r2: 0.722176, val_loss: 0.006243, val_mae: 0.055706, val_r2: 0.700866
2024-05-09 11:54:43 Epoch 10: lr=0.0001
2024-05-09 11:55:54 [Epoch: 10] loss: 0.005731, mae: 0.053632, r2: 0.724688, val_loss: 0.006231, val_mae: 0.055156, val_r2: 0.701551
2024-05-09 11:55:54 Epoch 11: lr=0.0001
2024-05-09 11:57:05 [Epoch: 11] loss: 0.005665, mae: 0.053286, r2: 0.727895, val_loss: 0.006192, val_mae: 0.055328, val_r2: 0.702995
2024-05-09 11:57:05 Epoch 12: lr=0.0001
2024-05-09 11:58:17 [Epoch: 12] loss: 0.005610, mae: 0.053023, r2: 0.730488, val_loss: 0.006188, val_mae: 0.055340, val_r2: 0.703242
2024-05-09 11:58:17 Epoch 13: lr=0.0001
2024-05-09 11:59:28 [Epoch: 13] loss: 0.005544, mae: 0.052761, r2: 0.733227, val_loss: 0.006177, val_mae: 0.055229, val_r2: 0.704071
2024-05-09 11:59:28 Epoch 14: lr=0.0001
2024-05-09 12:00:40 [Epoch: 14] loss: 0.005503, mae: 0.052565, r2: 0.735423, val_loss: 0.006179, val_mae: 0.054663, val_r2: 0.704921
2024-05-09 12:00:40 Epoch 15: lr=0.0001
2024-05-09 12:01:51 [Epoch: 15] loss: 0.005448, mae: 0.052308, r2: 0.737886, val_loss: 0.006139, val_mae: 0.055490, val_r2: 0.706727
2024-05-09 12:01:51 Epoch 16: lr=0.0001
2024-05-09 12:03:02 [Epoch: 16] loss: 0.005402, mae: 0.052126, r2: 0.740212, val_loss: 0.006130, val_mae: 0.054823, val_r2: 0.705986
2024-05-09 12:03:02 Epoch 17: lr=0.0001
2024-05-09 12:04:13 [Epoch: 17] loss: 0.005352, mae: 0.051851, r2: 0.742364, val_loss: 0.006100, val_mae: 0.054941, val_r2: 0.708591
2024-05-09 12:04:13 Epoch 18: lr=0.0001
2024-05-09 12:05:24 [Epoch: 18] loss: 0.005294, mae: 0.051604, r2: 0.744925, val_loss: 0.006100, val_mae: 0.054493, val_r2: 0.708555
2024-05-09 12:05:24 Epoch 19: lr=5e-05
2024-05-09 12:06:35 [Epoch: 19] loss: 0.005196, mae: 0.051104, r2: 0.749903, val_loss: 0.006096, val_mae: 0.054476, val_r2: 0.708260
2024-05-09 12:06:35 Epoch 20: lr=5e-05
2024-05-09 12:07:46 [Epoch: 20] loss: 0.005157, mae: 0.050932, r2: 0.751451, val_loss: 0.006077, val_mae: 0.054412, val_r2: 0.709477
2024-05-09 12:07:47 Epoch 21: lr=5e-05
2024-05-09 12:08:58 [Epoch: 21] loss: 0.005116, mae: 0.050747, r2: 0.753592, val_loss: 0.006065, val_mae: 0.054427, val_r2: 0.709457
2024-05-09 12:08:58 Epoch 22: lr=5e-05
2024-05-09 12:10:09 [Epoch: 22] loss: 0.005091, mae: 0.050652, r2: 0.754530, val_loss: 0.006044, val_mae: 0.054400, val_r2: 0.711030
2024-05-09 12:10:09 Epoch 23: lr=5e-05
2024-05-09 12:11:20 [Epoch: 23] loss: 0.005067, mae: 0.050525, r2: 0.755776, val_loss: 0.006058, val_mae: 0.054863, val_r2: 0.709147
2024-05-09 12:11:20 Epoch 24: lr=5e-05
2024-05-09 12:12:31 [Epoch: 24] loss: 0.005046, mae: 0.050443, r2: 0.756674, val_loss: 0.006076, val_mae: 0.054377, val_r2: 0.710309
2024-05-09 12:12:31 Epoch 25: lr=5e-05
2024-05-09 12:13:42 [Epoch: 25] loss: 0.005010, mae: 0.050258, r2: 0.758652, val_loss: 0.006050, val_mae: 0.054335, val_r2: 0.709814
2024-05-09 12:13:43 Epoch 26: lr=5e-05
2024-05-09 12:14:53 [Epoch: 26] loss: 0.004994, mae: 0.050154, r2: 0.759261, val_loss: 0.006045, val_mae: 0.054248, val_r2: 0.710639
2024-05-09 12:14:54 Epoch 27: lr=2.5e-05
2024-05-09 12:16:05 [Epoch: 27] loss: 0.004935, mae: 0.049890, r2: 0.761995, val_loss: 0.006062, val_mae: 0.054045, val_r2: 0.710298
2024-05-09 12:16:05 Epoch 28: lr=2.5e-05
2024-05-09 12:17:16 [Epoch: 28] loss: 0.004914, mae: 0.049785, r2: 0.762873, val_loss: 0.006043, val_mae: 0.054186, val_r2: 0.711144
2024-05-09 12:17:16 Epoch 29: lr=2.5e-05
2024-05-09 12:18:27 [Epoch: 29] loss: 0.004894, mae: 0.049687, r2: 0.763990, val_loss: 0.006028, val_mae: 0.054188, val_r2: 0.711803
2024-05-09 12:18:27 history_length: 30
2024-05-09 12:18:27 stopping: complete
2024-05-09 12:18:27 Comparing y_true and y_pred:
2024-05-09 12:18:27   mse: 0.00357589
2024-05-09 12:18:27   mae: 0.04658091
2024-05-09 12:18:27   r2: 0.22850278
2024-05-09 12:18:27   corr: 0.48005973
