2024-04-29 10:35:23 UNO RUN ...
2024-04-29 10:35:23 Params: {'model_name': 'uno', 'train_sources': ['CCLE'], 'test_sources': ['train'], 'cell_types': None, 'cell_features': ['rnaseq'], 'drug_features': ['descriptors'], 'dense': [1000, 1000, 1000, 1000, 1000], 'dense_feature_layers': [1000, 1000, 1000], 'activation': 'relu', 'loss': 'mse', 'optimizer': 'adamax', 'scaling': 'std', 'dropout': 0.1, 'epochs': 30, 'batch_size': 32, 'val_split': 0.2, 'cv': 1, 'max_val_loss': 1.0, 'learning_rate': 0.0001, 'base_lr': None, 'agg_dose': 'AUC', 'residual': False, 'reduce_lr': True, 'warmup_lr': True, 'batch_normalization': False, 'feature_subsample': 0, 'rng_seed': 2018, 'no_gen': False, 'verbose': False, 'preprocess_rnaseq': 'source_scale', 'gpus': [0], 'use_landmark_genes': True, 'no_feature_source': True, 'no_response_source': True, 'save_path': '/dev/shm/Uno/save/8994056.amn-0001/16', 'single': True, 'on_memory_loader': True, 'ckpt_checksum': True, 'ckpt_save_interval': 0, 'timeout': -1, 'train_bool': True, 'profiling': False, 'experiment_id': '8994056.amn-0001', 'run_id': '16', 'logfile': '/dev/shm/Uno/save/8994056.amn-0001/16/python.log', 'shuffle': False, 'ckpt_restart_mode': 'off', 'ckpt_skip_epochs': 0, 'ckpt_directory': '/dev/shm/Uno/save/8994056.amn-0001/16', 'ckpt_save_best': True, 'ckpt_save_best_metric': 'val_loss', 'ckpt_save_weights_only': False, 'ckpt_keep_mode': 'linear', 'ckpt_keep_limit': 5, 'by_cell': None, 'by_drug': None, 'cell_subset_path': '', 'drug_subset_path': '', 'drug_median_response_min': -1, 'drug_median_response_max': 1, 'dense_cell_feature_layers': None, 'dense_drug_feature_layers': None, 'use_filtered_genes': False, 'feature_subset_path': '', 'cell_feature_subset_path': '', 'drug_feature_subset_path': '', 'es': True, 'cp': False, 'tb': False, 'tb_prefix': 'tb', 'partition_by': None, 'cache': None, 'export_csv': None, 'export_data': None, 'use_exported_data': '/dev/shm/Uno/x1921c6s6b0n0.16.merged.landmark.h5', 'growth_bins': 0, 'initial_weights': None, 'save_weights': '/dev/shm/Uno/save/8994056.amn-0001/16/2.0.model.h5', 'config_file': '/home/brettin/CSC249ADOA01_CNDA/brettin/Benchmarks/Pilot1/Uno/uno_auc_model.txt', 'data_type': <class 'numpy.float32'>, 'data_dir': '/dev/shm/Uno/uno/Data', 'output_dir': '/dev/shm/Uno/uno/Output/8994056.amn-0001/16'}
2024-04-29 10:35:24 Feature encoding submodel for cell.rnaseq:
2024-04-29 10:35:24 Model: "cell.rnaseq"
2024-04-29 10:35:24 _________________________________________________________________
2024-04-29 10:35:24  Layer (type)                Output Shape              Param #   
2024-04-29 10:35:24 =================================================================
2024-04-29 10:35:24  input_1 (InputLayer)        [(None, 958)]             0         
2024-04-29 10:35:24                                                                  
2024-04-29 10:35:24  dense (Dense)               (None, 1000)              959000    
2024-04-29 10:35:24                                                                  
2024-04-29 10:35:24  permanent_dropout (Permane  (None, 1000)              0         
2024-04-29 10:35:24  ntDropout)                                                      
2024-04-29 10:35:24                                                                  
2024-04-29 10:35:24  dense_1 (Dense)             (None, 1000)              1001000   
2024-04-29 10:35:24                                                                  
2024-04-29 10:35:24  permanent_dropout_1 (Perma  (None, 1000)              0         
2024-04-29 10:35:24  nentDropout)                                                    
2024-04-29 10:35:24                                                                  
2024-04-29 10:35:24  dense_2 (Dense)             (None, 1000)              1001000   
2024-04-29 10:35:24                                                                  
2024-04-29 10:35:24  permanent_dropout_2 (Perma  (None, 1000)              0         
2024-04-29 10:35:24  nentDropout)                                                    
2024-04-29 10:35:24                                                                  
2024-04-29 10:35:24 =================================================================
2024-04-29 10:35:24 Total params: 2961000 (11.30 MB)
2024-04-29 10:35:24 Trainable params: 2961000 (11.30 MB)
2024-04-29 10:35:24 Non-trainable params: 0 (0.00 Byte)
2024-04-29 10:35:24 _________________________________________________________________
2024-04-29 10:35:24 Feature encoding submodel for drug.descriptors:
2024-04-29 10:35:24 Model: "drug.descriptors"
2024-04-29 10:35:24 _________________________________________________________________
2024-04-29 10:35:24  Layer (type)                Output Shape              Param #   
2024-04-29 10:35:24 =================================================================
2024-04-29 10:35:24  input_2 (InputLayer)        [(None, 1613)]            0         
2024-04-29 10:35:24                                                                  
2024-04-29 10:35:24  dense_3 (Dense)             (None, 1000)              1614000   
2024-04-29 10:35:24                                                                  
2024-04-29 10:35:24  permanent_dropout_3 (Perma  (None, 1000)              0         
2024-04-29 10:35:24  nentDropout)                                                    
2024-04-29 10:35:24                                                                  
2024-04-29 10:35:24  dense_4 (Dense)             (None, 1000)              1001000   
2024-04-29 10:35:24                                                                  
2024-04-29 10:35:24  permanent_dropout_4 (Perma  (None, 1000)              0         
2024-04-29 10:35:24  nentDropout)                                                    
2024-04-29 10:35:24                                                                  
2024-04-29 10:35:24  dense_5 (Dense)             (None, 1000)              1001000   
2024-04-29 10:35:24                                                                  
2024-04-29 10:35:24  permanent_dropout_5 (Perma  (None, 1000)              0         
2024-04-29 10:35:24  nentDropout)                                                    
2024-04-29 10:35:24                                                                  
2024-04-29 10:35:24 =================================================================
2024-04-29 10:35:24 Total params: 3616000 (13.79 MB)
2024-04-29 10:35:24 Trainable params: 3616000 (13.79 MB)
2024-04-29 10:35:24 Non-trainable params: 0 (0.00 Byte)
2024-04-29 10:35:24 _________________________________________________________________
2024-04-29 10:35:24 Combined model:
2024-04-29 10:35:24 Model: "model"
2024-04-29 10:35:24 __________________________________________________________________________________________________
2024-04-29 10:35:24  Layer (type)                Output Shape                 Param #   Connected to                  
2024-04-29 10:35:24 ==================================================================================================
2024-04-29 10:35:24  input.cell.rnaseq (InputLa  [(None, 958)]                0         []                            
2024-04-29 10:35:24  yer)                                                                                             
2024-04-29 10:35:24                                                                                                   
2024-04-29 10:35:24  input.drug1.descriptors (I  [(None, 1613)]               0         []                            
2024-04-29 10:35:24  nputLayer)                                                                                       
2024-04-29 10:35:24                                                                                                   
2024-04-29 10:35:24  cell.rnaseq (Functional)    (None, 1000)                 2961000   ['input.cell.rnaseq[0][0]']   
2024-04-29 10:35:24                                                                                                   
2024-04-29 10:35:24  drug.descriptors (Function  (None, 1000)                 3616000   ['input.drug1.descriptors[0][0
2024-04-29 10:35:24  al)                                                                ]']                           
2024-04-29 10:35:24                                                                                                   
2024-04-29 10:35:24  concatenate (Concatenate)   (None, 2000)                 0         ['cell.rnaseq[0][0]',         
2024-04-29 10:35:24                                                                      'drug.descriptors[0][0]']    
2024-04-29 10:35:24                                                                                                   
2024-04-29 10:35:24  dense_6 (Dense)             (None, 1000)                 2001000   ['concatenate[0][0]']         
2024-04-29 10:35:24                                                                                                   
2024-04-29 10:35:24  permanent_dropout_6 (Perma  (None, 1000)                 0         ['dense_6[0][0]']             
2024-04-29 10:35:24  nentDropout)                                                                                     
2024-04-29 10:35:24                                                                                                   
2024-04-29 10:35:24  dense_7 (Dense)             (None, 1000)                 1001000   ['permanent_dropout_6[0][0]'] 
2024-04-29 10:35:24                                                                                                   
2024-04-29 10:35:24  permanent_dropout_7 (Perma  (None, 1000)                 0         ['dense_7[0][0]']             
2024-04-29 10:35:24  nentDropout)                                                                                     
2024-04-29 10:35:24                                                                                                   
2024-04-29 10:35:24  dense_8 (Dense)             (None, 1000)                 1001000   ['permanent_dropout_7[0][0]'] 
2024-04-29 10:35:24                                                                                                   
2024-04-29 10:35:24  permanent_dropout_8 (Perma  (None, 1000)                 0         ['dense_8[0][0]']             
2024-04-29 10:35:24  nentDropout)                                                                                     
2024-04-29 10:35:24                                                                                                   
2024-04-29 10:35:24  dense_9 (Dense)             (None, 1000)                 1001000   ['permanent_dropout_8[0][0]'] 
2024-04-29 10:35:24                                                                                                   
2024-04-29 10:35:24  permanent_dropout_9 (Perma  (None, 1000)                 0         ['dense_9[0][0]']             
2024-04-29 10:35:24  nentDropout)                                                                                     
2024-04-29 10:35:24                                                                                                   
2024-04-29 10:35:24  dense_10 (Dense)            (None, 1000)                 1001000   ['permanent_dropout_9[0][0]'] 
2024-04-29 10:35:24                                                                                                   
2024-04-29 10:35:24  permanent_dropout_10 (Perm  (None, 1000)                 0         ['dense_10[0][0]']            
2024-04-29 10:35:24  anentDropout)                                                                                    
2024-04-29 10:35:24                                                                                                   
2024-04-29 10:35:24  dense_11 (Dense)            (None, 1)                    1001      ['permanent_dropout_10[0][0]']
2024-04-29 10:35:24                                                                                                   
2024-04-29 10:35:24 ==================================================================================================
2024-04-29 10:35:24 Total params: 12583001 (48.00 MB)
2024-04-29 10:35:24 Trainable params: 12583001 (48.00 MB)
2024-04-29 10:35:24 Non-trainable params: 0 (0.00 Byte)
2024-04-29 10:35:24 __________________________________________________________________________________________________
2024-04-29 10:35:24 CKPT CONSTRUCT...
2024-04-29 10:35:24 CKPT CONSTRUCT OK.
2024-04-29 10:35:24 template model: <keras.src.engine.functional.Functional object at 0x1527f65bcb20>
2024-04-29 10:35:26 COMPILE
2024-04-29 10:35:26 Will save weights to: /dev/shm/Uno/save/8994056.amn-0001/16/2.0.model.h5
2024-04-29 10:35:42 Between random pairs in y_val:
2024-04-29 10:35:42   mse: 0.04790415
2024-04-29 10:35:42   mae: 0.16039285
2024-04-29 10:35:42   r2: -1.00408777
2024-04-29 10:35:42   corr: -0.00204388
2024-04-29 10:35:42 Data points per epoch: train = 470167, val = 117542, test = 1800
2024-04-29 10:35:42 Steps per epoch: train = 14692, val = 3673, test = 56
2024-04-29 10:35:42 Epoch 0: lr=0.001
2024-04-29 10:36:56 [Epoch: 0] loss: 0.022187, mae: 0.078913, r2: -0.171290, val_loss: 0.008521, val_mae: 0.065649, val_r2: 0.599160
2024-04-29 10:36:56 Epoch 1: lr=0.00082
2024-04-29 10:38:09 [Epoch: 1] loss: 0.007958, mae: 0.063747, r2: 0.622260, val_loss: 0.007754, val_mae: 0.062416, val_r2: 0.629861
2024-04-29 10:38:09 Epoch 2: lr=0.00064
2024-04-29 10:39:21 [Epoch: 2] loss: 0.007276, mae: 0.060611, r2: 0.653827, val_loss: 0.007284, val_mae: 0.059486, val_r2: 0.655134
2024-04-29 10:39:21 Epoch 3: lr=0.00046
2024-04-29 10:40:33 [Epoch: 3] loss: 0.006824, mae: 0.058554, r2: 0.674430, val_loss: 0.006850, val_mae: 0.058616, val_r2: 0.677364
2024-04-29 10:40:33 Epoch 4: lr=0.00028
2024-04-29 10:41:45 [Epoch: 4] loss: 0.006428, mae: 0.056778, r2: 0.692613, val_loss: 0.006662, val_mae: 0.056765, val_r2: 0.683680
2024-04-29 10:41:45 Epoch 5: lr=0.0001
2024-04-29 10:42:57 [Epoch: 5] loss: 0.006103, mae: 0.055271, r2: 0.707317, val_loss: 0.006432, val_mae: 0.056073, val_r2: 0.694015
2024-04-29 10:42:57 Epoch 6: lr=0.0001
2024-04-29 10:44:09 [Epoch: 6] loss: 0.005997, mae: 0.054761, r2: 0.712206, val_loss: 0.006360, val_mae: 0.056156, val_r2: 0.697273
2024-04-29 10:44:10 Epoch 7: lr=0.0001
2024-04-29 10:45:22 [Epoch: 7] loss: 0.005919, mae: 0.054391, r2: 0.715792, val_loss: 0.006354, val_mae: 0.056802, val_r2: 0.697699
2024-04-29 10:45:22 Epoch 8: lr=0.0001
2024-04-29 10:46:34 [Epoch: 8] loss: 0.005864, mae: 0.054172, r2: 0.718492, val_loss: 0.006321, val_mae: 0.055740, val_r2: 0.698482
2024-04-29 10:46:34 Epoch 9: lr=0.0001
2024-04-29 10:47:46 [Epoch: 9] loss: 0.005795, mae: 0.053847, r2: 0.721560, val_loss: 0.006291, val_mae: 0.055507, val_r2: 0.701405
2024-04-29 10:47:46 Epoch 10: lr=0.0001
2024-04-29 10:48:58 [Epoch: 10] loss: 0.005744, mae: 0.053625, r2: 0.723880, val_loss: 0.006279, val_mae: 0.056007, val_r2: 0.700961
2024-04-29 10:48:58 Epoch 11: lr=0.0001
2024-04-29 10:50:10 [Epoch: 11] loss: 0.005680, mae: 0.053281, r2: 0.727144, val_loss: 0.006257, val_mae: 0.055213, val_r2: 0.702378
2024-04-29 10:50:10 Epoch 12: lr=0.0001
2024-04-29 10:51:22 [Epoch: 12] loss: 0.005630, mae: 0.053093, r2: 0.729081, val_loss: 0.006227, val_mae: 0.055270, val_r2: 0.703621
2024-04-29 10:51:22 Epoch 13: lr=0.0001
2024-04-29 10:52:34 [Epoch: 13] loss: 0.005569, mae: 0.052817, r2: 0.732012, val_loss: 0.006188, val_mae: 0.055068, val_r2: 0.705634
2024-04-29 10:52:35 Epoch 14: lr=0.0001
2024-04-29 10:53:47 [Epoch: 14] loss: 0.005518, mae: 0.052600, r2: 0.734211, val_loss: 0.006205, val_mae: 0.054898, val_r2: 0.705043
2024-04-29 10:53:47 Epoch 15: lr=0.0001
2024-04-29 10:54:59 [Epoch: 15] loss: 0.005470, mae: 0.052362, r2: 0.736901, val_loss: 0.006196, val_mae: 0.054836, val_r2: 0.704677
2024-04-29 10:54:59 Epoch 16: lr=0.0001
2024-04-29 10:56:11 [Epoch: 16] loss: 0.005415, mae: 0.052120, r2: 0.739392, val_loss: 0.006204, val_mae: 0.054716, val_r2: 0.704583
2024-04-29 10:56:11 Epoch 17: lr=0.0001
2024-04-29 10:57:23 [Epoch: 17] loss: 0.005378, mae: 0.051939, r2: 0.740910, val_loss: 0.006143, val_mae: 0.054864, val_r2: 0.707620
2024-04-29 10:57:24 Epoch 18: lr=0.0001
2024-04-29 10:58:36 [Epoch: 18] loss: 0.005324, mae: 0.051697, r2: 0.743598, val_loss: 0.006133, val_mae: 0.054634, val_r2: 0.706723
2024-04-29 10:58:36 Epoch 19: lr=5e-05
2024-04-29 10:59:48 [Epoch: 19] loss: 0.005219, mae: 0.051151, r2: 0.748377, val_loss: 0.006119, val_mae: 0.054685, val_r2: 0.708634
2024-04-29 10:59:48 Epoch 20: lr=5e-05
2024-04-29 11:01:00 [Epoch: 20] loss: 0.005172, mae: 0.050990, r2: 0.750751, val_loss: 0.006116, val_mae: 0.054467, val_r2: 0.708558
2024-04-29 11:01:00 Epoch 21: lr=5e-05
2024-04-29 11:02:13 [Epoch: 21] loss: 0.005151, mae: 0.050842, r2: 0.751523, val_loss: 0.006088, val_mae: 0.054363, val_r2: 0.709570
2024-04-29 11:02:13 Epoch 22: lr=5e-05
2024-04-29 11:03:26 [Epoch: 22] loss: 0.005114, mae: 0.050686, r2: 0.753498, val_loss: 0.006087, val_mae: 0.054456, val_r2: 0.709922
2024-04-29 11:03:26 Epoch 23: lr=5e-05
2024-04-29 11:04:38 [Epoch: 23] loss: 0.005086, mae: 0.050575, r2: 0.754833, val_loss: 0.006102, val_mae: 0.054342, val_r2: 0.709640
2024-04-29 11:04:38 Epoch 24: lr=5e-05
2024-04-29 11:05:50 [Epoch: 24] loss: 0.005063, mae: 0.050436, r2: 0.755872, val_loss: 0.006108, val_mae: 0.054733, val_r2: 0.708986
2024-04-29 11:05:50 Epoch 25: lr=5e-05
2024-04-29 11:07:03 [Epoch: 25] loss: 0.005054, mae: 0.050411, r2: 0.756139, val_loss: 0.006107, val_mae: 0.054284, val_r2: 0.708059
2024-04-29 11:07:03 Epoch 26: lr=5e-05
2024-04-29 11:08:15 [Epoch: 26] loss: 0.005031, mae: 0.050272, r2: 0.757491, val_loss: 0.006098, val_mae: 0.054659, val_r2: 0.708841
2024-04-29 11:08:16 Epoch 27: lr=5e-05
2024-04-29 11:09:28 [Epoch: 27] loss: 0.005003, mae: 0.050183, r2: 0.758529, val_loss: 0.006114, val_mae: 0.054417, val_r2: 0.708519
2024-04-29 11:09:28 Epoch 28: lr=2.5e-05
2024-04-29 11:10:41 [Epoch: 28] loss: 0.004939, mae: 0.049822, r2: 0.761649, val_loss: 0.006075, val_mae: 0.054550, val_r2: 0.710411
2024-04-29 11:10:41 Epoch 29: lr=2.5e-05
2024-04-29 11:11:53 [Epoch: 29] loss: 0.004924, mae: 0.049745, r2: 0.762224, val_loss: 0.006090, val_mae: 0.054327, val_r2: 0.709869
2024-04-29 11:11:54 history_length: 30
2024-04-29 11:11:54 stopping: complete
2024-04-29 11:11:54 Comparing y_true and y_pred:
2024-04-29 11:11:54   mse: 0.00443757
2024-04-29 11:11:54   mae: 0.05264246
2024-04-29 11:11:54   r2: 0.61025246
2024-04-29 11:11:54   corr: 0.78133938
