2024-04-29 10:35:24 UNO RUN ...
2024-04-29 10:35:24 Params: {'model_name': 'uno', 'train_sources': ['CCLE'], 'test_sources': ['train'], 'cell_types': None, 'cell_features': ['rnaseq'], 'drug_features': ['descriptors'], 'dense': [1000, 1000, 1000, 1000, 1000], 'dense_feature_layers': [1000, 1000, 1000], 'activation': 'relu', 'loss': 'mse', 'optimizer': 'adamax', 'scaling': 'std', 'dropout': 0.1, 'epochs': 30, 'batch_size': 32, 'val_split': 0.2, 'cv': 1, 'max_val_loss': 1.0, 'learning_rate': 0.0001, 'base_lr': None, 'agg_dose': 'AUC', 'residual': False, 'reduce_lr': True, 'warmup_lr': True, 'batch_normalization': False, 'feature_subsample': 0, 'rng_seed': 2018, 'no_gen': False, 'verbose': False, 'preprocess_rnaseq': 'source_scale', 'gpus': [0], 'use_landmark_genes': True, 'no_feature_source': True, 'no_response_source': True, 'save_path': '/dev/shm/Uno/save/8994056.amn-0001/69', 'single': True, 'on_memory_loader': True, 'ckpt_checksum': True, 'ckpt_save_interval': 0, 'timeout': -1, 'train_bool': True, 'profiling': False, 'experiment_id': '8994056.amn-0001', 'run_id': '69', 'logfile': '/dev/shm/Uno/save/8994056.amn-0001/69/python.log', 'shuffle': False, 'ckpt_restart_mode': 'off', 'ckpt_skip_epochs': 0, 'ckpt_directory': '/dev/shm/Uno/save/8994056.amn-0001/69', 'ckpt_save_best': True, 'ckpt_save_best_metric': 'val_loss', 'ckpt_save_weights_only': False, 'ckpt_keep_mode': 'linear', 'ckpt_keep_limit': 5, 'by_cell': None, 'by_drug': None, 'cell_subset_path': '', 'drug_subset_path': '', 'drug_median_response_min': -1, 'drug_median_response_max': 1, 'dense_cell_feature_layers': None, 'dense_drug_feature_layers': None, 'use_filtered_genes': False, 'feature_subset_path': '', 'cell_feature_subset_path': '', 'drug_feature_subset_path': '', 'es': True, 'cp': False, 'tb': False, 'tb_prefix': 'tb', 'partition_by': None, 'cache': None, 'export_csv': None, 'export_data': None, 'use_exported_data': '/dev/shm/Uno/x1921c7s3b0n0.69.merged.landmark.h5', 'growth_bins': 0, 'initial_weights': None, 'save_weights': '/dev/shm/Uno/save/8994056.amn-0001/69/4.1.model.h5', 'config_file': '/home/brettin/CSC249ADOA01_CNDA/brettin/Benchmarks/Pilot1/Uno/uno_auc_model.txt', 'data_type': <class 'numpy.float32'>, 'data_dir': '/dev/shm/Uno/uno/Data', 'output_dir': '/dev/shm/Uno/uno/Output/8994056.amn-0001/69'}
2024-04-29 10:35:24 Feature encoding submodel for cell.rnaseq:
2024-04-29 10:35:24 Model: "cell.rnaseq"
2024-04-29 10:35:24 _________________________________________________________________
2024-04-29 10:35:24  Layer (type)                Output Shape              Param #   
2024-04-29 10:35:24 =================================================================
2024-04-29 10:35:24  input_1 (InputLayer)        [(None, 958)]             0         
2024-04-29 10:35:24                                                                  
2024-04-29 10:35:24  dense (Dense)               (None, 1000)              959000    
2024-04-29 10:35:24                                                                  
2024-04-29 10:35:24  permanent_dropout (Permane  (None, 1000)              0         
2024-04-29 10:35:24  ntDropout)                                                      
2024-04-29 10:35:24                                                                  
2024-04-29 10:35:24  dense_1 (Dense)             (None, 1000)              1001000   
2024-04-29 10:35:24                                                                  
2024-04-29 10:35:24  permanent_dropout_1 (Perma  (None, 1000)              0         
2024-04-29 10:35:24  nentDropout)                                                    
2024-04-29 10:35:24                                                                  
2024-04-29 10:35:24  dense_2 (Dense)             (None, 1000)              1001000   
2024-04-29 10:35:24                                                                  
2024-04-29 10:35:24  permanent_dropout_2 (Perma  (None, 1000)              0         
2024-04-29 10:35:24  nentDropout)                                                    
2024-04-29 10:35:24                                                                  
2024-04-29 10:35:24 =================================================================
2024-04-29 10:35:24 Total params: 2961000 (11.30 MB)
2024-04-29 10:35:24 Trainable params: 2961000 (11.30 MB)
2024-04-29 10:35:24 Non-trainable params: 0 (0.00 Byte)
2024-04-29 10:35:24 _________________________________________________________________
2024-04-29 10:35:24 Feature encoding submodel for drug.descriptors:
2024-04-29 10:35:24 Model: "drug.descriptors"
2024-04-29 10:35:24 _________________________________________________________________
2024-04-29 10:35:24  Layer (type)                Output Shape              Param #   
2024-04-29 10:35:24 =================================================================
2024-04-29 10:35:24  input_2 (InputLayer)        [(None, 1613)]            0         
2024-04-29 10:35:24                                                                  
2024-04-29 10:35:24  dense_3 (Dense)             (None, 1000)              1614000   
2024-04-29 10:35:24                                                                  
2024-04-29 10:35:24  permanent_dropout_3 (Perma  (None, 1000)              0         
2024-04-29 10:35:24  nentDropout)                                                    
2024-04-29 10:35:24                                                                  
2024-04-29 10:35:24  dense_4 (Dense)             (None, 1000)              1001000   
2024-04-29 10:35:24                                                                  
2024-04-29 10:35:24  permanent_dropout_4 (Perma  (None, 1000)              0         
2024-04-29 10:35:24  nentDropout)                                                    
2024-04-29 10:35:24                                                                  
2024-04-29 10:35:24  dense_5 (Dense)             (None, 1000)              1001000   
2024-04-29 10:35:24                                                                  
2024-04-29 10:35:24  permanent_dropout_5 (Perma  (None, 1000)              0         
2024-04-29 10:35:24  nentDropout)                                                    
2024-04-29 10:35:24                                                                  
2024-04-29 10:35:24 =================================================================
2024-04-29 10:35:24 Total params: 3616000 (13.79 MB)
2024-04-29 10:35:24 Trainable params: 3616000 (13.79 MB)
2024-04-29 10:35:24 Non-trainable params: 0 (0.00 Byte)
2024-04-29 10:35:24 _________________________________________________________________
2024-04-29 10:35:24 Combined model:
2024-04-29 10:35:24 Model: "model"
2024-04-29 10:35:24 __________________________________________________________________________________________________
2024-04-29 10:35:24  Layer (type)                Output Shape                 Param #   Connected to                  
2024-04-29 10:35:24 ==================================================================================================
2024-04-29 10:35:24  input.cell.rnaseq (InputLa  [(None, 958)]                0         []                            
2024-04-29 10:35:24  yer)                                                                                             
2024-04-29 10:35:24                                                                                                   
2024-04-29 10:35:24  input.drug1.descriptors (I  [(None, 1613)]               0         []                            
2024-04-29 10:35:24  nputLayer)                                                                                       
2024-04-29 10:35:24                                                                                                   
2024-04-29 10:35:24  cell.rnaseq (Functional)    (None, 1000)                 2961000   ['input.cell.rnaseq[0][0]']   
2024-04-29 10:35:24                                                                                                   
2024-04-29 10:35:24  drug.descriptors (Function  (None, 1000)                 3616000   ['input.drug1.descriptors[0][0
2024-04-29 10:35:24  al)                                                                ]']                           
2024-04-29 10:35:24                                                                                                   
2024-04-29 10:35:24  concatenate (Concatenate)   (None, 2000)                 0         ['cell.rnaseq[0][0]',         
2024-04-29 10:35:24                                                                      'drug.descriptors[0][0]']    
2024-04-29 10:35:24                                                                                                   
2024-04-29 10:35:24  dense_6 (Dense)             (None, 1000)                 2001000   ['concatenate[0][0]']         
2024-04-29 10:35:24                                                                                                   
2024-04-29 10:35:24  permanent_dropout_6 (Perma  (None, 1000)                 0         ['dense_6[0][0]']             
2024-04-29 10:35:24  nentDropout)                                                                                     
2024-04-29 10:35:24                                                                                                   
2024-04-29 10:35:24  dense_7 (Dense)             (None, 1000)                 1001000   ['permanent_dropout_6[0][0]'] 
2024-04-29 10:35:24                                                                                                   
2024-04-29 10:35:24  permanent_dropout_7 (Perma  (None, 1000)                 0         ['dense_7[0][0]']             
2024-04-29 10:35:24  nentDropout)                                                                                     
2024-04-29 10:35:24                                                                                                   
2024-04-29 10:35:24  dense_8 (Dense)             (None, 1000)                 1001000   ['permanent_dropout_7[0][0]'] 
2024-04-29 10:35:24                                                                                                   
2024-04-29 10:35:24  permanent_dropout_8 (Perma  (None, 1000)                 0         ['dense_8[0][0]']             
2024-04-29 10:35:24  nentDropout)                                                                                     
2024-04-29 10:35:24                                                                                                   
2024-04-29 10:35:24  dense_9 (Dense)             (None, 1000)                 1001000   ['permanent_dropout_8[0][0]'] 
2024-04-29 10:35:24                                                                                                   
2024-04-29 10:35:24  permanent_dropout_9 (Perma  (None, 1000)                 0         ['dense_9[0][0]']             
2024-04-29 10:35:24  nentDropout)                                                                                     
2024-04-29 10:35:24                                                                                                   
2024-04-29 10:35:24  dense_10 (Dense)            (None, 1000)                 1001000   ['permanent_dropout_9[0][0]'] 
2024-04-29 10:35:24                                                                                                   
2024-04-29 10:35:24  permanent_dropout_10 (Perm  (None, 1000)                 0         ['dense_10[0][0]']            
2024-04-29 10:35:24  anentDropout)                                                                                    
2024-04-29 10:35:24                                                                                                   
2024-04-29 10:35:24  dense_11 (Dense)            (None, 1)                    1001      ['permanent_dropout_10[0][0]']
2024-04-29 10:35:24                                                                                                   
2024-04-29 10:35:24 ==================================================================================================
2024-04-29 10:35:24 Total params: 12583001 (48.00 MB)
2024-04-29 10:35:24 Trainable params: 12583001 (48.00 MB)
2024-04-29 10:35:24 Non-trainable params: 0 (0.00 Byte)
2024-04-29 10:35:24 __________________________________________________________________________________________________
2024-04-29 10:35:24 CKPT CONSTRUCT...
2024-04-29 10:35:24 CKPT CONSTRUCT OK.
2024-04-29 10:35:24 template model: <keras.src.engine.functional.Functional object at 0x151dd10dfac0>
2024-04-29 10:35:26 COMPILE
2024-04-29 10:35:26 Will save weights to: /dev/shm/Uno/save/8994056.amn-0001/69/4.1.model.h5
2024-04-29 10:35:42 Between random pairs in y_val:
2024-04-29 10:35:42   mse: 0.04813064
2024-04-29 10:35:42   mae: 0.16052993
2024-04-29 10:35:42   r2: -1.00010637
2024-04-29 10:35:42   corr: -0.00005318
2024-04-29 10:35:42 Data points per epoch: train = 470167, val = 117542, test = 703
2024-04-29 10:35:42 Steps per epoch: train = 14692, val = 3673, test = 21
2024-04-29 10:35:42 Epoch 0: lr=0.001
2024-04-29 10:36:56 [Epoch: 0] loss: 0.026821, mae: 0.079250, r2: -0.504621, val_loss: 0.008746, val_mae: 0.068111, val_r2: 0.586996
2024-04-29 10:36:56 Epoch 1: lr=0.00082
2024-04-29 10:38:07 [Epoch: 1] loss: 0.007980, mae: 0.063896, r2: 0.621475, val_loss: 0.007613, val_mae: 0.062255, val_r2: 0.639881
2024-04-29 10:38:08 Epoch 2: lr=0.00064
2024-04-29 10:39:20 [Epoch: 2] loss: 0.007295, mae: 0.060754, r2: 0.652891, val_loss: 0.007275, val_mae: 0.060750, val_r2: 0.656751
2024-04-29 10:39:20 Epoch 3: lr=0.00046
2024-04-29 10:40:31 [Epoch: 3] loss: 0.006817, mae: 0.058577, r2: 0.674757, val_loss: 0.006858, val_mae: 0.058503, val_r2: 0.674766
2024-04-29 10:40:32 Epoch 4: lr=0.00028
2024-04-29 10:41:44 [Epoch: 4] loss: 0.006425, mae: 0.056798, r2: 0.692835, val_loss: 0.006633, val_mae: 0.056725, val_r2: 0.688504
2024-04-29 10:41:44 Epoch 5: lr=0.0001
2024-04-29 10:42:57 [Epoch: 5] loss: 0.006104, mae: 0.055305, r2: 0.708023, val_loss: 0.006445, val_mae: 0.055948, val_r2: 0.695149
2024-04-29 10:42:57 Epoch 6: lr=0.0001
2024-04-29 10:44:08 [Epoch: 6] loss: 0.005996, mae: 0.054792, r2: 0.712971, val_loss: 0.006396, val_mae: 0.055992, val_r2: 0.697455
2024-04-29 10:44:09 Epoch 7: lr=0.0001
2024-04-29 10:45:20 [Epoch: 7] loss: 0.005919, mae: 0.054436, r2: 0.716523, val_loss: 0.006372, val_mae: 0.056602, val_r2: 0.699083
2024-04-29 10:45:20 Epoch 8: lr=0.0001
2024-04-29 10:46:33 [Epoch: 8] loss: 0.005841, mae: 0.054107, r2: 0.720093, val_loss: 0.006316, val_mae: 0.055932, val_r2: 0.701399
2024-04-29 10:46:33 Epoch 9: lr=0.0001
2024-04-29 10:47:45 [Epoch: 9] loss: 0.005779, mae: 0.053821, r2: 0.722906, val_loss: 0.006312, val_mae: 0.056002, val_r2: 0.701348
2024-04-29 10:47:45 Epoch 10: lr=0.0001
2024-04-29 10:48:57 [Epoch: 10] loss: 0.005717, mae: 0.053527, r2: 0.725610, val_loss: 0.006291, val_mae: 0.055248, val_r2: 0.702736
2024-04-29 10:48:57 Epoch 11: lr=0.0001
2024-04-29 10:50:10 [Epoch: 11] loss: 0.005664, mae: 0.053298, r2: 0.728383, val_loss: 0.006289, val_mae: 0.055974, val_r2: 0.702074
2024-04-29 10:50:10 Epoch 12: lr=0.0001
2024-04-29 10:51:21 [Epoch: 12] loss: 0.005596, mae: 0.052998, r2: 0.731340, val_loss: 0.006276, val_mae: 0.055654, val_r2: 0.702643
2024-04-29 10:51:22 Epoch 13: lr=0.0001
2024-04-29 10:52:34 [Epoch: 13] loss: 0.005538, mae: 0.052722, r2: 0.734185, val_loss: 0.006255, val_mae: 0.055168, val_r2: 0.703926
2024-04-29 10:52:34 Epoch 14: lr=5e-05
2024-04-29 10:53:46 [Epoch: 14] loss: 0.005434, mae: 0.052247, r2: 0.739081, val_loss: 0.006200, val_mae: 0.055535, val_r2: 0.706691
2024-04-29 10:53:47 Epoch 15: lr=5e-05
2024-04-29 10:54:59 [Epoch: 15] loss: 0.005380, mae: 0.051981, r2: 0.741470, val_loss: 0.006223, val_mae: 0.055116, val_r2: 0.704690
2024-04-29 10:54:59 Epoch 16: lr=5e-05
2024-04-29 10:56:11 [Epoch: 16] loss: 0.005356, mae: 0.051873, r2: 0.742577, val_loss: 0.006201, val_mae: 0.054871, val_r2: 0.706337
2024-04-29 10:56:11 Epoch 17: lr=5e-05
2024-04-29 10:57:23 [Epoch: 17] loss: 0.005330, mae: 0.051758, r2: 0.743779, val_loss: 0.006176, val_mae: 0.054672, val_r2: 0.707590
2024-04-29 10:57:23 Epoch 18: lr=5e-05
2024-04-29 10:58:35 [Epoch: 18] loss: 0.005295, mae: 0.051579, r2: 0.745358, val_loss: 0.006144, val_mae: 0.054669, val_r2: 0.709024
2024-04-29 10:58:35 Epoch 19: lr=5e-05
2024-04-29 10:59:47 [Epoch: 19] loss: 0.005276, mae: 0.051498, r2: 0.746299, val_loss: 0.006170, val_mae: 0.054876, val_r2: 0.707079
2024-04-29 10:59:47 Epoch 20: lr=2.5e-05
2024-04-29 11:00:59 [Epoch: 20] loss: 0.005198, mae: 0.051131, r2: 0.749990, val_loss: 0.006161, val_mae: 0.054671, val_r2: 0.708222
2024-04-29 11:00:59 Epoch 21: lr=2.5e-05
2024-04-29 11:02:12 [Epoch: 21] loss: 0.005185, mae: 0.051070, r2: 0.750473, val_loss: 0.006166, val_mae: 0.054626, val_r2: 0.708159
2024-04-29 11:02:12 Epoch 22: lr=2.5e-05
2024-04-29 11:03:24 [Epoch: 22] loss: 0.005157, mae: 0.050926, r2: 0.751753, val_loss: 0.006171, val_mae: 0.054524, val_r2: 0.707807
2024-04-29 11:03:24 Epoch 23: lr=2.5e-05
2024-04-29 11:04:36 [Epoch: 23] loss: 0.005144, mae: 0.050892, r2: 0.752411, val_loss: 0.006164, val_mae: 0.054695, val_r2: 0.707756
2024-04-29 11:04:36 Epoch 24: lr=2.5e-05
2024-04-29 11:05:47 [Epoch: 24] loss: 0.005141, mae: 0.050837, r2: 0.752426, val_loss: 0.006171, val_mae: 0.054720, val_r2: 0.707121
2024-04-29 11:05:48 Epoch 25: lr=1.25e-05
2024-04-29 11:07:00 [Epoch: 25] loss: 0.005105, mae: 0.050710, r2: 0.754002, val_loss: 0.006145, val_mae: 0.054512, val_r2: 0.709034
2024-04-29 11:07:00 Epoch 26: lr=1.25e-05
2024-04-29 11:08:13 [Epoch: 26] loss: 0.005092, mae: 0.050633, r2: 0.754582, val_loss: 0.006136, val_mae: 0.054424, val_r2: 0.709402
2024-04-29 11:08:13 Epoch 27: lr=1.25e-05
2024-04-29 11:09:25 [Epoch: 27] loss: 0.005091, mae: 0.050646, r2: 0.754921, val_loss: 0.006148, val_mae: 0.054471, val_r2: 0.709080
2024-04-29 11:09:25 Epoch 28: lr=1.25e-05
2024-04-29 11:10:38 [Epoch: 28] loss: 0.005080, mae: 0.050576, r2: 0.755153, val_loss: 0.006147, val_mae: 0.054514, val_r2: 0.708739
2024-04-29 11:10:38 Epoch 29: lr=1.25e-05
2024-04-29 11:11:49 [Epoch: 29] loss: 0.005061, mae: 0.050501, r2: 0.756196, val_loss: 0.006150, val_mae: 0.054427, val_r2: 0.708028
2024-04-29 11:11:49 history_length: 30
2024-04-29 11:11:49 stopping: complete
2024-04-29 11:11:49 Comparing y_true and y_pred:
2024-04-29 11:11:49   mse: 0.00738680
2024-04-29 11:11:49   mae: 0.06145590
2024-04-29 11:11:49   r2: 0.58213180
2024-04-29 11:11:49   corr: 0.76470842
