2024-05-17 17:18:27 UNO RUN ...
2024-05-17 17:18:27 Params: {'model_name': 'uno', 'train_sources': ['CCLE'], 'test_sources': ['train'], 'cell_types': None, 'cell_features': ['rnaseq'], 'drug_features': ['descriptors'], 'dense': [1000, 1000, 1000, 1000, 1000], 'dense_feature_layers': [1000, 1000, 1000], 'activation': 'relu', 'loss': 'mse', 'optimizer': 'adamax', 'scaling': 'std', 'dropout': 0.1, 'epochs': 2, 'batch_size': 32, 'val_split': 0.2, 'cv': 1, 'max_val_loss': 1.0, 'learning_rate': 0.0001, 'base_lr': None, 'agg_dose': 'AUC', 'residual': False, 'reduce_lr': True, 'warmup_lr': True, 'batch_normalization': False, 'feature_subsample': 0, 'rng_seed': 2018, 'no_gen': False, 'verbose': False, 'preprocess_rnaseq': 'source_scale', 'gpus': [0], 'use_landmark_genes': True, 'no_feature_source': True, 'no_response_source': True, 'save_path': '/dev/shm/Uno/save/8998707.amn-0001/15', 'single': True, 'on_memory_loader': True, 'ckpt_checksum': True, 'ckpt_save_interval': 0, 'timeout': -1, 'train_bool': True, 'profiling': False, 'experiment_id': '8998707.amn-0001', 'run_id': '15', 'logfile': '/dev/shm/Uno/save/8998707.amn-0001/15/python.log', 'shuffle': False, 'ckpt_restart_mode': 'off', 'ckpt_skip_epochs': 0, 'ckpt_directory': '/dev/shm/Uno/save/8998707.amn-0001/15', 'ckpt_save_best': True, 'ckpt_save_best_metric': 'val_loss', 'ckpt_save_weights_only': False, 'ckpt_keep_mode': 'linear', 'ckpt_keep_limit': 5, 'by_cell': None, 'by_drug': None, 'cell_subset_path': '', 'drug_subset_path': '', 'drug_median_response_min': -1, 'drug_median_response_max': 1, 'dense_cell_feature_layers': None, 'dense_drug_feature_layers': None, 'use_filtered_genes': False, 'feature_subset_path': '', 'cell_feature_subset_path': '', 'drug_feature_subset_path': '', 'es': True, 'cp': False, 'tb': False, 'tb_prefix': 'tb', 'partition_by': None, 'cache': None, 'export_csv': None, 'export_data': None, 'use_exported_data': '/dev/shm/Uno/x1922c3s3b0n0.15.merged.landmark.h5', 'growth_bins': 0, 'initial_weights': None, 'save_weights': '/dev/shm/Uno/save/8998707.amn-0001/15/1.1.model.h5', 'config_file': '/home/brettin/CSC249ADOA01_CNDA/brettin/Benchmarks/Pilot1/Uno/uno_auc_model.txt', 'data_type': <class 'numpy.float32'>, 'data_dir': '/dev/shm/Uno/uno/Data', 'output_dir': '/dev/shm/Uno/uno/Output/8998707.amn-0001/15'}
2024-05-17 17:18:27 Feature encoding submodel for cell.rnaseq:
2024-05-17 17:18:27 Model: "cell.rnaseq"
2024-05-17 17:18:27 _________________________________________________________________
2024-05-17 17:18:27  Layer (type)                Output Shape              Param #   
2024-05-17 17:18:27 =================================================================
2024-05-17 17:18:27  input_1 (InputLayer)        [(None, 958)]             0         
2024-05-17 17:18:27                                                                  
2024-05-17 17:18:27  dense (Dense)               (None, 1000)              959000    
2024-05-17 17:18:27                                                                  
2024-05-17 17:18:27  permanent_dropout (Permane  (None, 1000)              0         
2024-05-17 17:18:27  ntDropout)                                                      
2024-05-17 17:18:27                                                                  
2024-05-17 17:18:27  dense_1 (Dense)             (None, 1000)              1001000   
2024-05-17 17:18:27                                                                  
2024-05-17 17:18:27  permanent_dropout_1 (Perma  (None, 1000)              0         
2024-05-17 17:18:27  nentDropout)                                                    
2024-05-17 17:18:27                                                                  
2024-05-17 17:18:27  dense_2 (Dense)             (None, 1000)              1001000   
2024-05-17 17:18:27                                                                  
2024-05-17 17:18:27  permanent_dropout_2 (Perma  (None, 1000)              0         
2024-05-17 17:18:27  nentDropout)                                                    
2024-05-17 17:18:27                                                                  
2024-05-17 17:18:27 =================================================================
2024-05-17 17:18:27 Total params: 2961000 (11.30 MB)
2024-05-17 17:18:27 Trainable params: 2961000 (11.30 MB)
2024-05-17 17:18:27 Non-trainable params: 0 (0.00 Byte)
2024-05-17 17:18:27 _________________________________________________________________
2024-05-17 17:18:27 Feature encoding submodel for drug.descriptors:
2024-05-17 17:18:27 Model: "drug.descriptors"
2024-05-17 17:18:27 _________________________________________________________________
2024-05-17 17:18:27  Layer (type)                Output Shape              Param #   
2024-05-17 17:18:27 =================================================================
2024-05-17 17:18:27  input_2 (InputLayer)        [(None, 1613)]            0         
2024-05-17 17:18:27                                                                  
2024-05-17 17:18:27  dense_3 (Dense)             (None, 1000)              1614000   
2024-05-17 17:18:27                                                                  
2024-05-17 17:18:27  permanent_dropout_3 (Perma  (None, 1000)              0         
2024-05-17 17:18:27  nentDropout)                                                    
2024-05-17 17:18:27                                                                  
2024-05-17 17:18:27  dense_4 (Dense)             (None, 1000)              1001000   
2024-05-17 17:18:27                                                                  
2024-05-17 17:18:27  permanent_dropout_4 (Perma  (None, 1000)              0         
2024-05-17 17:18:27  nentDropout)                                                    
2024-05-17 17:18:27                                                                  
2024-05-17 17:18:27  dense_5 (Dense)             (None, 1000)              1001000   
2024-05-17 17:18:27                                                                  
2024-05-17 17:18:27  permanent_dropout_5 (Perma  (None, 1000)              0         
2024-05-17 17:18:27  nentDropout)                                                    
2024-05-17 17:18:27                                                                  
2024-05-17 17:18:27 =================================================================
2024-05-17 17:18:27 Total params: 3616000 (13.79 MB)
2024-05-17 17:18:27 Trainable params: 3616000 (13.79 MB)
2024-05-17 17:18:27 Non-trainable params: 0 (0.00 Byte)
2024-05-17 17:18:27 _________________________________________________________________
2024-05-17 17:18:27 Combined model:
2024-05-17 17:18:27 Model: "model"
2024-05-17 17:18:27 __________________________________________________________________________________________________
2024-05-17 17:18:27  Layer (type)                Output Shape                 Param #   Connected to                  
2024-05-17 17:18:27 ==================================================================================================
2024-05-17 17:18:27  input.cell.rnaseq (InputLa  [(None, 958)]                0         []                            
2024-05-17 17:18:27  yer)                                                                                             
2024-05-17 17:18:27                                                                                                   
2024-05-17 17:18:27  input.drug1.descriptors (I  [(None, 1613)]               0         []                            
2024-05-17 17:18:27  nputLayer)                                                                                       
2024-05-17 17:18:27                                                                                                   
2024-05-17 17:18:27  cell.rnaseq (Functional)    (None, 1000)                 2961000   ['input.cell.rnaseq[0][0]']   
2024-05-17 17:18:27                                                                                                   
2024-05-17 17:18:27  drug.descriptors (Function  (None, 1000)                 3616000   ['input.drug1.descriptors[0][0
2024-05-17 17:18:27  al)                                                                ]']                           
2024-05-17 17:18:27                                                                                                   
2024-05-17 17:18:27  concatenate (Concatenate)   (None, 2000)                 0         ['cell.rnaseq[0][0]',         
2024-05-17 17:18:27                                                                      'drug.descriptors[0][0]']    
2024-05-17 17:18:27                                                                                                   
2024-05-17 17:18:27  dense_6 (Dense)             (None, 1000)                 2001000   ['concatenate[0][0]']         
2024-05-17 17:18:27                                                                                                   
2024-05-17 17:18:27  permanent_dropout_6 (Perma  (None, 1000)                 0         ['dense_6[0][0]']             
2024-05-17 17:18:27  nentDropout)                                                                                     
2024-05-17 17:18:27                                                                                                   
2024-05-17 17:18:27  dense_7 (Dense)             (None, 1000)                 1001000   ['permanent_dropout_6[0][0]'] 
2024-05-17 17:18:27                                                                                                   
2024-05-17 17:18:27  permanent_dropout_7 (Perma  (None, 1000)                 0         ['dense_7[0][0]']             
2024-05-17 17:18:27  nentDropout)                                                                                     
2024-05-17 17:18:27                                                                                                   
2024-05-17 17:18:27  dense_8 (Dense)             (None, 1000)                 1001000   ['permanent_dropout_7[0][0]'] 
2024-05-17 17:18:27                                                                                                   
2024-05-17 17:18:27  permanent_dropout_8 (Perma  (None, 1000)                 0         ['dense_8[0][0]']             
2024-05-17 17:18:27  nentDropout)                                                                                     
2024-05-17 17:18:27                                                                                                   
2024-05-17 17:18:27  dense_9 (Dense)             (None, 1000)                 1001000   ['permanent_dropout_8[0][0]'] 
2024-05-17 17:18:27                                                                                                   
2024-05-17 17:18:27  permanent_dropout_9 (Perma  (None, 1000)                 0         ['dense_9[0][0]']             
2024-05-17 17:18:27  nentDropout)                                                                                     
2024-05-17 17:18:27                                                                                                   
2024-05-17 17:18:27  dense_10 (Dense)            (None, 1000)                 1001000   ['permanent_dropout_9[0][0]'] 
2024-05-17 17:18:27                                                                                                   
2024-05-17 17:18:27  permanent_dropout_10 (Perm  (None, 1000)                 0         ['dense_10[0][0]']            
2024-05-17 17:18:27  anentDropout)                                                                                    
2024-05-17 17:18:27                                                                                                   
2024-05-17 17:18:27  dense_11 (Dense)            (None, 1)                    1001      ['permanent_dropout_10[0][0]']
2024-05-17 17:18:27                                                                                                   
2024-05-17 17:18:27 ==================================================================================================
2024-05-17 17:18:27 Total params: 12583001 (48.00 MB)
2024-05-17 17:18:27 Trainable params: 12583001 (48.00 MB)
2024-05-17 17:18:27 Non-trainable params: 0 (0.00 Byte)
2024-05-17 17:18:27 __________________________________________________________________________________________________
2024-05-17 17:18:27 CKPT CONSTRUCT...
2024-05-17 17:18:27 CKPT CONSTRUCT OK.
2024-05-17 17:18:27 template model: <keras.src.engine.functional.Functional object at 0x151773059640>
2024-05-17 17:18:29 COMPILE
2024-05-17 17:18:29 Will save weights to: /dev/shm/Uno/save/8998707.amn-0001/15/1.1.model.h5
2024-05-17 17:18:46 Between random pairs in y_val:
2024-05-17 17:18:46   mse: 0.04761526
2024-05-17 17:18:46   mae: 0.15981069
2024-05-17 17:18:46   r2: -0.99255986
2024-05-17 17:18:46   corr: 0.00372007
2024-05-17 17:18:46 Data points per epoch: train = 468331, val = 117083, test = 2295
2024-05-17 17:18:46 Steps per epoch: train = 14635, val = 3658, test = 71
2024-05-17 17:18:46 Epoch 0: lr=0.001
2024-05-17 17:19:59 [Epoch: 0] loss: 0.033559, mae: 0.079712, r2: -0.618640, val_loss: 0.008526, val_mae: 0.065735, val_r2: 0.600242
2024-05-17 17:19:59 Epoch 1: lr=0.00082
2024-05-17 17:21:10 [Epoch: 1] loss: 0.008025, mae: 0.064064, r2: 0.620287, val_loss: 0.007785, val_mae: 0.061846, val_r2: 0.636383
2024-05-17 17:21:10 history_length: 2
2024-05-17 17:21:10 stopping: complete
2024-05-17 17:21:10 Comparing y_true and y_pred:
2024-05-17 17:21:10   mse: 0.00505589
2024-05-17 17:21:10   mae: 0.05724987
2024-05-17 17:21:10   r2: -0.73112515
2024-05-17 17:21:10   corr: 0.08257487
