2024-05-22 13:29:36 UNO RUN ...
2024-05-22 13:29:36 Params: {'model_name': 'uno', 'train_sources': ['CCLE'], 'test_sources': ['train'], 'cell_types': None, 'cell_features': ['rnaseq'], 'drug_features': ['descriptors'], 'dense': [1000, 1000, 1000, 1000, 1000], 'dense_feature_layers': [1000, 1000, 1000], 'activation': 'relu', 'loss': 'mse', 'optimizer': 'adamax', 'scaling': 'std', 'dropout': 0.1, 'epochs': 50, 'batch_size': 32, 'val_split': 0.2, 'cv': 1, 'max_val_loss': 1.0, 'learning_rate': 0.0001, 'base_lr': None, 'agg_dose': 'AUC', 'residual': False, 'reduce_lr': True, 'warmup_lr': True, 'batch_normalization': False, 'feature_subsample': 0, 'rng_seed': 2018, 'no_gen': False, 'verbose': False, 'preprocess_rnaseq': 'source_scale', 'gpus': [0], 'use_landmark_genes': True, 'no_feature_source': True, 'no_response_source': True, 'save_path': '/dev/shm/Uno/save/9000732.amn-0001/7', 'single': True, 'on_memory_loader': True, 'ckpt_checksum': True, 'ckpt_save_interval': 0, 'timeout': -1, 'train_bool': True, 'profiling': False, 'experiment_id': '9000732.amn-0001', 'run_id': '7', 'logfile': '/dev/shm/Uno/save/9000732.amn-0001/7/python.log', 'shuffle': False, 'ckpt_restart_mode': 'off', 'ckpt_skip_epochs': 0, 'ckpt_directory': '/dev/shm/Uno/save/9000732.amn-0001/7', 'ckpt_save_best': True, 'ckpt_save_best_metric': 'val_loss', 'ckpt_save_weights_only': False, 'ckpt_keep_mode': 'linear', 'ckpt_keep_limit': 5, 'by_cell': None, 'by_drug': None, 'cell_subset_path': '', 'drug_subset_path': '', 'drug_median_response_min': -1, 'drug_median_response_max': 1, 'dense_cell_feature_layers': None, 'dense_drug_feature_layers': None, 'use_filtered_genes': False, 'feature_subset_path': '', 'cell_feature_subset_path': '', 'drug_feature_subset_path': '', 'es': True, 'cp': False, 'tb': False, 'tb_prefix': 'tb', 'partition_by': None, 'cache': None, 'export_csv': None, 'export_data': None, 'use_exported_data': '/dev/shm/Uno/x1921c2s2b0n0.7.merged.landmark.h5', 'growth_bins': 0, 'initial_weights': None, 'save_weights': '/dev/shm/Uno/save/9000732.amn-0001/7/3.1.model.h5', 'config_file': '/home/brettin/CSC249ADOA01_CNDA/brettin/Benchmarks/Pilot1/Uno/uno_auc_model.txt', 'data_type': <class 'numpy.float32'>, 'data_dir': '/dev/shm/Uno/uno/Data', 'output_dir': '/dev/shm/Uno/uno/Output/9000732.amn-0001/7'}
2024-05-22 13:29:36 Feature encoding submodel for cell.rnaseq:
2024-05-22 13:29:36 Model: "cell.rnaseq"
2024-05-22 13:29:36 _________________________________________________________________
2024-05-22 13:29:36  Layer (type)                Output Shape              Param #   
2024-05-22 13:29:36 =================================================================
2024-05-22 13:29:36  input_1 (InputLayer)        [(None, 958)]             0         
2024-05-22 13:29:36                                                                  
2024-05-22 13:29:36  dense (Dense)               (None, 1000)              959000    
2024-05-22 13:29:36                                                                  
2024-05-22 13:29:36  permanent_dropout (Permane  (None, 1000)              0         
2024-05-22 13:29:36  ntDropout)                                                      
2024-05-22 13:29:36                                                                  
2024-05-22 13:29:36  dense_1 (Dense)             (None, 1000)              1001000   
2024-05-22 13:29:36                                                                  
2024-05-22 13:29:36  permanent_dropout_1 (Perma  (None, 1000)              0         
2024-05-22 13:29:36  nentDropout)                                                    
2024-05-22 13:29:36                                                                  
2024-05-22 13:29:36  dense_2 (Dense)             (None, 1000)              1001000   
2024-05-22 13:29:36                                                                  
2024-05-22 13:29:36  permanent_dropout_2 (Perma  (None, 1000)              0         
2024-05-22 13:29:36  nentDropout)                                                    
2024-05-22 13:29:36                                                                  
2024-05-22 13:29:36 =================================================================
2024-05-22 13:29:36 Total params: 2961000 (11.30 MB)
2024-05-22 13:29:36 Trainable params: 2961000 (11.30 MB)
2024-05-22 13:29:36 Non-trainable params: 0 (0.00 Byte)
2024-05-22 13:29:36 _________________________________________________________________
2024-05-22 13:29:36 Feature encoding submodel for drug.descriptors:
2024-05-22 13:29:36 Model: "drug.descriptors"
2024-05-22 13:29:36 _________________________________________________________________
2024-05-22 13:29:36  Layer (type)                Output Shape              Param #   
2024-05-22 13:29:36 =================================================================
2024-05-22 13:29:36  input_2 (InputLayer)        [(None, 1613)]            0         
2024-05-22 13:29:36                                                                  
2024-05-22 13:29:36  dense_3 (Dense)             (None, 1000)              1614000   
2024-05-22 13:29:36                                                                  
2024-05-22 13:29:36  permanent_dropout_3 (Perma  (None, 1000)              0         
2024-05-22 13:29:36  nentDropout)                                                    
2024-05-22 13:29:36                                                                  
2024-05-22 13:29:36  dense_4 (Dense)             (None, 1000)              1001000   
2024-05-22 13:29:36                                                                  
2024-05-22 13:29:36  permanent_dropout_4 (Perma  (None, 1000)              0         
2024-05-22 13:29:36  nentDropout)                                                    
2024-05-22 13:29:36                                                                  
2024-05-22 13:29:36  dense_5 (Dense)             (None, 1000)              1001000   
2024-05-22 13:29:36                                                                  
2024-05-22 13:29:36  permanent_dropout_5 (Perma  (None, 1000)              0         
2024-05-22 13:29:36  nentDropout)                                                    
2024-05-22 13:29:36                                                                  
2024-05-22 13:29:36 =================================================================
2024-05-22 13:29:36 Total params: 3616000 (13.79 MB)
2024-05-22 13:29:36 Trainable params: 3616000 (13.79 MB)
2024-05-22 13:29:36 Non-trainable params: 0 (0.00 Byte)
2024-05-22 13:29:36 _________________________________________________________________
2024-05-22 13:29:36 Combined model:
2024-05-22 13:29:36 Model: "model"
2024-05-22 13:29:36 __________________________________________________________________________________________________
2024-05-22 13:29:36  Layer (type)                Output Shape                 Param #   Connected to                  
2024-05-22 13:29:36 ==================================================================================================
2024-05-22 13:29:36  input.cell.rnaseq (InputLa  [(None, 958)]                0         []                            
2024-05-22 13:29:36  yer)                                                                                             
2024-05-22 13:29:36                                                                                                   
2024-05-22 13:29:36  input.drug1.descriptors (I  [(None, 1613)]               0         []                            
2024-05-22 13:29:36  nputLayer)                                                                                       
2024-05-22 13:29:36                                                                                                   
2024-05-22 13:29:36  cell.rnaseq (Functional)    (None, 1000)                 2961000   ['input.cell.rnaseq[0][0]']   
2024-05-22 13:29:36                                                                                                   
2024-05-22 13:29:36  drug.descriptors (Function  (None, 1000)                 3616000   ['input.drug1.descriptors[0][0
2024-05-22 13:29:36  al)                                                                ]']                           
2024-05-22 13:29:36                                                                                                   
2024-05-22 13:29:36  concatenate (Concatenate)   (None, 2000)                 0         ['cell.rnaseq[0][0]',         
2024-05-22 13:29:36                                                                      'drug.descriptors[0][0]']    
2024-05-22 13:29:36                                                                                                   
2024-05-22 13:29:36  dense_6 (Dense)             (None, 1000)                 2001000   ['concatenate[0][0]']         
2024-05-22 13:29:36                                                                                                   
2024-05-22 13:29:36  permanent_dropout_6 (Perma  (None, 1000)                 0         ['dense_6[0][0]']             
2024-05-22 13:29:36  nentDropout)                                                                                     
2024-05-22 13:29:36                                                                                                   
2024-05-22 13:29:36  dense_7 (Dense)             (None, 1000)                 1001000   ['permanent_dropout_6[0][0]'] 
2024-05-22 13:29:36                                                                                                   
2024-05-22 13:29:36  permanent_dropout_7 (Perma  (None, 1000)                 0         ['dense_7[0][0]']             
2024-05-22 13:29:36  nentDropout)                                                                                     
2024-05-22 13:29:36                                                                                                   
2024-05-22 13:29:36  dense_8 (Dense)             (None, 1000)                 1001000   ['permanent_dropout_7[0][0]'] 
2024-05-22 13:29:36                                                                                                   
2024-05-22 13:29:36  permanent_dropout_8 (Perma  (None, 1000)                 0         ['dense_8[0][0]']             
2024-05-22 13:29:36  nentDropout)                                                                                     
2024-05-22 13:29:36                                                                                                   
2024-05-22 13:29:36  dense_9 (Dense)             (None, 1000)                 1001000   ['permanent_dropout_8[0][0]'] 
2024-05-22 13:29:36                                                                                                   
2024-05-22 13:29:36  permanent_dropout_9 (Perma  (None, 1000)                 0         ['dense_9[0][0]']             
2024-05-22 13:29:36  nentDropout)                                                                                     
2024-05-22 13:29:36                                                                                                   
2024-05-22 13:29:36  dense_10 (Dense)            (None, 1000)                 1001000   ['permanent_dropout_9[0][0]'] 
2024-05-22 13:29:36                                                                                                   
2024-05-22 13:29:36  permanent_dropout_10 (Perm  (None, 1000)                 0         ['dense_10[0][0]']            
2024-05-22 13:29:36  anentDropout)                                                                                    
2024-05-22 13:29:36                                                                                                   
2024-05-22 13:29:36  dense_11 (Dense)            (None, 1)                    1001      ['permanent_dropout_10[0][0]']
2024-05-22 13:29:36                                                                                                   
2024-05-22 13:29:36 ==================================================================================================
2024-05-22 13:29:36 Total params: 12583001 (48.00 MB)
2024-05-22 13:29:36 Trainable params: 12583001 (48.00 MB)
2024-05-22 13:29:36 Non-trainable params: 0 (0.00 Byte)
2024-05-22 13:29:36 __________________________________________________________________________________________________
2024-05-22 13:29:36 CKPT CONSTRUCT...
2024-05-22 13:29:36 CKPT CONSTRUCT OK.
2024-05-22 13:29:36 template model: <keras.src.engine.functional.Functional object at 0x14e93ed8fc40>
2024-05-22 13:29:38 COMPILE
2024-05-22 13:29:38 Will save weights to: /dev/shm/Uno/save/9000732.amn-0001/7/3.1.model.h5
2024-05-22 13:29:55 Between random pairs in y_val:
2024-05-22 13:29:55   mse: 0.04766625
2024-05-22 13:29:55   mae: 0.15973830
2024-05-22 13:29:55   r2: -1.00227468
2024-05-22 13:29:55   corr: -0.00113734
2024-05-22 13:29:55 Data points per epoch: train = 467719, val = 116930, test = 3060
2024-05-22 13:29:55 Steps per epoch: train = 14616, val = 3654, test = 95
2024-05-22 13:29:55 Epoch 0: lr=0.001
2024-05-22 13:31:07 [Epoch: 0] loss: 0.023058, mae: 0.079386, r2: -0.136665, val_loss: 0.009016, val_mae: 0.067910, val_r2: 0.578003
2024-05-22 13:31:07 Epoch 1: lr=0.00082
2024-05-22 13:32:19 [Epoch: 1] loss: 0.007988, mae: 0.063921, r2: 0.623335, val_loss: 0.007601, val_mae: 0.062365, val_r2: 0.638556
2024-05-22 13:32:19 Epoch 2: lr=0.00064
2024-05-22 13:33:30 [Epoch: 2] loss: 0.007325, mae: 0.060865, r2: 0.653613, val_loss: 0.007386, val_mae: 0.062281, val_r2: 0.650886
2024-05-22 13:33:31 Epoch 3: lr=0.00046
2024-05-22 13:34:42 [Epoch: 3] loss: 0.006866, mae: 0.058758, r2: 0.674743, val_loss: 0.006907, val_mae: 0.058356, val_r2: 0.672183
2024-05-22 13:34:42 Epoch 4: lr=0.00028
2024-05-22 13:35:53 [Epoch: 4] loss: 0.006463, mae: 0.056900, r2: 0.692920, val_loss: 0.006659, val_mae: 0.058767, val_r2: 0.682480
2024-05-22 13:35:53 Epoch 5: lr=0.0001
2024-05-22 13:37:04 [Epoch: 5] loss: 0.006137, mae: 0.055401, r2: 0.707808, val_loss: 0.006414, val_mae: 0.056292, val_r2: 0.692253
2024-05-22 13:37:04 Epoch 6: lr=0.0001
2024-05-22 13:38:15 [Epoch: 6] loss: 0.006017, mae: 0.054892, r2: 0.713180, val_loss: 0.006405, val_mae: 0.056236, val_r2: 0.693173
2024-05-22 13:38:15 Epoch 7: lr=0.0001
2024-05-22 13:39:27 [Epoch: 7] loss: 0.005939, mae: 0.054557, r2: 0.716619, val_loss: 0.006394, val_mae: 0.055710, val_r2: 0.693511
2024-05-22 13:39:27 Epoch 8: lr=0.0001
2024-05-22 13:40:38 [Epoch: 8] loss: 0.005871, mae: 0.054206, r2: 0.719736, val_loss: 0.006356, val_mae: 0.055825, val_r2: 0.694820
2024-05-22 13:40:38 Epoch 9: lr=0.0001
2024-05-22 13:41:49 [Epoch: 9] loss: 0.005795, mae: 0.053907, r2: 0.723334, val_loss: 0.006299, val_mae: 0.055599, val_r2: 0.698772
2024-05-22 13:41:49 Epoch 10: lr=0.0001
2024-05-22 13:43:01 [Epoch: 10] loss: 0.005745, mae: 0.053643, r2: 0.725693, val_loss: 0.006308, val_mae: 0.055975, val_r2: 0.697300
2024-05-22 13:43:01 Epoch 11: lr=0.0001
2024-05-22 13:44:12 [Epoch: 11] loss: 0.005687, mae: 0.053371, r2: 0.728280, val_loss: 0.006295, val_mae: 0.055403, val_r2: 0.698435
2024-05-22 13:44:12 Epoch 12: lr=0.0001
2024-05-22 13:45:24 [Epoch: 12] loss: 0.005622, mae: 0.053094, r2: 0.731324, val_loss: 0.006234, val_mae: 0.055560, val_r2: 0.700935
2024-05-22 13:45:24 Epoch 13: lr=0.0001
2024-05-22 13:46:35 [Epoch: 13] loss: 0.005574, mae: 0.052893, r2: 0.733645, val_loss: 0.006257, val_mae: 0.055236, val_r2: 0.699713
2024-05-22 13:46:35 Epoch 14: lr=0.0001
2024-05-22 13:47:46 [Epoch: 14] loss: 0.005507, mae: 0.052597, r2: 0.736482, val_loss: 0.006215, val_mae: 0.054899, val_r2: 0.702076
2024-05-22 13:47:46 Epoch 15: lr=5e-05
2024-05-22 13:48:58 [Epoch: 15] loss: 0.005391, mae: 0.052049, r2: 0.741997, val_loss: 0.006179, val_mae: 0.054944, val_r2: 0.704061
2024-05-22 13:48:58 Epoch 16: lr=5e-05
2024-05-22 13:50:08 [Epoch: 16] loss: 0.005350, mae: 0.051832, r2: 0.743715, val_loss: 0.006192, val_mae: 0.055022, val_r2: 0.702711
2024-05-22 13:50:08 Epoch 17: lr=5e-05
2024-05-22 13:51:20 [Epoch: 17] loss: 0.005319, mae: 0.051727, r2: 0.745370, val_loss: 0.006189, val_mae: 0.054865, val_r2: 0.703722
2024-05-22 13:51:20 Epoch 18: lr=5e-05
2024-05-22 13:52:30 [Epoch: 18] loss: 0.005286, mae: 0.051552, r2: 0.746844, val_loss: 0.006160, val_mae: 0.054845, val_r2: 0.704430
2024-05-22 13:52:30 Epoch 19: lr=5e-05
2024-05-22 13:53:42 [Epoch: 19] loss: 0.005255, mae: 0.051407, r2: 0.748275, val_loss: 0.006175, val_mae: 0.054952, val_r2: 0.703783
2024-05-22 13:53:42 Epoch 20: lr=5e-05
2024-05-22 13:54:53 [Epoch: 20] loss: 0.005233, mae: 0.051299, r2: 0.749035, val_loss: 0.006155, val_mae: 0.055232, val_r2: 0.704568
2024-05-22 13:54:53 Epoch 21: lr=2.5e-05
2024-05-22 13:56:04 [Epoch: 21] loss: 0.005170, mae: 0.050986, r2: 0.751876, val_loss: 0.006134, val_mae: 0.054723, val_r2: 0.705445
2024-05-22 13:56:05 Epoch 22: lr=2.5e-05
2024-05-22 13:57:15 [Epoch: 22] loss: 0.005151, mae: 0.050902, r2: 0.753052, val_loss: 0.006114, val_mae: 0.054343, val_r2: 0.706701
2024-05-22 13:57:15 Epoch 23: lr=2.5e-05
2024-05-22 13:58:27 [Epoch: 23] loss: 0.005141, mae: 0.050877, r2: 0.753614, val_loss: 0.006139, val_mae: 0.054681, val_r2: 0.704863
2024-05-22 13:58:27 Epoch 24: lr=2.5e-05
2024-05-22 13:59:38 [Epoch: 24] loss: 0.005114, mae: 0.050716, r2: 0.754660, val_loss: 0.006155, val_mae: 0.054635, val_r2: 0.704364
2024-05-22 13:59:38 Epoch 25: lr=2.5e-05
2024-05-22 14:00:49 [Epoch: 25] loss: 0.005105, mae: 0.050706, r2: 0.755166, val_loss: 0.006156, val_mae: 0.054511, val_r2: 0.704366
2024-05-22 14:00:50 Epoch 26: lr=1.25e-05
2024-05-22 14:02:01 [Epoch: 26] loss: 0.005072, mae: 0.050550, r2: 0.756806, val_loss: 0.006137, val_mae: 0.054542, val_r2: 0.705207
2024-05-22 14:02:01 Epoch 27: lr=1.25e-05
2024-05-22 14:03:12 [Epoch: 27] loss: 0.005064, mae: 0.050481, r2: 0.757214, val_loss: 0.006136, val_mae: 0.054786, val_r2: 0.705550
2024-05-22 14:03:12 Epoch 28: lr=1.25e-05
2024-05-22 14:04:23 [Epoch: 28] loss: 0.005060, mae: 0.050462, r2: 0.757392, val_loss: 0.006123, val_mae: 0.054589, val_r2: 0.705946
2024-05-22 14:04:23 Epoch 29: lr=1.25e-05
2024-05-22 14:05:35 [Epoch: 29] loss: 0.005046, mae: 0.050405, r2: 0.757841, val_loss: 0.006145, val_mae: 0.054534, val_r2: 0.704974
2024-05-22 14:05:35 Epoch 30: lr=1.25e-05
2024-05-22 14:06:45 [Epoch: 30] loss: 0.005040, mae: 0.050383, r2: 0.758211, val_loss: 0.006154, val_mae: 0.054540, val_r2: 0.704550
2024-05-22 14:06:46 Epoch 31: lr=1e-05
2024-05-22 14:07:56 [Epoch: 31] loss: 0.005028, mae: 0.050350, r2: 0.758843, val_loss: 0.006155, val_mae: 0.054542, val_r2: 0.704708
2024-05-22 14:07:56 Epoch 32: lr=1e-05
2024-05-22 14:09:08 [Epoch: 32] loss: 0.005020, mae: 0.050314, r2: 0.759084, val_loss: 0.006139, val_mae: 0.054476, val_r2: 0.705661
2024-05-22 14:09:08 history_length: 33
2024-05-22 14:09:08 stopping: early
2024-05-22 14:09:08 Comparing y_true and y_pred:
2024-05-22 14:09:08   mse: 0.00611958
2024-05-22 14:09:08   mae: 0.05840160
2024-05-22 14:09:08   r2: -0.38433974
2024-05-22 14:09:08   corr: 0.29094289
