2024-04-29 10:35:23 UNO RUN ...
2024-04-29 10:35:23 Params: {'model_name': 'uno', 'train_sources': ['CCLE'], 'test_sources': ['train'], 'cell_types': None, 'cell_features': ['rnaseq'], 'drug_features': ['descriptors'], 'dense': [1000, 1000, 1000, 1000, 1000], 'dense_feature_layers': [1000, 1000, 1000], 'activation': 'relu', 'loss': 'mse', 'optimizer': 'adamax', 'scaling': 'std', 'dropout': 0.1, 'epochs': 30, 'batch_size': 32, 'val_split': 0.2, 'cv': 1, 'max_val_loss': 1.0, 'learning_rate': 0.0001, 'base_lr': None, 'agg_dose': 'AUC', 'residual': False, 'reduce_lr': True, 'warmup_lr': True, 'batch_normalization': False, 'feature_subsample': 0, 'rng_seed': 2018, 'no_gen': False, 'verbose': False, 'preprocess_rnaseq': 'source_scale', 'gpus': [0], 'use_landmark_genes': True, 'no_feature_source': True, 'no_response_source': True, 'save_path': '/dev/shm/Uno/save/8994056.amn-0001/138', 'single': True, 'on_memory_loader': True, 'ckpt_checksum': True, 'ckpt_save_interval': 0, 'timeout': -1, 'train_bool': True, 'profiling': False, 'experiment_id': '8994056.amn-0001', 'run_id': '138', 'logfile': '/dev/shm/Uno/save/8994056.amn-0001/138/python.log', 'shuffle': False, 'ckpt_restart_mode': 'off', 'ckpt_skip_epochs': 0, 'ckpt_directory': '/dev/shm/Uno/save/8994056.amn-0001/138', 'ckpt_save_best': True, 'ckpt_save_best_metric': 'val_loss', 'ckpt_save_weights_only': False, 'ckpt_keep_mode': 'linear', 'ckpt_keep_limit': 5, 'by_cell': None, 'by_drug': None, 'cell_subset_path': '', 'drug_subset_path': '', 'drug_median_response_min': -1, 'drug_median_response_max': 1, 'dense_cell_feature_layers': None, 'dense_drug_feature_layers': None, 'use_filtered_genes': False, 'feature_subset_path': '', 'cell_feature_subset_path': '', 'drug_feature_subset_path': '', 'es': True, 'cp': False, 'tb': False, 'tb_prefix': 'tb', 'partition_by': None, 'cache': None, 'export_csv': None, 'export_data': None, 'use_exported_data': '/dev/shm/Uno/x1922c0s2b0n0.138.merged.landmark.h5', 'growth_bins': 0, 'initial_weights': None, 'save_weights': '/dev/shm/Uno/save/8994056.amn-0001/138/3.0.model.h5', 'config_file': '/home/brettin/CSC249ADOA01_CNDA/brettin/Benchmarks/Pilot1/Uno/uno_auc_model.txt', 'data_type': <class 'numpy.float32'>, 'data_dir': '/dev/shm/Uno/uno/Data', 'output_dir': '/dev/shm/Uno/uno/Output/8994056.amn-0001/138'}
2024-04-29 10:35:24 Feature encoding submodel for cell.rnaseq:
2024-04-29 10:35:24 Model: "cell.rnaseq"
2024-04-29 10:35:24 _________________________________________________________________
2024-04-29 10:35:24  Layer (type)                Output Shape              Param #   
2024-04-29 10:35:24 =================================================================
2024-04-29 10:35:24  input_1 (InputLayer)        [(None, 958)]             0         
2024-04-29 10:35:24                                                                  
2024-04-29 10:35:24  dense (Dense)               (None, 1000)              959000    
2024-04-29 10:35:24                                                                  
2024-04-29 10:35:24  permanent_dropout (Permane  (None, 1000)              0         
2024-04-29 10:35:24  ntDropout)                                                      
2024-04-29 10:35:24                                                                  
2024-04-29 10:35:24  dense_1 (Dense)             (None, 1000)              1001000   
2024-04-29 10:35:24                                                                  
2024-04-29 10:35:24  permanent_dropout_1 (Perma  (None, 1000)              0         
2024-04-29 10:35:24  nentDropout)                                                    
2024-04-29 10:35:24                                                                  
2024-04-29 10:35:24  dense_2 (Dense)             (None, 1000)              1001000   
2024-04-29 10:35:24                                                                  
2024-04-29 10:35:24  permanent_dropout_2 (Perma  (None, 1000)              0         
2024-04-29 10:35:24  nentDropout)                                                    
2024-04-29 10:35:24                                                                  
2024-04-29 10:35:24 =================================================================
2024-04-29 10:35:24 Total params: 2961000 (11.30 MB)
2024-04-29 10:35:24 Trainable params: 2961000 (11.30 MB)
2024-04-29 10:35:24 Non-trainable params: 0 (0.00 Byte)
2024-04-29 10:35:24 _________________________________________________________________
2024-04-29 10:35:24 Feature encoding submodel for drug.descriptors:
2024-04-29 10:35:24 Model: "drug.descriptors"
2024-04-29 10:35:24 _________________________________________________________________
2024-04-29 10:35:24  Layer (type)                Output Shape              Param #   
2024-04-29 10:35:24 =================================================================
2024-04-29 10:35:24  input_2 (InputLayer)        [(None, 1613)]            0         
2024-04-29 10:35:24                                                                  
2024-04-29 10:35:24  dense_3 (Dense)             (None, 1000)              1614000   
2024-04-29 10:35:24                                                                  
2024-04-29 10:35:24  permanent_dropout_3 (Perma  (None, 1000)              0         
2024-04-29 10:35:24  nentDropout)                                                    
2024-04-29 10:35:24                                                                  
2024-04-29 10:35:24  dense_4 (Dense)             (None, 1000)              1001000   
2024-04-29 10:35:24                                                                  
2024-04-29 10:35:24  permanent_dropout_4 (Perma  (None, 1000)              0         
2024-04-29 10:35:24  nentDropout)                                                    
2024-04-29 10:35:24                                                                  
2024-04-29 10:35:24  dense_5 (Dense)             (None, 1000)              1001000   
2024-04-29 10:35:24                                                                  
2024-04-29 10:35:24  permanent_dropout_5 (Perma  (None, 1000)              0         
2024-04-29 10:35:24  nentDropout)                                                    
2024-04-29 10:35:24                                                                  
2024-04-29 10:35:24 =================================================================
2024-04-29 10:35:24 Total params: 3616000 (13.79 MB)
2024-04-29 10:35:24 Trainable params: 3616000 (13.79 MB)
2024-04-29 10:35:24 Non-trainable params: 0 (0.00 Byte)
2024-04-29 10:35:24 _________________________________________________________________
2024-04-29 10:35:24 Combined model:
2024-04-29 10:35:24 Model: "model"
2024-04-29 10:35:24 __________________________________________________________________________________________________
2024-04-29 10:35:24  Layer (type)                Output Shape                 Param #   Connected to                  
2024-04-29 10:35:24 ==================================================================================================
2024-04-29 10:35:24  input.cell.rnaseq (InputLa  [(None, 958)]                0         []                            
2024-04-29 10:35:24  yer)                                                                                             
2024-04-29 10:35:24                                                                                                   
2024-04-29 10:35:24  input.drug1.descriptors (I  [(None, 1613)]               0         []                            
2024-04-29 10:35:24  nputLayer)                                                                                       
2024-04-29 10:35:24                                                                                                   
2024-04-29 10:35:24  cell.rnaseq (Functional)    (None, 1000)                 2961000   ['input.cell.rnaseq[0][0]']   
2024-04-29 10:35:24                                                                                                   
2024-04-29 10:35:24  drug.descriptors (Function  (None, 1000)                 3616000   ['input.drug1.descriptors[0][0
2024-04-29 10:35:24  al)                                                                ]']                           
2024-04-29 10:35:24                                                                                                   
2024-04-29 10:35:24  concatenate (Concatenate)   (None, 2000)                 0         ['cell.rnaseq[0][0]',         
2024-04-29 10:35:24                                                                      'drug.descriptors[0][0]']    
2024-04-29 10:35:24                                                                                                   
2024-04-29 10:35:24  dense_6 (Dense)             (None, 1000)                 2001000   ['concatenate[0][0]']         
2024-04-29 10:35:24                                                                                                   
2024-04-29 10:35:24  permanent_dropout_6 (Perma  (None, 1000)                 0         ['dense_6[0][0]']             
2024-04-29 10:35:24  nentDropout)                                                                                     
2024-04-29 10:35:24                                                                                                   
2024-04-29 10:35:24  dense_7 (Dense)             (None, 1000)                 1001000   ['permanent_dropout_6[0][0]'] 
2024-04-29 10:35:24                                                                                                   
2024-04-29 10:35:24  permanent_dropout_7 (Perma  (None, 1000)                 0         ['dense_7[0][0]']             
2024-04-29 10:35:24  nentDropout)                                                                                     
2024-04-29 10:35:24                                                                                                   
2024-04-29 10:35:24  dense_8 (Dense)             (None, 1000)                 1001000   ['permanent_dropout_7[0][0]'] 
2024-04-29 10:35:24                                                                                                   
2024-04-29 10:35:24  permanent_dropout_8 (Perma  (None, 1000)                 0         ['dense_8[0][0]']             
2024-04-29 10:35:24  nentDropout)                                                                                     
2024-04-29 10:35:24                                                                                                   
2024-04-29 10:35:24  dense_9 (Dense)             (None, 1000)                 1001000   ['permanent_dropout_8[0][0]'] 
2024-04-29 10:35:24                                                                                                   
2024-04-29 10:35:24  permanent_dropout_9 (Perma  (None, 1000)                 0         ['dense_9[0][0]']             
2024-04-29 10:35:24  nentDropout)                                                                                     
2024-04-29 10:35:24                                                                                                   
2024-04-29 10:35:24  dense_10 (Dense)            (None, 1000)                 1001000   ['permanent_dropout_9[0][0]'] 
2024-04-29 10:35:24                                                                                                   
2024-04-29 10:35:24  permanent_dropout_10 (Perm  (None, 1000)                 0         ['dense_10[0][0]']            
2024-04-29 10:35:24  anentDropout)                                                                                    
2024-04-29 10:35:24                                                                                                   
2024-04-29 10:35:24  dense_11 (Dense)            (None, 1)                    1001      ['permanent_dropout_10[0][0]']
2024-04-29 10:35:24                                                                                                   
2024-04-29 10:35:24 ==================================================================================================
2024-04-29 10:35:24 Total params: 12583001 (48.00 MB)
2024-04-29 10:35:24 Trainable params: 12583001 (48.00 MB)
2024-04-29 10:35:24 Non-trainable params: 0 (0.00 Byte)
2024-04-29 10:35:24 __________________________________________________________________________________________________
2024-04-29 10:35:24 CKPT CONSTRUCT...
2024-04-29 10:35:24 CKPT CONSTRUCT OK.
2024-04-29 10:35:24 template model: <keras.src.engine.functional.Functional object at 0x151967827c10>
2024-04-29 10:35:26 COMPILE
2024-04-29 10:35:26 Will save weights to: /dev/shm/Uno/save/8994056.amn-0001/138/3.0.model.h5
2024-04-29 10:35:43 Between random pairs in y_val:
2024-04-29 10:35:43   mse: 0.04765457
2024-04-29 10:35:43   mae: 0.15956004
2024-04-29 10:35:43   r2: -0.99420710
2024-04-29 10:35:43   corr: 0.00289645
2024-04-29 10:35:43 Data points per epoch: train = 470167, val = 117542, test = 600
2024-04-29 10:35:43 Steps per epoch: train = 14692, val = 3673, test = 18
2024-04-29 10:35:43 Epoch 0: lr=0.001
2024-04-29 10:36:54 [Epoch: 0] loss: 0.025695, mae: 0.079693, r2: -0.451373, val_loss: 0.008273, val_mae: 0.064949, val_r2: 0.614874
2024-04-29 10:36:54 Epoch 1: lr=0.00082
2024-04-29 10:38:05 [Epoch: 1] loss: 0.008004, mae: 0.063984, r2: 0.619993, val_loss: 0.007573, val_mae: 0.061945, val_r2: 0.642647
2024-04-29 10:38:05 Epoch 2: lr=0.00064
2024-04-29 10:39:15 [Epoch: 2] loss: 0.007311, mae: 0.060807, r2: 0.652180, val_loss: 0.007308, val_mae: 0.061195, val_r2: 0.659541
2024-04-29 10:39:15 Epoch 3: lr=0.00046
2024-04-29 10:40:25 [Epoch: 3] loss: 0.006863, mae: 0.058738, r2: 0.672541, val_loss: 0.006916, val_mae: 0.058532, val_r2: 0.674506
2024-04-29 10:40:25 Epoch 4: lr=0.00028
2024-04-29 10:41:35 [Epoch: 4] loss: 0.006476, mae: 0.056919, r2: 0.690438, val_loss: 0.006578, val_mae: 0.057045, val_r2: 0.687911
2024-04-29 10:41:35 Epoch 5: lr=0.0001
2024-04-29 10:42:45 [Epoch: 5] loss: 0.006148, mae: 0.055379, r2: 0.705502, val_loss: 0.006386, val_mae: 0.056621, val_r2: 0.696324
2024-04-29 10:42:45 Epoch 6: lr=0.0001
2024-04-29 10:43:55 [Epoch: 6] loss: 0.006027, mae: 0.054869, r2: 0.710851, val_loss: 0.006358, val_mae: 0.055866, val_r2: 0.697578
2024-04-29 10:43:55 Epoch 7: lr=0.0001
2024-04-29 10:45:05 [Epoch: 7] loss: 0.005960, mae: 0.054579, r2: 0.714117, val_loss: 0.006327, val_mae: 0.055921, val_r2: 0.699463
2024-04-29 10:45:05 Epoch 8: lr=0.0001
2024-04-29 10:46:15 [Epoch: 8] loss: 0.005893, mae: 0.054237, r2: 0.717218, val_loss: 0.006302, val_mae: 0.055447, val_r2: 0.699632
2024-04-29 10:46:15 Epoch 9: lr=0.0001
2024-04-29 10:47:26 [Epoch: 9] loss: 0.005831, mae: 0.053974, r2: 0.720018, val_loss: 0.006273, val_mae: 0.055657, val_r2: 0.701252
2024-04-29 10:47:26 Epoch 10: lr=0.0001
2024-04-29 10:48:36 [Epoch: 10] loss: 0.005757, mae: 0.053666, r2: 0.723612, val_loss: 0.006311, val_mae: 0.055198, val_r2: 0.700207
2024-04-29 10:48:36 Epoch 11: lr=0.0001
2024-04-29 10:49:46 [Epoch: 11] loss: 0.005700, mae: 0.053402, r2: 0.726169, val_loss: 0.006228, val_mae: 0.055559, val_r2: 0.702205
2024-04-29 10:49:46 Epoch 12: lr=0.0001
2024-04-29 10:50:57 [Epoch: 12] loss: 0.005646, mae: 0.053167, r2: 0.728555, val_loss: 0.006188, val_mae: 0.054980, val_r2: 0.705480
2024-04-29 10:50:57 Epoch 13: lr=0.0001
2024-04-29 10:52:07 [Epoch: 13] loss: 0.005580, mae: 0.052885, r2: 0.731664, val_loss: 0.006157, val_mae: 0.055056, val_r2: 0.706957
2024-04-29 10:52:07 Epoch 14: lr=0.0001
2024-04-29 10:53:17 [Epoch: 14] loss: 0.005534, mae: 0.052633, r2: 0.733912, val_loss: 0.006138, val_mae: 0.054806, val_r2: 0.707035
2024-04-29 10:53:17 Epoch 15: lr=0.0001
2024-04-29 10:54:27 [Epoch: 15] loss: 0.005478, mae: 0.052372, r2: 0.736400, val_loss: 0.006219, val_mae: 0.054692, val_r2: 0.704392
2024-04-29 10:54:27 Epoch 16: lr=0.0001
2024-04-29 10:55:37 [Epoch: 16] loss: 0.005423, mae: 0.052145, r2: 0.738670, val_loss: 0.006121, val_mae: 0.054866, val_r2: 0.708410
2024-04-29 10:55:37 Epoch 17: lr=0.0001
2024-04-29 10:56:48 [Epoch: 17] loss: 0.005384, mae: 0.051908, r2: 0.740970, val_loss: 0.006112, val_mae: 0.055323, val_r2: 0.708089
2024-04-29 10:56:48 Epoch 18: lr=0.0001
2024-04-29 10:57:58 [Epoch: 18] loss: 0.005328, mae: 0.051701, r2: 0.743459, val_loss: 0.006064, val_mae: 0.054969, val_r2: 0.709747
2024-04-29 10:57:58 Epoch 19: lr=5e-05
2024-04-29 10:59:08 [Epoch: 19] loss: 0.005215, mae: 0.051126, r2: 0.748716, val_loss: 0.006071, val_mae: 0.054137, val_r2: 0.710047
2024-04-29 10:59:08 Epoch 20: lr=5e-05
2024-04-29 11:00:19 [Epoch: 20] loss: 0.005163, mae: 0.050920, r2: 0.751407, val_loss: 0.006064, val_mae: 0.054168, val_r2: 0.710415
2024-04-29 11:00:19 Epoch 21: lr=5e-05
2024-04-29 11:01:29 [Epoch: 21] loss: 0.005141, mae: 0.050804, r2: 0.752121, val_loss: 0.006044, val_mae: 0.054330, val_r2: 0.711750
2024-04-29 11:01:29 Epoch 22: lr=5e-05
2024-04-29 11:02:39 [Epoch: 22] loss: 0.005106, mae: 0.050644, r2: 0.753772, val_loss: 0.006048, val_mae: 0.054259, val_r2: 0.710954
2024-04-29 11:02:39 Epoch 23: lr=5e-05
2024-04-29 11:03:49 [Epoch: 23] loss: 0.005081, mae: 0.050519, r2: 0.754860, val_loss: 0.006041, val_mae: 0.054477, val_r2: 0.711156
2024-04-29 11:03:50 Epoch 24: lr=5e-05
2024-04-29 11:05:00 [Epoch: 24] loss: 0.005053, mae: 0.050409, r2: 0.756248, val_loss: 0.006043, val_mae: 0.054468, val_r2: 0.711935
2024-04-29 11:05:00 Epoch 25: lr=5e-05
2024-04-29 11:06:10 [Epoch: 25] loss: 0.005042, mae: 0.050363, r2: 0.756843, val_loss: 0.006030, val_mae: 0.054316, val_r2: 0.712072
2024-04-29 11:06:10 Epoch 26: lr=5e-05
2024-04-29 11:07:20 [Epoch: 26] loss: 0.005008, mae: 0.050176, r2: 0.758316, val_loss: 0.006055, val_mae: 0.053999, val_r2: 0.710365
2024-04-29 11:07:20 Epoch 27: lr=2.5e-05
2024-04-29 11:08:30 [Epoch: 27] loss: 0.004959, mae: 0.049929, r2: 0.760611, val_loss: 0.006027, val_mae: 0.054152, val_r2: 0.712220
2024-04-29 11:08:30 Epoch 28: lr=2.5e-05
2024-04-29 11:09:41 [Epoch: 28] loss: 0.004939, mae: 0.049845, r2: 0.761620, val_loss: 0.006013, val_mae: 0.054376, val_r2: 0.712545
2024-04-29 11:09:41 Epoch 29: lr=2.5e-05
2024-04-29 11:10:51 [Epoch: 29] loss: 0.004916, mae: 0.049737, r2: 0.762894, val_loss: 0.006032, val_mae: 0.054111, val_r2: 0.711637
2024-04-29 11:10:51 history_length: 30
2024-04-29 11:10:51 stopping: complete
2024-04-29 11:10:51 Comparing y_true and y_pred:
2024-04-29 11:10:51   mse: 0.00301394
2024-04-29 11:10:51   mae: 0.04476344
2024-04-29 11:10:51   r2: 0.03546493
2024-04-29 11:10:51   corr: 0.21046632
