2024-05-09 11:42:30 UNO RUN ...
2024-05-09 11:42:30 Params: {'model_name': 'uno', 'train_sources': ['CCLE'], 'test_sources': ['train'], 'cell_types': None, 'cell_features': ['rnaseq'], 'drug_features': ['descriptors'], 'dense': [1000, 1000, 1000, 1000, 1000], 'dense_feature_layers': [1000, 1000, 1000], 'activation': 'relu', 'loss': 'mse', 'optimizer': 'adamax', 'scaling': 'std', 'dropout': 0.1, 'epochs': 30, 'batch_size': 32, 'val_split': 0.2, 'cv': 1, 'max_val_loss': 1.0, 'learning_rate': 0.0001, 'base_lr': None, 'agg_dose': 'AUC', 'residual': False, 'reduce_lr': True, 'warmup_lr': True, 'batch_normalization': False, 'feature_subsample': 0, 'rng_seed': 2018, 'no_gen': False, 'verbose': False, 'preprocess_rnaseq': 'source_scale', 'gpus': [0], 'use_landmark_genes': True, 'no_feature_source': True, 'no_response_source': True, 'save_path': '/dev/shm/Uno/save/8996461.amn-0001/265', 'single': True, 'on_memory_loader': True, 'ckpt_checksum': True, 'ckpt_save_interval': 0, 'timeout': -1, 'train_bool': True, 'profiling': False, 'experiment_id': '8996461.amn-0001', 'run_id': '265', 'logfile': '/dev/shm/Uno/save/8996461.amn-0001/265/python.log', 'shuffle': False, 'ckpt_restart_mode': 'off', 'ckpt_skip_epochs': 0, 'ckpt_directory': '/dev/shm/Uno/save/8996461.amn-0001/265', 'ckpt_save_best': True, 'ckpt_save_best_metric': 'val_loss', 'ckpt_save_weights_only': False, 'ckpt_keep_mode': 'linear', 'ckpt_keep_limit': 5, 'by_cell': None, 'by_drug': None, 'cell_subset_path': '', 'drug_subset_path': '', 'drug_median_response_min': -1, 'drug_median_response_max': 1, 'dense_cell_feature_layers': None, 'dense_drug_feature_layers': None, 'use_filtered_genes': False, 'feature_subset_path': '', 'cell_feature_subset_path': '', 'drug_feature_subset_path': '', 'es': True, 'cp': False, 'tb': False, 'tb_prefix': 'tb', 'partition_by': None, 'cache': None, 'export_csv': None, 'export_data': None, 'use_exported_data': '/dev/shm/Uno/x1921c3s4b0n0.265.merged.landmark.h5', 'growth_bins': 0, 'initial_weights': None, 'save_weights': '/dev/shm/Uno/save/8996461.amn-0001/265/0.1.model.h5', 'config_file': '/home/brettin/CSC249ADOA01_CNDA/brettin/Benchmarks/Pilot1/Uno/uno_auc_model.txt', 'data_type': <class 'numpy.float32'>, 'data_dir': '/dev/shm/Uno/uno/Data', 'output_dir': '/dev/shm/Uno/uno/Output/8996461.amn-0001/265'}
2024-05-09 11:42:31 Feature encoding submodel for cell.rnaseq:
2024-05-09 11:42:31 Model: "cell.rnaseq"
2024-05-09 11:42:31 _________________________________________________________________
2024-05-09 11:42:31  Layer (type)                Output Shape              Param #   
2024-05-09 11:42:31 =================================================================
2024-05-09 11:42:31  input_1 (InputLayer)        [(None, 958)]             0         
2024-05-09 11:42:31                                                                  
2024-05-09 11:42:31  dense (Dense)               (None, 1000)              959000    
2024-05-09 11:42:31                                                                  
2024-05-09 11:42:31  permanent_dropout (Permane  (None, 1000)              0         
2024-05-09 11:42:31  ntDropout)                                                      
2024-05-09 11:42:31                                                                  
2024-05-09 11:42:31  dense_1 (Dense)             (None, 1000)              1001000   
2024-05-09 11:42:31                                                                  
2024-05-09 11:42:31  permanent_dropout_1 (Perma  (None, 1000)              0         
2024-05-09 11:42:31  nentDropout)                                                    
2024-05-09 11:42:31                                                                  
2024-05-09 11:42:31  dense_2 (Dense)             (None, 1000)              1001000   
2024-05-09 11:42:31                                                                  
2024-05-09 11:42:31  permanent_dropout_2 (Perma  (None, 1000)              0         
2024-05-09 11:42:31  nentDropout)                                                    
2024-05-09 11:42:31                                                                  
2024-05-09 11:42:31 =================================================================
2024-05-09 11:42:31 Total params: 2961000 (11.30 MB)
2024-05-09 11:42:31 Trainable params: 2961000 (11.30 MB)
2024-05-09 11:42:31 Non-trainable params: 0 (0.00 Byte)
2024-05-09 11:42:31 _________________________________________________________________
2024-05-09 11:42:31 Feature encoding submodel for drug.descriptors:
2024-05-09 11:42:31 Model: "drug.descriptors"
2024-05-09 11:42:31 _________________________________________________________________
2024-05-09 11:42:31  Layer (type)                Output Shape              Param #   
2024-05-09 11:42:31 =================================================================
2024-05-09 11:42:31  input_2 (InputLayer)        [(None, 1613)]            0         
2024-05-09 11:42:31                                                                  
2024-05-09 11:42:31  dense_3 (Dense)             (None, 1000)              1614000   
2024-05-09 11:42:31                                                                  
2024-05-09 11:42:31  permanent_dropout_3 (Perma  (None, 1000)              0         
2024-05-09 11:42:31  nentDropout)                                                    
2024-05-09 11:42:31                                                                  
2024-05-09 11:42:31  dense_4 (Dense)             (None, 1000)              1001000   
2024-05-09 11:42:31                                                                  
2024-05-09 11:42:31  permanent_dropout_4 (Perma  (None, 1000)              0         
2024-05-09 11:42:31  nentDropout)                                                    
2024-05-09 11:42:31                                                                  
2024-05-09 11:42:31  dense_5 (Dense)             (None, 1000)              1001000   
2024-05-09 11:42:31                                                                  
2024-05-09 11:42:31  permanent_dropout_5 (Perma  (None, 1000)              0         
2024-05-09 11:42:31  nentDropout)                                                    
2024-05-09 11:42:31                                                                  
2024-05-09 11:42:31 =================================================================
2024-05-09 11:42:31 Total params: 3616000 (13.79 MB)
2024-05-09 11:42:31 Trainable params: 3616000 (13.79 MB)
2024-05-09 11:42:31 Non-trainable params: 0 (0.00 Byte)
2024-05-09 11:42:31 _________________________________________________________________
2024-05-09 11:42:31 Combined model:
2024-05-09 11:42:31 Model: "model"
2024-05-09 11:42:31 __________________________________________________________________________________________________
2024-05-09 11:42:31  Layer (type)                Output Shape                 Param #   Connected to                  
2024-05-09 11:42:31 ==================================================================================================
2024-05-09 11:42:31  input.cell.rnaseq (InputLa  [(None, 958)]                0         []                            
2024-05-09 11:42:31  yer)                                                                                             
2024-05-09 11:42:31                                                                                                   
2024-05-09 11:42:31  input.drug1.descriptors (I  [(None, 1613)]               0         []                            
2024-05-09 11:42:31  nputLayer)                                                                                       
2024-05-09 11:42:31                                                                                                   
2024-05-09 11:42:31  cell.rnaseq (Functional)    (None, 1000)                 2961000   ['input.cell.rnaseq[0][0]']   
2024-05-09 11:42:31                                                                                                   
2024-05-09 11:42:31  drug.descriptors (Function  (None, 1000)                 3616000   ['input.drug1.descriptors[0][0
2024-05-09 11:42:31  al)                                                                ]']                           
2024-05-09 11:42:31                                                                                                   
2024-05-09 11:42:31  concatenate (Concatenate)   (None, 2000)                 0         ['cell.rnaseq[0][0]',         
2024-05-09 11:42:31                                                                      'drug.descriptors[0][0]']    
2024-05-09 11:42:31                                                                                                   
2024-05-09 11:42:31  dense_6 (Dense)             (None, 1000)                 2001000   ['concatenate[0][0]']         
2024-05-09 11:42:31                                                                                                   
2024-05-09 11:42:31  permanent_dropout_6 (Perma  (None, 1000)                 0         ['dense_6[0][0]']             
2024-05-09 11:42:31  nentDropout)                                                                                     
2024-05-09 11:42:31                                                                                                   
2024-05-09 11:42:31  dense_7 (Dense)             (None, 1000)                 1001000   ['permanent_dropout_6[0][0]'] 
2024-05-09 11:42:31                                                                                                   
2024-05-09 11:42:31  permanent_dropout_7 (Perma  (None, 1000)                 0         ['dense_7[0][0]']             
2024-05-09 11:42:31  nentDropout)                                                                                     
2024-05-09 11:42:31                                                                                                   
2024-05-09 11:42:31  dense_8 (Dense)             (None, 1000)                 1001000   ['permanent_dropout_7[0][0]'] 
2024-05-09 11:42:31                                                                                                   
2024-05-09 11:42:31  permanent_dropout_8 (Perma  (None, 1000)                 0         ['dense_8[0][0]']             
2024-05-09 11:42:31  nentDropout)                                                                                     
2024-05-09 11:42:31                                                                                                   
2024-05-09 11:42:31  dense_9 (Dense)             (None, 1000)                 1001000   ['permanent_dropout_8[0][0]'] 
2024-05-09 11:42:31                                                                                                   
2024-05-09 11:42:31  permanent_dropout_9 (Perma  (None, 1000)                 0         ['dense_9[0][0]']             
2024-05-09 11:42:31  nentDropout)                                                                                     
2024-05-09 11:42:31                                                                                                   
2024-05-09 11:42:31  dense_10 (Dense)            (None, 1000)                 1001000   ['permanent_dropout_9[0][0]'] 
2024-05-09 11:42:31                                                                                                   
2024-05-09 11:42:31  permanent_dropout_10 (Perm  (None, 1000)                 0         ['dense_10[0][0]']            
2024-05-09 11:42:31  anentDropout)                                                                                    
2024-05-09 11:42:31                                                                                                   
2024-05-09 11:42:31  dense_11 (Dense)            (None, 1)                    1001      ['permanent_dropout_10[0][0]']
2024-05-09 11:42:31                                                                                                   
2024-05-09 11:42:31 ==================================================================================================
2024-05-09 11:42:31 Total params: 12583001 (48.00 MB)
2024-05-09 11:42:31 Trainable params: 12583001 (48.00 MB)
2024-05-09 11:42:31 Non-trainable params: 0 (0.00 Byte)
2024-05-09 11:42:31 __________________________________________________________________________________________________
2024-05-09 11:42:31 CKPT CONSTRUCT...
2024-05-09 11:42:31 CKPT CONSTRUCT OK.
2024-05-09 11:42:31 template model: <keras.src.engine.functional.Functional object at 0x153b064b78b0>
2024-05-09 11:42:33 COMPILE
2024-05-09 11:42:33 Will save weights to: /dev/shm/Uno/save/8996461.amn-0001/265/0.1.model.h5
2024-05-09 11:42:50 Between random pairs in y_val:
2024-05-09 11:42:50   mse: 0.04745464
2024-05-09 11:42:50   mae: 0.15969210
2024-05-09 11:42:50   r2: -0.99773681
2024-05-09 11:42:50   corr: 0.00113160
2024-05-09 11:42:50 Data points per epoch: train = 470167, val = 117542, test = 365
2024-05-09 11:42:50 Steps per epoch: train = 14692, val = 3673, test = 11
2024-05-09 11:42:50 Epoch 0: lr=0.001
2024-05-09 11:44:02 [Epoch: 0] loss: 0.026098, mae: 0.079322, r2: 0.144940, val_loss: 0.008333, val_mae: 0.065587, val_r2: 0.603528
2024-05-09 11:44:02 Epoch 1: lr=0.00082
2024-05-09 11:45:13 [Epoch: 1] loss: 0.007983, mae: 0.063900, r2: 0.621826, val_loss: 0.007822, val_mae: 0.062204, val_r2: 0.623343
2024-05-09 11:45:13 Epoch 2: lr=0.00064
2024-05-09 11:46:24 [Epoch: 2] loss: 0.007328, mae: 0.060809, r2: 0.652742, val_loss: 0.007188, val_mae: 0.059281, val_r2: 0.654877
2024-05-09 11:46:24 Epoch 3: lr=0.00046
2024-05-09 11:47:35 [Epoch: 3] loss: 0.006836, mae: 0.058618, r2: 0.674522, val_loss: 0.006916, val_mae: 0.058010, val_r2: 0.666683
2024-05-09 11:47:35 Epoch 4: lr=0.00028
2024-05-09 11:48:46 [Epoch: 4] loss: 0.006448, mae: 0.056832, r2: 0.692428, val_loss: 0.006635, val_mae: 0.057441, val_r2: 0.681566
2024-05-09 11:48:46 Epoch 5: lr=0.0001
2024-05-09 11:49:57 [Epoch: 5] loss: 0.006108, mae: 0.055287, r2: 0.707652, val_loss: 0.006406, val_mae: 0.056446, val_r2: 0.692754
2024-05-09 11:49:57 Epoch 6: lr=0.0001
2024-05-09 11:51:08 [Epoch: 6] loss: 0.005994, mae: 0.054751, r2: 0.713000, val_loss: 0.006365, val_mae: 0.056435, val_r2: 0.694316
2024-05-09 11:51:08 Epoch 7: lr=0.0001
2024-05-09 11:52:19 [Epoch: 7] loss: 0.005918, mae: 0.054441, r2: 0.716547, val_loss: 0.006315, val_mae: 0.056208, val_r2: 0.696129
2024-05-09 11:52:19 Epoch 8: lr=0.0001
2024-05-09 11:53:30 [Epoch: 8] loss: 0.005841, mae: 0.054088, r2: 0.720130, val_loss: 0.006289, val_mae: 0.055858, val_r2: 0.697505
2024-05-09 11:53:30 Epoch 9: lr=0.0001
2024-05-09 11:54:41 [Epoch: 9] loss: 0.005788, mae: 0.053847, r2: 0.722798, val_loss: 0.006304, val_mae: 0.055968, val_r2: 0.697132
2024-05-09 11:54:41 Epoch 10: lr=0.0001
2024-05-09 11:55:52 [Epoch: 10] loss: 0.005722, mae: 0.053547, r2: 0.725439, val_loss: 0.006262, val_mae: 0.055293, val_r2: 0.699109
2024-05-09 11:55:52 Epoch 11: lr=0.0001
2024-05-09 11:57:03 [Epoch: 11] loss: 0.005654, mae: 0.053245, r2: 0.728931, val_loss: 0.006202, val_mae: 0.055105, val_r2: 0.701720
2024-05-09 11:57:03 Epoch 12: lr=0.0001
2024-05-09 11:58:14 [Epoch: 12] loss: 0.005599, mae: 0.052961, r2: 0.731698, val_loss: 0.006217, val_mae: 0.055151, val_r2: 0.700354
2024-05-09 11:58:14 Epoch 13: lr=0.0001
2024-05-09 11:59:25 [Epoch: 13] loss: 0.005553, mae: 0.052769, r2: 0.733476, val_loss: 0.006179, val_mae: 0.055152, val_r2: 0.702018
2024-05-09 11:59:25 Epoch 14: lr=0.0001
2024-05-09 12:00:36 [Epoch: 14] loss: 0.005492, mae: 0.052482, r2: 0.736555, val_loss: 0.006171, val_mae: 0.055192, val_r2: 0.701185
2024-05-09 12:00:36 Epoch 15: lr=0.0001
2024-05-09 12:01:47 [Epoch: 15] loss: 0.005432, mae: 0.052235, r2: 0.739298, val_loss: 0.006180, val_mae: 0.054717, val_r2: 0.702218
2024-05-09 12:01:47 Epoch 16: lr=0.0001
2024-05-09 12:02:58 [Epoch: 16] loss: 0.005392, mae: 0.051990, r2: 0.741059, val_loss: 0.006177, val_mae: 0.054528, val_r2: 0.701871
2024-05-09 12:02:58 Epoch 17: lr=0.0001
2024-05-09 12:04:09 [Epoch: 17] loss: 0.005345, mae: 0.051784, r2: 0.743308, val_loss: 0.006125, val_mae: 0.054815, val_r2: 0.705354
2024-05-09 12:04:09 Epoch 18: lr=0.0001
2024-05-09 12:05:20 [Epoch: 18] loss: 0.005289, mae: 0.051542, r2: 0.745836, val_loss: 0.006106, val_mae: 0.054585, val_r2: 0.706458
2024-05-09 12:05:20 Epoch 19: lr=5e-05
2024-05-09 12:06:31 [Epoch: 19] loss: 0.005175, mae: 0.051000, r2: 0.751129, val_loss: 0.006068, val_mae: 0.054593, val_r2: 0.708127
2024-05-09 12:06:31 Epoch 20: lr=5e-05
2024-05-09 12:07:42 [Epoch: 20] loss: 0.005142, mae: 0.050813, r2: 0.753010, val_loss: 0.006075, val_mae: 0.054508, val_r2: 0.707227
2024-05-09 12:07:42 Epoch 21: lr=5e-05
2024-05-09 12:08:53 [Epoch: 21] loss: 0.005107, mae: 0.050646, r2: 0.754415, val_loss: 0.006091, val_mae: 0.054825, val_r2: 0.707474
2024-05-09 12:08:53 Epoch 22: lr=5e-05
2024-05-09 12:10:03 [Epoch: 22] loss: 0.005079, mae: 0.050547, r2: 0.755491, val_loss: 0.006067, val_mae: 0.054473, val_r2: 0.708107
2024-05-09 12:10:04 Epoch 23: lr=5e-05
2024-05-09 12:11:15 [Epoch: 23] loss: 0.005044, mae: 0.050377, r2: 0.757171, val_loss: 0.006045, val_mae: 0.054320, val_r2: 0.707487
2024-05-09 12:11:15 Epoch 24: lr=5e-05
2024-05-09 12:12:25 [Epoch: 24] loss: 0.005024, mae: 0.050282, r2: 0.758175, val_loss: 0.006102, val_mae: 0.054716, val_r2: 0.705186
2024-05-09 12:12:26 Epoch 25: lr=2.5e-05
2024-05-09 12:13:36 [Epoch: 25] loss: 0.004966, mae: 0.050031, r2: 0.760817, val_loss: 0.006063, val_mae: 0.054209, val_r2: 0.707443
2024-05-09 12:13:36 Epoch 26: lr=2.5e-05
2024-05-09 12:14:47 [Epoch: 26] loss: 0.004951, mae: 0.049943, r2: 0.761604, val_loss: 0.006037, val_mae: 0.054189, val_r2: 0.708964
2024-05-09 12:14:47 Epoch 27: lr=2.5e-05
2024-05-09 12:15:58 [Epoch: 27] loss: 0.004929, mae: 0.049822, r2: 0.762610, val_loss: 0.006056, val_mae: 0.054311, val_r2: 0.707496
2024-05-09 12:15:58 Epoch 28: lr=2.5e-05
2024-05-09 12:17:09 [Epoch: 28] loss: 0.004915, mae: 0.049747, r2: 0.763059, val_loss: 0.006057, val_mae: 0.054284, val_r2: 0.707868
2024-05-09 12:17:09 Epoch 29: lr=2.5e-05
2024-05-09 12:18:20 [Epoch: 29] loss: 0.004893, mae: 0.049664, r2: 0.764251, val_loss: 0.006064, val_mae: 0.054143, val_r2: 0.707295
2024-05-09 12:18:20 history_length: 30
2024-05-09 12:18:20 stopping: complete
2024-05-09 12:18:20 Comparing y_true and y_pred:
2024-05-09 12:18:20   mse: 0.00134290
2024-05-09 12:18:20   mae: 0.02692302
2024-05-09 12:18:20   r2: -0.06412485
2024-05-09 12:18:20   corr: 0.10230782
