2024-05-09 11:42:31 UNO RUN ...
2024-05-09 11:42:31 Params: {'model_name': 'uno', 'train_sources': ['CCLE'], 'test_sources': ['train'], 'cell_types': None, 'cell_features': ['rnaseq'], 'drug_features': ['descriptors'], 'dense': [1000, 1000, 1000, 1000, 1000], 'dense_feature_layers': [1000, 1000, 1000], 'activation': 'relu', 'loss': 'mse', 'optimizer': 'adamax', 'scaling': 'std', 'dropout': 0.1, 'epochs': 30, 'batch_size': 32, 'val_split': 0.2, 'cv': 1, 'max_val_loss': 1.0, 'learning_rate': 0.0001, 'base_lr': None, 'agg_dose': 'AUC', 'residual': False, 'reduce_lr': True, 'warmup_lr': True, 'batch_normalization': False, 'feature_subsample': 0, 'rng_seed': 2018, 'no_gen': False, 'verbose': False, 'preprocess_rnaseq': 'source_scale', 'gpus': [0], 'use_landmark_genes': True, 'no_feature_source': True, 'no_response_source': True, 'save_path': '/dev/shm/Uno/save/8996461.amn-0001/73', 'single': True, 'on_memory_loader': True, 'ckpt_checksum': True, 'ckpt_save_interval': 0, 'timeout': -1, 'train_bool': True, 'profiling': False, 'experiment_id': '8996461.amn-0001', 'run_id': '73', 'logfile': '/dev/shm/Uno/save/8996461.amn-0001/73/python.log', 'shuffle': False, 'ckpt_restart_mode': 'off', 'ckpt_skip_epochs': 0, 'ckpt_directory': '/dev/shm/Uno/save/8996461.amn-0001/73', 'ckpt_save_best': True, 'ckpt_save_best_metric': 'val_loss', 'ckpt_save_weights_only': False, 'ckpt_keep_mode': 'linear', 'ckpt_keep_limit': 5, 'by_cell': None, 'by_drug': None, 'cell_subset_path': '', 'drug_subset_path': '', 'drug_median_response_min': -1, 'drug_median_response_max': 1, 'dense_cell_feature_layers': None, 'dense_drug_feature_layers': None, 'use_filtered_genes': False, 'feature_subset_path': '', 'cell_feature_subset_path': '', 'drug_feature_subset_path': '', 'es': True, 'cp': False, 'tb': False, 'tb_prefix': 'tb', 'partition_by': None, 'cache': None, 'export_csv': None, 'export_data': None, 'use_exported_data': '/dev/shm/Uno/x1921c1s4b0n0.73.merged.landmark.h5', 'growth_bins': 0, 'initial_weights': None, 'save_weights': '/dev/shm/Uno/save/8996461.amn-0001/73/0.1.model.h5', 'config_file': '/home/brettin/CSC249ADOA01_CNDA/brettin/Benchmarks/Pilot1/Uno/uno_auc_model.txt', 'data_type': <class 'numpy.float32'>, 'data_dir': '/dev/shm/Uno/uno/Data', 'output_dir': '/dev/shm/Uno/uno/Output/8996461.amn-0001/73'}
2024-05-09 11:42:31 Feature encoding submodel for cell.rnaseq:
2024-05-09 11:42:31 Model: "cell.rnaseq"
2024-05-09 11:42:31 _________________________________________________________________
2024-05-09 11:42:31  Layer (type)                Output Shape              Param #   
2024-05-09 11:42:31 =================================================================
2024-05-09 11:42:31  input_1 (InputLayer)        [(None, 958)]             0         
2024-05-09 11:42:31                                                                  
2024-05-09 11:42:31  dense (Dense)               (None, 1000)              959000    
2024-05-09 11:42:31                                                                  
2024-05-09 11:42:31  permanent_dropout (Permane  (None, 1000)              0         
2024-05-09 11:42:31  ntDropout)                                                      
2024-05-09 11:42:31                                                                  
2024-05-09 11:42:31  dense_1 (Dense)             (None, 1000)              1001000   
2024-05-09 11:42:31                                                                  
2024-05-09 11:42:31  permanent_dropout_1 (Perma  (None, 1000)              0         
2024-05-09 11:42:31  nentDropout)                                                    
2024-05-09 11:42:31                                                                  
2024-05-09 11:42:31  dense_2 (Dense)             (None, 1000)              1001000   
2024-05-09 11:42:31                                                                  
2024-05-09 11:42:31  permanent_dropout_2 (Perma  (None, 1000)              0         
2024-05-09 11:42:31  nentDropout)                                                    
2024-05-09 11:42:31                                                                  
2024-05-09 11:42:31 =================================================================
2024-05-09 11:42:31 Total params: 2961000 (11.30 MB)
2024-05-09 11:42:31 Trainable params: 2961000 (11.30 MB)
2024-05-09 11:42:31 Non-trainable params: 0 (0.00 Byte)
2024-05-09 11:42:31 _________________________________________________________________
2024-05-09 11:42:31 Feature encoding submodel for drug.descriptors:
2024-05-09 11:42:31 Model: "drug.descriptors"
2024-05-09 11:42:31 _________________________________________________________________
2024-05-09 11:42:31  Layer (type)                Output Shape              Param #   
2024-05-09 11:42:31 =================================================================
2024-05-09 11:42:31  input_2 (InputLayer)        [(None, 1613)]            0         
2024-05-09 11:42:31                                                                  
2024-05-09 11:42:31  dense_3 (Dense)             (None, 1000)              1614000   
2024-05-09 11:42:31                                                                  
2024-05-09 11:42:31  permanent_dropout_3 (Perma  (None, 1000)              0         
2024-05-09 11:42:31  nentDropout)                                                    
2024-05-09 11:42:31                                                                  
2024-05-09 11:42:31  dense_4 (Dense)             (None, 1000)              1001000   
2024-05-09 11:42:31                                                                  
2024-05-09 11:42:31  permanent_dropout_4 (Perma  (None, 1000)              0         
2024-05-09 11:42:31  nentDropout)                                                    
2024-05-09 11:42:31                                                                  
2024-05-09 11:42:31  dense_5 (Dense)             (None, 1000)              1001000   
2024-05-09 11:42:31                                                                  
2024-05-09 11:42:31  permanent_dropout_5 (Perma  (None, 1000)              0         
2024-05-09 11:42:31  nentDropout)                                                    
2024-05-09 11:42:31                                                                  
2024-05-09 11:42:31 =================================================================
2024-05-09 11:42:31 Total params: 3616000 (13.79 MB)
2024-05-09 11:42:31 Trainable params: 3616000 (13.79 MB)
2024-05-09 11:42:31 Non-trainable params: 0 (0.00 Byte)
2024-05-09 11:42:31 _________________________________________________________________
2024-05-09 11:42:31 Combined model:
2024-05-09 11:42:31 Model: "model"
2024-05-09 11:42:31 __________________________________________________________________________________________________
2024-05-09 11:42:31  Layer (type)                Output Shape                 Param #   Connected to                  
2024-05-09 11:42:31 ==================================================================================================
2024-05-09 11:42:31  input.cell.rnaseq (InputLa  [(None, 958)]                0         []                            
2024-05-09 11:42:31  yer)                                                                                             
2024-05-09 11:42:31                                                                                                   
2024-05-09 11:42:31  input.drug1.descriptors (I  [(None, 1613)]               0         []                            
2024-05-09 11:42:31  nputLayer)                                                                                       
2024-05-09 11:42:31                                                                                                   
2024-05-09 11:42:31  cell.rnaseq (Functional)    (None, 1000)                 2961000   ['input.cell.rnaseq[0][0]']   
2024-05-09 11:42:31                                                                                                   
2024-05-09 11:42:31  drug.descriptors (Function  (None, 1000)                 3616000   ['input.drug1.descriptors[0][0
2024-05-09 11:42:31  al)                                                                ]']                           
2024-05-09 11:42:31                                                                                                   
2024-05-09 11:42:31  concatenate (Concatenate)   (None, 2000)                 0         ['cell.rnaseq[0][0]',         
2024-05-09 11:42:31                                                                      'drug.descriptors[0][0]']    
2024-05-09 11:42:31                                                                                                   
2024-05-09 11:42:31  dense_6 (Dense)             (None, 1000)                 2001000   ['concatenate[0][0]']         
2024-05-09 11:42:31                                                                                                   
2024-05-09 11:42:31  permanent_dropout_6 (Perma  (None, 1000)                 0         ['dense_6[0][0]']             
2024-05-09 11:42:31  nentDropout)                                                                                     
2024-05-09 11:42:31                                                                                                   
2024-05-09 11:42:31  dense_7 (Dense)             (None, 1000)                 1001000   ['permanent_dropout_6[0][0]'] 
2024-05-09 11:42:31                                                                                                   
2024-05-09 11:42:31  permanent_dropout_7 (Perma  (None, 1000)                 0         ['dense_7[0][0]']             
2024-05-09 11:42:31  nentDropout)                                                                                     
2024-05-09 11:42:31                                                                                                   
2024-05-09 11:42:31  dense_8 (Dense)             (None, 1000)                 1001000   ['permanent_dropout_7[0][0]'] 
2024-05-09 11:42:31                                                                                                   
2024-05-09 11:42:31  permanent_dropout_8 (Perma  (None, 1000)                 0         ['dense_8[0][0]']             
2024-05-09 11:42:31  nentDropout)                                                                                     
2024-05-09 11:42:31                                                                                                   
2024-05-09 11:42:31  dense_9 (Dense)             (None, 1000)                 1001000   ['permanent_dropout_8[0][0]'] 
2024-05-09 11:42:31                                                                                                   
2024-05-09 11:42:31  permanent_dropout_9 (Perma  (None, 1000)                 0         ['dense_9[0][0]']             
2024-05-09 11:42:31  nentDropout)                                                                                     
2024-05-09 11:42:31                                                                                                   
2024-05-09 11:42:31  dense_10 (Dense)            (None, 1000)                 1001000   ['permanent_dropout_9[0][0]'] 
2024-05-09 11:42:31                                                                                                   
2024-05-09 11:42:31  permanent_dropout_10 (Perm  (None, 1000)                 0         ['dense_10[0][0]']            
2024-05-09 11:42:31  anentDropout)                                                                                    
2024-05-09 11:42:31                                                                                                   
2024-05-09 11:42:31  dense_11 (Dense)            (None, 1)                    1001      ['permanent_dropout_10[0][0]']
2024-05-09 11:42:31                                                                                                   
2024-05-09 11:42:31 ==================================================================================================
2024-05-09 11:42:31 Total params: 12583001 (48.00 MB)
2024-05-09 11:42:31 Trainable params: 12583001 (48.00 MB)
2024-05-09 11:42:31 Non-trainable params: 0 (0.00 Byte)
2024-05-09 11:42:31 __________________________________________________________________________________________________
2024-05-09 11:42:31 CKPT CONSTRUCT...
2024-05-09 11:42:31 CKPT CONSTRUCT OK.
2024-05-09 11:42:31 template model: <keras.src.engine.functional.Functional object at 0x14caf5f3e790>
2024-05-09 11:42:33 COMPILE
2024-05-09 11:42:33 Will save weights to: /dev/shm/Uno/save/8996461.amn-0001/73/0.1.model.h5
2024-05-09 11:42:49 Between random pairs in y_val:
2024-05-09 11:42:49   mse: 0.04789041
2024-05-09 11:42:49   mae: 0.16043581
2024-05-09 11:42:49   r2: -1.00564867
2024-05-09 11:42:49   corr: -0.00282434
2024-05-09 11:42:49 Data points per epoch: train = 470167, val = 117542, test = 687
2024-05-09 11:42:49 Steps per epoch: train = 14692, val = 3673, test = 21
2024-05-09 11:42:49 Epoch 0: lr=0.001
2024-05-09 11:44:01 [Epoch: 0] loss: 0.028981, mae: 0.080298, r2: 0.064905, val_loss: 0.008639, val_mae: 0.066737, val_r2: 0.597278
2024-05-09 11:44:01 Epoch 1: lr=0.00082
2024-05-09 11:45:12 [Epoch: 1] loss: 0.008025, mae: 0.064093, r2: 0.619493, val_loss: 0.007559, val_mae: 0.061824, val_r2: 0.641203
2024-05-09 11:45:12 Epoch 2: lr=0.00064
2024-05-09 11:46:22 [Epoch: 2] loss: 0.007347, mae: 0.060980, r2: 0.650845, val_loss: 0.007188, val_mae: 0.059464, val_r2: 0.662057
2024-05-09 11:46:22 Epoch 3: lr=0.00046
2024-05-09 11:47:33 [Epoch: 3] loss: 0.006876, mae: 0.058801, r2: 0.671958, val_loss: 0.006772, val_mae: 0.057866, val_r2: 0.678336
2024-05-09 11:47:33 Epoch 4: lr=0.00028
2024-05-09 11:48:44 [Epoch: 4] loss: 0.006453, mae: 0.056940, r2: 0.691269, val_loss: 0.006596, val_mae: 0.057886, val_r2: 0.685053
2024-05-09 11:48:44 Epoch 5: lr=0.0001
2024-05-09 11:49:55 [Epoch: 5] loss: 0.006120, mae: 0.055378, r2: 0.706961, val_loss: 0.006437, val_mae: 0.056037, val_r2: 0.694019
2024-05-09 11:49:55 Epoch 6: lr=0.0001
2024-05-09 11:51:05 [Epoch: 6] loss: 0.006005, mae: 0.054875, r2: 0.712194, val_loss: 0.006343, val_mae: 0.055767, val_r2: 0.698316
2024-05-09 11:51:05 Epoch 7: lr=0.0001
2024-05-09 11:52:16 [Epoch: 7] loss: 0.005931, mae: 0.054504, r2: 0.715587, val_loss: 0.006311, val_mae: 0.055843, val_r2: 0.700497
2024-05-09 11:52:16 Epoch 8: lr=0.0001
2024-05-09 11:53:26 [Epoch: 8] loss: 0.005857, mae: 0.054167, r2: 0.719216, val_loss: 0.006307, val_mae: 0.055439, val_r2: 0.699286
2024-05-09 11:53:26 Epoch 9: lr=0.0001
2024-05-09 11:54:37 [Epoch: 9] loss: 0.005787, mae: 0.053891, r2: 0.722289, val_loss: 0.006248, val_mae: 0.055510, val_r2: 0.702956
2024-05-09 11:54:38 Epoch 10: lr=0.0001
2024-05-09 11:55:48 [Epoch: 10] loss: 0.005726, mae: 0.053593, r2: 0.725097, val_loss: 0.006225, val_mae: 0.055210, val_r2: 0.704499
2024-05-09 11:55:48 Epoch 11: lr=0.0001
2024-05-09 11:56:59 [Epoch: 11] loss: 0.005667, mae: 0.053364, r2: 0.727890, val_loss: 0.006242, val_mae: 0.055579, val_r2: 0.702263
2024-05-09 11:56:59 Epoch 12: lr=0.0001
2024-05-09 11:58:09 [Epoch: 12] loss: 0.005611, mae: 0.053073, r2: 0.730422, val_loss: 0.006191, val_mae: 0.054943, val_r2: 0.705296
2024-05-09 11:58:09 Epoch 13: lr=0.0001
2024-05-09 11:59:19 [Epoch: 13] loss: 0.005563, mae: 0.052857, r2: 0.732639, val_loss: 0.006186, val_mae: 0.055280, val_r2: 0.705272
2024-05-09 11:59:19 Epoch 14: lr=0.0001
2024-05-09 12:00:30 [Epoch: 14] loss: 0.005502, mae: 0.052554, r2: 0.735760, val_loss: 0.006169, val_mae: 0.054952, val_r2: 0.705627
2024-05-09 12:00:30 Epoch 15: lr=0.0001
2024-05-09 12:01:41 [Epoch: 15] loss: 0.005455, mae: 0.052328, r2: 0.737652, val_loss: 0.006151, val_mae: 0.054455, val_r2: 0.706681
2024-05-09 12:01:41 Epoch 16: lr=0.0001
2024-05-09 12:02:51 [Epoch: 16] loss: 0.005419, mae: 0.052154, r2: 0.739500, val_loss: 0.006163, val_mae: 0.055270, val_r2: 0.706476
2024-05-09 12:02:52 Epoch 17: lr=0.0001
2024-05-09 12:04:02 [Epoch: 17] loss: 0.005345, mae: 0.051863, r2: 0.742678, val_loss: 0.006148, val_mae: 0.054548, val_r2: 0.706380
2024-05-09 12:04:02 Epoch 18: lr=5e-05
2024-05-09 12:05:13 [Epoch: 18] loss: 0.005234, mae: 0.051311, r2: 0.748004, val_loss: 0.006119, val_mae: 0.054633, val_r2: 0.709103
2024-05-09 12:05:13 Epoch 19: lr=5e-05
2024-05-09 12:06:23 [Epoch: 19] loss: 0.005202, mae: 0.051175, r2: 0.749733, val_loss: 0.006101, val_mae: 0.054689, val_r2: 0.708560
2024-05-09 12:06:23 Epoch 20: lr=5e-05
2024-05-09 12:07:34 [Epoch: 20] loss: 0.005167, mae: 0.050989, r2: 0.751009, val_loss: 0.006070, val_mae: 0.054207, val_r2: 0.711097
2024-05-09 12:07:35 Epoch 21: lr=5e-05
2024-05-09 12:08:45 [Epoch: 21] loss: 0.005149, mae: 0.050903, r2: 0.751868, val_loss: 0.006100, val_mae: 0.054585, val_r2: 0.709182
2024-05-09 12:08:45 Epoch 22: lr=5e-05
2024-05-09 12:09:55 [Epoch: 22] loss: 0.005114, mae: 0.050736, r2: 0.753388, val_loss: 0.006097, val_mae: 0.054275, val_r2: 0.708877
2024-05-09 12:09:56 Epoch 23: lr=5e-05
2024-05-09 12:11:06 [Epoch: 23] loss: 0.005090, mae: 0.050627, r2: 0.754907, val_loss: 0.006095, val_mae: 0.054592, val_r2: 0.708732
2024-05-09 12:11:06 Epoch 24: lr=5e-05
2024-05-09 12:12:17 [Epoch: 24] loss: 0.005054, mae: 0.050459, r2: 0.756288, val_loss: 0.006090, val_mae: 0.054295, val_r2: 0.709595
2024-05-09 12:12:17 Epoch 25: lr=5e-05
2024-05-09 12:13:28 [Epoch: 25] loss: 0.005037, mae: 0.050373, r2: 0.757156, val_loss: 0.006075, val_mae: 0.054316, val_r2: 0.709947
2024-05-09 12:13:28 Epoch 26: lr=2.5e-05
2024-05-09 12:14:39 [Epoch: 26] loss: 0.004986, mae: 0.050126, r2: 0.759580, val_loss: 0.006080, val_mae: 0.054213, val_r2: 0.710135
2024-05-09 12:14:39 Epoch 27: lr=2.5e-05
2024-05-09 12:15:49 [Epoch: 27] loss: 0.004962, mae: 0.050045, r2: 0.760880, val_loss: 0.006083, val_mae: 0.054085, val_r2: 0.710030
2024-05-09 12:15:49 Epoch 28: lr=2.5e-05
2024-05-09 12:17:00 [Epoch: 28] loss: 0.004957, mae: 0.049960, r2: 0.760928, val_loss: 0.006077, val_mae: 0.054083, val_r2: 0.709650
2024-05-09 12:17:00 Epoch 29: lr=2.5e-05
2024-05-09 12:18:10 [Epoch: 29] loss: 0.004929, mae: 0.049871, r2: 0.762081, val_loss: 0.006079, val_mae: 0.054256, val_r2: 0.709677
2024-05-09 12:18:11 history_length: 30
2024-05-09 12:18:11 stopping: complete
2024-05-09 12:18:11 Comparing y_true and y_pred:
2024-05-09 12:18:11   mse: 0.00134843
2024-05-09 12:18:11   mae: 0.02697903
2024-05-09 12:18:11   r2: 0.26575708
2024-05-09 12:18:11   corr: 0.52814966
