2024-05-21 14:10:17 UNO RUN ...
2024-05-21 14:10:17 Params: {'model_name': 'uno', 'train_sources': ['CCLE'], 'test_sources': ['train'], 'cell_types': None, 'cell_features': ['rnaseq'], 'drug_features': ['descriptors'], 'dense': [1000, 1000, 1000, 1000, 1000], 'dense_feature_layers': [1000, 1000, 1000], 'activation': 'relu', 'loss': 'mse', 'optimizer': 'adamax', 'scaling': 'std', 'dropout': 0.1, 'epochs': 50, 'batch_size': 32, 'val_split': 0.2, 'cv': 1, 'max_val_loss': 1.0, 'learning_rate': 0.0001, 'base_lr': None, 'agg_dose': 'AUC', 'residual': False, 'reduce_lr': True, 'warmup_lr': True, 'batch_normalization': False, 'feature_subsample': 0, 'rng_seed': 2018, 'no_gen': False, 'verbose': False, 'preprocess_rnaseq': 'source_scale', 'gpus': [0], 'use_landmark_genes': True, 'no_feature_source': True, 'no_response_source': True, 'save_path': '/dev/shm/Uno/save/8999967.amn-0001/140', 'single': True, 'on_memory_loader': True, 'ckpt_checksum': True, 'ckpt_save_interval': 0, 'timeout': -1, 'train_bool': True, 'profiling': False, 'experiment_id': '8999967.amn-0001', 'run_id': '140', 'logfile': '/dev/shm/Uno/save/8999967.amn-0001/140/python.log', 'shuffle': False, 'ckpt_restart_mode': 'off', 'ckpt_skip_epochs': 0, 'ckpt_directory': '/dev/shm/Uno/save/8999967.amn-0001/140', 'ckpt_save_best': True, 'ckpt_save_best_metric': 'val_loss', 'ckpt_save_weights_only': False, 'ckpt_keep_mode': 'linear', 'ckpt_keep_limit': 5, 'by_cell': None, 'by_drug': None, 'cell_subset_path': '', 'drug_subset_path': '', 'drug_median_response_min': -1, 'drug_median_response_max': 1, 'dense_cell_feature_layers': None, 'dense_drug_feature_layers': None, 'use_filtered_genes': False, 'feature_subset_path': '', 'cell_feature_subset_path': '', 'drug_feature_subset_path': '', 'es': True, 'cp': False, 'tb': False, 'tb_prefix': 'tb', 'partition_by': None, 'cache': None, 'export_csv': None, 'export_data': None, 'use_exported_data': '/dev/shm/Uno/x1922c7s3b0n0.140.merged.landmark.h5', 'growth_bins': 0, 'initial_weights': None, 'save_weights': '/dev/shm/Uno/save/8999967.amn-0001/140/4.0.model.h5', 'config_file': '/home/brettin/CSC249ADOA01_CNDA/brettin/Benchmarks/Pilot1/Uno/uno_auc_model.txt', 'data_type': <class 'numpy.float32'>, 'data_dir': '/dev/shm/Uno/uno/Data', 'output_dir': '/dev/shm/Uno/uno/Output/8999967.amn-0001/140'}
2024-05-21 14:10:17 Feature encoding submodel for cell.rnaseq:
2024-05-21 14:10:17 Model: "cell.rnaseq"
2024-05-21 14:10:17 _________________________________________________________________
2024-05-21 14:10:17  Layer (type)                Output Shape              Param #   
2024-05-21 14:10:17 =================================================================
2024-05-21 14:10:17  input_1 (InputLayer)        [(None, 958)]             0         
2024-05-21 14:10:17                                                                  
2024-05-21 14:10:17  dense (Dense)               (None, 1000)              959000    
2024-05-21 14:10:17                                                                  
2024-05-21 14:10:17  permanent_dropout (Permane  (None, 1000)              0         
2024-05-21 14:10:17  ntDropout)                                                      
2024-05-21 14:10:17                                                                  
2024-05-21 14:10:17  dense_1 (Dense)             (None, 1000)              1001000   
2024-05-21 14:10:17                                                                  
2024-05-21 14:10:17  permanent_dropout_1 (Perma  (None, 1000)              0         
2024-05-21 14:10:17  nentDropout)                                                    
2024-05-21 14:10:17                                                                  
2024-05-21 14:10:17  dense_2 (Dense)             (None, 1000)              1001000   
2024-05-21 14:10:17                                                                  
2024-05-21 14:10:17  permanent_dropout_2 (Perma  (None, 1000)              0         
2024-05-21 14:10:17  nentDropout)                                                    
2024-05-21 14:10:17                                                                  
2024-05-21 14:10:17 =================================================================
2024-05-21 14:10:17 Total params: 2961000 (11.30 MB)
2024-05-21 14:10:17 Trainable params: 2961000 (11.30 MB)
2024-05-21 14:10:17 Non-trainable params: 0 (0.00 Byte)
2024-05-21 14:10:17 _________________________________________________________________
2024-05-21 14:10:17 Feature encoding submodel for drug.descriptors:
2024-05-21 14:10:17 Model: "drug.descriptors"
2024-05-21 14:10:17 _________________________________________________________________
2024-05-21 14:10:17  Layer (type)                Output Shape              Param #   
2024-05-21 14:10:17 =================================================================
2024-05-21 14:10:17  input_2 (InputLayer)        [(None, 1613)]            0         
2024-05-21 14:10:17                                                                  
2024-05-21 14:10:17  dense_3 (Dense)             (None, 1000)              1614000   
2024-05-21 14:10:17                                                                  
2024-05-21 14:10:17  permanent_dropout_3 (Perma  (None, 1000)              0         
2024-05-21 14:10:17  nentDropout)                                                    
2024-05-21 14:10:17                                                                  
2024-05-21 14:10:17  dense_4 (Dense)             (None, 1000)              1001000   
2024-05-21 14:10:17                                                                  
2024-05-21 14:10:17  permanent_dropout_4 (Perma  (None, 1000)              0         
2024-05-21 14:10:17  nentDropout)                                                    
2024-05-21 14:10:17                                                                  
2024-05-21 14:10:17  dense_5 (Dense)             (None, 1000)              1001000   
2024-05-21 14:10:17                                                                  
2024-05-21 14:10:17  permanent_dropout_5 (Perma  (None, 1000)              0         
2024-05-21 14:10:17  nentDropout)                                                    
2024-05-21 14:10:17                                                                  
2024-05-21 14:10:17 =================================================================
2024-05-21 14:10:17 Total params: 3616000 (13.79 MB)
2024-05-21 14:10:17 Trainable params: 3616000 (13.79 MB)
2024-05-21 14:10:17 Non-trainable params: 0 (0.00 Byte)
2024-05-21 14:10:17 _________________________________________________________________
2024-05-21 14:10:17 Combined model:
2024-05-21 14:10:17 Model: "model"
2024-05-21 14:10:17 __________________________________________________________________________________________________
2024-05-21 14:10:17  Layer (type)                Output Shape                 Param #   Connected to                  
2024-05-21 14:10:17 ==================================================================================================
2024-05-21 14:10:17  input.cell.rnaseq (InputLa  [(None, 958)]                0         []                            
2024-05-21 14:10:17  yer)                                                                                             
2024-05-21 14:10:17                                                                                                   
2024-05-21 14:10:17  input.drug1.descriptors (I  [(None, 1613)]               0         []                            
2024-05-21 14:10:17  nputLayer)                                                                                       
2024-05-21 14:10:17                                                                                                   
2024-05-21 14:10:17  cell.rnaseq (Functional)    (None, 1000)                 2961000   ['input.cell.rnaseq[0][0]']   
2024-05-21 14:10:17                                                                                                   
2024-05-21 14:10:17  drug.descriptors (Function  (None, 1000)                 3616000   ['input.drug1.descriptors[0][0
2024-05-21 14:10:17  al)                                                                ]']                           
2024-05-21 14:10:17                                                                                                   
2024-05-21 14:10:17  concatenate (Concatenate)   (None, 2000)                 0         ['cell.rnaseq[0][0]',         
2024-05-21 14:10:17                                                                      'drug.descriptors[0][0]']    
2024-05-21 14:10:17                                                                                                   
2024-05-21 14:10:17  dense_6 (Dense)             (None, 1000)                 2001000   ['concatenate[0][0]']         
2024-05-21 14:10:17                                                                                                   
2024-05-21 14:10:17  permanent_dropout_6 (Perma  (None, 1000)                 0         ['dense_6[0][0]']             
2024-05-21 14:10:17  nentDropout)                                                                                     
2024-05-21 14:10:17                                                                                                   
2024-05-21 14:10:17  dense_7 (Dense)             (None, 1000)                 1001000   ['permanent_dropout_6[0][0]'] 
2024-05-21 14:10:17                                                                                                   
2024-05-21 14:10:17  permanent_dropout_7 (Perma  (None, 1000)                 0         ['dense_7[0][0]']             
2024-05-21 14:10:17  nentDropout)                                                                                     
2024-05-21 14:10:17                                                                                                   
2024-05-21 14:10:17  dense_8 (Dense)             (None, 1000)                 1001000   ['permanent_dropout_7[0][0]'] 
2024-05-21 14:10:17                                                                                                   
2024-05-21 14:10:17  permanent_dropout_8 (Perma  (None, 1000)                 0         ['dense_8[0][0]']             
2024-05-21 14:10:17  nentDropout)                                                                                     
2024-05-21 14:10:17                                                                                                   
2024-05-21 14:10:17  dense_9 (Dense)             (None, 1000)                 1001000   ['permanent_dropout_8[0][0]'] 
2024-05-21 14:10:17                                                                                                   
2024-05-21 14:10:17  permanent_dropout_9 (Perma  (None, 1000)                 0         ['dense_9[0][0]']             
2024-05-21 14:10:17  nentDropout)                                                                                     
2024-05-21 14:10:17                                                                                                   
2024-05-21 14:10:17  dense_10 (Dense)            (None, 1000)                 1001000   ['permanent_dropout_9[0][0]'] 
2024-05-21 14:10:17                                                                                                   
2024-05-21 14:10:17  permanent_dropout_10 (Perm  (None, 1000)                 0         ['dense_10[0][0]']            
2024-05-21 14:10:17  anentDropout)                                                                                    
2024-05-21 14:10:17                                                                                                   
2024-05-21 14:10:17  dense_11 (Dense)            (None, 1)                    1001      ['permanent_dropout_10[0][0]']
2024-05-21 14:10:17                                                                                                   
2024-05-21 14:10:17 ==================================================================================================
2024-05-21 14:10:17 Total params: 12583001 (48.00 MB)
2024-05-21 14:10:17 Trainable params: 12583001 (48.00 MB)
2024-05-21 14:10:17 Non-trainable params: 0 (0.00 Byte)
2024-05-21 14:10:17 __________________________________________________________________________________________________
2024-05-21 14:10:17 CKPT CONSTRUCT...
2024-05-21 14:10:17 CKPT CONSTRUCT OK.
2024-05-21 14:10:17 template model: <keras.src.engine.functional.Functional object at 0x14d2eaab1f40>
2024-05-21 14:10:19 COMPILE
2024-05-21 14:10:19 Will save weights to: /dev/shm/Uno/save/8999967.amn-0001/140/4.0.model.h5
2024-05-21 14:10:36 Between random pairs in y_val:
2024-05-21 14:10:36   mse: 0.04719154
2024-05-21 14:10:36   mae: 0.15901423
2024-05-21 14:10:36   r2: -0.99762125
2024-05-21 14:10:36   corr: 0.00118937
2024-05-21 14:10:36 Data points per epoch: train = 469683, val = 117421, test = 605
2024-05-21 14:10:36 Steps per epoch: train = 14677, val = 3669, test = 18
2024-05-21 14:10:36 Epoch 0: lr=0.001
2024-05-21 14:11:50 [Epoch: 0] loss: 0.024452, mae: 0.079599, r2: -0.221312, val_loss: 0.008695, val_mae: 0.066340, val_r2: 0.590724
2024-05-21 14:11:51 Epoch 1: lr=0.00082
2024-05-21 14:13:04 [Epoch: 1] loss: 0.007972, mae: 0.063850, r2: 0.622864, val_loss: 0.007768, val_mae: 0.062169, val_r2: 0.628182
2024-05-21 14:13:04 Epoch 2: lr=0.00064
2024-05-21 14:14:17 [Epoch: 2] loss: 0.007298, mae: 0.060769, r2: 0.653581, val_loss: 0.007183, val_mae: 0.061147, val_r2: 0.657500
2024-05-21 14:14:18 Epoch 3: lr=0.00046
2024-05-21 14:15:31 [Epoch: 3] loss: 0.006826, mae: 0.058645, r2: 0.675012, val_loss: 0.006797, val_mae: 0.057796, val_r2: 0.672051
2024-05-21 14:15:31 Epoch 4: lr=0.00028
2024-05-21 14:16:45 [Epoch: 4] loss: 0.006434, mae: 0.056823, r2: 0.692802, val_loss: 0.006556, val_mae: 0.056662, val_r2: 0.687339
2024-05-21 14:16:45 Epoch 5: lr=0.0001
2024-05-21 14:17:59 [Epoch: 5] loss: 0.006111, mae: 0.055314, r2: 0.708012, val_loss: 0.006363, val_mae: 0.056240, val_r2: 0.694883
2024-05-21 14:17:59 Epoch 6: lr=0.0001
2024-05-21 14:19:13 [Epoch: 6] loss: 0.005988, mae: 0.054764, r2: 0.713315, val_loss: 0.006314, val_mae: 0.056005, val_r2: 0.697147
2024-05-21 14:19:13 Epoch 7: lr=0.0001
2024-05-21 14:20:26 [Epoch: 7] loss: 0.005920, mae: 0.054478, r2: 0.716579, val_loss: 0.006258, val_mae: 0.055230, val_r2: 0.699581
2024-05-21 14:20:26 Epoch 8: lr=0.0001
2024-05-21 14:21:41 [Epoch: 8] loss: 0.005845, mae: 0.054122, r2: 0.719991, val_loss: 0.006263, val_mae: 0.055458, val_r2: 0.698928
2024-05-21 14:21:41 Epoch 9: lr=0.0001
2024-05-21 14:22:55 [Epoch: 9] loss: 0.005787, mae: 0.053812, r2: 0.722893, val_loss: 0.006259, val_mae: 0.055242, val_r2: 0.699303
2024-05-21 14:22:55 Epoch 10: lr=0.0001
2024-05-21 14:24:08 [Epoch: 10] loss: 0.005725, mae: 0.053580, r2: 0.725670, val_loss: 0.006212, val_mae: 0.055654, val_r2: 0.701162
2024-05-21 14:24:09 Epoch 11: lr=0.0001
2024-05-21 14:25:22 [Epoch: 11] loss: 0.005662, mae: 0.053275, r2: 0.728578, val_loss: 0.006176, val_mae: 0.054998, val_r2: 0.703317
2024-05-21 14:25:23 Epoch 12: lr=0.0001
2024-05-21 14:26:36 [Epoch: 12] loss: 0.005625, mae: 0.053113, r2: 0.730413, val_loss: 0.006196, val_mae: 0.054663, val_r2: 0.702292
2024-05-21 14:26:36 Epoch 13: lr=5e-05
2024-05-21 14:27:50 [Epoch: 13] loss: 0.005491, mae: 0.052479, r2: 0.736592, val_loss: 0.006142, val_mae: 0.054800, val_r2: 0.704248
2024-05-21 14:27:50 Epoch 14: lr=5e-05
2024-05-21 14:29:04 [Epoch: 14] loss: 0.005455, mae: 0.052308, r2: 0.738191, val_loss: 0.006108, val_mae: 0.054565, val_r2: 0.707021
2024-05-21 14:29:04 Epoch 15: lr=5e-05
2024-05-21 14:30:17 [Epoch: 15] loss: 0.005423, mae: 0.052168, r2: 0.739704, val_loss: 0.006123, val_mae: 0.054793, val_r2: 0.704560
2024-05-21 14:30:17 Epoch 16: lr=5e-05
2024-05-21 14:31:31 [Epoch: 16] loss: 0.005397, mae: 0.052034, r2: 0.740916, val_loss: 0.006127, val_mae: 0.054537, val_r2: 0.704636
2024-05-21 14:31:31 Epoch 17: lr=5e-05
2024-05-21 14:32:45 [Epoch: 17] loss: 0.005362, mae: 0.051879, r2: 0.742511, val_loss: 0.006138, val_mae: 0.054785, val_r2: 0.704579
2024-05-21 14:32:45 Epoch 18: lr=5e-05
2024-05-21 14:33:59 [Epoch: 18] loss: 0.005333, mae: 0.051773, r2: 0.743643, val_loss: 0.006100, val_mae: 0.054840, val_r2: 0.706742
2024-05-21 14:33:59 Epoch 19: lr=2.5e-05
2024-05-21 14:35:13 [Epoch: 19] loss: 0.005267, mae: 0.051448, r2: 0.746892, val_loss: 0.006099, val_mae: 0.054661, val_r2: 0.707104
2024-05-21 14:35:13 Epoch 20: lr=2.5e-05
2024-05-21 14:36:27 [Epoch: 20] loss: 0.005253, mae: 0.051360, r2: 0.747624, val_loss: 0.006089, val_mae: 0.054458, val_r2: 0.708097
2024-05-21 14:36:27 Epoch 21: lr=2.5e-05
2024-05-21 14:37:41 [Epoch: 21] loss: 0.005233, mae: 0.051256, r2: 0.748517, val_loss: 0.006097, val_mae: 0.054616, val_r2: 0.706843
2024-05-21 14:37:41 Epoch 22: lr=2.5e-05
2024-05-21 14:38:54 [Epoch: 22] loss: 0.005209, mae: 0.051178, r2: 0.749524, val_loss: 0.006094, val_mae: 0.054313, val_r2: 0.706673
2024-05-21 14:38:54 Epoch 23: lr=2.5e-05
2024-05-21 14:40:08 [Epoch: 23] loss: 0.005207, mae: 0.051168, r2: 0.749759, val_loss: 0.006067, val_mae: 0.054574, val_r2: 0.708602
2024-05-21 14:40:08 Epoch 24: lr=1.25e-05
2024-05-21 14:41:22 [Epoch: 24] loss: 0.005175, mae: 0.051001, r2: 0.751008, val_loss: 0.006075, val_mae: 0.054455, val_r2: 0.707852
2024-05-21 14:41:22 Epoch 25: lr=1.25e-05
2024-05-21 14:42:36 [Epoch: 25] loss: 0.005167, mae: 0.050971, r2: 0.751463, val_loss: 0.006053, val_mae: 0.054314, val_r2: 0.708270
2024-05-21 14:42:36 Epoch 26: lr=1.25e-05
2024-05-21 14:43:50 [Epoch: 26] loss: 0.005157, mae: 0.050890, r2: 0.751929, val_loss: 0.006059, val_mae: 0.054395, val_r2: 0.708151
2024-05-21 14:43:50 Epoch 27: lr=1.25e-05
2024-05-21 14:45:03 [Epoch: 27] loss: 0.005144, mae: 0.050849, r2: 0.752775, val_loss: 0.006076, val_mae: 0.054375, val_r2: 0.707747
2024-05-21 14:45:03 Epoch 28: lr=1.25e-05
2024-05-21 14:46:17 [Epoch: 28] loss: 0.005143, mae: 0.050868, r2: 0.752554, val_loss: 0.006050, val_mae: 0.054355, val_r2: 0.709618
2024-05-21 14:46:17 Epoch 29: lr=1e-05
2024-05-21 14:47:31 [Epoch: 29] loss: 0.005114, mae: 0.050716, r2: 0.753990, val_loss: 0.006068, val_mae: 0.054295, val_r2: 0.707906
2024-05-21 14:47:31 Epoch 30: lr=1e-05
2024-05-21 14:48:44 [Epoch: 30] loss: 0.005121, mae: 0.050754, r2: 0.753707, val_loss: 0.006065, val_mae: 0.054316, val_r2: 0.708801
2024-05-21 14:48:44 Epoch 31: lr=1e-05
2024-05-21 14:49:58 [Epoch: 31] loss: 0.005106, mae: 0.050651, r2: 0.754287, val_loss: 0.006097, val_mae: 0.054527, val_r2: 0.706687
2024-05-21 14:49:58 Epoch 32: lr=1e-05
2024-05-21 14:51:12 [Epoch: 32] loss: 0.005105, mae: 0.050678, r2: 0.754557, val_loss: 0.006102, val_mae: 0.054151, val_r2: 0.707021
2024-05-21 14:51:12 Epoch 33: lr=1e-05
2024-05-21 14:52:26 [Epoch: 33] loss: 0.005101, mae: 0.050633, r2: 0.754586, val_loss: 0.006070, val_mae: 0.054438, val_r2: 0.708240
2024-05-21 14:52:26 Epoch 34: lr=1e-05
2024-05-21 14:53:40 [Epoch: 34] loss: 0.005096, mae: 0.050618, r2: 0.754883, val_loss: 0.006077, val_mae: 0.054412, val_r2: 0.707807
2024-05-21 14:53:40 Epoch 35: lr=1e-05
2024-05-21 14:54:54 [Epoch: 35] loss: 0.005089, mae: 0.050600, r2: 0.755082, val_loss: 0.006084, val_mae: 0.054418, val_r2: 0.707319
2024-05-21 14:54:54 Epoch 36: lr=1e-05
2024-05-21 14:56:07 [Epoch: 36] loss: 0.005090, mae: 0.050587, r2: 0.755158, val_loss: 0.006082, val_mae: 0.054511, val_r2: 0.707332
2024-05-21 14:56:07 Epoch 37: lr=1e-05
2024-05-21 14:57:21 [Epoch: 37] loss: 0.005077, mae: 0.050529, r2: 0.755851, val_loss: 0.006044, val_mae: 0.054230, val_r2: 0.709151
2024-05-21 14:57:22 Epoch 38: lr=1e-05
2024-05-21 14:58:35 [Epoch: 38] loss: 0.005068, mae: 0.050510, r2: 0.756184, val_loss: 0.006070, val_mae: 0.054286, val_r2: 0.708185
2024-05-21 14:58:35 Epoch 39: lr=1e-05
2024-05-21 14:59:49 [Epoch: 39] loss: 0.005082, mae: 0.050534, r2: 0.755540, val_loss: 0.006061, val_mae: 0.054304, val_r2: 0.708075
2024-05-21 14:59:49 Epoch 40: lr=1e-05
2024-05-21 15:01:03 [Epoch: 40] loss: 0.005061, mae: 0.050451, r2: 0.756479, val_loss: 0.006064, val_mae: 0.054276, val_r2: 0.708802
2024-05-21 15:01:03 Epoch 41: lr=1e-05
2024-05-21 15:02:17 [Epoch: 41] loss: 0.005058, mae: 0.050428, r2: 0.756618, val_loss: 0.006052, val_mae: 0.054331, val_r2: 0.709538
2024-05-21 15:02:17 Epoch 42: lr=1e-05
2024-05-21 15:03:30 [Epoch: 42] loss: 0.005058, mae: 0.050453, r2: 0.756625, val_loss: 0.006063, val_mae: 0.054395, val_r2: 0.708063
2024-05-21 15:03:31 Epoch 43: lr=1e-05
2024-05-21 15:04:44 [Epoch: 43] loss: 0.005053, mae: 0.050441, r2: 0.756740, val_loss: 0.006065, val_mae: 0.054202, val_r2: 0.708779
2024-05-21 15:04:44 Epoch 44: lr=1e-05
2024-05-21 15:05:57 [Epoch: 44] loss: 0.005035, mae: 0.050362, r2: 0.757575, val_loss: 0.006084, val_mae: 0.054502, val_r2: 0.707153
2024-05-21 15:05:57 Epoch 45: lr=1e-05
2024-05-21 15:07:11 [Epoch: 45] loss: 0.005041, mae: 0.050349, r2: 0.757464, val_loss: 0.006085, val_mae: 0.054397, val_r2: 0.707718
2024-05-21 15:07:11 Epoch 46: lr=1e-05
2024-05-21 15:08:25 [Epoch: 46] loss: 0.005022, mae: 0.050334, r2: 0.758219, val_loss: 0.006043, val_mae: 0.054404, val_r2: 0.709462
2024-05-21 15:08:25 Epoch 47: lr=1e-05
2024-05-21 15:09:39 [Epoch: 47] loss: 0.005035, mae: 0.050351, r2: 0.757692, val_loss: 0.006079, val_mae: 0.054546, val_r2: 0.707278
2024-05-21 15:09:39 Epoch 48: lr=1e-05
2024-05-21 15:10:52 [Epoch: 48] loss: 0.005020, mae: 0.050284, r2: 0.758121, val_loss: 0.006074, val_mae: 0.054268, val_r2: 0.707890
2024-05-21 15:10:52 Epoch 49: lr=1e-05
2024-05-21 15:12:05 [Epoch: 49] loss: 0.005004, mae: 0.050205, r2: 0.759223, val_loss: 0.006086, val_mae: 0.054269, val_r2: 0.707669
2024-05-21 15:12:06 history_length: 50
2024-05-21 15:12:06 stopping: complete
2024-05-21 15:12:06 Comparing y_true and y_pred:
2024-05-21 15:12:06   mse: 0.04029829
2024-05-21 15:12:06   mae: 0.16312910
2024-05-21 15:12:06   r2: -0.46416559
2024-05-21 15:12:06   corr: 0.01140694
