2024-05-22 19:47:05 UNO RUN ...
2024-05-22 19:47:05 Params: {'model_name': 'uno', 'train_sources': ['CCLE'], 'test_sources': ['train'], 'cell_types': None, 'cell_features': ['rnaseq'], 'drug_features': ['descriptors'], 'dense': [1000, 1000, 1000, 1000, 1000], 'dense_feature_layers': [1000, 1000, 1000], 'activation': 'relu', 'loss': 'mse', 'optimizer': 'adamax', 'scaling': 'std', 'dropout': 0.1, 'epochs': 50, 'batch_size': 32, 'val_split': 0.2, 'cv': 1, 'max_val_loss': 1.0, 'learning_rate': 0.0001, 'base_lr': None, 'agg_dose': 'AUC', 'residual': False, 'reduce_lr': True, 'warmup_lr': True, 'batch_normalization': False, 'feature_subsample': 0, 'rng_seed': 2018, 'no_gen': False, 'verbose': False, 'preprocess_rnaseq': 'source_scale', 'gpus': [0], 'use_landmark_genes': True, 'no_feature_source': True, 'no_response_source': True, 'save_path': '/dev/shm/Uno/save/9000896.amn-0001/70', 'single': True, 'on_memory_loader': True, 'ckpt_checksum': True, 'ckpt_save_interval': 0, 'timeout': -1, 'train_bool': True, 'profiling': False, 'experiment_id': '9000896.amn-0001', 'run_id': '70', 'logfile': '/dev/shm/Uno/save/9000896.amn-0001/70/python.log', 'shuffle': False, 'ckpt_restart_mode': 'off', 'ckpt_skip_epochs': 0, 'ckpt_directory': '/dev/shm/Uno/save/9000896.amn-0001/70', 'ckpt_save_best': True, 'ckpt_save_best_metric': 'val_loss', 'ckpt_save_weights_only': False, 'ckpt_keep_mode': 'linear', 'ckpt_keep_limit': 5, 'by_cell': None, 'by_drug': None, 'cell_subset_path': '', 'drug_subset_path': '', 'drug_median_response_min': -1, 'drug_median_response_max': 1, 'dense_cell_feature_layers': None, 'dense_drug_feature_layers': None, 'use_filtered_genes': False, 'feature_subset_path': '', 'cell_feature_subset_path': '', 'drug_feature_subset_path': '', 'es': True, 'cp': False, 'tb': False, 'tb_prefix': 'tb', 'partition_by': None, 'cache': None, 'export_csv': None, 'export_data': None, 'use_exported_data': '/dev/shm/Uno/x1922c6s4b0n0.70.merged.landmark.h5', 'growth_bins': 0, 'initial_weights': None, 'save_weights': '/dev/shm/Uno/save/9000896.amn-0001/70/5.0.model.h5', 'config_file': '/home/brettin/CSC249ADOA01_CNDA/brettin/Benchmarks/Pilot1/Uno/uno_auc_model.txt', 'data_type': <class 'numpy.float32'>, 'data_dir': '/dev/shm/Uno/uno/Data', 'output_dir': '/dev/shm/Uno/uno/Output/9000896.amn-0001/70'}
2024-05-22 19:47:05 Feature encoding submodel for cell.rnaseq:
2024-05-22 19:47:05 Model: "cell.rnaseq"
2024-05-22 19:47:05 _________________________________________________________________
2024-05-22 19:47:05  Layer (type)                Output Shape              Param #   
2024-05-22 19:47:05 =================================================================
2024-05-22 19:47:05  input_1 (InputLayer)        [(None, 958)]             0         
2024-05-22 19:47:05                                                                  
2024-05-22 19:47:05  dense (Dense)               (None, 1000)              959000    
2024-05-22 19:47:05                                                                  
2024-05-22 19:47:05  permanent_dropout (Permane  (None, 1000)              0         
2024-05-22 19:47:05  ntDropout)                                                      
2024-05-22 19:47:05                                                                  
2024-05-22 19:47:05  dense_1 (Dense)             (None, 1000)              1001000   
2024-05-22 19:47:05                                                                  
2024-05-22 19:47:05  permanent_dropout_1 (Perma  (None, 1000)              0         
2024-05-22 19:47:05  nentDropout)                                                    
2024-05-22 19:47:05                                                                  
2024-05-22 19:47:05  dense_2 (Dense)             (None, 1000)              1001000   
2024-05-22 19:47:05                                                                  
2024-05-22 19:47:05  permanent_dropout_2 (Perma  (None, 1000)              0         
2024-05-22 19:47:05  nentDropout)                                                    
2024-05-22 19:47:05                                                                  
2024-05-22 19:47:05 =================================================================
2024-05-22 19:47:05 Total params: 2961000 (11.30 MB)
2024-05-22 19:47:05 Trainable params: 2961000 (11.30 MB)
2024-05-22 19:47:05 Non-trainable params: 0 (0.00 Byte)
2024-05-22 19:47:05 _________________________________________________________________
2024-05-22 19:47:05 Feature encoding submodel for drug.descriptors:
2024-05-22 19:47:05 Model: "drug.descriptors"
2024-05-22 19:47:05 _________________________________________________________________
2024-05-22 19:47:05  Layer (type)                Output Shape              Param #   
2024-05-22 19:47:05 =================================================================
2024-05-22 19:47:05  input_2 (InputLayer)        [(None, 1613)]            0         
2024-05-22 19:47:05                                                                  
2024-05-22 19:47:05  dense_3 (Dense)             (None, 1000)              1614000   
2024-05-22 19:47:05                                                                  
2024-05-22 19:47:05  permanent_dropout_3 (Perma  (None, 1000)              0         
2024-05-22 19:47:05  nentDropout)                                                    
2024-05-22 19:47:05                                                                  
2024-05-22 19:47:05  dense_4 (Dense)             (None, 1000)              1001000   
2024-05-22 19:47:05                                                                  
2024-05-22 19:47:05  permanent_dropout_4 (Perma  (None, 1000)              0         
2024-05-22 19:47:05  nentDropout)                                                    
2024-05-22 19:47:05                                                                  
2024-05-22 19:47:05  dense_5 (Dense)             (None, 1000)              1001000   
2024-05-22 19:47:05                                                                  
2024-05-22 19:47:05  permanent_dropout_5 (Perma  (None, 1000)              0         
2024-05-22 19:47:05  nentDropout)                                                    
2024-05-22 19:47:05                                                                  
2024-05-22 19:47:05 =================================================================
2024-05-22 19:47:05 Total params: 3616000 (13.79 MB)
2024-05-22 19:47:05 Trainable params: 3616000 (13.79 MB)
2024-05-22 19:47:05 Non-trainable params: 0 (0.00 Byte)
2024-05-22 19:47:05 _________________________________________________________________
2024-05-22 19:47:05 Combined model:
2024-05-22 19:47:05 Model: "model"
2024-05-22 19:47:05 __________________________________________________________________________________________________
2024-05-22 19:47:05  Layer (type)                Output Shape                 Param #   Connected to                  
2024-05-22 19:47:05 ==================================================================================================
2024-05-22 19:47:05  input.cell.rnaseq (InputLa  [(None, 958)]                0         []                            
2024-05-22 19:47:05  yer)                                                                                             
2024-05-22 19:47:05                                                                                                   
2024-05-22 19:47:05  input.drug1.descriptors (I  [(None, 1613)]               0         []                            
2024-05-22 19:47:05  nputLayer)                                                                                       
2024-05-22 19:47:05                                                                                                   
2024-05-22 19:47:05  cell.rnaseq (Functional)    (None, 1000)                 2961000   ['input.cell.rnaseq[0][0]']   
2024-05-22 19:47:05                                                                                                   
2024-05-22 19:47:05  drug.descriptors (Function  (None, 1000)                 3616000   ['input.drug1.descriptors[0][0
2024-05-22 19:47:05  al)                                                                ]']                           
2024-05-22 19:47:05                                                                                                   
2024-05-22 19:47:05  concatenate (Concatenate)   (None, 2000)                 0         ['cell.rnaseq[0][0]',         
2024-05-22 19:47:05                                                                      'drug.descriptors[0][0]']    
2024-05-22 19:47:05                                                                                                   
2024-05-22 19:47:05  dense_6 (Dense)             (None, 1000)                 2001000   ['concatenate[0][0]']         
2024-05-22 19:47:05                                                                                                   
2024-05-22 19:47:05  permanent_dropout_6 (Perma  (None, 1000)                 0         ['dense_6[0][0]']             
2024-05-22 19:47:05  nentDropout)                                                                                     
2024-05-22 19:47:05                                                                                                   
2024-05-22 19:47:05  dense_7 (Dense)             (None, 1000)                 1001000   ['permanent_dropout_6[0][0]'] 
2024-05-22 19:47:05                                                                                                   
2024-05-22 19:47:05  permanent_dropout_7 (Perma  (None, 1000)                 0         ['dense_7[0][0]']             
2024-05-22 19:47:05  nentDropout)                                                                                     
2024-05-22 19:47:05                                                                                                   
2024-05-22 19:47:05  dense_8 (Dense)             (None, 1000)                 1001000   ['permanent_dropout_7[0][0]'] 
2024-05-22 19:47:05                                                                                                   
2024-05-22 19:47:05  permanent_dropout_8 (Perma  (None, 1000)                 0         ['dense_8[0][0]']             
2024-05-22 19:47:05  nentDropout)                                                                                     
2024-05-22 19:47:05                                                                                                   
2024-05-22 19:47:05  dense_9 (Dense)             (None, 1000)                 1001000   ['permanent_dropout_8[0][0]'] 
2024-05-22 19:47:05                                                                                                   
2024-05-22 19:47:05  permanent_dropout_9 (Perma  (None, 1000)                 0         ['dense_9[0][0]']             
2024-05-22 19:47:05  nentDropout)                                                                                     
2024-05-22 19:47:05                                                                                                   
2024-05-22 19:47:05  dense_10 (Dense)            (None, 1000)                 1001000   ['permanent_dropout_9[0][0]'] 
2024-05-22 19:47:05                                                                                                   
2024-05-22 19:47:05  permanent_dropout_10 (Perm  (None, 1000)                 0         ['dense_10[0][0]']            
2024-05-22 19:47:05  anentDropout)                                                                                    
2024-05-22 19:47:05                                                                                                   
2024-05-22 19:47:05  dense_11 (Dense)            (None, 1)                    1001      ['permanent_dropout_10[0][0]']
2024-05-22 19:47:05                                                                                                   
2024-05-22 19:47:05 ==================================================================================================
2024-05-22 19:47:05 Total params: 12583001 (48.00 MB)
2024-05-22 19:47:05 Trainable params: 12583001 (48.00 MB)
2024-05-22 19:47:05 Non-trainable params: 0 (0.00 Byte)
2024-05-22 19:47:05 __________________________________________________________________________________________________
2024-05-22 19:47:05 CKPT CONSTRUCT...
2024-05-22 19:47:05 CKPT CONSTRUCT OK.
2024-05-22 19:47:05 template model: <keras.src.engine.functional.Functional object at 0x15378f915cd0>
2024-05-22 19:47:07 COMPILE
2024-05-22 19:47:07 Will save weights to: /dev/shm/Uno/save/9000896.amn-0001/70/5.0.model.h5
2024-05-22 19:47:24 Between random pairs in y_val:
2024-05-22 19:47:24   mse: 0.04780101
2024-05-22 19:47:24   mae: 0.15987802
2024-05-22 19:47:24   r2: -1.00101691
2024-05-22 19:47:24   corr: -0.00050846
2024-05-22 19:47:24 Data points per epoch: train = 469444, val = 117361, test = 904
2024-05-22 19:47:24 Steps per epoch: train = 14670, val = 3667, test = 28
2024-05-22 19:47:24 Epoch 0: lr=0.001
2024-05-22 19:48:37 [Epoch: 0] loss: 0.024957, mae: 0.079250, r2: -1.080897, val_loss: 0.008657, val_mae: 0.066033, val_r2: 0.593204
2024-05-22 19:48:37 Epoch 1: lr=0.00082
2024-05-22 19:49:48 [Epoch: 1] loss: 0.007999, mae: 0.063932, r2: 0.621978, val_loss: 0.007640, val_mae: 0.061763, val_r2: 0.638817
2024-05-22 19:49:48 Epoch 2: lr=0.00064
2024-05-22 19:50:59 [Epoch: 2] loss: 0.007292, mae: 0.060716, r2: 0.654643, val_loss: 0.007397, val_mae: 0.062271, val_r2: 0.648875
2024-05-22 19:50:59 Epoch 3: lr=0.00046
2024-05-22 19:52:10 [Epoch: 3] loss: 0.006809, mae: 0.058488, r2: 0.676242, val_loss: 0.006871, val_mae: 0.058940, val_r2: 0.674870
2024-05-22 19:52:10 Epoch 4: lr=0.00028
2024-05-22 19:53:21 [Epoch: 4] loss: 0.006412, mae: 0.056720, r2: 0.694199, val_loss: 0.006658, val_mae: 0.057916, val_r2: 0.681877
2024-05-22 19:53:21 Epoch 5: lr=0.0001
2024-05-22 19:54:32 [Epoch: 5] loss: 0.006069, mae: 0.055150, r2: 0.710027, val_loss: 0.006405, val_mae: 0.056056, val_r2: 0.697623
2024-05-22 19:54:32 Epoch 6: lr=0.0001
2024-05-22 19:55:43 [Epoch: 6] loss: 0.005962, mae: 0.054658, r2: 0.714818, val_loss: 0.006355, val_mae: 0.055699, val_r2: 0.699106
2024-05-22 19:55:43 Epoch 7: lr=0.0001
2024-05-22 19:56:54 [Epoch: 7] loss: 0.005893, mae: 0.054338, r2: 0.718183, val_loss: 0.006330, val_mae: 0.055698, val_r2: 0.699578
2024-05-22 19:56:55 Epoch 8: lr=0.0001
2024-05-22 19:58:05 [Epoch: 8] loss: 0.005817, mae: 0.054007, r2: 0.721609, val_loss: 0.006292, val_mae: 0.055804, val_r2: 0.702774
2024-05-22 19:58:05 Epoch 9: lr=0.0001
2024-05-22 19:59:16 [Epoch: 9] loss: 0.005758, mae: 0.053733, r2: 0.724297, val_loss: 0.006237, val_mae: 0.055540, val_r2: 0.703786
2024-05-22 19:59:16 Epoch 10: lr=0.0001
2024-05-22 20:00:27 [Epoch: 10] loss: 0.005698, mae: 0.053465, r2: 0.727242, val_loss: 0.006231, val_mae: 0.055810, val_r2: 0.704560
2024-05-22 20:00:27 Epoch 11: lr=0.0001
2024-05-22 20:01:38 [Epoch: 11] loss: 0.005628, mae: 0.053129, r2: 0.730524, val_loss: 0.006217, val_mae: 0.055593, val_r2: 0.704899
2024-05-22 20:01:38 Epoch 12: lr=0.0001
2024-05-22 20:02:49 [Epoch: 12] loss: 0.005573, mae: 0.052889, r2: 0.733012, val_loss: 0.006169, val_mae: 0.055199, val_r2: 0.707633
2024-05-22 20:02:49 Epoch 13: lr=0.0001
2024-05-22 20:04:00 [Epoch: 13] loss: 0.005521, mae: 0.052598, r2: 0.735385, val_loss: 0.006200, val_mae: 0.054719, val_r2: 0.705606
2024-05-22 20:04:00 Epoch 14: lr=0.0001
2024-05-22 20:05:11 [Epoch: 14] loss: 0.005470, mae: 0.052395, r2: 0.737847, val_loss: 0.006141, val_mae: 0.054867, val_r2: 0.708643
2024-05-22 20:05:11 Epoch 15: lr=0.0001
2024-05-22 20:06:22 [Epoch: 15] loss: 0.005422, mae: 0.052185, r2: 0.740183, val_loss: 0.006154, val_mae: 0.054395, val_r2: 0.707863
2024-05-22 20:06:23 Epoch 16: lr=0.0001
2024-05-22 20:07:33 [Epoch: 16] loss: 0.005368, mae: 0.051931, r2: 0.742688, val_loss: 0.006125, val_mae: 0.054724, val_r2: 0.708576
2024-05-22 20:07:33 Epoch 17: lr=0.0001
2024-05-22 20:08:44 [Epoch: 17] loss: 0.005324, mae: 0.051707, r2: 0.744688, val_loss: 0.006098, val_mae: 0.054500, val_r2: 0.710750
2024-05-22 20:08:44 Epoch 18: lr=5e-05
2024-05-22 20:09:55 [Epoch: 18] loss: 0.005200, mae: 0.051178, r2: 0.750403, val_loss: 0.006077, val_mae: 0.054366, val_r2: 0.711728
2024-05-22 20:09:55 Epoch 19: lr=5e-05
2024-05-22 20:11:05 [Epoch: 19] loss: 0.005162, mae: 0.050922, r2: 0.752315, val_loss: 0.006081, val_mae: 0.054273, val_r2: 0.711525
2024-05-22 20:11:05 Epoch 20: lr=5e-05
2024-05-22 20:12:16 [Epoch: 20] loss: 0.005126, mae: 0.050809, r2: 0.754000, val_loss: 0.006090, val_mae: 0.054572, val_r2: 0.709895
2024-05-22 20:12:16 Epoch 21: lr=5e-05
2024-05-22 20:13:27 [Epoch: 21] loss: 0.005089, mae: 0.050643, r2: 0.755791, val_loss: 0.006065, val_mae: 0.054284, val_r2: 0.712177
2024-05-22 20:13:27 Epoch 22: lr=5e-05
2024-05-22 20:14:38 [Epoch: 22] loss: 0.005070, mae: 0.050520, r2: 0.756504, val_loss: 0.006041, val_mae: 0.054249, val_r2: 0.712686
2024-05-22 20:14:38 Epoch 23: lr=5e-05
2024-05-22 20:15:48 [Epoch: 23] loss: 0.005053, mae: 0.050414, r2: 0.757125, val_loss: 0.006061, val_mae: 0.054408, val_r2: 0.713042
2024-05-22 20:15:49 Epoch 24: lr=5e-05
2024-05-22 20:16:59 [Epoch: 24] loss: 0.005020, mae: 0.050260, r2: 0.758802, val_loss: 0.006072, val_mae: 0.054159, val_r2: 0.711009
2024-05-22 20:16:59 Epoch 25: lr=5e-05
2024-05-22 20:18:10 [Epoch: 25] loss: 0.004997, mae: 0.050164, r2: 0.759926, val_loss: 0.006062, val_mae: 0.054456, val_r2: 0.711280
2024-05-22 20:18:10 Epoch 26: lr=5e-05
2024-05-22 20:19:21 [Epoch: 26] loss: 0.004979, mae: 0.050083, r2: 0.760720, val_loss: 0.006056, val_mae: 0.054096, val_r2: 0.712031
2024-05-22 20:19:21 Epoch 27: lr=2.5e-05
2024-05-22 20:20:32 [Epoch: 27] loss: 0.004903, mae: 0.049740, r2: 0.764174, val_loss: 0.006052, val_mae: 0.054136, val_r2: 0.712889
2024-05-22 20:20:32 Epoch 28: lr=2.5e-05
2024-05-22 20:21:42 [Epoch: 28] loss: 0.004896, mae: 0.049709, r2: 0.764615, val_loss: 0.006057, val_mae: 0.054325, val_r2: 0.711705
2024-05-22 20:21:43 Epoch 29: lr=2.5e-05
2024-05-22 20:22:53 [Epoch: 29] loss: 0.004883, mae: 0.049650, r2: 0.765045, val_loss: 0.006108, val_mae: 0.054113, val_r2: 0.709907
2024-05-22 20:22:53 Epoch 30: lr=2.5e-05
2024-05-22 20:24:04 [Epoch: 30] loss: 0.004859, mae: 0.049517, r2: 0.766223, val_loss: 0.006084, val_mae: 0.054276, val_r2: 0.711242
2024-05-22 20:24:04 Epoch 31: lr=2.5e-05
2024-05-22 20:25:15 [Epoch: 31] loss: 0.004857, mae: 0.049486, r2: 0.766136, val_loss: 0.006083, val_mae: 0.054436, val_r2: 0.711318
2024-05-22 20:25:15 Epoch 32: lr=1.25e-05
2024-05-22 20:26:25 [Epoch: 32] loss: 0.004823, mae: 0.049358, r2: 0.767981, val_loss: 0.006071, val_mae: 0.054075, val_r2: 0.711451
2024-05-22 20:26:25 history_length: 33
2024-05-22 20:26:25 stopping: early
2024-05-22 20:26:26 Comparing y_true and y_pred:
2024-05-22 20:26:26   mse: 0.03700906
2024-05-22 20:26:26   mae: 0.17321237
2024-05-22 20:26:26   r2: -1.81948793
2024-05-22 20:26:26   corr: 0.40212668
