2024-04-28 23:52:41 UNO RUN ...
2024-04-28 23:52:41 Params: {'model_name': 'uno', 'train_sources': ['CCLE'], 'test_sources': ['train'], 'cell_types': None, 'cell_features': ['rnaseq'], 'drug_features': ['descriptors'], 'dense': [1000, 1000, 1000, 1000, 1000], 'dense_feature_layers': [1000, 1000, 1000], 'activation': 'relu', 'loss': 'mse', 'optimizer': 'adamax', 'scaling': 'std', 'dropout': 0.1, 'epochs': 30, 'batch_size': 32, 'val_split': 0.2, 'cv': 1, 'max_val_loss': 1.0, 'learning_rate': 0.0001, 'base_lr': None, 'agg_dose': 'AUC', 'residual': False, 'reduce_lr': True, 'warmup_lr': True, 'batch_normalization': False, 'feature_subsample': 0, 'rng_seed': 2018, 'no_gen': False, 'verbose': False, 'preprocess_rnaseq': 'source_scale', 'gpus': [0], 'use_landmark_genes': True, 'no_feature_source': True, 'no_response_source': True, 'save_path': '/dev/shm/Uno/save/8994012.amn-0001/24', 'single': True, 'on_memory_loader': True, 'ckpt_checksum': True, 'ckpt_save_interval': 0, 'timeout': -1, 'train_bool': True, 'profiling': False, 'experiment_id': '8994012.amn-0001', 'run_id': '24', 'logfile': '/dev/shm/Uno/save/8994012.amn-0001/24/python.log', 'shuffle': False, 'ckpt_restart_mode': 'off', 'ckpt_skip_epochs': 0, 'ckpt_directory': '/dev/shm/Uno/save/8994012.amn-0001/24', 'ckpt_save_best': True, 'ckpt_save_best_metric': 'val_loss', 'ckpt_save_weights_only': False, 'ckpt_keep_mode': 'linear', 'ckpt_keep_limit': 5, 'by_cell': None, 'by_drug': None, 'cell_subset_path': '', 'drug_subset_path': '', 'drug_median_response_min': -1, 'drug_median_response_max': 1, 'dense_cell_feature_layers': None, 'dense_drug_feature_layers': None, 'use_filtered_genes': False, 'feature_subset_path': '', 'cell_feature_subset_path': '', 'drug_feature_subset_path': '', 'es': True, 'cp': False, 'tb': False, 'tb_prefix': 'tb', 'partition_by': None, 'cache': None, 'export_csv': None, 'export_data': None, 'use_exported_data': '/dev/shm/Uno/x1922c4s1b0n0.24.merged.landmark.h5', 'growth_bins': 0, 'initial_weights': None, 'save_weights': '/dev/shm/Uno/save/8994012.amn-0001/24/0.0.model.h5', 'config_file': '/home/brettin/CSC249ADOA01_CNDA/brettin/Benchmarks/Pilot1/Uno/uno_auc_model.txt', 'data_type': <class 'numpy.float32'>, 'data_dir': '/dev/shm/Uno/uno/Data', 'output_dir': '/dev/shm/Uno/uno/Output/8994012.amn-0001/24'}
2024-04-28 23:52:41 Feature encoding submodel for cell.rnaseq:
2024-04-28 23:52:41 Model: "cell.rnaseq"
2024-04-28 23:52:41 _________________________________________________________________
2024-04-28 23:52:41  Layer (type)                Output Shape              Param #   
2024-04-28 23:52:41 =================================================================
2024-04-28 23:52:41  input_1 (InputLayer)        [(None, 958)]             0         
2024-04-28 23:52:41                                                                  
2024-04-28 23:52:41  dense (Dense)               (None, 1000)              959000    
2024-04-28 23:52:41                                                                  
2024-04-28 23:52:41  permanent_dropout (Permane  (None, 1000)              0         
2024-04-28 23:52:41  ntDropout)                                                      
2024-04-28 23:52:41                                                                  
2024-04-28 23:52:41  dense_1 (Dense)             (None, 1000)              1001000   
2024-04-28 23:52:41                                                                  
2024-04-28 23:52:41  permanent_dropout_1 (Perma  (None, 1000)              0         
2024-04-28 23:52:41  nentDropout)                                                    
2024-04-28 23:52:41                                                                  
2024-04-28 23:52:41  dense_2 (Dense)             (None, 1000)              1001000   
2024-04-28 23:52:41                                                                  
2024-04-28 23:52:41  permanent_dropout_2 (Perma  (None, 1000)              0         
2024-04-28 23:52:41  nentDropout)                                                    
2024-04-28 23:52:41                                                                  
2024-04-28 23:52:41 =================================================================
2024-04-28 23:52:41 Total params: 2961000 (11.30 MB)
2024-04-28 23:52:41 Trainable params: 2961000 (11.30 MB)
2024-04-28 23:52:41 Non-trainable params: 0 (0.00 Byte)
2024-04-28 23:52:41 _________________________________________________________________
2024-04-28 23:52:41 Feature encoding submodel for drug.descriptors:
2024-04-28 23:52:41 Model: "drug.descriptors"
2024-04-28 23:52:41 _________________________________________________________________
2024-04-28 23:52:41  Layer (type)                Output Shape              Param #   
2024-04-28 23:52:41 =================================================================
2024-04-28 23:52:41  input_2 (InputLayer)        [(None, 1613)]            0         
2024-04-28 23:52:41                                                                  
2024-04-28 23:52:41  dense_3 (Dense)             (None, 1000)              1614000   
2024-04-28 23:52:41                                                                  
2024-04-28 23:52:41  permanent_dropout_3 (Perma  (None, 1000)              0         
2024-04-28 23:52:41  nentDropout)                                                    
2024-04-28 23:52:41                                                                  
2024-04-28 23:52:41  dense_4 (Dense)             (None, 1000)              1001000   
2024-04-28 23:52:41                                                                  
2024-04-28 23:52:41  permanent_dropout_4 (Perma  (None, 1000)              0         
2024-04-28 23:52:41  nentDropout)                                                    
2024-04-28 23:52:41                                                                  
2024-04-28 23:52:41  dense_5 (Dense)             (None, 1000)              1001000   
2024-04-28 23:52:41                                                                  
2024-04-28 23:52:41  permanent_dropout_5 (Perma  (None, 1000)              0         
2024-04-28 23:52:41  nentDropout)                                                    
2024-04-28 23:52:41                                                                  
2024-04-28 23:52:41 =================================================================
2024-04-28 23:52:41 Total params: 3616000 (13.79 MB)
2024-04-28 23:52:41 Trainable params: 3616000 (13.79 MB)
2024-04-28 23:52:41 Non-trainable params: 0 (0.00 Byte)
2024-04-28 23:52:41 _________________________________________________________________
2024-04-28 23:52:41 Combined model:
2024-04-28 23:52:41 Model: "model"
2024-04-28 23:52:41 __________________________________________________________________________________________________
2024-04-28 23:52:41  Layer (type)                Output Shape                 Param #   Connected to                  
2024-04-28 23:52:41 ==================================================================================================
2024-04-28 23:52:41  input.cell.rnaseq (InputLa  [(None, 958)]                0         []                            
2024-04-28 23:52:41  yer)                                                                                             
2024-04-28 23:52:41                                                                                                   
2024-04-28 23:52:41  input.drug1.descriptors (I  [(None, 1613)]               0         []                            
2024-04-28 23:52:41  nputLayer)                                                                                       
2024-04-28 23:52:41                                                                                                   
2024-04-28 23:52:41  cell.rnaseq (Functional)    (None, 1000)                 2961000   ['input.cell.rnaseq[0][0]']   
2024-04-28 23:52:41                                                                                                   
2024-04-28 23:52:41  drug.descriptors (Function  (None, 1000)                 3616000   ['input.drug1.descriptors[0][0
2024-04-28 23:52:41  al)                                                                ]']                           
2024-04-28 23:52:41                                                                                                   
2024-04-28 23:52:41  concatenate (Concatenate)   (None, 2000)                 0         ['cell.rnaseq[0][0]',         
2024-04-28 23:52:41                                                                      'drug.descriptors[0][0]']    
2024-04-28 23:52:41                                                                                                   
2024-04-28 23:52:41  dense_6 (Dense)             (None, 1000)                 2001000   ['concatenate[0][0]']         
2024-04-28 23:52:41                                                                                                   
2024-04-28 23:52:41  permanent_dropout_6 (Perma  (None, 1000)                 0         ['dense_6[0][0]']             
2024-04-28 23:52:41  nentDropout)                                                                                     
2024-04-28 23:52:41                                                                                                   
2024-04-28 23:52:41  dense_7 (Dense)             (None, 1000)                 1001000   ['permanent_dropout_6[0][0]'] 
2024-04-28 23:52:41                                                                                                   
2024-04-28 23:52:41  permanent_dropout_7 (Perma  (None, 1000)                 0         ['dense_7[0][0]']             
2024-04-28 23:52:41  nentDropout)                                                                                     
2024-04-28 23:52:41                                                                                                   
2024-04-28 23:52:41  dense_8 (Dense)             (None, 1000)                 1001000   ['permanent_dropout_7[0][0]'] 
2024-04-28 23:52:41                                                                                                   
2024-04-28 23:52:41  permanent_dropout_8 (Perma  (None, 1000)                 0         ['dense_8[0][0]']             
2024-04-28 23:52:41  nentDropout)                                                                                     
2024-04-28 23:52:41                                                                                                   
2024-04-28 23:52:41  dense_9 (Dense)             (None, 1000)                 1001000   ['permanent_dropout_8[0][0]'] 
2024-04-28 23:52:41                                                                                                   
2024-04-28 23:52:41  permanent_dropout_9 (Perma  (None, 1000)                 0         ['dense_9[0][0]']             
2024-04-28 23:52:41  nentDropout)                                                                                     
2024-04-28 23:52:41                                                                                                   
2024-04-28 23:52:41  dense_10 (Dense)            (None, 1000)                 1001000   ['permanent_dropout_9[0][0]'] 
2024-04-28 23:52:41                                                                                                   
2024-04-28 23:52:41  permanent_dropout_10 (Perm  (None, 1000)                 0         ['dense_10[0][0]']            
2024-04-28 23:52:41  anentDropout)                                                                                    
2024-04-28 23:52:41                                                                                                   
2024-04-28 23:52:41  dense_11 (Dense)            (None, 1)                    1001      ['permanent_dropout_10[0][0]']
2024-04-28 23:52:41                                                                                                   
2024-04-28 23:52:41 ==================================================================================================
2024-04-28 23:52:41 Total params: 12583001 (48.00 MB)
2024-04-28 23:52:41 Trainable params: 12583001 (48.00 MB)
2024-04-28 23:52:41 Non-trainable params: 0 (0.00 Byte)
2024-04-28 23:52:41 __________________________________________________________________________________________________
2024-04-28 23:52:41 CKPT CONSTRUCT...
2024-04-28 23:52:41 CKPT CONSTRUCT OK.
2024-04-28 23:52:41 template model: <keras.src.engine.functional.Functional object at 0x154b92b70790>
2024-04-28 23:52:43 COMPILE
2024-04-28 23:52:43 Will save weights to: /dev/shm/Uno/save/8994012.amn-0001/24/0.0.model.h5
2024-04-28 23:53:00 Between random pairs in y_val:
2024-04-28 23:53:00   mse: 0.04753682
2024-04-28 23:53:00   mae: 0.15976403
2024-04-28 23:53:00   r2: -1.00398048
2024-04-28 23:53:00   corr: -0.00199024
2024-04-28 23:53:00 Data points per epoch: train = 470167, val = 117542, test = 566
2024-04-28 23:53:00 Steps per epoch: train = 14692, val = 3673, test = 17
2024-04-28 23:53:00 Epoch 0: lr=0.001
2024-04-28 23:54:14 [Epoch: 0] loss: 0.024380, mae: 0.079458, r2: 0.082940, val_loss: 0.009218, val_mae: 0.066649, val_r2: 0.555088
2024-04-28 23:54:14 Epoch 1: lr=0.00082
2024-04-28 23:55:27 [Epoch: 1] loss: 0.008005, mae: 0.063964, r2: 0.620815, val_loss: 0.007581, val_mae: 0.062323, val_r2: 0.639345
2024-04-28 23:55:27 Epoch 2: lr=0.00064
2024-04-28 23:56:39 [Epoch: 2] loss: 0.007336, mae: 0.060893, r2: 0.651137, val_loss: 0.007235, val_mae: 0.060589, val_r2: 0.651071
2024-04-28 23:56:39 Epoch 3: lr=0.00046
2024-04-28 23:57:51 [Epoch: 3] loss: 0.006863, mae: 0.058706, r2: 0.673396, val_loss: 0.006810, val_mae: 0.058200, val_r2: 0.674757
2024-04-28 23:57:51 Epoch 4: lr=0.00028
2024-04-28 23:59:04 [Epoch: 4] loss: 0.006482, mae: 0.056969, r2: 0.690654, val_loss: 0.006698, val_mae: 0.057962, val_r2: 0.677609
2024-04-28 23:59:04 Epoch 5: lr=0.0001
2024-04-29 00:00:16 [Epoch: 5] loss: 0.006153, mae: 0.055465, r2: 0.705715, val_loss: 0.006427, val_mae: 0.056522, val_r2: 0.691137
2024-04-29 00:00:16 Epoch 6: lr=0.0001
2024-04-29 00:01:29 [Epoch: 6] loss: 0.006041, mae: 0.054985, r2: 0.710777, val_loss: 0.006399, val_mae: 0.055814, val_r2: 0.693428
2024-04-29 00:01:29 Epoch 7: lr=0.0001
2024-04-29 00:02:41 [Epoch: 7] loss: 0.005964, mae: 0.054627, r2: 0.714333, val_loss: 0.006337, val_mae: 0.055680, val_r2: 0.695183
2024-04-29 00:02:41 Epoch 8: lr=0.0001
2024-04-29 00:03:54 [Epoch: 8] loss: 0.005891, mae: 0.054282, r2: 0.717925, val_loss: 0.006304, val_mae: 0.055562, val_r2: 0.697285
2024-04-29 00:03:54 Epoch 9: lr=0.0001
2024-04-29 00:05:06 [Epoch: 9] loss: 0.005824, mae: 0.053989, r2: 0.721051, val_loss: 0.006282, val_mae: 0.055515, val_r2: 0.698354
2024-04-29 00:05:06 Epoch 10: lr=0.0001
2024-04-29 00:06:18 [Epoch: 10] loss: 0.005765, mae: 0.053739, r2: 0.723625, val_loss: 0.006238, val_mae: 0.055583, val_r2: 0.701127
2024-04-29 00:06:19 Epoch 11: lr=0.0001
2024-04-29 00:07:31 [Epoch: 11] loss: 0.005706, mae: 0.053442, r2: 0.726418, val_loss: 0.006220, val_mae: 0.055285, val_r2: 0.702185
2024-04-29 00:07:31 Epoch 12: lr=0.0001
2024-04-29 00:08:43 [Epoch: 12] loss: 0.005644, mae: 0.053194, r2: 0.729173, val_loss: 0.006196, val_mae: 0.055158, val_r2: 0.701394
2024-04-29 00:08:43 Epoch 13: lr=0.0001
2024-04-29 00:09:56 [Epoch: 13] loss: 0.005583, mae: 0.052900, r2: 0.732244, val_loss: 0.006213, val_mae: 0.055778, val_r2: 0.700828
2024-04-29 00:09:56 Epoch 14: lr=0.0001
2024-04-29 00:11:08 [Epoch: 14] loss: 0.005526, mae: 0.052651, r2: 0.734740, val_loss: 0.006154, val_mae: 0.055185, val_r2: 0.704802
2024-04-29 00:11:08 Epoch 15: lr=0.0001
2024-04-29 00:12:21 [Epoch: 15] loss: 0.005476, mae: 0.052381, r2: 0.737033, val_loss: 0.006132, val_mae: 0.054735, val_r2: 0.706014
2024-04-29 00:12:21 Epoch 16: lr=0.0001
2024-04-29 00:13:33 [Epoch: 16] loss: 0.005433, mae: 0.052248, r2: 0.739106, val_loss: 0.006153, val_mae: 0.054976, val_r2: 0.703904
2024-04-29 00:13:33 Epoch 17: lr=0.0001
2024-04-29 00:14:46 [Epoch: 17] loss: 0.005377, mae: 0.051987, r2: 0.741593, val_loss: 0.006123, val_mae: 0.054715, val_r2: 0.705800
2024-04-29 00:14:46 Epoch 18: lr=5e-05
2024-04-29 00:15:58 [Epoch: 18] loss: 0.005258, mae: 0.051403, r2: 0.747219, val_loss: 0.006106, val_mae: 0.054492, val_r2: 0.706418
2024-04-29 00:15:58 Epoch 19: lr=5e-05
2024-04-29 00:17:10 [Epoch: 19] loss: 0.005215, mae: 0.051192, r2: 0.749184, val_loss: 0.006081, val_mae: 0.054444, val_r2: 0.707288
2024-04-29 00:17:10 Epoch 20: lr=5e-05
2024-04-29 00:18:23 [Epoch: 20] loss: 0.005195, mae: 0.051087, r2: 0.750210, val_loss: 0.006097, val_mae: 0.054511, val_r2: 0.706764
2024-04-29 00:18:23 Epoch 21: lr=5e-05
2024-04-29 00:19:35 [Epoch: 21] loss: 0.005160, mae: 0.050933, r2: 0.751818, val_loss: 0.006086, val_mae: 0.054385, val_r2: 0.707349
2024-04-29 00:19:35 Epoch 22: lr=5e-05
2024-04-29 00:20:47 [Epoch: 22] loss: 0.005137, mae: 0.050811, r2: 0.752880, val_loss: 0.006077, val_mae: 0.054581, val_r2: 0.706656
2024-04-29 00:20:48 Epoch 23: lr=5e-05
2024-04-29 00:22:00 [Epoch: 23] loss: 0.005106, mae: 0.050710, r2: 0.754513, val_loss: 0.006082, val_mae: 0.054500, val_r2: 0.707014
2024-04-29 00:22:00 Epoch 24: lr=5e-05
2024-04-29 00:23:12 [Epoch: 24] loss: 0.005075, mae: 0.050538, r2: 0.755997, val_loss: 0.006071, val_mae: 0.054180, val_r2: 0.707850
2024-04-29 00:23:12 Epoch 25: lr=2.5e-05
2024-04-29 00:24:25 [Epoch: 25] loss: 0.005018, mae: 0.050232, r2: 0.758495, val_loss: 0.006038, val_mae: 0.054251, val_r2: 0.709322
2024-04-29 00:24:25 Epoch 26: lr=2.5e-05
2024-04-29 00:25:37 [Epoch: 26] loss: 0.004999, mae: 0.050157, r2: 0.759139, val_loss: 0.006049, val_mae: 0.054547, val_r2: 0.708552
2024-04-29 00:25:37 Epoch 27: lr=2.5e-05
2024-04-29 00:26:49 [Epoch: 27] loss: 0.004983, mae: 0.050103, r2: 0.760039, val_loss: 0.006081, val_mae: 0.054182, val_r2: 0.707660
2024-04-29 00:26:49 Epoch 28: lr=2.5e-05
2024-04-29 00:28:02 [Epoch: 28] loss: 0.004974, mae: 0.050059, r2: 0.760561, val_loss: 0.006060, val_mae: 0.054268, val_r2: 0.708296
2024-04-29 00:28:02 Epoch 29: lr=2.5e-05
2024-04-29 00:29:14 [Epoch: 29] loss: 0.004962, mae: 0.049976, r2: 0.760969, val_loss: 0.006047, val_mae: 0.054289, val_r2: 0.708046
2024-04-29 00:29:14 history_length: 30
2024-04-29 00:29:14 stopping: complete
2024-04-29 00:29:14 Comparing y_true and y_pred:
2024-04-29 00:29:14   mse: 0.00114935
2024-04-29 00:29:14   mae: 0.02767682
2024-04-29 00:29:14   r2: 0.20340543
2024-04-29 00:29:14   corr: 0.47554083
