2024-04-28 23:52:41 UNO RUN ...
2024-04-28 23:52:41 Params: {'model_name': 'uno', 'train_sources': ['CCLE'], 'test_sources': ['train'], 'cell_types': None, 'cell_features': ['rnaseq'], 'drug_features': ['descriptors'], 'dense': [1000, 1000, 1000, 1000, 1000], 'dense_feature_layers': [1000, 1000, 1000], 'activation': 'relu', 'loss': 'mse', 'optimizer': 'adamax', 'scaling': 'std', 'dropout': 0.1, 'epochs': 30, 'batch_size': 32, 'val_split': 0.2, 'cv': 1, 'max_val_loss': 1.0, 'learning_rate': 0.0001, 'base_lr': None, 'agg_dose': 'AUC', 'residual': False, 'reduce_lr': True, 'warmup_lr': True, 'batch_normalization': False, 'feature_subsample': 0, 'rng_seed': 2018, 'no_gen': False, 'verbose': False, 'preprocess_rnaseq': 'source_scale', 'gpus': [0], 'use_landmark_genes': True, 'no_feature_source': True, 'no_response_source': True, 'save_path': '/dev/shm/Uno/save/8994012.amn-0001/8', 'single': True, 'on_memory_loader': True, 'ckpt_checksum': True, 'ckpt_save_interval': 0, 'timeout': -1, 'train_bool': True, 'profiling': False, 'experiment_id': '8994012.amn-0001', 'run_id': '8', 'logfile': '/dev/shm/Uno/save/8994012.amn-0001/8/python.log', 'shuffle': False, 'ckpt_restart_mode': 'off', 'ckpt_skip_epochs': 0, 'ckpt_directory': '/dev/shm/Uno/save/8994012.amn-0001/8', 'ckpt_save_best': True, 'ckpt_save_best_metric': 'val_loss', 'ckpt_save_weights_only': False, 'ckpt_keep_mode': 'linear', 'ckpt_keep_limit': 5, 'by_cell': None, 'by_drug': None, 'cell_subset_path': '', 'drug_subset_path': '', 'drug_median_response_min': -1, 'drug_median_response_max': 1, 'dense_cell_feature_layers': None, 'dense_drug_feature_layers': None, 'use_filtered_genes': False, 'feature_subset_path': '', 'cell_feature_subset_path': '', 'drug_feature_subset_path': '', 'es': True, 'cp': False, 'tb': False, 'tb_prefix': 'tb', 'partition_by': None, 'cache': None, 'export_csv': None, 'export_data': None, 'use_exported_data': '/dev/shm/Uno/x1921c2s2b0n0.8.merged.landmark.h5', 'growth_bins': 0, 'initial_weights': None, 'save_weights': '/dev/shm/Uno/save/8994012.amn-0001/8/4.0.model.h5', 'config_file': '/home/brettin/CSC249ADOA01_CNDA/brettin/Benchmarks/Pilot1/Uno/uno_auc_model.txt', 'data_type': <class 'numpy.float32'>, 'data_dir': '/dev/shm/Uno/uno/Data', 'output_dir': '/dev/shm/Uno/uno/Output/8994012.amn-0001/8'}
2024-04-28 23:52:41 Feature encoding submodel for cell.rnaseq:
2024-04-28 23:52:41 Model: "cell.rnaseq"
2024-04-28 23:52:41 _________________________________________________________________
2024-04-28 23:52:41  Layer (type)                Output Shape              Param #   
2024-04-28 23:52:41 =================================================================
2024-04-28 23:52:41  input_1 (InputLayer)        [(None, 958)]             0         
2024-04-28 23:52:41                                                                  
2024-04-28 23:52:41  dense (Dense)               (None, 1000)              959000    
2024-04-28 23:52:41                                                                  
2024-04-28 23:52:41  permanent_dropout (Permane  (None, 1000)              0         
2024-04-28 23:52:41  ntDropout)                                                      
2024-04-28 23:52:41                                                                  
2024-04-28 23:52:41  dense_1 (Dense)             (None, 1000)              1001000   
2024-04-28 23:52:41                                                                  
2024-04-28 23:52:41  permanent_dropout_1 (Perma  (None, 1000)              0         
2024-04-28 23:52:41  nentDropout)                                                    
2024-04-28 23:52:41                                                                  
2024-04-28 23:52:41  dense_2 (Dense)             (None, 1000)              1001000   
2024-04-28 23:52:41                                                                  
2024-04-28 23:52:41  permanent_dropout_2 (Perma  (None, 1000)              0         
2024-04-28 23:52:41  nentDropout)                                                    
2024-04-28 23:52:41                                                                  
2024-04-28 23:52:41 =================================================================
2024-04-28 23:52:41 Total params: 2961000 (11.30 MB)
2024-04-28 23:52:41 Trainable params: 2961000 (11.30 MB)
2024-04-28 23:52:41 Non-trainable params: 0 (0.00 Byte)
2024-04-28 23:52:41 _________________________________________________________________
2024-04-28 23:52:41 Feature encoding submodel for drug.descriptors:
2024-04-28 23:52:41 Model: "drug.descriptors"
2024-04-28 23:52:41 _________________________________________________________________
2024-04-28 23:52:41  Layer (type)                Output Shape              Param #   
2024-04-28 23:52:41 =================================================================
2024-04-28 23:52:41  input_2 (InputLayer)        [(None, 1613)]            0         
2024-04-28 23:52:41                                                                  
2024-04-28 23:52:41  dense_3 (Dense)             (None, 1000)              1614000   
2024-04-28 23:52:41                                                                  
2024-04-28 23:52:41  permanent_dropout_3 (Perma  (None, 1000)              0         
2024-04-28 23:52:41  nentDropout)                                                    
2024-04-28 23:52:41                                                                  
2024-04-28 23:52:41  dense_4 (Dense)             (None, 1000)              1001000   
2024-04-28 23:52:41                                                                  
2024-04-28 23:52:41  permanent_dropout_4 (Perma  (None, 1000)              0         
2024-04-28 23:52:41  nentDropout)                                                    
2024-04-28 23:52:41                                                                  
2024-04-28 23:52:41  dense_5 (Dense)             (None, 1000)              1001000   
2024-04-28 23:52:41                                                                  
2024-04-28 23:52:41  permanent_dropout_5 (Perma  (None, 1000)              0         
2024-04-28 23:52:41  nentDropout)                                                    
2024-04-28 23:52:41                                                                  
2024-04-28 23:52:41 =================================================================
2024-04-28 23:52:41 Total params: 3616000 (13.79 MB)
2024-04-28 23:52:41 Trainable params: 3616000 (13.79 MB)
2024-04-28 23:52:41 Non-trainable params: 0 (0.00 Byte)
2024-04-28 23:52:41 _________________________________________________________________
2024-04-28 23:52:41 Combined model:
2024-04-28 23:52:41 Model: "model"
2024-04-28 23:52:41 __________________________________________________________________________________________________
2024-04-28 23:52:41  Layer (type)                Output Shape                 Param #   Connected to                  
2024-04-28 23:52:41 ==================================================================================================
2024-04-28 23:52:41  input.cell.rnaseq (InputLa  [(None, 958)]                0         []                            
2024-04-28 23:52:41  yer)                                                                                             
2024-04-28 23:52:41                                                                                                   
2024-04-28 23:52:41  input.drug1.descriptors (I  [(None, 1613)]               0         []                            
2024-04-28 23:52:41  nputLayer)                                                                                       
2024-04-28 23:52:41                                                                                                   
2024-04-28 23:52:41  cell.rnaseq (Functional)    (None, 1000)                 2961000   ['input.cell.rnaseq[0][0]']   
2024-04-28 23:52:41                                                                                                   
2024-04-28 23:52:41  drug.descriptors (Function  (None, 1000)                 3616000   ['input.drug1.descriptors[0][0
2024-04-28 23:52:41  al)                                                                ]']                           
2024-04-28 23:52:41                                                                                                   
2024-04-28 23:52:41  concatenate (Concatenate)   (None, 2000)                 0         ['cell.rnaseq[0][0]',         
2024-04-28 23:52:41                                                                      'drug.descriptors[0][0]']    
2024-04-28 23:52:41                                                                                                   
2024-04-28 23:52:41  dense_6 (Dense)             (None, 1000)                 2001000   ['concatenate[0][0]']         
2024-04-28 23:52:41                                                                                                   
2024-04-28 23:52:41  permanent_dropout_6 (Perma  (None, 1000)                 0         ['dense_6[0][0]']             
2024-04-28 23:52:41  nentDropout)                                                                                     
2024-04-28 23:52:41                                                                                                   
2024-04-28 23:52:41  dense_7 (Dense)             (None, 1000)                 1001000   ['permanent_dropout_6[0][0]'] 
2024-04-28 23:52:41                                                                                                   
2024-04-28 23:52:41  permanent_dropout_7 (Perma  (None, 1000)                 0         ['dense_7[0][0]']             
2024-04-28 23:52:41  nentDropout)                                                                                     
2024-04-28 23:52:41                                                                                                   
2024-04-28 23:52:41  dense_8 (Dense)             (None, 1000)                 1001000   ['permanent_dropout_7[0][0]'] 
2024-04-28 23:52:41                                                                                                   
2024-04-28 23:52:41  permanent_dropout_8 (Perma  (None, 1000)                 0         ['dense_8[0][0]']             
2024-04-28 23:52:41  nentDropout)                                                                                     
2024-04-28 23:52:41                                                                                                   
2024-04-28 23:52:41  dense_9 (Dense)             (None, 1000)                 1001000   ['permanent_dropout_8[0][0]'] 
2024-04-28 23:52:41                                                                                                   
2024-04-28 23:52:41  permanent_dropout_9 (Perma  (None, 1000)                 0         ['dense_9[0][0]']             
2024-04-28 23:52:41  nentDropout)                                                                                     
2024-04-28 23:52:41                                                                                                   
2024-04-28 23:52:41  dense_10 (Dense)            (None, 1000)                 1001000   ['permanent_dropout_9[0][0]'] 
2024-04-28 23:52:41                                                                                                   
2024-04-28 23:52:41  permanent_dropout_10 (Perm  (None, 1000)                 0         ['dense_10[0][0]']            
2024-04-28 23:52:41  anentDropout)                                                                                    
2024-04-28 23:52:41                                                                                                   
2024-04-28 23:52:41  dense_11 (Dense)            (None, 1)                    1001      ['permanent_dropout_10[0][0]']
2024-04-28 23:52:41                                                                                                   
2024-04-28 23:52:41 ==================================================================================================
2024-04-28 23:52:41 Total params: 12583001 (48.00 MB)
2024-04-28 23:52:41 Trainable params: 12583001 (48.00 MB)
2024-04-28 23:52:41 Non-trainable params: 0 (0.00 Byte)
2024-04-28 23:52:41 __________________________________________________________________________________________________
2024-04-28 23:52:41 CKPT CONSTRUCT...
2024-04-28 23:52:41 CKPT CONSTRUCT OK.
2024-04-28 23:52:41 template model: <keras.src.engine.functional.Functional object at 0x149dddd22c10>
2024-04-28 23:52:43 COMPILE
2024-04-28 23:52:43 Will save weights to: /dev/shm/Uno/save/8994012.amn-0001/8/4.0.model.h5
2024-04-28 23:53:00 Between random pairs in y_val:
2024-04-28 23:53:00   mse: 0.04723984
2024-04-28 23:53:00   mae: 0.15912820
2024-04-28 23:53:00   r2: -1.00318167
2024-04-28 23:53:00   corr: -0.00159084
2024-04-28 23:53:00 Data points per epoch: train = 470167, val = 117542, test = 1682
2024-04-28 23:53:00 Steps per epoch: train = 14692, val = 3673, test = 52
2024-04-28 23:53:00 Epoch 0: lr=0.001
2024-04-28 23:54:15 [Epoch: 0] loss: 0.028705, mae: 0.079946, r2: -0.535621, val_loss: 0.008906, val_mae: 0.067724, val_r2: 0.563944
2024-04-28 23:54:15 Epoch 1: lr=0.00082
2024-04-28 23:55:28 [Epoch: 1] loss: 0.007999, mae: 0.063949, r2: 0.621313, val_loss: 0.007648, val_mae: 0.062111, val_r2: 0.629127
2024-04-28 23:55:28 Epoch 2: lr=0.00064
2024-04-28 23:56:41 [Epoch: 2] loss: 0.007312, mae: 0.060805, r2: 0.653536, val_loss: 0.007188, val_mae: 0.060207, val_r2: 0.652593
2024-04-28 23:56:41 Epoch 3: lr=0.00046
2024-04-28 23:57:54 [Epoch: 3] loss: 0.006844, mae: 0.058686, r2: 0.674628, val_loss: 0.007113, val_mae: 0.058994, val_r2: 0.661216
2024-04-28 23:57:54 Epoch 4: lr=0.00028
2024-04-28 23:59:08 [Epoch: 4] loss: 0.006434, mae: 0.056804, r2: 0.693223, val_loss: 0.006648, val_mae: 0.057641, val_r2: 0.680161
2024-04-28 23:59:08 Epoch 5: lr=0.0001
2024-04-29 00:00:21 [Epoch: 5] loss: 0.006095, mae: 0.055264, r2: 0.708950, val_loss: 0.006453, val_mae: 0.056455, val_r2: 0.686408
2024-04-29 00:00:21 Epoch 6: lr=0.0001
2024-04-29 00:01:34 [Epoch: 6] loss: 0.005990, mae: 0.054741, r2: 0.713580, val_loss: 0.006431, val_mae: 0.056175, val_r2: 0.689435
2024-04-29 00:01:34 Epoch 7: lr=0.0001
2024-04-29 00:02:47 [Epoch: 7] loss: 0.005915, mae: 0.054397, r2: 0.717367, val_loss: 0.006337, val_mae: 0.055794, val_r2: 0.693302
2024-04-29 00:02:48 Epoch 8: lr=0.0001
2024-04-29 00:04:01 [Epoch: 8] loss: 0.005828, mae: 0.054007, r2: 0.721269, val_loss: 0.006314, val_mae: 0.055811, val_r2: 0.693375
2024-04-29 00:04:01 Epoch 9: lr=0.0001
2024-04-29 00:05:14 [Epoch: 9] loss: 0.005768, mae: 0.053717, r2: 0.724124, val_loss: 0.006314, val_mae: 0.056073, val_r2: 0.694090
2024-04-29 00:05:14 Epoch 10: lr=0.0001
2024-04-29 00:06:27 [Epoch: 10] loss: 0.005709, mae: 0.053464, r2: 0.726770, val_loss: 0.006250, val_mae: 0.055747, val_r2: 0.697362
2024-04-29 00:06:27 Epoch 11: lr=0.0001
2024-04-29 00:07:41 [Epoch: 11] loss: 0.005646, mae: 0.053191, r2: 0.729928, val_loss: 0.006249, val_mae: 0.055405, val_r2: 0.697042
2024-04-29 00:07:41 Epoch 12: lr=0.0001
2024-04-29 00:08:54 [Epoch: 12] loss: 0.005590, mae: 0.052910, r2: 0.732107, val_loss: 0.006216, val_mae: 0.055342, val_r2: 0.698672
2024-04-29 00:08:54 Epoch 13: lr=0.0001
2024-04-29 00:10:07 [Epoch: 13] loss: 0.005533, mae: 0.052649, r2: 0.734995, val_loss: 0.006223, val_mae: 0.055597, val_r2: 0.697635
2024-04-29 00:10:07 Epoch 14: lr=0.0001
2024-04-29 00:11:20 [Epoch: 14] loss: 0.005483, mae: 0.052441, r2: 0.737189, val_loss: 0.006185, val_mae: 0.055183, val_r2: 0.699678
2024-04-29 00:11:21 Epoch 15: lr=0.0001
2024-04-29 00:12:34 [Epoch: 15] loss: 0.005425, mae: 0.052150, r2: 0.739972, val_loss: 0.006178, val_mae: 0.055314, val_r2: 0.699611
2024-04-29 00:12:34 Epoch 16: lr=0.0001
2024-04-29 00:13:47 [Epoch: 16] loss: 0.005382, mae: 0.051975, r2: 0.741972, val_loss: 0.006174, val_mae: 0.054769, val_r2: 0.700029
2024-04-29 00:13:47 Epoch 17: lr=0.0001
2024-04-29 00:15:00 [Epoch: 17] loss: 0.005337, mae: 0.051722, r2: 0.744118, val_loss: 0.006130, val_mae: 0.055115, val_r2: 0.701725
2024-04-29 00:15:00 Epoch 18: lr=5e-05
2024-04-29 00:16:13 [Epoch: 18] loss: 0.005210, mae: 0.051133, r2: 0.749917, val_loss: 0.006150, val_mae: 0.054949, val_r2: 0.701338
2024-04-29 00:16:13 Epoch 19: lr=5e-05
2024-04-29 00:17:27 [Epoch: 19] loss: 0.005171, mae: 0.050974, r2: 0.751836, val_loss: 0.006096, val_mae: 0.054915, val_r2: 0.705186
2024-04-29 00:17:27 Epoch 20: lr=5e-05
2024-04-29 00:18:40 [Epoch: 20] loss: 0.005143, mae: 0.050813, r2: 0.753149, val_loss: 0.006120, val_mae: 0.055062, val_r2: 0.702001
2024-04-29 00:18:40 Epoch 21: lr=5e-05
2024-04-29 00:19:53 [Epoch: 21] loss: 0.005116, mae: 0.050682, r2: 0.754227, val_loss: 0.006130, val_mae: 0.054589, val_r2: 0.702116
2024-04-29 00:19:53 Epoch 22: lr=5e-05
2024-04-29 00:21:06 [Epoch: 22] loss: 0.005083, mae: 0.050534, r2: 0.755939, val_loss: 0.006101, val_mae: 0.054660, val_r2: 0.703494
2024-04-29 00:21:06 Epoch 23: lr=5e-05
2024-04-29 00:22:20 [Epoch: 23] loss: 0.005069, mae: 0.050454, r2: 0.756460, val_loss: 0.006104, val_mae: 0.054602, val_r2: 0.703706
2024-04-29 00:22:20 Epoch 24: lr=5e-05
2024-04-29 00:23:33 [Epoch: 24] loss: 0.005021, mae: 0.050259, r2: 0.758870, val_loss: 0.006110, val_mae: 0.054504, val_r2: 0.702846
2024-04-29 00:23:33 Epoch 25: lr=2.5e-05
2024-04-29 00:24:46 [Epoch: 25] loss: 0.004979, mae: 0.050072, r2: 0.760470, val_loss: 0.006095, val_mae: 0.054633, val_r2: 0.703815
2024-04-29 00:24:46 Epoch 26: lr=2.5e-05
2024-04-29 00:25:59 [Epoch: 26] loss: 0.004960, mae: 0.049955, r2: 0.761471, val_loss: 0.006079, val_mae: 0.054432, val_r2: 0.704489
2024-04-29 00:25:59 Epoch 27: lr=2.5e-05
2024-04-29 00:27:13 [Epoch: 27] loss: 0.004936, mae: 0.049846, r2: 0.762602, val_loss: 0.006089, val_mae: 0.054371, val_r2: 0.703942
2024-04-29 00:27:13 Epoch 28: lr=2.5e-05
2024-04-29 00:28:26 [Epoch: 28] loss: 0.004927, mae: 0.049833, r2: 0.762895, val_loss: 0.006080, val_mae: 0.054469, val_r2: 0.704317
2024-04-29 00:28:26 Epoch 29: lr=2.5e-05
2024-04-29 00:29:39 [Epoch: 29] loss: 0.004919, mae: 0.049730, r2: 0.763551, val_loss: 0.006096, val_mae: 0.054199, val_r2: 0.703475
2024-04-29 00:29:39 history_length: 30
2024-04-29 00:29:39 stopping: complete
2024-04-29 00:29:39 Comparing y_true and y_pred:
2024-04-29 00:29:39   mse: 0.00972274
2024-04-29 00:29:39   mae: 0.07553747
2024-04-29 00:29:39   r2: 0.38541772
2024-04-29 00:29:39   corr: 0.62307119
