2024-05-09 11:42:30 UNO RUN ...
2024-05-09 11:42:30 Params: {'model_name': 'uno', 'train_sources': ['CCLE'], 'test_sources': ['train'], 'cell_types': None, 'cell_features': ['rnaseq'], 'drug_features': ['descriptors'], 'dense': [1000, 1000, 1000, 1000, 1000], 'dense_feature_layers': [1000, 1000, 1000], 'activation': 'relu', 'loss': 'mse', 'optimizer': 'adamax', 'scaling': 'std', 'dropout': 0.1, 'epochs': 30, 'batch_size': 32, 'val_split': 0.2, 'cv': 1, 'max_val_loss': 1.0, 'learning_rate': 0.0001, 'base_lr': None, 'agg_dose': 'AUC', 'residual': False, 'reduce_lr': True, 'warmup_lr': True, 'batch_normalization': False, 'feature_subsample': 0, 'rng_seed': 2018, 'no_gen': False, 'verbose': False, 'preprocess_rnaseq': 'source_scale', 'gpus': [0], 'use_landmark_genes': True, 'no_feature_source': True, 'no_response_source': True, 'save_path': '/dev/shm/Uno/save/8996461.amn-0001/276', 'single': True, 'on_memory_loader': True, 'ckpt_checksum': True, 'ckpt_save_interval': 0, 'timeout': -1, 'train_bool': True, 'profiling': False, 'experiment_id': '8996461.amn-0001', 'run_id': '276', 'logfile': '/dev/shm/Uno/save/8996461.amn-0001/276/python.log', 'shuffle': False, 'ckpt_restart_mode': 'off', 'ckpt_skip_epochs': 0, 'ckpt_directory': '/dev/shm/Uno/save/8996461.amn-0001/276', 'ckpt_save_best': True, 'ckpt_save_best_metric': 'val_loss', 'ckpt_save_weights_only': False, 'ckpt_keep_mode': 'linear', 'ckpt_keep_limit': 5, 'by_cell': None, 'by_drug': None, 'cell_subset_path': '', 'drug_subset_path': '', 'drug_median_response_min': -1, 'drug_median_response_max': 1, 'dense_cell_feature_layers': None, 'dense_drug_feature_layers': None, 'use_filtered_genes': False, 'feature_subset_path': '', 'cell_feature_subset_path': '', 'drug_feature_subset_path': '', 'es': True, 'cp': False, 'tb': False, 'tb_prefix': 'tb', 'partition_by': None, 'cache': None, 'export_csv': None, 'export_data': None, 'use_exported_data': '/dev/shm/Uno/x1921c3s5b0n0.276.merged.landmark.h5', 'growth_bins': 0, 'initial_weights': None, 'save_weights': '/dev/shm/Uno/save/8996461.amn-0001/276/0.0.model.h5', 'config_file': '/home/brettin/CSC249ADOA01_CNDA/brettin/Benchmarks/Pilot1/Uno/uno_auc_model.txt', 'data_type': <class 'numpy.float32'>, 'data_dir': '/dev/shm/Uno/uno/Data', 'output_dir': '/dev/shm/Uno/uno/Output/8996461.amn-0001/276'}
2024-05-09 11:42:31 Feature encoding submodel for cell.rnaseq:
2024-05-09 11:42:31 Model: "cell.rnaseq"
2024-05-09 11:42:31 _________________________________________________________________
2024-05-09 11:42:31  Layer (type)                Output Shape              Param #   
2024-05-09 11:42:31 =================================================================
2024-05-09 11:42:31  input_1 (InputLayer)        [(None, 958)]             0         
2024-05-09 11:42:31                                                                  
2024-05-09 11:42:31  dense (Dense)               (None, 1000)              959000    
2024-05-09 11:42:31                                                                  
2024-05-09 11:42:31  permanent_dropout (Permane  (None, 1000)              0         
2024-05-09 11:42:31  ntDropout)                                                      
2024-05-09 11:42:31                                                                  
2024-05-09 11:42:31  dense_1 (Dense)             (None, 1000)              1001000   
2024-05-09 11:42:31                                                                  
2024-05-09 11:42:31  permanent_dropout_1 (Perma  (None, 1000)              0         
2024-05-09 11:42:31  nentDropout)                                                    
2024-05-09 11:42:31                                                                  
2024-05-09 11:42:31  dense_2 (Dense)             (None, 1000)              1001000   
2024-05-09 11:42:31                                                                  
2024-05-09 11:42:31  permanent_dropout_2 (Perma  (None, 1000)              0         
2024-05-09 11:42:31  nentDropout)                                                    
2024-05-09 11:42:31                                                                  
2024-05-09 11:42:31 =================================================================
2024-05-09 11:42:31 Total params: 2961000 (11.30 MB)
2024-05-09 11:42:31 Trainable params: 2961000 (11.30 MB)
2024-05-09 11:42:31 Non-trainable params: 0 (0.00 Byte)
2024-05-09 11:42:31 _________________________________________________________________
2024-05-09 11:42:31 Feature encoding submodel for drug.descriptors:
2024-05-09 11:42:31 Model: "drug.descriptors"
2024-05-09 11:42:31 _________________________________________________________________
2024-05-09 11:42:31  Layer (type)                Output Shape              Param #   
2024-05-09 11:42:31 =================================================================
2024-05-09 11:42:31  input_2 (InputLayer)        [(None, 1613)]            0         
2024-05-09 11:42:31                                                                  
2024-05-09 11:42:31  dense_3 (Dense)             (None, 1000)              1614000   
2024-05-09 11:42:31                                                                  
2024-05-09 11:42:31  permanent_dropout_3 (Perma  (None, 1000)              0         
2024-05-09 11:42:31  nentDropout)                                                    
2024-05-09 11:42:31                                                                  
2024-05-09 11:42:31  dense_4 (Dense)             (None, 1000)              1001000   
2024-05-09 11:42:31                                                                  
2024-05-09 11:42:31  permanent_dropout_4 (Perma  (None, 1000)              0         
2024-05-09 11:42:31  nentDropout)                                                    
2024-05-09 11:42:31                                                                  
2024-05-09 11:42:31  dense_5 (Dense)             (None, 1000)              1001000   
2024-05-09 11:42:31                                                                  
2024-05-09 11:42:31  permanent_dropout_5 (Perma  (None, 1000)              0         
2024-05-09 11:42:31  nentDropout)                                                    
2024-05-09 11:42:31                                                                  
2024-05-09 11:42:31 =================================================================
2024-05-09 11:42:31 Total params: 3616000 (13.79 MB)
2024-05-09 11:42:31 Trainable params: 3616000 (13.79 MB)
2024-05-09 11:42:31 Non-trainable params: 0 (0.00 Byte)
2024-05-09 11:42:31 _________________________________________________________________
2024-05-09 11:42:31 Combined model:
2024-05-09 11:42:31 Model: "model"
2024-05-09 11:42:31 __________________________________________________________________________________________________
2024-05-09 11:42:31  Layer (type)                Output Shape                 Param #   Connected to                  
2024-05-09 11:42:31 ==================================================================================================
2024-05-09 11:42:31  input.cell.rnaseq (InputLa  [(None, 958)]                0         []                            
2024-05-09 11:42:31  yer)                                                                                             
2024-05-09 11:42:31                                                                                                   
2024-05-09 11:42:31  input.drug1.descriptors (I  [(None, 1613)]               0         []                            
2024-05-09 11:42:31  nputLayer)                                                                                       
2024-05-09 11:42:31                                                                                                   
2024-05-09 11:42:31  cell.rnaseq (Functional)    (None, 1000)                 2961000   ['input.cell.rnaseq[0][0]']   
2024-05-09 11:42:31                                                                                                   
2024-05-09 11:42:31  drug.descriptors (Function  (None, 1000)                 3616000   ['input.drug1.descriptors[0][0
2024-05-09 11:42:31  al)                                                                ]']                           
2024-05-09 11:42:31                                                                                                   
2024-05-09 11:42:31  concatenate (Concatenate)   (None, 2000)                 0         ['cell.rnaseq[0][0]',         
2024-05-09 11:42:31                                                                      'drug.descriptors[0][0]']    
2024-05-09 11:42:31                                                                                                   
2024-05-09 11:42:31  dense_6 (Dense)             (None, 1000)                 2001000   ['concatenate[0][0]']         
2024-05-09 11:42:31                                                                                                   
2024-05-09 11:42:31  permanent_dropout_6 (Perma  (None, 1000)                 0         ['dense_6[0][0]']             
2024-05-09 11:42:31  nentDropout)                                                                                     
2024-05-09 11:42:31                                                                                                   
2024-05-09 11:42:31  dense_7 (Dense)             (None, 1000)                 1001000   ['permanent_dropout_6[0][0]'] 
2024-05-09 11:42:31                                                                                                   
2024-05-09 11:42:31  permanent_dropout_7 (Perma  (None, 1000)                 0         ['dense_7[0][0]']             
2024-05-09 11:42:31  nentDropout)                                                                                     
2024-05-09 11:42:31                                                                                                   
2024-05-09 11:42:31  dense_8 (Dense)             (None, 1000)                 1001000   ['permanent_dropout_7[0][0]'] 
2024-05-09 11:42:31                                                                                                   
2024-05-09 11:42:31  permanent_dropout_8 (Perma  (None, 1000)                 0         ['dense_8[0][0]']             
2024-05-09 11:42:31  nentDropout)                                                                                     
2024-05-09 11:42:31                                                                                                   
2024-05-09 11:42:31  dense_9 (Dense)             (None, 1000)                 1001000   ['permanent_dropout_8[0][0]'] 
2024-05-09 11:42:31                                                                                                   
2024-05-09 11:42:31  permanent_dropout_9 (Perma  (None, 1000)                 0         ['dense_9[0][0]']             
2024-05-09 11:42:31  nentDropout)                                                                                     
2024-05-09 11:42:31                                                                                                   
2024-05-09 11:42:31  dense_10 (Dense)            (None, 1000)                 1001000   ['permanent_dropout_9[0][0]'] 
2024-05-09 11:42:31                                                                                                   
2024-05-09 11:42:31  permanent_dropout_10 (Perm  (None, 1000)                 0         ['dense_10[0][0]']            
2024-05-09 11:42:31  anentDropout)                                                                                    
2024-05-09 11:42:31                                                                                                   
2024-05-09 11:42:31  dense_11 (Dense)            (None, 1)                    1001      ['permanent_dropout_10[0][0]']
2024-05-09 11:42:31                                                                                                   
2024-05-09 11:42:31 ==================================================================================================
2024-05-09 11:42:31 Total params: 12583001 (48.00 MB)
2024-05-09 11:42:31 Trainable params: 12583001 (48.00 MB)
2024-05-09 11:42:31 Non-trainable params: 0 (0.00 Byte)
2024-05-09 11:42:31 __________________________________________________________________________________________________
2024-05-09 11:42:31 CKPT CONSTRUCT...
2024-05-09 11:42:31 CKPT CONSTRUCT OK.
2024-05-09 11:42:31 template model: <keras.src.engine.functional.Functional object at 0x149e70eb8700>
2024-05-09 11:42:33 COMPILE
2024-05-09 11:42:33 Will save weights to: /dev/shm/Uno/save/8996461.amn-0001/276/0.0.model.h5
2024-05-09 11:42:50 Between random pairs in y_val:
2024-05-09 11:42:50   mse: 0.04743429
2024-05-09 11:42:50   mae: 0.15969147
2024-05-09 11:42:50   r2: -0.99658042
2024-05-09 11:42:50   corr: 0.00170979
2024-05-09 11:42:50 Data points per epoch: train = 470167, val = 117542, test = 190
2024-05-09 11:42:50 Steps per epoch: train = 14692, val = 3673, test = 5
2024-05-09 11:42:50 Epoch 0: lr=0.001
2024-05-09 11:44:03 [Epoch: 0] loss: 0.025188, mae: 0.079400, r2: -0.154387, val_loss: 0.008477, val_mae: 0.066778, val_r2: 0.600515
2024-05-09 11:44:04 Epoch 1: lr=0.00082
2024-05-09 11:45:16 [Epoch: 1] loss: 0.008001, mae: 0.064019, r2: 0.620426, val_loss: 0.007675, val_mae: 0.063966, val_r2: 0.635233
2024-05-09 11:45:16 Epoch 2: lr=0.00064
2024-05-09 11:46:28 [Epoch: 2] loss: 0.007314, mae: 0.060863, r2: 0.651649, val_loss: 0.007126, val_mae: 0.059694, val_r2: 0.662627
2024-05-09 11:46:28 Epoch 3: lr=0.00046
2024-05-09 11:47:40 [Epoch: 3] loss: 0.006857, mae: 0.058801, r2: 0.672507, val_loss: 0.006899, val_mae: 0.057835, val_r2: 0.668836
2024-05-09 11:47:40 Epoch 4: lr=0.00028
2024-05-09 11:48:52 [Epoch: 4] loss: 0.006457, mae: 0.056904, r2: 0.691152, val_loss: 0.006539, val_mae: 0.056631, val_r2: 0.684435
2024-05-09 11:48:52 Epoch 5: lr=0.0001
2024-05-09 11:50:04 [Epoch: 5] loss: 0.006120, mae: 0.055324, r2: 0.706719, val_loss: 0.006396, val_mae: 0.056059, val_r2: 0.690918
2024-05-09 11:50:04 Epoch 6: lr=0.0001
2024-05-09 11:51:16 [Epoch: 6] loss: 0.005999, mae: 0.054794, r2: 0.712391, val_loss: 0.006368, val_mae: 0.056318, val_r2: 0.692603
2024-05-09 11:51:16 Epoch 7: lr=0.0001
2024-05-09 11:52:28 [Epoch: 7] loss: 0.005927, mae: 0.054488, r2: 0.715492, val_loss: 0.006340, val_mae: 0.056138, val_r2: 0.693446
2024-05-09 11:52:28 Epoch 8: lr=0.0001
2024-05-09 11:53:40 [Epoch: 8] loss: 0.005866, mae: 0.054184, r2: 0.718366, val_loss: 0.006295, val_mae: 0.055910, val_r2: 0.695610
2024-05-09 11:53:40 Epoch 9: lr=0.0001
2024-05-09 11:54:53 [Epoch: 9] loss: 0.005795, mae: 0.053864, r2: 0.721564, val_loss: 0.006275, val_mae: 0.055443, val_r2: 0.698397
2024-05-09 11:54:53 Epoch 10: lr=0.0001
2024-05-09 11:56:05 [Epoch: 10] loss: 0.005730, mae: 0.053591, r2: 0.724769, val_loss: 0.006232, val_mae: 0.055461, val_r2: 0.699048
2024-05-09 11:56:05 Epoch 11: lr=0.0001
2024-05-09 11:57:17 [Epoch: 11] loss: 0.005678, mae: 0.053378, r2: 0.727197, val_loss: 0.006231, val_mae: 0.055354, val_r2: 0.698407
2024-05-09 11:57:17 Epoch 12: lr=0.0001
2024-05-09 11:58:29 [Epoch: 12] loss: 0.005613, mae: 0.053039, r2: 0.730261, val_loss: 0.006234, val_mae: 0.054947, val_r2: 0.699371
2024-05-09 11:58:29 Epoch 13: lr=0.0001
2024-05-09 11:59:41 [Epoch: 13] loss: 0.005566, mae: 0.052836, r2: 0.732301, val_loss: 0.006195, val_mae: 0.055028, val_r2: 0.701740
2024-05-09 11:59:41 Epoch 14: lr=5e-05
2024-05-09 12:00:53 [Epoch: 14] loss: 0.005433, mae: 0.052192, r2: 0.738611, val_loss: 0.006156, val_mae: 0.055240, val_r2: 0.702439
2024-05-09 12:00:53 Epoch 15: lr=5e-05
2024-05-09 12:02:05 [Epoch: 15] loss: 0.005394, mae: 0.052008, r2: 0.740597, val_loss: 0.006145, val_mae: 0.054724, val_r2: 0.703413
2024-05-09 12:02:05 Epoch 16: lr=5e-05
2024-05-09 12:03:17 [Epoch: 16] loss: 0.005360, mae: 0.051871, r2: 0.742119, val_loss: 0.006137, val_mae: 0.055018, val_r2: 0.703158
2024-05-09 12:03:17 Epoch 17: lr=5e-05
2024-05-09 12:04:29 [Epoch: 17] loss: 0.005317, mae: 0.051696, r2: 0.744334, val_loss: 0.006142, val_mae: 0.054594, val_r2: 0.702572
2024-05-09 12:04:29 Epoch 18: lr=5e-05
2024-05-09 12:05:41 [Epoch: 18] loss: 0.005291, mae: 0.051554, r2: 0.745284, val_loss: 0.006117, val_mae: 0.054500, val_r2: 0.704677
2024-05-09 12:05:41 Epoch 19: lr=5e-05
2024-05-09 12:06:53 [Epoch: 19] loss: 0.005261, mae: 0.051407, r2: 0.746617, val_loss: 0.006105, val_mae: 0.055027, val_r2: 0.704315
2024-05-09 12:06:53 Epoch 20: lr=2.5e-05
2024-05-09 12:08:05 [Epoch: 20] loss: 0.005191, mae: 0.051108, r2: 0.749972, val_loss: 0.006100, val_mae: 0.054735, val_r2: 0.705228
2024-05-09 12:08:05 Epoch 21: lr=2.5e-05
2024-05-09 12:09:17 [Epoch: 21] loss: 0.005177, mae: 0.051005, r2: 0.750556, val_loss: 0.006115, val_mae: 0.054593, val_r2: 0.704296
2024-05-09 12:09:17 Epoch 22: lr=2.5e-05
2024-05-09 12:10:29 [Epoch: 22] loss: 0.005163, mae: 0.050931, r2: 0.751323, val_loss: 0.006119, val_mae: 0.054560, val_r2: 0.703724
2024-05-09 12:10:29 Epoch 23: lr=2.5e-05
2024-05-09 12:11:41 [Epoch: 23] loss: 0.005157, mae: 0.050907, r2: 0.751291, val_loss: 0.006084, val_mae: 0.054569, val_r2: 0.706430
2024-05-09 12:11:41 Epoch 24: lr=2.5e-05
2024-05-09 12:12:53 [Epoch: 24] loss: 0.005139, mae: 0.050835, r2: 0.752316, val_loss: 0.006085, val_mae: 0.054471, val_r2: 0.706448
2024-05-09 12:12:53 Epoch 25: lr=1.25e-05
2024-05-09 12:14:05 [Epoch: 25] loss: 0.005097, mae: 0.050652, r2: 0.754407, val_loss: 0.006092, val_mae: 0.054428, val_r2: 0.705466
2024-05-09 12:14:05 Epoch 26: lr=1.25e-05
2024-05-09 12:15:17 [Epoch: 26] loss: 0.005097, mae: 0.050631, r2: 0.754384, val_loss: 0.006107, val_mae: 0.054470, val_r2: 0.705293
2024-05-09 12:15:17 Epoch 27: lr=1.25e-05
2024-05-09 12:16:29 [Epoch: 27] loss: 0.005088, mae: 0.050602, r2: 0.754750, val_loss: 0.006099, val_mae: 0.054311, val_r2: 0.704992
2024-05-09 12:16:29 Epoch 28: lr=1.25e-05
2024-05-09 12:17:41 [Epoch: 28] loss: 0.005076, mae: 0.050509, r2: 0.755176, val_loss: 0.006092, val_mae: 0.054421, val_r2: 0.705229
2024-05-09 12:17:41 Epoch 29: lr=1.25e-05
2024-05-09 12:18:53 [Epoch: 29] loss: 0.005058, mae: 0.050475, r2: 0.756127, val_loss: 0.006094, val_mae: 0.054507, val_r2: 0.705064
2024-05-09 12:18:53 history_length: 30
2024-05-09 12:18:53 stopping: complete
2024-05-09 12:18:53 Comparing y_true and y_pred:
2024-05-09 12:18:53   mse: 0.00067650
2024-05-09 12:18:53   mae: 0.02070236
2024-05-09 12:18:53   r2: -0.00586729
2024-05-09 12:18:53   corr: 0.33755524
