2024-05-09 11:42:31 UNO RUN ...
2024-05-09 11:42:31 Params: {'model_name': 'uno', 'train_sources': ['CCLE'], 'test_sources': ['train'], 'cell_types': None, 'cell_features': ['rnaseq'], 'drug_features': ['descriptors'], 'dense': [1000, 1000, 1000, 1000, 1000], 'dense_feature_layers': [1000, 1000, 1000], 'activation': 'relu', 'loss': 'mse', 'optimizer': 'adamax', 'scaling': 'std', 'dropout': 0.1, 'epochs': 30, 'batch_size': 32, 'val_split': 0.2, 'cv': 1, 'max_val_loss': 1.0, 'learning_rate': 0.0001, 'base_lr': None, 'agg_dose': 'AUC', 'residual': False, 'reduce_lr': True, 'warmup_lr': True, 'batch_normalization': False, 'feature_subsample': 0, 'rng_seed': 2018, 'no_gen': False, 'verbose': False, 'preprocess_rnaseq': 'source_scale', 'gpus': [0], 'use_landmark_genes': True, 'no_feature_source': True, 'no_response_source': True, 'save_path': '/dev/shm/Uno/save/8996461.amn-0001/305', 'single': True, 'on_memory_loader': True, 'ckpt_checksum': True, 'ckpt_save_interval': 0, 'timeout': -1, 'train_bool': True, 'profiling': False, 'experiment_id': '8996461.amn-0001', 'run_id': '305', 'logfile': '/dev/shm/Uno/save/8996461.amn-0001/305/python.log', 'shuffle': False, 'ckpt_restart_mode': 'off', 'ckpt_skip_epochs': 0, 'ckpt_directory': '/dev/shm/Uno/save/8996461.amn-0001/305', 'ckpt_save_best': True, 'ckpt_save_best_metric': 'val_loss', 'ckpt_save_weights_only': False, 'ckpt_keep_mode': 'linear', 'ckpt_keep_limit': 5, 'by_cell': None, 'by_drug': None, 'cell_subset_path': '', 'drug_subset_path': '', 'drug_median_response_min': -1, 'drug_median_response_max': 1, 'dense_cell_feature_layers': None, 'dense_drug_feature_layers': None, 'use_filtered_genes': False, 'feature_subset_path': '', 'cell_feature_subset_path': '', 'drug_feature_subset_path': '', 'es': True, 'cp': False, 'tb': False, 'tb_prefix': 'tb', 'partition_by': None, 'cache': None, 'export_csv': None, 'export_data': None, 'use_exported_data': '/dev/shm/Uno/x1921c3s7b0n0.305.merged.landmark.h5', 'growth_bins': 0, 'initial_weights': None, 'save_weights': '/dev/shm/Uno/save/8996461.amn-0001/305/2.1.model.h5', 'config_file': '/home/brettin/CSC249ADOA01_CNDA/brettin/Benchmarks/Pilot1/Uno/uno_auc_model.txt', 'data_type': <class 'numpy.float32'>, 'data_dir': '/dev/shm/Uno/uno/Data', 'output_dir': '/dev/shm/Uno/uno/Output/8996461.amn-0001/305'}
2024-05-09 11:42:31 Feature encoding submodel for cell.rnaseq:
2024-05-09 11:42:31 Model: "cell.rnaseq"
2024-05-09 11:42:31 _________________________________________________________________
2024-05-09 11:42:31  Layer (type)                Output Shape              Param #   
2024-05-09 11:42:31 =================================================================
2024-05-09 11:42:31  input_1 (InputLayer)        [(None, 958)]             0         
2024-05-09 11:42:31                                                                  
2024-05-09 11:42:31  dense (Dense)               (None, 1000)              959000    
2024-05-09 11:42:31                                                                  
2024-05-09 11:42:31  permanent_dropout (Permane  (None, 1000)              0         
2024-05-09 11:42:31  ntDropout)                                                      
2024-05-09 11:42:31                                                                  
2024-05-09 11:42:31  dense_1 (Dense)             (None, 1000)              1001000   
2024-05-09 11:42:31                                                                  
2024-05-09 11:42:31  permanent_dropout_1 (Perma  (None, 1000)              0         
2024-05-09 11:42:31  nentDropout)                                                    
2024-05-09 11:42:31                                                                  
2024-05-09 11:42:31  dense_2 (Dense)             (None, 1000)              1001000   
2024-05-09 11:42:31                                                                  
2024-05-09 11:42:31  permanent_dropout_2 (Perma  (None, 1000)              0         
2024-05-09 11:42:31  nentDropout)                                                    
2024-05-09 11:42:31                                                                  
2024-05-09 11:42:31 =================================================================
2024-05-09 11:42:31 Total params: 2961000 (11.30 MB)
2024-05-09 11:42:31 Trainable params: 2961000 (11.30 MB)
2024-05-09 11:42:31 Non-trainable params: 0 (0.00 Byte)
2024-05-09 11:42:31 _________________________________________________________________
2024-05-09 11:42:31 Feature encoding submodel for drug.descriptors:
2024-05-09 11:42:31 Model: "drug.descriptors"
2024-05-09 11:42:31 _________________________________________________________________
2024-05-09 11:42:31  Layer (type)                Output Shape              Param #   
2024-05-09 11:42:31 =================================================================
2024-05-09 11:42:31  input_2 (InputLayer)        [(None, 1613)]            0         
2024-05-09 11:42:31                                                                  
2024-05-09 11:42:31  dense_3 (Dense)             (None, 1000)              1614000   
2024-05-09 11:42:31                                                                  
2024-05-09 11:42:31  permanent_dropout_3 (Perma  (None, 1000)              0         
2024-05-09 11:42:31  nentDropout)                                                    
2024-05-09 11:42:31                                                                  
2024-05-09 11:42:31  dense_4 (Dense)             (None, 1000)              1001000   
2024-05-09 11:42:31                                                                  
2024-05-09 11:42:31  permanent_dropout_4 (Perma  (None, 1000)              0         
2024-05-09 11:42:31  nentDropout)                                                    
2024-05-09 11:42:31                                                                  
2024-05-09 11:42:31  dense_5 (Dense)             (None, 1000)              1001000   
2024-05-09 11:42:31                                                                  
2024-05-09 11:42:31  permanent_dropout_5 (Perma  (None, 1000)              0         
2024-05-09 11:42:31  nentDropout)                                                    
2024-05-09 11:42:31                                                                  
2024-05-09 11:42:31 =================================================================
2024-05-09 11:42:31 Total params: 3616000 (13.79 MB)
2024-05-09 11:42:31 Trainable params: 3616000 (13.79 MB)
2024-05-09 11:42:31 Non-trainable params: 0 (0.00 Byte)
2024-05-09 11:42:31 _________________________________________________________________
2024-05-09 11:42:31 Combined model:
2024-05-09 11:42:31 Model: "model"
2024-05-09 11:42:31 __________________________________________________________________________________________________
2024-05-09 11:42:31  Layer (type)                Output Shape                 Param #   Connected to                  
2024-05-09 11:42:31 ==================================================================================================
2024-05-09 11:42:31  input.cell.rnaseq (InputLa  [(None, 958)]                0         []                            
2024-05-09 11:42:31  yer)                                                                                             
2024-05-09 11:42:31                                                                                                   
2024-05-09 11:42:31  input.drug1.descriptors (I  [(None, 1613)]               0         []                            
2024-05-09 11:42:31  nputLayer)                                                                                       
2024-05-09 11:42:31                                                                                                   
2024-05-09 11:42:31  cell.rnaseq (Functional)    (None, 1000)                 2961000   ['input.cell.rnaseq[0][0]']   
2024-05-09 11:42:31                                                                                                   
2024-05-09 11:42:31  drug.descriptors (Function  (None, 1000)                 3616000   ['input.drug1.descriptors[0][0
2024-05-09 11:42:31  al)                                                                ]']                           
2024-05-09 11:42:31                                                                                                   
2024-05-09 11:42:31  concatenate (Concatenate)   (None, 2000)                 0         ['cell.rnaseq[0][0]',         
2024-05-09 11:42:31                                                                      'drug.descriptors[0][0]']    
2024-05-09 11:42:31                                                                                                   
2024-05-09 11:42:31  dense_6 (Dense)             (None, 1000)                 2001000   ['concatenate[0][0]']         
2024-05-09 11:42:31                                                                                                   
2024-05-09 11:42:31  permanent_dropout_6 (Perma  (None, 1000)                 0         ['dense_6[0][0]']             
2024-05-09 11:42:31  nentDropout)                                                                                     
2024-05-09 11:42:31                                                                                                   
2024-05-09 11:42:31  dense_7 (Dense)             (None, 1000)                 1001000   ['permanent_dropout_6[0][0]'] 
2024-05-09 11:42:31                                                                                                   
2024-05-09 11:42:31  permanent_dropout_7 (Perma  (None, 1000)                 0         ['dense_7[0][0]']             
2024-05-09 11:42:31  nentDropout)                                                                                     
2024-05-09 11:42:31                                                                                                   
2024-05-09 11:42:31  dense_8 (Dense)             (None, 1000)                 1001000   ['permanent_dropout_7[0][0]'] 
2024-05-09 11:42:31                                                                                                   
2024-05-09 11:42:31  permanent_dropout_8 (Perma  (None, 1000)                 0         ['dense_8[0][0]']             
2024-05-09 11:42:31  nentDropout)                                                                                     
2024-05-09 11:42:31                                                                                                   
2024-05-09 11:42:31  dense_9 (Dense)             (None, 1000)                 1001000   ['permanent_dropout_8[0][0]'] 
2024-05-09 11:42:31                                                                                                   
2024-05-09 11:42:31  permanent_dropout_9 (Perma  (None, 1000)                 0         ['dense_9[0][0]']             
2024-05-09 11:42:31  nentDropout)                                                                                     
2024-05-09 11:42:31                                                                                                   
2024-05-09 11:42:31  dense_10 (Dense)            (None, 1000)                 1001000   ['permanent_dropout_9[0][0]'] 
2024-05-09 11:42:31                                                                                                   
2024-05-09 11:42:31  permanent_dropout_10 (Perm  (None, 1000)                 0         ['dense_10[0][0]']            
2024-05-09 11:42:31  anentDropout)                                                                                    
2024-05-09 11:42:31                                                                                                   
2024-05-09 11:42:31  dense_11 (Dense)            (None, 1)                    1001      ['permanent_dropout_10[0][0]']
2024-05-09 11:42:31                                                                                                   
2024-05-09 11:42:31 ==================================================================================================
2024-05-09 11:42:31 Total params: 12583001 (48.00 MB)
2024-05-09 11:42:31 Trainable params: 12583001 (48.00 MB)
2024-05-09 11:42:31 Non-trainable params: 0 (0.00 Byte)
2024-05-09 11:42:31 __________________________________________________________________________________________________
2024-05-09 11:42:31 CKPT CONSTRUCT...
2024-05-09 11:42:31 CKPT CONSTRUCT OK.
2024-05-09 11:42:31 template model: <keras.src.engine.functional.Functional object at 0x14ad11a1bee0>
2024-05-09 11:42:33 COMPILE
2024-05-09 11:42:33 Will save weights to: /dev/shm/Uno/save/8996461.amn-0001/305/2.1.model.h5
2024-05-09 11:42:50 Between random pairs in y_val:
2024-05-09 11:42:50   mse: 0.04774728
2024-05-09 11:42:50   mae: 0.16011299
2024-05-09 11:42:50   r2: -0.99661602
2024-05-09 11:42:50   corr: 0.00169199
2024-05-09 11:42:50 Data points per epoch: train = 470167, val = 117542, test = 577
2024-05-09 11:42:50 Steps per epoch: train = 14692, val = 3673, test = 18
2024-05-09 11:42:50 Epoch 0: lr=0.001
2024-05-09 11:44:05 [Epoch: 0] loss: 0.024852, mae: 0.079377, r2: -0.138835, val_loss: 0.009132, val_mae: 0.066975, val_r2: 0.558436
2024-05-09 11:44:05 Epoch 1: lr=0.00082
2024-05-09 11:45:19 [Epoch: 1] loss: 0.008004, mae: 0.063971, r2: 0.619824, val_loss: 0.007717, val_mae: 0.061689, val_r2: 0.634133
2024-05-09 11:45:19 Epoch 2: lr=0.00064
2024-05-09 11:46:32 [Epoch: 2] loss: 0.007332, mae: 0.060988, r2: 0.650989, val_loss: 0.007563, val_mae: 0.060932, val_r2: 0.639139
2024-05-09 11:46:32 Epoch 3: lr=0.00046
2024-05-09 11:47:45 [Epoch: 3] loss: 0.006862, mae: 0.058797, r2: 0.672163, val_loss: 0.006846, val_mae: 0.058187, val_r2: 0.674993
2024-05-09 11:47:45 Epoch 4: lr=0.00028
2024-05-09 11:48:59 [Epoch: 4] loss: 0.006442, mae: 0.056860, r2: 0.691744, val_loss: 0.006597, val_mae: 0.057013, val_r2: 0.684719
2024-05-09 11:48:59 Epoch 5: lr=0.0001
2024-05-09 11:50:12 [Epoch: 5] loss: 0.006105, mae: 0.055281, r2: 0.707040, val_loss: 0.006409, val_mae: 0.056178, val_r2: 0.693406
2024-05-09 11:50:12 Epoch 6: lr=0.0001
2024-05-09 11:51:25 [Epoch: 6] loss: 0.006000, mae: 0.054843, r2: 0.712070, val_loss: 0.006394, val_mae: 0.056303, val_r2: 0.693169
2024-05-09 11:51:26 Epoch 7: lr=0.0001
2024-05-09 11:52:39 [Epoch: 7] loss: 0.005920, mae: 0.054458, r2: 0.715723, val_loss: 0.006326, val_mae: 0.056036, val_r2: 0.697394
2024-05-09 11:52:39 Epoch 8: lr=0.0001
2024-05-09 11:53:52 [Epoch: 8] loss: 0.005849, mae: 0.054148, r2: 0.718842, val_loss: 0.006390, val_mae: 0.055488, val_r2: 0.693786
2024-05-09 11:53:52 Epoch 9: lr=0.0001
2024-05-09 11:55:06 [Epoch: 9] loss: 0.005793, mae: 0.053885, r2: 0.721725, val_loss: 0.006311, val_mae: 0.055843, val_r2: 0.697085
2024-05-09 11:55:06 Epoch 10: lr=0.0001
2024-05-09 11:56:19 [Epoch: 10] loss: 0.005721, mae: 0.053551, r2: 0.724929, val_loss: 0.006276, val_mae: 0.055828, val_r2: 0.699187
2024-05-09 11:56:19 Epoch 11: lr=0.0001
2024-05-09 11:57:32 [Epoch: 11] loss: 0.005667, mae: 0.053277, r2: 0.727330, val_loss: 0.006236, val_mae: 0.055280, val_r2: 0.702011
2024-05-09 11:57:32 Epoch 12: lr=0.0001
2024-05-09 11:58:46 [Epoch: 12] loss: 0.005609, mae: 0.053059, r2: 0.730240, val_loss: 0.006228, val_mae: 0.055147, val_r2: 0.701466
2024-05-09 11:58:46 Epoch 13: lr=0.0001
2024-05-09 12:00:00 [Epoch: 13] loss: 0.005562, mae: 0.052840, r2: 0.732536, val_loss: 0.006276, val_mae: 0.055045, val_r2: 0.700514
2024-05-09 12:00:00 Epoch 14: lr=0.0001
2024-05-09 12:01:13 [Epoch: 14] loss: 0.005505, mae: 0.052549, r2: 0.735094, val_loss: 0.006206, val_mae: 0.055248, val_r2: 0.702184
2024-05-09 12:01:13 Epoch 15: lr=0.0001
2024-05-09 12:02:27 [Epoch: 15] loss: 0.005449, mae: 0.052324, r2: 0.737817, val_loss: 0.006172, val_mae: 0.054920, val_r2: 0.704309
2024-05-09 12:02:27 Epoch 16: lr=0.0001
2024-05-09 12:03:40 [Epoch: 16] loss: 0.005399, mae: 0.052078, r2: 0.739993, val_loss: 0.006172, val_mae: 0.055053, val_r2: 0.703631
2024-05-09 12:03:40 Epoch 17: lr=0.0001
2024-05-09 12:04:54 [Epoch: 17] loss: 0.005346, mae: 0.051864, r2: 0.742440, val_loss: 0.006146, val_mae: 0.054663, val_r2: 0.705369
2024-05-09 12:04:54 Epoch 18: lr=0.0001
2024-05-09 12:06:07 [Epoch: 18] loss: 0.005291, mae: 0.051603, r2: 0.744949, val_loss: 0.006142, val_mae: 0.054541, val_r2: 0.705753
2024-05-09 12:06:07 Epoch 19: lr=0.0001
2024-05-09 12:07:20 [Epoch: 19] loss: 0.005251, mae: 0.051424, r2: 0.746724, val_loss: 0.006117, val_mae: 0.054566, val_r2: 0.706753
2024-05-09 12:07:21 Epoch 20: lr=0.0001
2024-05-09 12:08:34 [Epoch: 20] loss: 0.005210, mae: 0.051226, r2: 0.748795, val_loss: 0.006124, val_mae: 0.054373, val_r2: 0.705104
2024-05-09 12:08:34 Epoch 21: lr=5e-05
2024-05-09 12:09:47 [Epoch: 21] loss: 0.005087, mae: 0.050605, r2: 0.754547, val_loss: 0.006089, val_mae: 0.054501, val_r2: 0.707271
2024-05-09 12:09:47 Epoch 22: lr=5e-05
2024-05-09 12:11:01 [Epoch: 22] loss: 0.005059, mae: 0.050484, r2: 0.755826, val_loss: 0.006080, val_mae: 0.054923, val_r2: 0.708473
2024-05-09 12:11:01 Epoch 23: lr=5e-05
2024-05-09 12:12:14 [Epoch: 23] loss: 0.005026, mae: 0.050332, r2: 0.757338, val_loss: 0.006099, val_mae: 0.054289, val_r2: 0.707035
2024-05-09 12:12:14 Epoch 24: lr=5e-05
2024-05-09 12:13:27 [Epoch: 24] loss: 0.005003, mae: 0.050186, r2: 0.758622, val_loss: 0.006097, val_mae: 0.054300, val_r2: 0.707013
2024-05-09 12:13:27 Epoch 25: lr=5e-05
2024-05-09 12:14:41 [Epoch: 25] loss: 0.004982, mae: 0.050112, r2: 0.759474, val_loss: 0.006065, val_mae: 0.054222, val_r2: 0.708534
2024-05-09 12:14:41 Epoch 26: lr=5e-05
2024-05-09 12:15:54 [Epoch: 26] loss: 0.004956, mae: 0.049956, r2: 0.760836, val_loss: 0.006102, val_mae: 0.054469, val_r2: 0.706833
2024-05-09 12:15:54 Epoch 27: lr=5e-05
2024-05-09 12:17:08 [Epoch: 27] loss: 0.004936, mae: 0.049883, r2: 0.761506, val_loss: 0.006111, val_mae: 0.054025, val_r2: 0.707553
2024-05-09 12:17:08 Epoch 28: lr=5e-05
2024-05-09 12:18:21 [Epoch: 28] loss: 0.004909, mae: 0.049715, r2: 0.762906, val_loss: 0.006109, val_mae: 0.054273, val_r2: 0.707080
2024-05-09 12:18:21 Epoch 29: lr=5e-05
2024-05-09 12:19:34 [Epoch: 29] loss: 0.004891, mae: 0.049630, r2: 0.763726, val_loss: 0.006079, val_mae: 0.054444, val_r2: 0.708088
2024-05-09 12:19:35 history_length: 30
2024-05-09 12:19:35 stopping: complete
2024-05-09 12:19:35 Comparing y_true and y_pred:
2024-05-09 12:19:35   mse: 0.00327275
2024-05-09 12:19:35   mae: 0.04481304
2024-05-09 12:19:35   r2: 0.49829782
2024-05-09 12:19:35   corr: 0.70701830
