2024-05-22 13:29:36 UNO RUN ...
2024-05-22 13:29:36 Params: {'model_name': 'uno', 'train_sources': ['CCLE'], 'test_sources': ['train'], 'cell_types': None, 'cell_features': ['rnaseq'], 'drug_features': ['descriptors'], 'dense': [1000, 1000, 1000, 1000, 1000], 'dense_feature_layers': [1000, 1000, 1000], 'activation': 'relu', 'loss': 'mse', 'optimizer': 'adamax', 'scaling': 'std', 'dropout': 0.1, 'epochs': 50, 'batch_size': 32, 'val_split': 0.2, 'cv': 1, 'max_val_loss': 1.0, 'learning_rate': 0.0001, 'base_lr': None, 'agg_dose': 'AUC', 'residual': False, 'reduce_lr': True, 'warmup_lr': True, 'batch_normalization': False, 'feature_subsample': 0, 'rng_seed': 2018, 'no_gen': False, 'verbose': False, 'preprocess_rnaseq': 'source_scale', 'gpus': [0], 'use_landmark_genes': True, 'no_feature_source': True, 'no_response_source': True, 'save_path': '/dev/shm/Uno/save/9000732.amn-0001/63', 'single': True, 'on_memory_loader': True, 'ckpt_checksum': True, 'ckpt_save_interval': 0, 'timeout': -1, 'train_bool': True, 'profiling': False, 'experiment_id': '9000732.amn-0001', 'run_id': '63', 'logfile': '/dev/shm/Uno/save/9000732.amn-0001/63/python.log', 'shuffle': False, 'ckpt_restart_mode': 'off', 'ckpt_skip_epochs': 0, 'ckpt_directory': '/dev/shm/Uno/save/9000732.amn-0001/63', 'ckpt_save_best': True, 'ckpt_save_best_metric': 'val_loss', 'ckpt_save_weights_only': False, 'ckpt_keep_mode': 'linear', 'ckpt_keep_limit': 5, 'by_cell': None, 'by_drug': None, 'cell_subset_path': '', 'drug_subset_path': '', 'drug_median_response_min': -1, 'drug_median_response_max': 1, 'dense_cell_feature_layers': None, 'dense_drug_feature_layers': None, 'use_filtered_genes': False, 'feature_subset_path': '', 'cell_feature_subset_path': '', 'drug_feature_subset_path': '', 'es': True, 'cp': False, 'tb': False, 'tb_prefix': 'tb', 'partition_by': None, 'cache': None, 'export_csv': None, 'export_data': None, 'use_exported_data': '/dev/shm/Uno/x1921c3s3b0n0.63.merged.landmark.h5', 'growth_bins': 0, 'initial_weights': None, 'save_weights': '/dev/shm/Uno/save/9000732.amn-0001/63/1.1.model.h5', 'config_file': '/home/brettin/CSC249ADOA01_CNDA/brettin/Benchmarks/Pilot1/Uno/uno_auc_model.txt', 'data_type': <class 'numpy.float32'>, 'data_dir': '/dev/shm/Uno/uno/Data', 'output_dir': '/dev/shm/Uno/uno/Output/9000732.amn-0001/63'}
2024-05-22 13:29:36 Feature encoding submodel for cell.rnaseq:
2024-05-22 13:29:36 Model: "cell.rnaseq"
2024-05-22 13:29:36 _________________________________________________________________
2024-05-22 13:29:36  Layer (type)                Output Shape              Param #   
2024-05-22 13:29:36 =================================================================
2024-05-22 13:29:36  input_1 (InputLayer)        [(None, 958)]             0         
2024-05-22 13:29:36                                                                  
2024-05-22 13:29:36  dense (Dense)               (None, 1000)              959000    
2024-05-22 13:29:36                                                                  
2024-05-22 13:29:36  permanent_dropout (Permane  (None, 1000)              0         
2024-05-22 13:29:36  ntDropout)                                                      
2024-05-22 13:29:36                                                                  
2024-05-22 13:29:36  dense_1 (Dense)             (None, 1000)              1001000   
2024-05-22 13:29:36                                                                  
2024-05-22 13:29:36  permanent_dropout_1 (Perma  (None, 1000)              0         
2024-05-22 13:29:36  nentDropout)                                                    
2024-05-22 13:29:36                                                                  
2024-05-22 13:29:36  dense_2 (Dense)             (None, 1000)              1001000   
2024-05-22 13:29:36                                                                  
2024-05-22 13:29:36  permanent_dropout_2 (Perma  (None, 1000)              0         
2024-05-22 13:29:36  nentDropout)                                                    
2024-05-22 13:29:36                                                                  
2024-05-22 13:29:36 =================================================================
2024-05-22 13:29:36 Total params: 2961000 (11.30 MB)
2024-05-22 13:29:36 Trainable params: 2961000 (11.30 MB)
2024-05-22 13:29:36 Non-trainable params: 0 (0.00 Byte)
2024-05-22 13:29:36 _________________________________________________________________
2024-05-22 13:29:36 Feature encoding submodel for drug.descriptors:
2024-05-22 13:29:36 Model: "drug.descriptors"
2024-05-22 13:29:36 _________________________________________________________________
2024-05-22 13:29:36  Layer (type)                Output Shape              Param #   
2024-05-22 13:29:36 =================================================================
2024-05-22 13:29:36  input_2 (InputLayer)        [(None, 1613)]            0         
2024-05-22 13:29:36                                                                  
2024-05-22 13:29:36  dense_3 (Dense)             (None, 1000)              1614000   
2024-05-22 13:29:36                                                                  
2024-05-22 13:29:36  permanent_dropout_3 (Perma  (None, 1000)              0         
2024-05-22 13:29:36  nentDropout)                                                    
2024-05-22 13:29:36                                                                  
2024-05-22 13:29:36  dense_4 (Dense)             (None, 1000)              1001000   
2024-05-22 13:29:36                                                                  
2024-05-22 13:29:36  permanent_dropout_4 (Perma  (None, 1000)              0         
2024-05-22 13:29:36  nentDropout)                                                    
2024-05-22 13:29:36                                                                  
2024-05-22 13:29:36  dense_5 (Dense)             (None, 1000)              1001000   
2024-05-22 13:29:36                                                                  
2024-05-22 13:29:36  permanent_dropout_5 (Perma  (None, 1000)              0         
2024-05-22 13:29:36  nentDropout)                                                    
2024-05-22 13:29:36                                                                  
2024-05-22 13:29:36 =================================================================
2024-05-22 13:29:36 Total params: 3616000 (13.79 MB)
2024-05-22 13:29:36 Trainable params: 3616000 (13.79 MB)
2024-05-22 13:29:36 Non-trainable params: 0 (0.00 Byte)
2024-05-22 13:29:36 _________________________________________________________________
2024-05-22 13:29:36 Combined model:
2024-05-22 13:29:36 Model: "model"
2024-05-22 13:29:36 __________________________________________________________________________________________________
2024-05-22 13:29:36  Layer (type)                Output Shape                 Param #   Connected to                  
2024-05-22 13:29:36 ==================================================================================================
2024-05-22 13:29:36  input.cell.rnaseq (InputLa  [(None, 958)]                0         []                            
2024-05-22 13:29:36  yer)                                                                                             
2024-05-22 13:29:36                                                                                                   
2024-05-22 13:29:36  input.drug1.descriptors (I  [(None, 1613)]               0         []                            
2024-05-22 13:29:36  nputLayer)                                                                                       
2024-05-22 13:29:36                                                                                                   
2024-05-22 13:29:36  cell.rnaseq (Functional)    (None, 1000)                 2961000   ['input.cell.rnaseq[0][0]']   
2024-05-22 13:29:36                                                                                                   
2024-05-22 13:29:36  drug.descriptors (Function  (None, 1000)                 3616000   ['input.drug1.descriptors[0][0
2024-05-22 13:29:36  al)                                                                ]']                           
2024-05-22 13:29:36                                                                                                   
2024-05-22 13:29:36  concatenate (Concatenate)   (None, 2000)                 0         ['cell.rnaseq[0][0]',         
2024-05-22 13:29:36                                                                      'drug.descriptors[0][0]']    
2024-05-22 13:29:36                                                                                                   
2024-05-22 13:29:36  dense_6 (Dense)             (None, 1000)                 2001000   ['concatenate[0][0]']         
2024-05-22 13:29:36                                                                                                   
2024-05-22 13:29:36  permanent_dropout_6 (Perma  (None, 1000)                 0         ['dense_6[0][0]']             
2024-05-22 13:29:36  nentDropout)                                                                                     
2024-05-22 13:29:36                                                                                                   
2024-05-22 13:29:36  dense_7 (Dense)             (None, 1000)                 1001000   ['permanent_dropout_6[0][0]'] 
2024-05-22 13:29:36                                                                                                   
2024-05-22 13:29:36  permanent_dropout_7 (Perma  (None, 1000)                 0         ['dense_7[0][0]']             
2024-05-22 13:29:36  nentDropout)                                                                                     
2024-05-22 13:29:36                                                                                                   
2024-05-22 13:29:36  dense_8 (Dense)             (None, 1000)                 1001000   ['permanent_dropout_7[0][0]'] 
2024-05-22 13:29:36                                                                                                   
2024-05-22 13:29:36  permanent_dropout_8 (Perma  (None, 1000)                 0         ['dense_8[0][0]']             
2024-05-22 13:29:36  nentDropout)                                                                                     
2024-05-22 13:29:36                                                                                                   
2024-05-22 13:29:36  dense_9 (Dense)             (None, 1000)                 1001000   ['permanent_dropout_8[0][0]'] 
2024-05-22 13:29:36                                                                                                   
2024-05-22 13:29:36  permanent_dropout_9 (Perma  (None, 1000)                 0         ['dense_9[0][0]']             
2024-05-22 13:29:36  nentDropout)                                                                                     
2024-05-22 13:29:36                                                                                                   
2024-05-22 13:29:36  dense_10 (Dense)            (None, 1000)                 1001000   ['permanent_dropout_9[0][0]'] 
2024-05-22 13:29:36                                                                                                   
2024-05-22 13:29:36  permanent_dropout_10 (Perm  (None, 1000)                 0         ['dense_10[0][0]']            
2024-05-22 13:29:36  anentDropout)                                                                                    
2024-05-22 13:29:36                                                                                                   
2024-05-22 13:29:36  dense_11 (Dense)            (None, 1)                    1001      ['permanent_dropout_10[0][0]']
2024-05-22 13:29:36                                                                                                   
2024-05-22 13:29:36 ==================================================================================================
2024-05-22 13:29:36 Total params: 12583001 (48.00 MB)
2024-05-22 13:29:36 Trainable params: 12583001 (48.00 MB)
2024-05-22 13:29:36 Non-trainable params: 0 (0.00 Byte)
2024-05-22 13:29:36 __________________________________________________________________________________________________
2024-05-22 13:29:37 CKPT CONSTRUCT...
2024-05-22 13:29:37 CKPT CONSTRUCT OK.
2024-05-22 13:29:37 template model: <keras.src.engine.functional.Functional object at 0x148d4b593c10>
2024-05-22 13:29:38 COMPILE
2024-05-22 13:29:38 Will save weights to: /dev/shm/Uno/save/9000732.amn-0001/63/1.1.model.h5
2024-05-22 13:29:55 Between random pairs in y_val:
2024-05-22 13:29:55   mse: 0.04785021
2024-05-22 13:29:55   mae: 0.16027765
2024-05-22 13:29:55   r2: -1.00194961
2024-05-22 13:29:55   corr: -0.00097480
2024-05-22 13:29:55 Data points per epoch: train = 469164, val = 117292, test = 1253
2024-05-22 13:29:55 Steps per epoch: train = 14661, val = 3665, test = 39
2024-05-22 13:29:55 Epoch 0: lr=0.001
2024-05-22 13:31:07 [Epoch: 0] loss: 0.033191, mae: 0.079839, r2: -0.826558, val_loss: 0.008659, val_mae: 0.068946, val_r2: 0.590578
2024-05-22 13:31:08 Epoch 1: lr=0.00082
2024-05-22 13:32:19 [Epoch: 1] loss: 0.008005, mae: 0.063977, r2: 0.620799, val_loss: 0.007645, val_mae: 0.061297, val_r2: 0.641435
2024-05-22 13:32:19 Epoch 2: lr=0.00064
2024-05-22 13:33:30 [Epoch: 2] loss: 0.007320, mae: 0.060861, r2: 0.651985, val_loss: 0.007189, val_mae: 0.059444, val_r2: 0.660634
2024-05-22 13:33:30 Epoch 3: lr=0.00046
2024-05-22 13:34:42 [Epoch: 3] loss: 0.006847, mae: 0.058686, r2: 0.673916, val_loss: 0.006853, val_mae: 0.059279, val_r2: 0.678464
2024-05-22 13:34:42 Epoch 4: lr=0.00028
2024-05-22 13:35:53 [Epoch: 4] loss: 0.006444, mae: 0.056873, r2: 0.692097, val_loss: 0.006611, val_mae: 0.056968, val_r2: 0.687915
2024-05-22 13:35:53 Epoch 5: lr=0.0001
2024-05-22 13:37:04 [Epoch: 5] loss: 0.006110, mae: 0.055274, r2: 0.707463, val_loss: 0.006431, val_mae: 0.056113, val_r2: 0.696952
2024-05-22 13:37:04 Epoch 6: lr=0.0001
2024-05-22 13:38:15 [Epoch: 6] loss: 0.006009, mae: 0.054810, r2: 0.712006, val_loss: 0.006362, val_mae: 0.056482, val_r2: 0.698718
2024-05-22 13:38:15 Epoch 7: lr=0.0001
2024-05-22 13:39:26 [Epoch: 7] loss: 0.005927, mae: 0.054450, r2: 0.716129, val_loss: 0.006334, val_mae: 0.055609, val_r2: 0.699993
2024-05-22 13:39:26 Epoch 8: lr=0.0001
2024-05-22 13:40:37 [Epoch: 8] loss: 0.005865, mae: 0.054188, r2: 0.718920, val_loss: 0.006282, val_mae: 0.055718, val_r2: 0.702387
2024-05-22 13:40:37 Epoch 9: lr=0.0001
2024-05-22 13:41:49 [Epoch: 9] loss: 0.005786, mae: 0.053827, r2: 0.722522, val_loss: 0.006248, val_mae: 0.055790, val_r2: 0.704541
2024-05-22 13:41:49 Epoch 10: lr=0.0001
2024-05-22 13:43:00 [Epoch: 10] loss: 0.005718, mae: 0.053524, r2: 0.725647, val_loss: 0.006242, val_mae: 0.055245, val_r2: 0.704839
2024-05-22 13:43:00 Epoch 11: lr=0.0001
2024-05-22 13:44:11 [Epoch: 11] loss: 0.005671, mae: 0.053282, r2: 0.727903, val_loss: 0.006197, val_mae: 0.055486, val_r2: 0.705071
2024-05-22 13:44:11 Epoch 12: lr=0.0001
2024-05-22 13:45:23 [Epoch: 12] loss: 0.005600, mae: 0.052983, r2: 0.731390, val_loss: 0.006200, val_mae: 0.055996, val_r2: 0.706238
2024-05-22 13:45:23 Epoch 13: lr=0.0001
2024-05-22 13:46:34 [Epoch: 13] loss: 0.005550, mae: 0.052782, r2: 0.733730, val_loss: 0.006180, val_mae: 0.054898, val_r2: 0.707737
2024-05-22 13:46:34 Epoch 14: lr=0.0001
2024-05-22 13:47:46 [Epoch: 14] loss: 0.005482, mae: 0.052435, r2: 0.736889, val_loss: 0.006142, val_mae: 0.055064, val_r2: 0.708373
2024-05-22 13:47:46 Epoch 15: lr=0.0001
2024-05-22 13:48:57 [Epoch: 15] loss: 0.005429, mae: 0.052222, r2: 0.739087, val_loss: 0.006139, val_mae: 0.054579, val_r2: 0.709598
2024-05-22 13:48:57 Epoch 16: lr=0.0001
2024-05-22 13:50:08 [Epoch: 16] loss: 0.005386, mae: 0.052018, r2: 0.741373, val_loss: 0.006135, val_mae: 0.055125, val_r2: 0.709245
2024-05-22 13:50:08 Epoch 17: lr=0.0001
2024-05-22 13:51:20 [Epoch: 17] loss: 0.005336, mae: 0.051783, r2: 0.743510, val_loss: 0.006112, val_mae: 0.054589, val_r2: 0.711027
2024-05-22 13:51:20 Epoch 18: lr=0.0001
2024-05-22 13:52:31 [Epoch: 18] loss: 0.005290, mae: 0.051541, r2: 0.745714, val_loss: 0.006135, val_mae: 0.055170, val_r2: 0.707400
2024-05-22 13:52:31 Epoch 19: lr=5e-05
2024-05-22 13:53:42 [Epoch: 19] loss: 0.005163, mae: 0.050950, r2: 0.751786, val_loss: 0.006099, val_mae: 0.054344, val_r2: 0.710563
2024-05-22 13:53:42 Epoch 20: lr=5e-05
2024-05-22 13:54:53 [Epoch: 20] loss: 0.005136, mae: 0.050819, r2: 0.752885, val_loss: 0.006078, val_mae: 0.054658, val_r2: 0.710921
2024-05-22 13:54:54 Epoch 21: lr=5e-05
2024-05-22 13:56:05 [Epoch: 21] loss: 0.005105, mae: 0.050687, r2: 0.754280, val_loss: 0.006094, val_mae: 0.054706, val_r2: 0.710466
2024-05-22 13:56:05 Epoch 22: lr=5e-05
2024-05-22 13:57:17 [Epoch: 22] loss: 0.005067, mae: 0.050504, r2: 0.756168, val_loss: 0.006078, val_mae: 0.054381, val_r2: 0.711492
2024-05-22 13:57:17 Epoch 23: lr=5e-05
2024-05-22 13:58:28 [Epoch: 23] loss: 0.005050, mae: 0.050379, r2: 0.756843, val_loss: 0.006065, val_mae: 0.054396, val_r2: 0.711536
2024-05-22 13:58:28 Epoch 24: lr=5e-05
2024-05-22 13:59:39 [Epoch: 24] loss: 0.005016, mae: 0.050238, r2: 0.758500, val_loss: 0.006101, val_mae: 0.054154, val_r2: 0.710511
2024-05-22 13:59:39 Epoch 25: lr=5e-05
2024-05-22 14:00:50 [Epoch: 25] loss: 0.004986, mae: 0.050104, r2: 0.759959, val_loss: 0.006099, val_mae: 0.054452, val_r2: 0.710659
2024-05-22 14:00:50 Epoch 26: lr=2.5e-05
2024-05-22 14:02:02 [Epoch: 26] loss: 0.004940, mae: 0.049854, r2: 0.761984, val_loss: 0.006078, val_mae: 0.054309, val_r2: 0.711806
2024-05-22 14:02:02 Epoch 27: lr=2.5e-05
2024-05-22 14:03:14 [Epoch: 27] loss: 0.004915, mae: 0.049775, r2: 0.763169, val_loss: 0.006091, val_mae: 0.054573, val_r2: 0.710486
2024-05-22 14:03:14 Epoch 28: lr=2.5e-05
2024-05-22 14:04:25 [Epoch: 28] loss: 0.004912, mae: 0.049739, r2: 0.763136, val_loss: 0.006091, val_mae: 0.054252, val_r2: 0.711084
2024-05-22 14:04:25 Epoch 29: lr=2.5e-05
2024-05-22 14:05:37 [Epoch: 29] loss: 0.004892, mae: 0.049654, r2: 0.764131, val_loss: 0.006079, val_mae: 0.054277, val_r2: 0.712006
2024-05-22 14:05:37 Epoch 30: lr=2.5e-05
2024-05-22 14:06:48 [Epoch: 30] loss: 0.004887, mae: 0.049608, r2: 0.764647, val_loss: 0.006067, val_mae: 0.054241, val_r2: 0.711471
2024-05-22 14:06:48 Epoch 31: lr=1.25e-05
2024-05-22 14:07:59 [Epoch: 31] loss: 0.004847, mae: 0.049433, r2: 0.766423, val_loss: 0.006065, val_mae: 0.054337, val_r2: 0.711851
2024-05-22 14:07:59 Epoch 32: lr=1.25e-05
2024-05-22 14:09:10 [Epoch: 32] loss: 0.004831, mae: 0.049349, r2: 0.766929, val_loss: 0.006077, val_mae: 0.054318, val_r2: 0.711995
2024-05-22 14:09:10 Epoch 33: lr=1.25e-05
2024-05-22 14:10:22 [Epoch: 33] loss: 0.004840, mae: 0.049402, r2: 0.766806, val_loss: 0.006088, val_mae: 0.054232, val_r2: 0.711255
2024-05-22 14:10:22 history_length: 34
2024-05-22 14:10:22 stopping: early
2024-05-22 14:10:22 Comparing y_true and y_pred:
2024-05-22 14:10:22   mse: 0.01355806
2024-05-22 14:10:22   mae: 0.09046413
2024-05-22 14:10:22   r2: -0.63452996
2024-05-22 14:10:22   corr: 0.20382263
