2024-04-29 10:35:23 UNO RUN ...
2024-04-29 10:35:23 Params: {'model_name': 'uno', 'train_sources': ['CCLE'], 'test_sources': ['train'], 'cell_types': None, 'cell_features': ['rnaseq'], 'drug_features': ['descriptors'], 'dense': [1000, 1000, 1000, 1000, 1000], 'dense_feature_layers': [1000, 1000, 1000], 'activation': 'relu', 'loss': 'mse', 'optimizer': 'adamax', 'scaling': 'std', 'dropout': 0.1, 'epochs': 30, 'batch_size': 32, 'val_split': 0.2, 'cv': 1, 'max_val_loss': 1.0, 'learning_rate': 0.0001, 'base_lr': None, 'agg_dose': 'AUC', 'residual': False, 'reduce_lr': True, 'warmup_lr': True, 'batch_normalization': False, 'feature_subsample': 0, 'rng_seed': 2018, 'no_gen': False, 'verbose': False, 'preprocess_rnaseq': 'source_scale', 'gpus': [0], 'use_landmark_genes': True, 'no_feature_source': True, 'no_response_source': True, 'save_path': '/dev/shm/Uno/save/8994056.amn-0001/235', 'single': True, 'on_memory_loader': True, 'ckpt_checksum': True, 'ckpt_save_interval': 0, 'timeout': -1, 'train_bool': True, 'profiling': False, 'experiment_id': '8994056.amn-0001', 'run_id': '235', 'logfile': '/dev/shm/Uno/save/8994056.amn-0001/235/python.log', 'shuffle': False, 'ckpt_restart_mode': 'off', 'ckpt_skip_epochs': 0, 'ckpt_directory': '/dev/shm/Uno/save/8994056.amn-0001/235', 'ckpt_save_best': True, 'ckpt_save_best_metric': 'val_loss', 'ckpt_save_weights_only': False, 'ckpt_keep_mode': 'linear', 'ckpt_keep_limit': 5, 'by_cell': None, 'by_drug': None, 'cell_subset_path': '', 'drug_subset_path': '', 'drug_median_response_min': -1, 'drug_median_response_max': 1, 'dense_cell_feature_layers': None, 'dense_drug_feature_layers': None, 'use_filtered_genes': False, 'feature_subset_path': '', 'cell_feature_subset_path': '', 'drug_feature_subset_path': '', 'es': True, 'cp': False, 'tb': False, 'tb_prefix': 'tb', 'partition_by': None, 'cache': None, 'export_csv': None, 'export_data': None, 'use_exported_data': '/dev/shm/Uno/x1922c1s3b0n0.235.merged.landmark.h5', 'growth_bins': 0, 'initial_weights': None, 'save_weights': '/dev/shm/Uno/save/8994056.amn-0001/235/3.1.model.h5', 'config_file': '/home/brettin/CSC249ADOA01_CNDA/brettin/Benchmarks/Pilot1/Uno/uno_auc_model.txt', 'data_type': <class 'numpy.float32'>, 'data_dir': '/dev/shm/Uno/uno/Data', 'output_dir': '/dev/shm/Uno/uno/Output/8994056.amn-0001/235'}
2024-04-29 10:35:24 Feature encoding submodel for cell.rnaseq:
2024-04-29 10:35:24 Model: "cell.rnaseq"
2024-04-29 10:35:24 _________________________________________________________________
2024-04-29 10:35:24  Layer (type)                Output Shape              Param #   
2024-04-29 10:35:24 =================================================================
2024-04-29 10:35:24  input_1 (InputLayer)        [(None, 958)]             0         
2024-04-29 10:35:24                                                                  
2024-04-29 10:35:24  dense (Dense)               (None, 1000)              959000    
2024-04-29 10:35:24                                                                  
2024-04-29 10:35:24  permanent_dropout (Permane  (None, 1000)              0         
2024-04-29 10:35:24  ntDropout)                                                      
2024-04-29 10:35:24                                                                  
2024-04-29 10:35:24  dense_1 (Dense)             (None, 1000)              1001000   
2024-04-29 10:35:24                                                                  
2024-04-29 10:35:24  permanent_dropout_1 (Perma  (None, 1000)              0         
2024-04-29 10:35:24  nentDropout)                                                    
2024-04-29 10:35:24                                                                  
2024-04-29 10:35:24  dense_2 (Dense)             (None, 1000)              1001000   
2024-04-29 10:35:24                                                                  
2024-04-29 10:35:24  permanent_dropout_2 (Perma  (None, 1000)              0         
2024-04-29 10:35:24  nentDropout)                                                    
2024-04-29 10:35:24                                                                  
2024-04-29 10:35:24 =================================================================
2024-04-29 10:35:24 Total params: 2961000 (11.30 MB)
2024-04-29 10:35:24 Trainable params: 2961000 (11.30 MB)
2024-04-29 10:35:24 Non-trainable params: 0 (0.00 Byte)
2024-04-29 10:35:24 _________________________________________________________________
2024-04-29 10:35:24 Feature encoding submodel for drug.descriptors:
2024-04-29 10:35:24 Model: "drug.descriptors"
2024-04-29 10:35:24 _________________________________________________________________
2024-04-29 10:35:24  Layer (type)                Output Shape              Param #   
2024-04-29 10:35:24 =================================================================
2024-04-29 10:35:24  input_2 (InputLayer)        [(None, 1613)]            0         
2024-04-29 10:35:24                                                                  
2024-04-29 10:35:24  dense_3 (Dense)             (None, 1000)              1614000   
2024-04-29 10:35:24                                                                  
2024-04-29 10:35:24  permanent_dropout_3 (Perma  (None, 1000)              0         
2024-04-29 10:35:24  nentDropout)                                                    
2024-04-29 10:35:24                                                                  
2024-04-29 10:35:24  dense_4 (Dense)             (None, 1000)              1001000   
2024-04-29 10:35:24                                                                  
2024-04-29 10:35:24  permanent_dropout_4 (Perma  (None, 1000)              0         
2024-04-29 10:35:24  nentDropout)                                                    
2024-04-29 10:35:24                                                                  
2024-04-29 10:35:24  dense_5 (Dense)             (None, 1000)              1001000   
2024-04-29 10:35:24                                                                  
2024-04-29 10:35:24  permanent_dropout_5 (Perma  (None, 1000)              0         
2024-04-29 10:35:24  nentDropout)                                                    
2024-04-29 10:35:24                                                                  
2024-04-29 10:35:24 =================================================================
2024-04-29 10:35:24 Total params: 3616000 (13.79 MB)
2024-04-29 10:35:24 Trainable params: 3616000 (13.79 MB)
2024-04-29 10:35:24 Non-trainable params: 0 (0.00 Byte)
2024-04-29 10:35:24 _________________________________________________________________
2024-04-29 10:35:24 Combined model:
2024-04-29 10:35:24 Model: "model"
2024-04-29 10:35:24 __________________________________________________________________________________________________
2024-04-29 10:35:24  Layer (type)                Output Shape                 Param #   Connected to                  
2024-04-29 10:35:24 ==================================================================================================
2024-04-29 10:35:24  input.cell.rnaseq (InputLa  [(None, 958)]                0         []                            
2024-04-29 10:35:24  yer)                                                                                             
2024-04-29 10:35:24                                                                                                   
2024-04-29 10:35:24  input.drug1.descriptors (I  [(None, 1613)]               0         []                            
2024-04-29 10:35:24  nputLayer)                                                                                       
2024-04-29 10:35:24                                                                                                   
2024-04-29 10:35:24  cell.rnaseq (Functional)    (None, 1000)                 2961000   ['input.cell.rnaseq[0][0]']   
2024-04-29 10:35:24                                                                                                   
2024-04-29 10:35:24  drug.descriptors (Function  (None, 1000)                 3616000   ['input.drug1.descriptors[0][0
2024-04-29 10:35:24  al)                                                                ]']                           
2024-04-29 10:35:24                                                                                                   
2024-04-29 10:35:24  concatenate (Concatenate)   (None, 2000)                 0         ['cell.rnaseq[0][0]',         
2024-04-29 10:35:24                                                                      'drug.descriptors[0][0]']    
2024-04-29 10:35:24                                                                                                   
2024-04-29 10:35:24  dense_6 (Dense)             (None, 1000)                 2001000   ['concatenate[0][0]']         
2024-04-29 10:35:24                                                                                                   
2024-04-29 10:35:24  permanent_dropout_6 (Perma  (None, 1000)                 0         ['dense_6[0][0]']             
2024-04-29 10:35:24  nentDropout)                                                                                     
2024-04-29 10:35:24                                                                                                   
2024-04-29 10:35:24  dense_7 (Dense)             (None, 1000)                 1001000   ['permanent_dropout_6[0][0]'] 
2024-04-29 10:35:24                                                                                                   
2024-04-29 10:35:24  permanent_dropout_7 (Perma  (None, 1000)                 0         ['dense_7[0][0]']             
2024-04-29 10:35:24  nentDropout)                                                                                     
2024-04-29 10:35:24                                                                                                   
2024-04-29 10:35:24  dense_8 (Dense)             (None, 1000)                 1001000   ['permanent_dropout_7[0][0]'] 
2024-04-29 10:35:24                                                                                                   
2024-04-29 10:35:24  permanent_dropout_8 (Perma  (None, 1000)                 0         ['dense_8[0][0]']             
2024-04-29 10:35:24  nentDropout)                                                                                     
2024-04-29 10:35:24                                                                                                   
2024-04-29 10:35:24  dense_9 (Dense)             (None, 1000)                 1001000   ['permanent_dropout_8[0][0]'] 
2024-04-29 10:35:24                                                                                                   
2024-04-29 10:35:24  permanent_dropout_9 (Perma  (None, 1000)                 0         ['dense_9[0][0]']             
2024-04-29 10:35:24  nentDropout)                                                                                     
2024-04-29 10:35:24                                                                                                   
2024-04-29 10:35:24  dense_10 (Dense)            (None, 1000)                 1001000   ['permanent_dropout_9[0][0]'] 
2024-04-29 10:35:24                                                                                                   
2024-04-29 10:35:24  permanent_dropout_10 (Perm  (None, 1000)                 0         ['dense_10[0][0]']            
2024-04-29 10:35:24  anentDropout)                                                                                    
2024-04-29 10:35:24                                                                                                   
2024-04-29 10:35:24  dense_11 (Dense)            (None, 1)                    1001      ['permanent_dropout_10[0][0]']
2024-04-29 10:35:24                                                                                                   
2024-04-29 10:35:24 ==================================================================================================
2024-04-29 10:35:24 Total params: 12583001 (48.00 MB)
2024-04-29 10:35:24 Trainable params: 12583001 (48.00 MB)
2024-04-29 10:35:24 Non-trainable params: 0 (0.00 Byte)
2024-04-29 10:35:24 __________________________________________________________________________________________________
2024-04-29 10:35:24 CKPT CONSTRUCT...
2024-04-29 10:35:24 CKPT CONSTRUCT OK.
2024-04-29 10:35:24 template model: <keras.src.engine.functional.Functional object at 0x14eced0ffa00>
2024-04-29 10:35:26 COMPILE
2024-04-29 10:35:26 Will save weights to: /dev/shm/Uno/save/8994056.amn-0001/235/3.1.model.h5
2024-04-29 10:35:42 Between random pairs in y_val:
2024-04-29 10:35:42   mse: 0.04789160
2024-04-29 10:35:42   mae: 0.16010484
2024-04-29 10:35:42   r2: -0.99818672
2024-04-29 10:35:42   corr: 0.00090664
2024-04-29 10:35:42 Data points per epoch: train = 470167, val = 117542, test = 624
2024-04-29 10:35:42 Steps per epoch: train = 14692, val = 3673, test = 19
2024-04-29 10:35:42 Epoch 0: lr=0.001
2024-04-29 10:36:56 [Epoch: 0] loss: 0.028835, mae: 0.079671, r2: -0.378032, val_loss: 0.008721, val_mae: 0.066063, val_r2: 0.593265
2024-04-29 10:36:56 Epoch 1: lr=0.00082
2024-04-29 10:38:09 [Epoch: 1] loss: 0.008033, mae: 0.064134, r2: 0.617950, val_loss: 0.007760, val_mae: 0.062082, val_r2: 0.636115
2024-04-29 10:38:09 Epoch 2: lr=0.00064
2024-04-29 10:39:21 [Epoch: 2] loss: 0.007337, mae: 0.060918, r2: 0.650754, val_loss: 0.007135, val_mae: 0.059566, val_r2: 0.667179
2024-04-29 10:39:21 Epoch 3: lr=0.00046
2024-04-29 10:40:33 [Epoch: 3] loss: 0.006860, mae: 0.058733, r2: 0.672030, val_loss: 0.006884, val_mae: 0.058090, val_r2: 0.675317
2024-04-29 10:40:33 Epoch 4: lr=0.00028
2024-04-29 10:41:46 [Epoch: 4] loss: 0.006465, mae: 0.056910, r2: 0.690559, val_loss: 0.006759, val_mae: 0.057493, val_r2: 0.682496
2024-04-29 10:41:46 Epoch 5: lr=0.0001
2024-04-29 10:42:59 [Epoch: 5] loss: 0.006132, mae: 0.055361, r2: 0.706115, val_loss: 0.006360, val_mae: 0.056029, val_r2: 0.700340
2024-04-29 10:42:59 Epoch 6: lr=0.0001
2024-04-29 10:44:12 [Epoch: 6] loss: 0.006037, mae: 0.054936, r2: 0.710203, val_loss: 0.006337, val_mae: 0.055712, val_r2: 0.701121
2024-04-29 10:44:12 Epoch 7: lr=0.0001
2024-04-29 10:45:24 [Epoch: 7] loss: 0.005949, mae: 0.054589, r2: 0.714414, val_loss: 0.006317, val_mae: 0.055625, val_r2: 0.701976
2024-04-29 10:45:24 Epoch 8: lr=0.0001
2024-04-29 10:46:36 [Epoch: 8] loss: 0.005877, mae: 0.054228, r2: 0.717497, val_loss: 0.006259, val_mae: 0.055471, val_r2: 0.704116
2024-04-29 10:46:37 Epoch 9: lr=0.0001
2024-04-29 10:47:49 [Epoch: 9] loss: 0.005817, mae: 0.053961, r2: 0.720569, val_loss: 0.006223, val_mae: 0.055672, val_r2: 0.705326
2024-04-29 10:47:49 Epoch 10: lr=0.0001
2024-04-29 10:49:01 [Epoch: 10] loss: 0.005754, mae: 0.053699, r2: 0.723418, val_loss: 0.006178, val_mae: 0.055345, val_r2: 0.707489
2024-04-29 10:49:01 Epoch 11: lr=0.0001
2024-04-29 10:50:14 [Epoch: 11] loss: 0.005698, mae: 0.053395, r2: 0.725993, val_loss: 0.006160, val_mae: 0.055322, val_r2: 0.707522
2024-04-29 10:50:14 Epoch 12: lr=0.0001
2024-04-29 10:51:27 [Epoch: 12] loss: 0.005624, mae: 0.053086, r2: 0.729592, val_loss: 0.006139, val_mae: 0.055529, val_r2: 0.709372
2024-04-29 10:51:27 Epoch 13: lr=0.0001
2024-04-29 10:52:39 [Epoch: 13] loss: 0.005570, mae: 0.052866, r2: 0.731798, val_loss: 0.006119, val_mae: 0.055166, val_r2: 0.709372
2024-04-29 10:52:39 Epoch 14: lr=0.0001
2024-04-29 10:53:52 [Epoch: 14] loss: 0.005526, mae: 0.052641, r2: 0.734032, val_loss: 0.006125, val_mae: 0.055685, val_r2: 0.709391
2024-04-29 10:53:52 Epoch 15: lr=0.0001
2024-04-29 10:55:04 [Epoch: 15] loss: 0.005475, mae: 0.052385, r2: 0.736287, val_loss: 0.006087, val_mae: 0.054641, val_r2: 0.712681
2024-04-29 10:55:04 Epoch 16: lr=0.0001
2024-04-29 10:56:17 [Epoch: 16] loss: 0.005417, mae: 0.052110, r2: 0.739122, val_loss: 0.006059, val_mae: 0.055136, val_r2: 0.712745
2024-04-29 10:56:17 Epoch 17: lr=0.0001
2024-04-29 10:57:29 [Epoch: 17] loss: 0.005371, mae: 0.051930, r2: 0.741556, val_loss: 0.006035, val_mae: 0.054665, val_r2: 0.715406
2024-04-29 10:57:29 Epoch 18: lr=0.0001
2024-04-29 10:58:42 [Epoch: 18] loss: 0.005326, mae: 0.051712, r2: 0.743769, val_loss: 0.006026, val_mae: 0.054684, val_r2: 0.713869
2024-04-29 10:58:42 Epoch 19: lr=0.0001
2024-04-29 10:59:54 [Epoch: 19] loss: 0.005276, mae: 0.051456, r2: 0.745626, val_loss: 0.006020, val_mae: 0.054380, val_r2: 0.715036
2024-04-29 10:59:54 Epoch 20: lr=0.0001
2024-04-29 11:01:07 [Epoch: 20] loss: 0.005239, mae: 0.051294, r2: 0.747633, val_loss: 0.006006, val_mae: 0.054676, val_r2: 0.714890
2024-04-29 11:01:07 Epoch 21: lr=0.0001
2024-04-29 11:02:20 [Epoch: 21] loss: 0.005198, mae: 0.051115, r2: 0.749495, val_loss: 0.005982, val_mae: 0.054308, val_r2: 0.716508
2024-04-29 11:02:20 Epoch 22: lr=0.0001
2024-04-29 11:03:32 [Epoch: 22] loss: 0.005143, mae: 0.050842, r2: 0.752124, val_loss: 0.006000, val_mae: 0.054376, val_r2: 0.714847
2024-04-29 11:03:32 Epoch 23: lr=5e-05
2024-04-29 11:04:45 [Epoch: 23] loss: 0.005034, mae: 0.050325, r2: 0.757326, val_loss: 0.005955, val_mae: 0.054039, val_r2: 0.716844
2024-04-29 11:04:45 Epoch 24: lr=5e-05
2024-04-29 11:05:57 [Epoch: 24] loss: 0.004999, mae: 0.050119, r2: 0.759042, val_loss: 0.005966, val_mae: 0.054180, val_r2: 0.716274
2024-04-29 11:05:57 Epoch 25: lr=5e-05
2024-04-29 11:07:10 [Epoch: 25] loss: 0.004966, mae: 0.049997, r2: 0.760355, val_loss: 0.005967, val_mae: 0.054068, val_r2: 0.715810
2024-04-29 11:07:10 Epoch 26: lr=5e-05
2024-04-29 11:08:22 [Epoch: 26] loss: 0.004953, mae: 0.049896, r2: 0.760910, val_loss: 0.005957, val_mae: 0.053943, val_r2: 0.717157
2024-04-29 11:08:22 Epoch 27: lr=5e-05
2024-04-29 11:09:34 [Epoch: 27] loss: 0.004930, mae: 0.049812, r2: 0.761994, val_loss: 0.005950, val_mae: 0.054175, val_r2: 0.717754
2024-04-29 11:09:34 Epoch 28: lr=2.5e-05
2024-04-29 11:10:46 [Epoch: 28] loss: 0.004866, mae: 0.049523, r2: 0.764911, val_loss: 0.005948, val_mae: 0.053854, val_r2: 0.717429
2024-04-29 11:10:47 Epoch 29: lr=2.5e-05
2024-04-29 11:11:59 [Epoch: 29] loss: 0.004850, mae: 0.049418, r2: 0.765822, val_loss: 0.005931, val_mae: 0.053904, val_r2: 0.718343
2024-04-29 11:12:00 history_length: 30
2024-04-29 11:12:00 stopping: complete
2024-04-29 11:12:00 Comparing y_true and y_pred:
2024-04-29 11:12:00   mse: 0.00170168
2024-04-29 11:12:00   mae: 0.03040714
2024-04-29 11:12:00   r2: 0.08706920
2024-04-29 11:12:00   corr: 0.31847555
