2024-05-09 11:42:30 UNO RUN ...
2024-05-09 11:42:30 Params: {'model_name': 'uno', 'train_sources': ['CCLE'], 'test_sources': ['train'], 'cell_types': None, 'cell_features': ['rnaseq'], 'drug_features': ['descriptors'], 'dense': [1000, 1000, 1000, 1000, 1000], 'dense_feature_layers': [1000, 1000, 1000], 'activation': 'relu', 'loss': 'mse', 'optimizer': 'adamax', 'scaling': 'std', 'dropout': 0.1, 'epochs': 30, 'batch_size': 32, 'val_split': 0.2, 'cv': 1, 'max_val_loss': 1.0, 'learning_rate': 0.0001, 'base_lr': None, 'agg_dose': 'AUC', 'residual': False, 'reduce_lr': True, 'warmup_lr': True, 'batch_normalization': False, 'feature_subsample': 0, 'rng_seed': 2018, 'no_gen': False, 'verbose': False, 'preprocess_rnaseq': 'source_scale', 'gpus': [0], 'use_landmark_genes': True, 'no_feature_source': True, 'no_response_source': True, 'save_path': '/dev/shm/Uno/save/8996461.amn-0001/147', 'single': True, 'on_memory_loader': True, 'ckpt_checksum': True, 'ckpt_save_interval': 0, 'timeout': -1, 'train_bool': True, 'profiling': False, 'experiment_id': '8996461.amn-0001', 'run_id': '147', 'logfile': '/dev/shm/Uno/save/8996461.amn-0001/147/python.log', 'shuffle': False, 'ckpt_restart_mode': 'off', 'ckpt_skip_epochs': 0, 'ckpt_directory': '/dev/shm/Uno/save/8996461.amn-0001/147', 'ckpt_save_best': True, 'ckpt_save_best_metric': 'val_loss', 'ckpt_save_weights_only': False, 'ckpt_keep_mode': 'linear', 'ckpt_keep_limit': 5, 'by_cell': None, 'by_drug': None, 'cell_subset_path': '', 'drug_subset_path': '', 'drug_median_response_min': -1, 'drug_median_response_max': 1, 'dense_cell_feature_layers': None, 'dense_drug_feature_layers': None, 'use_filtered_genes': False, 'feature_subset_path': '', 'cell_feature_subset_path': '', 'drug_feature_subset_path': '', 'es': True, 'cp': False, 'tb': False, 'tb_prefix': 'tb', 'partition_by': None, 'cache': None, 'export_csv': None, 'export_data': None, 'use_exported_data': '/dev/shm/Uno/x1921c2s2b0n0.147.merged.landmark.h5', 'growth_bins': 0, 'initial_weights': None, 'save_weights': '/dev/shm/Uno/save/8996461.amn-0001/147/1.1.model.h5', 'config_file': '/home/brettin/CSC249ADOA01_CNDA/brettin/Benchmarks/Pilot1/Uno/uno_auc_model.txt', 'data_type': <class 'numpy.float32'>, 'data_dir': '/dev/shm/Uno/uno/Data', 'output_dir': '/dev/shm/Uno/uno/Output/8996461.amn-0001/147'}
2024-05-09 11:42:30 Feature encoding submodel for cell.rnaseq:
2024-05-09 11:42:30 Model: "cell.rnaseq"
2024-05-09 11:42:30 _________________________________________________________________
2024-05-09 11:42:30  Layer (type)                Output Shape              Param #   
2024-05-09 11:42:30 =================================================================
2024-05-09 11:42:30  input_1 (InputLayer)        [(None, 958)]             0         
2024-05-09 11:42:30                                                                  
2024-05-09 11:42:30  dense (Dense)               (None, 1000)              959000    
2024-05-09 11:42:30                                                                  
2024-05-09 11:42:30  permanent_dropout (Permane  (None, 1000)              0         
2024-05-09 11:42:30  ntDropout)                                                      
2024-05-09 11:42:30                                                                  
2024-05-09 11:42:30  dense_1 (Dense)             (None, 1000)              1001000   
2024-05-09 11:42:30                                                                  
2024-05-09 11:42:30  permanent_dropout_1 (Perma  (None, 1000)              0         
2024-05-09 11:42:30  nentDropout)                                                    
2024-05-09 11:42:30                                                                  
2024-05-09 11:42:30  dense_2 (Dense)             (None, 1000)              1001000   
2024-05-09 11:42:30                                                                  
2024-05-09 11:42:30  permanent_dropout_2 (Perma  (None, 1000)              0         
2024-05-09 11:42:30  nentDropout)                                                    
2024-05-09 11:42:30                                                                  
2024-05-09 11:42:30 =================================================================
2024-05-09 11:42:30 Total params: 2961000 (11.30 MB)
2024-05-09 11:42:30 Trainable params: 2961000 (11.30 MB)
2024-05-09 11:42:30 Non-trainable params: 0 (0.00 Byte)
2024-05-09 11:42:30 _________________________________________________________________
2024-05-09 11:42:30 Feature encoding submodel for drug.descriptors:
2024-05-09 11:42:30 Model: "drug.descriptors"
2024-05-09 11:42:30 _________________________________________________________________
2024-05-09 11:42:30  Layer (type)                Output Shape              Param #   
2024-05-09 11:42:30 =================================================================
2024-05-09 11:42:30  input_2 (InputLayer)        [(None, 1613)]            0         
2024-05-09 11:42:30                                                                  
2024-05-09 11:42:30  dense_3 (Dense)             (None, 1000)              1614000   
2024-05-09 11:42:30                                                                  
2024-05-09 11:42:30  permanent_dropout_3 (Perma  (None, 1000)              0         
2024-05-09 11:42:30  nentDropout)                                                    
2024-05-09 11:42:30                                                                  
2024-05-09 11:42:30  dense_4 (Dense)             (None, 1000)              1001000   
2024-05-09 11:42:30                                                                  
2024-05-09 11:42:30  permanent_dropout_4 (Perma  (None, 1000)              0         
2024-05-09 11:42:30  nentDropout)                                                    
2024-05-09 11:42:30                                                                  
2024-05-09 11:42:30  dense_5 (Dense)             (None, 1000)              1001000   
2024-05-09 11:42:30                                                                  
2024-05-09 11:42:30  permanent_dropout_5 (Perma  (None, 1000)              0         
2024-05-09 11:42:30  nentDropout)                                                    
2024-05-09 11:42:30                                                                  
2024-05-09 11:42:30 =================================================================
2024-05-09 11:42:30 Total params: 3616000 (13.79 MB)
2024-05-09 11:42:30 Trainable params: 3616000 (13.79 MB)
2024-05-09 11:42:30 Non-trainable params: 0 (0.00 Byte)
2024-05-09 11:42:30 _________________________________________________________________
2024-05-09 11:42:31 Combined model:
2024-05-09 11:42:31 Model: "model"
2024-05-09 11:42:31 __________________________________________________________________________________________________
2024-05-09 11:42:31  Layer (type)                Output Shape                 Param #   Connected to                  
2024-05-09 11:42:31 ==================================================================================================
2024-05-09 11:42:31  input.cell.rnaseq (InputLa  [(None, 958)]                0         []                            
2024-05-09 11:42:31  yer)                                                                                             
2024-05-09 11:42:31                                                                                                   
2024-05-09 11:42:31  input.drug1.descriptors (I  [(None, 1613)]               0         []                            
2024-05-09 11:42:31  nputLayer)                                                                                       
2024-05-09 11:42:31                                                                                                   
2024-05-09 11:42:31  cell.rnaseq (Functional)    (None, 1000)                 2961000   ['input.cell.rnaseq[0][0]']   
2024-05-09 11:42:31                                                                                                   
2024-05-09 11:42:31  drug.descriptors (Function  (None, 1000)                 3616000   ['input.drug1.descriptors[0][0
2024-05-09 11:42:31  al)                                                                ]']                           
2024-05-09 11:42:31                                                                                                   
2024-05-09 11:42:31  concatenate (Concatenate)   (None, 2000)                 0         ['cell.rnaseq[0][0]',         
2024-05-09 11:42:31                                                                      'drug.descriptors[0][0]']    
2024-05-09 11:42:31                                                                                                   
2024-05-09 11:42:31  dense_6 (Dense)             (None, 1000)                 2001000   ['concatenate[0][0]']         
2024-05-09 11:42:31                                                                                                   
2024-05-09 11:42:31  permanent_dropout_6 (Perma  (None, 1000)                 0         ['dense_6[0][0]']             
2024-05-09 11:42:31  nentDropout)                                                                                     
2024-05-09 11:42:31                                                                                                   
2024-05-09 11:42:31  dense_7 (Dense)             (None, 1000)                 1001000   ['permanent_dropout_6[0][0]'] 
2024-05-09 11:42:31                                                                                                   
2024-05-09 11:42:31  permanent_dropout_7 (Perma  (None, 1000)                 0         ['dense_7[0][0]']             
2024-05-09 11:42:31  nentDropout)                                                                                     
2024-05-09 11:42:31                                                                                                   
2024-05-09 11:42:31  dense_8 (Dense)             (None, 1000)                 1001000   ['permanent_dropout_7[0][0]'] 
2024-05-09 11:42:31                                                                                                   
2024-05-09 11:42:31  permanent_dropout_8 (Perma  (None, 1000)                 0         ['dense_8[0][0]']             
2024-05-09 11:42:31  nentDropout)                                                                                     
2024-05-09 11:42:31                                                                                                   
2024-05-09 11:42:31  dense_9 (Dense)             (None, 1000)                 1001000   ['permanent_dropout_8[0][0]'] 
2024-05-09 11:42:31                                                                                                   
2024-05-09 11:42:31  permanent_dropout_9 (Perma  (None, 1000)                 0         ['dense_9[0][0]']             
2024-05-09 11:42:31  nentDropout)                                                                                     
2024-05-09 11:42:31                                                                                                   
2024-05-09 11:42:31  dense_10 (Dense)            (None, 1000)                 1001000   ['permanent_dropout_9[0][0]'] 
2024-05-09 11:42:31                                                                                                   
2024-05-09 11:42:31  permanent_dropout_10 (Perm  (None, 1000)                 0         ['dense_10[0][0]']            
2024-05-09 11:42:31  anentDropout)                                                                                    
2024-05-09 11:42:31                                                                                                   
2024-05-09 11:42:31  dense_11 (Dense)            (None, 1)                    1001      ['permanent_dropout_10[0][0]']
2024-05-09 11:42:31                                                                                                   
2024-05-09 11:42:31 ==================================================================================================
2024-05-09 11:42:31 Total params: 12583001 (48.00 MB)
2024-05-09 11:42:31 Trainable params: 12583001 (48.00 MB)
2024-05-09 11:42:31 Non-trainable params: 0 (0.00 Byte)
2024-05-09 11:42:31 __________________________________________________________________________________________________
2024-05-09 11:42:31 CKPT CONSTRUCT...
2024-05-09 11:42:31 CKPT CONSTRUCT OK.
2024-05-09 11:42:31 template model: <keras.src.engine.functional.Functional object at 0x1524ae749ac0>
2024-05-09 11:42:32 COMPILE
2024-05-09 11:42:33 Will save weights to: /dev/shm/Uno/save/8996461.amn-0001/147/1.1.model.h5
2024-05-09 11:42:49 Between random pairs in y_val:
2024-05-09 11:42:49   mse: 0.04771321
2024-05-09 11:42:49   mae: 0.16026899
2024-05-09 11:42:49   r2: -1.00734703
2024-05-09 11:42:49   corr: -0.00367351
2024-05-09 11:42:49 Data points per epoch: train = 470167, val = 117542, test = 224
2024-05-09 11:42:49 Steps per epoch: train = 14692, val = 3673, test = 7
2024-05-09 11:42:49 Epoch 0: lr=0.001
2024-05-09 11:44:02 [Epoch: 0] loss: 0.027057, mae: 0.079644, r2: -0.214838, val_loss: 0.008616, val_mae: 0.069823, val_r2: 0.590473
2024-05-09 11:44:02 Epoch 1: lr=0.00082
2024-05-09 11:45:13 [Epoch: 1] loss: 0.007983, mae: 0.063875, r2: 0.621303, val_loss: 0.007752, val_mae: 0.064362, val_r2: 0.629620
2024-05-09 11:45:14 Epoch 2: lr=0.00064
2024-05-09 11:46:24 [Epoch: 2] loss: 0.007326, mae: 0.060878, r2: 0.651637, val_loss: 0.007198, val_mae: 0.059496, val_r2: 0.652717
2024-05-09 11:46:25 Epoch 3: lr=0.00046
2024-05-09 11:47:36 [Epoch: 3] loss: 0.006828, mae: 0.058611, r2: 0.674777, val_loss: 0.006820, val_mae: 0.058182, val_r2: 0.672353
2024-05-09 11:47:36 Epoch 4: lr=0.00028
2024-05-09 11:48:47 [Epoch: 4] loss: 0.006440, mae: 0.056805, r2: 0.692482, val_loss: 0.006666, val_mae: 0.056855, val_r2: 0.679610
2024-05-09 11:48:48 Epoch 5: lr=0.0001
2024-05-09 11:49:59 [Epoch: 5] loss: 0.006108, mae: 0.055295, r2: 0.707934, val_loss: 0.006426, val_mae: 0.056119, val_r2: 0.691251
2024-05-09 11:49:59 Epoch 6: lr=0.0001
2024-05-09 11:51:11 [Epoch: 6] loss: 0.005992, mae: 0.054765, r2: 0.712964, val_loss: 0.006366, val_mae: 0.056092, val_r2: 0.694352
2024-05-09 11:51:11 Epoch 7: lr=0.0001
2024-05-09 11:52:22 [Epoch: 7] loss: 0.005915, mae: 0.054409, r2: 0.716692, val_loss: 0.006364, val_mae: 0.056081, val_r2: 0.693481
2024-05-09 11:52:22 Epoch 8: lr=0.0001
2024-05-09 11:53:33 [Epoch: 8] loss: 0.005855, mae: 0.054149, r2: 0.719745, val_loss: 0.006322, val_mae: 0.056312, val_r2: 0.695295
2024-05-09 11:53:33 Epoch 9: lr=0.0001
2024-05-09 11:54:45 [Epoch: 9] loss: 0.005782, mae: 0.053831, r2: 0.723138, val_loss: 0.006276, val_mae: 0.055921, val_r2: 0.697825
2024-05-09 11:54:45 Epoch 10: lr=0.0001
2024-05-09 11:55:56 [Epoch: 10] loss: 0.005721, mae: 0.053553, r2: 0.726050, val_loss: 0.006245, val_mae: 0.055560, val_r2: 0.700081
2024-05-09 11:55:56 Epoch 11: lr=0.0001
2024-05-09 11:57:07 [Epoch: 11] loss: 0.005654, mae: 0.053200, r2: 0.729112, val_loss: 0.006261, val_mae: 0.056543, val_r2: 0.698524
2024-05-09 11:57:07 Epoch 12: lr=0.0001
2024-05-09 11:58:19 [Epoch: 12] loss: 0.005605, mae: 0.052987, r2: 0.731491, val_loss: 0.006216, val_mae: 0.055159, val_r2: 0.701522
2024-05-09 11:58:19 Epoch 13: lr=0.0001
2024-05-09 11:59:30 [Epoch: 13] loss: 0.005547, mae: 0.052717, r2: 0.734229, val_loss: 0.006196, val_mae: 0.055164, val_r2: 0.701472
2024-05-09 11:59:30 Epoch 14: lr=0.0001
2024-05-09 12:00:41 [Epoch: 14] loss: 0.005493, mae: 0.052496, r2: 0.736574, val_loss: 0.006180, val_mae: 0.054889, val_r2: 0.702663
2024-05-09 12:00:41 Epoch 15: lr=0.0001
2024-05-09 12:01:52 [Epoch: 15] loss: 0.005437, mae: 0.052213, r2: 0.739317, val_loss: 0.006194, val_mae: 0.055657, val_r2: 0.702228
2024-05-09 12:01:52 Epoch 16: lr=0.0001
2024-05-09 12:03:03 [Epoch: 16] loss: 0.005399, mae: 0.052047, r2: 0.741012, val_loss: 0.006116, val_mae: 0.054684, val_r2: 0.706931
2024-05-09 12:03:04 Epoch 17: lr=0.0001
2024-05-09 12:04:15 [Epoch: 17] loss: 0.005337, mae: 0.051746, r2: 0.743974, val_loss: 0.006133, val_mae: 0.054841, val_r2: 0.704981
2024-05-09 12:04:15 Epoch 18: lr=5e-05
2024-05-09 12:05:26 [Epoch: 18] loss: 0.005214, mae: 0.051184, r2: 0.749636, val_loss: 0.006105, val_mae: 0.054403, val_r2: 0.705935
2024-05-09 12:05:26 Epoch 19: lr=5e-05
2024-05-09 12:06:37 [Epoch: 19] loss: 0.005177, mae: 0.050997, r2: 0.751535, val_loss: 0.006133, val_mae: 0.054568, val_r2: 0.704998
2024-05-09 12:06:37 Epoch 20: lr=5e-05
2024-05-09 12:07:48 [Epoch: 20] loss: 0.005152, mae: 0.050842, r2: 0.752537, val_loss: 0.006131, val_mae: 0.054393, val_r2: 0.705017
2024-05-09 12:07:49 Epoch 21: lr=5e-05
2024-05-09 12:09:00 [Epoch: 21] loss: 0.005125, mae: 0.050740, r2: 0.753905, val_loss: 0.006111, val_mae: 0.054259, val_r2: 0.706871
2024-05-09 12:09:00 Epoch 22: lr=5e-05
2024-05-09 12:10:11 [Epoch: 22] loss: 0.005093, mae: 0.050603, r2: 0.755480, val_loss: 0.006100, val_mae: 0.055025, val_r2: 0.706677
2024-05-09 12:10:11 Epoch 23: lr=5e-05
2024-05-09 12:11:22 [Epoch: 23] loss: 0.005074, mae: 0.050492, r2: 0.756259, val_loss: 0.006123, val_mae: 0.054331, val_r2: 0.705688
2024-05-09 12:11:22 Epoch 24: lr=2.5e-05
2024-05-09 12:12:33 [Epoch: 24] loss: 0.005006, mae: 0.050179, r2: 0.759367, val_loss: 0.006116, val_mae: 0.054351, val_r2: 0.705738
2024-05-09 12:12:33 Epoch 25: lr=2.5e-05
2024-05-09 12:13:44 [Epoch: 25] loss: 0.004990, mae: 0.050117, r2: 0.760170, val_loss: 0.006135, val_mae: 0.054397, val_r2: 0.704376
2024-05-09 12:13:45 Epoch 26: lr=2.5e-05
2024-05-09 12:14:56 [Epoch: 26] loss: 0.004968, mae: 0.049994, r2: 0.760886, val_loss: 0.006135, val_mae: 0.054195, val_r2: 0.704644
2024-05-09 12:14:56 Epoch 27: lr=2.5e-05
2024-05-09 12:16:07 [Epoch: 27] loss: 0.004950, mae: 0.049923, r2: 0.762015, val_loss: 0.006071, val_mae: 0.054343, val_r2: 0.707218
2024-05-09 12:16:07 Epoch 28: lr=2.5e-05
2024-05-09 12:17:18 [Epoch: 28] loss: 0.004936, mae: 0.049831, r2: 0.762415, val_loss: 0.006098, val_mae: 0.054196, val_r2: 0.706231
2024-05-09 12:17:18 Epoch 29: lr=1.25e-05
2024-05-09 12:18:29 [Epoch: 29] loss: 0.004910, mae: 0.049718, r2: 0.763909, val_loss: 0.006087, val_mae: 0.054333, val_r2: 0.706936
2024-05-09 12:18:29 history_length: 30
2024-05-09 12:18:29 stopping: complete
2024-05-09 12:18:29 Comparing y_true and y_pred:
2024-05-09 12:18:29   mse: 0.00428409
2024-05-09 12:18:29   mae: 0.05473735
2024-05-09 12:18:29   r2: 0.37042403
2024-05-09 12:18:29   corr: 0.61203891
