2024-05-18 13:19:43 UNO RUN ...
2024-05-18 13:19:43 Params: {'model_name': 'uno', 'train_sources': ['CCLE'], 'test_sources': ['train'], 'cell_types': None, 'cell_features': ['rnaseq'], 'drug_features': ['descriptors'], 'dense': [1000, 1000, 1000, 1000, 1000], 'dense_feature_layers': [1000, 1000, 1000], 'activation': 'relu', 'loss': 'mse', 'optimizer': 'adamax', 'scaling': 'std', 'dropout': 0.1, 'epochs': 75, 'batch_size': 32, 'val_split': 0.2, 'cv': 1, 'max_val_loss': 1.0, 'learning_rate': 0.0001, 'base_lr': None, 'agg_dose': 'AUC', 'residual': False, 'reduce_lr': True, 'warmup_lr': True, 'batch_normalization': False, 'feature_subsample': 0, 'rng_seed': 2018, 'no_gen': False, 'verbose': False, 'preprocess_rnaseq': 'source_scale', 'gpus': [0], 'use_landmark_genes': True, 'no_feature_source': True, 'no_response_source': True, 'save_path': '/dev/shm/Uno/save/8999163.amn-0001/24', 'single': True, 'on_memory_loader': True, 'ckpt_checksum': True, 'ckpt_save_interval': 0, 'timeout': -1, 'train_bool': True, 'profiling': False, 'experiment_id': '8999163.amn-0001', 'run_id': '24', 'logfile': '/dev/shm/Uno/save/8999163.amn-0001/24/python.log', 'shuffle': False, 'ckpt_restart_mode': 'off', 'ckpt_skip_epochs': 0, 'ckpt_directory': '/dev/shm/Uno/save/8999163.amn-0001/24', 'ckpt_save_best': True, 'ckpt_save_best_metric': 'val_loss', 'ckpt_save_weights_only': False, 'ckpt_keep_mode': 'linear', 'ckpt_keep_limit': 5, 'by_cell': None, 'by_drug': None, 'cell_subset_path': '', 'drug_subset_path': '', 'drug_median_response_min': -1, 'drug_median_response_max': 1, 'dense_cell_feature_layers': None, 'dense_drug_feature_layers': None, 'use_filtered_genes': False, 'feature_subset_path': '', 'cell_feature_subset_path': '', 'drug_feature_subset_path': '', 'es': True, 'cp': False, 'tb': False, 'tb_prefix': 'tb', 'partition_by': None, 'cache': None, 'export_csv': None, 'export_data': None, 'use_exported_data': '/dev/shm/Uno/x1922c3s3b0n0.24.merged.landmark.h5', 'growth_bins': 0, 'initial_weights': None, 'save_weights': '/dev/shm/Uno/save/8999163.amn-0001/24/0.0.model.h5', 'config_file': '/home/brettin/CSC249ADOA01_CNDA/brettin/Benchmarks/Pilot1/Uno/uno_auc_model.txt', 'data_type': <class 'numpy.float32'>, 'data_dir': '/dev/shm/Uno/uno/Data', 'output_dir': '/dev/shm/Uno/uno/Output/8999163.amn-0001/24'}
2024-05-18 13:19:43 Feature encoding submodel for cell.rnaseq:
2024-05-18 13:19:43 Model: "cell.rnaseq"
2024-05-18 13:19:43 _________________________________________________________________
2024-05-18 13:19:43  Layer (type)                Output Shape              Param #   
2024-05-18 13:19:43 =================================================================
2024-05-18 13:19:43  input_1 (InputLayer)        [(None, 958)]             0         
2024-05-18 13:19:43                                                                  
2024-05-18 13:19:43  dense (Dense)               (None, 1000)              959000    
2024-05-18 13:19:43                                                                  
2024-05-18 13:19:43  permanent_dropout (Permane  (None, 1000)              0         
2024-05-18 13:19:43  ntDropout)                                                      
2024-05-18 13:19:43                                                                  
2024-05-18 13:19:43  dense_1 (Dense)             (None, 1000)              1001000   
2024-05-18 13:19:43                                                                  
2024-05-18 13:19:43  permanent_dropout_1 (Perma  (None, 1000)              0         
2024-05-18 13:19:43  nentDropout)                                                    
2024-05-18 13:19:43                                                                  
2024-05-18 13:19:43  dense_2 (Dense)             (None, 1000)              1001000   
2024-05-18 13:19:43                                                                  
2024-05-18 13:19:43  permanent_dropout_2 (Perma  (None, 1000)              0         
2024-05-18 13:19:43  nentDropout)                                                    
2024-05-18 13:19:43                                                                  
2024-05-18 13:19:43 =================================================================
2024-05-18 13:19:43 Total params: 2961000 (11.30 MB)
2024-05-18 13:19:43 Trainable params: 2961000 (11.30 MB)
2024-05-18 13:19:43 Non-trainable params: 0 (0.00 Byte)
2024-05-18 13:19:43 _________________________________________________________________
2024-05-18 13:19:43 Feature encoding submodel for drug.descriptors:
2024-05-18 13:19:43 Model: "drug.descriptors"
2024-05-18 13:19:43 _________________________________________________________________
2024-05-18 13:19:43  Layer (type)                Output Shape              Param #   
2024-05-18 13:19:43 =================================================================
2024-05-18 13:19:43  input_2 (InputLayer)        [(None, 1613)]            0         
2024-05-18 13:19:43                                                                  
2024-05-18 13:19:43  dense_3 (Dense)             (None, 1000)              1614000   
2024-05-18 13:19:43                                                                  
2024-05-18 13:19:43  permanent_dropout_3 (Perma  (None, 1000)              0         
2024-05-18 13:19:43  nentDropout)                                                    
2024-05-18 13:19:43                                                                  
2024-05-18 13:19:43  dense_4 (Dense)             (None, 1000)              1001000   
2024-05-18 13:19:43                                                                  
2024-05-18 13:19:43  permanent_dropout_4 (Perma  (None, 1000)              0         
2024-05-18 13:19:43  nentDropout)                                                    
2024-05-18 13:19:43                                                                  
2024-05-18 13:19:43  dense_5 (Dense)             (None, 1000)              1001000   
2024-05-18 13:19:43                                                                  
2024-05-18 13:19:43  permanent_dropout_5 (Perma  (None, 1000)              0         
2024-05-18 13:19:43  nentDropout)                                                    
2024-05-18 13:19:43                                                                  
2024-05-18 13:19:43 =================================================================
2024-05-18 13:19:43 Total params: 3616000 (13.79 MB)
2024-05-18 13:19:43 Trainable params: 3616000 (13.79 MB)
2024-05-18 13:19:43 Non-trainable params: 0 (0.00 Byte)
2024-05-18 13:19:43 _________________________________________________________________
2024-05-18 13:19:43 Combined model:
2024-05-18 13:19:43 Model: "model"
2024-05-18 13:19:43 __________________________________________________________________________________________________
2024-05-18 13:19:43  Layer (type)                Output Shape                 Param #   Connected to                  
2024-05-18 13:19:43 ==================================================================================================
2024-05-18 13:19:43  input.cell.rnaseq (InputLa  [(None, 958)]                0         []                            
2024-05-18 13:19:43  yer)                                                                                             
2024-05-18 13:19:43                                                                                                   
2024-05-18 13:19:43  input.drug1.descriptors (I  [(None, 1613)]               0         []                            
2024-05-18 13:19:43  nputLayer)                                                                                       
2024-05-18 13:19:43                                                                                                   
2024-05-18 13:19:43  cell.rnaseq (Functional)    (None, 1000)                 2961000   ['input.cell.rnaseq[0][0]']   
2024-05-18 13:19:43                                                                                                   
2024-05-18 13:19:43  drug.descriptors (Function  (None, 1000)                 3616000   ['input.drug1.descriptors[0][0
2024-05-18 13:19:43  al)                                                                ]']                           
2024-05-18 13:19:43                                                                                                   
2024-05-18 13:19:43  concatenate (Concatenate)   (None, 2000)                 0         ['cell.rnaseq[0][0]',         
2024-05-18 13:19:43                                                                      'drug.descriptors[0][0]']    
2024-05-18 13:19:43                                                                                                   
2024-05-18 13:19:43  dense_6 (Dense)             (None, 1000)                 2001000   ['concatenate[0][0]']         
2024-05-18 13:19:43                                                                                                   
2024-05-18 13:19:43  permanent_dropout_6 (Perma  (None, 1000)                 0         ['dense_6[0][0]']             
2024-05-18 13:19:43  nentDropout)                                                                                     
2024-05-18 13:19:43                                                                                                   
2024-05-18 13:19:43  dense_7 (Dense)             (None, 1000)                 1001000   ['permanent_dropout_6[0][0]'] 
2024-05-18 13:19:43                                                                                                   
2024-05-18 13:19:43  permanent_dropout_7 (Perma  (None, 1000)                 0         ['dense_7[0][0]']             
2024-05-18 13:19:43  nentDropout)                                                                                     
2024-05-18 13:19:43                                                                                                   
2024-05-18 13:19:43  dense_8 (Dense)             (None, 1000)                 1001000   ['permanent_dropout_7[0][0]'] 
2024-05-18 13:19:43                                                                                                   
2024-05-18 13:19:43  permanent_dropout_8 (Perma  (None, 1000)                 0         ['dense_8[0][0]']             
2024-05-18 13:19:43  nentDropout)                                                                                     
2024-05-18 13:19:43                                                                                                   
2024-05-18 13:19:43  dense_9 (Dense)             (None, 1000)                 1001000   ['permanent_dropout_8[0][0]'] 
2024-05-18 13:19:43                                                                                                   
2024-05-18 13:19:43  permanent_dropout_9 (Perma  (None, 1000)                 0         ['dense_9[0][0]']             
2024-05-18 13:19:43  nentDropout)                                                                                     
2024-05-18 13:19:43                                                                                                   
2024-05-18 13:19:43  dense_10 (Dense)            (None, 1000)                 1001000   ['permanent_dropout_9[0][0]'] 
2024-05-18 13:19:43                                                                                                   
2024-05-18 13:19:43  permanent_dropout_10 (Perm  (None, 1000)                 0         ['dense_10[0][0]']            
2024-05-18 13:19:43  anentDropout)                                                                                    
2024-05-18 13:19:43                                                                                                   
2024-05-18 13:19:43  dense_11 (Dense)            (None, 1)                    1001      ['permanent_dropout_10[0][0]']
2024-05-18 13:19:43                                                                                                   
2024-05-18 13:19:43 ==================================================================================================
2024-05-18 13:19:43 Total params: 12583001 (48.00 MB)
2024-05-18 13:19:43 Trainable params: 12583001 (48.00 MB)
2024-05-18 13:19:43 Non-trainable params: 0 (0.00 Byte)
2024-05-18 13:19:43 __________________________________________________________________________________________________
2024-05-18 13:19:44 CKPT CONSTRUCT...
2024-05-18 13:19:44 CKPT CONSTRUCT OK.
2024-05-18 13:19:44 template model: <keras.src.engine.functional.Functional object at 0x14c1b3501700>
2024-05-18 13:19:45 COMPILE
2024-05-18 13:19:45 Will save weights to: /dev/shm/Uno/save/8999163.amn-0001/24/0.0.model.h5
2024-05-18 13:20:03 Between random pairs in y_val:
2024-05-18 13:20:03   mse: 0.04787699
2024-05-18 13:20:03   mae: 0.16013280
2024-05-18 13:20:03   r2: -1.00510514
2024-05-18 13:20:03   corr: -0.00255257
2024-05-18 13:20:03 Data points per epoch: train = 467730, val = 116933, test = 3046
2024-05-18 13:20:03 Steps per epoch: train = 14616, val = 3654, test = 95
2024-05-18 13:20:03 Epoch 0: lr=0.001
2024-05-18 13:21:16 [Epoch: 0] loss: 0.033169, mae: 0.079453, r2: -0.959018, val_loss: 0.008647, val_mae: 0.067984, val_r2: 0.593392
2024-05-18 13:21:16 Epoch 1: lr=0.00082
2024-05-18 13:22:27 [Epoch: 1] loss: 0.008018, mae: 0.063985, r2: 0.621920, val_loss: 0.007528, val_mae: 0.061933, val_r2: 0.645010
2024-05-18 13:22:27 Epoch 2: lr=0.00064
2024-05-18 13:23:39 [Epoch: 2] loss: 0.007333, mae: 0.060864, r2: 0.652974, val_loss: 0.007091, val_mae: 0.059555, val_r2: 0.664438
2024-05-18 13:23:39 Epoch 3: lr=0.00046
2024-05-18 13:24:50 [Epoch: 3] loss: 0.006860, mae: 0.058748, r2: 0.674312, val_loss: 0.006812, val_mae: 0.058093, val_r2: 0.674112
2024-05-18 13:24:50 Epoch 4: lr=0.00028
2024-05-18 13:26:02 [Epoch: 4] loss: 0.006467, mae: 0.056896, r2: 0.692568, val_loss: 0.006546, val_mae: 0.057027, val_r2: 0.690381
2024-05-18 13:26:02 Epoch 5: lr=0.0001
2024-05-18 13:27:13 [Epoch: 5] loss: 0.006134, mae: 0.055373, r2: 0.707747, val_loss: 0.006352, val_mae: 0.056108, val_r2: 0.698120
2024-05-18 13:27:13 Epoch 6: lr=0.0001
2024-05-18 13:28:25 [Epoch: 6] loss: 0.006024, mae: 0.054874, r2: 0.712898, val_loss: 0.006335, val_mae: 0.056555, val_r2: 0.698994
2024-05-18 13:28:25 Epoch 7: lr=0.0001
2024-05-18 13:29:36 [Epoch: 7] loss: 0.005953, mae: 0.054567, r2: 0.716125, val_loss: 0.006312, val_mae: 0.055803, val_r2: 0.700362
2024-05-18 13:29:36 Epoch 8: lr=0.0001
2024-05-18 13:30:48 [Epoch: 8] loss: 0.005882, mae: 0.054241, r2: 0.719537, val_loss: 0.006262, val_mae: 0.056078, val_r2: 0.701530
2024-05-18 13:30:48 Epoch 9: lr=0.0001
2024-05-18 13:31:59 [Epoch: 9] loss: 0.005826, mae: 0.053975, r2: 0.721886, val_loss: 0.006233, val_mae: 0.055072, val_r2: 0.702612
2024-05-18 13:31:59 Epoch 10: lr=0.0001
2024-05-18 13:33:11 [Epoch: 10] loss: 0.005763, mae: 0.053676, r2: 0.724949, val_loss: 0.006190, val_mae: 0.055183, val_r2: 0.705216
2024-05-18 13:33:11 Epoch 11: lr=0.0001
2024-05-18 13:34:22 [Epoch: 11] loss: 0.005703, mae: 0.053405, r2: 0.727789, val_loss: 0.006175, val_mae: 0.055354, val_r2: 0.706476
2024-05-18 13:34:22 Epoch 12: lr=0.0001
2024-05-18 13:35:34 [Epoch: 12] loss: 0.005646, mae: 0.053130, r2: 0.730602, val_loss: 0.006209, val_mae: 0.054924, val_r2: 0.704948
2024-05-18 13:35:34 Epoch 13: lr=0.0001
2024-05-18 13:36:45 [Epoch: 13] loss: 0.005598, mae: 0.052917, r2: 0.732400, val_loss: 0.006146, val_mae: 0.054765, val_r2: 0.707138
2024-05-18 13:36:45 Epoch 14: lr=0.0001
2024-05-18 13:37:56 [Epoch: 14] loss: 0.005529, mae: 0.052615, r2: 0.736053, val_loss: 0.006193, val_mae: 0.056126, val_r2: 0.703387
2024-05-18 13:37:56 Epoch 15: lr=5e-05
2024-05-18 13:39:08 [Epoch: 15] loss: 0.005413, mae: 0.052050, r2: 0.741594, val_loss: 0.006094, val_mae: 0.054521, val_r2: 0.708795
2024-05-18 13:39:08 Epoch 16: lr=5e-05
2024-05-18 13:40:19 [Epoch: 16] loss: 0.005362, mae: 0.051829, r2: 0.743644, val_loss: 0.006098, val_mae: 0.054560, val_r2: 0.709559
2024-05-18 13:40:19 Epoch 17: lr=5e-05
2024-05-18 13:41:31 [Epoch: 17] loss: 0.005344, mae: 0.051736, r2: 0.744439, val_loss: 0.006101, val_mae: 0.054450, val_r2: 0.708206
2024-05-18 13:41:31 Epoch 18: lr=5e-05
2024-05-18 13:42:42 [Epoch: 18] loss: 0.005318, mae: 0.051598, r2: 0.745751, val_loss: 0.006091, val_mae: 0.054670, val_r2: 0.708967
2024-05-18 13:42:42 Epoch 19: lr=5e-05
2024-05-18 13:43:53 [Epoch: 19] loss: 0.005293, mae: 0.051486, r2: 0.747022, val_loss: 0.006049, val_mae: 0.054526, val_r2: 0.711802
2024-05-18 13:43:54 Epoch 20: lr=5e-05
2024-05-18 13:45:05 [Epoch: 20] loss: 0.005256, mae: 0.051351, r2: 0.748325, val_loss: 0.006071, val_mae: 0.054451, val_r2: 0.710927
2024-05-18 13:45:05 Epoch 21: lr=2.5e-05
2024-05-18 13:46:16 [Epoch: 21] loss: 0.005198, mae: 0.051049, r2: 0.751336, val_loss: 0.006053, val_mae: 0.054528, val_r2: 0.711115
2024-05-18 13:46:16 Epoch 22: lr=2.5e-05
2024-05-18 13:47:28 [Epoch: 22] loss: 0.005183, mae: 0.050953, r2: 0.751902, val_loss: 0.006061, val_mae: 0.054709, val_r2: 0.710533
2024-05-18 13:47:28 Epoch 23: lr=2.5e-05
2024-05-18 13:48:39 [Epoch: 23] loss: 0.005151, mae: 0.050827, r2: 0.753514, val_loss: 0.006043, val_mae: 0.054320, val_r2: 0.711047
2024-05-18 13:48:39 Epoch 24: lr=2.5e-05
2024-05-18 13:49:51 [Epoch: 24] loss: 0.005135, mae: 0.050764, r2: 0.754263, val_loss: 0.006069, val_mae: 0.054350, val_r2: 0.710188
2024-05-18 13:49:51 Epoch 25: lr=2.5e-05
2024-05-18 13:51:02 [Epoch: 25] loss: 0.005123, mae: 0.050697, r2: 0.754512, val_loss: 0.006062, val_mae: 0.054361, val_r2: 0.710365
2024-05-18 13:51:02 Epoch 26: lr=1.25e-05
2024-05-18 13:52:13 [Epoch: 26] loss: 0.005099, mae: 0.050619, r2: 0.755698, val_loss: 0.006063, val_mae: 0.054441, val_r2: 0.710777
2024-05-18 13:52:14 Epoch 27: lr=1.25e-05
2024-05-18 13:53:25 [Epoch: 27] loss: 0.005082, mae: 0.050515, r2: 0.756704, val_loss: 0.006044, val_mae: 0.054255, val_r2: 0.711421
2024-05-18 13:53:25 Epoch 28: lr=1.25e-05
2024-05-18 13:54:36 [Epoch: 28] loss: 0.005071, mae: 0.050466, r2: 0.757389, val_loss: 0.006057, val_mae: 0.054434, val_r2: 0.710981
2024-05-18 13:54:36 Epoch 29: lr=1.25e-05
2024-05-18 13:55:48 [Epoch: 29] loss: 0.005061, mae: 0.050402, r2: 0.757789, val_loss: 0.006048, val_mae: 0.054486, val_r2: 0.711429
2024-05-18 13:55:48 Epoch 30: lr=1.25e-05
2024-05-18 13:56:59 [Epoch: 30] loss: 0.005065, mae: 0.050418, r2: 0.757325, val_loss: 0.006054, val_mae: 0.054390, val_r2: 0.711223
2024-05-18 13:56:59 Epoch 31: lr=1e-05
2024-05-18 13:58:11 [Epoch: 31] loss: 0.005043, mae: 0.050356, r2: 0.758457, val_loss: 0.006032, val_mae: 0.054153, val_r2: 0.712161
2024-05-18 13:58:11 Epoch 32: lr=1e-05
2024-05-18 13:59:22 [Epoch: 32] loss: 0.005048, mae: 0.050344, r2: 0.758140, val_loss: 0.006054, val_mae: 0.054151, val_r2: 0.711472
2024-05-18 13:59:22 Epoch 33: lr=1e-05
2024-05-18 14:00:33 [Epoch: 33] loss: 0.005031, mae: 0.050254, r2: 0.759110, val_loss: 0.006054, val_mae: 0.054498, val_r2: 0.711029
2024-05-18 14:00:34 Epoch 34: lr=1e-05
2024-05-18 14:01:45 [Epoch: 34] loss: 0.005024, mae: 0.050234, r2: 0.759218, val_loss: 0.006052, val_mae: 0.054353, val_r2: 0.711028
2024-05-18 14:01:45 Epoch 35: lr=1e-05
2024-05-18 14:02:56 [Epoch: 35] loss: 0.005031, mae: 0.050239, r2: 0.758986, val_loss: 0.006075, val_mae: 0.054511, val_r2: 0.709990
2024-05-18 14:02:56 Epoch 36: lr=1e-05
2024-05-18 14:04:08 [Epoch: 36] loss: 0.005010, mae: 0.050172, r2: 0.759955, val_loss: 0.006059, val_mae: 0.054367, val_r2: 0.710626
2024-05-18 14:04:08 Epoch 37: lr=1e-05
2024-05-18 14:05:19 [Epoch: 37] loss: 0.005021, mae: 0.050214, r2: 0.759573, val_loss: 0.006062, val_mae: 0.054134, val_r2: 0.710222
2024-05-18 14:05:19 Epoch 38: lr=1e-05
2024-05-18 14:06:31 [Epoch: 38] loss: 0.005015, mae: 0.050195, r2: 0.759652, val_loss: 0.006072, val_mae: 0.054380, val_r2: 0.710310
2024-05-18 14:06:31 Epoch 39: lr=1e-05
2024-05-18 14:07:42 [Epoch: 39] loss: 0.005000, mae: 0.050134, r2: 0.760606, val_loss: 0.006061, val_mae: 0.054411, val_r2: 0.710447
2024-05-18 14:07:42 Epoch 40: lr=1e-05
2024-05-18 14:08:53 [Epoch: 40] loss: 0.005000, mae: 0.050109, r2: 0.760224, val_loss: 0.006060, val_mae: 0.054304, val_r2: 0.710493
2024-05-18 14:08:53 Epoch 41: lr=1e-05
2024-05-18 14:10:04 [Epoch: 41] loss: 0.004981, mae: 0.050020, r2: 0.761289, val_loss: 0.006058, val_mae: 0.054181, val_r2: 0.711371
2024-05-18 14:10:04 history_length: 42
2024-05-18 14:10:04 stopping: early
2024-05-18 14:10:04 Comparing y_true and y_pred:
2024-05-18 14:10:04   mse: 0.00602232
2024-05-18 14:10:04   mae: 0.05675042
2024-05-18 14:10:04   r2: -0.06431546
2024-05-18 14:10:04   corr: 0.11472803
