2024-05-21 14:10:17 UNO RUN ...
2024-05-21 14:10:17 Params: {'model_name': 'uno', 'train_sources': ['CCLE'], 'test_sources': ['train'], 'cell_types': None, 'cell_features': ['rnaseq'], 'drug_features': ['descriptors'], 'dense': [1000, 1000, 1000, 1000, 1000], 'dense_feature_layers': [1000, 1000, 1000], 'activation': 'relu', 'loss': 'mse', 'optimizer': 'adamax', 'scaling': 'std', 'dropout': 0.1, 'epochs': 50, 'batch_size': 32, 'val_split': 0.2, 'cv': 1, 'max_val_loss': 1.0, 'learning_rate': 0.0001, 'base_lr': None, 'agg_dose': 'AUC', 'residual': False, 'reduce_lr': True, 'warmup_lr': True, 'batch_normalization': False, 'feature_subsample': 0, 'rng_seed': 2018, 'no_gen': False, 'verbose': False, 'preprocess_rnaseq': 'source_scale', 'gpus': [0], 'use_landmark_genes': True, 'no_feature_source': True, 'no_response_source': True, 'save_path': '/dev/shm/Uno/save/8999967.amn-0001/48', 'single': True, 'on_memory_loader': True, 'ckpt_checksum': True, 'ckpt_save_interval': 0, 'timeout': -1, 'train_bool': True, 'profiling': False, 'experiment_id': '8999967.amn-0001', 'run_id': '48', 'logfile': '/dev/shm/Uno/save/8999967.amn-0001/48/python.log', 'shuffle': False, 'ckpt_restart_mode': 'off', 'ckpt_skip_epochs': 0, 'ckpt_directory': '/dev/shm/Uno/save/8999967.amn-0001/48', 'ckpt_save_best': True, 'ckpt_save_best_metric': 'val_loss', 'ckpt_save_weights_only': False, 'ckpt_keep_mode': 'linear', 'ckpt_keep_limit': 5, 'by_cell': None, 'by_drug': None, 'cell_subset_path': '', 'drug_subset_path': '', 'drug_median_response_min': -1, 'drug_median_response_max': 1, 'dense_cell_feature_layers': None, 'dense_drug_feature_layers': None, 'use_filtered_genes': False, 'feature_subset_path': '', 'cell_feature_subset_path': '', 'drug_feature_subset_path': '', 'es': True, 'cp': False, 'tb': False, 'tb_prefix': 'tb', 'partition_by': None, 'cache': None, 'export_csv': None, 'export_data': None, 'use_exported_data': '/dev/shm/Uno/x1922c6s1b0n0.48.merged.landmark.h5', 'growth_bins': 0, 'initial_weights': None, 'save_weights': '/dev/shm/Uno/save/8999967.amn-0001/48/0.0.model.h5', 'config_file': '/home/brettin/CSC249ADOA01_CNDA/brettin/Benchmarks/Pilot1/Uno/uno_auc_model.txt', 'data_type': <class 'numpy.float32'>, 'data_dir': '/dev/shm/Uno/uno/Data', 'output_dir': '/dev/shm/Uno/uno/Output/8999967.amn-0001/48'}
2024-05-21 14:10:17 Feature encoding submodel for cell.rnaseq:
2024-05-21 14:10:17 Model: "cell.rnaseq"
2024-05-21 14:10:17 _________________________________________________________________
2024-05-21 14:10:17  Layer (type)                Output Shape              Param #   
2024-05-21 14:10:17 =================================================================
2024-05-21 14:10:17  input_1 (InputLayer)        [(None, 958)]             0         
2024-05-21 14:10:17                                                                  
2024-05-21 14:10:17  dense (Dense)               (None, 1000)              959000    
2024-05-21 14:10:17                                                                  
2024-05-21 14:10:17  permanent_dropout (Permane  (None, 1000)              0         
2024-05-21 14:10:17  ntDropout)                                                      
2024-05-21 14:10:17                                                                  
2024-05-21 14:10:17  dense_1 (Dense)             (None, 1000)              1001000   
2024-05-21 14:10:17                                                                  
2024-05-21 14:10:17  permanent_dropout_1 (Perma  (None, 1000)              0         
2024-05-21 14:10:17  nentDropout)                                                    
2024-05-21 14:10:17                                                                  
2024-05-21 14:10:17  dense_2 (Dense)             (None, 1000)              1001000   
2024-05-21 14:10:17                                                                  
2024-05-21 14:10:17  permanent_dropout_2 (Perma  (None, 1000)              0         
2024-05-21 14:10:17  nentDropout)                                                    
2024-05-21 14:10:17                                                                  
2024-05-21 14:10:17 =================================================================
2024-05-21 14:10:17 Total params: 2961000 (11.30 MB)
2024-05-21 14:10:17 Trainable params: 2961000 (11.30 MB)
2024-05-21 14:10:17 Non-trainable params: 0 (0.00 Byte)
2024-05-21 14:10:17 _________________________________________________________________
2024-05-21 14:10:17 Feature encoding submodel for drug.descriptors:
2024-05-21 14:10:17 Model: "drug.descriptors"
2024-05-21 14:10:17 _________________________________________________________________
2024-05-21 14:10:17  Layer (type)                Output Shape              Param #   
2024-05-21 14:10:17 =================================================================
2024-05-21 14:10:17  input_2 (InputLayer)        [(None, 1613)]            0         
2024-05-21 14:10:17                                                                  
2024-05-21 14:10:17  dense_3 (Dense)             (None, 1000)              1614000   
2024-05-21 14:10:17                                                                  
2024-05-21 14:10:17  permanent_dropout_3 (Perma  (None, 1000)              0         
2024-05-21 14:10:17  nentDropout)                                                    
2024-05-21 14:10:17                                                                  
2024-05-21 14:10:17  dense_4 (Dense)             (None, 1000)              1001000   
2024-05-21 14:10:17                                                                  
2024-05-21 14:10:17  permanent_dropout_4 (Perma  (None, 1000)              0         
2024-05-21 14:10:17  nentDropout)                                                    
2024-05-21 14:10:17                                                                  
2024-05-21 14:10:17  dense_5 (Dense)             (None, 1000)              1001000   
2024-05-21 14:10:17                                                                  
2024-05-21 14:10:17  permanent_dropout_5 (Perma  (None, 1000)              0         
2024-05-21 14:10:17  nentDropout)                                                    
2024-05-21 14:10:17                                                                  
2024-05-21 14:10:17 =================================================================
2024-05-21 14:10:17 Total params: 3616000 (13.79 MB)
2024-05-21 14:10:17 Trainable params: 3616000 (13.79 MB)
2024-05-21 14:10:17 Non-trainable params: 0 (0.00 Byte)
2024-05-21 14:10:17 _________________________________________________________________
2024-05-21 14:10:17 Combined model:
2024-05-21 14:10:17 Model: "model"
2024-05-21 14:10:17 __________________________________________________________________________________________________
2024-05-21 14:10:17  Layer (type)                Output Shape                 Param #   Connected to                  
2024-05-21 14:10:17 ==================================================================================================
2024-05-21 14:10:17  input.cell.rnaseq (InputLa  [(None, 958)]                0         []                            
2024-05-21 14:10:17  yer)                                                                                             
2024-05-21 14:10:17                                                                                                   
2024-05-21 14:10:17  input.drug1.descriptors (I  [(None, 1613)]               0         []                            
2024-05-21 14:10:17  nputLayer)                                                                                       
2024-05-21 14:10:17                                                                                                   
2024-05-21 14:10:17  cell.rnaseq (Functional)    (None, 1000)                 2961000   ['input.cell.rnaseq[0][0]']   
2024-05-21 14:10:17                                                                                                   
2024-05-21 14:10:17  drug.descriptors (Function  (None, 1000)                 3616000   ['input.drug1.descriptors[0][0
2024-05-21 14:10:17  al)                                                                ]']                           
2024-05-21 14:10:17                                                                                                   
2024-05-21 14:10:17  concatenate (Concatenate)   (None, 2000)                 0         ['cell.rnaseq[0][0]',         
2024-05-21 14:10:17                                                                      'drug.descriptors[0][0]']    
2024-05-21 14:10:17                                                                                                   
2024-05-21 14:10:17  dense_6 (Dense)             (None, 1000)                 2001000   ['concatenate[0][0]']         
2024-05-21 14:10:17                                                                                                   
2024-05-21 14:10:17  permanent_dropout_6 (Perma  (None, 1000)                 0         ['dense_6[0][0]']             
2024-05-21 14:10:17  nentDropout)                                                                                     
2024-05-21 14:10:17                                                                                                   
2024-05-21 14:10:17  dense_7 (Dense)             (None, 1000)                 1001000   ['permanent_dropout_6[0][0]'] 
2024-05-21 14:10:17                                                                                                   
2024-05-21 14:10:17  permanent_dropout_7 (Perma  (None, 1000)                 0         ['dense_7[0][0]']             
2024-05-21 14:10:17  nentDropout)                                                                                     
2024-05-21 14:10:17                                                                                                   
2024-05-21 14:10:17  dense_8 (Dense)             (None, 1000)                 1001000   ['permanent_dropout_7[0][0]'] 
2024-05-21 14:10:17                                                                                                   
2024-05-21 14:10:17  permanent_dropout_8 (Perma  (None, 1000)                 0         ['dense_8[0][0]']             
2024-05-21 14:10:17  nentDropout)                                                                                     
2024-05-21 14:10:17                                                                                                   
2024-05-21 14:10:17  dense_9 (Dense)             (None, 1000)                 1001000   ['permanent_dropout_8[0][0]'] 
2024-05-21 14:10:17                                                                                                   
2024-05-21 14:10:17  permanent_dropout_9 (Perma  (None, 1000)                 0         ['dense_9[0][0]']             
2024-05-21 14:10:17  nentDropout)                                                                                     
2024-05-21 14:10:17                                                                                                   
2024-05-21 14:10:17  dense_10 (Dense)            (None, 1000)                 1001000   ['permanent_dropout_9[0][0]'] 
2024-05-21 14:10:17                                                                                                   
2024-05-21 14:10:17  permanent_dropout_10 (Perm  (None, 1000)                 0         ['dense_10[0][0]']            
2024-05-21 14:10:17  anentDropout)                                                                                    
2024-05-21 14:10:17                                                                                                   
2024-05-21 14:10:17  dense_11 (Dense)            (None, 1)                    1001      ['permanent_dropout_10[0][0]']
2024-05-21 14:10:17                                                                                                   
2024-05-21 14:10:17 ==================================================================================================
2024-05-21 14:10:17 Total params: 12583001 (48.00 MB)
2024-05-21 14:10:17 Trainable params: 12583001 (48.00 MB)
2024-05-21 14:10:17 Non-trainable params: 0 (0.00 Byte)
2024-05-21 14:10:17 __________________________________________________________________________________________________
2024-05-21 14:10:17 CKPT CONSTRUCT...
2024-05-21 14:10:17 CKPT CONSTRUCT OK.
2024-05-21 14:10:17 template model: <keras.src.engine.functional.Functional object at 0x154e940ceb50>
2024-05-21 14:10:19 COMPILE
2024-05-21 14:10:19 Will save weights to: /dev/shm/Uno/save/8999967.amn-0001/48/0.0.model.h5
2024-05-21 14:10:36 Between random pairs in y_val:
2024-05-21 14:10:36   mse: 0.04750417
2024-05-21 14:10:36   mae: 0.15970904
2024-05-21 14:10:36   r2: -1.00665999
2024-05-21 14:10:36   corr: -0.00332999
2024-05-21 14:10:36 Data points per epoch: train = 468861, val = 117216, test = 1632
2024-05-21 14:10:36 Steps per epoch: train = 14651, val = 3663, test = 51
2024-05-21 14:10:36 Epoch 0: lr=0.001
2024-05-21 14:11:49 [Epoch: 0] loss: 0.025922, mae: 0.079434, r2: -0.566459, val_loss: 0.008472, val_mae: 0.066887, val_r2: 0.593877
2024-05-21 14:11:50 Epoch 1: lr=0.00082
2024-05-21 14:13:01 [Epoch: 1] loss: 0.007998, mae: 0.063955, r2: 0.618632, val_loss: 0.007708, val_mae: 0.063341, val_r2: 0.627719
2024-05-21 14:13:02 Epoch 2: lr=0.00064
2024-05-21 14:14:13 [Epoch: 2] loss: 0.007313, mae: 0.060837, r2: 0.650359, val_loss: 0.007144, val_mae: 0.059473, val_r2: 0.654648
2024-05-21 14:14:13 Epoch 3: lr=0.00046
2024-05-21 14:15:25 [Epoch: 3] loss: 0.006837, mae: 0.058682, r2: 0.672240, val_loss: 0.006797, val_mae: 0.058117, val_r2: 0.675982
2024-05-21 14:15:25 Epoch 4: lr=0.00028
2024-05-21 14:16:37 [Epoch: 4] loss: 0.006449, mae: 0.056904, r2: 0.690223, val_loss: 0.006556, val_mae: 0.057191, val_r2: 0.687833
2024-05-21 14:16:37 Epoch 5: lr=0.0001
2024-05-21 14:17:48 [Epoch: 5] loss: 0.006117, mae: 0.055330, r2: 0.705693, val_loss: 0.006422, val_mae: 0.056993, val_r2: 0.693044
2024-05-21 14:17:48 Epoch 6: lr=0.0001
2024-05-21 14:19:00 [Epoch: 6] loss: 0.006010, mae: 0.054847, r2: 0.710640, val_loss: 0.006337, val_mae: 0.056242, val_r2: 0.696180
2024-05-21 14:19:00 Epoch 7: lr=0.0001
2024-05-21 14:20:12 [Epoch: 7] loss: 0.005935, mae: 0.054505, r2: 0.713952, val_loss: 0.006303, val_mae: 0.056234, val_r2: 0.697537
2024-05-21 14:20:12 Epoch 8: lr=0.0001
2024-05-21 14:21:24 [Epoch: 8] loss: 0.005867, mae: 0.054173, r2: 0.717159, val_loss: 0.006284, val_mae: 0.056537, val_r2: 0.698416
2024-05-21 14:21:24 Epoch 9: lr=0.0001
2024-05-21 14:22:35 [Epoch: 9] loss: 0.005815, mae: 0.053952, r2: 0.719746, val_loss: 0.006228, val_mae: 0.055601, val_r2: 0.701368
2024-05-21 14:22:35 Epoch 10: lr=0.0001
2024-05-21 14:23:47 [Epoch: 10] loss: 0.005741, mae: 0.053603, r2: 0.722972, val_loss: 0.006229, val_mae: 0.055301, val_r2: 0.701714
2024-05-21 14:23:47 Epoch 11: lr=0.0001
2024-05-21 14:24:59 [Epoch: 11] loss: 0.005679, mae: 0.053369, r2: 0.726002, val_loss: 0.006203, val_mae: 0.054988, val_r2: 0.702940
2024-05-21 14:24:59 Epoch 12: lr=0.0001
2024-05-21 14:26:10 [Epoch: 12] loss: 0.005637, mae: 0.053139, r2: 0.728174, val_loss: 0.006168, val_mae: 0.055588, val_r2: 0.704109
2024-05-21 14:26:11 Epoch 13: lr=0.0001
2024-05-21 14:27:22 [Epoch: 13] loss: 0.005562, mae: 0.052814, r2: 0.731642, val_loss: 0.006211, val_mae: 0.055733, val_r2: 0.700014
2024-05-21 14:27:22 Epoch 14: lr=0.0001
2024-05-21 14:28:34 [Epoch: 14] loss: 0.005518, mae: 0.052598, r2: 0.733613, val_loss: 0.006156, val_mae: 0.055360, val_r2: 0.704602
2024-05-21 14:28:34 Epoch 15: lr=0.0001
2024-05-21 14:29:45 [Epoch: 15] loss: 0.005464, mae: 0.052334, r2: 0.736182, val_loss: 0.006137, val_mae: 0.055242, val_r2: 0.705318
2024-05-21 14:29:46 Epoch 16: lr=0.0001
2024-05-21 14:30:57 [Epoch: 16] loss: 0.005402, mae: 0.052064, r2: 0.739209, val_loss: 0.006101, val_mae: 0.055247, val_r2: 0.706900
2024-05-21 14:30:57 Epoch 17: lr=0.0001
2024-05-21 14:32:09 [Epoch: 17] loss: 0.005362, mae: 0.051912, r2: 0.741020, val_loss: 0.006119, val_mae: 0.055736, val_r2: 0.707425
2024-05-21 14:32:09 Epoch 18: lr=0.0001
2024-05-21 14:33:21 [Epoch: 18] loss: 0.005313, mae: 0.051685, r2: 0.743403, val_loss: 0.006065, val_mae: 0.054847, val_r2: 0.709083
2024-05-21 14:33:21 Epoch 19: lr=0.0001
2024-05-21 14:34:32 [Epoch: 19] loss: 0.005267, mae: 0.051427, r2: 0.745300, val_loss: 0.006092, val_mae: 0.054424, val_r2: 0.707218
2024-05-21 14:34:32 Epoch 20: lr=0.0001
2024-05-21 14:35:44 [Epoch: 20] loss: 0.005221, mae: 0.051214, r2: 0.747818, val_loss: 0.006070, val_mae: 0.054709, val_r2: 0.708960
2024-05-21 14:35:44 Epoch 21: lr=0.0001
2024-05-21 14:36:56 [Epoch: 21] loss: 0.005170, mae: 0.050983, r2: 0.750041, val_loss: 0.006145, val_mae: 0.054410, val_r2: 0.705227
2024-05-21 14:36:56 Epoch 22: lr=5e-05
2024-05-21 14:38:07 [Epoch: 22] loss: 0.005064, mae: 0.050495, r2: 0.754811, val_loss: 0.006054, val_mae: 0.054517, val_r2: 0.709615
2024-05-21 14:38:08 Epoch 23: lr=5e-05
2024-05-21 14:39:19 [Epoch: 23] loss: 0.005027, mae: 0.050259, r2: 0.756686, val_loss: 0.006046, val_mae: 0.054400, val_r2: 0.710322
2024-05-21 14:39:19 Epoch 24: lr=5e-05
2024-05-21 14:40:31 [Epoch: 24] loss: 0.004997, mae: 0.050146, r2: 0.758218, val_loss: 0.006054, val_mae: 0.054817, val_r2: 0.708265
2024-05-21 14:40:31 Epoch 25: lr=5e-05
2024-05-21 14:41:43 [Epoch: 25] loss: 0.004977, mae: 0.050084, r2: 0.759236, val_loss: 0.006090, val_mae: 0.054076, val_r2: 0.707568
2024-05-21 14:41:43 Epoch 26: lr=5e-05
2024-05-21 14:42:54 [Epoch: 26] loss: 0.004938, mae: 0.049884, r2: 0.761011, val_loss: 0.006037, val_mae: 0.054595, val_r2: 0.710059
2024-05-21 14:42:54 Epoch 27: lr=2.5e-05
2024-05-21 14:44:06 [Epoch: 27] loss: 0.004882, mae: 0.049609, r2: 0.763438, val_loss: 0.006017, val_mae: 0.054180, val_r2: 0.711707
2024-05-21 14:44:06 Epoch 28: lr=2.5e-05
2024-05-21 14:45:18 [Epoch: 28] loss: 0.004868, mae: 0.049526, r2: 0.764286, val_loss: 0.006032, val_mae: 0.053898, val_r2: 0.710324
2024-05-21 14:45:18 Epoch 29: lr=2.5e-05
2024-05-21 14:46:29 [Epoch: 29] loss: 0.004846, mae: 0.049415, r2: 0.765122, val_loss: 0.006044, val_mae: 0.054338, val_r2: 0.709289
2024-05-21 14:46:29 Epoch 30: lr=2.5e-05
2024-05-21 14:47:41 [Epoch: 30] loss: 0.004847, mae: 0.049409, r2: 0.765258, val_loss: 0.006029, val_mae: 0.053953, val_r2: 0.710872
2024-05-21 14:47:41 Epoch 31: lr=2.5e-05
2024-05-21 14:48:53 [Epoch: 31] loss: 0.004821, mae: 0.049298, r2: 0.766490, val_loss: 0.006009, val_mae: 0.054018, val_r2: 0.711415
2024-05-21 14:48:53 Epoch 32: lr=1.25e-05
2024-05-21 14:50:04 [Epoch: 32] loss: 0.004792, mae: 0.049169, r2: 0.767836, val_loss: 0.006038, val_mae: 0.054022, val_r2: 0.710179
2024-05-21 14:50:05 Epoch 33: lr=1.25e-05
2024-05-21 14:51:16 [Epoch: 33] loss: 0.004780, mae: 0.049131, r2: 0.768477, val_loss: 0.006062, val_mae: 0.054193, val_r2: 0.709037
2024-05-21 14:51:16 Epoch 34: lr=1.25e-05
2024-05-21 14:52:28 [Epoch: 34] loss: 0.004789, mae: 0.049150, r2: 0.767742, val_loss: 0.006059, val_mae: 0.054093, val_r2: 0.709105
2024-05-21 14:52:28 Epoch 35: lr=1.25e-05
2024-05-21 14:53:39 [Epoch: 35] loss: 0.004773, mae: 0.049082, r2: 0.768716, val_loss: 0.006016, val_mae: 0.054076, val_r2: 0.710381
2024-05-21 14:53:39 Epoch 36: lr=1.25e-05
2024-05-21 14:54:51 [Epoch: 36] loss: 0.004765, mae: 0.049029, r2: 0.769023, val_loss: 0.006055, val_mae: 0.054046, val_r2: 0.709741
2024-05-21 14:54:51 Epoch 37: lr=1e-05
2024-05-21 14:56:02 [Epoch: 37] loss: 0.004746, mae: 0.048973, r2: 0.769998, val_loss: 0.006026, val_mae: 0.054071, val_r2: 0.710458
2024-05-21 14:56:03 Epoch 38: lr=1e-05
2024-05-21 14:57:14 [Epoch: 38] loss: 0.004745, mae: 0.048903, r2: 0.770105, val_loss: 0.006040, val_mae: 0.054139, val_r2: 0.710078
2024-05-21 14:57:14 Epoch 39: lr=1e-05
2024-05-21 14:58:25 [Epoch: 39] loss: 0.004741, mae: 0.048906, r2: 0.769959, val_loss: 0.006025, val_mae: 0.054008, val_r2: 0.709965
2024-05-21 14:58:25 Epoch 40: lr=1e-05
2024-05-21 14:59:37 [Epoch: 40] loss: 0.004735, mae: 0.048849, r2: 0.770447, val_loss: 0.006035, val_mae: 0.054103, val_r2: 0.709408
2024-05-21 14:59:37 Epoch 41: lr=1e-05
2024-05-21 15:00:48 [Epoch: 41] loss: 0.004729, mae: 0.048838, r2: 0.770591, val_loss: 0.006039, val_mae: 0.053958, val_r2: 0.709543
2024-05-21 15:00:49 history_length: 42
2024-05-21 15:00:49 stopping: early
2024-05-21 15:00:49 Comparing y_true and y_pred:
2024-05-21 15:00:49   mse: 0.01450600
2024-05-21 15:00:49   mae: 0.09630092
2024-05-21 15:00:49   r2: 0.09745926
2024-05-21 15:00:49   corr: 0.56486666
