2024-05-09 14:18:23 UNO RUN ...
2024-05-09 14:18:23 Params: {'model_name': 'uno', 'train_sources': ['CCLE'], 'test_sources': ['train'], 'cell_types': None, 'cell_features': ['rnaseq'], 'drug_features': ['descriptors'], 'dense': [1000, 1000, 1000, 1000, 1000], 'dense_feature_layers': [1000, 1000, 1000], 'activation': 'relu', 'loss': 'mse', 'optimizer': 'adamax', 'scaling': 'std', 'dropout': 0.1, 'epochs': 30, 'batch_size': 32, 'val_split': 0.2, 'cv': 1, 'max_val_loss': 1.0, 'learning_rate': 0.0001, 'base_lr': None, 'agg_dose': 'AUC', 'residual': False, 'reduce_lr': True, 'warmup_lr': True, 'batch_normalization': False, 'feature_subsample': 0, 'rng_seed': 2018, 'no_gen': False, 'verbose': False, 'preprocess_rnaseq': 'source_scale', 'gpus': [0], 'use_landmark_genes': True, 'no_feature_source': True, 'no_response_source': True, 'save_path': '/dev/shm/Uno/save/8996484.amn-0001/7', 'single': True, 'on_memory_loader': True, 'ckpt_checksum': True, 'ckpt_save_interval': 0, 'timeout': -1, 'train_bool': True, 'profiling': False, 'experiment_id': '8996484.amn-0001', 'run_id': '7', 'logfile': '/dev/shm/Uno/save/8996484.amn-0001/7/python.log', 'shuffle': False, 'ckpt_restart_mode': 'off', 'ckpt_skip_epochs': 0, 'ckpt_directory': '/dev/shm/Uno/save/8996484.amn-0001/7', 'ckpt_save_best': True, 'ckpt_save_best_metric': 'val_loss', 'ckpt_save_weights_only': False, 'ckpt_keep_mode': 'linear', 'ckpt_keep_limit': 5, 'by_cell': None, 'by_drug': None, 'cell_subset_path': '', 'drug_subset_path': '', 'drug_median_response_min': -1, 'drug_median_response_max': 1, 'dense_cell_feature_layers': None, 'dense_drug_feature_layers': None, 'use_filtered_genes': False, 'feature_subset_path': '', 'cell_feature_subset_path': '', 'drug_feature_subset_path': '', 'es': True, 'cp': False, 'tb': False, 'tb_prefix': 'tb', 'partition_by': None, 'cache': None, 'export_csv': None, 'export_data': None, 'use_exported_data': '/dev/shm/Uno/x1921c0s4b0n0.7.merged.landmark.h5', 'growth_bins': 0, 'initial_weights': None, 'save_weights': '/dev/shm/Uno/save/8996484.amn-0001/7/3.1.model.h5', 'config_file': '/home/brettin/CSC249ADOA01_CNDA/brettin/Benchmarks/Pilot1/Uno/uno_auc_model.txt', 'data_type': <class 'numpy.float32'>, 'data_dir': '/dev/shm/Uno/uno/Data', 'output_dir': '/dev/shm/Uno/uno/Output/8996484.amn-0001/7'}
2024-05-09 14:18:23 Feature encoding submodel for cell.rnaseq:
2024-05-09 14:18:23 Model: "cell.rnaseq"
2024-05-09 14:18:23 _________________________________________________________________
2024-05-09 14:18:23  Layer (type)                Output Shape              Param #   
2024-05-09 14:18:23 =================================================================
2024-05-09 14:18:23  input_1 (InputLayer)        [(None, 958)]             0         
2024-05-09 14:18:23                                                                  
2024-05-09 14:18:23  dense (Dense)               (None, 1000)              959000    
2024-05-09 14:18:23                                                                  
2024-05-09 14:18:23  permanent_dropout (Permane  (None, 1000)              0         
2024-05-09 14:18:23  ntDropout)                                                      
2024-05-09 14:18:23                                                                  
2024-05-09 14:18:23  dense_1 (Dense)             (None, 1000)              1001000   
2024-05-09 14:18:23                                                                  
2024-05-09 14:18:23  permanent_dropout_1 (Perma  (None, 1000)              0         
2024-05-09 14:18:23  nentDropout)                                                    
2024-05-09 14:18:23                                                                  
2024-05-09 14:18:23  dense_2 (Dense)             (None, 1000)              1001000   
2024-05-09 14:18:23                                                                  
2024-05-09 14:18:23  permanent_dropout_2 (Perma  (None, 1000)              0         
2024-05-09 14:18:23  nentDropout)                                                    
2024-05-09 14:18:23                                                                  
2024-05-09 14:18:23 =================================================================
2024-05-09 14:18:23 Total params: 2961000 (11.30 MB)
2024-05-09 14:18:23 Trainable params: 2961000 (11.30 MB)
2024-05-09 14:18:23 Non-trainable params: 0 (0.00 Byte)
2024-05-09 14:18:23 _________________________________________________________________
2024-05-09 14:18:23 Feature encoding submodel for drug.descriptors:
2024-05-09 14:18:23 Model: "drug.descriptors"
2024-05-09 14:18:23 _________________________________________________________________
2024-05-09 14:18:23  Layer (type)                Output Shape              Param #   
2024-05-09 14:18:23 =================================================================
2024-05-09 14:18:23  input_2 (InputLayer)        [(None, 1613)]            0         
2024-05-09 14:18:23                                                                  
2024-05-09 14:18:23  dense_3 (Dense)             (None, 1000)              1614000   
2024-05-09 14:18:23                                                                  
2024-05-09 14:18:23  permanent_dropout_3 (Perma  (None, 1000)              0         
2024-05-09 14:18:23  nentDropout)                                                    
2024-05-09 14:18:23                                                                  
2024-05-09 14:18:23  dense_4 (Dense)             (None, 1000)              1001000   
2024-05-09 14:18:23                                                                  
2024-05-09 14:18:23  permanent_dropout_4 (Perma  (None, 1000)              0         
2024-05-09 14:18:23  nentDropout)                                                    
2024-05-09 14:18:23                                                                  
2024-05-09 14:18:23  dense_5 (Dense)             (None, 1000)              1001000   
2024-05-09 14:18:23                                                                  
2024-05-09 14:18:23  permanent_dropout_5 (Perma  (None, 1000)              0         
2024-05-09 14:18:23  nentDropout)                                                    
2024-05-09 14:18:23                                                                  
2024-05-09 14:18:23 =================================================================
2024-05-09 14:18:23 Total params: 3616000 (13.79 MB)
2024-05-09 14:18:23 Trainable params: 3616000 (13.79 MB)
2024-05-09 14:18:23 Non-trainable params: 0 (0.00 Byte)
2024-05-09 14:18:23 _________________________________________________________________
2024-05-09 14:18:23 Combined model:
2024-05-09 14:18:23 Model: "model"
2024-05-09 14:18:23 __________________________________________________________________________________________________
2024-05-09 14:18:23  Layer (type)                Output Shape                 Param #   Connected to                  
2024-05-09 14:18:23 ==================================================================================================
2024-05-09 14:18:23  input.cell.rnaseq (InputLa  [(None, 958)]                0         []                            
2024-05-09 14:18:23  yer)                                                                                             
2024-05-09 14:18:23                                                                                                   
2024-05-09 14:18:23  input.drug1.descriptors (I  [(None, 1613)]               0         []                            
2024-05-09 14:18:23  nputLayer)                                                                                       
2024-05-09 14:18:23                                                                                                   
2024-05-09 14:18:23  cell.rnaseq (Functional)    (None, 1000)                 2961000   ['input.cell.rnaseq[0][0]']   
2024-05-09 14:18:23                                                                                                   
2024-05-09 14:18:23  drug.descriptors (Function  (None, 1000)                 3616000   ['input.drug1.descriptors[0][0
2024-05-09 14:18:23  al)                                                                ]']                           
2024-05-09 14:18:23                                                                                                   
2024-05-09 14:18:23  concatenate (Concatenate)   (None, 2000)                 0         ['cell.rnaseq[0][0]',         
2024-05-09 14:18:23                                                                      'drug.descriptors[0][0]']    
2024-05-09 14:18:23                                                                                                   
2024-05-09 14:18:23  dense_6 (Dense)             (None, 1000)                 2001000   ['concatenate[0][0]']         
2024-05-09 14:18:23                                                                                                   
2024-05-09 14:18:23  permanent_dropout_6 (Perma  (None, 1000)                 0         ['dense_6[0][0]']             
2024-05-09 14:18:23  nentDropout)                                                                                     
2024-05-09 14:18:23                                                                                                   
2024-05-09 14:18:23  dense_7 (Dense)             (None, 1000)                 1001000   ['permanent_dropout_6[0][0]'] 
2024-05-09 14:18:23                                                                                                   
2024-05-09 14:18:23  permanent_dropout_7 (Perma  (None, 1000)                 0         ['dense_7[0][0]']             
2024-05-09 14:18:23  nentDropout)                                                                                     
2024-05-09 14:18:23                                                                                                   
2024-05-09 14:18:23  dense_8 (Dense)             (None, 1000)                 1001000   ['permanent_dropout_7[0][0]'] 
2024-05-09 14:18:23                                                                                                   
2024-05-09 14:18:23  permanent_dropout_8 (Perma  (None, 1000)                 0         ['dense_8[0][0]']             
2024-05-09 14:18:23  nentDropout)                                                                                     
2024-05-09 14:18:23                                                                                                   
2024-05-09 14:18:23  dense_9 (Dense)             (None, 1000)                 1001000   ['permanent_dropout_8[0][0]'] 
2024-05-09 14:18:23                                                                                                   
2024-05-09 14:18:23  permanent_dropout_9 (Perma  (None, 1000)                 0         ['dense_9[0][0]']             
2024-05-09 14:18:23  nentDropout)                                                                                     
2024-05-09 14:18:23                                                                                                   
2024-05-09 14:18:23  dense_10 (Dense)            (None, 1000)                 1001000   ['permanent_dropout_9[0][0]'] 
2024-05-09 14:18:23                                                                                                   
2024-05-09 14:18:23  permanent_dropout_10 (Perm  (None, 1000)                 0         ['dense_10[0][0]']            
2024-05-09 14:18:23  anentDropout)                                                                                    
2024-05-09 14:18:23                                                                                                   
2024-05-09 14:18:23  dense_11 (Dense)            (None, 1)                    1001      ['permanent_dropout_10[0][0]']
2024-05-09 14:18:23                                                                                                   
2024-05-09 14:18:23 ==================================================================================================
2024-05-09 14:18:23 Total params: 12583001 (48.00 MB)
2024-05-09 14:18:23 Trainable params: 12583001 (48.00 MB)
2024-05-09 14:18:23 Non-trainable params: 0 (0.00 Byte)
2024-05-09 14:18:23 __________________________________________________________________________________________________
2024-05-09 14:18:24 CKPT CONSTRUCT...
2024-05-09 14:18:24 CKPT CONSTRUCT OK.
2024-05-09 14:18:24 template model: <keras.src.engine.functional.Functional object at 0x152785498f40>
2024-05-09 14:18:25 COMPILE
2024-05-09 14:18:25 Will save weights to: /dev/shm/Uno/save/8996484.amn-0001/7/3.1.model.h5
2024-05-09 14:18:41 Between random pairs in y_val:
2024-05-09 14:18:41   mse: 0.04732322
2024-05-09 14:18:41   mae: 0.15899810
2024-05-09 14:18:41   r2: -1.00605524
2024-05-09 14:18:41   corr: -0.00302762
2024-05-09 14:18:41 Data points per epoch: train = 470167, val = 117542, test = 566
2024-05-09 14:18:41 Steps per epoch: train = 14692, val = 3673, test = 17
2024-05-09 14:18:41 Epoch 0: lr=0.001
2024-05-09 14:19:55 [Epoch: 0] loss: 0.025530, mae: 0.079254, r2: -0.400945, val_loss: 0.008608, val_mae: 0.065355, val_r2: 0.585228
2024-05-09 14:19:56 Epoch 1: lr=0.00082
2024-05-09 14:21:08 [Epoch: 1] loss: 0.007997, mae: 0.063972, r2: 0.623054, val_loss: 0.007643, val_mae: 0.061695, val_r2: 0.634321
2024-05-09 14:21:08 Epoch 2: lr=0.00064
2024-05-09 14:22:21 [Epoch: 2] loss: 0.007304, mae: 0.060813, r2: 0.654444, val_loss: 0.007355, val_mae: 0.060068, val_r2: 0.641945
2024-05-09 14:22:21 Epoch 3: lr=0.00046
2024-05-09 14:23:33 [Epoch: 3] loss: 0.006831, mae: 0.058637, r2: 0.676157, val_loss: 0.006887, val_mae: 0.058902, val_r2: 0.670265
2024-05-09 14:23:33 Epoch 4: lr=0.00028
2024-05-09 14:24:46 [Epoch: 4] loss: 0.006432, mae: 0.056836, r2: 0.694406, val_loss: 0.006580, val_mae: 0.057383, val_r2: 0.682165
2024-05-09 14:24:46 Epoch 5: lr=0.0001
2024-05-09 14:25:58 [Epoch: 5] loss: 0.006101, mae: 0.055282, r2: 0.709663, val_loss: 0.006461, val_mae: 0.057211, val_r2: 0.689499
2024-05-09 14:25:58 Epoch 6: lr=0.0001
2024-05-09 14:27:11 [Epoch: 6] loss: 0.006000, mae: 0.054828, r2: 0.714153, val_loss: 0.006400, val_mae: 0.056451, val_r2: 0.690380
2024-05-09 14:27:11 Epoch 7: lr=0.0001
2024-05-09 14:28:22 [Epoch: 7] loss: 0.005915, mae: 0.054427, r2: 0.718185, val_loss: 0.006389, val_mae: 0.056475, val_r2: 0.690183
2024-05-09 14:28:23 Epoch 8: lr=0.0001
2024-05-09 14:29:35 [Epoch: 8] loss: 0.005857, mae: 0.054184, r2: 0.720679, val_loss: 0.006346, val_mae: 0.055480, val_r2: 0.693633
2024-05-09 14:29:35 Epoch 9: lr=0.0001
2024-05-09 14:30:48 [Epoch: 9] loss: 0.005783, mae: 0.053844, r2: 0.724311, val_loss: 0.006288, val_mae: 0.055599, val_r2: 0.696083
2024-05-09 14:30:48 Epoch 10: lr=0.0001
2024-05-09 14:32:00 [Epoch: 10] loss: 0.005734, mae: 0.053585, r2: 0.726457, val_loss: 0.006277, val_mae: 0.056263, val_r2: 0.694743
2024-05-09 14:32:00 Epoch 11: lr=0.0001
2024-05-09 14:33:12 [Epoch: 11] loss: 0.005669, mae: 0.053321, r2: 0.729344, val_loss: 0.006232, val_mae: 0.055599, val_r2: 0.699429
2024-05-09 14:33:12 Epoch 12: lr=0.0001
2024-05-09 14:34:25 [Epoch: 12] loss: 0.005615, mae: 0.053064, r2: 0.732061, val_loss: 0.006242, val_mae: 0.055102, val_r2: 0.698071
2024-05-09 14:34:25 Epoch 13: lr=0.0001
2024-05-09 14:35:38 [Epoch: 13] loss: 0.005559, mae: 0.052781, r2: 0.734719, val_loss: 0.006209, val_mae: 0.055230, val_r2: 0.699868
2024-05-09 14:35:38 Epoch 14: lr=0.0001
2024-05-09 14:36:50 [Epoch: 14] loss: 0.005498, mae: 0.052510, r2: 0.737575, val_loss: 0.006196, val_mae: 0.055092, val_r2: 0.698891
2024-05-09 14:36:50 Epoch 15: lr=0.0001
2024-05-09 14:38:03 [Epoch: 15] loss: 0.005455, mae: 0.052312, r2: 0.739470, val_loss: 0.006168, val_mae: 0.055239, val_r2: 0.701697
2024-05-09 14:38:03 Epoch 16: lr=0.0001
2024-05-09 14:39:15 [Epoch: 16] loss: 0.005397, mae: 0.052037, r2: 0.742146, val_loss: 0.006171, val_mae: 0.055013, val_r2: 0.699930
2024-05-09 14:39:15 Epoch 17: lr=5e-05
2024-05-09 14:40:28 [Epoch: 17] loss: 0.005295, mae: 0.051557, r2: 0.746820, val_loss: 0.006103, val_mae: 0.054623, val_r2: 0.705001
2024-05-09 14:40:28 Epoch 18: lr=5e-05
2024-05-09 14:41:40 [Epoch: 18] loss: 0.005247, mae: 0.051321, r2: 0.749069, val_loss: 0.006107, val_mae: 0.054615, val_r2: 0.704689
2024-05-09 14:41:40 Epoch 19: lr=5e-05
2024-05-09 14:42:53 [Epoch: 19] loss: 0.005212, mae: 0.051168, r2: 0.750736, val_loss: 0.006116, val_mae: 0.054538, val_r2: 0.703477
2024-05-09 14:42:53 Epoch 20: lr=5e-05
2024-05-09 14:44:04 [Epoch: 20] loss: 0.005193, mae: 0.051063, r2: 0.751885, val_loss: 0.006142, val_mae: 0.054682, val_r2: 0.701279
2024-05-09 14:44:05 Epoch 21: lr=5e-05
2024-05-09 14:45:17 [Epoch: 21] loss: 0.005165, mae: 0.050972, r2: 0.752682, val_loss: 0.006115, val_mae: 0.054350, val_r2: 0.703822
2024-05-09 14:45:17 Epoch 22: lr=5e-05
2024-05-09 14:46:30 [Epoch: 22] loss: 0.005128, mae: 0.050777, r2: 0.754749, val_loss: 0.006120, val_mae: 0.054905, val_r2: 0.703343
2024-05-09 14:46:30 Epoch 23: lr=2.5e-05
2024-05-09 14:47:42 [Epoch: 23] loss: 0.005070, mae: 0.050508, r2: 0.757248, val_loss: 0.006113, val_mae: 0.054438, val_r2: 0.704383
2024-05-09 14:47:42 Epoch 24: lr=2.5e-05
2024-05-09 14:48:54 [Epoch: 24] loss: 0.005050, mae: 0.050425, r2: 0.758338, val_loss: 0.006116, val_mae: 0.054393, val_r2: 0.704157
2024-05-09 14:48:54 Epoch 25: lr=2.5e-05
2024-05-09 14:50:06 [Epoch: 25] loss: 0.005040, mae: 0.050348, r2: 0.758841, val_loss: 0.006104, val_mae: 0.054470, val_r2: 0.703985
2024-05-09 14:50:07 Epoch 26: lr=2.5e-05
2024-05-09 14:51:19 [Epoch: 26] loss: 0.005021, mae: 0.050244, r2: 0.759473, val_loss: 0.006123, val_mae: 0.054470, val_r2: 0.702331
2024-05-09 14:51:19 Epoch 27: lr=2.5e-05
2024-05-09 14:52:32 [Epoch: 27] loss: 0.005003, mae: 0.050160, r2: 0.760487, val_loss: 0.006084, val_mae: 0.054233, val_r2: 0.705276
2024-05-09 14:52:32 Epoch 28: lr=1.25e-05
2024-05-09 14:53:44 [Epoch: 28] loss: 0.004974, mae: 0.050032, r2: 0.761873, val_loss: 0.006073, val_mae: 0.054379, val_r2: 0.704878
2024-05-09 14:53:44 Epoch 29: lr=1.25e-05
2024-05-09 14:54:56 [Epoch: 29] loss: 0.004966, mae: 0.049977, r2: 0.762191, val_loss: 0.006087, val_mae: 0.054401, val_r2: 0.704941
2024-05-09 14:54:57 history_length: 30
2024-05-09 14:54:57 stopping: complete
2024-05-09 14:54:57 Comparing y_true and y_pred:
2024-05-09 14:54:57   mse: 0.00612059
2024-05-09 14:54:57   mae: 0.05405776
2024-05-09 14:54:57   r2: 0.61224890
2024-05-09 14:54:57   corr: 0.78463903
