2024-05-22 19:47:05 UNO RUN ...
2024-05-22 19:47:05 Params: {'model_name': 'uno', 'train_sources': ['CCLE'], 'test_sources': ['train'], 'cell_types': None, 'cell_features': ['rnaseq'], 'drug_features': ['descriptors'], 'dense': [1000, 1000, 1000, 1000, 1000], 'dense_feature_layers': [1000, 1000, 1000], 'activation': 'relu', 'loss': 'mse', 'optimizer': 'adamax', 'scaling': 'std', 'dropout': 0.1, 'epochs': 50, 'batch_size': 32, 'val_split': 0.2, 'cv': 1, 'max_val_loss': 1.0, 'learning_rate': 0.0001, 'base_lr': None, 'agg_dose': 'AUC', 'residual': False, 'reduce_lr': True, 'warmup_lr': True, 'batch_normalization': False, 'feature_subsample': 0, 'rng_seed': 2018, 'no_gen': False, 'verbose': False, 'preprocess_rnaseq': 'source_scale', 'gpus': [0], 'use_landmark_genes': True, 'no_feature_source': True, 'no_response_source': True, 'save_path': '/dev/shm/Uno/save/9000896.amn-0001/93', 'single': True, 'on_memory_loader': True, 'ckpt_checksum': True, 'ckpt_save_interval': 0, 'timeout': -1, 'train_bool': True, 'profiling': False, 'experiment_id': '9000896.amn-0001', 'run_id': '93', 'logfile': '/dev/shm/Uno/save/9000896.amn-0001/93/python.log', 'shuffle': False, 'ckpt_restart_mode': 'off', 'ckpt_skip_epochs': 0, 'ckpt_directory': '/dev/shm/Uno/save/9000896.amn-0001/93', 'ckpt_save_best': True, 'ckpt_save_best_metric': 'val_loss', 'ckpt_save_weights_only': False, 'ckpt_keep_mode': 'linear', 'ckpt_keep_limit': 5, 'by_cell': None, 'by_drug': None, 'cell_subset_path': '', 'drug_subset_path': '', 'drug_median_response_min': -1, 'drug_median_response_max': 1, 'dense_cell_feature_layers': None, 'dense_drug_feature_layers': None, 'use_filtered_genes': False, 'feature_subset_path': '', 'cell_feature_subset_path': '', 'drug_feature_subset_path': '', 'es': True, 'cp': False, 'tb': False, 'tb_prefix': 'tb', 'partition_by': None, 'cache': None, 'export_csv': None, 'export_data': None, 'use_exported_data': '/dev/shm/Uno/x1922c7s0b0n0.93.merged.landmark.h5', 'growth_bins': 0, 'initial_weights': None, 'save_weights': '/dev/shm/Uno/save/9000896.amn-0001/93/4.1.model.h5', 'config_file': '/home/brettin/CSC249ADOA01_CNDA/brettin/Benchmarks/Pilot1/Uno/uno_auc_model.txt', 'data_type': <class 'numpy.float32'>, 'data_dir': '/dev/shm/Uno/uno/Data', 'output_dir': '/dev/shm/Uno/uno/Output/9000896.amn-0001/93'}
2024-05-22 19:47:05 Feature encoding submodel for cell.rnaseq:
2024-05-22 19:47:05 Model: "cell.rnaseq"
2024-05-22 19:47:05 _________________________________________________________________
2024-05-22 19:47:05  Layer (type)                Output Shape              Param #   
2024-05-22 19:47:05 =================================================================
2024-05-22 19:47:05  input_1 (InputLayer)        [(None, 958)]             0         
2024-05-22 19:47:05                                                                  
2024-05-22 19:47:05  dense (Dense)               (None, 1000)              959000    
2024-05-22 19:47:05                                                                  
2024-05-22 19:47:05  permanent_dropout (Permane  (None, 1000)              0         
2024-05-22 19:47:05  ntDropout)                                                      
2024-05-22 19:47:05                                                                  
2024-05-22 19:47:05  dense_1 (Dense)             (None, 1000)              1001000   
2024-05-22 19:47:05                                                                  
2024-05-22 19:47:05  permanent_dropout_1 (Perma  (None, 1000)              0         
2024-05-22 19:47:05  nentDropout)                                                    
2024-05-22 19:47:05                                                                  
2024-05-22 19:47:05  dense_2 (Dense)             (None, 1000)              1001000   
2024-05-22 19:47:05                                                                  
2024-05-22 19:47:05  permanent_dropout_2 (Perma  (None, 1000)              0         
2024-05-22 19:47:05  nentDropout)                                                    
2024-05-22 19:47:05                                                                  
2024-05-22 19:47:05 =================================================================
2024-05-22 19:47:05 Total params: 2961000 (11.30 MB)
2024-05-22 19:47:05 Trainable params: 2961000 (11.30 MB)
2024-05-22 19:47:05 Non-trainable params: 0 (0.00 Byte)
2024-05-22 19:47:05 _________________________________________________________________
2024-05-22 19:47:05 Feature encoding submodel for drug.descriptors:
2024-05-22 19:47:05 Model: "drug.descriptors"
2024-05-22 19:47:05 _________________________________________________________________
2024-05-22 19:47:05  Layer (type)                Output Shape              Param #   
2024-05-22 19:47:05 =================================================================
2024-05-22 19:47:05  input_2 (InputLayer)        [(None, 1613)]            0         
2024-05-22 19:47:05                                                                  
2024-05-22 19:47:05  dense_3 (Dense)             (None, 1000)              1614000   
2024-05-22 19:47:05                                                                  
2024-05-22 19:47:05  permanent_dropout_3 (Perma  (None, 1000)              0         
2024-05-22 19:47:05  nentDropout)                                                    
2024-05-22 19:47:05                                                                  
2024-05-22 19:47:05  dense_4 (Dense)             (None, 1000)              1001000   
2024-05-22 19:47:05                                                                  
2024-05-22 19:47:05  permanent_dropout_4 (Perma  (None, 1000)              0         
2024-05-22 19:47:05  nentDropout)                                                    
2024-05-22 19:47:05                                                                  
2024-05-22 19:47:05  dense_5 (Dense)             (None, 1000)              1001000   
2024-05-22 19:47:05                                                                  
2024-05-22 19:47:05  permanent_dropout_5 (Perma  (None, 1000)              0         
2024-05-22 19:47:05  nentDropout)                                                    
2024-05-22 19:47:05                                                                  
2024-05-22 19:47:05 =================================================================
2024-05-22 19:47:05 Total params: 3616000 (13.79 MB)
2024-05-22 19:47:05 Trainable params: 3616000 (13.79 MB)
2024-05-22 19:47:05 Non-trainable params: 0 (0.00 Byte)
2024-05-22 19:47:05 _________________________________________________________________
2024-05-22 19:47:05 Combined model:
2024-05-22 19:47:05 Model: "model"
2024-05-22 19:47:05 __________________________________________________________________________________________________
2024-05-22 19:47:05  Layer (type)                Output Shape                 Param #   Connected to                  
2024-05-22 19:47:05 ==================================================================================================
2024-05-22 19:47:05  input.cell.rnaseq (InputLa  [(None, 958)]                0         []                            
2024-05-22 19:47:05  yer)                                                                                             
2024-05-22 19:47:05                                                                                                   
2024-05-22 19:47:05  input.drug1.descriptors (I  [(None, 1613)]               0         []                            
2024-05-22 19:47:05  nputLayer)                                                                                       
2024-05-22 19:47:05                                                                                                   
2024-05-22 19:47:05  cell.rnaseq (Functional)    (None, 1000)                 2961000   ['input.cell.rnaseq[0][0]']   
2024-05-22 19:47:05                                                                                                   
2024-05-22 19:47:05  drug.descriptors (Function  (None, 1000)                 3616000   ['input.drug1.descriptors[0][0
2024-05-22 19:47:05  al)                                                                ]']                           
2024-05-22 19:47:05                                                                                                   
2024-05-22 19:47:05  concatenate (Concatenate)   (None, 2000)                 0         ['cell.rnaseq[0][0]',         
2024-05-22 19:47:05                                                                      'drug.descriptors[0][0]']    
2024-05-22 19:47:05                                                                                                   
2024-05-22 19:47:05  dense_6 (Dense)             (None, 1000)                 2001000   ['concatenate[0][0]']         
2024-05-22 19:47:05                                                                                                   
2024-05-22 19:47:05  permanent_dropout_6 (Perma  (None, 1000)                 0         ['dense_6[0][0]']             
2024-05-22 19:47:05  nentDropout)                                                                                     
2024-05-22 19:47:05                                                                                                   
2024-05-22 19:47:05  dense_7 (Dense)             (None, 1000)                 1001000   ['permanent_dropout_6[0][0]'] 
2024-05-22 19:47:05                                                                                                   
2024-05-22 19:47:05  permanent_dropout_7 (Perma  (None, 1000)                 0         ['dense_7[0][0]']             
2024-05-22 19:47:05  nentDropout)                                                                                     
2024-05-22 19:47:05                                                                                                   
2024-05-22 19:47:05  dense_8 (Dense)             (None, 1000)                 1001000   ['permanent_dropout_7[0][0]'] 
2024-05-22 19:47:05                                                                                                   
2024-05-22 19:47:05  permanent_dropout_8 (Perma  (None, 1000)                 0         ['dense_8[0][0]']             
2024-05-22 19:47:05  nentDropout)                                                                                     
2024-05-22 19:47:05                                                                                                   
2024-05-22 19:47:05  dense_9 (Dense)             (None, 1000)                 1001000   ['permanent_dropout_8[0][0]'] 
2024-05-22 19:47:05                                                                                                   
2024-05-22 19:47:05  permanent_dropout_9 (Perma  (None, 1000)                 0         ['dense_9[0][0]']             
2024-05-22 19:47:05  nentDropout)                                                                                     
2024-05-22 19:47:05                                                                                                   
2024-05-22 19:47:05  dense_10 (Dense)            (None, 1000)                 1001000   ['permanent_dropout_9[0][0]'] 
2024-05-22 19:47:05                                                                                                   
2024-05-22 19:47:05  permanent_dropout_10 (Perm  (None, 1000)                 0         ['dense_10[0][0]']            
2024-05-22 19:47:05  anentDropout)                                                                                    
2024-05-22 19:47:05                                                                                                   
2024-05-22 19:47:05  dense_11 (Dense)            (None, 1)                    1001      ['permanent_dropout_10[0][0]']
2024-05-22 19:47:05                                                                                                   
2024-05-22 19:47:05 ==================================================================================================
2024-05-22 19:47:05 Total params: 12583001 (48.00 MB)
2024-05-22 19:47:05 Trainable params: 12583001 (48.00 MB)
2024-05-22 19:47:05 Non-trainable params: 0 (0.00 Byte)
2024-05-22 19:47:05 __________________________________________________________________________________________________
2024-05-22 19:47:05 CKPT CONSTRUCT...
2024-05-22 19:47:05 CKPT CONSTRUCT OK.
2024-05-22 19:47:05 template model: <keras.src.engine.functional.Functional object at 0x154fa2545f70>
2024-05-22 19:47:07 COMPILE
2024-05-22 19:47:07 Will save weights to: /dev/shm/Uno/save/9000896.amn-0001/93/4.1.model.h5
2024-05-22 19:47:23 Between random pairs in y_val:
2024-05-22 19:47:23   mse: 0.04747278
2024-05-22 19:47:23   mae: 0.15963335
2024-05-22 19:47:23   r2: -0.99450356
2024-05-22 19:47:23   corr: 0.00274822
2024-05-22 19:47:23 Data points per epoch: train = 469586, val = 117397, test = 726
2024-05-22 19:47:23 Steps per epoch: train = 14674, val = 3668, test = 22
2024-05-22 19:47:23 Epoch 0: lr=0.001
2024-05-22 19:48:37 [Epoch: 0] loss: 0.024838, mae: 0.079333, r2: -0.428277, val_loss: 0.008881, val_mae: 0.066801, val_r2: 0.579989
2024-05-22 19:48:37 Epoch 1: lr=0.00082
2024-05-22 19:49:48 [Epoch: 1] loss: 0.007999, mae: 0.063922, r2: 0.620146, val_loss: 0.007918, val_mae: 0.062318, val_r2: 0.630931
2024-05-22 19:49:48 Epoch 2: lr=0.00064
2024-05-22 19:51:00 [Epoch: 2] loss: 0.007315, mae: 0.060846, r2: 0.651748, val_loss: 0.007083, val_mae: 0.059480, val_r2: 0.664543
2024-05-22 19:51:00 Epoch 3: lr=0.00046
2024-05-22 19:52:11 [Epoch: 3] loss: 0.006845, mae: 0.058715, r2: 0.673401, val_loss: 0.006744, val_mae: 0.058111, val_r2: 0.679261
2024-05-22 19:52:11 Epoch 4: lr=0.00028
2024-05-22 19:53:23 [Epoch: 4] loss: 0.006448, mae: 0.056911, r2: 0.691256, val_loss: 0.006567, val_mae: 0.056901, val_r2: 0.687602
2024-05-22 19:53:23 Epoch 5: lr=0.0001
2024-05-22 19:54:35 [Epoch: 5] loss: 0.006117, mae: 0.055322, r2: 0.706939, val_loss: 0.006372, val_mae: 0.056051, val_r2: 0.698225
2024-05-22 19:54:35 Epoch 6: lr=0.0001
2024-05-22 19:55:47 [Epoch: 6] loss: 0.005999, mae: 0.054840, r2: 0.712263, val_loss: 0.006357, val_mae: 0.055664, val_r2: 0.697842
2024-05-22 19:55:47 Epoch 7: lr=0.0001
2024-05-22 19:56:58 [Epoch: 7] loss: 0.005927, mae: 0.054507, r2: 0.715604, val_loss: 0.006373, val_mae: 0.055744, val_r2: 0.698075
2024-05-22 19:56:59 Epoch 8: lr=0.0001
2024-05-22 19:58:10 [Epoch: 8] loss: 0.005851, mae: 0.054169, r2: 0.719174, val_loss: 0.006296, val_mae: 0.055575, val_r2: 0.700223
2024-05-22 19:58:10 Epoch 9: lr=0.0001
2024-05-22 19:59:21 [Epoch: 9] loss: 0.005789, mae: 0.053870, r2: 0.721896, val_loss: 0.006280, val_mae: 0.055720, val_r2: 0.700606
2024-05-22 19:59:22 Epoch 10: lr=0.0001
2024-05-22 20:00:33 [Epoch: 10] loss: 0.005726, mae: 0.053577, r2: 0.724823, val_loss: 0.006229, val_mae: 0.055415, val_r2: 0.702879
2024-05-22 20:00:33 Epoch 11: lr=0.0001
2024-05-22 20:01:44 [Epoch: 11] loss: 0.005666, mae: 0.053319, r2: 0.727432, val_loss: 0.006225, val_mae: 0.055302, val_r2: 0.703451
2024-05-22 20:01:44 Epoch 12: lr=0.0001
2024-05-22 20:02:56 [Epoch: 12] loss: 0.005616, mae: 0.053105, r2: 0.730201, val_loss: 0.006177, val_mae: 0.055101, val_r2: 0.706027
2024-05-22 20:02:56 Epoch 13: lr=0.0001
2024-05-22 20:04:07 [Epoch: 13] loss: 0.005565, mae: 0.052826, r2: 0.732518, val_loss: 0.006190, val_mae: 0.054910, val_r2: 0.705842
2024-05-22 20:04:07 Epoch 14: lr=0.0001
2024-05-22 20:05:19 [Epoch: 14] loss: 0.005498, mae: 0.052552, r2: 0.735521, val_loss: 0.006157, val_mae: 0.055498, val_r2: 0.706046
2024-05-22 20:05:19 Epoch 15: lr=0.0001
2024-05-22 20:06:31 [Epoch: 15] loss: 0.005452, mae: 0.052328, r2: 0.737650, val_loss: 0.006137, val_mae: 0.054638, val_r2: 0.707476
2024-05-22 20:06:31 Epoch 16: lr=5e-05
2024-05-22 20:07:43 [Epoch: 16] loss: 0.005329, mae: 0.051704, r2: 0.743509, val_loss: 0.006128, val_mae: 0.054643, val_r2: 0.706780
2024-05-22 20:07:43 Epoch 17: lr=5e-05
2024-05-22 20:08:55 [Epoch: 17] loss: 0.005289, mae: 0.051586, r2: 0.745236, val_loss: 0.006099, val_mae: 0.054742, val_r2: 0.708577
2024-05-22 20:08:55 Epoch 18: lr=5e-05
2024-05-22 20:10:06 [Epoch: 18] loss: 0.005261, mae: 0.051393, r2: 0.746679, val_loss: 0.006117, val_mae: 0.054955, val_r2: 0.707188
2024-05-22 20:10:06 Epoch 19: lr=5e-05
2024-05-22 20:11:18 [Epoch: 19] loss: 0.005222, mae: 0.051257, r2: 0.748567, val_loss: 0.006099, val_mae: 0.054341, val_r2: 0.709157
2024-05-22 20:11:18 Epoch 20: lr=5e-05
2024-05-22 20:12:30 [Epoch: 20] loss: 0.005211, mae: 0.051187, r2: 0.748924, val_loss: 0.006122, val_mae: 0.054421, val_r2: 0.707423
2024-05-22 20:12:30 Epoch 21: lr=5e-05
2024-05-22 20:13:41 [Epoch: 21] loss: 0.005162, mae: 0.050981, r2: 0.751106, val_loss: 0.006100, val_mae: 0.054790, val_r2: 0.708326
2024-05-22 20:13:41 Epoch 22: lr=2.5e-05
2024-05-22 20:14:53 [Epoch: 22] loss: 0.005117, mae: 0.050782, r2: 0.753315, val_loss: 0.006110, val_mae: 0.054464, val_r2: 0.708617
2024-05-22 20:14:53 Epoch 23: lr=2.5e-05
2024-05-22 20:16:04 [Epoch: 23] loss: 0.005089, mae: 0.050622, r2: 0.754593, val_loss: 0.006075, val_mae: 0.054479, val_r2: 0.709111
2024-05-22 20:16:05 Epoch 24: lr=2.5e-05
2024-05-22 20:17:16 [Epoch: 24] loss: 0.005078, mae: 0.050575, r2: 0.755143, val_loss: 0.006111, val_mae: 0.054269, val_r2: 0.707860
2024-05-22 20:17:16 Epoch 25: lr=2.5e-05
2024-05-22 20:18:28 [Epoch: 25] loss: 0.005061, mae: 0.050507, r2: 0.755979, val_loss: 0.006099, val_mae: 0.054522, val_r2: 0.707929
2024-05-22 20:18:28 Epoch 26: lr=2.5e-05
2024-05-22 20:19:39 [Epoch: 26] loss: 0.005041, mae: 0.050419, r2: 0.757037, val_loss: 0.006093, val_mae: 0.054377, val_r2: 0.708855
2024-05-22 20:19:40 Epoch 27: lr=1.25e-05
2024-05-22 20:20:51 [Epoch: 27] loss: 0.005018, mae: 0.050310, r2: 0.758056, val_loss: 0.006098, val_mae: 0.054213, val_r2: 0.708887
2024-05-22 20:20:51 Epoch 28: lr=1.25e-05
2024-05-22 20:22:03 [Epoch: 28] loss: 0.005011, mae: 0.050259, r2: 0.758248, val_loss: 0.006063, val_mae: 0.054239, val_r2: 0.710312
2024-05-22 20:22:03 Epoch 29: lr=1.25e-05
2024-05-22 20:23:15 [Epoch: 29] loss: 0.004991, mae: 0.050155, r2: 0.759232, val_loss: 0.006073, val_mae: 0.054331, val_r2: 0.710152
2024-05-22 20:23:15 Epoch 30: lr=1.25e-05
2024-05-22 20:24:27 [Epoch: 30] loss: 0.004987, mae: 0.050140, r2: 0.759546, val_loss: 0.006109, val_mae: 0.054343, val_r2: 0.707991
2024-05-22 20:24:27 Epoch 31: lr=1.25e-05
2024-05-22 20:25:38 [Epoch: 31] loss: 0.004973, mae: 0.050083, r2: 0.760097, val_loss: 0.006067, val_mae: 0.054393, val_r2: 0.710381
2024-05-22 20:25:38 Epoch 32: lr=1e-05
2024-05-22 20:26:50 [Epoch: 32] loss: 0.004965, mae: 0.050028, r2: 0.760426, val_loss: 0.006087, val_mae: 0.054367, val_r2: 0.709880
2024-05-22 20:26:50 Epoch 33: lr=1e-05
2024-05-22 20:28:02 [Epoch: 33] loss: 0.004976, mae: 0.050032, r2: 0.760075, val_loss: 0.006066, val_mae: 0.054270, val_r2: 0.710699
2024-05-22 20:28:02 Epoch 34: lr=1e-05
2024-05-22 20:29:13 [Epoch: 34] loss: 0.004950, mae: 0.049973, r2: 0.760993, val_loss: 0.006086, val_mae: 0.054493, val_r2: 0.709348
2024-05-22 20:29:13 Epoch 35: lr=1e-05
2024-05-22 20:30:25 [Epoch: 35] loss: 0.004951, mae: 0.049955, r2: 0.760932, val_loss: 0.006071, val_mae: 0.054247, val_r2: 0.709767
2024-05-22 20:30:25 Epoch 36: lr=1e-05
2024-05-22 20:31:37 [Epoch: 36] loss: 0.004942, mae: 0.049930, r2: 0.761470, val_loss: 0.006094, val_mae: 0.054347, val_r2: 0.709087
2024-05-22 20:31:37 Epoch 37: lr=1e-05
2024-05-22 20:32:49 [Epoch: 37] loss: 0.004946, mae: 0.049954, r2: 0.761070, val_loss: 0.006071, val_mae: 0.054068, val_r2: 0.710058
2024-05-22 20:32:49 Epoch 38: lr=1e-05
2024-05-22 20:34:00 [Epoch: 38] loss: 0.004934, mae: 0.049896, r2: 0.761819, val_loss: 0.006078, val_mae: 0.054193, val_r2: 0.709984
2024-05-22 20:34:00 history_length: 39
2024-05-22 20:34:00 stopping: early
2024-05-22 20:34:00 Comparing y_true and y_pred:
2024-05-22 20:34:00   mse: 0.01801019
2024-05-22 20:34:00   mae: 0.09308937
2024-05-22 20:34:00   r2: -0.51574000
2024-05-22 20:34:00   corr: 0.04238837
