2024-05-17 17:41:53 UNO RUN ...
2024-05-17 17:41:53 Params: {'model_name': 'uno', 'train_sources': ['CCLE'], 'test_sources': ['train'], 'cell_types': None, 'cell_features': ['rnaseq'], 'drug_features': ['descriptors'], 'dense': [1000, 1000, 1000, 1000, 1000], 'dense_feature_layers': [1000, 1000, 1000], 'activation': 'relu', 'loss': 'mse', 'optimizer': 'adamax', 'scaling': 'std', 'dropout': 0.1, 'epochs': 75, 'batch_size': 32, 'val_split': 0.2, 'cv': 1, 'max_val_loss': 1.0, 'learning_rate': 0.0001, 'base_lr': None, 'agg_dose': 'AUC', 'residual': False, 'reduce_lr': True, 'warmup_lr': True, 'batch_normalization': False, 'feature_subsample': 0, 'rng_seed': 2018, 'no_gen': False, 'verbose': False, 'preprocess_rnaseq': 'source_scale', 'gpus': [0], 'use_landmark_genes': True, 'no_feature_source': True, 'no_response_source': True, 'save_path': '/dev/shm/Uno/save/8998722.amn-0001/15', 'single': True, 'on_memory_loader': True, 'ckpt_checksum': True, 'ckpt_save_interval': 0, 'timeout': -1, 'train_bool': True, 'profiling': False, 'experiment_id': '8998722.amn-0001', 'run_id': '15', 'logfile': '/dev/shm/Uno/save/8998722.amn-0001/15/python.log', 'shuffle': False, 'ckpt_restart_mode': 'off', 'ckpt_skip_epochs': 0, 'ckpt_directory': '/dev/shm/Uno/save/8998722.amn-0001/15', 'ckpt_save_best': True, 'ckpt_save_best_metric': 'val_loss', 'ckpt_save_weights_only': False, 'ckpt_keep_mode': 'linear', 'ckpt_keep_limit': 5, 'by_cell': None, 'by_drug': None, 'cell_subset_path': '', 'drug_subset_path': '', 'drug_median_response_min': -1, 'drug_median_response_max': 1, 'dense_cell_feature_layers': None, 'dense_drug_feature_layers': None, 'use_filtered_genes': False, 'feature_subset_path': '', 'cell_feature_subset_path': '', 'drug_feature_subset_path': '', 'es': True, 'cp': False, 'tb': False, 'tb_prefix': 'tb', 'partition_by': None, 'cache': None, 'export_csv': None, 'export_data': None, 'use_exported_data': '/dev/shm/Uno/x1922c2s2b0n0.15.merged.landmark.h5', 'growth_bins': 0, 'initial_weights': None, 'save_weights': '/dev/shm/Uno/save/8998722.amn-0001/15/1.1.model.h5', 'config_file': '/home/brettin/CSC249ADOA01_CNDA/brettin/Benchmarks/Pilot1/Uno/uno_auc_model.txt', 'data_type': <class 'numpy.float32'>, 'data_dir': '/dev/shm/Uno/uno/Data', 'output_dir': '/dev/shm/Uno/uno/Output/8998722.amn-0001/15'}
2024-05-17 17:41:54 Feature encoding submodel for cell.rnaseq:
2024-05-17 17:41:54 Model: "cell.rnaseq"
2024-05-17 17:41:54 _________________________________________________________________
2024-05-17 17:41:54  Layer (type)                Output Shape              Param #   
2024-05-17 17:41:54 =================================================================
2024-05-17 17:41:54  input_1 (InputLayer)        [(None, 958)]             0         
2024-05-17 17:41:54                                                                  
2024-05-17 17:41:54  dense (Dense)               (None, 1000)              959000    
2024-05-17 17:41:54                                                                  
2024-05-17 17:41:54  permanent_dropout (Permane  (None, 1000)              0         
2024-05-17 17:41:54  ntDropout)                                                      
2024-05-17 17:41:54                                                                  
2024-05-17 17:41:54  dense_1 (Dense)             (None, 1000)              1001000   
2024-05-17 17:41:54                                                                  
2024-05-17 17:41:54  permanent_dropout_1 (Perma  (None, 1000)              0         
2024-05-17 17:41:54  nentDropout)                                                    
2024-05-17 17:41:54                                                                  
2024-05-17 17:41:54  dense_2 (Dense)             (None, 1000)              1001000   
2024-05-17 17:41:54                                                                  
2024-05-17 17:41:54  permanent_dropout_2 (Perma  (None, 1000)              0         
2024-05-17 17:41:54  nentDropout)                                                    
2024-05-17 17:41:54                                                                  
2024-05-17 17:41:54 =================================================================
2024-05-17 17:41:54 Total params: 2961000 (11.30 MB)
2024-05-17 17:41:54 Trainable params: 2961000 (11.30 MB)
2024-05-17 17:41:54 Non-trainable params: 0 (0.00 Byte)
2024-05-17 17:41:54 _________________________________________________________________
2024-05-17 17:41:54 Feature encoding submodel for drug.descriptors:
2024-05-17 17:41:54 Model: "drug.descriptors"
2024-05-17 17:41:54 _________________________________________________________________
2024-05-17 17:41:54  Layer (type)                Output Shape              Param #   
2024-05-17 17:41:54 =================================================================
2024-05-17 17:41:54  input_2 (InputLayer)        [(None, 1613)]            0         
2024-05-17 17:41:54                                                                  
2024-05-17 17:41:54  dense_3 (Dense)             (None, 1000)              1614000   
2024-05-17 17:41:54                                                                  
2024-05-17 17:41:54  permanent_dropout_3 (Perma  (None, 1000)              0         
2024-05-17 17:41:54  nentDropout)                                                    
2024-05-17 17:41:54                                                                  
2024-05-17 17:41:54  dense_4 (Dense)             (None, 1000)              1001000   
2024-05-17 17:41:54                                                                  
2024-05-17 17:41:54  permanent_dropout_4 (Perma  (None, 1000)              0         
2024-05-17 17:41:54  nentDropout)                                                    
2024-05-17 17:41:54                                                                  
2024-05-17 17:41:54  dense_5 (Dense)             (None, 1000)              1001000   
2024-05-17 17:41:54                                                                  
2024-05-17 17:41:54  permanent_dropout_5 (Perma  (None, 1000)              0         
2024-05-17 17:41:54  nentDropout)                                                    
2024-05-17 17:41:54                                                                  
2024-05-17 17:41:54 =================================================================
2024-05-17 17:41:54 Total params: 3616000 (13.79 MB)
2024-05-17 17:41:54 Trainable params: 3616000 (13.79 MB)
2024-05-17 17:41:54 Non-trainable params: 0 (0.00 Byte)
2024-05-17 17:41:54 _________________________________________________________________
2024-05-17 17:41:54 Combined model:
2024-05-17 17:41:54 Model: "model"
2024-05-17 17:41:54 __________________________________________________________________________________________________
2024-05-17 17:41:54  Layer (type)                Output Shape                 Param #   Connected to                  
2024-05-17 17:41:54 ==================================================================================================
2024-05-17 17:41:54  input.cell.rnaseq (InputLa  [(None, 958)]                0         []                            
2024-05-17 17:41:54  yer)                                                                                             
2024-05-17 17:41:54                                                                                                   
2024-05-17 17:41:54  input.drug1.descriptors (I  [(None, 1613)]               0         []                            
2024-05-17 17:41:54  nputLayer)                                                                                       
2024-05-17 17:41:54                                                                                                   
2024-05-17 17:41:54  cell.rnaseq (Functional)    (None, 1000)                 2961000   ['input.cell.rnaseq[0][0]']   
2024-05-17 17:41:54                                                                                                   
2024-05-17 17:41:54  drug.descriptors (Function  (None, 1000)                 3616000   ['input.drug1.descriptors[0][0
2024-05-17 17:41:54  al)                                                                ]']                           
2024-05-17 17:41:54                                                                                                   
2024-05-17 17:41:54  concatenate (Concatenate)   (None, 2000)                 0         ['cell.rnaseq[0][0]',         
2024-05-17 17:41:54                                                                      'drug.descriptors[0][0]']    
2024-05-17 17:41:54                                                                                                   
2024-05-17 17:41:54  dense_6 (Dense)             (None, 1000)                 2001000   ['concatenate[0][0]']         
2024-05-17 17:41:54                                                                                                   
2024-05-17 17:41:54  permanent_dropout_6 (Perma  (None, 1000)                 0         ['dense_6[0][0]']             
2024-05-17 17:41:54  nentDropout)                                                                                     
2024-05-17 17:41:54                                                                                                   
2024-05-17 17:41:54  dense_7 (Dense)             (None, 1000)                 1001000   ['permanent_dropout_6[0][0]'] 
2024-05-17 17:41:54                                                                                                   
2024-05-17 17:41:54  permanent_dropout_7 (Perma  (None, 1000)                 0         ['dense_7[0][0]']             
2024-05-17 17:41:54  nentDropout)                                                                                     
2024-05-17 17:41:54                                                                                                   
2024-05-17 17:41:54  dense_8 (Dense)             (None, 1000)                 1001000   ['permanent_dropout_7[0][0]'] 
2024-05-17 17:41:54                                                                                                   
2024-05-17 17:41:54  permanent_dropout_8 (Perma  (None, 1000)                 0         ['dense_8[0][0]']             
2024-05-17 17:41:54  nentDropout)                                                                                     
2024-05-17 17:41:54                                                                                                   
2024-05-17 17:41:54  dense_9 (Dense)             (None, 1000)                 1001000   ['permanent_dropout_8[0][0]'] 
2024-05-17 17:41:54                                                                                                   
2024-05-17 17:41:54  permanent_dropout_9 (Perma  (None, 1000)                 0         ['dense_9[0][0]']             
2024-05-17 17:41:54  nentDropout)                                                                                     
2024-05-17 17:41:54                                                                                                   
2024-05-17 17:41:54  dense_10 (Dense)            (None, 1000)                 1001000   ['permanent_dropout_9[0][0]'] 
2024-05-17 17:41:54                                                                                                   
2024-05-17 17:41:54  permanent_dropout_10 (Perm  (None, 1000)                 0         ['dense_10[0][0]']            
2024-05-17 17:41:54  anentDropout)                                                                                    
2024-05-17 17:41:54                                                                                                   
2024-05-17 17:41:54  dense_11 (Dense)            (None, 1)                    1001      ['permanent_dropout_10[0][0]']
2024-05-17 17:41:54                                                                                                   
2024-05-17 17:41:54 ==================================================================================================
2024-05-17 17:41:54 Total params: 12583001 (48.00 MB)
2024-05-17 17:41:54 Trainable params: 12583001 (48.00 MB)
2024-05-17 17:41:54 Non-trainable params: 0 (0.00 Byte)
2024-05-17 17:41:54 __________________________________________________________________________________________________
2024-05-17 17:41:54 CKPT CONSTRUCT...
2024-05-17 17:41:54 CKPT CONSTRUCT OK.
2024-05-17 17:41:54 template model: <keras.src.engine.functional.Functional object at 0x14d0c3dd2f40>
2024-05-17 17:41:56 COMPILE
2024-05-17 17:41:56 Will save weights to: /dev/shm/Uno/save/8998722.amn-0001/15/1.1.model.h5
2024-05-17 17:42:12 Between random pairs in y_val:
2024-05-17 17:42:12   mse: 0.04740034
2024-05-17 17:42:12   mae: 0.15927457
2024-05-17 17:42:12   r2: -0.99127262
2024-05-17 17:42:12   corr: 0.00436369
2024-05-17 17:42:12 Data points per epoch: train = 469731, val = 117433, test = 545
2024-05-17 17:42:12 Steps per epoch: train = 14679, val = 3669, test = 17
2024-05-17 17:42:12 Epoch 0: lr=0.001
2024-05-17 17:43:26 [Epoch: 0] loss: 0.022201, mae: 0.079073, r2: -0.041703, val_loss: 0.008488, val_mae: 0.066814, val_r2: 0.591771
2024-05-17 17:43:26 Epoch 1: lr=0.00082
2024-05-17 17:44:39 [Epoch: 1] loss: 0.007989, mae: 0.063905, r2: 0.621556, val_loss: 0.007887, val_mae: 0.062169, val_r2: 0.617800
2024-05-17 17:44:39 Epoch 2: lr=0.00064
2024-05-17 17:45:51 [Epoch: 2] loss: 0.007341, mae: 0.060880, r2: 0.651752, val_loss: 0.007241, val_mae: 0.059819, val_r2: 0.650553
2024-05-17 17:45:51 Epoch 3: lr=0.00046
2024-05-17 17:47:04 [Epoch: 3] loss: 0.006880, mae: 0.058821, r2: 0.672589, val_loss: 0.006850, val_mae: 0.058706, val_r2: 0.672796
2024-05-17 17:47:04 Epoch 4: lr=0.00028
2024-05-17 17:48:16 [Epoch: 4] loss: 0.006482, mae: 0.056989, r2: 0.690538, val_loss: 0.006588, val_mae: 0.057663, val_r2: 0.684309
2024-05-17 17:48:16 Epoch 5: lr=0.0001
2024-05-17 17:49:29 [Epoch: 5] loss: 0.006147, mae: 0.055462, r2: 0.705988, val_loss: 0.006406, val_mae: 0.056804, val_r2: 0.690350
2024-05-17 17:49:30 Epoch 6: lr=0.0001
2024-05-17 17:50:42 [Epoch: 6] loss: 0.006049, mae: 0.055016, r2: 0.710344, val_loss: 0.006375, val_mae: 0.056536, val_r2: 0.692943
2024-05-17 17:50:42 Epoch 7: lr=0.0001
2024-05-17 17:51:54 [Epoch: 7] loss: 0.005979, mae: 0.054672, r2: 0.713693, val_loss: 0.006333, val_mae: 0.055880, val_r2: 0.695292
2024-05-17 17:51:55 Epoch 8: lr=0.0001
2024-05-17 17:53:07 [Epoch: 8] loss: 0.005903, mae: 0.054343, r2: 0.717200, val_loss: 0.006303, val_mae: 0.055606, val_r2: 0.695826
2024-05-17 17:53:07 Epoch 9: lr=0.0001
2024-05-17 17:54:20 [Epoch: 9] loss: 0.005839, mae: 0.054080, r2: 0.720396, val_loss: 0.006272, val_mae: 0.055859, val_r2: 0.697070
2024-05-17 17:54:20 Epoch 10: lr=0.0001
2024-05-17 17:55:33 [Epoch: 10] loss: 0.005773, mae: 0.053795, r2: 0.723229, val_loss: 0.006283, val_mae: 0.055318, val_r2: 0.697489
2024-05-17 17:55:33 Epoch 11: lr=0.0001
2024-05-17 17:56:45 [Epoch: 11] loss: 0.005714, mae: 0.053518, r2: 0.726200, val_loss: 0.006234, val_mae: 0.055021, val_r2: 0.699747
2024-05-17 17:56:45 Epoch 12: lr=0.0001
2024-05-17 17:57:57 [Epoch: 12] loss: 0.005656, mae: 0.053237, r2: 0.728613, val_loss: 0.006210, val_mae: 0.055230, val_r2: 0.700550
2024-05-17 17:57:58 Epoch 13: lr=0.0001
2024-05-17 17:59:10 [Epoch: 13] loss: 0.005604, mae: 0.052995, r2: 0.731164, val_loss: 0.006165, val_mae: 0.055178, val_r2: 0.704769
2024-05-17 17:59:10 Epoch 14: lr=0.0001
2024-05-17 18:00:23 [Epoch: 14] loss: 0.005556, mae: 0.052775, r2: 0.733504, val_loss: 0.006153, val_mae: 0.054834, val_r2: 0.703057
2024-05-17 18:00:23 Epoch 15: lr=0.0001
2024-05-17 18:01:36 [Epoch: 15] loss: 0.005496, mae: 0.052498, r2: 0.735998, val_loss: 0.006122, val_mae: 0.055481, val_r2: 0.705624
2024-05-17 18:01:36 Epoch 16: lr=0.0001
2024-05-17 18:02:48 [Epoch: 16] loss: 0.005448, mae: 0.052273, r2: 0.738507, val_loss: 0.006176, val_mae: 0.054531, val_r2: 0.701525
2024-05-17 18:02:48 Epoch 17: lr=0.0001
2024-05-17 18:04:01 [Epoch: 17] loss: 0.005407, mae: 0.052057, r2: 0.740312, val_loss: 0.006107, val_mae: 0.054899, val_r2: 0.705499
2024-05-17 18:04:01 Epoch 18: lr=0.0001
2024-05-17 18:05:14 [Epoch: 18] loss: 0.005352, mae: 0.051812, r2: 0.742840, val_loss: 0.006095, val_mae: 0.054664, val_r2: 0.705946
2024-05-17 18:05:14 Epoch 19: lr=5e-05
2024-05-17 18:06:26 [Epoch: 19] loss: 0.005227, mae: 0.051241, r2: 0.748637, val_loss: 0.006088, val_mae: 0.054693, val_r2: 0.706801
2024-05-17 18:06:26 Epoch 20: lr=5e-05
2024-05-17 18:07:39 [Epoch: 20] loss: 0.005199, mae: 0.051092, r2: 0.749778, val_loss: 0.006116, val_mae: 0.054308, val_r2: 0.706149
2024-05-17 18:07:39 Epoch 21: lr=5e-05
2024-05-17 18:08:51 [Epoch: 21] loss: 0.005161, mae: 0.050915, r2: 0.751707, val_loss: 0.006082, val_mae: 0.054335, val_r2: 0.706514
2024-05-17 18:08:51 Epoch 22: lr=5e-05
2024-05-17 18:10:04 [Epoch: 22] loss: 0.005136, mae: 0.050802, r2: 0.753024, val_loss: 0.006075, val_mae: 0.054440, val_r2: 0.706272
2024-05-17 18:10:04 Epoch 23: lr=5e-05
2024-05-17 18:11:17 [Epoch: 23] loss: 0.005119, mae: 0.050714, r2: 0.753613, val_loss: 0.006060, val_mae: 0.054477, val_r2: 0.707348
2024-05-17 18:11:17 Epoch 24: lr=5e-05
2024-05-17 18:12:30 [Epoch: 24] loss: 0.005077, mae: 0.050551, r2: 0.755249, val_loss: 0.006069, val_mae: 0.054397, val_r2: 0.707289
2024-05-17 18:12:30 Epoch 25: lr=5e-05
2024-05-17 18:13:42 [Epoch: 25] loss: 0.005069, mae: 0.050493, r2: 0.755982, val_loss: 0.006050, val_mae: 0.054503, val_r2: 0.708658
2024-05-17 18:13:42 Epoch 26: lr=5e-05
2024-05-17 18:14:55 [Epoch: 26] loss: 0.005035, mae: 0.050334, r2: 0.757655, val_loss: 0.006051, val_mae: 0.054502, val_r2: 0.708943
2024-05-17 18:14:55 Epoch 27: lr=5e-05
2024-05-17 18:16:08 [Epoch: 27] loss: 0.005019, mae: 0.050243, r2: 0.758222, val_loss: 0.006069, val_mae: 0.054508, val_r2: 0.706021
2024-05-17 18:16:08 Epoch 28: lr=5e-05
2024-05-17 18:17:20 [Epoch: 28] loss: 0.004995, mae: 0.050111, r2: 0.759348, val_loss: 0.006054, val_mae: 0.054144, val_r2: 0.708034
2024-05-17 18:17:20 Epoch 29: lr=2.5e-05
2024-05-17 18:18:33 [Epoch: 29] loss: 0.004935, mae: 0.049879, r2: 0.762128, val_loss: 0.006053, val_mae: 0.053999, val_r2: 0.707861
2024-05-17 18:18:33 Epoch 30: lr=2.5e-05
2024-05-17 18:19:45 [Epoch: 30] loss: 0.004920, mae: 0.049748, r2: 0.762819, val_loss: 0.006036, val_mae: 0.054097, val_r2: 0.708337
2024-05-17 18:19:46 Epoch 31: lr=2.5e-05
2024-05-17 18:20:58 [Epoch: 31] loss: 0.004891, mae: 0.049645, r2: 0.764330, val_loss: 0.006051, val_mae: 0.054197, val_r2: 0.707469
2024-05-17 18:20:59 Epoch 32: lr=2.5e-05
2024-05-17 18:22:12 [Epoch: 32] loss: 0.004883, mae: 0.049611, r2: 0.764610, val_loss: 0.006053, val_mae: 0.054042, val_r2: 0.708301
2024-05-17 18:22:12 Epoch 33: lr=2.5e-05
2024-05-17 18:23:24 [Epoch: 33] loss: 0.004871, mae: 0.049528, r2: 0.765340, val_loss: 0.006087, val_mae: 0.054200, val_r2: 0.705743
2024-05-17 18:23:24 Epoch 34: lr=1.25e-05
2024-05-17 18:24:37 [Epoch: 34] loss: 0.004843, mae: 0.049396, r2: 0.766375, val_loss: 0.006043, val_mae: 0.054142, val_r2: 0.708384
2024-05-17 18:24:37 Epoch 35: lr=1.25e-05
2024-05-17 18:25:50 [Epoch: 35] loss: 0.004824, mae: 0.049313, r2: 0.767235, val_loss: 0.006051, val_mae: 0.054249, val_r2: 0.708149
2024-05-17 18:25:50 Epoch 36: lr=1.25e-05
2024-05-17 18:27:03 [Epoch: 36] loss: 0.004817, mae: 0.049306, r2: 0.767501, val_loss: 0.006072, val_mae: 0.054270, val_r2: 0.706872
2024-05-17 18:27:03 Epoch 37: lr=1.25e-05
2024-05-17 18:28:15 [Epoch: 37] loss: 0.004829, mae: 0.049318, r2: 0.767002, val_loss: 0.006065, val_mae: 0.054177, val_r2: 0.707304
2024-05-17 18:28:15 Epoch 38: lr=1.25e-05
2024-05-17 18:29:28 [Epoch: 38] loss: 0.004808, mae: 0.049216, r2: 0.768053, val_loss: 0.006034, val_mae: 0.054287, val_r2: 0.708237
2024-05-17 18:29:28 Epoch 39: lr=1e-05
2024-05-17 18:30:41 [Epoch: 39] loss: 0.004800, mae: 0.049196, r2: 0.768439, val_loss: 0.006036, val_mae: 0.054069, val_r2: 0.708386
2024-05-17 18:30:41 Epoch 40: lr=1e-05
2024-05-17 18:31:53 [Epoch: 40] loss: 0.004783, mae: 0.049118, r2: 0.768786, val_loss: 0.006045, val_mae: 0.054069, val_r2: 0.708171
2024-05-17 18:31:53 Epoch 41: lr=1e-05
2024-05-17 18:33:06 [Epoch: 41] loss: 0.004790, mae: 0.049141, r2: 0.769104, val_loss: 0.006043, val_mae: 0.054091, val_r2: 0.708498
2024-05-17 18:33:06 Epoch 42: lr=1e-05
2024-05-17 18:34:18 [Epoch: 42] loss: 0.004784, mae: 0.049115, r2: 0.768925, val_loss: 0.006058, val_mae: 0.053987, val_r2: 0.707621
2024-05-17 18:34:18 Epoch 43: lr=1e-05
2024-05-17 18:35:31 [Epoch: 43] loss: 0.004773, mae: 0.049054, r2: 0.769414, val_loss: 0.006055, val_mae: 0.054275, val_r2: 0.707674
2024-05-17 18:35:31 Epoch 44: lr=1e-05
2024-05-17 18:36:43 [Epoch: 44] loss: 0.004767, mae: 0.049045, r2: 0.769972, val_loss: 0.006035, val_mae: 0.053964, val_r2: 0.709198
2024-05-17 18:36:43 Epoch 45: lr=1e-05
2024-05-17 18:37:55 [Epoch: 45] loss: 0.004763, mae: 0.049023, r2: 0.770130, val_loss: 0.006059, val_mae: 0.053990, val_r2: 0.707899
2024-05-17 18:37:55 Epoch 46: lr=1e-05
2024-05-17 18:39:08 [Epoch: 46] loss: 0.004757, mae: 0.048972, r2: 0.770196, val_loss: 0.006059, val_mae: 0.053994, val_r2: 0.706866
2024-05-17 18:39:08 Epoch 47: lr=1e-05
2024-05-17 18:40:20 [Epoch: 47] loss: 0.004750, mae: 0.048955, r2: 0.770748, val_loss: 0.006068, val_mae: 0.054085, val_r2: 0.706420
2024-05-17 18:40:21 Epoch 48: lr=1e-05
2024-05-17 18:41:33 [Epoch: 48] loss: 0.004743, mae: 0.048942, r2: 0.770988, val_loss: 0.006048, val_mae: 0.054144, val_r2: 0.708388
2024-05-17 18:41:33 history_length: 49
2024-05-17 18:41:33 stopping: early
2024-05-17 18:41:33 Comparing y_true and y_pred:
2024-05-17 18:41:33   mse: 0.01576846
2024-05-17 18:41:33   mae: 0.10225028
2024-05-17 18:41:33   r2: -0.12529799
2024-05-17 18:41:33   corr: 0.51029739
