2024-05-22 13:29:36 UNO RUN ...
2024-05-22 13:29:36 Params: {'model_name': 'uno', 'train_sources': ['CCLE'], 'test_sources': ['train'], 'cell_types': None, 'cell_features': ['rnaseq'], 'drug_features': ['descriptors'], 'dense': [1000, 1000, 1000, 1000, 1000], 'dense_feature_layers': [1000, 1000, 1000], 'activation': 'relu', 'loss': 'mse', 'optimizer': 'adamax', 'scaling': 'std', 'dropout': 0.1, 'epochs': 50, 'batch_size': 32, 'val_split': 0.2, 'cv': 1, 'max_val_loss': 1.0, 'learning_rate': 0.0001, 'base_lr': None, 'agg_dose': 'AUC', 'residual': False, 'reduce_lr': True, 'warmup_lr': True, 'batch_normalization': False, 'feature_subsample': 0, 'rng_seed': 2018, 'no_gen': False, 'verbose': False, 'preprocess_rnaseq': 'source_scale', 'gpus': [0], 'use_landmark_genes': True, 'no_feature_source': True, 'no_response_source': True, 'save_path': '/dev/shm/Uno/save/9000732.amn-0001/81', 'single': True, 'on_memory_loader': True, 'ckpt_checksum': True, 'ckpt_save_interval': 0, 'timeout': -1, 'train_bool': True, 'profiling': False, 'experiment_id': '9000732.amn-0001', 'run_id': '81', 'logfile': '/dev/shm/Uno/save/9000732.amn-0001/81/python.log', 'shuffle': False, 'ckpt_restart_mode': 'off', 'ckpt_skip_epochs': 0, 'ckpt_directory': '/dev/shm/Uno/save/9000732.amn-0001/81', 'ckpt_save_best': True, 'ckpt_save_best_metric': 'val_loss', 'ckpt_save_weights_only': False, 'ckpt_keep_mode': 'linear', 'ckpt_keep_limit': 5, 'by_cell': None, 'by_drug': None, 'cell_subset_path': '', 'drug_subset_path': '', 'drug_median_response_min': -1, 'drug_median_response_max': 1, 'dense_cell_feature_layers': None, 'dense_drug_feature_layers': None, 'use_filtered_genes': False, 'feature_subset_path': '', 'cell_feature_subset_path': '', 'drug_feature_subset_path': '', 'es': True, 'cp': False, 'tb': False, 'tb_prefix': 'tb', 'partition_by': None, 'cache': None, 'export_csv': None, 'export_data': None, 'use_exported_data': '/dev/shm/Uno/x1921c3s4b0n0.81.merged.landmark.h5', 'growth_bins': 0, 'initial_weights': None, 'save_weights': '/dev/shm/Uno/save/9000732.amn-0001/81/4.1.model.h5', 'config_file': '/home/brettin/CSC249ADOA01_CNDA/brettin/Benchmarks/Pilot1/Uno/uno_auc_model.txt', 'data_type': <class 'numpy.float32'>, 'data_dir': '/dev/shm/Uno/uno/Data', 'output_dir': '/dev/shm/Uno/uno/Output/9000732.amn-0001/81'}
2024-05-22 13:29:36 Feature encoding submodel for cell.rnaseq:
2024-05-22 13:29:36 Model: "cell.rnaseq"
2024-05-22 13:29:36 _________________________________________________________________
2024-05-22 13:29:36  Layer (type)                Output Shape              Param #   
2024-05-22 13:29:36 =================================================================
2024-05-22 13:29:36  input_1 (InputLayer)        [(None, 958)]             0         
2024-05-22 13:29:36                                                                  
2024-05-22 13:29:36  dense (Dense)               (None, 1000)              959000    
2024-05-22 13:29:36                                                                  
2024-05-22 13:29:36  permanent_dropout (Permane  (None, 1000)              0         
2024-05-22 13:29:36  ntDropout)                                                      
2024-05-22 13:29:36                                                                  
2024-05-22 13:29:36  dense_1 (Dense)             (None, 1000)              1001000   
2024-05-22 13:29:36                                                                  
2024-05-22 13:29:36  permanent_dropout_1 (Perma  (None, 1000)              0         
2024-05-22 13:29:36  nentDropout)                                                    
2024-05-22 13:29:36                                                                  
2024-05-22 13:29:36  dense_2 (Dense)             (None, 1000)              1001000   
2024-05-22 13:29:36                                                                  
2024-05-22 13:29:36  permanent_dropout_2 (Perma  (None, 1000)              0         
2024-05-22 13:29:36  nentDropout)                                                    
2024-05-22 13:29:36                                                                  
2024-05-22 13:29:36 =================================================================
2024-05-22 13:29:36 Total params: 2961000 (11.30 MB)
2024-05-22 13:29:36 Trainable params: 2961000 (11.30 MB)
2024-05-22 13:29:36 Non-trainable params: 0 (0.00 Byte)
2024-05-22 13:29:36 _________________________________________________________________
2024-05-22 13:29:36 Feature encoding submodel for drug.descriptors:
2024-05-22 13:29:36 Model: "drug.descriptors"
2024-05-22 13:29:36 _________________________________________________________________
2024-05-22 13:29:36  Layer (type)                Output Shape              Param #   
2024-05-22 13:29:36 =================================================================
2024-05-22 13:29:36  input_2 (InputLayer)        [(None, 1613)]            0         
2024-05-22 13:29:36                                                                  
2024-05-22 13:29:36  dense_3 (Dense)             (None, 1000)              1614000   
2024-05-22 13:29:36                                                                  
2024-05-22 13:29:36  permanent_dropout_3 (Perma  (None, 1000)              0         
2024-05-22 13:29:36  nentDropout)                                                    
2024-05-22 13:29:36                                                                  
2024-05-22 13:29:36  dense_4 (Dense)             (None, 1000)              1001000   
2024-05-22 13:29:36                                                                  
2024-05-22 13:29:36  permanent_dropout_4 (Perma  (None, 1000)              0         
2024-05-22 13:29:36  nentDropout)                                                    
2024-05-22 13:29:36                                                                  
2024-05-22 13:29:36  dense_5 (Dense)             (None, 1000)              1001000   
2024-05-22 13:29:36                                                                  
2024-05-22 13:29:36  permanent_dropout_5 (Perma  (None, 1000)              0         
2024-05-22 13:29:36  nentDropout)                                                    
2024-05-22 13:29:36                                                                  
2024-05-22 13:29:36 =================================================================
2024-05-22 13:29:36 Total params: 3616000 (13.79 MB)
2024-05-22 13:29:36 Trainable params: 3616000 (13.79 MB)
2024-05-22 13:29:36 Non-trainable params: 0 (0.00 Byte)
2024-05-22 13:29:36 _________________________________________________________________
2024-05-22 13:29:36 Combined model:
2024-05-22 13:29:36 Model: "model"
2024-05-22 13:29:36 __________________________________________________________________________________________________
2024-05-22 13:29:36  Layer (type)                Output Shape                 Param #   Connected to                  
2024-05-22 13:29:36 ==================================================================================================
2024-05-22 13:29:36  input.cell.rnaseq (InputLa  [(None, 958)]                0         []                            
2024-05-22 13:29:36  yer)                                                                                             
2024-05-22 13:29:36                                                                                                   
2024-05-22 13:29:36  input.drug1.descriptors (I  [(None, 1613)]               0         []                            
2024-05-22 13:29:36  nputLayer)                                                                                       
2024-05-22 13:29:36                                                                                                   
2024-05-22 13:29:36  cell.rnaseq (Functional)    (None, 1000)                 2961000   ['input.cell.rnaseq[0][0]']   
2024-05-22 13:29:36                                                                                                   
2024-05-22 13:29:36  drug.descriptors (Function  (None, 1000)                 3616000   ['input.drug1.descriptors[0][0
2024-05-22 13:29:36  al)                                                                ]']                           
2024-05-22 13:29:36                                                                                                   
2024-05-22 13:29:36  concatenate (Concatenate)   (None, 2000)                 0         ['cell.rnaseq[0][0]',         
2024-05-22 13:29:36                                                                      'drug.descriptors[0][0]']    
2024-05-22 13:29:36                                                                                                   
2024-05-22 13:29:36  dense_6 (Dense)             (None, 1000)                 2001000   ['concatenate[0][0]']         
2024-05-22 13:29:36                                                                                                   
2024-05-22 13:29:36  permanent_dropout_6 (Perma  (None, 1000)                 0         ['dense_6[0][0]']             
2024-05-22 13:29:36  nentDropout)                                                                                     
2024-05-22 13:29:36                                                                                                   
2024-05-22 13:29:36  dense_7 (Dense)             (None, 1000)                 1001000   ['permanent_dropout_6[0][0]'] 
2024-05-22 13:29:36                                                                                                   
2024-05-22 13:29:36  permanent_dropout_7 (Perma  (None, 1000)                 0         ['dense_7[0][0]']             
2024-05-22 13:29:36  nentDropout)                                                                                     
2024-05-22 13:29:36                                                                                                   
2024-05-22 13:29:36  dense_8 (Dense)             (None, 1000)                 1001000   ['permanent_dropout_7[0][0]'] 
2024-05-22 13:29:36                                                                                                   
2024-05-22 13:29:36  permanent_dropout_8 (Perma  (None, 1000)                 0         ['dense_8[0][0]']             
2024-05-22 13:29:36  nentDropout)                                                                                     
2024-05-22 13:29:36                                                                                                   
2024-05-22 13:29:36  dense_9 (Dense)             (None, 1000)                 1001000   ['permanent_dropout_8[0][0]'] 
2024-05-22 13:29:36                                                                                                   
2024-05-22 13:29:36  permanent_dropout_9 (Perma  (None, 1000)                 0         ['dense_9[0][0]']             
2024-05-22 13:29:36  nentDropout)                                                                                     
2024-05-22 13:29:36                                                                                                   
2024-05-22 13:29:36  dense_10 (Dense)            (None, 1000)                 1001000   ['permanent_dropout_9[0][0]'] 
2024-05-22 13:29:36                                                                                                   
2024-05-22 13:29:36  permanent_dropout_10 (Perm  (None, 1000)                 0         ['dense_10[0][0]']            
2024-05-22 13:29:36  anentDropout)                                                                                    
2024-05-22 13:29:36                                                                                                   
2024-05-22 13:29:36  dense_11 (Dense)            (None, 1)                    1001      ['permanent_dropout_10[0][0]']
2024-05-22 13:29:36                                                                                                   
2024-05-22 13:29:36 ==================================================================================================
2024-05-22 13:29:36 Total params: 12583001 (48.00 MB)
2024-05-22 13:29:36 Trainable params: 12583001 (48.00 MB)
2024-05-22 13:29:36 Non-trainable params: 0 (0.00 Byte)
2024-05-22 13:29:36 __________________________________________________________________________________________________
2024-05-22 13:29:36 CKPT CONSTRUCT...
2024-05-22 13:29:36 CKPT CONSTRUCT OK.
2024-05-22 13:29:36 template model: <keras.src.engine.functional.Functional object at 0x14a50efe8c40>
2024-05-22 13:29:38 COMPILE
2024-05-22 13:29:38 Will save weights to: /dev/shm/Uno/save/9000732.amn-0001/81/4.1.model.h5
2024-05-22 13:29:54 Between random pairs in y_val:
2024-05-22 13:29:54   mse: 0.04739578
2024-05-22 13:29:54   mae: 0.15946412
2024-05-22 13:29:54   r2: -1.00582297
2024-05-22 13:29:54   corr: -0.00291148
2024-05-22 13:29:54 Data points per epoch: train = 469408, val = 117353, test = 948
2024-05-22 13:29:54 Steps per epoch: train = 14669, val = 3667, test = 29
2024-05-22 13:29:54 Epoch 0: lr=0.001
2024-05-22 13:31:09 [Epoch: 0] loss: 0.030209, mae: 0.079417, r2: -0.778234, val_loss: 0.008676, val_mae: 0.068361, val_r2: 0.582676
2024-05-22 13:31:09 Epoch 1: lr=0.00082
2024-05-22 13:32:21 [Epoch: 1] loss: 0.008006, mae: 0.064035, r2: 0.621255, val_loss: 0.007604, val_mae: 0.062521, val_r2: 0.636701
2024-05-22 13:32:22 Epoch 2: lr=0.00064
2024-05-22 13:33:34 [Epoch: 2] loss: 0.007361, mae: 0.061002, r2: 0.651037, val_loss: 0.007067, val_mae: 0.059319, val_r2: 0.661001
2024-05-22 13:33:34 Epoch 3: lr=0.00046
2024-05-22 13:34:47 [Epoch: 3] loss: 0.006896, mae: 0.058856, r2: 0.672227, val_loss: 0.006758, val_mae: 0.057625, val_r2: 0.675284
2024-05-22 13:34:47 Epoch 4: lr=0.00028
2024-05-22 13:36:00 [Epoch: 4] loss: 0.006503, mae: 0.057083, r2: 0.690350, val_loss: 0.006524, val_mae: 0.056967, val_r2: 0.684990
2024-05-22 13:36:01 Epoch 5: lr=0.0001
2024-05-22 13:37:14 [Epoch: 5] loss: 0.006163, mae: 0.055510, r2: 0.705847, val_loss: 0.006347, val_mae: 0.055852, val_r2: 0.696235
2024-05-22 13:37:14 Epoch 6: lr=0.0001
2024-05-22 13:38:26 [Epoch: 6] loss: 0.006048, mae: 0.054992, r2: 0.711221, val_loss: 0.006315, val_mae: 0.056147, val_r2: 0.695686
2024-05-22 13:38:26 Epoch 7: lr=0.0001
2024-05-22 13:39:39 [Epoch: 7] loss: 0.005976, mae: 0.054663, r2: 0.714476, val_loss: 0.006275, val_mae: 0.055808, val_r2: 0.698005
2024-05-22 13:39:39 Epoch 8: lr=0.0001
2024-05-22 13:40:52 [Epoch: 8] loss: 0.005910, mae: 0.054374, r2: 0.717431, val_loss: 0.006232, val_mae: 0.055540, val_r2: 0.699957
2024-05-22 13:40:52 Epoch 9: lr=0.0001
2024-05-22 13:42:05 [Epoch: 9] loss: 0.005847, mae: 0.054067, r2: 0.720376, val_loss: 0.006208, val_mae: 0.055393, val_r2: 0.700975
2024-05-22 13:42:05 Epoch 10: lr=0.0001
2024-05-22 13:43:18 [Epoch: 10] loss: 0.005776, mae: 0.053758, r2: 0.723603, val_loss: 0.006161, val_mae: 0.055169, val_r2: 0.703407
2024-05-22 13:43:18 Epoch 11: lr=0.0001
2024-05-22 13:44:31 [Epoch: 11] loss: 0.005719, mae: 0.053521, r2: 0.726214, val_loss: 0.006164, val_mae: 0.055343, val_r2: 0.703658
2024-05-22 13:44:31 Epoch 12: lr=0.0001
2024-05-22 13:45:44 [Epoch: 12] loss: 0.005657, mae: 0.053223, r2: 0.729304, val_loss: 0.006124, val_mae: 0.055039, val_r2: 0.705547
2024-05-22 13:45:44 Epoch 13: lr=0.0001
2024-05-22 13:46:57 [Epoch: 13] loss: 0.005597, mae: 0.052938, r2: 0.731974, val_loss: 0.006160, val_mae: 0.054677, val_r2: 0.704067
2024-05-22 13:46:57 Epoch 14: lr=0.0001
2024-05-22 13:48:10 [Epoch: 14] loss: 0.005554, mae: 0.052703, r2: 0.734060, val_loss: 0.006136, val_mae: 0.055140, val_r2: 0.704536
2024-05-22 13:48:10 Epoch 15: lr=0.0001
2024-05-22 13:49:23 [Epoch: 15] loss: 0.005495, mae: 0.052462, r2: 0.736915, val_loss: 0.006124, val_mae: 0.055114, val_r2: 0.704574
2024-05-22 13:49:23 Epoch 16: lr=0.0001
2024-05-22 13:50:36 [Epoch: 16] loss: 0.005441, mae: 0.052209, r2: 0.739180, val_loss: 0.006107, val_mae: 0.054551, val_r2: 0.704341
2024-05-22 13:50:36 Epoch 17: lr=0.0001
2024-05-22 13:51:49 [Epoch: 17] loss: 0.005401, mae: 0.052016, r2: 0.741201, val_loss: 0.006068, val_mae: 0.054423, val_r2: 0.707748
2024-05-22 13:51:49 Epoch 18: lr=5e-05
2024-05-22 13:53:02 [Epoch: 18] loss: 0.005275, mae: 0.051455, r2: 0.746800, val_loss: 0.006078, val_mae: 0.054285, val_r2: 0.707045
2024-05-22 13:53:03 Epoch 19: lr=5e-05
2024-05-22 13:54:16 [Epoch: 19] loss: 0.005235, mae: 0.051252, r2: 0.748911, val_loss: 0.006066, val_mae: 0.054258, val_r2: 0.707597
2024-05-22 13:54:16 Epoch 20: lr=5e-05
2024-05-22 13:55:29 [Epoch: 20] loss: 0.005196, mae: 0.051085, r2: 0.750635, val_loss: 0.006047, val_mae: 0.054583, val_r2: 0.708383
2024-05-22 13:55:29 Epoch 21: lr=5e-05
2024-05-22 13:56:42 [Epoch: 21] loss: 0.005172, mae: 0.050953, r2: 0.751697, val_loss: 0.006035, val_mae: 0.054660, val_r2: 0.709239
2024-05-22 13:56:42 Epoch 22: lr=5e-05
2024-05-22 13:57:55 [Epoch: 22] loss: 0.005157, mae: 0.050870, r2: 0.752350, val_loss: 0.006034, val_mae: 0.054279, val_r2: 0.708876
2024-05-22 13:57:55 Epoch 23: lr=2.5e-05
2024-05-22 13:59:08 [Epoch: 23] loss: 0.005090, mae: 0.050579, r2: 0.755596, val_loss: 0.006021, val_mae: 0.054126, val_r2: 0.709581
2024-05-22 13:59:08 Epoch 24: lr=2.5e-05
2024-05-22 14:00:21 [Epoch: 24] loss: 0.005079, mae: 0.050488, r2: 0.756124, val_loss: 0.006036, val_mae: 0.054096, val_r2: 0.708535
2024-05-22 14:00:21 Epoch 25: lr=2.5e-05
2024-05-22 14:01:34 [Epoch: 25] loss: 0.005046, mae: 0.050357, r2: 0.757452, val_loss: 0.006055, val_mae: 0.054610, val_r2: 0.706998
2024-05-22 14:01:34 Epoch 26: lr=2.5e-05
2024-05-22 14:02:47 [Epoch: 26] loss: 0.005031, mae: 0.050305, r2: 0.758275, val_loss: 0.006041, val_mae: 0.054396, val_r2: 0.708075
2024-05-22 14:02:47 Epoch 27: lr=2.5e-05
2024-05-22 14:04:01 [Epoch: 27] loss: 0.005022, mae: 0.050261, r2: 0.758422, val_loss: 0.006025, val_mae: 0.054111, val_r2: 0.709493
2024-05-22 14:04:01 Epoch 28: lr=2.5e-05
2024-05-22 14:05:14 [Epoch: 28] loss: 0.005017, mae: 0.050237, r2: 0.758807, val_loss: 0.006005, val_mae: 0.054035, val_r2: 0.709971
2024-05-22 14:05:14 Epoch 29: lr=1.25e-05
2024-05-22 14:06:27 [Epoch: 29] loss: 0.004967, mae: 0.050005, r2: 0.760981, val_loss: 0.006052, val_mae: 0.054191, val_r2: 0.707841
2024-05-22 14:06:27 Epoch 30: lr=1.25e-05
2024-05-22 14:07:40 [Epoch: 30] loss: 0.004962, mae: 0.049941, r2: 0.761683, val_loss: 0.006025, val_mae: 0.054081, val_r2: 0.709431
2024-05-22 14:07:40 Epoch 31: lr=1.25e-05
2024-05-22 14:08:53 [Epoch: 31] loss: 0.004953, mae: 0.049914, r2: 0.761884, val_loss: 0.006065, val_mae: 0.054042, val_r2: 0.706918
2024-05-22 14:08:53 Epoch 32: lr=1.25e-05
2024-05-22 14:10:05 [Epoch: 32] loss: 0.004947, mae: 0.049882, r2: 0.762036, val_loss: 0.006031, val_mae: 0.054248, val_r2: 0.709107
2024-05-22 14:10:06 Epoch 33: lr=1.25e-05
2024-05-22 14:11:19 [Epoch: 33] loss: 0.004950, mae: 0.049878, r2: 0.762024, val_loss: 0.006025, val_mae: 0.054302, val_r2: 0.709017
2024-05-22 14:11:19 Epoch 34: lr=1e-05
2024-05-22 14:12:32 [Epoch: 34] loss: 0.004930, mae: 0.049798, r2: 0.762963, val_loss: 0.006039, val_mae: 0.054198, val_r2: 0.708367
2024-05-22 14:12:32 Epoch 35: lr=1e-05
2024-05-22 14:13:46 [Epoch: 35] loss: 0.004924, mae: 0.049788, r2: 0.763187, val_loss: 0.006013, val_mae: 0.054067, val_r2: 0.709335
2024-05-22 14:13:46 Epoch 36: lr=1e-05
2024-05-22 14:14:59 [Epoch: 36] loss: 0.004915, mae: 0.049724, r2: 0.763739, val_loss: 0.006016, val_mae: 0.054191, val_r2: 0.709454
2024-05-22 14:14:59 Epoch 37: lr=1e-05
2024-05-22 14:16:12 [Epoch: 37] loss: 0.004919, mae: 0.049751, r2: 0.763438, val_loss: 0.006011, val_mae: 0.054156, val_r2: 0.709891
2024-05-22 14:16:12 Epoch 38: lr=1e-05
2024-05-22 14:17:25 [Epoch: 38] loss: 0.004911, mae: 0.049737, r2: 0.763635, val_loss: 0.006033, val_mae: 0.054125, val_r2: 0.708778
2024-05-22 14:17:25 history_length: 39
2024-05-22 14:17:25 stopping: early
2024-05-22 14:17:25 Comparing y_true and y_pred:
2024-05-22 14:17:25   mse: 0.00852781
2024-05-22 14:17:25   mae: 0.08049328
2024-05-22 14:17:25   r2: -1.08672254
2024-05-22 14:17:25   corr: 0.20700243
