2024-04-13 11:45:40 UNO RUN ...
2024-04-13 11:45:40 Params: {'model_name': 'uno', 'train_sources': ['CCLE'], 'test_sources': ['train'], 'cell_types': None, 'cell_features': ['rnaseq'], 'drug_features': ['descriptors'], 'dense': [1000, 1000, 1000, 1000, 1000], 'dense_feature_layers': [1000, 1000, 1000], 'activation': 'relu', 'loss': 'mse', 'optimizer': 'adamax', 'scaling': 'std', 'dropout': 0.1, 'epochs': 5, 'batch_size': 32, 'val_split': 0.2, 'cv': 1, 'max_val_loss': 1.0, 'learning_rate': 0.0001, 'base_lr': None, 'agg_dose': 'AUC', 'residual': False, 'reduce_lr': True, 'warmup_lr': True, 'batch_normalization': False, 'feature_subsample': 0, 'rng_seed': 2018, 'no_gen': False, 'verbose': False, 'preprocess_rnaseq': 'source_scale', 'gpus': [0], 'use_landmark_genes': True, 'no_feature_source': True, 'no_response_source': True, 'save_path': '/dev/shm/Uno/save/8990757.amn-0001/0', 'single': True, 'on_memory_loader': True, 'ckpt_checksum': True, 'ckpt_save_interval': 0, 'timeout': -1, 'train_bool': True, 'profiling': False, 'experiment_id': '8990757.amn-0001', 'run_id': '0', 'logfile': '/dev/shm/Uno/save/8990757.amn-0001/0/python.log', 'shuffle': False, 'ckpt_restart_mode': 'off', 'ckpt_skip_epochs': 0, 'ckpt_directory': '/dev/shm/Uno/save/8990757.amn-0001/0', 'ckpt_save_best': True, 'ckpt_save_best_metric': 'val_loss', 'ckpt_save_weights_only': False, 'ckpt_keep_mode': 'linear', 'ckpt_keep_limit': 5, 'by_cell': None, 'by_drug': None, 'cell_subset_path': '', 'drug_subset_path': '', 'drug_median_response_min': -1, 'drug_median_response_max': 1, 'dense_cell_feature_layers': None, 'dense_drug_feature_layers': None, 'use_filtered_genes': False, 'feature_subset_path': '', 'cell_feature_subset_path': '', 'drug_feature_subset_path': '', 'es': False, 'cp': False, 'tb': False, 'tb_prefix': 'tb', 'partition_by': None, 'cache': None, 'export_csv': None, 'export_data': None, 'use_exported_data': '/dev/shm/Uno/x1922c5s2b0n0.0.merged.landmark.h5', 'growth_bins': 0, 'initial_weights': None, 'save_weights': '/dev/shm/Uno/save/8990757.amn-0001/0/0.0.model.h5', 'config_file': '/home/brettin/CSC249ADOA01_CNDA/brettin/Benchmarks/Pilot1/Uno/uno_auc_model.txt', 'data_type': <class 'numpy.float32'>, 'data_dir': '/dev/shm/Uno/uno/Data', 'output_dir': '/dev/shm/Uno/uno/Output/8990757.amn-0001/0'}
2024-04-13 11:45:40 Feature encoding submodel for cell.rnaseq:
2024-04-13 11:45:40 Model: "cell.rnaseq"
2024-04-13 11:45:40 _________________________________________________________________
2024-04-13 11:45:40  Layer (type)                Output Shape              Param #   
2024-04-13 11:45:40 =================================================================
2024-04-13 11:45:40  input_1 (InputLayer)        [(None, 958)]             0         
2024-04-13 11:45:40                                                                  
2024-04-13 11:45:40  dense (Dense)               (None, 1000)              959000    
2024-04-13 11:45:40                                                                  
2024-04-13 11:45:40  permanent_dropout (Permane  (None, 1000)              0         
2024-04-13 11:45:40  ntDropout)                                                      
2024-04-13 11:45:40                                                                  
2024-04-13 11:45:40  dense_1 (Dense)             (None, 1000)              1001000   
2024-04-13 11:45:40                                                                  
2024-04-13 11:45:40  permanent_dropout_1 (Perma  (None, 1000)              0         
2024-04-13 11:45:40  nentDropout)                                                    
2024-04-13 11:45:40                                                                  
2024-04-13 11:45:40  dense_2 (Dense)             (None, 1000)              1001000   
2024-04-13 11:45:40                                                                  
2024-04-13 11:45:40  permanent_dropout_2 (Perma  (None, 1000)              0         
2024-04-13 11:45:40  nentDropout)                                                    
2024-04-13 11:45:40                                                                  
2024-04-13 11:45:40 =================================================================
2024-04-13 11:45:40 Total params: 2961000 (11.30 MB)
2024-04-13 11:45:40 Trainable params: 2961000 (11.30 MB)
2024-04-13 11:45:40 Non-trainable params: 0 (0.00 Byte)
2024-04-13 11:45:40 _________________________________________________________________
2024-04-13 11:45:40 Feature encoding submodel for drug.descriptors:
2024-04-13 11:45:40 Model: "drug.descriptors"
2024-04-13 11:45:40 _________________________________________________________________
2024-04-13 11:45:40  Layer (type)                Output Shape              Param #   
2024-04-13 11:45:40 =================================================================
2024-04-13 11:45:40  input_2 (InputLayer)        [(None, 1613)]            0         
2024-04-13 11:45:40                                                                  
2024-04-13 11:45:40  dense_3 (Dense)             (None, 1000)              1614000   
2024-04-13 11:45:40                                                                  
2024-04-13 11:45:40  permanent_dropout_3 (Perma  (None, 1000)              0         
2024-04-13 11:45:40  nentDropout)                                                    
2024-04-13 11:45:40                                                                  
2024-04-13 11:45:40  dense_4 (Dense)             (None, 1000)              1001000   
2024-04-13 11:45:40                                                                  
2024-04-13 11:45:40  permanent_dropout_4 (Perma  (None, 1000)              0         
2024-04-13 11:45:40  nentDropout)                                                    
2024-04-13 11:45:40                                                                  
2024-04-13 11:45:40  dense_5 (Dense)             (None, 1000)              1001000   
2024-04-13 11:45:40                                                                  
2024-04-13 11:45:40  permanent_dropout_5 (Perma  (None, 1000)              0         
2024-04-13 11:45:40  nentDropout)                                                    
2024-04-13 11:45:40                                                                  
2024-04-13 11:45:40 =================================================================
2024-04-13 11:45:40 Total params: 3616000 (13.79 MB)
2024-04-13 11:45:40 Trainable params: 3616000 (13.79 MB)
2024-04-13 11:45:40 Non-trainable params: 0 (0.00 Byte)
2024-04-13 11:45:40 _________________________________________________________________
2024-04-13 11:45:40 Combined model:
2024-04-13 11:45:40 Model: "model"
2024-04-13 11:45:40 __________________________________________________________________________________________________
2024-04-13 11:45:40  Layer (type)                Output Shape                 Param #   Connected to                  
2024-04-13 11:45:40 ==================================================================================================
2024-04-13 11:45:40  input.cell.rnaseq (InputLa  [(None, 958)]                0         []                            
2024-04-13 11:45:40  yer)                                                                                             
2024-04-13 11:45:40                                                                                                   
2024-04-13 11:45:40  input.drug1.descriptors (I  [(None, 1613)]               0         []                            
2024-04-13 11:45:40  nputLayer)                                                                                       
2024-04-13 11:45:40                                                                                                   
2024-04-13 11:45:40  cell.rnaseq (Functional)    (None, 1000)                 2961000   ['input.cell.rnaseq[0][0]']   
2024-04-13 11:45:40                                                                                                   
2024-04-13 11:45:40  drug.descriptors (Function  (None, 1000)                 3616000   ['input.drug1.descriptors[0][0
2024-04-13 11:45:40  al)                                                                ]']                           
2024-04-13 11:45:40                                                                                                   
2024-04-13 11:45:40  concatenate (Concatenate)   (None, 2000)                 0         ['cell.rnaseq[0][0]',         
2024-04-13 11:45:40                                                                      'drug.descriptors[0][0]']    
2024-04-13 11:45:40                                                                                                   
2024-04-13 11:45:40  dense_6 (Dense)             (None, 1000)                 2001000   ['concatenate[0][0]']         
2024-04-13 11:45:40                                                                                                   
2024-04-13 11:45:40  permanent_dropout_6 (Perma  (None, 1000)                 0         ['dense_6[0][0]']             
2024-04-13 11:45:40  nentDropout)                                                                                     
2024-04-13 11:45:40                                                                                                   
2024-04-13 11:45:40  dense_7 (Dense)             (None, 1000)                 1001000   ['permanent_dropout_6[0][0]'] 
2024-04-13 11:45:40                                                                                                   
2024-04-13 11:45:40  permanent_dropout_7 (Perma  (None, 1000)                 0         ['dense_7[0][0]']             
2024-04-13 11:45:40  nentDropout)                                                                                     
2024-04-13 11:45:40                                                                                                   
2024-04-13 11:45:40  dense_8 (Dense)             (None, 1000)                 1001000   ['permanent_dropout_7[0][0]'] 
2024-04-13 11:45:40                                                                                                   
2024-04-13 11:45:40  permanent_dropout_8 (Perma  (None, 1000)                 0         ['dense_8[0][0]']             
2024-04-13 11:45:40  nentDropout)                                                                                     
2024-04-13 11:45:40                                                                                                   
2024-04-13 11:45:40  dense_9 (Dense)             (None, 1000)                 1001000   ['permanent_dropout_8[0][0]'] 
2024-04-13 11:45:40                                                                                                   
2024-04-13 11:45:40  permanent_dropout_9 (Perma  (None, 1000)                 0         ['dense_9[0][0]']             
2024-04-13 11:45:40  nentDropout)                                                                                     
2024-04-13 11:45:40                                                                                                   
2024-04-13 11:45:40  dense_10 (Dense)            (None, 1000)                 1001000   ['permanent_dropout_9[0][0]'] 
2024-04-13 11:45:40                                                                                                   
2024-04-13 11:45:40  permanent_dropout_10 (Perm  (None, 1000)                 0         ['dense_10[0][0]']            
2024-04-13 11:45:40  anentDropout)                                                                                    
2024-04-13 11:45:40                                                                                                   
2024-04-13 11:45:40  dense_11 (Dense)            (None, 1)                    1001      ['permanent_dropout_10[0][0]']
2024-04-13 11:45:40                                                                                                   
2024-04-13 11:45:40 ==================================================================================================
2024-04-13 11:45:40 Total params: 12583001 (48.00 MB)
2024-04-13 11:45:40 Trainable params: 12583001 (48.00 MB)
2024-04-13 11:45:40 Non-trainable params: 0 (0.00 Byte)
2024-04-13 11:45:40 __________________________________________________________________________________________________
2024-04-13 11:45:40 CKPT CONSTRUCT...
2024-04-13 11:45:40 CKPT CONSTRUCT OK.
2024-04-13 11:45:40 template model: <keras.src.engine.functional.Functional object at 0x147e80b38bb0>
2024-04-13 11:45:42 COMPILE
2024-04-13 11:45:42 Will save weights to: /dev/shm/Uno/save/8990757.amn-0001/0/0.0.model.h5
2024-04-13 11:45:59 Between random pairs in y_val:
2024-04-13 11:45:59   mse: 0.04771064
2024-04-13 11:45:59   mae: 0.16017258
2024-04-13 11:45:59   r2: -0.99998688
2024-04-13 11:45:59   corr: 0.00000656
2024-04-13 11:45:59 Data points per epoch: train = 470167, val = 117542, test = 1601
2024-04-13 11:45:59 Steps per epoch: train = 14692, val = 3673, test = 50
2024-04-13 11:45:59 Epoch 0: lr=0.001
2024-04-13 11:47:12 [Epoch: 0] loss: 0.023148, mae: 0.079131, r2: -0.038193, val_loss: 0.008573, val_mae: 0.065853, val_r2: 0.592732
2024-04-13 11:47:12 Epoch 1: lr=0.00082
2024-04-13 11:48:24 [Epoch: 1] loss: 0.007990, mae: 0.063949, r2: 0.622024, val_loss: 0.007650, val_mae: 0.062108, val_r2: 0.634345
2024-04-13 11:48:24 Epoch 2: lr=0.00064
2024-04-13 11:49:36 [Epoch: 2] loss: 0.007326, mae: 0.060886, r2: 0.652646, val_loss: 0.007346, val_mae: 0.061827, val_r2: 0.652730
2024-04-13 11:49:36 Epoch 3: lr=0.00046
2024-04-13 11:50:48 [Epoch: 3] loss: 0.006842, mae: 0.058608, r2: 0.674774, val_loss: 0.007121, val_mae: 0.061823, val_r2: 0.658634
2024-04-13 11:50:48 Epoch 4: lr=0.00028
2024-04-13 11:52:00 [Epoch: 4] loss: 0.006457, mae: 0.056895, r2: 0.691999, val_loss: 0.006618, val_mae: 0.057392, val_r2: 0.684384
2024-04-13 11:52:00 history_length: 5
2024-04-13 11:52:00 stopping: complete
2024-04-13 11:52:00 Comparing y_true and y_pred:
2024-04-13 11:52:00   mse: 0.01175939
2024-04-13 11:52:00   mae: 0.06827867
2024-04-13 11:52:00   r2: 0.35741092
2024-04-13 11:52:00   corr: 0.65399197
