2024-04-29 10:35:23 UNO RUN ...
2024-04-29 10:35:23 Params: {'model_name': 'uno', 'train_sources': ['CCLE'], 'test_sources': ['train'], 'cell_types': None, 'cell_features': ['rnaseq'], 'drug_features': ['descriptors'], 'dense': [1000, 1000, 1000, 1000, 1000], 'dense_feature_layers': [1000, 1000, 1000], 'activation': 'relu', 'loss': 'mse', 'optimizer': 'adamax', 'scaling': 'std', 'dropout': 0.1, 'epochs': 30, 'batch_size': 32, 'val_split': 0.2, 'cv': 1, 'max_val_loss': 1.0, 'learning_rate': 0.0001, 'base_lr': None, 'agg_dose': 'AUC', 'residual': False, 'reduce_lr': True, 'warmup_lr': True, 'batch_normalization': False, 'feature_subsample': 0, 'rng_seed': 2018, 'no_gen': False, 'verbose': False, 'preprocess_rnaseq': 'source_scale', 'gpus': [0], 'use_landmark_genes': True, 'no_feature_source': True, 'no_response_source': True, 'save_path': '/dev/shm/Uno/save/8994056.amn-0001/164', 'single': True, 'on_memory_loader': True, 'ckpt_checksum': True, 'ckpt_save_interval': 0, 'timeout': -1, 'train_bool': True, 'profiling': False, 'experiment_id': '8994056.amn-0001', 'run_id': '164', 'logfile': '/dev/shm/Uno/save/8994056.amn-0001/164/python.log', 'shuffle': False, 'ckpt_restart_mode': 'off', 'ckpt_skip_epochs': 0, 'ckpt_directory': '/dev/shm/Uno/save/8994056.amn-0001/164', 'ckpt_save_best': True, 'ckpt_save_best_metric': 'val_loss', 'ckpt_save_weights_only': False, 'ckpt_keep_mode': 'linear', 'ckpt_keep_limit': 5, 'by_cell': None, 'by_drug': None, 'cell_subset_path': '', 'drug_subset_path': '', 'drug_median_response_min': -1, 'drug_median_response_max': 1, 'dense_cell_feature_layers': None, 'dense_drug_feature_layers': None, 'use_filtered_genes': False, 'feature_subset_path': '', 'cell_feature_subset_path': '', 'drug_feature_subset_path': '', 'es': True, 'cp': False, 'tb': False, 'tb_prefix': 'tb', 'partition_by': None, 'cache': None, 'export_csv': None, 'export_data': None, 'use_exported_data': '/dev/shm/Uno/x1922c0s4b0n0.164.merged.landmark.h5', 'growth_bins': 0, 'initial_weights': None, 'save_weights': '/dev/shm/Uno/save/8994056.amn-0001/164/4.0.model.h5', 'config_file': '/home/brettin/CSC249ADOA01_CNDA/brettin/Benchmarks/Pilot1/Uno/uno_auc_model.txt', 'data_type': <class 'numpy.float32'>, 'data_dir': '/dev/shm/Uno/uno/Data', 'output_dir': '/dev/shm/Uno/uno/Output/8994056.amn-0001/164'}
2024-04-29 10:35:24 Feature encoding submodel for cell.rnaseq:
2024-04-29 10:35:24 Model: "cell.rnaseq"
2024-04-29 10:35:24 _________________________________________________________________
2024-04-29 10:35:24  Layer (type)                Output Shape              Param #   
2024-04-29 10:35:24 =================================================================
2024-04-29 10:35:24  input_1 (InputLayer)        [(None, 958)]             0         
2024-04-29 10:35:24                                                                  
2024-04-29 10:35:24  dense (Dense)               (None, 1000)              959000    
2024-04-29 10:35:24                                                                  
2024-04-29 10:35:24  permanent_dropout (Permane  (None, 1000)              0         
2024-04-29 10:35:24  ntDropout)                                                      
2024-04-29 10:35:24                                                                  
2024-04-29 10:35:24  dense_1 (Dense)             (None, 1000)              1001000   
2024-04-29 10:35:24                                                                  
2024-04-29 10:35:24  permanent_dropout_1 (Perma  (None, 1000)              0         
2024-04-29 10:35:24  nentDropout)                                                    
2024-04-29 10:35:24                                                                  
2024-04-29 10:35:24  dense_2 (Dense)             (None, 1000)              1001000   
2024-04-29 10:35:24                                                                  
2024-04-29 10:35:24  permanent_dropout_2 (Perma  (None, 1000)              0         
2024-04-29 10:35:24  nentDropout)                                                    
2024-04-29 10:35:24                                                                  
2024-04-29 10:35:24 =================================================================
2024-04-29 10:35:24 Total params: 2961000 (11.30 MB)
2024-04-29 10:35:24 Trainable params: 2961000 (11.30 MB)
2024-04-29 10:35:24 Non-trainable params: 0 (0.00 Byte)
2024-04-29 10:35:24 _________________________________________________________________
2024-04-29 10:35:24 Feature encoding submodel for drug.descriptors:
2024-04-29 10:35:24 Model: "drug.descriptors"
2024-04-29 10:35:24 _________________________________________________________________
2024-04-29 10:35:24  Layer (type)                Output Shape              Param #   
2024-04-29 10:35:24 =================================================================
2024-04-29 10:35:24  input_2 (InputLayer)        [(None, 1613)]            0         
2024-04-29 10:35:24                                                                  
2024-04-29 10:35:24  dense_3 (Dense)             (None, 1000)              1614000   
2024-04-29 10:35:24                                                                  
2024-04-29 10:35:24  permanent_dropout_3 (Perma  (None, 1000)              0         
2024-04-29 10:35:24  nentDropout)                                                    
2024-04-29 10:35:24                                                                  
2024-04-29 10:35:24  dense_4 (Dense)             (None, 1000)              1001000   
2024-04-29 10:35:24                                                                  
2024-04-29 10:35:24  permanent_dropout_4 (Perma  (None, 1000)              0         
2024-04-29 10:35:24  nentDropout)                                                    
2024-04-29 10:35:24                                                                  
2024-04-29 10:35:24  dense_5 (Dense)             (None, 1000)              1001000   
2024-04-29 10:35:24                                                                  
2024-04-29 10:35:24  permanent_dropout_5 (Perma  (None, 1000)              0         
2024-04-29 10:35:24  nentDropout)                                                    
2024-04-29 10:35:24                                                                  
2024-04-29 10:35:24 =================================================================
2024-04-29 10:35:24 Total params: 3616000 (13.79 MB)
2024-04-29 10:35:24 Trainable params: 3616000 (13.79 MB)
2024-04-29 10:35:24 Non-trainable params: 0 (0.00 Byte)
2024-04-29 10:35:24 _________________________________________________________________
2024-04-29 10:35:24 Combined model:
2024-04-29 10:35:24 Model: "model"
2024-04-29 10:35:24 __________________________________________________________________________________________________
2024-04-29 10:35:24  Layer (type)                Output Shape                 Param #   Connected to                  
2024-04-29 10:35:24 ==================================================================================================
2024-04-29 10:35:24  input.cell.rnaseq (InputLa  [(None, 958)]                0         []                            
2024-04-29 10:35:24  yer)                                                                                             
2024-04-29 10:35:24                                                                                                   
2024-04-29 10:35:24  input.drug1.descriptors (I  [(None, 1613)]               0         []                            
2024-04-29 10:35:24  nputLayer)                                                                                       
2024-04-29 10:35:24                                                                                                   
2024-04-29 10:35:24  cell.rnaseq (Functional)    (None, 1000)                 2961000   ['input.cell.rnaseq[0][0]']   
2024-04-29 10:35:24                                                                                                   
2024-04-29 10:35:24  drug.descriptors (Function  (None, 1000)                 3616000   ['input.drug1.descriptors[0][0
2024-04-29 10:35:24  al)                                                                ]']                           
2024-04-29 10:35:24                                                                                                   
2024-04-29 10:35:24  concatenate (Concatenate)   (None, 2000)                 0         ['cell.rnaseq[0][0]',         
2024-04-29 10:35:24                                                                      'drug.descriptors[0][0]']    
2024-04-29 10:35:24                                                                                                   
2024-04-29 10:35:24  dense_6 (Dense)             (None, 1000)                 2001000   ['concatenate[0][0]']         
2024-04-29 10:35:24                                                                                                   
2024-04-29 10:35:24  permanent_dropout_6 (Perma  (None, 1000)                 0         ['dense_6[0][0]']             
2024-04-29 10:35:24  nentDropout)                                                                                     
2024-04-29 10:35:24                                                                                                   
2024-04-29 10:35:24  dense_7 (Dense)             (None, 1000)                 1001000   ['permanent_dropout_6[0][0]'] 
2024-04-29 10:35:24                                                                                                   
2024-04-29 10:35:24  permanent_dropout_7 (Perma  (None, 1000)                 0         ['dense_7[0][0]']             
2024-04-29 10:35:24  nentDropout)                                                                                     
2024-04-29 10:35:24                                                                                                   
2024-04-29 10:35:24  dense_8 (Dense)             (None, 1000)                 1001000   ['permanent_dropout_7[0][0]'] 
2024-04-29 10:35:24                                                                                                   
2024-04-29 10:35:24  permanent_dropout_8 (Perma  (None, 1000)                 0         ['dense_8[0][0]']             
2024-04-29 10:35:24  nentDropout)                                                                                     
2024-04-29 10:35:24                                                                                                   
2024-04-29 10:35:24  dense_9 (Dense)             (None, 1000)                 1001000   ['permanent_dropout_8[0][0]'] 
2024-04-29 10:35:24                                                                                                   
2024-04-29 10:35:24  permanent_dropout_9 (Perma  (None, 1000)                 0         ['dense_9[0][0]']             
2024-04-29 10:35:24  nentDropout)                                                                                     
2024-04-29 10:35:24                                                                                                   
2024-04-29 10:35:24  dense_10 (Dense)            (None, 1000)                 1001000   ['permanent_dropout_9[0][0]'] 
2024-04-29 10:35:24                                                                                                   
2024-04-29 10:35:24  permanent_dropout_10 (Perm  (None, 1000)                 0         ['dense_10[0][0]']            
2024-04-29 10:35:24  anentDropout)                                                                                    
2024-04-29 10:35:24                                                                                                   
2024-04-29 10:35:24  dense_11 (Dense)            (None, 1)                    1001      ['permanent_dropout_10[0][0]']
2024-04-29 10:35:24                                                                                                   
2024-04-29 10:35:24 ==================================================================================================
2024-04-29 10:35:24 Total params: 12583001 (48.00 MB)
2024-04-29 10:35:24 Trainable params: 12583001 (48.00 MB)
2024-04-29 10:35:24 Non-trainable params: 0 (0.00 Byte)
2024-04-29 10:35:24 __________________________________________________________________________________________________
2024-04-29 10:35:24 CKPT CONSTRUCT...
2024-04-29 10:35:24 CKPT CONSTRUCT OK.
2024-04-29 10:35:24 template model: <keras.src.engine.functional.Functional object at 0x14895a53fa60>
2024-04-29 10:35:26 COMPILE
2024-04-29 10:35:26 Will save weights to: /dev/shm/Uno/save/8994056.amn-0001/164/4.0.model.h5
2024-04-29 10:35:43 Between random pairs in y_val:
2024-04-29 10:35:43   mse: 0.04787150
2024-04-29 10:35:43   mae: 0.16013396
2024-04-29 10:35:43   r2: -1.00421724
2024-04-29 10:35:43   corr: -0.00210862
2024-04-29 10:35:43 Data points per epoch: train = 470167, val = 117542, test = 688
2024-04-29 10:35:43 Steps per epoch: train = 14692, val = 3673, test = 21
2024-04-29 10:35:43 Epoch 0: lr=0.001
2024-04-29 10:36:57 [Epoch: 0] loss: 0.027351, mae: 0.079590, r2: -0.263875, val_loss: 0.009048, val_mae: 0.068264, val_r2: 0.570721
2024-04-29 10:36:57 Epoch 1: lr=0.00082
2024-04-29 10:38:10 [Epoch: 1] loss: 0.008007, mae: 0.064040, r2: 0.620285, val_loss: 0.007600, val_mae: 0.061327, val_r2: 0.639112
2024-04-29 10:38:10 Epoch 2: lr=0.00064
2024-04-29 10:39:22 [Epoch: 2] loss: 0.007326, mae: 0.060928, r2: 0.651596, val_loss: 0.007233, val_mae: 0.060994, val_r2: 0.659587
2024-04-29 10:39:23 Epoch 3: lr=0.00046
2024-04-29 10:40:35 [Epoch: 3] loss: 0.006842, mae: 0.058752, r2: 0.673693, val_loss: 0.006881, val_mae: 0.057779, val_r2: 0.672704
2024-04-29 10:40:35 Epoch 4: lr=0.00028
2024-04-29 10:41:48 [Epoch: 4] loss: 0.006451, mae: 0.056897, r2: 0.691820, val_loss: 0.006599, val_mae: 0.056999, val_r2: 0.689525
2024-04-29 10:41:48 Epoch 5: lr=0.0001
2024-04-29 10:43:01 [Epoch: 5] loss: 0.006121, mae: 0.055410, r2: 0.707063, val_loss: 0.006412, val_mae: 0.056250, val_r2: 0.696454
2024-04-29 10:43:01 Epoch 6: lr=0.0001
2024-04-29 10:44:13 [Epoch: 6] loss: 0.006003, mae: 0.054829, r2: 0.712720, val_loss: 0.006361, val_mae: 0.056461, val_r2: 0.697237
2024-04-29 10:44:14 Epoch 7: lr=0.0001
2024-04-29 10:45:26 [Epoch: 7] loss: 0.005914, mae: 0.054459, r2: 0.716775, val_loss: 0.006340, val_mae: 0.056843, val_r2: 0.699397
2024-04-29 10:45:26 Epoch 8: lr=0.0001
2024-04-29 10:46:39 [Epoch: 8] loss: 0.005859, mae: 0.054219, r2: 0.719474, val_loss: 0.006296, val_mae: 0.055859, val_r2: 0.700359
2024-04-29 10:46:39 Epoch 9: lr=0.0001
2024-04-29 10:47:52 [Epoch: 9] loss: 0.005787, mae: 0.053895, r2: 0.722376, val_loss: 0.006251, val_mae: 0.055377, val_r2: 0.703939
2024-04-29 10:47:52 Epoch 10: lr=0.0001
2024-04-29 10:49:04 [Epoch: 10] loss: 0.005720, mae: 0.053621, r2: 0.725605, val_loss: 0.006254, val_mae: 0.055816, val_r2: 0.702434
2024-04-29 10:49:04 Epoch 11: lr=0.0001
2024-04-29 10:50:17 [Epoch: 11] loss: 0.005667, mae: 0.053347, r2: 0.728096, val_loss: 0.006206, val_mae: 0.055251, val_r2: 0.706329
2024-04-29 10:50:17 Epoch 12: lr=0.0001
2024-04-29 10:51:30 [Epoch: 12] loss: 0.005611, mae: 0.053096, r2: 0.730948, val_loss: 0.006196, val_mae: 0.055420, val_r2: 0.705808
2024-04-29 10:51:30 Epoch 13: lr=0.0001
2024-04-29 10:52:42 [Epoch: 13] loss: 0.005557, mae: 0.052829, r2: 0.733350, val_loss: 0.006192, val_mae: 0.054815, val_r2: 0.705446
2024-04-29 10:52:43 Epoch 14: lr=0.0001
2024-04-29 10:53:55 [Epoch: 14] loss: 0.005491, mae: 0.052541, r2: 0.736254, val_loss: 0.006178, val_mae: 0.055097, val_r2: 0.706786
2024-04-29 10:53:55 Epoch 15: lr=0.0001
2024-04-29 10:55:08 [Epoch: 15] loss: 0.005447, mae: 0.052329, r2: 0.738518, val_loss: 0.006172, val_mae: 0.054957, val_r2: 0.707923
2024-04-29 10:55:08 Epoch 16: lr=0.0001
2024-04-29 10:56:21 [Epoch: 16] loss: 0.005395, mae: 0.052076, r2: 0.740809, val_loss: 0.006137, val_mae: 0.054943, val_r2: 0.708324
2024-04-29 10:56:21 Epoch 17: lr=0.0001
2024-04-29 10:57:33 [Epoch: 17] loss: 0.005346, mae: 0.051846, r2: 0.743169, val_loss: 0.006140, val_mae: 0.054508, val_r2: 0.707760
2024-04-29 10:57:33 Epoch 18: lr=5e-05
2024-04-29 10:58:46 [Epoch: 18] loss: 0.005220, mae: 0.051245, r2: 0.748964, val_loss: 0.006096, val_mae: 0.054380, val_r2: 0.710935
2024-04-29 10:58:46 Epoch 19: lr=5e-05
2024-04-29 10:59:59 [Epoch: 19] loss: 0.005189, mae: 0.051106, r2: 0.750373, val_loss: 0.006092, val_mae: 0.054266, val_r2: 0.710317
2024-04-29 10:59:59 Epoch 20: lr=5e-05
2024-04-29 11:01:11 [Epoch: 20] loss: 0.005159, mae: 0.050948, r2: 0.752072, val_loss: 0.006072, val_mae: 0.054312, val_r2: 0.711617
2024-04-29 11:01:12 Epoch 21: lr=5e-05
2024-04-29 11:02:24 [Epoch: 21] loss: 0.005127, mae: 0.050808, r2: 0.753242, val_loss: 0.006083, val_mae: 0.054371, val_r2: 0.711153
2024-04-29 11:02:24 Epoch 22: lr=5e-05
2024-04-29 11:03:37 [Epoch: 22] loss: 0.005099, mae: 0.050709, r2: 0.754505, val_loss: 0.006088, val_mae: 0.054358, val_r2: 0.711651
2024-04-29 11:03:37 Epoch 23: lr=5e-05
2024-04-29 11:04:50 [Epoch: 23] loss: 0.005059, mae: 0.050512, r2: 0.756598, val_loss: 0.006100, val_mae: 0.054216, val_r2: 0.709893
2024-04-29 11:04:50 Epoch 24: lr=5e-05
2024-04-29 11:06:02 [Epoch: 24] loss: 0.005044, mae: 0.050416, r2: 0.757338, val_loss: 0.006066, val_mae: 0.054228, val_r2: 0.711783
2024-04-29 11:06:02 Epoch 25: lr=2.5e-05
2024-04-29 11:07:15 [Epoch: 25] loss: 0.004995, mae: 0.050154, r2: 0.759552, val_loss: 0.006074, val_mae: 0.054208, val_r2: 0.711843
2024-04-29 11:07:15 Epoch 26: lr=2.5e-05
2024-04-29 11:08:28 [Epoch: 26] loss: 0.004976, mae: 0.050102, r2: 0.760507, val_loss: 0.006092, val_mae: 0.054352, val_r2: 0.710292
2024-04-29 11:08:28 Epoch 27: lr=2.5e-05
2024-04-29 11:09:41 [Epoch: 27] loss: 0.004965, mae: 0.050016, r2: 0.761225, val_loss: 0.006062, val_mae: 0.054429, val_r2: 0.711926
2024-04-29 11:09:41 Epoch 28: lr=2.5e-05
2024-04-29 11:10:53 [Epoch: 28] loss: 0.004933, mae: 0.049883, r2: 0.762420, val_loss: 0.006056, val_mae: 0.054065, val_r2: 0.711776
2024-04-29 11:10:53 Epoch 29: lr=2.5e-05
2024-04-29 11:12:06 [Epoch: 29] loss: 0.004920, mae: 0.049829, r2: 0.762886, val_loss: 0.006106, val_mae: 0.054400, val_r2: 0.709550
2024-04-29 11:12:06 history_length: 30
2024-04-29 11:12:06 stopping: complete
2024-04-29 11:12:06 Comparing y_true and y_pred:
2024-04-29 11:12:06   mse: 0.00322302
2024-04-29 11:12:06   mae: 0.04430380
2024-04-29 11:12:06   r2: 0.48571618
2024-04-29 11:12:06   corr: 0.70213488
