2024-05-22 19:47:05 UNO RUN ...
2024-05-22 19:47:05 Params: {'model_name': 'uno', 'train_sources': ['CCLE'], 'test_sources': ['train'], 'cell_types': None, 'cell_features': ['rnaseq'], 'drug_features': ['descriptors'], 'dense': [1000, 1000, 1000, 1000, 1000], 'dense_feature_layers': [1000, 1000, 1000], 'activation': 'relu', 'loss': 'mse', 'optimizer': 'adamax', 'scaling': 'std', 'dropout': 0.1, 'epochs': 50, 'batch_size': 32, 'val_split': 0.2, 'cv': 1, 'max_val_loss': 1.0, 'learning_rate': 0.0001, 'base_lr': None, 'agg_dose': 'AUC', 'residual': False, 'reduce_lr': True, 'warmup_lr': True, 'batch_normalization': False, 'feature_subsample': 0, 'rng_seed': 2018, 'no_gen': False, 'verbose': False, 'preprocess_rnaseq': 'source_scale', 'gpus': [0], 'use_landmark_genes': True, 'no_feature_source': True, 'no_response_source': True, 'save_path': '/dev/shm/Uno/save/9000896.amn-0001/28', 'single': True, 'on_memory_loader': True, 'ckpt_checksum': True, 'ckpt_save_interval': 0, 'timeout': -1, 'train_bool': True, 'profiling': False, 'experiment_id': '9000896.amn-0001', 'run_id': '28', 'logfile': '/dev/shm/Uno/save/9000896.amn-0001/28/python.log', 'shuffle': False, 'ckpt_restart_mode': 'off', 'ckpt_skip_epochs': 0, 'ckpt_directory': '/dev/shm/Uno/save/9000896.amn-0001/28', 'ckpt_save_best': True, 'ckpt_save_best_metric': 'val_loss', 'ckpt_save_weights_only': False, 'ckpt_keep_mode': 'linear', 'ckpt_keep_limit': 5, 'by_cell': None, 'by_drug': None, 'cell_subset_path': '', 'drug_subset_path': '', 'drug_median_response_min': -1, 'drug_median_response_max': 1, 'dense_cell_feature_layers': None, 'dense_drug_feature_layers': None, 'use_filtered_genes': False, 'feature_subset_path': '', 'cell_feature_subset_path': '', 'drug_feature_subset_path': '', 'es': True, 'cp': False, 'tb': False, 'tb_prefix': 'tb', 'partition_by': None, 'cache': None, 'export_csv': None, 'export_data': None, 'use_exported_data': '/dev/shm/Uno/x1922c6s1b0n0.28.merged.landmark.h5', 'growth_bins': 0, 'initial_weights': None, 'save_weights': '/dev/shm/Uno/save/9000896.amn-0001/28/2.0.model.h5', 'config_file': '/home/brettin/CSC249ADOA01_CNDA/brettin/Benchmarks/Pilot1/Uno/uno_auc_model.txt', 'data_type': <class 'numpy.float32'>, 'data_dir': '/dev/shm/Uno/uno/Data', 'output_dir': '/dev/shm/Uno/uno/Output/9000896.amn-0001/28'}
2024-05-22 19:47:05 Feature encoding submodel for cell.rnaseq:
2024-05-22 19:47:05 Model: "cell.rnaseq"
2024-05-22 19:47:05 _________________________________________________________________
2024-05-22 19:47:05  Layer (type)                Output Shape              Param #   
2024-05-22 19:47:05 =================================================================
2024-05-22 19:47:05  input_1 (InputLayer)        [(None, 958)]             0         
2024-05-22 19:47:05                                                                  
2024-05-22 19:47:05  dense (Dense)               (None, 1000)              959000    
2024-05-22 19:47:05                                                                  
2024-05-22 19:47:05  permanent_dropout (Permane  (None, 1000)              0         
2024-05-22 19:47:05  ntDropout)                                                      
2024-05-22 19:47:05                                                                  
2024-05-22 19:47:05  dense_1 (Dense)             (None, 1000)              1001000   
2024-05-22 19:47:05                                                                  
2024-05-22 19:47:05  permanent_dropout_1 (Perma  (None, 1000)              0         
2024-05-22 19:47:05  nentDropout)                                                    
2024-05-22 19:47:05                                                                  
2024-05-22 19:47:05  dense_2 (Dense)             (None, 1000)              1001000   
2024-05-22 19:47:05                                                                  
2024-05-22 19:47:05  permanent_dropout_2 (Perma  (None, 1000)              0         
2024-05-22 19:47:05  nentDropout)                                                    
2024-05-22 19:47:05                                                                  
2024-05-22 19:47:05 =================================================================
2024-05-22 19:47:05 Total params: 2961000 (11.30 MB)
2024-05-22 19:47:05 Trainable params: 2961000 (11.30 MB)
2024-05-22 19:47:05 Non-trainable params: 0 (0.00 Byte)
2024-05-22 19:47:05 _________________________________________________________________
2024-05-22 19:47:05 Feature encoding submodel for drug.descriptors:
2024-05-22 19:47:05 Model: "drug.descriptors"
2024-05-22 19:47:05 _________________________________________________________________
2024-05-22 19:47:05  Layer (type)                Output Shape              Param #   
2024-05-22 19:47:05 =================================================================
2024-05-22 19:47:05  input_2 (InputLayer)        [(None, 1613)]            0         
2024-05-22 19:47:05                                                                  
2024-05-22 19:47:05  dense_3 (Dense)             (None, 1000)              1614000   
2024-05-22 19:47:05                                                                  
2024-05-22 19:47:05  permanent_dropout_3 (Perma  (None, 1000)              0         
2024-05-22 19:47:05  nentDropout)                                                    
2024-05-22 19:47:05                                                                  
2024-05-22 19:47:05  dense_4 (Dense)             (None, 1000)              1001000   
2024-05-22 19:47:05                                                                  
2024-05-22 19:47:05  permanent_dropout_4 (Perma  (None, 1000)              0         
2024-05-22 19:47:05  nentDropout)                                                    
2024-05-22 19:47:05                                                                  
2024-05-22 19:47:05  dense_5 (Dense)             (None, 1000)              1001000   
2024-05-22 19:47:05                                                                  
2024-05-22 19:47:05  permanent_dropout_5 (Perma  (None, 1000)              0         
2024-05-22 19:47:05  nentDropout)                                                    
2024-05-22 19:47:05                                                                  
2024-05-22 19:47:05 =================================================================
2024-05-22 19:47:05 Total params: 3616000 (13.79 MB)
2024-05-22 19:47:05 Trainable params: 3616000 (13.79 MB)
2024-05-22 19:47:05 Non-trainable params: 0 (0.00 Byte)
2024-05-22 19:47:05 _________________________________________________________________
2024-05-22 19:47:05 Combined model:
2024-05-22 19:47:05 Model: "model"
2024-05-22 19:47:05 __________________________________________________________________________________________________
2024-05-22 19:47:05  Layer (type)                Output Shape                 Param #   Connected to                  
2024-05-22 19:47:05 ==================================================================================================
2024-05-22 19:47:05  input.cell.rnaseq (InputLa  [(None, 958)]                0         []                            
2024-05-22 19:47:05  yer)                                                                                             
2024-05-22 19:47:05                                                                                                   
2024-05-22 19:47:05  input.drug1.descriptors (I  [(None, 1613)]               0         []                            
2024-05-22 19:47:05  nputLayer)                                                                                       
2024-05-22 19:47:05                                                                                                   
2024-05-22 19:47:05  cell.rnaseq (Functional)    (None, 1000)                 2961000   ['input.cell.rnaseq[0][0]']   
2024-05-22 19:47:05                                                                                                   
2024-05-22 19:47:05  drug.descriptors (Function  (None, 1000)                 3616000   ['input.drug1.descriptors[0][0
2024-05-22 19:47:05  al)                                                                ]']                           
2024-05-22 19:47:05                                                                                                   
2024-05-22 19:47:05  concatenate (Concatenate)   (None, 2000)                 0         ['cell.rnaseq[0][0]',         
2024-05-22 19:47:05                                                                      'drug.descriptors[0][0]']    
2024-05-22 19:47:05                                                                                                   
2024-05-22 19:47:05  dense_6 (Dense)             (None, 1000)                 2001000   ['concatenate[0][0]']         
2024-05-22 19:47:05                                                                                                   
2024-05-22 19:47:05  permanent_dropout_6 (Perma  (None, 1000)                 0         ['dense_6[0][0]']             
2024-05-22 19:47:05  nentDropout)                                                                                     
2024-05-22 19:47:05                                                                                                   
2024-05-22 19:47:05  dense_7 (Dense)             (None, 1000)                 1001000   ['permanent_dropout_6[0][0]'] 
2024-05-22 19:47:05                                                                                                   
2024-05-22 19:47:05  permanent_dropout_7 (Perma  (None, 1000)                 0         ['dense_7[0][0]']             
2024-05-22 19:47:05  nentDropout)                                                                                     
2024-05-22 19:47:05                                                                                                   
2024-05-22 19:47:05  dense_8 (Dense)             (None, 1000)                 1001000   ['permanent_dropout_7[0][0]'] 
2024-05-22 19:47:05                                                                                                   
2024-05-22 19:47:05  permanent_dropout_8 (Perma  (None, 1000)                 0         ['dense_8[0][0]']             
2024-05-22 19:47:05  nentDropout)                                                                                     
2024-05-22 19:47:05                                                                                                   
2024-05-22 19:47:05  dense_9 (Dense)             (None, 1000)                 1001000   ['permanent_dropout_8[0][0]'] 
2024-05-22 19:47:05                                                                                                   
2024-05-22 19:47:05  permanent_dropout_9 (Perma  (None, 1000)                 0         ['dense_9[0][0]']             
2024-05-22 19:47:05  nentDropout)                                                                                     
2024-05-22 19:47:05                                                                                                   
2024-05-22 19:47:05  dense_10 (Dense)            (None, 1000)                 1001000   ['permanent_dropout_9[0][0]'] 
2024-05-22 19:47:05                                                                                                   
2024-05-22 19:47:05  permanent_dropout_10 (Perm  (None, 1000)                 0         ['dense_10[0][0]']            
2024-05-22 19:47:05  anentDropout)                                                                                    
2024-05-22 19:47:05                                                                                                   
2024-05-22 19:47:05  dense_11 (Dense)            (None, 1)                    1001      ['permanent_dropout_10[0][0]']
2024-05-22 19:47:05                                                                                                   
2024-05-22 19:47:05 ==================================================================================================
2024-05-22 19:47:05 Total params: 12583001 (48.00 MB)
2024-05-22 19:47:05 Trainable params: 12583001 (48.00 MB)
2024-05-22 19:47:05 Non-trainable params: 0 (0.00 Byte)
2024-05-22 19:47:05 __________________________________________________________________________________________________
2024-05-22 19:47:05 CKPT CONSTRUCT...
2024-05-22 19:47:05 CKPT CONSTRUCT OK.
2024-05-22 19:47:05 template model: <keras.src.engine.functional.Functional object at 0x14e3080cbfa0>
2024-05-22 19:47:07 COMPILE
2024-05-22 19:47:07 Will save weights to: /dev/shm/Uno/save/9000896.amn-0001/28/2.0.model.h5
2024-05-22 19:47:23 Between random pairs in y_val:
2024-05-22 19:47:23   mse: 0.04764590
2024-05-22 19:47:23   mae: 0.15977758
2024-05-22 19:47:23   r2: -1.00378305
2024-05-22 19:47:23   corr: -0.00189153
2024-05-22 19:47:23 Data points per epoch: train = 469316, val = 117330, test = 1063
2024-05-22 19:47:23 Steps per epoch: train = 14666, val = 3666, test = 33
2024-05-22 19:47:24 Epoch 0: lr=0.001
2024-05-22 19:48:37 [Epoch: 0] loss: 0.022680, mae: 0.079180, r2: -0.033096, val_loss: 0.008686, val_mae: 0.067856, val_r2: 0.597311
2024-05-22 19:48:38 Epoch 1: lr=0.00082
2024-05-22 19:49:50 [Epoch: 1] loss: 0.007997, mae: 0.063923, r2: 0.621661, val_loss: 0.007803, val_mae: 0.062018, val_r2: 0.628883
2024-05-22 19:49:50 Epoch 2: lr=0.00064
2024-05-22 19:51:02 [Epoch: 2] loss: 0.007346, mae: 0.060947, r2: 0.651570, val_loss: 0.007160, val_mae: 0.060400, val_r2: 0.657268
2024-05-22 19:51:02 Epoch 3: lr=0.00046
2024-05-22 19:52:14 [Epoch: 3] loss: 0.006866, mae: 0.058789, r2: 0.673813, val_loss: 0.006885, val_mae: 0.059133, val_r2: 0.671085
2024-05-22 19:52:14 Epoch 4: lr=0.00028
2024-05-22 19:53:27 [Epoch: 4] loss: 0.006481, mae: 0.057022, r2: 0.691625, val_loss: 0.006625, val_mae: 0.057003, val_r2: 0.683689
2024-05-22 19:53:27 Epoch 5: lr=0.0001
2024-05-22 19:54:39 [Epoch: 5] loss: 0.006150, mae: 0.055469, r2: 0.706751, val_loss: 0.006447, val_mae: 0.056346, val_r2: 0.689649
2024-05-22 19:54:39 Epoch 6: lr=0.0001
2024-05-22 19:55:51 [Epoch: 6] loss: 0.006049, mae: 0.054981, r2: 0.711347, val_loss: 0.006390, val_mae: 0.056237, val_r2: 0.693959
2024-05-22 19:55:51 Epoch 7: lr=0.0001
2024-05-22 19:57:04 [Epoch: 7] loss: 0.005959, mae: 0.054625, r2: 0.715522, val_loss: 0.006376, val_mae: 0.056025, val_r2: 0.694744
2024-05-22 19:57:04 Epoch 8: lr=0.0001
2024-05-22 19:58:16 [Epoch: 8] loss: 0.005894, mae: 0.054273, r2: 0.718616, val_loss: 0.006356, val_mae: 0.055784, val_r2: 0.694784
2024-05-22 19:58:16 Epoch 9: lr=0.0001
2024-05-22 19:59:29 [Epoch: 9] loss: 0.005836, mae: 0.054026, r2: 0.721281, val_loss: 0.006318, val_mae: 0.055586, val_r2: 0.696545
2024-05-22 19:59:29 Epoch 10: lr=0.0001
2024-05-22 20:00:41 [Epoch: 10] loss: 0.005775, mae: 0.053750, r2: 0.724244, val_loss: 0.006271, val_mae: 0.055747, val_r2: 0.698831
2024-05-22 20:00:41 Epoch 11: lr=0.0001
2024-05-22 20:01:54 [Epoch: 11] loss: 0.005707, mae: 0.053457, r2: 0.727100, val_loss: 0.006321, val_mae: 0.055471, val_r2: 0.698221
2024-05-22 20:01:54 Epoch 12: lr=0.0001
2024-05-22 20:03:06 [Epoch: 12] loss: 0.005649, mae: 0.053206, r2: 0.729783, val_loss: 0.006286, val_mae: 0.055954, val_r2: 0.697006
2024-05-22 20:03:06 Epoch 13: lr=0.0001
2024-05-22 20:04:18 [Epoch: 13] loss: 0.005591, mae: 0.052934, r2: 0.732348, val_loss: 0.006242, val_mae: 0.055834, val_r2: 0.700284
2024-05-22 20:04:19 Epoch 14: lr=0.0001
2024-05-22 20:05:31 [Epoch: 14] loss: 0.005541, mae: 0.052709, r2: 0.734911, val_loss: 0.006206, val_mae: 0.055376, val_r2: 0.701129
2024-05-22 20:05:31 Epoch 15: lr=0.0001
2024-05-22 20:06:43 [Epoch: 15] loss: 0.005487, mae: 0.052431, r2: 0.737493, val_loss: 0.006175, val_mae: 0.055067, val_r2: 0.703578
2024-05-22 20:06:43 Epoch 16: lr=0.0001
2024-05-22 20:07:55 [Epoch: 16] loss: 0.005433, mae: 0.052210, r2: 0.739935, val_loss: 0.006195, val_mae: 0.055252, val_r2: 0.702591
2024-05-22 20:07:55 Epoch 17: lr=0.0001
2024-05-22 20:09:08 [Epoch: 17] loss: 0.005382, mae: 0.051961, r2: 0.742178, val_loss: 0.006163, val_mae: 0.055182, val_r2: 0.703610
2024-05-22 20:09:08 Epoch 18: lr=0.0001
2024-05-22 20:10:20 [Epoch: 18] loss: 0.005338, mae: 0.051768, r2: 0.744554, val_loss: 0.006173, val_mae: 0.054564, val_r2: 0.704208
2024-05-22 20:10:20 Epoch 19: lr=0.0001
2024-05-22 20:11:32 [Epoch: 19] loss: 0.005303, mae: 0.051580, r2: 0.746291, val_loss: 0.006134, val_mae: 0.054963, val_r2: 0.705519
2024-05-22 20:11:32 Epoch 20: lr=5e-05
2024-05-22 20:12:44 [Epoch: 20] loss: 0.005180, mae: 0.050996, r2: 0.751597, val_loss: 0.006109, val_mae: 0.054701, val_r2: 0.707528
2024-05-22 20:12:44 Epoch 21: lr=5e-05
2024-05-22 20:13:57 [Epoch: 21] loss: 0.005127, mae: 0.050770, r2: 0.754170, val_loss: 0.006142, val_mae: 0.054557, val_r2: 0.704041
2024-05-22 20:13:57 Epoch 22: lr=5e-05
2024-05-22 20:15:09 [Epoch: 22] loss: 0.005104, mae: 0.050670, r2: 0.755449, val_loss: 0.006111, val_mae: 0.054912, val_r2: 0.706798
2024-05-22 20:15:09 Epoch 23: lr=5e-05
2024-05-22 20:16:22 [Epoch: 23] loss: 0.005080, mae: 0.050516, r2: 0.756405, val_loss: 0.006115, val_mae: 0.054348, val_r2: 0.706854
2024-05-22 20:16:22 Epoch 24: lr=5e-05
2024-05-22 20:17:34 [Epoch: 24] loss: 0.005048, mae: 0.050360, r2: 0.757912, val_loss: 0.006085, val_mae: 0.054514, val_r2: 0.708198
2024-05-22 20:17:34 Epoch 25: lr=5e-05
2024-05-22 20:18:46 [Epoch: 25] loss: 0.005028, mae: 0.050295, r2: 0.758899, val_loss: 0.006091, val_mae: 0.054604, val_r2: 0.706742
2024-05-22 20:18:46 Epoch 26: lr=5e-05
2024-05-22 20:19:59 [Epoch: 26] loss: 0.005008, mae: 0.050194, r2: 0.759843, val_loss: 0.006091, val_mae: 0.054400, val_r2: 0.708403
2024-05-22 20:19:59 Epoch 27: lr=5e-05
2024-05-22 20:21:11 [Epoch: 27] loss: 0.004977, mae: 0.050012, r2: 0.761198, val_loss: 0.006094, val_mae: 0.054523, val_r2: 0.706391
2024-05-22 20:21:11 Epoch 28: lr=5e-05
2024-05-22 20:22:23 [Epoch: 28] loss: 0.004959, mae: 0.049952, r2: 0.762213, val_loss: 0.006092, val_mae: 0.054311, val_r2: 0.706874
2024-05-22 20:22:23 Epoch 29: lr=5e-05
2024-05-22 20:23:36 [Epoch: 29] loss: 0.004937, mae: 0.049855, r2: 0.762935, val_loss: 0.006089, val_mae: 0.054119, val_r2: 0.707663
2024-05-22 20:23:36 Epoch 30: lr=2.5e-05
2024-05-22 20:24:48 [Epoch: 30] loss: 0.004864, mae: 0.049518, r2: 0.766469, val_loss: 0.006090, val_mae: 0.054265, val_r2: 0.707125
2024-05-22 20:24:48 Epoch 31: lr=2.5e-05
2024-05-22 20:26:01 [Epoch: 31] loss: 0.004861, mae: 0.049475, r2: 0.766485, val_loss: 0.006113, val_mae: 0.054389, val_r2: 0.706610
2024-05-22 20:26:01 Epoch 32: lr=2.5e-05
2024-05-22 20:27:13 [Epoch: 32] loss: 0.004831, mae: 0.049371, r2: 0.767951, val_loss: 0.006067, val_mae: 0.054227, val_r2: 0.708648
2024-05-22 20:27:13 Epoch 33: lr=2.5e-05
2024-05-22 20:28:25 [Epoch: 33] loss: 0.004831, mae: 0.049333, r2: 0.767848, val_loss: 0.006083, val_mae: 0.054191, val_r2: 0.707921
2024-05-22 20:28:26 Epoch 34: lr=2.5e-05
2024-05-22 20:29:38 [Epoch: 34] loss: 0.004815, mae: 0.049225, r2: 0.768734, val_loss: 0.006091, val_mae: 0.054353, val_r2: 0.708054
2024-05-22 20:29:38 Epoch 35: lr=1.25e-05
2024-05-22 20:30:50 [Epoch: 35] loss: 0.004775, mae: 0.049072, r2: 0.770587, val_loss: 0.006099, val_mae: 0.054163, val_r2: 0.706105
2024-05-22 20:30:50 Epoch 36: lr=1.25e-05
2024-05-22 20:32:02 [Epoch: 36] loss: 0.004776, mae: 0.049076, r2: 0.770402, val_loss: 0.006055, val_mae: 0.054116, val_r2: 0.708820
2024-05-22 20:32:02 Epoch 37: lr=1.25e-05
2024-05-22 20:33:14 [Epoch: 37] loss: 0.004768, mae: 0.049010, r2: 0.770845, val_loss: 0.006082, val_mae: 0.054040, val_r2: 0.707693
2024-05-22 20:33:14 Epoch 38: lr=1.25e-05
2024-05-22 20:34:26 [Epoch: 38] loss: 0.004754, mae: 0.048934, r2: 0.771483, val_loss: 0.006079, val_mae: 0.054215, val_r2: 0.708184
2024-05-22 20:34:27 Epoch 39: lr=1.25e-05
2024-05-22 20:35:39 [Epoch: 39] loss: 0.004748, mae: 0.048924, r2: 0.771786, val_loss: 0.006106, val_mae: 0.054123, val_r2: 0.707305
2024-05-22 20:35:39 Epoch 40: lr=1e-05
2024-05-22 20:36:51 [Epoch: 40] loss: 0.004744, mae: 0.048883, r2: 0.771949, val_loss: 0.006108, val_mae: 0.054264, val_r2: 0.706549
2024-05-22 20:36:51 Epoch 41: lr=1e-05
2024-05-22 20:38:03 [Epoch: 41] loss: 0.004739, mae: 0.048881, r2: 0.772231, val_loss: 0.006068, val_mae: 0.054062, val_r2: 0.708483
2024-05-22 20:38:03 Epoch 42: lr=1e-05
2024-05-22 20:39:15 [Epoch: 42] loss: 0.004730, mae: 0.048805, r2: 0.772649, val_loss: 0.006079, val_mae: 0.054182, val_r2: 0.707673
2024-05-22 20:39:15 Epoch 43: lr=1e-05
2024-05-22 20:40:27 [Epoch: 43] loss: 0.004729, mae: 0.048850, r2: 0.772818, val_loss: 0.006086, val_mae: 0.054270, val_r2: 0.707998
2024-05-22 20:40:27 Epoch 44: lr=1e-05
2024-05-22 20:41:39 [Epoch: 44] loss: 0.004716, mae: 0.048764, r2: 0.773355, val_loss: 0.006084, val_mae: 0.054230, val_r2: 0.707834
2024-05-22 20:41:39 Epoch 45: lr=1e-05
2024-05-22 20:42:50 [Epoch: 45] loss: 0.004715, mae: 0.048774, r2: 0.773308, val_loss: 0.006079, val_mae: 0.054175, val_r2: 0.708039
2024-05-22 20:42:51 Epoch 46: lr=1e-05
2024-05-22 20:44:02 [Epoch: 46] loss: 0.004716, mae: 0.048750, r2: 0.773170, val_loss: 0.006070, val_mae: 0.054144, val_r2: 0.708640
2024-05-22 20:44:03 history_length: 47
2024-05-22 20:44:03 stopping: early
2024-05-22 20:44:03 Comparing y_true and y_pred:
2024-05-22 20:44:03   mse: 0.00318856
2024-05-22 20:44:03   mae: 0.04156567
2024-05-22 20:44:03   r2: -0.28207510
2024-05-22 20:44:03   corr: 0.03611022
