2024-05-17 17:41:53 UNO RUN ...
2024-05-17 17:41:53 Params: {'model_name': 'uno', 'train_sources': ['CCLE'], 'test_sources': ['train'], 'cell_types': None, 'cell_features': ['rnaseq'], 'drug_features': ['descriptors'], 'dense': [1000, 1000, 1000, 1000, 1000], 'dense_feature_layers': [1000, 1000, 1000], 'activation': 'relu', 'loss': 'mse', 'optimizer': 'adamax', 'scaling': 'std', 'dropout': 0.1, 'epochs': 75, 'batch_size': 32, 'val_split': 0.2, 'cv': 1, 'max_val_loss': 1.0, 'learning_rate': 0.0001, 'base_lr': None, 'agg_dose': 'AUC', 'residual': False, 'reduce_lr': True, 'warmup_lr': True, 'batch_normalization': False, 'feature_subsample': 0, 'rng_seed': 2018, 'no_gen': False, 'verbose': False, 'preprocess_rnaseq': 'source_scale', 'gpus': [0], 'use_landmark_genes': True, 'no_feature_source': True, 'no_response_source': True, 'save_path': '/dev/shm/Uno/save/8998722.amn-0001/18', 'single': True, 'on_memory_loader': True, 'ckpt_checksum': True, 'ckpt_save_interval': 0, 'timeout': -1, 'train_bool': True, 'profiling': False, 'experiment_id': '8998722.amn-0001', 'run_id': '18', 'logfile': '/dev/shm/Uno/save/8998722.amn-0001/18/python.log', 'shuffle': False, 'ckpt_restart_mode': 'off', 'ckpt_skip_epochs': 0, 'ckpt_directory': '/dev/shm/Uno/save/8998722.amn-0001/18', 'ckpt_save_best': True, 'ckpt_save_best_metric': 'val_loss', 'ckpt_save_weights_only': False, 'ckpt_keep_mode': 'linear', 'ckpt_keep_limit': 5, 'by_cell': None, 'by_drug': None, 'cell_subset_path': '', 'drug_subset_path': '', 'drug_median_response_min': -1, 'drug_median_response_max': 1, 'dense_cell_feature_layers': None, 'dense_drug_feature_layers': None, 'use_filtered_genes': False, 'feature_subset_path': '', 'cell_feature_subset_path': '', 'drug_feature_subset_path': '', 'es': True, 'cp': False, 'tb': False, 'tb_prefix': 'tb', 'partition_by': None, 'cache': None, 'export_csv': None, 'export_data': None, 'use_exported_data': '/dev/shm/Uno/x1922c2s2b0n0.18.merged.landmark.h5', 'growth_bins': 0, 'initial_weights': None, 'save_weights': '/dev/shm/Uno/save/8998722.amn-0001/18/3.0.model.h5', 'config_file': '/home/brettin/CSC249ADOA01_CNDA/brettin/Benchmarks/Pilot1/Uno/uno_auc_model.txt', 'data_type': <class 'numpy.float32'>, 'data_dir': '/dev/shm/Uno/uno/Data', 'output_dir': '/dev/shm/Uno/uno/Output/8998722.amn-0001/18'}
2024-05-17 17:41:54 Feature encoding submodel for cell.rnaseq:
2024-05-17 17:41:54 Model: "cell.rnaseq"
2024-05-17 17:41:54 _________________________________________________________________
2024-05-17 17:41:54  Layer (type)                Output Shape              Param #   
2024-05-17 17:41:54 =================================================================
2024-05-17 17:41:54  input_1 (InputLayer)        [(None, 958)]             0         
2024-05-17 17:41:54                                                                  
2024-05-17 17:41:54  dense (Dense)               (None, 1000)              959000    
2024-05-17 17:41:54                                                                  
2024-05-17 17:41:54  permanent_dropout (Permane  (None, 1000)              0         
2024-05-17 17:41:54  ntDropout)                                                      
2024-05-17 17:41:54                                                                  
2024-05-17 17:41:54  dense_1 (Dense)             (None, 1000)              1001000   
2024-05-17 17:41:54                                                                  
2024-05-17 17:41:54  permanent_dropout_1 (Perma  (None, 1000)              0         
2024-05-17 17:41:54  nentDropout)                                                    
2024-05-17 17:41:54                                                                  
2024-05-17 17:41:54  dense_2 (Dense)             (None, 1000)              1001000   
2024-05-17 17:41:54                                                                  
2024-05-17 17:41:54  permanent_dropout_2 (Perma  (None, 1000)              0         
2024-05-17 17:41:54  nentDropout)                                                    
2024-05-17 17:41:54                                                                  
2024-05-17 17:41:54 =================================================================
2024-05-17 17:41:54 Total params: 2961000 (11.30 MB)
2024-05-17 17:41:54 Trainable params: 2961000 (11.30 MB)
2024-05-17 17:41:54 Non-trainable params: 0 (0.00 Byte)
2024-05-17 17:41:54 _________________________________________________________________
2024-05-17 17:41:54 Feature encoding submodel for drug.descriptors:
2024-05-17 17:41:54 Model: "drug.descriptors"
2024-05-17 17:41:54 _________________________________________________________________
2024-05-17 17:41:54  Layer (type)                Output Shape              Param #   
2024-05-17 17:41:54 =================================================================
2024-05-17 17:41:54  input_2 (InputLayer)        [(None, 1613)]            0         
2024-05-17 17:41:54                                                                  
2024-05-17 17:41:54  dense_3 (Dense)             (None, 1000)              1614000   
2024-05-17 17:41:54                                                                  
2024-05-17 17:41:54  permanent_dropout_3 (Perma  (None, 1000)              0         
2024-05-17 17:41:54  nentDropout)                                                    
2024-05-17 17:41:54                                                                  
2024-05-17 17:41:54  dense_4 (Dense)             (None, 1000)              1001000   
2024-05-17 17:41:54                                                                  
2024-05-17 17:41:54  permanent_dropout_4 (Perma  (None, 1000)              0         
2024-05-17 17:41:54  nentDropout)                                                    
2024-05-17 17:41:54                                                                  
2024-05-17 17:41:54  dense_5 (Dense)             (None, 1000)              1001000   
2024-05-17 17:41:54                                                                  
2024-05-17 17:41:54  permanent_dropout_5 (Perma  (None, 1000)              0         
2024-05-17 17:41:54  nentDropout)                                                    
2024-05-17 17:41:54                                                                  
2024-05-17 17:41:54 =================================================================
2024-05-17 17:41:54 Total params: 3616000 (13.79 MB)
2024-05-17 17:41:54 Trainable params: 3616000 (13.79 MB)
2024-05-17 17:41:54 Non-trainable params: 0 (0.00 Byte)
2024-05-17 17:41:54 _________________________________________________________________
2024-05-17 17:41:54 Combined model:
2024-05-17 17:41:54 Model: "model"
2024-05-17 17:41:54 __________________________________________________________________________________________________
2024-05-17 17:41:54  Layer (type)                Output Shape                 Param #   Connected to                  
2024-05-17 17:41:54 ==================================================================================================
2024-05-17 17:41:54  input.cell.rnaseq (InputLa  [(None, 958)]                0         []                            
2024-05-17 17:41:54  yer)                                                                                             
2024-05-17 17:41:54                                                                                                   
2024-05-17 17:41:54  input.drug1.descriptors (I  [(None, 1613)]               0         []                            
2024-05-17 17:41:54  nputLayer)                                                                                       
2024-05-17 17:41:54                                                                                                   
2024-05-17 17:41:54  cell.rnaseq (Functional)    (None, 1000)                 2961000   ['input.cell.rnaseq[0][0]']   
2024-05-17 17:41:54                                                                                                   
2024-05-17 17:41:54  drug.descriptors (Function  (None, 1000)                 3616000   ['input.drug1.descriptors[0][0
2024-05-17 17:41:54  al)                                                                ]']                           
2024-05-17 17:41:54                                                                                                   
2024-05-17 17:41:54  concatenate (Concatenate)   (None, 2000)                 0         ['cell.rnaseq[0][0]',         
2024-05-17 17:41:54                                                                      'drug.descriptors[0][0]']    
2024-05-17 17:41:54                                                                                                   
2024-05-17 17:41:54  dense_6 (Dense)             (None, 1000)                 2001000   ['concatenate[0][0]']         
2024-05-17 17:41:54                                                                                                   
2024-05-17 17:41:54  permanent_dropout_6 (Perma  (None, 1000)                 0         ['dense_6[0][0]']             
2024-05-17 17:41:54  nentDropout)                                                                                     
2024-05-17 17:41:54                                                                                                   
2024-05-17 17:41:54  dense_7 (Dense)             (None, 1000)                 1001000   ['permanent_dropout_6[0][0]'] 
2024-05-17 17:41:54                                                                                                   
2024-05-17 17:41:54  permanent_dropout_7 (Perma  (None, 1000)                 0         ['dense_7[0][0]']             
2024-05-17 17:41:54  nentDropout)                                                                                     
2024-05-17 17:41:54                                                                                                   
2024-05-17 17:41:54  dense_8 (Dense)             (None, 1000)                 1001000   ['permanent_dropout_7[0][0]'] 
2024-05-17 17:41:54                                                                                                   
2024-05-17 17:41:54  permanent_dropout_8 (Perma  (None, 1000)                 0         ['dense_8[0][0]']             
2024-05-17 17:41:54  nentDropout)                                                                                     
2024-05-17 17:41:54                                                                                                   
2024-05-17 17:41:54  dense_9 (Dense)             (None, 1000)                 1001000   ['permanent_dropout_8[0][0]'] 
2024-05-17 17:41:54                                                                                                   
2024-05-17 17:41:54  permanent_dropout_9 (Perma  (None, 1000)                 0         ['dense_9[0][0]']             
2024-05-17 17:41:54  nentDropout)                                                                                     
2024-05-17 17:41:54                                                                                                   
2024-05-17 17:41:54  dense_10 (Dense)            (None, 1000)                 1001000   ['permanent_dropout_9[0][0]'] 
2024-05-17 17:41:54                                                                                                   
2024-05-17 17:41:54  permanent_dropout_10 (Perm  (None, 1000)                 0         ['dense_10[0][0]']            
2024-05-17 17:41:54  anentDropout)                                                                                    
2024-05-17 17:41:54                                                                                                   
2024-05-17 17:41:54  dense_11 (Dense)            (None, 1)                    1001      ['permanent_dropout_10[0][0]']
2024-05-17 17:41:54                                                                                                   
2024-05-17 17:41:54 ==================================================================================================
2024-05-17 17:41:54 Total params: 12583001 (48.00 MB)
2024-05-17 17:41:54 Trainable params: 12583001 (48.00 MB)
2024-05-17 17:41:54 Non-trainable params: 0 (0.00 Byte)
2024-05-17 17:41:54 __________________________________________________________________________________________________
2024-05-17 17:41:54 CKPT CONSTRUCT...
2024-05-17 17:41:54 CKPT CONSTRUCT OK.
2024-05-17 17:41:54 template model: <keras.src.engine.functional.Functional object at 0x1522787f8fd0>
2024-05-17 17:41:55 COMPILE
2024-05-17 17:41:55 Will save weights to: /dev/shm/Uno/save/8998722.amn-0001/18/3.0.model.h5
2024-05-17 17:42:11 Between random pairs in y_val:
2024-05-17 17:42:11   mse: 0.04763872
2024-05-17 17:42:11   mae: 0.15968842
2024-05-17 17:42:11   r2: -0.99787613
2024-05-17 17:42:11   corr: 0.00106193
2024-05-17 17:42:11 Data points per epoch: train = 467379, val = 116845, test = 3485
2024-05-17 17:42:11 Steps per epoch: train = 14605, val = 3651, test = 108
2024-05-17 17:42:11 Epoch 0: lr=0.001
2024-05-17 17:43:22 [Epoch: 0] loss: 0.026580, mae: 0.079320, r2: -0.370183, val_loss: 0.008711, val_mae: 0.069383, val_r2: 0.591891
2024-05-17 17:43:23 Epoch 1: lr=0.00082
2024-05-17 17:44:32 [Epoch: 1] loss: 0.007966, mae: 0.063739, r2: 0.623614, val_loss: 0.007732, val_mae: 0.062177, val_r2: 0.634509
2024-05-17 17:44:32 Epoch 2: lr=0.00064
2024-05-17 17:45:42 [Epoch: 2] loss: 0.007302, mae: 0.060698, r2: 0.653894, val_loss: 0.007200, val_mae: 0.059313, val_r2: 0.658032
2024-05-17 17:45:42 Epoch 3: lr=0.00046
2024-05-17 17:46:51 [Epoch: 3] loss: 0.006822, mae: 0.058526, r2: 0.675826, val_loss: 0.006980, val_mae: 0.060787, val_r2: 0.669372
2024-05-17 17:46:51 Epoch 4: lr=0.00028
2024-05-17 17:48:00 [Epoch: 4] loss: 0.006449, mae: 0.056843, r2: 0.692891, val_loss: 0.006562, val_mae: 0.057097, val_r2: 0.688327
2024-05-17 17:48:01 Epoch 5: lr=0.0001
2024-05-17 17:49:10 [Epoch: 5] loss: 0.006082, mae: 0.055156, r2: 0.709686, val_loss: 0.006421, val_mae: 0.056364, val_r2: 0.694431
2024-05-17 17:49:10 Epoch 6: lr=0.0001
2024-05-17 17:50:19 [Epoch: 6] loss: 0.005986, mae: 0.054751, r2: 0.714358, val_loss: 0.006363, val_mae: 0.055909, val_r2: 0.697308
2024-05-17 17:50:19 Epoch 7: lr=0.0001
2024-05-17 17:51:28 [Epoch: 7] loss: 0.005911, mae: 0.054358, r2: 0.717597, val_loss: 0.006323, val_mae: 0.055616, val_r2: 0.699752
2024-05-17 17:51:28 Epoch 8: lr=0.0001
2024-05-17 17:52:38 [Epoch: 8] loss: 0.005838, mae: 0.054007, r2: 0.721297, val_loss: 0.006291, val_mae: 0.055599, val_r2: 0.699985
2024-05-17 17:52:38 Epoch 9: lr=0.0001
2024-05-17 17:53:48 [Epoch: 9] loss: 0.005781, mae: 0.053747, r2: 0.723578, val_loss: 0.006255, val_mae: 0.055625, val_r2: 0.702996
2024-05-17 17:53:48 Epoch 10: lr=0.0001
2024-05-17 17:54:57 [Epoch: 10] loss: 0.005722, mae: 0.053507, r2: 0.726428, val_loss: 0.006252, val_mae: 0.055514, val_r2: 0.702246
2024-05-17 17:54:57 Epoch 11: lr=0.0001
2024-05-17 17:56:07 [Epoch: 11] loss: 0.005659, mae: 0.053206, r2: 0.729121, val_loss: 0.006196, val_mae: 0.055368, val_r2: 0.704412
2024-05-17 17:56:07 Epoch 12: lr=0.0001
2024-05-17 17:57:16 [Epoch: 12] loss: 0.005608, mae: 0.052964, r2: 0.731617, val_loss: 0.006201, val_mae: 0.054943, val_r2: 0.704172
2024-05-17 17:57:16 Epoch 13: lr=0.0001
2024-05-17 17:58:26 [Epoch: 13] loss: 0.005538, mae: 0.052650, r2: 0.734821, val_loss: 0.006199, val_mae: 0.054961, val_r2: 0.703560
2024-05-17 17:58:26 Epoch 14: lr=5e-05
2024-05-17 17:59:35 [Epoch: 14] loss: 0.005424, mae: 0.052127, r2: 0.740381, val_loss: 0.006124, val_mae: 0.054911, val_r2: 0.708763
2024-05-17 17:59:36 Epoch 15: lr=5e-05
2024-05-17 18:00:45 [Epoch: 15] loss: 0.005381, mae: 0.051925, r2: 0.742206, val_loss: 0.006139, val_mae: 0.054645, val_r2: 0.707440
2024-05-17 18:00:45 Epoch 16: lr=5e-05
2024-05-17 18:01:55 [Epoch: 16] loss: 0.005339, mae: 0.051739, r2: 0.744338, val_loss: 0.006132, val_mae: 0.054550, val_r2: 0.707826
2024-05-17 18:01:55 Epoch 17: lr=5e-05
2024-05-17 18:03:04 [Epoch: 17] loss: 0.005315, mae: 0.051610, r2: 0.745127, val_loss: 0.006113, val_mae: 0.054740, val_r2: 0.708145
2024-05-17 18:03:04 Epoch 18: lr=5e-05
2024-05-17 18:04:13 [Epoch: 18] loss: 0.005294, mae: 0.051527, r2: 0.746238, val_loss: 0.006120, val_mae: 0.054466, val_r2: 0.707891
2024-05-17 18:04:13 Epoch 19: lr=5e-05
2024-05-17 18:05:23 [Epoch: 19] loss: 0.005271, mae: 0.051410, r2: 0.747320, val_loss: 0.006100, val_mae: 0.054556, val_r2: 0.708774
2024-05-17 18:05:23 Epoch 20: lr=2.5e-05
2024-05-17 18:06:32 [Epoch: 20] loss: 0.005201, mae: 0.051078, r2: 0.750554, val_loss: 0.006101, val_mae: 0.054981, val_r2: 0.708494
2024-05-17 18:06:32 Epoch 21: lr=2.5e-05
2024-05-17 18:07:41 [Epoch: 21] loss: 0.005170, mae: 0.050973, r2: 0.751904, val_loss: 0.006085, val_mae: 0.054438, val_r2: 0.710087
2024-05-17 18:07:41 Epoch 22: lr=2.5e-05
2024-05-17 18:08:51 [Epoch: 22] loss: 0.005165, mae: 0.050919, r2: 0.752117, val_loss: 0.006110, val_mae: 0.054454, val_r2: 0.709165
2024-05-17 18:08:51 Epoch 23: lr=2.5e-05
2024-05-17 18:10:01 [Epoch: 23] loss: 0.005138, mae: 0.050817, r2: 0.753369, val_loss: 0.006085, val_mae: 0.054505, val_r2: 0.710045
2024-05-17 18:10:01 Epoch 24: lr=2.5e-05
2024-05-17 18:11:11 [Epoch: 24] loss: 0.005139, mae: 0.050809, r2: 0.753409, val_loss: 0.006093, val_mae: 0.054426, val_r2: 0.709005
2024-05-17 18:11:11 Epoch 25: lr=1.25e-05
2024-05-17 18:12:20 [Epoch: 25] loss: 0.005104, mae: 0.050632, r2: 0.755015, val_loss: 0.006090, val_mae: 0.054380, val_r2: 0.709278
2024-05-17 18:12:20 Epoch 26: lr=1.25e-05
2024-05-17 18:13:30 [Epoch: 26] loss: 0.005088, mae: 0.050573, r2: 0.755768, val_loss: 0.006096, val_mae: 0.054488, val_r2: 0.708672
2024-05-17 18:13:30 Epoch 27: lr=1.25e-05
2024-05-17 18:14:39 [Epoch: 27] loss: 0.005079, mae: 0.050530, r2: 0.756365, val_loss: 0.006100, val_mae: 0.054210, val_r2: 0.708515
2024-05-17 18:14:39 Epoch 28: lr=1.25e-05
2024-05-17 18:15:49 [Epoch: 28] loss: 0.005060, mae: 0.050468, r2: 0.757226, val_loss: 0.006090, val_mae: 0.054444, val_r2: 0.709829
2024-05-17 18:15:49 Epoch 29: lr=1.25e-05
2024-05-17 18:16:58 [Epoch: 29] loss: 0.005059, mae: 0.050439, r2: 0.757057, val_loss: 0.006092, val_mae: 0.054253, val_r2: 0.709109
2024-05-17 18:16:58 Epoch 30: lr=1e-05
2024-05-17 18:18:08 [Epoch: 30] loss: 0.005039, mae: 0.050317, r2: 0.757972, val_loss: 0.006092, val_mae: 0.054341, val_r2: 0.709658
2024-05-17 18:18:08 Epoch 31: lr=1e-05
2024-05-17 18:19:17 [Epoch: 31] loss: 0.005041, mae: 0.050347, r2: 0.757901, val_loss: 0.006094, val_mae: 0.054480, val_r2: 0.708931
2024-05-17 18:19:18 history_length: 32
2024-05-17 18:19:18 stopping: early
2024-05-17 18:19:18 Comparing y_true and y_pred:
2024-05-17 18:19:18   mse: 0.01149606
2024-05-17 18:19:18   mae: 0.08527677
2024-05-17 18:19:18   r2: -0.17577843
2024-05-17 18:19:18   corr: 0.29836667
