2024-05-18 17:28:38 UNO RUN ...
2024-05-18 17:28:38 Params: {'model_name': 'uno', 'train_sources': ['CCLE'], 'test_sources': ['train'], 'cell_types': None, 'cell_features': ['rnaseq'], 'drug_features': ['descriptors'], 'dense': [1000, 1000, 1000, 1000, 1000], 'dense_feature_layers': [1000, 1000, 1000], 'activation': 'relu', 'loss': 'mse', 'optimizer': 'adamax', 'scaling': 'std', 'dropout': 0.1, 'epochs': 75, 'batch_size': 32, 'val_split': 0.2, 'cv': 1, 'max_val_loss': 1.0, 'learning_rate': 0.0001, 'base_lr': None, 'agg_dose': 'AUC', 'residual': False, 'reduce_lr': True, 'warmup_lr': True, 'batch_normalization': False, 'feature_subsample': 0, 'rng_seed': 2018, 'no_gen': False, 'verbose': False, 'preprocess_rnaseq': 'source_scale', 'gpus': [0], 'use_landmark_genes': True, 'no_feature_source': True, 'no_response_source': True, 'save_path': '/dev/shm/Uno/save/8999189.amn-0001/58', 'single': True, 'on_memory_loader': True, 'ckpt_checksum': True, 'ckpt_save_interval': 0, 'timeout': -1, 'train_bool': True, 'profiling': False, 'experiment_id': '8999189.amn-0001', 'run_id': '58', 'logfile': '/dev/shm/Uno/save/8999189.amn-0001/58/python.log', 'shuffle': False, 'ckpt_restart_mode': 'off', 'ckpt_skip_epochs': 0, 'ckpt_directory': '/dev/shm/Uno/save/8999189.amn-0001/58', 'ckpt_save_best': True, 'ckpt_save_best_metric': 'val_loss', 'ckpt_save_weights_only': False, 'ckpt_keep_mode': 'linear', 'ckpt_keep_limit': 5, 'by_cell': None, 'by_drug': None, 'cell_subset_path': '', 'drug_subset_path': '', 'drug_median_response_min': -1, 'drug_median_response_max': 1, 'dense_cell_feature_layers': None, 'dense_drug_feature_layers': None, 'use_filtered_genes': False, 'feature_subset_path': '', 'cell_feature_subset_path': '', 'drug_feature_subset_path': '', 'es': True, 'cp': False, 'tb': False, 'tb_prefix': 'tb', 'partition_by': None, 'cache': None, 'export_csv': None, 'export_data': None, 'use_exported_data': '/dev/shm/Uno/x1922c3s6b0n0.58.merged.landmark.h5', 'growth_bins': 0, 'initial_weights': None, 'save_weights': '/dev/shm/Uno/save/8999189.amn-0001/58/5.0.model.h5', 'config_file': '/home/brettin/CSC249ADOA01_CNDA/brettin/Benchmarks/Pilot1/Uno/uno_auc_model.txt', 'data_type': <class 'numpy.float32'>, 'data_dir': '/dev/shm/Uno/uno/Data', 'output_dir': '/dev/shm/Uno/uno/Output/8999189.amn-0001/58'}
2024-05-18 17:28:38 Feature encoding submodel for cell.rnaseq:
2024-05-18 17:28:38 Model: "cell.rnaseq"
2024-05-18 17:28:38 _________________________________________________________________
2024-05-18 17:28:38  Layer (type)                Output Shape              Param #   
2024-05-18 17:28:38 =================================================================
2024-05-18 17:28:38  input_1 (InputLayer)        [(None, 958)]             0         
2024-05-18 17:28:38                                                                  
2024-05-18 17:28:38  dense (Dense)               (None, 1000)              959000    
2024-05-18 17:28:38                                                                  
2024-05-18 17:28:38  permanent_dropout (Permane  (None, 1000)              0         
2024-05-18 17:28:38  ntDropout)                                                      
2024-05-18 17:28:38                                                                  
2024-05-18 17:28:38  dense_1 (Dense)             (None, 1000)              1001000   
2024-05-18 17:28:38                                                                  
2024-05-18 17:28:38  permanent_dropout_1 (Perma  (None, 1000)              0         
2024-05-18 17:28:38  nentDropout)                                                    
2024-05-18 17:28:38                                                                  
2024-05-18 17:28:38  dense_2 (Dense)             (None, 1000)              1001000   
2024-05-18 17:28:38                                                                  
2024-05-18 17:28:38  permanent_dropout_2 (Perma  (None, 1000)              0         
2024-05-18 17:28:38  nentDropout)                                                    
2024-05-18 17:28:38                                                                  
2024-05-18 17:28:38 =================================================================
2024-05-18 17:28:38 Total params: 2961000 (11.30 MB)
2024-05-18 17:28:38 Trainable params: 2961000 (11.30 MB)
2024-05-18 17:28:38 Non-trainable params: 0 (0.00 Byte)
2024-05-18 17:28:38 _________________________________________________________________
2024-05-18 17:28:38 Feature encoding submodel for drug.descriptors:
2024-05-18 17:28:38 Model: "drug.descriptors"
2024-05-18 17:28:38 _________________________________________________________________
2024-05-18 17:28:38  Layer (type)                Output Shape              Param #   
2024-05-18 17:28:38 =================================================================
2024-05-18 17:28:38  input_2 (InputLayer)        [(None, 1613)]            0         
2024-05-18 17:28:38                                                                  
2024-05-18 17:28:38  dense_3 (Dense)             (None, 1000)              1614000   
2024-05-18 17:28:38                                                                  
2024-05-18 17:28:38  permanent_dropout_3 (Perma  (None, 1000)              0         
2024-05-18 17:28:38  nentDropout)                                                    
2024-05-18 17:28:38                                                                  
2024-05-18 17:28:38  dense_4 (Dense)             (None, 1000)              1001000   
2024-05-18 17:28:38                                                                  
2024-05-18 17:28:38  permanent_dropout_4 (Perma  (None, 1000)              0         
2024-05-18 17:28:38  nentDropout)                                                    
2024-05-18 17:28:38                                                                  
2024-05-18 17:28:38  dense_5 (Dense)             (None, 1000)              1001000   
2024-05-18 17:28:38                                                                  
2024-05-18 17:28:38  permanent_dropout_5 (Perma  (None, 1000)              0         
2024-05-18 17:28:38  nentDropout)                                                    
2024-05-18 17:28:38                                                                  
2024-05-18 17:28:38 =================================================================
2024-05-18 17:28:38 Total params: 3616000 (13.79 MB)
2024-05-18 17:28:38 Trainable params: 3616000 (13.79 MB)
2024-05-18 17:28:38 Non-trainable params: 0 (0.00 Byte)
2024-05-18 17:28:38 _________________________________________________________________
2024-05-18 17:28:38 Combined model:
2024-05-18 17:28:38 Model: "model"
2024-05-18 17:28:38 __________________________________________________________________________________________________
2024-05-18 17:28:38  Layer (type)                Output Shape                 Param #   Connected to                  
2024-05-18 17:28:38 ==================================================================================================
2024-05-18 17:28:38  input.cell.rnaseq (InputLa  [(None, 958)]                0         []                            
2024-05-18 17:28:38  yer)                                                                                             
2024-05-18 17:28:38                                                                                                   
2024-05-18 17:28:38  input.drug1.descriptors (I  [(None, 1613)]               0         []                            
2024-05-18 17:28:38  nputLayer)                                                                                       
2024-05-18 17:28:38                                                                                                   
2024-05-18 17:28:38  cell.rnaseq (Functional)    (None, 1000)                 2961000   ['input.cell.rnaseq[0][0]']   
2024-05-18 17:28:38                                                                                                   
2024-05-18 17:28:38  drug.descriptors (Function  (None, 1000)                 3616000   ['input.drug1.descriptors[0][0
2024-05-18 17:28:38  al)                                                                ]']                           
2024-05-18 17:28:38                                                                                                   
2024-05-18 17:28:38  concatenate (Concatenate)   (None, 2000)                 0         ['cell.rnaseq[0][0]',         
2024-05-18 17:28:38                                                                      'drug.descriptors[0][0]']    
2024-05-18 17:28:38                                                                                                   
2024-05-18 17:28:38  dense_6 (Dense)             (None, 1000)                 2001000   ['concatenate[0][0]']         
2024-05-18 17:28:38                                                                                                   
2024-05-18 17:28:38  permanent_dropout_6 (Perma  (None, 1000)                 0         ['dense_6[0][0]']             
2024-05-18 17:28:38  nentDropout)                                                                                     
2024-05-18 17:28:38                                                                                                   
2024-05-18 17:28:38  dense_7 (Dense)             (None, 1000)                 1001000   ['permanent_dropout_6[0][0]'] 
2024-05-18 17:28:38                                                                                                   
2024-05-18 17:28:38  permanent_dropout_7 (Perma  (None, 1000)                 0         ['dense_7[0][0]']             
2024-05-18 17:28:38  nentDropout)                                                                                     
2024-05-18 17:28:38                                                                                                   
2024-05-18 17:28:38  dense_8 (Dense)             (None, 1000)                 1001000   ['permanent_dropout_7[0][0]'] 
2024-05-18 17:28:38                                                                                                   
2024-05-18 17:28:38  permanent_dropout_8 (Perma  (None, 1000)                 0         ['dense_8[0][0]']             
2024-05-18 17:28:38  nentDropout)                                                                                     
2024-05-18 17:28:38                                                                                                   
2024-05-18 17:28:38  dense_9 (Dense)             (None, 1000)                 1001000   ['permanent_dropout_8[0][0]'] 
2024-05-18 17:28:38                                                                                                   
2024-05-18 17:28:38  permanent_dropout_9 (Perma  (None, 1000)                 0         ['dense_9[0][0]']             
2024-05-18 17:28:38  nentDropout)                                                                                     
2024-05-18 17:28:38                                                                                                   
2024-05-18 17:28:38  dense_10 (Dense)            (None, 1000)                 1001000   ['permanent_dropout_9[0][0]'] 
2024-05-18 17:28:38                                                                                                   
2024-05-18 17:28:38  permanent_dropout_10 (Perm  (None, 1000)                 0         ['dense_10[0][0]']            
2024-05-18 17:28:38  anentDropout)                                                                                    
2024-05-18 17:28:38                                                                                                   
2024-05-18 17:28:38  dense_11 (Dense)            (None, 1)                    1001      ['permanent_dropout_10[0][0]']
2024-05-18 17:28:38                                                                                                   
2024-05-18 17:28:38 ==================================================================================================
2024-05-18 17:28:38 Total params: 12583001 (48.00 MB)
2024-05-18 17:28:38 Trainable params: 12583001 (48.00 MB)
2024-05-18 17:28:38 Non-trainable params: 0 (0.00 Byte)
2024-05-18 17:28:38 __________________________________________________________________________________________________
2024-05-18 17:28:38 CKPT CONSTRUCT...
2024-05-18 17:28:38 CKPT CONSTRUCT OK.
2024-05-18 17:28:38 template model: <keras.src.engine.functional.Functional object at 0x14e3f8b6dc70>
2024-05-18 17:28:40 COMPILE
2024-05-18 17:28:40 Will save weights to: /dev/shm/Uno/save/8999189.amn-0001/58/5.0.model.h5
2024-05-18 17:28:56 Between random pairs in y_val:
2024-05-18 17:28:56   mse: 0.04750113
2024-05-18 17:28:56   mae: 0.15954826
2024-05-18 17:28:56   r2: -1.01098239
2024-05-18 17:28:56   corr: -0.00549119
2024-05-18 17:28:56 Data points per epoch: train = 469756, val = 117439, test = 514
2024-05-18 17:28:56 Steps per epoch: train = 14679, val = 3669, test = 16
2024-05-18 17:28:56 Epoch 0: lr=0.001
2024-05-18 17:30:10 [Epoch: 0] loss: 0.024203, mae: 0.079675, r2: -0.276733, val_loss: 0.008456, val_mae: 0.067932, val_r2: 0.593002
2024-05-18 17:30:10 Epoch 1: lr=0.00082
2024-05-18 17:31:23 [Epoch: 1] loss: 0.007989, mae: 0.063909, r2: 0.621399, val_loss: 0.007514, val_mae: 0.061503, val_r2: 0.637720
2024-05-18 17:31:23 Epoch 2: lr=0.00064
2024-05-18 17:32:36 [Epoch: 2] loss: 0.007323, mae: 0.060859, r2: 0.652014, val_loss: 0.007203, val_mae: 0.061544, val_r2: 0.648852
2024-05-18 17:32:36 Epoch 3: lr=0.00046
2024-05-18 17:33:47 [Epoch: 3] loss: 0.006844, mae: 0.058717, r2: 0.674022, val_loss: 0.006755, val_mae: 0.059343, val_r2: 0.671802
2024-05-18 17:33:47 Epoch 4: lr=0.00028
2024-05-18 17:35:00 [Epoch: 4] loss: 0.006455, mae: 0.056921, r2: 0.691981, val_loss: 0.006402, val_mae: 0.056659, val_r2: 0.689513
2024-05-18 17:35:00 Epoch 5: lr=0.0001
2024-05-18 17:36:12 [Epoch: 5] loss: 0.006121, mae: 0.055333, r2: 0.707050, val_loss: 0.006294, val_mae: 0.056419, val_r2: 0.694453
2024-05-18 17:36:12 Epoch 6: lr=0.0001
2024-05-18 17:37:25 [Epoch: 6] loss: 0.006000, mae: 0.054828, r2: 0.712649, val_loss: 0.006248, val_mae: 0.055462, val_r2: 0.696953
2024-05-18 17:37:25 Epoch 7: lr=0.0001
2024-05-18 17:38:37 [Epoch: 7] loss: 0.005920, mae: 0.054441, r2: 0.716521, val_loss: 0.006212, val_mae: 0.055826, val_r2: 0.697383
2024-05-18 17:38:37 Epoch 8: lr=0.0001
2024-05-18 17:39:50 [Epoch: 8] loss: 0.005849, mae: 0.054118, r2: 0.719582, val_loss: 0.006218, val_mae: 0.055406, val_r2: 0.699455
2024-05-18 17:39:50 Epoch 9: lr=0.0001
2024-05-18 17:41:02 [Epoch: 9] loss: 0.005784, mae: 0.053838, r2: 0.722765, val_loss: 0.006195, val_mae: 0.054961, val_r2: 0.698561
2024-05-18 17:41:02 Epoch 10: lr=0.0001
2024-05-18 17:42:15 [Epoch: 10] loss: 0.005722, mae: 0.053573, r2: 0.725508, val_loss: 0.006144, val_mae: 0.055395, val_r2: 0.701044
2024-05-18 17:42:15 Epoch 11: lr=0.0001
2024-05-18 17:43:28 [Epoch: 11] loss: 0.005660, mae: 0.053284, r2: 0.728596, val_loss: 0.006127, val_mae: 0.054766, val_r2: 0.700798
2024-05-18 17:43:28 Epoch 12: lr=0.0001
2024-05-18 17:44:40 [Epoch: 12] loss: 0.005596, mae: 0.053010, r2: 0.731423, val_loss: 0.006102, val_mae: 0.054757, val_r2: 0.702984
2024-05-18 17:44:40 Epoch 13: lr=0.0001
2024-05-18 17:45:53 [Epoch: 13] loss: 0.005549, mae: 0.052802, r2: 0.733681, val_loss: 0.006102, val_mae: 0.054867, val_r2: 0.702834
2024-05-18 17:45:53 Epoch 14: lr=0.0001
2024-05-18 17:47:06 [Epoch: 14] loss: 0.005484, mae: 0.052480, r2: 0.736656, val_loss: 0.006082, val_mae: 0.055426, val_r2: 0.704702
2024-05-18 17:47:06 Epoch 15: lr=0.0001
2024-05-18 17:48:18 [Epoch: 15] loss: 0.005442, mae: 0.052276, r2: 0.738530, val_loss: 0.006107, val_mae: 0.054304, val_r2: 0.703011
2024-05-18 17:48:18 Epoch 16: lr=5e-05
2024-05-18 17:49:29 [Epoch: 16] loss: 0.005315, mae: 0.051703, r2: 0.744481, val_loss: 0.006020, val_mae: 0.054206, val_r2: 0.707149
2024-05-18 17:49:29 Epoch 17: lr=5e-05
2024-05-18 17:50:42 [Epoch: 17] loss: 0.005274, mae: 0.051480, r2: 0.746322, val_loss: 0.006056, val_mae: 0.054533, val_r2: 0.705222
2024-05-18 17:50:42 Epoch 18: lr=5e-05
2024-05-18 17:51:55 [Epoch: 18] loss: 0.005263, mae: 0.051412, r2: 0.747035, val_loss: 0.006024, val_mae: 0.054456, val_r2: 0.705810
2024-05-18 17:51:55 Epoch 19: lr=5e-05
2024-05-18 17:53:07 [Epoch: 19] loss: 0.005212, mae: 0.051181, r2: 0.749166, val_loss: 0.006009, val_mae: 0.054274, val_r2: 0.707876
2024-05-18 17:53:07 Epoch 20: lr=5e-05
2024-05-18 17:54:19 [Epoch: 20] loss: 0.005189, mae: 0.051083, r2: 0.750182, val_loss: 0.006011, val_mae: 0.054716, val_r2: 0.706921
2024-05-18 17:54:19 Epoch 21: lr=5e-05
2024-05-18 17:55:32 [Epoch: 21] loss: 0.005171, mae: 0.050993, r2: 0.751125, val_loss: 0.005985, val_mae: 0.054015, val_r2: 0.709240
2024-05-18 17:55:32 Epoch 22: lr=2.5e-05
2024-05-18 17:56:45 [Epoch: 22] loss: 0.005099, mae: 0.050680, r2: 0.754596, val_loss: 0.006025, val_mae: 0.054710, val_r2: 0.706212
2024-05-18 17:56:45 Epoch 23: lr=2.5e-05
2024-05-18 17:57:57 [Epoch: 23] loss: 0.005076, mae: 0.050574, r2: 0.755604, val_loss: 0.006034, val_mae: 0.054741, val_r2: 0.705991
2024-05-18 17:57:57 Epoch 24: lr=2.5e-05
2024-05-18 17:59:10 [Epoch: 24] loss: 0.005070, mae: 0.050485, r2: 0.756025, val_loss: 0.005978, val_mae: 0.054281, val_r2: 0.708643
2024-05-18 17:59:10 Epoch 25: lr=2.5e-05
2024-05-18 18:00:22 [Epoch: 25] loss: 0.005060, mae: 0.050435, r2: 0.756410, val_loss: 0.005992, val_mae: 0.054177, val_r2: 0.707869
2024-05-18 18:00:22 Epoch 26: lr=2.5e-05
2024-05-18 18:01:35 [Epoch: 26] loss: 0.005041, mae: 0.050370, r2: 0.757122, val_loss: 0.005991, val_mae: 0.054278, val_r2: 0.708344
2024-05-18 18:01:35 Epoch 27: lr=1.25e-05
2024-05-18 18:02:46 [Epoch: 27] loss: 0.005015, mae: 0.050258, r2: 0.758193, val_loss: 0.005989, val_mae: 0.053981, val_r2: 0.708043
2024-05-18 18:02:47 Epoch 28: lr=1.25e-05
2024-05-18 18:03:59 [Epoch: 28] loss: 0.005002, mae: 0.050182, r2: 0.758929, val_loss: 0.005999, val_mae: 0.054014, val_r2: 0.708192
2024-05-18 18:03:59 Epoch 29: lr=1.25e-05
2024-05-18 18:05:12 [Epoch: 29] loss: 0.004997, mae: 0.050157, r2: 0.759266, val_loss: 0.006014, val_mae: 0.054118, val_r2: 0.706620
2024-05-18 18:05:12 Epoch 30: lr=1.25e-05
2024-05-18 18:06:24 [Epoch: 30] loss: 0.004987, mae: 0.050107, r2: 0.759732, val_loss: 0.005997, val_mae: 0.053921, val_r2: 0.708053
2024-05-18 18:06:25 Epoch 31: lr=1.25e-05
2024-05-18 18:07:37 [Epoch: 31] loss: 0.004977, mae: 0.050093, r2: 0.760293, val_loss: 0.005968, val_mae: 0.053880, val_r2: 0.709659
2024-05-18 18:07:37 Epoch 32: lr=1e-05
2024-05-18 18:08:50 [Epoch: 32] loss: 0.004960, mae: 0.049990, r2: 0.760839, val_loss: 0.005976, val_mae: 0.054060, val_r2: 0.708732
2024-05-18 18:08:50 Epoch 33: lr=1e-05
2024-05-18 18:10:01 [Epoch: 33] loss: 0.004957, mae: 0.049956, r2: 0.761112, val_loss: 0.005979, val_mae: 0.054136, val_r2: 0.708559
2024-05-18 18:10:02 Epoch 34: lr=1e-05
2024-05-18 18:11:14 [Epoch: 34] loss: 0.004953, mae: 0.049932, r2: 0.761359, val_loss: 0.005965, val_mae: 0.053815, val_r2: 0.709399
2024-05-18 18:11:14 Epoch 35: lr=1e-05
2024-05-18 18:12:27 [Epoch: 35] loss: 0.004936, mae: 0.049884, r2: 0.762112, val_loss: 0.006002, val_mae: 0.053912, val_r2: 0.707416
2024-05-18 18:12:27 Epoch 36: lr=1e-05
2024-05-18 18:13:39 [Epoch: 36] loss: 0.004942, mae: 0.049871, r2: 0.761845, val_loss: 0.005974, val_mae: 0.053923, val_r2: 0.708924
2024-05-18 18:13:39 Epoch 37: lr=1e-05
2024-05-18 18:14:52 [Epoch: 37] loss: 0.004931, mae: 0.049870, r2: 0.762560, val_loss: 0.005994, val_mae: 0.054010, val_r2: 0.708546
2024-05-18 18:14:52 Epoch 38: lr=1e-05
2024-05-18 18:16:04 [Epoch: 38] loss: 0.004930, mae: 0.049843, r2: 0.762515, val_loss: 0.006001, val_mae: 0.054038, val_r2: 0.707442
2024-05-18 18:16:04 Epoch 39: lr=1e-05
2024-05-18 18:17:16 [Epoch: 39] loss: 0.004926, mae: 0.049836, r2: 0.762504, val_loss: 0.005998, val_mae: 0.053961, val_r2: 0.707399
2024-05-18 18:17:17 Epoch 40: lr=1e-05
2024-05-18 18:18:29 [Epoch: 40] loss: 0.004908, mae: 0.049749, r2: 0.763229, val_loss: 0.005991, val_mae: 0.054113, val_r2: 0.708327
2024-05-18 18:18:29 Epoch 41: lr=1e-05
2024-05-18 18:19:41 [Epoch: 41] loss: 0.004909, mae: 0.049755, r2: 0.763391, val_loss: 0.005996, val_mae: 0.053768, val_r2: 0.708302
2024-05-18 18:19:41 Epoch 42: lr=1e-05
2024-05-18 18:20:54 [Epoch: 42] loss: 0.004910, mae: 0.049755, r2: 0.763621, val_loss: 0.005995, val_mae: 0.053951, val_r2: 0.707615
2024-05-18 18:20:54 Epoch 43: lr=1e-05
2024-05-18 18:22:06 [Epoch: 43] loss: 0.004911, mae: 0.049728, r2: 0.763204, val_loss: 0.005956, val_mae: 0.053893, val_r2: 0.709455
2024-05-18 18:22:06 Epoch 44: lr=1e-05
2024-05-18 18:23:19 [Epoch: 44] loss: 0.004903, mae: 0.049707, r2: 0.763617, val_loss: 0.005980, val_mae: 0.053855, val_r2: 0.708540
2024-05-18 18:23:19 Epoch 45: lr=1e-05
2024-05-18 18:24:31 [Epoch: 45] loss: 0.004893, mae: 0.049655, r2: 0.764070, val_loss: 0.005984, val_mae: 0.053937, val_r2: 0.708816
2024-05-18 18:24:31 Epoch 46: lr=1e-05
2024-05-18 18:25:43 [Epoch: 46] loss: 0.004892, mae: 0.049662, r2: 0.764186, val_loss: 0.005979, val_mae: 0.053797, val_r2: 0.709000
2024-05-18 18:25:43 Epoch 47: lr=1e-05
2024-05-18 18:26:55 [Epoch: 47] loss: 0.004879, mae: 0.049610, r2: 0.764743, val_loss: 0.005988, val_mae: 0.053855, val_r2: 0.707572
2024-05-18 18:26:55 Epoch 48: lr=1e-05
2024-05-18 18:28:07 [Epoch: 48] loss: 0.004870, mae: 0.049581, r2: 0.765017, val_loss: 0.005999, val_mae: 0.053945, val_r2: 0.707295
2024-05-18 18:28:07 Epoch 49: lr=1e-05
2024-05-18 18:29:20 [Epoch: 49] loss: 0.004869, mae: 0.049559, r2: 0.765034, val_loss: 0.005962, val_mae: 0.053832, val_r2: 0.709508
2024-05-18 18:29:20 Epoch 50: lr=1e-05
2024-05-18 18:30:32 [Epoch: 50] loss: 0.004870, mae: 0.049573, r2: 0.765086, val_loss: 0.005978, val_mae: 0.053820, val_r2: 0.708447
2024-05-18 18:30:32 Epoch 51: lr=1e-05
2024-05-18 18:31:44 [Epoch: 51] loss: 0.004863, mae: 0.049523, r2: 0.765344, val_loss: 0.006007, val_mae: 0.053953, val_r2: 0.707313
2024-05-18 18:31:44 Epoch 52: lr=1e-05
2024-05-18 18:32:56 [Epoch: 52] loss: 0.004847, mae: 0.049461, r2: 0.766193, val_loss: 0.006012, val_mae: 0.053894, val_r2: 0.707719
2024-05-18 18:32:57 Epoch 53: lr=1e-05
2024-05-18 18:34:09 [Epoch: 53] loss: 0.004851, mae: 0.049466, r2: 0.766146, val_loss: 0.005998, val_mae: 0.053878, val_r2: 0.707482
2024-05-18 18:34:09 history_length: 54
2024-05-18 18:34:09 stopping: early
2024-05-18 18:34:09 Comparing y_true and y_pred:
2024-05-18 18:34:09   mse: 0.01993859
2024-05-18 18:34:09   mae: 0.11842150
2024-05-18 18:34:09   r2: -0.68510788
2024-05-18 18:34:09   corr: 0.40444804
