2024-05-22 13:29:36 UNO RUN ...
2024-05-22 13:29:36 Params: {'model_name': 'uno', 'train_sources': ['CCLE'], 'test_sources': ['train'], 'cell_types': None, 'cell_features': ['rnaseq'], 'drug_features': ['descriptors'], 'dense': [1000, 1000, 1000, 1000, 1000], 'dense_feature_layers': [1000, 1000, 1000], 'activation': 'relu', 'loss': 'mse', 'optimizer': 'adamax', 'scaling': 'std', 'dropout': 0.1, 'epochs': 50, 'batch_size': 32, 'val_split': 0.2, 'cv': 1, 'max_val_loss': 1.0, 'learning_rate': 0.0001, 'base_lr': None, 'agg_dose': 'AUC', 'residual': False, 'reduce_lr': True, 'warmup_lr': True, 'batch_normalization': False, 'feature_subsample': 0, 'rng_seed': 2018, 'no_gen': False, 'verbose': False, 'preprocess_rnaseq': 'source_scale', 'gpus': [0], 'use_landmark_genes': True, 'no_feature_source': True, 'no_response_source': True, 'save_path': '/dev/shm/Uno/save/9000732.amn-0001/130', 'single': True, 'on_memory_loader': True, 'ckpt_checksum': True, 'ckpt_save_interval': 0, 'timeout': -1, 'train_bool': True, 'profiling': False, 'experiment_id': '9000732.amn-0001', 'run_id': '130', 'logfile': '/dev/shm/Uno/save/9000732.amn-0001/130/python.log', 'shuffle': False, 'ckpt_restart_mode': 'off', 'ckpt_skip_epochs': 0, 'ckpt_directory': '/dev/shm/Uno/save/9000732.amn-0001/130', 'ckpt_save_best': True, 'ckpt_save_best_metric': 'val_loss', 'ckpt_save_weights_only': False, 'ckpt_keep_mode': 'linear', 'ckpt_keep_limit': 5, 'by_cell': None, 'by_drug': None, 'cell_subset_path': '', 'drug_subset_path': '', 'drug_median_response_min': -1, 'drug_median_response_max': 1, 'dense_cell_feature_layers': None, 'dense_drug_feature_layers': None, 'use_filtered_genes': False, 'feature_subset_path': '', 'cell_feature_subset_path': '', 'drug_feature_subset_path': '', 'es': True, 'cp': False, 'tb': False, 'tb_prefix': 'tb', 'partition_by': None, 'cache': None, 'export_csv': None, 'export_data': None, 'use_exported_data': '/dev/shm/Uno/x1921c4s5b0n0.130.merged.landmark.h5', 'growth_bins': 0, 'initial_weights': None, 'save_weights': '/dev/shm/Uno/save/9000732.amn-0001/130/5.0.model.h5', 'config_file': '/home/brettin/CSC249ADOA01_CNDA/brettin/Benchmarks/Pilot1/Uno/uno_auc_model.txt', 'data_type': <class 'numpy.float32'>, 'data_dir': '/dev/shm/Uno/uno/Data', 'output_dir': '/dev/shm/Uno/uno/Output/9000732.amn-0001/130'}
2024-05-22 13:29:36 Feature encoding submodel for cell.rnaseq:
2024-05-22 13:29:36 Model: "cell.rnaseq"
2024-05-22 13:29:36 _________________________________________________________________
2024-05-22 13:29:36  Layer (type)                Output Shape              Param #   
2024-05-22 13:29:36 =================================================================
2024-05-22 13:29:36  input_1 (InputLayer)        [(None, 958)]             0         
2024-05-22 13:29:36                                                                  
2024-05-22 13:29:36  dense (Dense)               (None, 1000)              959000    
2024-05-22 13:29:36                                                                  
2024-05-22 13:29:36  permanent_dropout (Permane  (None, 1000)              0         
2024-05-22 13:29:36  ntDropout)                                                      
2024-05-22 13:29:36                                                                  
2024-05-22 13:29:36  dense_1 (Dense)             (None, 1000)              1001000   
2024-05-22 13:29:36                                                                  
2024-05-22 13:29:36  permanent_dropout_1 (Perma  (None, 1000)              0         
2024-05-22 13:29:36  nentDropout)                                                    
2024-05-22 13:29:36                                                                  
2024-05-22 13:29:36  dense_2 (Dense)             (None, 1000)              1001000   
2024-05-22 13:29:36                                                                  
2024-05-22 13:29:36  permanent_dropout_2 (Perma  (None, 1000)              0         
2024-05-22 13:29:36  nentDropout)                                                    
2024-05-22 13:29:36                                                                  
2024-05-22 13:29:36 =================================================================
2024-05-22 13:29:36 Total params: 2961000 (11.30 MB)
2024-05-22 13:29:36 Trainable params: 2961000 (11.30 MB)
2024-05-22 13:29:36 Non-trainable params: 0 (0.00 Byte)
2024-05-22 13:29:36 _________________________________________________________________
2024-05-22 13:29:36 Feature encoding submodel for drug.descriptors:
2024-05-22 13:29:36 Model: "drug.descriptors"
2024-05-22 13:29:36 _________________________________________________________________
2024-05-22 13:29:36  Layer (type)                Output Shape              Param #   
2024-05-22 13:29:36 =================================================================
2024-05-22 13:29:36  input_2 (InputLayer)        [(None, 1613)]            0         
2024-05-22 13:29:36                                                                  
2024-05-22 13:29:36  dense_3 (Dense)             (None, 1000)              1614000   
2024-05-22 13:29:36                                                                  
2024-05-22 13:29:36  permanent_dropout_3 (Perma  (None, 1000)              0         
2024-05-22 13:29:36  nentDropout)                                                    
2024-05-22 13:29:36                                                                  
2024-05-22 13:29:36  dense_4 (Dense)             (None, 1000)              1001000   
2024-05-22 13:29:36                                                                  
2024-05-22 13:29:36  permanent_dropout_4 (Perma  (None, 1000)              0         
2024-05-22 13:29:36  nentDropout)                                                    
2024-05-22 13:29:36                                                                  
2024-05-22 13:29:36  dense_5 (Dense)             (None, 1000)              1001000   
2024-05-22 13:29:36                                                                  
2024-05-22 13:29:36  permanent_dropout_5 (Perma  (None, 1000)              0         
2024-05-22 13:29:36  nentDropout)                                                    
2024-05-22 13:29:36                                                                  
2024-05-22 13:29:36 =================================================================
2024-05-22 13:29:36 Total params: 3616000 (13.79 MB)
2024-05-22 13:29:36 Trainable params: 3616000 (13.79 MB)
2024-05-22 13:29:36 Non-trainable params: 0 (0.00 Byte)
2024-05-22 13:29:36 _________________________________________________________________
2024-05-22 13:29:37 Combined model:
2024-05-22 13:29:37 Model: "model"
2024-05-22 13:29:37 __________________________________________________________________________________________________
2024-05-22 13:29:37  Layer (type)                Output Shape                 Param #   Connected to                  
2024-05-22 13:29:37 ==================================================================================================
2024-05-22 13:29:37  input.cell.rnaseq (InputLa  [(None, 958)]                0         []                            
2024-05-22 13:29:37  yer)                                                                                             
2024-05-22 13:29:37                                                                                                   
2024-05-22 13:29:37  input.drug1.descriptors (I  [(None, 1613)]               0         []                            
2024-05-22 13:29:37  nputLayer)                                                                                       
2024-05-22 13:29:37                                                                                                   
2024-05-22 13:29:37  cell.rnaseq (Functional)    (None, 1000)                 2961000   ['input.cell.rnaseq[0][0]']   
2024-05-22 13:29:37                                                                                                   
2024-05-22 13:29:37  drug.descriptors (Function  (None, 1000)                 3616000   ['input.drug1.descriptors[0][0
2024-05-22 13:29:37  al)                                                                ]']                           
2024-05-22 13:29:37                                                                                                   
2024-05-22 13:29:37  concatenate (Concatenate)   (None, 2000)                 0         ['cell.rnaseq[0][0]',         
2024-05-22 13:29:37                                                                      'drug.descriptors[0][0]']    
2024-05-22 13:29:37                                                                                                   
2024-05-22 13:29:37  dense_6 (Dense)             (None, 1000)                 2001000   ['concatenate[0][0]']         
2024-05-22 13:29:37                                                                                                   
2024-05-22 13:29:37  permanent_dropout_6 (Perma  (None, 1000)                 0         ['dense_6[0][0]']             
2024-05-22 13:29:37  nentDropout)                                                                                     
2024-05-22 13:29:37                                                                                                   
2024-05-22 13:29:37  dense_7 (Dense)             (None, 1000)                 1001000   ['permanent_dropout_6[0][0]'] 
2024-05-22 13:29:37                                                                                                   
2024-05-22 13:29:37  permanent_dropout_7 (Perma  (None, 1000)                 0         ['dense_7[0][0]']             
2024-05-22 13:29:37  nentDropout)                                                                                     
2024-05-22 13:29:37                                                                                                   
2024-05-22 13:29:37  dense_8 (Dense)             (None, 1000)                 1001000   ['permanent_dropout_7[0][0]'] 
2024-05-22 13:29:37                                                                                                   
2024-05-22 13:29:37  permanent_dropout_8 (Perma  (None, 1000)                 0         ['dense_8[0][0]']             
2024-05-22 13:29:37  nentDropout)                                                                                     
2024-05-22 13:29:37                                                                                                   
2024-05-22 13:29:37  dense_9 (Dense)             (None, 1000)                 1001000   ['permanent_dropout_8[0][0]'] 
2024-05-22 13:29:37                                                                                                   
2024-05-22 13:29:37  permanent_dropout_9 (Perma  (None, 1000)                 0         ['dense_9[0][0]']             
2024-05-22 13:29:37  nentDropout)                                                                                     
2024-05-22 13:29:37                                                                                                   
2024-05-22 13:29:37  dense_10 (Dense)            (None, 1000)                 1001000   ['permanent_dropout_9[0][0]'] 
2024-05-22 13:29:37                                                                                                   
2024-05-22 13:29:37  permanent_dropout_10 (Perm  (None, 1000)                 0         ['dense_10[0][0]']            
2024-05-22 13:29:37  anentDropout)                                                                                    
2024-05-22 13:29:37                                                                                                   
2024-05-22 13:29:37  dense_11 (Dense)            (None, 1)                    1001      ['permanent_dropout_10[0][0]']
2024-05-22 13:29:37                                                                                                   
2024-05-22 13:29:37 ==================================================================================================
2024-05-22 13:29:37 Total params: 12583001 (48.00 MB)
2024-05-22 13:29:37 Trainable params: 12583001 (48.00 MB)
2024-05-22 13:29:37 Non-trainable params: 0 (0.00 Byte)
2024-05-22 13:29:37 __________________________________________________________________________________________________
2024-05-22 13:29:37 CKPT CONSTRUCT...
2024-05-22 13:29:37 CKPT CONSTRUCT OK.
2024-05-22 13:29:37 template model: <keras.src.engine.functional.Functional object at 0x152d4c9f4fd0>
2024-05-22 13:29:38 COMPILE
2024-05-22 13:29:38 Will save weights to: /dev/shm/Uno/save/9000732.amn-0001/130/5.0.model.h5
2024-05-22 13:29:55 Between random pairs in y_val:
2024-05-22 13:29:55   mse: 0.04761389
2024-05-22 13:29:55   mae: 0.15996050
2024-05-22 13:29:55   r2: -0.99851242
2024-05-22 13:29:55   corr: 0.00074379
2024-05-22 13:29:55 Data points per epoch: train = 469185, val = 117297, test = 1227
2024-05-22 13:29:55 Steps per epoch: train = 14662, val = 3665, test = 38
2024-05-22 13:29:55 Epoch 0: lr=0.001
2024-05-22 13:31:07 [Epoch: 0] loss: 0.025887, mae: 0.079204, r2: -0.364092, val_loss: 0.008579, val_mae: 0.066193, val_r2: 0.595856
2024-05-22 13:31:07 Epoch 1: lr=0.00082
2024-05-22 13:32:19 [Epoch: 1] loss: 0.008022, mae: 0.064011, r2: 0.618765, val_loss: 0.007726, val_mae: 0.062289, val_r2: 0.641065
2024-05-22 13:32:19 Epoch 2: lr=0.00064
2024-05-22 13:33:29 [Epoch: 2] loss: 0.007345, mae: 0.060881, r2: 0.650138, val_loss: 0.007131, val_mae: 0.059663, val_r2: 0.663057
2024-05-22 13:33:29 Epoch 3: lr=0.00046
2024-05-22 13:34:40 [Epoch: 3] loss: 0.006873, mae: 0.058776, r2: 0.672055, val_loss: 0.006991, val_mae: 0.058358, val_r2: 0.667729
2024-05-22 13:34:41 Epoch 4: lr=0.00028
2024-05-22 13:35:51 [Epoch: 4] loss: 0.006475, mae: 0.056964, r2: 0.690089, val_loss: 0.006643, val_mae: 0.057027, val_r2: 0.683349
2024-05-22 13:35:51 Epoch 5: lr=0.0001
2024-05-22 13:37:02 [Epoch: 5] loss: 0.006148, mae: 0.055458, r2: 0.705324, val_loss: 0.006447, val_mae: 0.056289, val_r2: 0.692533
2024-05-22 13:37:02 Epoch 6: lr=0.0001
2024-05-22 13:38:13 [Epoch: 6] loss: 0.006036, mae: 0.054946, r2: 0.710388, val_loss: 0.006413, val_mae: 0.056792, val_r2: 0.694042
2024-05-22 13:38:13 Epoch 7: lr=0.0001
2024-05-22 13:39:24 [Epoch: 7] loss: 0.005967, mae: 0.054620, r2: 0.713413, val_loss: 0.006378, val_mae: 0.056155, val_r2: 0.695654
2024-05-22 13:39:24 Epoch 8: lr=0.0001
2024-05-22 13:40:34 [Epoch: 8] loss: 0.005901, mae: 0.054343, r2: 0.716427, val_loss: 0.006352, val_mae: 0.055973, val_r2: 0.696601
2024-05-22 13:40:34 Epoch 9: lr=0.0001
2024-05-22 13:41:45 [Epoch: 9] loss: 0.005817, mae: 0.054011, r2: 0.720541, val_loss: 0.006353, val_mae: 0.055872, val_r2: 0.695448
2024-05-22 13:41:45 Epoch 10: lr=0.0001
2024-05-22 13:42:57 [Epoch: 10] loss: 0.005762, mae: 0.053732, r2: 0.723145, val_loss: 0.006296, val_mae: 0.055431, val_r2: 0.698964
2024-05-22 13:42:57 Epoch 11: lr=0.0001
2024-05-22 13:44:08 [Epoch: 11] loss: 0.005698, mae: 0.053447, r2: 0.725820, val_loss: 0.006313, val_mae: 0.055422, val_r2: 0.697853
2024-05-22 13:44:08 Epoch 12: lr=0.0001
2024-05-22 13:45:19 [Epoch: 12] loss: 0.005645, mae: 0.053206, r2: 0.728573, val_loss: 0.006240, val_mae: 0.055510, val_r2: 0.702246
2024-05-22 13:45:19 Epoch 13: lr=0.0001
2024-05-22 13:46:30 [Epoch: 13] loss: 0.005592, mae: 0.052956, r2: 0.730904, val_loss: 0.006245, val_mae: 0.056142, val_r2: 0.701716
2024-05-22 13:46:30 Epoch 14: lr=0.0001
2024-05-22 13:47:41 [Epoch: 14] loss: 0.005540, mae: 0.052733, r2: 0.733112, val_loss: 0.006216, val_mae: 0.055910, val_r2: 0.702930
2024-05-22 13:47:41 Epoch 15: lr=0.0001
2024-05-22 13:48:52 [Epoch: 15] loss: 0.005490, mae: 0.052492, r2: 0.735800, val_loss: 0.006184, val_mae: 0.055103, val_r2: 0.705032
2024-05-22 13:48:52 Epoch 16: lr=0.0001
2024-05-22 13:50:02 [Epoch: 16] loss: 0.005437, mae: 0.052245, r2: 0.738306, val_loss: 0.006186, val_mae: 0.055524, val_r2: 0.704317
2024-05-22 13:50:03 Epoch 17: lr=0.0001
2024-05-22 13:51:13 [Epoch: 17] loss: 0.005378, mae: 0.051993, r2: 0.741299, val_loss: 0.006195, val_mae: 0.055700, val_r2: 0.703652
2024-05-22 13:51:13 Epoch 18: lr=0.0001
2024-05-22 13:52:24 [Epoch: 18] loss: 0.005341, mae: 0.051803, r2: 0.742750, val_loss: 0.006183, val_mae: 0.054868, val_r2: 0.703911
2024-05-22 13:52:24 Epoch 19: lr=0.0001
2024-05-22 13:53:35 [Epoch: 19] loss: 0.005290, mae: 0.051570, r2: 0.745270, val_loss: 0.006204, val_mae: 0.055127, val_r2: 0.702673
2024-05-22 13:53:35 Epoch 20: lr=0.0001
2024-05-22 13:54:46 [Epoch: 20] loss: 0.005253, mae: 0.051388, r2: 0.746953, val_loss: 0.006155, val_mae: 0.055243, val_r2: 0.704854
2024-05-22 13:54:46 Epoch 21: lr=5e-05
2024-05-22 13:55:58 [Epoch: 21] loss: 0.005124, mae: 0.050783, r2: 0.752729, val_loss: 0.006145, val_mae: 0.054430, val_r2: 0.706286
2024-05-22 13:55:58 Epoch 22: lr=5e-05
2024-05-22 13:57:08 [Epoch: 22] loss: 0.005087, mae: 0.050600, r2: 0.754747, val_loss: 0.006106, val_mae: 0.054596, val_r2: 0.707579
2024-05-22 13:57:09 Epoch 23: lr=5e-05
2024-05-22 13:58:19 [Epoch: 23] loss: 0.005070, mae: 0.050519, r2: 0.755445, val_loss: 0.006122, val_mae: 0.054632, val_r2: 0.706917
2024-05-22 13:58:19 Epoch 24: lr=5e-05
2024-05-22 13:59:30 [Epoch: 24] loss: 0.005035, mae: 0.050340, r2: 0.756792, val_loss: 0.006138, val_mae: 0.054698, val_r2: 0.706425
2024-05-22 13:59:30 Epoch 25: lr=5e-05
2024-05-22 14:00:41 [Epoch: 25] loss: 0.005021, mae: 0.050279, r2: 0.757654, val_loss: 0.006130, val_mae: 0.054663, val_r2: 0.706691
2024-05-22 14:00:41 Epoch 26: lr=2.5e-05
2024-05-22 14:01:52 [Epoch: 26] loss: 0.004942, mae: 0.049893, r2: 0.761626, val_loss: 0.006126, val_mae: 0.054414, val_r2: 0.706977
2024-05-22 14:01:52 Epoch 27: lr=2.5e-05
2024-05-22 14:03:03 [Epoch: 27] loss: 0.004943, mae: 0.049922, r2: 0.761070, val_loss: 0.006119, val_mae: 0.054362, val_r2: 0.707373
2024-05-22 14:03:03 Epoch 28: lr=2.5e-05
2024-05-22 14:04:14 [Epoch: 28] loss: 0.004921, mae: 0.049805, r2: 0.762360, val_loss: 0.006149, val_mae: 0.054732, val_r2: 0.705088
2024-05-22 14:04:14 Epoch 29: lr=2.5e-05
2024-05-22 14:05:24 [Epoch: 29] loss: 0.004913, mae: 0.049765, r2: 0.762466, val_loss: 0.006130, val_mae: 0.054504, val_r2: 0.707373
2024-05-22 14:05:25 Epoch 30: lr=2.5e-05
2024-05-22 14:06:36 [Epoch: 30] loss: 0.004893, mae: 0.049650, r2: 0.763623, val_loss: 0.006148, val_mae: 0.054480, val_r2: 0.706609
2024-05-22 14:06:36 Epoch 31: lr=1.25e-05
2024-05-22 14:07:47 [Epoch: 31] loss: 0.004859, mae: 0.049543, r2: 0.765138, val_loss: 0.006094, val_mae: 0.054341, val_r2: 0.708397
2024-05-22 14:07:47 Epoch 32: lr=1.25e-05
2024-05-22 14:08:58 [Epoch: 32] loss: 0.004845, mae: 0.049464, r2: 0.766006, val_loss: 0.006119, val_mae: 0.054593, val_r2: 0.707177
2024-05-22 14:08:58 Epoch 33: lr=1.25e-05
2024-05-22 14:10:09 [Epoch: 33] loss: 0.004845, mae: 0.049444, r2: 0.765943, val_loss: 0.006096, val_mae: 0.054547, val_r2: 0.708358
2024-05-22 14:10:09 Epoch 34: lr=1.25e-05
2024-05-22 14:11:20 [Epoch: 34] loss: 0.004840, mae: 0.049415, r2: 0.766241, val_loss: 0.006104, val_mae: 0.054484, val_r2: 0.707804
2024-05-22 14:11:20 Epoch 35: lr=1.25e-05
2024-05-22 14:12:30 [Epoch: 35] loss: 0.004823, mae: 0.049345, r2: 0.767155, val_loss: 0.006119, val_mae: 0.054356, val_r2: 0.707612
2024-05-22 14:12:30 Epoch 36: lr=1e-05
2024-05-22 14:13:41 [Epoch: 36] loss: 0.004819, mae: 0.049319, r2: 0.767124, val_loss: 0.006127, val_mae: 0.054469, val_r2: 0.706573
2024-05-22 14:13:41 Epoch 37: lr=1e-05
2024-05-22 14:14:52 [Epoch: 37] loss: 0.004814, mae: 0.049291, r2: 0.767274, val_loss: 0.006094, val_mae: 0.054375, val_r2: 0.708604
2024-05-22 14:14:52 Epoch 38: lr=1e-05
2024-05-22 14:16:03 [Epoch: 38] loss: 0.004807, mae: 0.049297, r2: 0.767775, val_loss: 0.006105, val_mae: 0.054532, val_r2: 0.708065
2024-05-22 14:16:03 Epoch 39: lr=1e-05
2024-05-22 14:17:13 [Epoch: 39] loss: 0.004798, mae: 0.049230, r2: 0.768156, val_loss: 0.006131, val_mae: 0.054577, val_r2: 0.706446
2024-05-22 14:17:13 Epoch 40: lr=1e-05
2024-05-22 14:18:24 [Epoch: 40] loss: 0.004801, mae: 0.049234, r2: 0.767805, val_loss: 0.006124, val_mae: 0.054543, val_r2: 0.707116
2024-05-22 14:18:24 Epoch 41: lr=1e-05
2024-05-22 14:19:35 [Epoch: 41] loss: 0.004797, mae: 0.049216, r2: 0.768205, val_loss: 0.006121, val_mae: 0.054341, val_r2: 0.707334
2024-05-22 14:19:35 history_length: 42
2024-05-22 14:19:35 stopping: early
2024-05-22 14:19:35 Comparing y_true and y_pred:
2024-05-22 14:19:35   mse: 0.01077141
2024-05-22 14:19:35   mae: 0.09647637
2024-05-22 14:19:35   r2: -5.89395420
2024-05-22 14:19:35   corr: 0.33151954
