2024-05-21 14:10:17 UNO RUN ...
2024-05-21 14:10:17 Params: {'model_name': 'uno', 'train_sources': ['CCLE'], 'test_sources': ['train'], 'cell_types': None, 'cell_features': ['rnaseq'], 'drug_features': ['descriptors'], 'dense': [1000, 1000, 1000, 1000, 1000], 'dense_feature_layers': [1000, 1000, 1000], 'activation': 'relu', 'loss': 'mse', 'optimizer': 'adamax', 'scaling': 'std', 'dropout': 0.1, 'epochs': 50, 'batch_size': 32, 'val_split': 0.2, 'cv': 1, 'max_val_loss': 1.0, 'learning_rate': 0.0001, 'base_lr': None, 'agg_dose': 'AUC', 'residual': False, 'reduce_lr': True, 'warmup_lr': True, 'batch_normalization': False, 'feature_subsample': 0, 'rng_seed': 2018, 'no_gen': False, 'verbose': False, 'preprocess_rnaseq': 'source_scale', 'gpus': [0], 'use_landmark_genes': True, 'no_feature_source': True, 'no_response_source': True, 'save_path': '/dev/shm/Uno/save/8999967.amn-0001/102', 'single': True, 'on_memory_loader': True, 'ckpt_checksum': True, 'ckpt_save_interval': 0, 'timeout': -1, 'train_bool': True, 'profiling': False, 'experiment_id': '8999967.amn-0001', 'run_id': '102', 'logfile': '/dev/shm/Uno/save/8999967.amn-0001/102/python.log', 'shuffle': False, 'ckpt_restart_mode': 'off', 'ckpt_skip_epochs': 0, 'ckpt_directory': '/dev/shm/Uno/save/8999967.amn-0001/102', 'ckpt_save_best': True, 'ckpt_save_best_metric': 'val_loss', 'ckpt_save_weights_only': False, 'ckpt_keep_mode': 'linear', 'ckpt_keep_limit': 5, 'by_cell': None, 'by_drug': None, 'cell_subset_path': '', 'drug_subset_path': '', 'drug_median_response_min': -1, 'drug_median_response_max': 1, 'dense_cell_feature_layers': None, 'dense_drug_feature_layers': None, 'use_filtered_genes': False, 'feature_subset_path': '', 'cell_feature_subset_path': '', 'drug_feature_subset_path': '', 'es': True, 'cp': False, 'tb': False, 'tb_prefix': 'tb', 'partition_by': None, 'cache': None, 'export_csv': None, 'export_data': None, 'use_exported_data': '/dev/shm/Uno/x1922c6s5b0n0.102.merged.landmark.h5', 'growth_bins': 0, 'initial_weights': None, 'save_weights': '/dev/shm/Uno/save/8999967.amn-0001/102/3.0.model.h5', 'config_file': '/home/brettin/CSC249ADOA01_CNDA/brettin/Benchmarks/Pilot1/Uno/uno_auc_model.txt', 'data_type': <class 'numpy.float32'>, 'data_dir': '/dev/shm/Uno/uno/Data', 'output_dir': '/dev/shm/Uno/uno/Output/8999967.amn-0001/102'}
2024-05-21 14:10:17 Feature encoding submodel for cell.rnaseq:
2024-05-21 14:10:17 Model: "cell.rnaseq"
2024-05-21 14:10:17 _________________________________________________________________
2024-05-21 14:10:17  Layer (type)                Output Shape              Param #   
2024-05-21 14:10:17 =================================================================
2024-05-21 14:10:17  input_1 (InputLayer)        [(None, 958)]             0         
2024-05-21 14:10:17                                                                  
2024-05-21 14:10:17  dense (Dense)               (None, 1000)              959000    
2024-05-21 14:10:17                                                                  
2024-05-21 14:10:17  permanent_dropout (Permane  (None, 1000)              0         
2024-05-21 14:10:17  ntDropout)                                                      
2024-05-21 14:10:17                                                                  
2024-05-21 14:10:17  dense_1 (Dense)             (None, 1000)              1001000   
2024-05-21 14:10:17                                                                  
2024-05-21 14:10:17  permanent_dropout_1 (Perma  (None, 1000)              0         
2024-05-21 14:10:17  nentDropout)                                                    
2024-05-21 14:10:17                                                                  
2024-05-21 14:10:17  dense_2 (Dense)             (None, 1000)              1001000   
2024-05-21 14:10:17                                                                  
2024-05-21 14:10:17  permanent_dropout_2 (Perma  (None, 1000)              0         
2024-05-21 14:10:17  nentDropout)                                                    
2024-05-21 14:10:17                                                                  
2024-05-21 14:10:17 =================================================================
2024-05-21 14:10:17 Total params: 2961000 (11.30 MB)
2024-05-21 14:10:17 Trainable params: 2961000 (11.30 MB)
2024-05-21 14:10:17 Non-trainable params: 0 (0.00 Byte)
2024-05-21 14:10:17 _________________________________________________________________
2024-05-21 14:10:17 Feature encoding submodel for drug.descriptors:
2024-05-21 14:10:17 Model: "drug.descriptors"
2024-05-21 14:10:17 _________________________________________________________________
2024-05-21 14:10:17  Layer (type)                Output Shape              Param #   
2024-05-21 14:10:17 =================================================================
2024-05-21 14:10:17  input_2 (InputLayer)        [(None, 1613)]            0         
2024-05-21 14:10:17                                                                  
2024-05-21 14:10:17  dense_3 (Dense)             (None, 1000)              1614000   
2024-05-21 14:10:17                                                                  
2024-05-21 14:10:17  permanent_dropout_3 (Perma  (None, 1000)              0         
2024-05-21 14:10:17  nentDropout)                                                    
2024-05-21 14:10:17                                                                  
2024-05-21 14:10:17  dense_4 (Dense)             (None, 1000)              1001000   
2024-05-21 14:10:17                                                                  
2024-05-21 14:10:17  permanent_dropout_4 (Perma  (None, 1000)              0         
2024-05-21 14:10:17  nentDropout)                                                    
2024-05-21 14:10:17                                                                  
2024-05-21 14:10:17  dense_5 (Dense)             (None, 1000)              1001000   
2024-05-21 14:10:17                                                                  
2024-05-21 14:10:17  permanent_dropout_5 (Perma  (None, 1000)              0         
2024-05-21 14:10:17  nentDropout)                                                    
2024-05-21 14:10:17                                                                  
2024-05-21 14:10:17 =================================================================
2024-05-21 14:10:17 Total params: 3616000 (13.79 MB)
2024-05-21 14:10:17 Trainable params: 3616000 (13.79 MB)
2024-05-21 14:10:17 Non-trainable params: 0 (0.00 Byte)
2024-05-21 14:10:17 _________________________________________________________________
2024-05-21 14:10:17 Combined model:
2024-05-21 14:10:17 Model: "model"
2024-05-21 14:10:17 __________________________________________________________________________________________________
2024-05-21 14:10:17  Layer (type)                Output Shape                 Param #   Connected to                  
2024-05-21 14:10:17 ==================================================================================================
2024-05-21 14:10:17  input.cell.rnaseq (InputLa  [(None, 958)]                0         []                            
2024-05-21 14:10:17  yer)                                                                                             
2024-05-21 14:10:17                                                                                                   
2024-05-21 14:10:17  input.drug1.descriptors (I  [(None, 1613)]               0         []                            
2024-05-21 14:10:17  nputLayer)                                                                                       
2024-05-21 14:10:17                                                                                                   
2024-05-21 14:10:17  cell.rnaseq (Functional)    (None, 1000)                 2961000   ['input.cell.rnaseq[0][0]']   
2024-05-21 14:10:17                                                                                                   
2024-05-21 14:10:17  drug.descriptors (Function  (None, 1000)                 3616000   ['input.drug1.descriptors[0][0
2024-05-21 14:10:17  al)                                                                ]']                           
2024-05-21 14:10:17                                                                                                   
2024-05-21 14:10:17  concatenate (Concatenate)   (None, 2000)                 0         ['cell.rnaseq[0][0]',         
2024-05-21 14:10:17                                                                      'drug.descriptors[0][0]']    
2024-05-21 14:10:17                                                                                                   
2024-05-21 14:10:17  dense_6 (Dense)             (None, 1000)                 2001000   ['concatenate[0][0]']         
2024-05-21 14:10:17                                                                                                   
2024-05-21 14:10:17  permanent_dropout_6 (Perma  (None, 1000)                 0         ['dense_6[0][0]']             
2024-05-21 14:10:17  nentDropout)                                                                                     
2024-05-21 14:10:17                                                                                                   
2024-05-21 14:10:17  dense_7 (Dense)             (None, 1000)                 1001000   ['permanent_dropout_6[0][0]'] 
2024-05-21 14:10:17                                                                                                   
2024-05-21 14:10:17  permanent_dropout_7 (Perma  (None, 1000)                 0         ['dense_7[0][0]']             
2024-05-21 14:10:17  nentDropout)                                                                                     
2024-05-21 14:10:17                                                                                                   
2024-05-21 14:10:17  dense_8 (Dense)             (None, 1000)                 1001000   ['permanent_dropout_7[0][0]'] 
2024-05-21 14:10:17                                                                                                   
2024-05-21 14:10:17  permanent_dropout_8 (Perma  (None, 1000)                 0         ['dense_8[0][0]']             
2024-05-21 14:10:17  nentDropout)                                                                                     
2024-05-21 14:10:17                                                                                                   
2024-05-21 14:10:17  dense_9 (Dense)             (None, 1000)                 1001000   ['permanent_dropout_8[0][0]'] 
2024-05-21 14:10:17                                                                                                   
2024-05-21 14:10:17  permanent_dropout_9 (Perma  (None, 1000)                 0         ['dense_9[0][0]']             
2024-05-21 14:10:17  nentDropout)                                                                                     
2024-05-21 14:10:17                                                                                                   
2024-05-21 14:10:17  dense_10 (Dense)            (None, 1000)                 1001000   ['permanent_dropout_9[0][0]'] 
2024-05-21 14:10:17                                                                                                   
2024-05-21 14:10:17  permanent_dropout_10 (Perm  (None, 1000)                 0         ['dense_10[0][0]']            
2024-05-21 14:10:17  anentDropout)                                                                                    
2024-05-21 14:10:17                                                                                                   
2024-05-21 14:10:17  dense_11 (Dense)            (None, 1)                    1001      ['permanent_dropout_10[0][0]']
2024-05-21 14:10:17                                                                                                   
2024-05-21 14:10:17 ==================================================================================================
2024-05-21 14:10:17 Total params: 12583001 (48.00 MB)
2024-05-21 14:10:17 Trainable params: 12583001 (48.00 MB)
2024-05-21 14:10:17 Non-trainable params: 0 (0.00 Byte)
2024-05-21 14:10:17 __________________________________________________________________________________________________
2024-05-21 14:10:17 CKPT CONSTRUCT...
2024-05-21 14:10:17 CKPT CONSTRUCT OK.
2024-05-21 14:10:17 template model: <keras.src.engine.functional.Functional object at 0x145a0e472a90>
2024-05-21 14:10:19 COMPILE
2024-05-21 14:10:19 Will save weights to: /dev/shm/Uno/save/8999967.amn-0001/102/3.0.model.h5
2024-05-21 14:10:36 Between random pairs in y_val:
2024-05-21 14:10:36   mse: 0.04761619
2024-05-21 14:10:36   mae: 0.15975568
2024-05-21 14:10:36   r2: -0.99666343
2024-05-21 14:10:36   corr: 0.00166829
2024-05-21 14:10:36 Data points per epoch: train = 469586, val = 117397, test = 726
2024-05-21 14:10:36 Steps per epoch: train = 14674, val = 3668, test = 22
2024-05-21 14:10:36 Epoch 0: lr=0.001
2024-05-21 14:11:49 [Epoch: 0] loss: 0.042380, mae: 0.079805, r2: -1.061780, val_loss: 0.008628, val_mae: 0.065851, val_r2: 0.594383
2024-05-21 14:11:49 Epoch 1: lr=0.00082
2024-05-21 14:13:00 [Epoch: 1] loss: 0.007977, mae: 0.063925, r2: 0.621553, val_loss: 0.007842, val_mae: 0.063320, val_r2: 0.624552
2024-05-21 14:13:00 Epoch 2: lr=0.00064
2024-05-21 14:14:11 [Epoch: 2] loss: 0.007295, mae: 0.060752, r2: 0.653031, val_loss: 0.007264, val_mae: 0.060454, val_r2: 0.655363
2024-05-21 14:14:12 Epoch 3: lr=0.00046
2024-05-21 14:15:23 [Epoch: 3] loss: 0.006832, mae: 0.058615, r2: 0.674522, val_loss: 0.006916, val_mae: 0.058389, val_r2: 0.670751
2024-05-21 14:15:23 Epoch 4: lr=0.00028
2024-05-21 14:16:34 [Epoch: 4] loss: 0.006425, mae: 0.056754, r2: 0.693037, val_loss: 0.006678, val_mae: 0.057819, val_r2: 0.681311
2024-05-21 14:16:34 Epoch 5: lr=0.0001
2024-05-21 14:17:45 [Epoch: 5] loss: 0.006093, mae: 0.055192, r2: 0.708510, val_loss: 0.006470, val_mae: 0.056581, val_r2: 0.692216
2024-05-21 14:17:45 Epoch 6: lr=0.0001
2024-05-21 14:18:57 [Epoch: 6] loss: 0.005971, mae: 0.054681, r2: 0.714277, val_loss: 0.006443, val_mae: 0.056316, val_r2: 0.691106
2024-05-21 14:18:57 Epoch 7: lr=0.0001
2024-05-21 14:20:09 [Epoch: 7] loss: 0.005903, mae: 0.054329, r2: 0.717400, val_loss: 0.006408, val_mae: 0.056038, val_r2: 0.694165
2024-05-21 14:20:09 Epoch 8: lr=0.0001
2024-05-21 14:21:20 [Epoch: 8] loss: 0.005827, mae: 0.054000, r2: 0.721018, val_loss: 0.006393, val_mae: 0.055875, val_r2: 0.693433
2024-05-21 14:21:20 Epoch 9: lr=0.0001
2024-05-21 14:22:32 [Epoch: 9] loss: 0.005761, mae: 0.053708, r2: 0.723782, val_loss: 0.006339, val_mae: 0.055554, val_r2: 0.697013
2024-05-21 14:22:32 Epoch 10: lr=0.0001
2024-05-21 14:23:44 [Epoch: 10] loss: 0.005692, mae: 0.053425, r2: 0.727107, val_loss: 0.006361, val_mae: 0.055444, val_r2: 0.695395
2024-05-21 14:23:44 Epoch 11: lr=0.0001
2024-05-21 14:24:55 [Epoch: 11] loss: 0.005633, mae: 0.053157, r2: 0.729954, val_loss: 0.006286, val_mae: 0.055973, val_r2: 0.699607
2024-05-21 14:24:56 Epoch 12: lr=0.0001
2024-05-21 14:26:07 [Epoch: 12] loss: 0.005572, mae: 0.052849, r2: 0.732901, val_loss: 0.006297, val_mae: 0.055880, val_r2: 0.697583
2024-05-21 14:26:07 Epoch 13: lr=0.0001
2024-05-21 14:27:19 [Epoch: 13] loss: 0.005525, mae: 0.052663, r2: 0.734865, val_loss: 0.006246, val_mae: 0.055459, val_r2: 0.701369
2024-05-21 14:27:19 Epoch 14: lr=0.0001
2024-05-21 14:28:30 [Epoch: 14] loss: 0.005462, mae: 0.052356, r2: 0.737927, val_loss: 0.006238, val_mae: 0.055378, val_r2: 0.702095
2024-05-21 14:28:30 Epoch 15: lr=0.0001
2024-05-21 14:29:42 [Epoch: 15] loss: 0.005415, mae: 0.052130, r2: 0.740285, val_loss: 0.006253, val_mae: 0.056088, val_r2: 0.701041
2024-05-21 14:29:42 Epoch 16: lr=0.0001
2024-05-21 14:30:54 [Epoch: 16] loss: 0.005355, mae: 0.051871, r2: 0.742675, val_loss: 0.006261, val_mae: 0.055045, val_r2: 0.699573
2024-05-21 14:30:54 Epoch 17: lr=0.0001
2024-05-21 14:32:06 [Epoch: 17] loss: 0.005316, mae: 0.051628, r2: 0.744646, val_loss: 0.006222, val_mae: 0.054819, val_r2: 0.702063
2024-05-21 14:32:06 Epoch 18: lr=0.0001
2024-05-21 14:33:17 [Epoch: 18] loss: 0.005280, mae: 0.051522, r2: 0.746337, val_loss: 0.006215, val_mae: 0.054762, val_r2: 0.702640
2024-05-21 14:33:17 Epoch 19: lr=0.0001
2024-05-21 14:34:29 [Epoch: 19] loss: 0.005229, mae: 0.051258, r2: 0.748740, val_loss: 0.006181, val_mae: 0.054995, val_r2: 0.703354
2024-05-21 14:34:29 Epoch 20: lr=5e-05
2024-05-21 14:35:40 [Epoch: 20] loss: 0.005100, mae: 0.050641, r2: 0.754709, val_loss: 0.006183, val_mae: 0.054684, val_r2: 0.703468
2024-05-21 14:35:40 Epoch 21: lr=5e-05
2024-05-21 14:36:52 [Epoch: 21] loss: 0.005070, mae: 0.050509, r2: 0.756125, val_loss: 0.006193, val_mae: 0.054678, val_r2: 0.703206
2024-05-21 14:36:52 Epoch 22: lr=5e-05
2024-05-21 14:38:04 [Epoch: 22] loss: 0.005042, mae: 0.050391, r2: 0.757394, val_loss: 0.006140, val_mae: 0.054722, val_r2: 0.705961
2024-05-21 14:38:04 Epoch 23: lr=5e-05
2024-05-21 14:39:15 [Epoch: 23] loss: 0.005015, mae: 0.050209, r2: 0.758606, val_loss: 0.006155, val_mae: 0.054988, val_r2: 0.705520
2024-05-21 14:39:15 Epoch 24: lr=5e-05
2024-05-21 14:40:27 [Epoch: 24] loss: 0.004984, mae: 0.050135, r2: 0.760092, val_loss: 0.006170, val_mae: 0.054289, val_r2: 0.704623
2024-05-21 14:40:27 Epoch 25: lr=2.5e-05
2024-05-21 14:41:39 [Epoch: 25] loss: 0.004924, mae: 0.049811, r2: 0.762700, val_loss: 0.006151, val_mae: 0.054487, val_r2: 0.704760
2024-05-21 14:41:39 Epoch 26: lr=2.5e-05
2024-05-21 14:42:50 [Epoch: 26] loss: 0.004900, mae: 0.049682, r2: 0.763972, val_loss: 0.006153, val_mae: 0.054693, val_r2: 0.705206
2024-05-21 14:42:50 Epoch 27: lr=2.5e-05
2024-05-21 14:44:02 [Epoch: 27] loss: 0.004899, mae: 0.049709, r2: 0.763850, val_loss: 0.006164, val_mae: 0.054692, val_r2: 0.704733
2024-05-21 14:44:02 Epoch 28: lr=2.5e-05
2024-05-21 14:45:13 [Epoch: 28] loss: 0.004876, mae: 0.049581, r2: 0.765206, val_loss: 0.006172, val_mae: 0.054522, val_r2: 0.703941
2024-05-21 14:45:13 Epoch 29: lr=2.5e-05
2024-05-21 14:46:25 [Epoch: 29] loss: 0.004860, mae: 0.049509, r2: 0.765894, val_loss: 0.006169, val_mae: 0.054444, val_r2: 0.703983
2024-05-21 14:46:25 Epoch 30: lr=1.25e-05
2024-05-21 14:47:36 [Epoch: 30] loss: 0.004824, mae: 0.049334, r2: 0.767679, val_loss: 0.006139, val_mae: 0.054605, val_r2: 0.705644
2024-05-21 14:47:36 Epoch 31: lr=1.25e-05
2024-05-21 14:48:48 [Epoch: 31] loss: 0.004820, mae: 0.049309, r2: 0.767612, val_loss: 0.006144, val_mae: 0.054533, val_r2: 0.705113
2024-05-21 14:48:48 Epoch 32: lr=1.25e-05
2024-05-21 14:49:59 [Epoch: 32] loss: 0.004815, mae: 0.049256, r2: 0.768060, val_loss: 0.006175, val_mae: 0.054378, val_r2: 0.704622
2024-05-21 14:49:59 Epoch 33: lr=1.25e-05
2024-05-21 14:51:11 [Epoch: 33] loss: 0.004809, mae: 0.049281, r2: 0.768223, val_loss: 0.006161, val_mae: 0.054602, val_r2: 0.705099
2024-05-21 14:51:11 Epoch 34: lr=1.25e-05
2024-05-21 14:52:23 [Epoch: 34] loss: 0.004798, mae: 0.049206, r2: 0.768859, val_loss: 0.006179, val_mae: 0.054386, val_r2: 0.703734
2024-05-21 14:52:23 Epoch 35: lr=1e-05
2024-05-21 14:53:34 [Epoch: 35] loss: 0.004800, mae: 0.049203, r2: 0.768649, val_loss: 0.006141, val_mae: 0.054354, val_r2: 0.705281
2024-05-21 14:53:34 Epoch 36: lr=1e-05
2024-05-21 14:54:46 [Epoch: 36] loss: 0.004794, mae: 0.049168, r2: 0.768934, val_loss: 0.006170, val_mae: 0.054466, val_r2: 0.704406
2024-05-21 14:54:46 Epoch 37: lr=1e-05
2024-05-21 14:55:57 [Epoch: 37] loss: 0.004780, mae: 0.049094, r2: 0.769689, val_loss: 0.006163, val_mae: 0.054261, val_r2: 0.704891
2024-05-21 14:55:57 Epoch 38: lr=1e-05
2024-05-21 14:57:08 [Epoch: 38] loss: 0.004781, mae: 0.049160, r2: 0.769466, val_loss: 0.006156, val_mae: 0.054456, val_r2: 0.705258
2024-05-21 14:57:08 Epoch 39: lr=1e-05
2024-05-21 14:58:20 [Epoch: 39] loss: 0.004767, mae: 0.049044, r2: 0.770343, val_loss: 0.006134, val_mae: 0.054395, val_r2: 0.706448
2024-05-21 14:58:20 Epoch 40: lr=1e-05
2024-05-21 14:59:31 [Epoch: 40] loss: 0.004767, mae: 0.049075, r2: 0.770220, val_loss: 0.006164, val_mae: 0.054237, val_r2: 0.704574
2024-05-21 14:59:31 Epoch 41: lr=1e-05
2024-05-21 15:00:42 [Epoch: 41] loss: 0.004763, mae: 0.049032, r2: 0.770371, val_loss: 0.006152, val_mae: 0.054396, val_r2: 0.704732
2024-05-21 15:00:42 Epoch 42: lr=1e-05
2024-05-21 15:01:53 [Epoch: 42] loss: 0.004756, mae: 0.049036, r2: 0.770828, val_loss: 0.006166, val_mae: 0.054391, val_r2: 0.704986
2024-05-21 15:01:53 Epoch 43: lr=1e-05
2024-05-21 15:03:05 [Epoch: 43] loss: 0.004756, mae: 0.049019, r2: 0.770772, val_loss: 0.006174, val_mae: 0.054633, val_r2: 0.704004
2024-05-21 15:03:05 Epoch 44: lr=1e-05
2024-05-21 15:04:17 [Epoch: 44] loss: 0.004745, mae: 0.048930, r2: 0.771213, val_loss: 0.006166, val_mae: 0.054506, val_r2: 0.704601
2024-05-21 15:04:17 Epoch 45: lr=1e-05
2024-05-21 15:05:28 [Epoch: 45] loss: 0.004736, mae: 0.048906, r2: 0.771565, val_loss: 0.006155, val_mae: 0.054277, val_r2: 0.704970
2024-05-21 15:05:28 Epoch 46: lr=1e-05
2024-05-21 15:06:40 [Epoch: 46] loss: 0.004740, mae: 0.048921, r2: 0.771500, val_loss: 0.006157, val_mae: 0.054356, val_r2: 0.705185
2024-05-21 15:06:40 Epoch 47: lr=1e-05
2024-05-21 15:07:51 [Epoch: 47] loss: 0.004724, mae: 0.048852, r2: 0.772393, val_loss: 0.006173, val_mae: 0.054339, val_r2: 0.704278
2024-05-21 15:07:51 Epoch 48: lr=1e-05
2024-05-21 15:09:02 [Epoch: 48] loss: 0.004736, mae: 0.048914, r2: 0.771883, val_loss: 0.006166, val_mae: 0.054514, val_r2: 0.705052
2024-05-21 15:09:02 Epoch 49: lr=1e-05
2024-05-21 15:10:14 [Epoch: 49] loss: 0.004719, mae: 0.048839, r2: 0.772393, val_loss: 0.006145, val_mae: 0.054488, val_r2: 0.705168
2024-05-21 15:10:14 history_length: 50
2024-05-21 15:10:14 stopping: complete
2024-05-21 15:10:14 Comparing y_true and y_pred:
2024-05-21 15:10:14   mse: 0.00942933
2024-05-21 15:10:14   mae: 0.07880445
2024-05-21 15:10:14   r2: 0.02437087
2024-05-21 15:10:14   corr: 0.51262362
