2024-04-29 10:35:23 UNO RUN ...
2024-04-29 10:35:23 Params: {'model_name': 'uno', 'train_sources': ['CCLE'], 'test_sources': ['train'], 'cell_types': None, 'cell_features': ['rnaseq'], 'drug_features': ['descriptors'], 'dense': [1000, 1000, 1000, 1000, 1000], 'dense_feature_layers': [1000, 1000, 1000], 'activation': 'relu', 'loss': 'mse', 'optimizer': 'adamax', 'scaling': 'std', 'dropout': 0.1, 'epochs': 30, 'batch_size': 32, 'val_split': 0.2, 'cv': 1, 'max_val_loss': 1.0, 'learning_rate': 0.0001, 'base_lr': None, 'agg_dose': 'AUC', 'residual': False, 'reduce_lr': True, 'warmup_lr': True, 'batch_normalization': False, 'feature_subsample': 0, 'rng_seed': 2018, 'no_gen': False, 'verbose': False, 'preprocess_rnaseq': 'source_scale', 'gpus': [0], 'use_landmark_genes': True, 'no_feature_source': True, 'no_response_source': True, 'save_path': '/dev/shm/Uno/save/8994056.amn-0001/8', 'single': True, 'on_memory_loader': True, 'ckpt_checksum': True, 'ckpt_save_interval': 0, 'timeout': -1, 'train_bool': True, 'profiling': False, 'experiment_id': '8994056.amn-0001', 'run_id': '8', 'logfile': '/dev/shm/Uno/save/8994056.amn-0001/8/python.log', 'shuffle': False, 'ckpt_restart_mode': 'off', 'ckpt_skip_epochs': 0, 'ckpt_directory': '/dev/shm/Uno/save/8994056.amn-0001/8', 'ckpt_save_best': True, 'ckpt_save_best_metric': 'val_loss', 'ckpt_save_weights_only': False, 'ckpt_keep_mode': 'linear', 'ckpt_keep_limit': 5, 'by_cell': None, 'by_drug': None, 'cell_subset_path': '', 'drug_subset_path': '', 'drug_median_response_min': -1, 'drug_median_response_max': 1, 'dense_cell_feature_layers': None, 'dense_drug_feature_layers': None, 'use_filtered_genes': False, 'feature_subset_path': '', 'cell_feature_subset_path': '', 'drug_feature_subset_path': '', 'es': True, 'cp': False, 'tb': False, 'tb_prefix': 'tb', 'partition_by': None, 'cache': None, 'export_csv': None, 'export_data': None, 'use_exported_data': '/dev/shm/Uno/x1921c6s5b0n0.8.merged.landmark.h5', 'growth_bins': 0, 'initial_weights': None, 'save_weights': '/dev/shm/Uno/save/8994056.amn-0001/8/4.0.model.h5', 'config_file': '/home/brettin/CSC249ADOA01_CNDA/brettin/Benchmarks/Pilot1/Uno/uno_auc_model.txt', 'data_type': <class 'numpy.float32'>, 'data_dir': '/dev/shm/Uno/uno/Data', 'output_dir': '/dev/shm/Uno/uno/Output/8994056.amn-0001/8'}
2024-04-29 10:35:24 Feature encoding submodel for cell.rnaseq:
2024-04-29 10:35:24 Model: "cell.rnaseq"
2024-04-29 10:35:24 _________________________________________________________________
2024-04-29 10:35:24  Layer (type)                Output Shape              Param #   
2024-04-29 10:35:24 =================================================================
2024-04-29 10:35:24  input_1 (InputLayer)        [(None, 958)]             0         
2024-04-29 10:35:24                                                                  
2024-04-29 10:35:24  dense (Dense)               (None, 1000)              959000    
2024-04-29 10:35:24                                                                  
2024-04-29 10:35:24  permanent_dropout (Permane  (None, 1000)              0         
2024-04-29 10:35:24  ntDropout)                                                      
2024-04-29 10:35:24                                                                  
2024-04-29 10:35:24  dense_1 (Dense)             (None, 1000)              1001000   
2024-04-29 10:35:24                                                                  
2024-04-29 10:35:24  permanent_dropout_1 (Perma  (None, 1000)              0         
2024-04-29 10:35:24  nentDropout)                                                    
2024-04-29 10:35:24                                                                  
2024-04-29 10:35:24  dense_2 (Dense)             (None, 1000)              1001000   
2024-04-29 10:35:24                                                                  
2024-04-29 10:35:24  permanent_dropout_2 (Perma  (None, 1000)              0         
2024-04-29 10:35:24  nentDropout)                                                    
2024-04-29 10:35:24                                                                  
2024-04-29 10:35:24 =================================================================
2024-04-29 10:35:24 Total params: 2961000 (11.30 MB)
2024-04-29 10:35:24 Trainable params: 2961000 (11.30 MB)
2024-04-29 10:35:24 Non-trainable params: 0 (0.00 Byte)
2024-04-29 10:35:24 _________________________________________________________________
2024-04-29 10:35:24 Feature encoding submodel for drug.descriptors:
2024-04-29 10:35:24 Model: "drug.descriptors"
2024-04-29 10:35:24 _________________________________________________________________
2024-04-29 10:35:24  Layer (type)                Output Shape              Param #   
2024-04-29 10:35:24 =================================================================
2024-04-29 10:35:24  input_2 (InputLayer)        [(None, 1613)]            0         
2024-04-29 10:35:24                                                                  
2024-04-29 10:35:24  dense_3 (Dense)             (None, 1000)              1614000   
2024-04-29 10:35:24                                                                  
2024-04-29 10:35:24  permanent_dropout_3 (Perma  (None, 1000)              0         
2024-04-29 10:35:24  nentDropout)                                                    
2024-04-29 10:35:24                                                                  
2024-04-29 10:35:24  dense_4 (Dense)             (None, 1000)              1001000   
2024-04-29 10:35:24                                                                  
2024-04-29 10:35:24  permanent_dropout_4 (Perma  (None, 1000)              0         
2024-04-29 10:35:24  nentDropout)                                                    
2024-04-29 10:35:24                                                                  
2024-04-29 10:35:24  dense_5 (Dense)             (None, 1000)              1001000   
2024-04-29 10:35:24                                                                  
2024-04-29 10:35:24  permanent_dropout_5 (Perma  (None, 1000)              0         
2024-04-29 10:35:24  nentDropout)                                                    
2024-04-29 10:35:24                                                                  
2024-04-29 10:35:24 =================================================================
2024-04-29 10:35:24 Total params: 3616000 (13.79 MB)
2024-04-29 10:35:24 Trainable params: 3616000 (13.79 MB)
2024-04-29 10:35:24 Non-trainable params: 0 (0.00 Byte)
2024-04-29 10:35:24 _________________________________________________________________
2024-04-29 10:35:24 Combined model:
2024-04-29 10:35:24 Model: "model"
2024-04-29 10:35:24 __________________________________________________________________________________________________
2024-04-29 10:35:24  Layer (type)                Output Shape                 Param #   Connected to                  
2024-04-29 10:35:24 ==================================================================================================
2024-04-29 10:35:24  input.cell.rnaseq (InputLa  [(None, 958)]                0         []                            
2024-04-29 10:35:24  yer)                                                                                             
2024-04-29 10:35:24                                                                                                   
2024-04-29 10:35:24  input.drug1.descriptors (I  [(None, 1613)]               0         []                            
2024-04-29 10:35:24  nputLayer)                                                                                       
2024-04-29 10:35:24                                                                                                   
2024-04-29 10:35:24  cell.rnaseq (Functional)    (None, 1000)                 2961000   ['input.cell.rnaseq[0][0]']   
2024-04-29 10:35:24                                                                                                   
2024-04-29 10:35:24  drug.descriptors (Function  (None, 1000)                 3616000   ['input.drug1.descriptors[0][0
2024-04-29 10:35:24  al)                                                                ]']                           
2024-04-29 10:35:24                                                                                                   
2024-04-29 10:35:24  concatenate (Concatenate)   (None, 2000)                 0         ['cell.rnaseq[0][0]',         
2024-04-29 10:35:24                                                                      'drug.descriptors[0][0]']    
2024-04-29 10:35:24                                                                                                   
2024-04-29 10:35:24  dense_6 (Dense)             (None, 1000)                 2001000   ['concatenate[0][0]']         
2024-04-29 10:35:24                                                                                                   
2024-04-29 10:35:24  permanent_dropout_6 (Perma  (None, 1000)                 0         ['dense_6[0][0]']             
2024-04-29 10:35:24  nentDropout)                                                                                     
2024-04-29 10:35:24                                                                                                   
2024-04-29 10:35:24  dense_7 (Dense)             (None, 1000)                 1001000   ['permanent_dropout_6[0][0]'] 
2024-04-29 10:35:24                                                                                                   
2024-04-29 10:35:24  permanent_dropout_7 (Perma  (None, 1000)                 0         ['dense_7[0][0]']             
2024-04-29 10:35:24  nentDropout)                                                                                     
2024-04-29 10:35:24                                                                                                   
2024-04-29 10:35:24  dense_8 (Dense)             (None, 1000)                 1001000   ['permanent_dropout_7[0][0]'] 
2024-04-29 10:35:24                                                                                                   
2024-04-29 10:35:24  permanent_dropout_8 (Perma  (None, 1000)                 0         ['dense_8[0][0]']             
2024-04-29 10:35:24  nentDropout)                                                                                     
2024-04-29 10:35:24                                                                                                   
2024-04-29 10:35:24  dense_9 (Dense)             (None, 1000)                 1001000   ['permanent_dropout_8[0][0]'] 
2024-04-29 10:35:24                                                                                                   
2024-04-29 10:35:24  permanent_dropout_9 (Perma  (None, 1000)                 0         ['dense_9[0][0]']             
2024-04-29 10:35:24  nentDropout)                                                                                     
2024-04-29 10:35:24                                                                                                   
2024-04-29 10:35:24  dense_10 (Dense)            (None, 1000)                 1001000   ['permanent_dropout_9[0][0]'] 
2024-04-29 10:35:24                                                                                                   
2024-04-29 10:35:24  permanent_dropout_10 (Perm  (None, 1000)                 0         ['dense_10[0][0]']            
2024-04-29 10:35:24  anentDropout)                                                                                    
2024-04-29 10:35:24                                                                                                   
2024-04-29 10:35:24  dense_11 (Dense)            (None, 1)                    1001      ['permanent_dropout_10[0][0]']
2024-04-29 10:35:24                                                                                                   
2024-04-29 10:35:24 ==================================================================================================
2024-04-29 10:35:24 Total params: 12583001 (48.00 MB)
2024-04-29 10:35:24 Trainable params: 12583001 (48.00 MB)
2024-04-29 10:35:24 Non-trainable params: 0 (0.00 Byte)
2024-04-29 10:35:24 __________________________________________________________________________________________________
2024-04-29 10:35:24 CKPT CONSTRUCT...
2024-04-29 10:35:24 CKPT CONSTRUCT OK.
2024-04-29 10:35:24 template model: <keras.src.engine.functional.Functional object at 0x149a6c47dfd0>
2024-04-29 10:35:26 COMPILE
2024-04-29 10:35:26 Will save weights to: /dev/shm/Uno/save/8994056.amn-0001/8/4.0.model.h5
2024-04-29 10:35:43 Between random pairs in y_val:
2024-04-29 10:35:43   mse: 0.04780779
2024-04-29 10:35:43   mae: 0.16014140
2024-04-29 10:35:43   r2: -1.00530649
2024-04-29 10:35:43   corr: -0.00265325
2024-04-29 10:35:43 Data points per epoch: train = 470167, val = 117542, test = 948
2024-04-29 10:35:43 Steps per epoch: train = 14692, val = 3673, test = 29
2024-04-29 10:35:43 Epoch 0: lr=0.001
2024-04-29 10:36:57 [Epoch: 0] loss: 0.026690, mae: 0.079654, r2: -0.381401, val_loss: 0.008751, val_mae: 0.065643, val_r2: 0.580550
2024-04-29 10:36:57 Epoch 1: lr=0.00082
2024-04-29 10:38:10 [Epoch: 1] loss: 0.008008, mae: 0.064068, r2: 0.619886, val_loss: 0.007657, val_mae: 0.061780, val_r2: 0.634252
2024-04-29 10:38:10 Epoch 2: lr=0.00064
2024-04-29 10:39:22 [Epoch: 2] loss: 0.007335, mae: 0.060899, r2: 0.650918, val_loss: 0.007204, val_mae: 0.060869, val_r2: 0.656721
2024-04-29 10:39:22 Epoch 3: lr=0.00046
2024-04-29 10:40:35 [Epoch: 3] loss: 0.006868, mae: 0.058802, r2: 0.672559, val_loss: 0.006919, val_mae: 0.059749, val_r2: 0.669953
2024-04-29 10:40:35 Epoch 4: lr=0.00028
2024-04-29 10:41:48 [Epoch: 4] loss: 0.006467, mae: 0.056949, r2: 0.690908, val_loss: 0.006594, val_mae: 0.056886, val_r2: 0.684617
2024-04-29 10:41:48 Epoch 5: lr=0.0001
2024-04-29 10:43:00 [Epoch: 5] loss: 0.006138, mae: 0.055457, r2: 0.706043, val_loss: 0.006391, val_mae: 0.056081, val_r2: 0.694255
2024-04-29 10:43:01 Epoch 6: lr=0.0001
2024-04-29 10:44:14 [Epoch: 6] loss: 0.006029, mae: 0.054936, r2: 0.711118, val_loss: 0.006385, val_mae: 0.055908, val_r2: 0.693955
2024-04-29 10:44:14 Epoch 7: lr=0.0001
2024-04-29 10:45:27 [Epoch: 7] loss: 0.005962, mae: 0.054615, r2: 0.714315, val_loss: 0.006322, val_mae: 0.056162, val_r2: 0.696663
2024-04-29 10:45:27 Epoch 8: lr=0.0001
2024-04-29 10:46:40 [Epoch: 8] loss: 0.005885, mae: 0.054288, r2: 0.717728, val_loss: 0.006301, val_mae: 0.055597, val_r2: 0.698335
2024-04-29 10:46:40 Epoch 9: lr=0.0001
2024-04-29 10:47:52 [Epoch: 9] loss: 0.005823, mae: 0.054015, r2: 0.720706, val_loss: 0.006298, val_mae: 0.055376, val_r2: 0.696853
2024-04-29 10:47:53 Epoch 10: lr=0.0001
2024-04-29 10:49:05 [Epoch: 10] loss: 0.005748, mae: 0.053649, r2: 0.724223, val_loss: 0.006266, val_mae: 0.055941, val_r2: 0.699102
2024-04-29 10:49:05 Epoch 11: lr=0.0001
2024-04-29 10:50:18 [Epoch: 11] loss: 0.005699, mae: 0.053462, r2: 0.726108, val_loss: 0.006215, val_mae: 0.055346, val_r2: 0.701720
2024-04-29 10:50:18 Epoch 12: lr=0.0001
2024-04-29 10:51:31 [Epoch: 12] loss: 0.005641, mae: 0.053168, r2: 0.729147, val_loss: 0.006217, val_mae: 0.055197, val_r2: 0.701279
2024-04-29 10:51:31 Epoch 13: lr=0.0001
2024-04-29 10:52:44 [Epoch: 13] loss: 0.005581, mae: 0.052898, r2: 0.732106, val_loss: 0.006203, val_mae: 0.055593, val_r2: 0.702528
2024-04-29 10:52:44 Epoch 14: lr=0.0001
2024-04-29 10:53:57 [Epoch: 14] loss: 0.005532, mae: 0.052713, r2: 0.734397, val_loss: 0.006166, val_mae: 0.055279, val_r2: 0.703010
2024-04-29 10:53:57 Epoch 15: lr=0.0001
2024-04-29 10:55:10 [Epoch: 15] loss: 0.005476, mae: 0.052449, r2: 0.736811, val_loss: 0.006165, val_mae: 0.055113, val_r2: 0.702871
2024-04-29 10:55:10 Epoch 16: lr=0.0001
2024-04-29 10:56:22 [Epoch: 16] loss: 0.005429, mae: 0.052264, r2: 0.738899, val_loss: 0.006144, val_mae: 0.054576, val_r2: 0.704423
2024-04-29 10:56:22 Epoch 17: lr=0.0001
2024-04-29 10:57:35 [Epoch: 17] loss: 0.005374, mae: 0.051973, r2: 0.741308, val_loss: 0.006152, val_mae: 0.054880, val_r2: 0.704378
2024-04-29 10:57:35 Epoch 18: lr=0.0001
2024-04-29 10:58:48 [Epoch: 18] loss: 0.005326, mae: 0.051733, r2: 0.743876, val_loss: 0.006138, val_mae: 0.054398, val_r2: 0.704936
2024-04-29 10:58:48 Epoch 19: lr=0.0001
2024-04-29 11:00:01 [Epoch: 19] loss: 0.005274, mae: 0.051506, r2: 0.746235, val_loss: 0.006120, val_mae: 0.054364, val_r2: 0.705438
2024-04-29 11:00:01 Epoch 20: lr=5e-05
2024-04-29 11:01:13 [Epoch: 20] loss: 0.005171, mae: 0.051026, r2: 0.750681, val_loss: 0.006076, val_mae: 0.054414, val_r2: 0.708288
2024-04-29 11:01:14 Epoch 21: lr=5e-05
2024-04-29 11:02:26 [Epoch: 21] loss: 0.005125, mae: 0.050800, r2: 0.752958, val_loss: 0.006079, val_mae: 0.054790, val_r2: 0.706831
2024-04-29 11:02:26 Epoch 22: lr=5e-05
2024-04-29 11:03:39 [Epoch: 22] loss: 0.005094, mae: 0.050626, r2: 0.754576, val_loss: 0.006086, val_mae: 0.054150, val_r2: 0.707210
2024-04-29 11:03:39 Epoch 23: lr=5e-05
2024-04-29 11:04:52 [Epoch: 23] loss: 0.005074, mae: 0.050552, r2: 0.755581, val_loss: 0.006086, val_mae: 0.054332, val_r2: 0.706254
2024-04-29 11:04:53 Epoch 24: lr=5e-05
2024-04-29 11:06:05 [Epoch: 24] loss: 0.005039, mae: 0.050392, r2: 0.757180, val_loss: 0.006092, val_mae: 0.054535, val_r2: 0.706516
2024-04-29 11:06:05 Epoch 25: lr=2.5e-05
2024-04-29 11:07:18 [Epoch: 25] loss: 0.004980, mae: 0.050111, r2: 0.759953, val_loss: 0.006059, val_mae: 0.054197, val_r2: 0.708119
2024-04-29 11:07:19 Epoch 26: lr=2.5e-05
2024-04-29 11:08:31 [Epoch: 26] loss: 0.004965, mae: 0.050035, r2: 0.760524, val_loss: 0.006081, val_mae: 0.054401, val_r2: 0.707497
2024-04-29 11:08:31 Epoch 27: lr=2.5e-05
2024-04-29 11:09:44 [Epoch: 27] loss: 0.004947, mae: 0.049922, r2: 0.761270, val_loss: 0.006073, val_mae: 0.054421, val_r2: 0.707666
2024-04-29 11:09:44 Epoch 28: lr=2.5e-05
2024-04-29 11:10:57 [Epoch: 28] loss: 0.004929, mae: 0.049845, r2: 0.762397, val_loss: 0.006076, val_mae: 0.054322, val_r2: 0.707089
2024-04-29 11:10:57 Epoch 29: lr=2.5e-05
2024-04-29 11:12:09 [Epoch: 29] loss: 0.004916, mae: 0.049793, r2: 0.762783, val_loss: 0.006081, val_mae: 0.054158, val_r2: 0.708008
2024-04-29 11:12:10 history_length: 30
2024-04-29 11:12:10 stopping: complete
2024-04-29 11:12:10 Comparing y_true and y_pred:
2024-04-29 11:12:10   mse: 0.00326456
2024-04-29 11:12:10   mae: 0.04053926
2024-04-29 11:12:10   r2: 0.20117605
2024-04-29 11:12:10   corr: 0.44919405
