2024-05-18 17:28:38 UNO RUN ...
2024-05-18 17:28:38 Params: {'model_name': 'uno', 'train_sources': ['CCLE'], 'test_sources': ['train'], 'cell_types': None, 'cell_features': ['rnaseq'], 'drug_features': ['descriptors'], 'dense': [1000, 1000, 1000, 1000, 1000], 'dense_feature_layers': [1000, 1000, 1000], 'activation': 'relu', 'loss': 'mse', 'optimizer': 'adamax', 'scaling': 'std', 'dropout': 0.1, 'epochs': 75, 'batch_size': 32, 'val_split': 0.2, 'cv': 1, 'max_val_loss': 1.0, 'learning_rate': 0.0001, 'base_lr': None, 'agg_dose': 'AUC', 'residual': False, 'reduce_lr': True, 'warmup_lr': True, 'batch_normalization': False, 'feature_subsample': 0, 'rng_seed': 2018, 'no_gen': False, 'verbose': False, 'preprocess_rnaseq': 'source_scale', 'gpus': [0], 'use_landmark_genes': True, 'no_feature_source': True, 'no_response_source': True, 'save_path': '/dev/shm/Uno/save/8999189.amn-0001/72', 'single': True, 'on_memory_loader': True, 'ckpt_checksum': True, 'ckpt_save_interval': 0, 'timeout': -1, 'train_bool': True, 'profiling': False, 'experiment_id': '8999189.amn-0001', 'run_id': '72', 'logfile': '/dev/shm/Uno/save/8999189.amn-0001/72/python.log', 'shuffle': False, 'ckpt_restart_mode': 'off', 'ckpt_skip_epochs': 0, 'ckpt_directory': '/dev/shm/Uno/save/8999189.amn-0001/72', 'ckpt_save_best': True, 'ckpt_save_best_metric': 'val_loss', 'ckpt_save_weights_only': False, 'ckpt_keep_mode': 'linear', 'ckpt_keep_limit': 5, 'by_cell': None, 'by_drug': None, 'cell_subset_path': '', 'drug_subset_path': '', 'drug_median_response_min': -1, 'drug_median_response_max': 1, 'dense_cell_feature_layers': None, 'dense_drug_feature_layers': None, 'use_filtered_genes': False, 'feature_subset_path': '', 'cell_feature_subset_path': '', 'drug_feature_subset_path': '', 'es': True, 'cp': False, 'tb': False, 'tb_prefix': 'tb', 'partition_by': None, 'cache': None, 'export_csv': None, 'export_data': None, 'use_exported_data': '/dev/shm/Uno/x1922c5s0b0n0.72.merged.landmark.h5', 'growth_bins': 0, 'initial_weights': None, 'save_weights': '/dev/shm/Uno/save/8999189.amn-0001/72/0.0.model.h5', 'config_file': '/home/brettin/CSC249ADOA01_CNDA/brettin/Benchmarks/Pilot1/Uno/uno_auc_model.txt', 'data_type': <class 'numpy.float32'>, 'data_dir': '/dev/shm/Uno/uno/Data', 'output_dir': '/dev/shm/Uno/uno/Output/8999189.amn-0001/72'}
2024-05-18 17:28:38 Feature encoding submodel for cell.rnaseq:
2024-05-18 17:28:38 Model: "cell.rnaseq"
2024-05-18 17:28:38 _________________________________________________________________
2024-05-18 17:28:38  Layer (type)                Output Shape              Param #   
2024-05-18 17:28:38 =================================================================
2024-05-18 17:28:38  input_1 (InputLayer)        [(None, 958)]             0         
2024-05-18 17:28:38                                                                  
2024-05-18 17:28:38  dense (Dense)               (None, 1000)              959000    
2024-05-18 17:28:38                                                                  
2024-05-18 17:28:38  permanent_dropout (Permane  (None, 1000)              0         
2024-05-18 17:28:38  ntDropout)                                                      
2024-05-18 17:28:38                                                                  
2024-05-18 17:28:38  dense_1 (Dense)             (None, 1000)              1001000   
2024-05-18 17:28:38                                                                  
2024-05-18 17:28:38  permanent_dropout_1 (Perma  (None, 1000)              0         
2024-05-18 17:28:38  nentDropout)                                                    
2024-05-18 17:28:38                                                                  
2024-05-18 17:28:38  dense_2 (Dense)             (None, 1000)              1001000   
2024-05-18 17:28:38                                                                  
2024-05-18 17:28:38  permanent_dropout_2 (Perma  (None, 1000)              0         
2024-05-18 17:28:38  nentDropout)                                                    
2024-05-18 17:28:38                                                                  
2024-05-18 17:28:38 =================================================================
2024-05-18 17:28:38 Total params: 2961000 (11.30 MB)
2024-05-18 17:28:38 Trainable params: 2961000 (11.30 MB)
2024-05-18 17:28:38 Non-trainable params: 0 (0.00 Byte)
2024-05-18 17:28:38 _________________________________________________________________
2024-05-18 17:28:38 Feature encoding submodel for drug.descriptors:
2024-05-18 17:28:38 Model: "drug.descriptors"
2024-05-18 17:28:38 _________________________________________________________________
2024-05-18 17:28:38  Layer (type)                Output Shape              Param #   
2024-05-18 17:28:38 =================================================================
2024-05-18 17:28:38  input_2 (InputLayer)        [(None, 1613)]            0         
2024-05-18 17:28:38                                                                  
2024-05-18 17:28:38  dense_3 (Dense)             (None, 1000)              1614000   
2024-05-18 17:28:38                                                                  
2024-05-18 17:28:38  permanent_dropout_3 (Perma  (None, 1000)              0         
2024-05-18 17:28:38  nentDropout)                                                    
2024-05-18 17:28:38                                                                  
2024-05-18 17:28:38  dense_4 (Dense)             (None, 1000)              1001000   
2024-05-18 17:28:38                                                                  
2024-05-18 17:28:38  permanent_dropout_4 (Perma  (None, 1000)              0         
2024-05-18 17:28:38  nentDropout)                                                    
2024-05-18 17:28:38                                                                  
2024-05-18 17:28:38  dense_5 (Dense)             (None, 1000)              1001000   
2024-05-18 17:28:38                                                                  
2024-05-18 17:28:38  permanent_dropout_5 (Perma  (None, 1000)              0         
2024-05-18 17:28:38  nentDropout)                                                    
2024-05-18 17:28:38                                                                  
2024-05-18 17:28:38 =================================================================
2024-05-18 17:28:38 Total params: 3616000 (13.79 MB)
2024-05-18 17:28:38 Trainable params: 3616000 (13.79 MB)
2024-05-18 17:28:38 Non-trainable params: 0 (0.00 Byte)
2024-05-18 17:28:38 _________________________________________________________________
2024-05-18 17:28:38 Combined model:
2024-05-18 17:28:38 Model: "model"
2024-05-18 17:28:38 __________________________________________________________________________________________________
2024-05-18 17:28:38  Layer (type)                Output Shape                 Param #   Connected to                  
2024-05-18 17:28:38 ==================================================================================================
2024-05-18 17:28:38  input.cell.rnaseq (InputLa  [(None, 958)]                0         []                            
2024-05-18 17:28:38  yer)                                                                                             
2024-05-18 17:28:38                                                                                                   
2024-05-18 17:28:38  input.drug1.descriptors (I  [(None, 1613)]               0         []                            
2024-05-18 17:28:38  nputLayer)                                                                                       
2024-05-18 17:28:38                                                                                                   
2024-05-18 17:28:38  cell.rnaseq (Functional)    (None, 1000)                 2961000   ['input.cell.rnaseq[0][0]']   
2024-05-18 17:28:38                                                                                                   
2024-05-18 17:28:38  drug.descriptors (Function  (None, 1000)                 3616000   ['input.drug1.descriptors[0][0
2024-05-18 17:28:38  al)                                                                ]']                           
2024-05-18 17:28:38                                                                                                   
2024-05-18 17:28:38  concatenate (Concatenate)   (None, 2000)                 0         ['cell.rnaseq[0][0]',         
2024-05-18 17:28:38                                                                      'drug.descriptors[0][0]']    
2024-05-18 17:28:38                                                                                                   
2024-05-18 17:28:38  dense_6 (Dense)             (None, 1000)                 2001000   ['concatenate[0][0]']         
2024-05-18 17:28:38                                                                                                   
2024-05-18 17:28:38  permanent_dropout_6 (Perma  (None, 1000)                 0         ['dense_6[0][0]']             
2024-05-18 17:28:38  nentDropout)                                                                                     
2024-05-18 17:28:38                                                                                                   
2024-05-18 17:28:38  dense_7 (Dense)             (None, 1000)                 1001000   ['permanent_dropout_6[0][0]'] 
2024-05-18 17:28:38                                                                                                   
2024-05-18 17:28:38  permanent_dropout_7 (Perma  (None, 1000)                 0         ['dense_7[0][0]']             
2024-05-18 17:28:38  nentDropout)                                                                                     
2024-05-18 17:28:38                                                                                                   
2024-05-18 17:28:38  dense_8 (Dense)             (None, 1000)                 1001000   ['permanent_dropout_7[0][0]'] 
2024-05-18 17:28:38                                                                                                   
2024-05-18 17:28:38  permanent_dropout_8 (Perma  (None, 1000)                 0         ['dense_8[0][0]']             
2024-05-18 17:28:38  nentDropout)                                                                                     
2024-05-18 17:28:38                                                                                                   
2024-05-18 17:28:38  dense_9 (Dense)             (None, 1000)                 1001000   ['permanent_dropout_8[0][0]'] 
2024-05-18 17:28:38                                                                                                   
2024-05-18 17:28:38  permanent_dropout_9 (Perma  (None, 1000)                 0         ['dense_9[0][0]']             
2024-05-18 17:28:38  nentDropout)                                                                                     
2024-05-18 17:28:38                                                                                                   
2024-05-18 17:28:38  dense_10 (Dense)            (None, 1000)                 1001000   ['permanent_dropout_9[0][0]'] 
2024-05-18 17:28:38                                                                                                   
2024-05-18 17:28:38  permanent_dropout_10 (Perm  (None, 1000)                 0         ['dense_10[0][0]']            
2024-05-18 17:28:38  anentDropout)                                                                                    
2024-05-18 17:28:38                                                                                                   
2024-05-18 17:28:38  dense_11 (Dense)            (None, 1)                    1001      ['permanent_dropout_10[0][0]']
2024-05-18 17:28:38                                                                                                   
2024-05-18 17:28:38 ==================================================================================================
2024-05-18 17:28:38 Total params: 12583001 (48.00 MB)
2024-05-18 17:28:38 Trainable params: 12583001 (48.00 MB)
2024-05-18 17:28:38 Non-trainable params: 0 (0.00 Byte)
2024-05-18 17:28:38 __________________________________________________________________________________________________
2024-05-18 17:28:38 CKPT CONSTRUCT...
2024-05-18 17:28:38 CKPT CONSTRUCT OK.
2024-05-18 17:28:38 template model: <keras.src.engine.functional.Functional object at 0x145cc549c910>
2024-05-18 17:28:40 COMPILE
2024-05-18 17:28:40 Will save weights to: /dev/shm/Uno/save/8999189.amn-0001/72/0.0.model.h5
2024-05-18 17:28:57 Between random pairs in y_val:
2024-05-18 17:28:57   mse: 0.04785902
2024-05-18 17:28:57   mae: 0.16020722
2024-05-18 17:28:57   r2: -0.99377278
2024-05-18 17:28:57   corr: 0.00311361
2024-05-18 17:28:57 Data points per epoch: train = 469624, val = 117407, test = 678
2024-05-18 17:28:57 Steps per epoch: train = 14675, val = 3668, test = 21
2024-05-18 17:28:57 Epoch 0: lr=0.001
2024-05-18 17:30:11 [Epoch: 0] loss: 0.029236, mae: 0.079768, r2: -0.425712, val_loss: 0.008747, val_mae: 0.068501, val_r2: 0.593642
2024-05-18 17:30:11 Epoch 1: lr=0.00082
2024-05-18 17:31:23 [Epoch: 1] loss: 0.007990, mae: 0.063955, r2: 0.619929, val_loss: 0.007731, val_mae: 0.062745, val_r2: 0.637216
2024-05-18 17:31:23 Epoch 2: lr=0.00064
2024-05-18 17:32:35 [Epoch: 2] loss: 0.007331, mae: 0.060905, r2: 0.650223, val_loss: 0.007323, val_mae: 0.060666, val_r2: 0.654785
2024-05-18 17:32:35 Epoch 3: lr=0.00046
2024-05-18 17:33:47 [Epoch: 3] loss: 0.006881, mae: 0.058897, r2: 0.670887, val_loss: 0.006983, val_mae: 0.058493, val_r2: 0.671518
2024-05-18 17:33:48 Epoch 4: lr=0.00028
2024-05-18 17:35:00 [Epoch: 4] loss: 0.006473, mae: 0.056996, r2: 0.689795, val_loss: 0.006668, val_mae: 0.057177, val_r2: 0.686927
2024-05-18 17:35:00 Epoch 5: lr=0.0001
2024-05-18 17:36:12 [Epoch: 5] loss: 0.006143, mae: 0.055441, r2: 0.705183, val_loss: 0.006466, val_mae: 0.056661, val_r2: 0.693832
2024-05-18 17:36:12 Epoch 6: lr=0.0001
2024-05-18 17:37:24 [Epoch: 6] loss: 0.006029, mae: 0.054936, r2: 0.710366, val_loss: 0.006443, val_mae: 0.056279, val_r2: 0.694970
2024-05-18 17:37:24 Epoch 7: lr=0.0001
2024-05-18 17:38:36 [Epoch: 7] loss: 0.005952, mae: 0.054568, r2: 0.714085, val_loss: 0.006401, val_mae: 0.056665, val_r2: 0.696695
2024-05-18 17:38:36 Epoch 8: lr=0.0001
2024-05-18 17:39:48 [Epoch: 8] loss: 0.005871, mae: 0.054246, r2: 0.717697, val_loss: 0.006372, val_mae: 0.055658, val_r2: 0.697622
2024-05-18 17:39:48 Epoch 9: lr=0.0001
2024-05-18 17:41:01 [Epoch: 9] loss: 0.005816, mae: 0.053995, r2: 0.720359, val_loss: 0.006347, val_mae: 0.056133, val_r2: 0.699317
2024-05-18 17:41:01 Epoch 10: lr=0.0001
2024-05-18 17:42:13 [Epoch: 10] loss: 0.005747, mae: 0.053653, r2: 0.723416, val_loss: 0.006335, val_mae: 0.055610, val_r2: 0.700981
2024-05-18 17:42:13 Epoch 11: lr=0.0001
2024-05-18 17:43:25 [Epoch: 11] loss: 0.005685, mae: 0.053407, r2: 0.726488, val_loss: 0.006324, val_mae: 0.055354, val_r2: 0.701541
2024-05-18 17:43:25 Epoch 12: lr=0.0001
2024-05-18 17:44:37 [Epoch: 12] loss: 0.005629, mae: 0.053152, r2: 0.728965, val_loss: 0.006283, val_mae: 0.055371, val_r2: 0.701497
2024-05-18 17:44:37 Epoch 13: lr=0.0001
2024-05-18 17:45:49 [Epoch: 13] loss: 0.005570, mae: 0.052866, r2: 0.731753, val_loss: 0.006231, val_mae: 0.055249, val_r2: 0.704686
2024-05-18 17:45:49 Epoch 14: lr=0.0001
2024-05-18 17:47:02 [Epoch: 14] loss: 0.005519, mae: 0.052641, r2: 0.734020, val_loss: 0.006233, val_mae: 0.055494, val_r2: 0.705158
2024-05-18 17:47:02 Epoch 15: lr=0.0001
2024-05-18 17:48:14 [Epoch: 15] loss: 0.005463, mae: 0.052371, r2: 0.736814, val_loss: 0.006229, val_mae: 0.054960, val_r2: 0.705569
2024-05-18 17:48:14 Epoch 16: lr=0.0001
2024-05-18 17:49:26 [Epoch: 16] loss: 0.005423, mae: 0.052182, r2: 0.738482, val_loss: 0.006211, val_mae: 0.055410, val_r2: 0.706548
2024-05-18 17:49:26 Epoch 17: lr=0.0001
2024-05-18 17:50:38 [Epoch: 17] loss: 0.005378, mae: 0.051952, r2: 0.740704, val_loss: 0.006201, val_mae: 0.055127, val_r2: 0.705964
2024-05-18 17:50:38 Epoch 18: lr=0.0001
2024-05-18 17:51:50 [Epoch: 18] loss: 0.005325, mae: 0.051752, r2: 0.743181, val_loss: 0.006196, val_mae: 0.055135, val_r2: 0.706131
2024-05-18 17:51:50 Epoch 19: lr=5e-05
2024-05-18 17:53:02 [Epoch: 19] loss: 0.005204, mae: 0.051160, r2: 0.748802, val_loss: 0.006154, val_mae: 0.055151, val_r2: 0.708247
2024-05-18 17:53:02 Epoch 20: lr=5e-05
2024-05-18 17:54:15 [Epoch: 20] loss: 0.005159, mae: 0.050945, r2: 0.750873, val_loss: 0.006158, val_mae: 0.054726, val_r2: 0.708352
2024-05-18 17:54:15 Epoch 21: lr=5e-05
2024-05-18 17:55:27 [Epoch: 21] loss: 0.005131, mae: 0.050793, r2: 0.752206, val_loss: 0.006168, val_mae: 0.054515, val_r2: 0.707268
2024-05-18 17:55:27 Epoch 22: lr=5e-05
2024-05-18 17:56:39 [Epoch: 22] loss: 0.005112, mae: 0.050715, r2: 0.753146, val_loss: 0.006221, val_mae: 0.054446, val_r2: 0.704502
2024-05-18 17:56:39 Epoch 23: lr=5e-05
2024-05-18 17:57:51 [Epoch: 23] loss: 0.005085, mae: 0.050599, r2: 0.754212, val_loss: 0.006166, val_mae: 0.054722, val_r2: 0.707308
2024-05-18 17:57:51 Epoch 24: lr=2.5e-05
2024-05-18 17:59:03 [Epoch: 24] loss: 0.005021, mae: 0.050316, r2: 0.757226, val_loss: 0.006150, val_mae: 0.054556, val_r2: 0.708104
2024-05-18 17:59:03 Epoch 25: lr=2.5e-05
2024-05-18 18:00:15 [Epoch: 25] loss: 0.004999, mae: 0.050172, r2: 0.758555, val_loss: 0.006156, val_mae: 0.054766, val_r2: 0.707613
2024-05-18 18:00:16 Epoch 26: lr=2.5e-05
2024-05-18 18:01:28 [Epoch: 26] loss: 0.004981, mae: 0.050124, r2: 0.758940, val_loss: 0.006131, val_mae: 0.054719, val_r2: 0.709710
2024-05-18 18:01:28 Epoch 27: lr=2.5e-05
2024-05-18 18:02:40 [Epoch: 27] loss: 0.004976, mae: 0.050049, r2: 0.759418, val_loss: 0.006154, val_mae: 0.054498, val_r2: 0.707551
2024-05-18 18:02:40 Epoch 28: lr=2.5e-05
2024-05-18 18:03:52 [Epoch: 28] loss: 0.004961, mae: 0.049958, r2: 0.760239, val_loss: 0.006138, val_mae: 0.054408, val_r2: 0.708596
2024-05-18 18:03:52 Epoch 29: lr=2.5e-05
2024-05-18 18:05:04 [Epoch: 29] loss: 0.004938, mae: 0.049903, r2: 0.761150, val_loss: 0.006133, val_mae: 0.054404, val_r2: 0.709021
2024-05-18 18:05:04 Epoch 30: lr=2.5e-05
2024-05-18 18:06:16 [Epoch: 30] loss: 0.004929, mae: 0.049826, r2: 0.761667, val_loss: 0.006116, val_mae: 0.054638, val_r2: 0.709993
2024-05-18 18:06:16 Epoch 31: lr=2.5e-05
2024-05-18 18:07:29 [Epoch: 31] loss: 0.004923, mae: 0.049837, r2: 0.761847, val_loss: 0.006145, val_mae: 0.054618, val_r2: 0.708387
2024-05-18 18:07:29 Epoch 32: lr=1.25e-05
2024-05-18 18:08:41 [Epoch: 32] loss: 0.004889, mae: 0.049660, r2: 0.763529, val_loss: 0.006135, val_mae: 0.054476, val_r2: 0.708993
2024-05-18 18:08:41 Epoch 33: lr=1.25e-05
2024-05-18 18:09:53 [Epoch: 33] loss: 0.004875, mae: 0.049583, r2: 0.764114, val_loss: 0.006161, val_mae: 0.054629, val_r2: 0.708050
2024-05-18 18:09:53 Epoch 34: lr=1.25e-05
2024-05-18 18:11:05 [Epoch: 34] loss: 0.004871, mae: 0.049559, r2: 0.764207, val_loss: 0.006128, val_mae: 0.054450, val_r2: 0.709290
2024-05-18 18:11:05 Epoch 35: lr=1.25e-05
2024-05-18 18:12:17 [Epoch: 35] loss: 0.004861, mae: 0.049518, r2: 0.764722, val_loss: 0.006143, val_mae: 0.054331, val_r2: 0.708605
2024-05-18 18:12:17 Epoch 36: lr=1.25e-05
2024-05-18 18:13:29 [Epoch: 36] loss: 0.004855, mae: 0.049474, r2: 0.765020, val_loss: 0.006169, val_mae: 0.054438, val_r2: 0.707540
2024-05-18 18:13:29 Epoch 37: lr=1e-05
2024-05-18 18:14:41 [Epoch: 37] loss: 0.004846, mae: 0.049455, r2: 0.765459, val_loss: 0.006143, val_mae: 0.054478, val_r2: 0.708230
2024-05-18 18:14:41 Epoch 38: lr=1e-05
2024-05-18 18:15:53 [Epoch: 38] loss: 0.004838, mae: 0.049423, r2: 0.765903, val_loss: 0.006180, val_mae: 0.054434, val_r2: 0.707110
2024-05-18 18:15:53 Epoch 39: lr=1e-05
2024-05-18 18:17:05 [Epoch: 39] loss: 0.004833, mae: 0.049382, r2: 0.766191, val_loss: 0.006177, val_mae: 0.054641, val_r2: 0.707154
2024-05-18 18:17:05 Epoch 40: lr=1e-05
2024-05-18 18:18:17 [Epoch: 40] loss: 0.004832, mae: 0.049358, r2: 0.766055, val_loss: 0.006126, val_mae: 0.054418, val_r2: 0.708920
2024-05-18 18:18:17 history_length: 41
2024-05-18 18:18:17 stopping: early
2024-05-18 18:18:17 Comparing y_true and y_pred:
2024-05-18 18:18:17   mse: 0.00185576
2024-05-18 18:18:17   mae: 0.03256034
2024-05-18 18:18:17   r2: 0.40083359
2024-05-18 18:18:17   corr: 0.64226220
