2024-05-22 13:29:36 UNO RUN ...
2024-05-22 13:29:36 Params: {'model_name': 'uno', 'train_sources': ['CCLE'], 'test_sources': ['train'], 'cell_types': None, 'cell_features': ['rnaseq'], 'drug_features': ['descriptors'], 'dense': [1000, 1000, 1000, 1000, 1000], 'dense_feature_layers': [1000, 1000, 1000], 'activation': 'relu', 'loss': 'mse', 'optimizer': 'adamax', 'scaling': 'std', 'dropout': 0.1, 'epochs': 50, 'batch_size': 32, 'val_split': 0.2, 'cv': 1, 'max_val_loss': 1.0, 'learning_rate': 0.0001, 'base_lr': None, 'agg_dose': 'AUC', 'residual': False, 'reduce_lr': True, 'warmup_lr': True, 'batch_normalization': False, 'feature_subsample': 0, 'rng_seed': 2018, 'no_gen': False, 'verbose': False, 'preprocess_rnaseq': 'source_scale', 'gpus': [0], 'use_landmark_genes': True, 'no_feature_source': True, 'no_response_source': True, 'save_path': '/dev/shm/Uno/save/9000732.amn-0001/1', 'single': True, 'on_memory_loader': True, 'ckpt_checksum': True, 'ckpt_save_interval': 0, 'timeout': -1, 'train_bool': True, 'profiling': False, 'experiment_id': '9000732.amn-0001', 'run_id': '1', 'logfile': '/dev/shm/Uno/save/9000732.amn-0001/1/python.log', 'shuffle': False, 'ckpt_restart_mode': 'off', 'ckpt_skip_epochs': 0, 'ckpt_directory': '/dev/shm/Uno/save/9000732.amn-0001/1', 'ckpt_save_best': True, 'ckpt_save_best_metric': 'val_loss', 'ckpt_save_weights_only': False, 'ckpt_keep_mode': 'linear', 'ckpt_keep_limit': 5, 'by_cell': None, 'by_drug': None, 'cell_subset_path': '', 'drug_subset_path': '', 'drug_median_response_min': -1, 'drug_median_response_max': 1, 'dense_cell_feature_layers': None, 'dense_drug_feature_layers': None, 'use_filtered_genes': False, 'feature_subset_path': '', 'cell_feature_subset_path': '', 'drug_feature_subset_path': '', 'es': True, 'cp': False, 'tb': False, 'tb_prefix': 'tb', 'partition_by': None, 'cache': None, 'export_csv': None, 'export_data': None, 'use_exported_data': '/dev/shm/Uno/x1921c2s2b0n0.1.merged.landmark.h5', 'growth_bins': 0, 'initial_weights': None, 'save_weights': '/dev/shm/Uno/save/9000732.amn-0001/1/0.1.model.h5', 'config_file': '/home/brettin/CSC249ADOA01_CNDA/brettin/Benchmarks/Pilot1/Uno/uno_auc_model.txt', 'data_type': <class 'numpy.float32'>, 'data_dir': '/dev/shm/Uno/uno/Data', 'output_dir': '/dev/shm/Uno/uno/Output/9000732.amn-0001/1'}
2024-05-22 13:29:36 Feature encoding submodel for cell.rnaseq:
2024-05-22 13:29:36 Model: "cell.rnaseq"
2024-05-22 13:29:36 _________________________________________________________________
2024-05-22 13:29:36  Layer (type)                Output Shape              Param #   
2024-05-22 13:29:36 =================================================================
2024-05-22 13:29:36  input_1 (InputLayer)        [(None, 958)]             0         
2024-05-22 13:29:36                                                                  
2024-05-22 13:29:36  dense (Dense)               (None, 1000)              959000    
2024-05-22 13:29:36                                                                  
2024-05-22 13:29:36  permanent_dropout (Permane  (None, 1000)              0         
2024-05-22 13:29:36  ntDropout)                                                      
2024-05-22 13:29:36                                                                  
2024-05-22 13:29:36  dense_1 (Dense)             (None, 1000)              1001000   
2024-05-22 13:29:36                                                                  
2024-05-22 13:29:36  permanent_dropout_1 (Perma  (None, 1000)              0         
2024-05-22 13:29:36  nentDropout)                                                    
2024-05-22 13:29:36                                                                  
2024-05-22 13:29:36  dense_2 (Dense)             (None, 1000)              1001000   
2024-05-22 13:29:36                                                                  
2024-05-22 13:29:36  permanent_dropout_2 (Perma  (None, 1000)              0         
2024-05-22 13:29:36  nentDropout)                                                    
2024-05-22 13:29:36                                                                  
2024-05-22 13:29:36 =================================================================
2024-05-22 13:29:36 Total params: 2961000 (11.30 MB)
2024-05-22 13:29:36 Trainable params: 2961000 (11.30 MB)
2024-05-22 13:29:36 Non-trainable params: 0 (0.00 Byte)
2024-05-22 13:29:36 _________________________________________________________________
2024-05-22 13:29:36 Feature encoding submodel for drug.descriptors:
2024-05-22 13:29:36 Model: "drug.descriptors"
2024-05-22 13:29:36 _________________________________________________________________
2024-05-22 13:29:36  Layer (type)                Output Shape              Param #   
2024-05-22 13:29:36 =================================================================
2024-05-22 13:29:36  input_2 (InputLayer)        [(None, 1613)]            0         
2024-05-22 13:29:36                                                                  
2024-05-22 13:29:36  dense_3 (Dense)             (None, 1000)              1614000   
2024-05-22 13:29:36                                                                  
2024-05-22 13:29:36  permanent_dropout_3 (Perma  (None, 1000)              0         
2024-05-22 13:29:36  nentDropout)                                                    
2024-05-22 13:29:36                                                                  
2024-05-22 13:29:36  dense_4 (Dense)             (None, 1000)              1001000   
2024-05-22 13:29:36                                                                  
2024-05-22 13:29:36  permanent_dropout_4 (Perma  (None, 1000)              0         
2024-05-22 13:29:36  nentDropout)                                                    
2024-05-22 13:29:36                                                                  
2024-05-22 13:29:36  dense_5 (Dense)             (None, 1000)              1001000   
2024-05-22 13:29:36                                                                  
2024-05-22 13:29:36  permanent_dropout_5 (Perma  (None, 1000)              0         
2024-05-22 13:29:36  nentDropout)                                                    
2024-05-22 13:29:36                                                                  
2024-05-22 13:29:36 =================================================================
2024-05-22 13:29:36 Total params: 3616000 (13.79 MB)
2024-05-22 13:29:36 Trainable params: 3616000 (13.79 MB)
2024-05-22 13:29:36 Non-trainable params: 0 (0.00 Byte)
2024-05-22 13:29:36 _________________________________________________________________
2024-05-22 13:29:36 Combined model:
2024-05-22 13:29:36 Model: "model"
2024-05-22 13:29:36 __________________________________________________________________________________________________
2024-05-22 13:29:36  Layer (type)                Output Shape                 Param #   Connected to                  
2024-05-22 13:29:36 ==================================================================================================
2024-05-22 13:29:36  input.cell.rnaseq (InputLa  [(None, 958)]                0         []                            
2024-05-22 13:29:36  yer)                                                                                             
2024-05-22 13:29:36                                                                                                   
2024-05-22 13:29:36  input.drug1.descriptors (I  [(None, 1613)]               0         []                            
2024-05-22 13:29:36  nputLayer)                                                                                       
2024-05-22 13:29:36                                                                                                   
2024-05-22 13:29:36  cell.rnaseq (Functional)    (None, 1000)                 2961000   ['input.cell.rnaseq[0][0]']   
2024-05-22 13:29:36                                                                                                   
2024-05-22 13:29:36  drug.descriptors (Function  (None, 1000)                 3616000   ['input.drug1.descriptors[0][0
2024-05-22 13:29:36  al)                                                                ]']                           
2024-05-22 13:29:36                                                                                                   
2024-05-22 13:29:36  concatenate (Concatenate)   (None, 2000)                 0         ['cell.rnaseq[0][0]',         
2024-05-22 13:29:36                                                                      'drug.descriptors[0][0]']    
2024-05-22 13:29:36                                                                                                   
2024-05-22 13:29:36  dense_6 (Dense)             (None, 1000)                 2001000   ['concatenate[0][0]']         
2024-05-22 13:29:36                                                                                                   
2024-05-22 13:29:36  permanent_dropout_6 (Perma  (None, 1000)                 0         ['dense_6[0][0]']             
2024-05-22 13:29:36  nentDropout)                                                                                     
2024-05-22 13:29:36                                                                                                   
2024-05-22 13:29:36  dense_7 (Dense)             (None, 1000)                 1001000   ['permanent_dropout_6[0][0]'] 
2024-05-22 13:29:36                                                                                                   
2024-05-22 13:29:36  permanent_dropout_7 (Perma  (None, 1000)                 0         ['dense_7[0][0]']             
2024-05-22 13:29:36  nentDropout)                                                                                     
2024-05-22 13:29:36                                                                                                   
2024-05-22 13:29:36  dense_8 (Dense)             (None, 1000)                 1001000   ['permanent_dropout_7[0][0]'] 
2024-05-22 13:29:36                                                                                                   
2024-05-22 13:29:36  permanent_dropout_8 (Perma  (None, 1000)                 0         ['dense_8[0][0]']             
2024-05-22 13:29:36  nentDropout)                                                                                     
2024-05-22 13:29:36                                                                                                   
2024-05-22 13:29:36  dense_9 (Dense)             (None, 1000)                 1001000   ['permanent_dropout_8[0][0]'] 
2024-05-22 13:29:36                                                                                                   
2024-05-22 13:29:36  permanent_dropout_9 (Perma  (None, 1000)                 0         ['dense_9[0][0]']             
2024-05-22 13:29:36  nentDropout)                                                                                     
2024-05-22 13:29:36                                                                                                   
2024-05-22 13:29:36  dense_10 (Dense)            (None, 1000)                 1001000   ['permanent_dropout_9[0][0]'] 
2024-05-22 13:29:36                                                                                                   
2024-05-22 13:29:36  permanent_dropout_10 (Perm  (None, 1000)                 0         ['dense_10[0][0]']            
2024-05-22 13:29:36  anentDropout)                                                                                    
2024-05-22 13:29:36                                                                                                   
2024-05-22 13:29:36  dense_11 (Dense)            (None, 1)                    1001      ['permanent_dropout_10[0][0]']
2024-05-22 13:29:36                                                                                                   
2024-05-22 13:29:36 ==================================================================================================
2024-05-22 13:29:36 Total params: 12583001 (48.00 MB)
2024-05-22 13:29:36 Trainable params: 12583001 (48.00 MB)
2024-05-22 13:29:36 Non-trainable params: 0 (0.00 Byte)
2024-05-22 13:29:36 __________________________________________________________________________________________________
2024-05-22 13:29:36 CKPT CONSTRUCT...
2024-05-22 13:29:36 CKPT CONSTRUCT OK.
2024-05-22 13:29:36 template model: <keras.src.engine.functional.Functional object at 0x152cd51337c0>
2024-05-22 13:29:38 COMPILE
2024-05-22 13:29:38 Will save weights to: /dev/shm/Uno/save/9000732.amn-0001/1/0.1.model.h5
2024-05-22 13:29:55 Between random pairs in y_val:
2024-05-22 13:29:55   mse: 0.04756762
2024-05-22 13:29:55   mae: 0.15966881
2024-05-22 13:29:55   r2: -1.00866861
2024-05-22 13:29:55   corr: -0.00433430
2024-05-22 13:29:55 Data points per epoch: train = 468886, val = 117222, test = 1601
2024-05-22 13:29:55 Steps per epoch: train = 14652, val = 3663, test = 50
2024-05-22 13:29:55 Epoch 0: lr=0.001
2024-05-22 13:31:07 [Epoch: 0] loss: 0.026825, mae: 0.079497, r2: -0.442416, val_loss: 0.008615, val_mae: 0.065701, val_r2: 0.592872
2024-05-22 13:31:07 Epoch 1: lr=0.00082
2024-05-22 13:32:18 [Epoch: 1] loss: 0.007982, mae: 0.063906, r2: 0.621289, val_loss: 0.007883, val_mae: 0.062500, val_r2: 0.628033
2024-05-22 13:32:18 Epoch 2: lr=0.00064
2024-05-22 13:33:29 [Epoch: 2] loss: 0.007317, mae: 0.060834, r2: 0.652189, val_loss: 0.007235, val_mae: 0.061489, val_r2: 0.655144
2024-05-22 13:33:29 Epoch 3: lr=0.00046
2024-05-22 13:34:40 [Epoch: 3] loss: 0.006830, mae: 0.058641, r2: 0.674377, val_loss: 0.006937, val_mae: 0.060157, val_r2: 0.666058
2024-05-22 13:34:40 Epoch 4: lr=0.00028
2024-05-22 13:35:51 [Epoch: 4] loss: 0.006413, mae: 0.056750, r2: 0.693472, val_loss: 0.006572, val_mae: 0.056924, val_r2: 0.685199
2024-05-22 13:35:51 Epoch 5: lr=0.0001
2024-05-22 13:37:01 [Epoch: 5] loss: 0.006089, mae: 0.055204, r2: 0.708596, val_loss: 0.006425, val_mae: 0.056607, val_r2: 0.691035
2024-05-22 13:37:01 Epoch 6: lr=0.0001
2024-05-22 13:38:12 [Epoch: 6] loss: 0.005983, mae: 0.054750, r2: 0.713468, val_loss: 0.006357, val_mae: 0.056077, val_r2: 0.694830
2024-05-22 13:38:12 Epoch 7: lr=0.0001
2024-05-22 13:39:23 [Epoch: 7] loss: 0.005905, mae: 0.054333, r2: 0.717106, val_loss: 0.006319, val_mae: 0.056096, val_r2: 0.697235
2024-05-22 13:39:23 Epoch 8: lr=0.0001
2024-05-22 13:40:34 [Epoch: 8] loss: 0.005831, mae: 0.054042, r2: 0.720313, val_loss: 0.006314, val_mae: 0.056018, val_r2: 0.697428
2024-05-22 13:40:34 Epoch 9: lr=0.0001
2024-05-22 13:41:44 [Epoch: 9] loss: 0.005759, mae: 0.053667, r2: 0.723621, val_loss: 0.006298, val_mae: 0.056203, val_r2: 0.696856
2024-05-22 13:41:44 Epoch 10: lr=0.0001
2024-05-22 13:42:55 [Epoch: 10] loss: 0.005697, mae: 0.053423, r2: 0.726673, val_loss: 0.006242, val_mae: 0.055650, val_r2: 0.700449
2024-05-22 13:42:55 Epoch 11: lr=0.0001
2024-05-22 13:44:06 [Epoch: 11] loss: 0.005640, mae: 0.053151, r2: 0.729264, val_loss: 0.006242, val_mae: 0.055408, val_r2: 0.699637
2024-05-22 13:44:06 Epoch 12: lr=0.0001
2024-05-22 13:45:17 [Epoch: 12] loss: 0.005595, mae: 0.052930, r2: 0.731398, val_loss: 0.006211, val_mae: 0.055296, val_r2: 0.702743
2024-05-22 13:45:17 Epoch 13: lr=0.0001
2024-05-22 13:46:28 [Epoch: 13] loss: 0.005543, mae: 0.052749, r2: 0.733768, val_loss: 0.006197, val_mae: 0.055305, val_r2: 0.702997
2024-05-22 13:46:28 Epoch 14: lr=0.0001
2024-05-22 13:47:38 [Epoch: 14] loss: 0.005472, mae: 0.052379, r2: 0.737134, val_loss: 0.006178, val_mae: 0.055816, val_r2: 0.703938
2024-05-22 13:47:39 Epoch 15: lr=0.0001
2024-05-22 13:48:49 [Epoch: 15] loss: 0.005425, mae: 0.052170, r2: 0.739306, val_loss: 0.006135, val_mae: 0.055159, val_r2: 0.706052
2024-05-22 13:48:49 Epoch 16: lr=0.0001
2024-05-22 13:50:00 [Epoch: 16] loss: 0.005377, mae: 0.051950, r2: 0.741883, val_loss: 0.006123, val_mae: 0.054649, val_r2: 0.707119
2024-05-22 13:50:00 Epoch 17: lr=0.0001
2024-05-22 13:51:10 [Epoch: 17] loss: 0.005335, mae: 0.051737, r2: 0.743629, val_loss: 0.006122, val_mae: 0.054683, val_r2: 0.705723
2024-05-22 13:51:11 Epoch 18: lr=5e-05
2024-05-22 13:52:21 [Epoch: 18] loss: 0.005215, mae: 0.051155, r2: 0.749063, val_loss: 0.006104, val_mae: 0.054836, val_r2: 0.706063
2024-05-22 13:52:21 Epoch 19: lr=5e-05
2024-05-22 13:53:32 [Epoch: 19] loss: 0.005171, mae: 0.050949, r2: 0.751074, val_loss: 0.006107, val_mae: 0.055145, val_r2: 0.706770
2024-05-22 13:53:32 Epoch 20: lr=5e-05
2024-05-22 13:54:42 [Epoch: 20] loss: 0.005156, mae: 0.050871, r2: 0.751911, val_loss: 0.006052, val_mae: 0.054757, val_r2: 0.709463
2024-05-22 13:54:43 Epoch 21: lr=5e-05
2024-05-22 13:55:53 [Epoch: 21] loss: 0.005118, mae: 0.050706, r2: 0.753884, val_loss: 0.006092, val_mae: 0.054441, val_r2: 0.707602
2024-05-22 13:55:53 Epoch 22: lr=5e-05
2024-05-22 13:57:04 [Epoch: 22] loss: 0.005082, mae: 0.050558, r2: 0.755305, val_loss: 0.006077, val_mae: 0.054534, val_r2: 0.708334
2024-05-22 13:57:04 Epoch 23: lr=5e-05
2024-05-22 13:58:15 [Epoch: 23] loss: 0.005058, mae: 0.050457, r2: 0.756252, val_loss: 0.006084, val_mae: 0.054496, val_r2: 0.707617
2024-05-22 13:58:15 Epoch 24: lr=2.5e-05
2024-05-22 13:59:26 [Epoch: 24] loss: 0.004997, mae: 0.050126, r2: 0.759342, val_loss: 0.006068, val_mae: 0.054489, val_r2: 0.708022
2024-05-22 13:59:26 Epoch 25: lr=2.5e-05
2024-05-22 14:00:37 [Epoch: 25] loss: 0.004967, mae: 0.049964, r2: 0.760646, val_loss: 0.006076, val_mae: 0.054425, val_r2: 0.707931
2024-05-22 14:00:37 Epoch 26: lr=2.5e-05
2024-05-22 14:01:47 [Epoch: 26] loss: 0.004963, mae: 0.049980, r2: 0.760732, val_loss: 0.006076, val_mae: 0.054480, val_r2: 0.708029
2024-05-22 14:01:48 Epoch 27: lr=2.5e-05
2024-05-22 14:02:58 [Epoch: 27] loss: 0.004958, mae: 0.049931, r2: 0.761107, val_loss: 0.006083, val_mae: 0.054470, val_r2: 0.707147
2024-05-22 14:02:58 Epoch 28: lr=2.5e-05
2024-05-22 14:04:09 [Epoch: 28] loss: 0.004933, mae: 0.049858, r2: 0.762243, val_loss: 0.006083, val_mae: 0.054447, val_r2: 0.707437
2024-05-22 14:04:09 Epoch 29: lr=1.25e-05
2024-05-22 14:05:19 [Epoch: 29] loss: 0.004901, mae: 0.049699, r2: 0.763866, val_loss: 0.006046, val_mae: 0.054299, val_r2: 0.709640
2024-05-22 14:05:19 Epoch 30: lr=1.25e-05
2024-05-22 14:06:30 [Epoch: 30] loss: 0.004890, mae: 0.049634, r2: 0.764384, val_loss: 0.006059, val_mae: 0.054405, val_r2: 0.708409
2024-05-22 14:06:30 Epoch 31: lr=1.25e-05
2024-05-22 14:07:41 [Epoch: 31] loss: 0.004881, mae: 0.049577, r2: 0.764743, val_loss: 0.006087, val_mae: 0.054489, val_r2: 0.707718
2024-05-22 14:07:41 Epoch 32: lr=1.25e-05
2024-05-22 14:08:51 [Epoch: 32] loss: 0.004875, mae: 0.049565, r2: 0.765118, val_loss: 0.006073, val_mae: 0.054302, val_r2: 0.707936
2024-05-22 14:08:52 Epoch 33: lr=1.25e-05
2024-05-22 14:10:02 [Epoch: 33] loss: 0.004872, mae: 0.049531, r2: 0.765113, val_loss: 0.006072, val_mae: 0.054340, val_r2: 0.707670
2024-05-22 14:10:02 Epoch 34: lr=1e-05
2024-05-22 14:11:13 [Epoch: 34] loss: 0.004860, mae: 0.049490, r2: 0.765606, val_loss: 0.006056, val_mae: 0.054236, val_r2: 0.709246
2024-05-22 14:11:13 Epoch 35: lr=1e-05
2024-05-22 14:12:24 [Epoch: 35] loss: 0.004847, mae: 0.049415, r2: 0.766260, val_loss: 0.006076, val_mae: 0.054422, val_r2: 0.708272
2024-05-22 14:12:24 Epoch 36: lr=1e-05
2024-05-22 14:13:34 [Epoch: 36] loss: 0.004846, mae: 0.049414, r2: 0.766512, val_loss: 0.006075, val_mae: 0.054259, val_r2: 0.708436
2024-05-22 14:13:35 Epoch 37: lr=1e-05
2024-05-22 14:14:45 [Epoch: 37] loss: 0.004842, mae: 0.049418, r2: 0.766387, val_loss: 0.006053, val_mae: 0.054246, val_r2: 0.709068
2024-05-22 14:14:45 Epoch 38: lr=1e-05
2024-05-22 14:15:56 [Epoch: 38] loss: 0.004835, mae: 0.049359, r2: 0.766838, val_loss: 0.006057, val_mae: 0.054361, val_r2: 0.708498
2024-05-22 14:15:56 Epoch 39: lr=1e-05
2024-05-22 14:17:06 [Epoch: 39] loss: 0.004826, mae: 0.049314, r2: 0.767351, val_loss: 0.006081, val_mae: 0.054114, val_r2: 0.707785
2024-05-22 14:17:06 history_length: 40
2024-05-22 14:17:06 stopping: early
2024-05-22 14:17:06 Comparing y_true and y_pred:
2024-05-22 14:17:06   mse: 0.01677068
2024-05-22 14:17:06   mae: 0.10361633
2024-05-22 14:17:06   r2: 0.08357025
2024-05-22 14:17:06   corr: 0.58705642
