2024-05-18 17:28:38 UNO RUN ...
2024-05-18 17:28:38 Params: {'model_name': 'uno', 'train_sources': ['CCLE'], 'test_sources': ['train'], 'cell_types': None, 'cell_features': ['rnaseq'], 'drug_features': ['descriptors'], 'dense': [1000, 1000, 1000, 1000, 1000], 'dense_feature_layers': [1000, 1000, 1000], 'activation': 'relu', 'loss': 'mse', 'optimizer': 'adamax', 'scaling': 'std', 'dropout': 0.1, 'epochs': 75, 'batch_size': 32, 'val_split': 0.2, 'cv': 1, 'max_val_loss': 1.0, 'learning_rate': 0.0001, 'base_lr': None, 'agg_dose': 'AUC', 'residual': False, 'reduce_lr': True, 'warmup_lr': True, 'batch_normalization': False, 'feature_subsample': 0, 'rng_seed': 2018, 'no_gen': False, 'verbose': False, 'preprocess_rnaseq': 'source_scale', 'gpus': [0], 'use_landmark_genes': True, 'no_feature_source': True, 'no_response_source': True, 'save_path': '/dev/shm/Uno/save/8999189.amn-0001/112', 'single': True, 'on_memory_loader': True, 'ckpt_checksum': True, 'ckpt_save_interval': 0, 'timeout': -1, 'train_bool': True, 'profiling': False, 'experiment_id': '8999189.amn-0001', 'run_id': '112', 'logfile': '/dev/shm/Uno/save/8999189.amn-0001/112/python.log', 'shuffle': False, 'ckpt_restart_mode': 'off', 'ckpt_skip_epochs': 0, 'ckpt_directory': '/dev/shm/Uno/save/8999189.amn-0001/112', 'ckpt_save_best': True, 'ckpt_save_best_metric': 'val_loss', 'ckpt_save_weights_only': False, 'ckpt_keep_mode': 'linear', 'ckpt_keep_limit': 5, 'by_cell': None, 'by_drug': None, 'cell_subset_path': '', 'drug_subset_path': '', 'drug_median_response_min': -1, 'drug_median_response_max': 1, 'dense_cell_feature_layers': None, 'dense_drug_feature_layers': None, 'use_filtered_genes': False, 'feature_subset_path': '', 'cell_feature_subset_path': '', 'drug_feature_subset_path': '', 'es': True, 'cp': False, 'tb': False, 'tb_prefix': 'tb', 'partition_by': None, 'cache': None, 'export_csv': None, 'export_data': None, 'use_exported_data': '/dev/shm/Uno/x1922c6s1b0n0.112.merged.landmark.h5', 'growth_bins': 0, 'initial_weights': None, 'save_weights': '/dev/shm/Uno/save/8999189.amn-0001/112/2.0.model.h5', 'config_file': '/home/brettin/CSC249ADOA01_CNDA/brettin/Benchmarks/Pilot1/Uno/uno_auc_model.txt', 'data_type': <class 'numpy.float32'>, 'data_dir': '/dev/shm/Uno/uno/Data', 'output_dir': '/dev/shm/Uno/uno/Output/8999189.amn-0001/112'}
2024-05-18 17:28:38 Feature encoding submodel for cell.rnaseq:
2024-05-18 17:28:38 Model: "cell.rnaseq"
2024-05-18 17:28:38 _________________________________________________________________
2024-05-18 17:28:38  Layer (type)                Output Shape              Param #   
2024-05-18 17:28:38 =================================================================
2024-05-18 17:28:38  input_1 (InputLayer)        [(None, 958)]             0         
2024-05-18 17:28:38                                                                  
2024-05-18 17:28:38  dense (Dense)               (None, 1000)              959000    
2024-05-18 17:28:38                                                                  
2024-05-18 17:28:38  permanent_dropout (Permane  (None, 1000)              0         
2024-05-18 17:28:38  ntDropout)                                                      
2024-05-18 17:28:38                                                                  
2024-05-18 17:28:38  dense_1 (Dense)             (None, 1000)              1001000   
2024-05-18 17:28:38                                                                  
2024-05-18 17:28:38  permanent_dropout_1 (Perma  (None, 1000)              0         
2024-05-18 17:28:38  nentDropout)                                                    
2024-05-18 17:28:38                                                                  
2024-05-18 17:28:38  dense_2 (Dense)             (None, 1000)              1001000   
2024-05-18 17:28:38                                                                  
2024-05-18 17:28:38  permanent_dropout_2 (Perma  (None, 1000)              0         
2024-05-18 17:28:38  nentDropout)                                                    
2024-05-18 17:28:38                                                                  
2024-05-18 17:28:38 =================================================================
2024-05-18 17:28:38 Total params: 2961000 (11.30 MB)
2024-05-18 17:28:38 Trainable params: 2961000 (11.30 MB)
2024-05-18 17:28:38 Non-trainable params: 0 (0.00 Byte)
2024-05-18 17:28:38 _________________________________________________________________
2024-05-18 17:28:38 Feature encoding submodel for drug.descriptors:
2024-05-18 17:28:38 Model: "drug.descriptors"
2024-05-18 17:28:38 _________________________________________________________________
2024-05-18 17:28:38  Layer (type)                Output Shape              Param #   
2024-05-18 17:28:38 =================================================================
2024-05-18 17:28:38  input_2 (InputLayer)        [(None, 1613)]            0         
2024-05-18 17:28:38                                                                  
2024-05-18 17:28:38  dense_3 (Dense)             (None, 1000)              1614000   
2024-05-18 17:28:38                                                                  
2024-05-18 17:28:38  permanent_dropout_3 (Perma  (None, 1000)              0         
2024-05-18 17:28:38  nentDropout)                                                    
2024-05-18 17:28:38                                                                  
2024-05-18 17:28:38  dense_4 (Dense)             (None, 1000)              1001000   
2024-05-18 17:28:38                                                                  
2024-05-18 17:28:38  permanent_dropout_4 (Perma  (None, 1000)              0         
2024-05-18 17:28:38  nentDropout)                                                    
2024-05-18 17:28:38                                                                  
2024-05-18 17:28:38  dense_5 (Dense)             (None, 1000)              1001000   
2024-05-18 17:28:38                                                                  
2024-05-18 17:28:38  permanent_dropout_5 (Perma  (None, 1000)              0         
2024-05-18 17:28:38  nentDropout)                                                    
2024-05-18 17:28:38                                                                  
2024-05-18 17:28:38 =================================================================
2024-05-18 17:28:38 Total params: 3616000 (13.79 MB)
2024-05-18 17:28:38 Trainable params: 3616000 (13.79 MB)
2024-05-18 17:28:38 Non-trainable params: 0 (0.00 Byte)
2024-05-18 17:28:38 _________________________________________________________________
2024-05-18 17:28:38 Combined model:
2024-05-18 17:28:38 Model: "model"
2024-05-18 17:28:38 __________________________________________________________________________________________________
2024-05-18 17:28:38  Layer (type)                Output Shape                 Param #   Connected to                  
2024-05-18 17:28:38 ==================================================================================================
2024-05-18 17:28:38  input.cell.rnaseq (InputLa  [(None, 958)]                0         []                            
2024-05-18 17:28:38  yer)                                                                                             
2024-05-18 17:28:38                                                                                                   
2024-05-18 17:28:38  input.drug1.descriptors (I  [(None, 1613)]               0         []                            
2024-05-18 17:28:38  nputLayer)                                                                                       
2024-05-18 17:28:38                                                                                                   
2024-05-18 17:28:38  cell.rnaseq (Functional)    (None, 1000)                 2961000   ['input.cell.rnaseq[0][0]']   
2024-05-18 17:28:38                                                                                                   
2024-05-18 17:28:38  drug.descriptors (Function  (None, 1000)                 3616000   ['input.drug1.descriptors[0][0
2024-05-18 17:28:38  al)                                                                ]']                           
2024-05-18 17:28:38                                                                                                   
2024-05-18 17:28:38  concatenate (Concatenate)   (None, 2000)                 0         ['cell.rnaseq[0][0]',         
2024-05-18 17:28:38                                                                      'drug.descriptors[0][0]']    
2024-05-18 17:28:38                                                                                                   
2024-05-18 17:28:38  dense_6 (Dense)             (None, 1000)                 2001000   ['concatenate[0][0]']         
2024-05-18 17:28:38                                                                                                   
2024-05-18 17:28:38  permanent_dropout_6 (Perma  (None, 1000)                 0         ['dense_6[0][0]']             
2024-05-18 17:28:38  nentDropout)                                                                                     
2024-05-18 17:28:38                                                                                                   
2024-05-18 17:28:38  dense_7 (Dense)             (None, 1000)                 1001000   ['permanent_dropout_6[0][0]'] 
2024-05-18 17:28:38                                                                                                   
2024-05-18 17:28:38  permanent_dropout_7 (Perma  (None, 1000)                 0         ['dense_7[0][0]']             
2024-05-18 17:28:38  nentDropout)                                                                                     
2024-05-18 17:28:38                                                                                                   
2024-05-18 17:28:38  dense_8 (Dense)             (None, 1000)                 1001000   ['permanent_dropout_7[0][0]'] 
2024-05-18 17:28:38                                                                                                   
2024-05-18 17:28:38  permanent_dropout_8 (Perma  (None, 1000)                 0         ['dense_8[0][0]']             
2024-05-18 17:28:38  nentDropout)                                                                                     
2024-05-18 17:28:38                                                                                                   
2024-05-18 17:28:38  dense_9 (Dense)             (None, 1000)                 1001000   ['permanent_dropout_8[0][0]'] 
2024-05-18 17:28:38                                                                                                   
2024-05-18 17:28:38  permanent_dropout_9 (Perma  (None, 1000)                 0         ['dense_9[0][0]']             
2024-05-18 17:28:38  nentDropout)                                                                                     
2024-05-18 17:28:38                                                                                                   
2024-05-18 17:28:38  dense_10 (Dense)            (None, 1000)                 1001000   ['permanent_dropout_9[0][0]'] 
2024-05-18 17:28:38                                                                                                   
2024-05-18 17:28:38  permanent_dropout_10 (Perm  (None, 1000)                 0         ['dense_10[0][0]']            
2024-05-18 17:28:38  anentDropout)                                                                                    
2024-05-18 17:28:38                                                                                                   
2024-05-18 17:28:38  dense_11 (Dense)            (None, 1)                    1001      ['permanent_dropout_10[0][0]']
2024-05-18 17:28:38                                                                                                   
2024-05-18 17:28:38 ==================================================================================================
2024-05-18 17:28:38 Total params: 12583001 (48.00 MB)
2024-05-18 17:28:38 Trainable params: 12583001 (48.00 MB)
2024-05-18 17:28:38 Non-trainable params: 0 (0.00 Byte)
2024-05-18 17:28:38 __________________________________________________________________________________________________
2024-05-18 17:28:38 CKPT CONSTRUCT...
2024-05-18 17:28:38 CKPT CONSTRUCT OK.
2024-05-18 17:28:38 template model: <keras.src.engine.functional.Functional object at 0x1512490f3730>
2024-05-18 17:28:40 COMPILE
2024-05-18 17:28:40 Will save weights to: /dev/shm/Uno/save/8999189.amn-0001/112/2.0.model.h5
2024-05-18 17:28:56 Between random pairs in y_val:
2024-05-18 17:28:56   mse: 0.04775500
2024-05-18 17:28:56   mae: 0.16015408
2024-05-18 17:28:56   r2: -0.99598206
2024-05-18 17:28:56   corr: 0.00200897
2024-05-18 17:28:56 Data points per epoch: train = 469196, val = 117299, test = 1214
2024-05-18 17:28:56 Steps per epoch: train = 14662, val = 3665, test = 37
2024-05-18 17:28:56 Epoch 0: lr=0.001
2024-05-18 17:30:09 [Epoch: 0] loss: 0.025709, mae: 0.079509, r2: -0.880195, val_loss: 0.008496, val_mae: 0.065389, val_r2: 0.597707
2024-05-18 17:30:09 Epoch 1: lr=0.00082
2024-05-18 17:31:22 [Epoch: 1] loss: 0.008015, mae: 0.064039, r2: 0.620158, val_loss: 0.007536, val_mae: 0.062193, val_r2: 0.645089
2024-05-18 17:31:22 Epoch 2: lr=0.00064
2024-05-18 17:32:34 [Epoch: 2] loss: 0.007306, mae: 0.060759, r2: 0.652743, val_loss: 0.007072, val_mae: 0.059154, val_r2: 0.666107
2024-05-18 17:32:34 Epoch 3: lr=0.00046
2024-05-18 17:33:46 [Epoch: 3] loss: 0.006839, mae: 0.058678, r2: 0.674181, val_loss: 0.006866, val_mae: 0.057644, val_r2: 0.672340
2024-05-18 17:33:46 Epoch 4: lr=0.00028
2024-05-18 17:34:58 [Epoch: 4] loss: 0.006430, mae: 0.056783, r2: 0.692583, val_loss: 0.006510, val_mae: 0.056955, val_r2: 0.689446
2024-05-18 17:34:58 Epoch 5: lr=0.0001
2024-05-18 17:36:10 [Epoch: 5] loss: 0.006096, mae: 0.055226, r2: 0.708258, val_loss: 0.006377, val_mae: 0.056136, val_r2: 0.695180
2024-05-18 17:36:10 Epoch 6: lr=0.0001
2024-05-18 17:37:22 [Epoch: 6] loss: 0.005995, mae: 0.054782, r2: 0.712828, val_loss: 0.006327, val_mae: 0.055809, val_r2: 0.697871
2024-05-18 17:37:22 Epoch 7: lr=0.0001
2024-05-18 17:38:34 [Epoch: 7] loss: 0.005923, mae: 0.054430, r2: 0.716255, val_loss: 0.006284, val_mae: 0.055573, val_r2: 0.700245
2024-05-18 17:38:34 Epoch 8: lr=0.0001
2024-05-18 17:39:46 [Epoch: 8] loss: 0.005850, mae: 0.054138, r2: 0.719456, val_loss: 0.006267, val_mae: 0.056068, val_r2: 0.700316
2024-05-18 17:39:47 Epoch 9: lr=0.0001
2024-05-18 17:40:58 [Epoch: 9] loss: 0.005796, mae: 0.053886, r2: 0.721925, val_loss: 0.006214, val_mae: 0.054932, val_r2: 0.703926
2024-05-18 17:40:58 Epoch 10: lr=0.0001
2024-05-18 17:42:10 [Epoch: 10] loss: 0.005719, mae: 0.053522, r2: 0.725645, val_loss: 0.006221, val_mae: 0.055040, val_r2: 0.703282
2024-05-18 17:42:10 Epoch 11: lr=0.0001
2024-05-18 17:43:22 [Epoch: 11] loss: 0.005667, mae: 0.053287, r2: 0.728078, val_loss: 0.006172, val_mae: 0.055137, val_r2: 0.705330
2024-05-18 17:43:22 Epoch 12: lr=0.0001
2024-05-18 17:44:35 [Epoch: 12] loss: 0.005610, mae: 0.053022, r2: 0.730858, val_loss: 0.006191, val_mae: 0.054869, val_r2: 0.705567
2024-05-18 17:44:35 Epoch 13: lr=0.0001
2024-05-18 17:45:47 [Epoch: 13] loss: 0.005568, mae: 0.052810, r2: 0.732463, val_loss: 0.006142, val_mae: 0.055142, val_r2: 0.707841
2024-05-18 17:45:47 Epoch 14: lr=0.0001
2024-05-18 17:46:59 [Epoch: 14] loss: 0.005499, mae: 0.052538, r2: 0.735671, val_loss: 0.006144, val_mae: 0.054683, val_r2: 0.707711
2024-05-18 17:46:59 Epoch 15: lr=0.0001
2024-05-18 17:48:12 [Epoch: 15] loss: 0.005450, mae: 0.052285, r2: 0.737908, val_loss: 0.006097, val_mae: 0.054712, val_r2: 0.709729
2024-05-18 17:48:12 Epoch 16: lr=0.0001
2024-05-18 17:49:23 [Epoch: 16] loss: 0.005406, mae: 0.052091, r2: 0.740288, val_loss: 0.006114, val_mae: 0.054258, val_r2: 0.707567
2024-05-18 17:49:23 Epoch 17: lr=0.0001
2024-05-18 17:50:35 [Epoch: 17] loss: 0.005351, mae: 0.051845, r2: 0.742606, val_loss: 0.006079, val_mae: 0.054409, val_r2: 0.708663
2024-05-18 17:50:35 Epoch 18: lr=0.0001
2024-05-18 17:51:47 [Epoch: 18] loss: 0.005299, mae: 0.051576, r2: 0.744930, val_loss: 0.006108, val_mae: 0.054193, val_r2: 0.708449
2024-05-18 17:51:47 Epoch 19: lr=5e-05
2024-05-18 17:52:59 [Epoch: 19] loss: 0.005176, mae: 0.051018, r2: 0.750940, val_loss: 0.006065, val_mae: 0.054248, val_r2: 0.711302
2024-05-18 17:53:00 Epoch 20: lr=5e-05
2024-05-18 17:54:11 [Epoch: 20] loss: 0.005148, mae: 0.050828, r2: 0.751958, val_loss: 0.006032, val_mae: 0.054457, val_r2: 0.712019
2024-05-18 17:54:11 Epoch 21: lr=5e-05
2024-05-18 17:55:23 [Epoch: 21] loss: 0.005109, mae: 0.050691, r2: 0.753793, val_loss: 0.006064, val_mae: 0.054145, val_r2: 0.710851
2024-05-18 17:55:23 Epoch 22: lr=5e-05
2024-05-18 17:56:36 [Epoch: 22] loss: 0.005083, mae: 0.050580, r2: 0.754942, val_loss: 0.006050, val_mae: 0.054440, val_r2: 0.710341
2024-05-18 17:56:36 Epoch 23: lr=5e-05
2024-05-18 17:57:47 [Epoch: 23] loss: 0.005055, mae: 0.050438, r2: 0.756446, val_loss: 0.006057, val_mae: 0.054211, val_r2: 0.710652
2024-05-18 17:57:47 Epoch 24: lr=5e-05
2024-05-18 17:59:00 [Epoch: 24] loss: 0.005034, mae: 0.050330, r2: 0.757279, val_loss: 0.006076, val_mae: 0.054374, val_r2: 0.709463
2024-05-18 17:59:00 Epoch 25: lr=5e-05
2024-05-18 18:00:12 [Epoch: 25] loss: 0.005003, mae: 0.050185, r2: 0.759044, val_loss: 0.006067, val_mae: 0.054339, val_r2: 0.709333
2024-05-18 18:00:12 Epoch 26: lr=2.5e-05
2024-05-18 18:01:24 [Epoch: 26] loss: 0.004953, mae: 0.049943, r2: 0.761356, val_loss: 0.006054, val_mae: 0.053991, val_r2: 0.710060
2024-05-18 18:01:24 Epoch 27: lr=2.5e-05
2024-05-18 18:02:36 [Epoch: 27] loss: 0.004923, mae: 0.049792, r2: 0.762338, val_loss: 0.006033, val_mae: 0.054184, val_r2: 0.711242
2024-05-18 18:02:36 Epoch 28: lr=2.5e-05
2024-05-18 18:03:48 [Epoch: 28] loss: 0.004921, mae: 0.049760, r2: 0.762841, val_loss: 0.006043, val_mae: 0.054157, val_r2: 0.710923
2024-05-18 18:03:48 Epoch 29: lr=2.5e-05
2024-05-18 18:05:00 [Epoch: 29] loss: 0.004893, mae: 0.049643, r2: 0.763829, val_loss: 0.006038, val_mae: 0.054145, val_r2: 0.710637
2024-05-18 18:05:00 Epoch 30: lr=2.5e-05
2024-05-18 18:06:12 [Epoch: 30] loss: 0.004879, mae: 0.049595, r2: 0.764535, val_loss: 0.006024, val_mae: 0.054291, val_r2: 0.711943
2024-05-18 18:06:12 Epoch 31: lr=1.25e-05
2024-05-18 18:07:24 [Epoch: 31] loss: 0.004856, mae: 0.049462, r2: 0.765708, val_loss: 0.006043, val_mae: 0.053972, val_r2: 0.711415
2024-05-18 18:07:24 Epoch 32: lr=1.25e-05
2024-05-18 18:08:36 [Epoch: 32] loss: 0.004835, mae: 0.049357, r2: 0.766669, val_loss: 0.006059, val_mae: 0.054137, val_r2: 0.710513
2024-05-18 18:08:36 Epoch 33: lr=1.25e-05
2024-05-18 18:09:48 [Epoch: 33] loss: 0.004829, mae: 0.049325, r2: 0.766782, val_loss: 0.006037, val_mae: 0.054118, val_r2: 0.712107
2024-05-18 18:09:48 Epoch 34: lr=1.25e-05
2024-05-18 18:11:00 [Epoch: 34] loss: 0.004820, mae: 0.049277, r2: 0.767432, val_loss: 0.006045, val_mae: 0.053907, val_r2: 0.710631
2024-05-18 18:11:00 Epoch 35: lr=1.25e-05
2024-05-18 18:12:12 [Epoch: 35] loss: 0.004809, mae: 0.049243, r2: 0.767645, val_loss: 0.006060, val_mae: 0.054132, val_r2: 0.710287
2024-05-18 18:12:12 Epoch 36: lr=1e-05
2024-05-18 18:13:25 [Epoch: 36] loss: 0.004807, mae: 0.049233, r2: 0.767799, val_loss: 0.006036, val_mae: 0.054031, val_r2: 0.711200
2024-05-18 18:13:25 Epoch 37: lr=1e-05
2024-05-18 18:14:37 [Epoch: 37] loss: 0.004792, mae: 0.049144, r2: 0.768534, val_loss: 0.006032, val_mae: 0.054032, val_r2: 0.711574
2024-05-18 18:14:37 Epoch 38: lr=1e-05
2024-05-18 18:15:49 [Epoch: 38] loss: 0.004794, mae: 0.049140, r2: 0.768429, val_loss: 0.006039, val_mae: 0.054118, val_r2: 0.711513
2024-05-18 18:15:49 Epoch 39: lr=1e-05
2024-05-18 18:17:01 [Epoch: 39] loss: 0.004788, mae: 0.049134, r2: 0.768721, val_loss: 0.006034, val_mae: 0.054034, val_r2: 0.711583
2024-05-18 18:17:01 Epoch 40: lr=1e-05
2024-05-18 18:18:12 [Epoch: 40] loss: 0.004780, mae: 0.049091, r2: 0.769060, val_loss: 0.006060, val_mae: 0.054037, val_r2: 0.710143
2024-05-18 18:18:13 history_length: 41
2024-05-18 18:18:13 stopping: early
2024-05-18 18:18:13 Comparing y_true and y_pred:
2024-05-18 18:18:13   mse: 0.00846143
2024-05-18 18:18:13   mae: 0.07411881
2024-05-18 18:18:13   r2: -0.10788802
2024-05-18 18:18:13   corr: 0.21587716
