2024-05-22 19:47:05 UNO RUN ...
2024-05-22 19:47:05 Params: {'model_name': 'uno', 'train_sources': ['CCLE'], 'test_sources': ['train'], 'cell_types': None, 'cell_features': ['rnaseq'], 'drug_features': ['descriptors'], 'dense': [1000, 1000, 1000, 1000, 1000], 'dense_feature_layers': [1000, 1000, 1000], 'activation': 'relu', 'loss': 'mse', 'optimizer': 'adamax', 'scaling': 'std', 'dropout': 0.1, 'epochs': 50, 'batch_size': 32, 'val_split': 0.2, 'cv': 1, 'max_val_loss': 1.0, 'learning_rate': 0.0001, 'base_lr': None, 'agg_dose': 'AUC', 'residual': False, 'reduce_lr': True, 'warmup_lr': True, 'batch_normalization': False, 'feature_subsample': 0, 'rng_seed': 2018, 'no_gen': False, 'verbose': False, 'preprocess_rnaseq': 'source_scale', 'gpus': [0], 'use_landmark_genes': True, 'no_feature_source': True, 'no_response_source': True, 'save_path': '/dev/shm/Uno/save/9000896.amn-0001/96', 'single': True, 'on_memory_loader': True, 'ckpt_checksum': True, 'ckpt_save_interval': 0, 'timeout': -1, 'train_bool': True, 'profiling': False, 'experiment_id': '9000896.amn-0001', 'run_id': '96', 'logfile': '/dev/shm/Uno/save/9000896.amn-0001/96/python.log', 'shuffle': False, 'ckpt_restart_mode': 'off', 'ckpt_skip_epochs': 0, 'ckpt_directory': '/dev/shm/Uno/save/9000896.amn-0001/96', 'ckpt_save_best': True, 'ckpt_save_best_metric': 'val_loss', 'ckpt_save_weights_only': False, 'ckpt_keep_mode': 'linear', 'ckpt_keep_limit': 5, 'by_cell': None, 'by_drug': None, 'cell_subset_path': '', 'drug_subset_path': '', 'drug_median_response_min': -1, 'drug_median_response_max': 1, 'dense_cell_feature_layers': None, 'dense_drug_feature_layers': None, 'use_filtered_genes': False, 'feature_subset_path': '', 'cell_feature_subset_path': '', 'drug_feature_subset_path': '', 'es': True, 'cp': False, 'tb': False, 'tb_prefix': 'tb', 'partition_by': None, 'cache': None, 'export_csv': None, 'export_data': None, 'use_exported_data': '/dev/shm/Uno/x1922c7s2b0n0.96.merged.landmark.h5', 'growth_bins': 0, 'initial_weights': None, 'save_weights': '/dev/shm/Uno/save/9000896.amn-0001/96/0.0.model.h5', 'config_file': '/home/brettin/CSC249ADOA01_CNDA/brettin/Benchmarks/Pilot1/Uno/uno_auc_model.txt', 'data_type': <class 'numpy.float32'>, 'data_dir': '/dev/shm/Uno/uno/Data', 'output_dir': '/dev/shm/Uno/uno/Output/9000896.amn-0001/96'}
2024-05-22 19:47:05 Feature encoding submodel for cell.rnaseq:
2024-05-22 19:47:05 Model: "cell.rnaseq"
2024-05-22 19:47:05 _________________________________________________________________
2024-05-22 19:47:05  Layer (type)                Output Shape              Param #   
2024-05-22 19:47:05 =================================================================
2024-05-22 19:47:05  input_1 (InputLayer)        [(None, 958)]             0         
2024-05-22 19:47:05                                                                  
2024-05-22 19:47:05  dense (Dense)               (None, 1000)              959000    
2024-05-22 19:47:05                                                                  
2024-05-22 19:47:05  permanent_dropout (Permane  (None, 1000)              0         
2024-05-22 19:47:05  ntDropout)                                                      
2024-05-22 19:47:05                                                                  
2024-05-22 19:47:05  dense_1 (Dense)             (None, 1000)              1001000   
2024-05-22 19:47:05                                                                  
2024-05-22 19:47:05  permanent_dropout_1 (Perma  (None, 1000)              0         
2024-05-22 19:47:05  nentDropout)                                                    
2024-05-22 19:47:05                                                                  
2024-05-22 19:47:05  dense_2 (Dense)             (None, 1000)              1001000   
2024-05-22 19:47:05                                                                  
2024-05-22 19:47:05  permanent_dropout_2 (Perma  (None, 1000)              0         
2024-05-22 19:47:05  nentDropout)                                                    
2024-05-22 19:47:05                                                                  
2024-05-22 19:47:05 =================================================================
2024-05-22 19:47:05 Total params: 2961000 (11.30 MB)
2024-05-22 19:47:05 Trainable params: 2961000 (11.30 MB)
2024-05-22 19:47:05 Non-trainable params: 0 (0.00 Byte)
2024-05-22 19:47:05 _________________________________________________________________
2024-05-22 19:47:05 Feature encoding submodel for drug.descriptors:
2024-05-22 19:47:05 Model: "drug.descriptors"
2024-05-22 19:47:05 _________________________________________________________________
2024-05-22 19:47:05  Layer (type)                Output Shape              Param #   
2024-05-22 19:47:05 =================================================================
2024-05-22 19:47:05  input_2 (InputLayer)        [(None, 1613)]            0         
2024-05-22 19:47:05                                                                  
2024-05-22 19:47:05  dense_3 (Dense)             (None, 1000)              1614000   
2024-05-22 19:47:05                                                                  
2024-05-22 19:47:05  permanent_dropout_3 (Perma  (None, 1000)              0         
2024-05-22 19:47:05  nentDropout)                                                    
2024-05-22 19:47:05                                                                  
2024-05-22 19:47:05  dense_4 (Dense)             (None, 1000)              1001000   
2024-05-22 19:47:05                                                                  
2024-05-22 19:47:05  permanent_dropout_4 (Perma  (None, 1000)              0         
2024-05-22 19:47:05  nentDropout)                                                    
2024-05-22 19:47:05                                                                  
2024-05-22 19:47:05  dense_5 (Dense)             (None, 1000)              1001000   
2024-05-22 19:47:05                                                                  
2024-05-22 19:47:05  permanent_dropout_5 (Perma  (None, 1000)              0         
2024-05-22 19:47:05  nentDropout)                                                    
2024-05-22 19:47:05                                                                  
2024-05-22 19:47:05 =================================================================
2024-05-22 19:47:05 Total params: 3616000 (13.79 MB)
2024-05-22 19:47:05 Trainable params: 3616000 (13.79 MB)
2024-05-22 19:47:05 Non-trainable params: 0 (0.00 Byte)
2024-05-22 19:47:05 _________________________________________________________________
2024-05-22 19:47:05 Combined model:
2024-05-22 19:47:05 Model: "model"
2024-05-22 19:47:05 __________________________________________________________________________________________________
2024-05-22 19:47:05  Layer (type)                Output Shape                 Param #   Connected to                  
2024-05-22 19:47:05 ==================================================================================================
2024-05-22 19:47:05  input.cell.rnaseq (InputLa  [(None, 958)]                0         []                            
2024-05-22 19:47:05  yer)                                                                                             
2024-05-22 19:47:05                                                                                                   
2024-05-22 19:47:05  input.drug1.descriptors (I  [(None, 1613)]               0         []                            
2024-05-22 19:47:05  nputLayer)                                                                                       
2024-05-22 19:47:05                                                                                                   
2024-05-22 19:47:05  cell.rnaseq (Functional)    (None, 1000)                 2961000   ['input.cell.rnaseq[0][0]']   
2024-05-22 19:47:05                                                                                                   
2024-05-22 19:47:05  drug.descriptors (Function  (None, 1000)                 3616000   ['input.drug1.descriptors[0][0
2024-05-22 19:47:05  al)                                                                ]']                           
2024-05-22 19:47:05                                                                                                   
2024-05-22 19:47:05  concatenate (Concatenate)   (None, 2000)                 0         ['cell.rnaseq[0][0]',         
2024-05-22 19:47:05                                                                      'drug.descriptors[0][0]']    
2024-05-22 19:47:05                                                                                                   
2024-05-22 19:47:05  dense_6 (Dense)             (None, 1000)                 2001000   ['concatenate[0][0]']         
2024-05-22 19:47:05                                                                                                   
2024-05-22 19:47:05  permanent_dropout_6 (Perma  (None, 1000)                 0         ['dense_6[0][0]']             
2024-05-22 19:47:05  nentDropout)                                                                                     
2024-05-22 19:47:05                                                                                                   
2024-05-22 19:47:05  dense_7 (Dense)             (None, 1000)                 1001000   ['permanent_dropout_6[0][0]'] 
2024-05-22 19:47:05                                                                                                   
2024-05-22 19:47:05  permanent_dropout_7 (Perma  (None, 1000)                 0         ['dense_7[0][0]']             
2024-05-22 19:47:05  nentDropout)                                                                                     
2024-05-22 19:47:05                                                                                                   
2024-05-22 19:47:05  dense_8 (Dense)             (None, 1000)                 1001000   ['permanent_dropout_7[0][0]'] 
2024-05-22 19:47:05                                                                                                   
2024-05-22 19:47:05  permanent_dropout_8 (Perma  (None, 1000)                 0         ['dense_8[0][0]']             
2024-05-22 19:47:05  nentDropout)                                                                                     
2024-05-22 19:47:05                                                                                                   
2024-05-22 19:47:05  dense_9 (Dense)             (None, 1000)                 1001000   ['permanent_dropout_8[0][0]'] 
2024-05-22 19:47:05                                                                                                   
2024-05-22 19:47:05  permanent_dropout_9 (Perma  (None, 1000)                 0         ['dense_9[0][0]']             
2024-05-22 19:47:05  nentDropout)                                                                                     
2024-05-22 19:47:05                                                                                                   
2024-05-22 19:47:05  dense_10 (Dense)            (None, 1000)                 1001000   ['permanent_dropout_9[0][0]'] 
2024-05-22 19:47:05                                                                                                   
2024-05-22 19:47:05  permanent_dropout_10 (Perm  (None, 1000)                 0         ['dense_10[0][0]']            
2024-05-22 19:47:05  anentDropout)                                                                                    
2024-05-22 19:47:05                                                                                                   
2024-05-22 19:47:05  dense_11 (Dense)            (None, 1)                    1001      ['permanent_dropout_10[0][0]']
2024-05-22 19:47:05                                                                                                   
2024-05-22 19:47:05 ==================================================================================================
2024-05-22 19:47:05 Total params: 12583001 (48.00 MB)
2024-05-22 19:47:05 Trainable params: 12583001 (48.00 MB)
2024-05-22 19:47:05 Non-trainable params: 0 (0.00 Byte)
2024-05-22 19:47:05 __________________________________________________________________________________________________
2024-05-22 19:47:05 CKPT CONSTRUCT...
2024-05-22 19:47:05 CKPT CONSTRUCT OK.
2024-05-22 19:47:05 template model: <keras.src.engine.functional.Functional object at 0x1540ab4cd790>
2024-05-22 19:47:07 COMPILE
2024-05-22 19:47:07 Will save weights to: /dev/shm/Uno/save/9000896.amn-0001/96/0.0.model.h5
2024-05-22 19:47:24 Between random pairs in y_val:
2024-05-22 19:47:24   mse: 0.04670800
2024-05-22 19:47:24   mae: 0.15823454
2024-05-22 19:47:24   r2: -1.00105176
2024-05-22 19:47:24   corr: -0.00052588
2024-05-22 19:47:24 Data points per epoch: train = 469473, val = 117369, test = 867
2024-05-22 19:47:24 Steps per epoch: train = 14671, val = 3667, test = 27
2024-05-22 19:47:24 Epoch 0: lr=0.001
2024-05-22 19:48:37 [Epoch: 0] loss: 0.028620, mae: 0.079680, r2: -0.189910, val_loss: 0.008369, val_mae: 0.066935, val_r2: 0.593091
2024-05-22 19:48:38 Epoch 1: lr=0.00082
2024-05-22 19:49:50 [Epoch: 1] loss: 0.008006, mae: 0.063935, r2: 0.619563, val_loss: 0.007813, val_mae: 0.065091, val_r2: 0.626966
2024-05-22 19:49:50 Epoch 2: lr=0.00064
2024-05-22 19:51:02 [Epoch: 2] loss: 0.007321, mae: 0.060758, r2: 0.650765, val_loss: 0.006997, val_mae: 0.059035, val_r2: 0.662169
2024-05-22 19:51:02 Epoch 3: lr=0.00046
2024-05-22 19:52:14 [Epoch: 3] loss: 0.006841, mae: 0.058671, r2: 0.672585, val_loss: 0.006750, val_mae: 0.057824, val_r2: 0.673374
2024-05-22 19:52:14 Epoch 4: lr=0.00028
2024-05-22 19:53:26 [Epoch: 4] loss: 0.006445, mae: 0.056834, r2: 0.690961, val_loss: 0.006430, val_mae: 0.056387, val_r2: 0.687338
2024-05-22 19:53:26 Epoch 5: lr=0.0001
2024-05-22 19:54:38 [Epoch: 5] loss: 0.006103, mae: 0.055249, r2: 0.706626, val_loss: 0.006331, val_mae: 0.056796, val_r2: 0.692246
2024-05-22 19:54:38 Epoch 6: lr=0.0001
2024-05-22 19:55:50 [Epoch: 6] loss: 0.006002, mae: 0.054800, r2: 0.711305, val_loss: 0.006233, val_mae: 0.056037, val_r2: 0.697531
2024-05-22 19:55:50 Epoch 7: lr=0.0001
2024-05-22 19:57:02 [Epoch: 7] loss: 0.005921, mae: 0.054416, r2: 0.715367, val_loss: 0.006218, val_mae: 0.055969, val_r2: 0.699832
2024-05-22 19:57:02 Epoch 8: lr=0.0001
2024-05-22 19:58:14 [Epoch: 8] loss: 0.005859, mae: 0.054144, r2: 0.718037, val_loss: 0.006182, val_mae: 0.055281, val_r2: 0.699449
2024-05-22 19:58:14 Epoch 9: lr=0.0001
2024-05-22 19:59:26 [Epoch: 9] loss: 0.005790, mae: 0.053844, r2: 0.721226, val_loss: 0.006151, val_mae: 0.055008, val_r2: 0.701609
2024-05-22 19:59:26 Epoch 10: lr=0.0001
2024-05-22 20:00:38 [Epoch: 10] loss: 0.005727, mae: 0.053534, r2: 0.724386, val_loss: 0.006129, val_mae: 0.054876, val_r2: 0.702822
2024-05-22 20:00:38 Epoch 11: lr=0.0001
2024-05-22 20:01:50 [Epoch: 11] loss: 0.005664, mae: 0.053254, r2: 0.727022, val_loss: 0.006103, val_mae: 0.055094, val_r2: 0.705244
2024-05-22 20:01:51 Epoch 12: lr=0.0001
2024-05-22 20:03:02 [Epoch: 12] loss: 0.005607, mae: 0.053009, r2: 0.729829, val_loss: 0.006111, val_mae: 0.054958, val_r2: 0.703544
2024-05-22 20:03:03 Epoch 13: lr=0.0001
2024-05-22 20:04:15 [Epoch: 13] loss: 0.005558, mae: 0.052797, r2: 0.732029, val_loss: 0.006086, val_mae: 0.054868, val_r2: 0.704739
2024-05-22 20:04:15 Epoch 14: lr=0.0001
2024-05-22 20:05:27 [Epoch: 14] loss: 0.005505, mae: 0.052520, r2: 0.734579, val_loss: 0.006125, val_mae: 0.054385, val_r2: 0.703674
2024-05-22 20:05:27 Epoch 15: lr=0.0001
2024-05-22 20:06:39 [Epoch: 15] loss: 0.005456, mae: 0.052296, r2: 0.737049, val_loss: 0.006078, val_mae: 0.054927, val_r2: 0.705735
2024-05-22 20:06:39 Epoch 16: lr=5e-05
2024-05-22 20:07:51 [Epoch: 16] loss: 0.005330, mae: 0.051701, r2: 0.742978, val_loss: 0.006015, val_mae: 0.054605, val_r2: 0.708041
2024-05-22 20:07:51 Epoch 17: lr=5e-05
2024-05-22 20:09:03 [Epoch: 17] loss: 0.005293, mae: 0.051574, r2: 0.744627, val_loss: 0.006010, val_mae: 0.054071, val_r2: 0.708730
2024-05-22 20:09:03 Epoch 18: lr=5e-05
2024-05-22 20:10:15 [Epoch: 18] loss: 0.005261, mae: 0.051378, r2: 0.745895, val_loss: 0.006033, val_mae: 0.054223, val_r2: 0.706995
2024-05-22 20:10:15 Epoch 19: lr=5e-05
2024-05-22 20:11:27 [Epoch: 19] loss: 0.005233, mae: 0.051255, r2: 0.747357, val_loss: 0.006025, val_mae: 0.054466, val_r2: 0.706804
2024-05-22 20:11:27 Epoch 20: lr=5e-05
2024-05-22 20:12:39 [Epoch: 20] loss: 0.005201, mae: 0.051110, r2: 0.748711, val_loss: 0.006031, val_mae: 0.054237, val_r2: 0.707322
2024-05-22 20:12:39 Epoch 21: lr=5e-05
2024-05-22 20:13:51 [Epoch: 21] loss: 0.005172, mae: 0.050958, r2: 0.750239, val_loss: 0.005987, val_mae: 0.054172, val_r2: 0.709609
2024-05-22 20:13:51 Epoch 22: lr=2.5e-05
2024-05-22 20:15:03 [Epoch: 22] loss: 0.005113, mae: 0.050649, r2: 0.753147, val_loss: 0.005988, val_mae: 0.054595, val_r2: 0.709057
2024-05-22 20:15:03 Epoch 23: lr=2.5e-05
2024-05-22 20:16:15 [Epoch: 23] loss: 0.005094, mae: 0.050633, r2: 0.753933, val_loss: 0.006002, val_mae: 0.054298, val_r2: 0.708091
2024-05-22 20:16:15 Epoch 24: lr=2.5e-05
2024-05-22 20:17:27 [Epoch: 24] loss: 0.005080, mae: 0.050517, r2: 0.754610, val_loss: 0.006025, val_mae: 0.054150, val_r2: 0.707485
2024-05-22 20:17:27 Epoch 25: lr=2.5e-05
2024-05-22 20:18:39 [Epoch: 25] loss: 0.005072, mae: 0.050473, r2: 0.754930, val_loss: 0.006003, val_mae: 0.054498, val_r2: 0.708485
2024-05-22 20:18:39 Epoch 26: lr=2.5e-05
2024-05-22 20:19:51 [Epoch: 26] loss: 0.005055, mae: 0.050387, r2: 0.755760, val_loss: 0.006001, val_mae: 0.054156, val_r2: 0.708832
2024-05-22 20:19:51 Epoch 27: lr=1.25e-05
2024-05-22 20:21:03 [Epoch: 27] loss: 0.005031, mae: 0.050302, r2: 0.756898, val_loss: 0.005993, val_mae: 0.054140, val_r2: 0.708950
2024-05-22 20:21:03 Epoch 28: lr=1.25e-05
2024-05-22 20:22:15 [Epoch: 28] loss: 0.005004, mae: 0.050164, r2: 0.758249, val_loss: 0.005964, val_mae: 0.054079, val_r2: 0.710226
2024-05-22 20:22:15 Epoch 29: lr=1.25e-05
2024-05-22 20:23:27 [Epoch: 29] loss: 0.004998, mae: 0.050150, r2: 0.758195, val_loss: 0.005996, val_mae: 0.054212, val_r2: 0.708791
2024-05-22 20:23:27 Epoch 30: lr=1.25e-05
2024-05-22 20:24:39 [Epoch: 30] loss: 0.004993, mae: 0.050102, r2: 0.758692, val_loss: 0.006002, val_mae: 0.054146, val_r2: 0.708087
2024-05-22 20:24:39 Epoch 31: lr=1.25e-05
2024-05-22 20:25:51 [Epoch: 31] loss: 0.004973, mae: 0.050028, r2: 0.759406, val_loss: 0.005986, val_mae: 0.054030, val_r2: 0.709469
2024-05-22 20:25:51 Epoch 32: lr=1e-05
2024-05-22 20:27:03 [Epoch: 32] loss: 0.004974, mae: 0.050014, r2: 0.759545, val_loss: 0.006004, val_mae: 0.054198, val_r2: 0.708751
2024-05-22 20:27:03 Epoch 33: lr=1e-05
2024-05-22 20:28:14 [Epoch: 33] loss: 0.004962, mae: 0.049962, r2: 0.760001, val_loss: 0.006012, val_mae: 0.054120, val_r2: 0.708227
2024-05-22 20:28:15 Epoch 34: lr=1e-05
2024-05-22 20:29:26 [Epoch: 34] loss: 0.004956, mae: 0.049924, r2: 0.760416, val_loss: 0.006016, val_mae: 0.054111, val_r2: 0.707686
2024-05-22 20:29:27 Epoch 35: lr=1e-05
2024-05-22 20:30:38 [Epoch: 35] loss: 0.004961, mae: 0.049969, r2: 0.760100, val_loss: 0.005991, val_mae: 0.054028, val_r2: 0.709284
2024-05-22 20:30:38 Epoch 36: lr=1e-05
2024-05-22 20:31:50 [Epoch: 36] loss: 0.004946, mae: 0.049888, r2: 0.760703, val_loss: 0.006003, val_mae: 0.054353, val_r2: 0.708320
2024-05-22 20:31:50 Epoch 37: lr=1e-05
2024-05-22 20:33:02 [Epoch: 37] loss: 0.004950, mae: 0.049934, r2: 0.760438, val_loss: 0.006011, val_mae: 0.054153, val_r2: 0.708583
2024-05-22 20:33:02 Epoch 38: lr=1e-05
2024-05-22 20:34:14 [Epoch: 38] loss: 0.004939, mae: 0.049842, r2: 0.761262, val_loss: 0.005996, val_mae: 0.053998, val_r2: 0.708471
2024-05-22 20:34:14 history_length: 39
2024-05-22 20:34:14 stopping: early
2024-05-22 20:34:14 Comparing y_true and y_pred:
2024-05-22 20:34:14   mse: 0.04095738
2024-05-22 20:34:14   mae: 0.16224538
2024-05-22 20:34:14   r2: -0.51932899
2024-05-22 20:34:14   corr: 0.36476324
