2024-05-22 19:47:05 UNO RUN ...
2024-05-22 19:47:05 Params: {'model_name': 'uno', 'train_sources': ['CCLE'], 'test_sources': ['train'], 'cell_types': None, 'cell_features': ['rnaseq'], 'drug_features': ['descriptors'], 'dense': [1000, 1000, 1000, 1000, 1000], 'dense_feature_layers': [1000, 1000, 1000], 'activation': 'relu', 'loss': 'mse', 'optimizer': 'adamax', 'scaling': 'std', 'dropout': 0.1, 'epochs': 50, 'batch_size': 32, 'val_split': 0.2, 'cv': 1, 'max_val_loss': 1.0, 'learning_rate': 0.0001, 'base_lr': None, 'agg_dose': 'AUC', 'residual': False, 'reduce_lr': True, 'warmup_lr': True, 'batch_normalization': False, 'feature_subsample': 0, 'rng_seed': 2018, 'no_gen': False, 'verbose': False, 'preprocess_rnaseq': 'source_scale', 'gpus': [0], 'use_landmark_genes': True, 'no_feature_source': True, 'no_response_source': True, 'save_path': '/dev/shm/Uno/save/9000896.amn-0001/90', 'single': True, 'on_memory_loader': True, 'ckpt_checksum': True, 'ckpt_save_interval': 0, 'timeout': -1, 'train_bool': True, 'profiling': False, 'experiment_id': '9000896.amn-0001', 'run_id': '90', 'logfile': '/dev/shm/Uno/save/9000896.amn-0001/90/python.log', 'shuffle': False, 'ckpt_restart_mode': 'off', 'ckpt_skip_epochs': 0, 'ckpt_directory': '/dev/shm/Uno/save/9000896.amn-0001/90', 'ckpt_save_best': True, 'ckpt_save_best_metric': 'val_loss', 'ckpt_save_weights_only': False, 'ckpt_keep_mode': 'linear', 'ckpt_keep_limit': 5, 'by_cell': None, 'by_drug': None, 'cell_subset_path': '', 'drug_subset_path': '', 'drug_median_response_min': -1, 'drug_median_response_max': 1, 'dense_cell_feature_layers': None, 'dense_drug_feature_layers': None, 'use_filtered_genes': False, 'feature_subset_path': '', 'cell_feature_subset_path': '', 'drug_feature_subset_path': '', 'es': True, 'cp': False, 'tb': False, 'tb_prefix': 'tb', 'partition_by': None, 'cache': None, 'export_csv': None, 'export_data': None, 'use_exported_data': '/dev/shm/Uno/x1922c7s0b0n0.90.merged.landmark.h5', 'growth_bins': 0, 'initial_weights': None, 'save_weights': '/dev/shm/Uno/save/9000896.amn-0001/90/3.0.model.h5', 'config_file': '/home/brettin/CSC249ADOA01_CNDA/brettin/Benchmarks/Pilot1/Uno/uno_auc_model.txt', 'data_type': <class 'numpy.float32'>, 'data_dir': '/dev/shm/Uno/uno/Data', 'output_dir': '/dev/shm/Uno/uno/Output/9000896.amn-0001/90'}
2024-05-22 19:47:05 Feature encoding submodel for cell.rnaseq:
2024-05-22 19:47:05 Model: "cell.rnaseq"
2024-05-22 19:47:05 _________________________________________________________________
2024-05-22 19:47:05  Layer (type)                Output Shape              Param #   
2024-05-22 19:47:05 =================================================================
2024-05-22 19:47:05  input_1 (InputLayer)        [(None, 958)]             0         
2024-05-22 19:47:05                                                                  
2024-05-22 19:47:05  dense (Dense)               (None, 1000)              959000    
2024-05-22 19:47:05                                                                  
2024-05-22 19:47:05  permanent_dropout (Permane  (None, 1000)              0         
2024-05-22 19:47:05  ntDropout)                                                      
2024-05-22 19:47:05                                                                  
2024-05-22 19:47:05  dense_1 (Dense)             (None, 1000)              1001000   
2024-05-22 19:47:05                                                                  
2024-05-22 19:47:05  permanent_dropout_1 (Perma  (None, 1000)              0         
2024-05-22 19:47:05  nentDropout)                                                    
2024-05-22 19:47:05                                                                  
2024-05-22 19:47:05  dense_2 (Dense)             (None, 1000)              1001000   
2024-05-22 19:47:05                                                                  
2024-05-22 19:47:05  permanent_dropout_2 (Perma  (None, 1000)              0         
2024-05-22 19:47:05  nentDropout)                                                    
2024-05-22 19:47:05                                                                  
2024-05-22 19:47:05 =================================================================
2024-05-22 19:47:05 Total params: 2961000 (11.30 MB)
2024-05-22 19:47:05 Trainable params: 2961000 (11.30 MB)
2024-05-22 19:47:05 Non-trainable params: 0 (0.00 Byte)
2024-05-22 19:47:05 _________________________________________________________________
2024-05-22 19:47:05 Feature encoding submodel for drug.descriptors:
2024-05-22 19:47:05 Model: "drug.descriptors"
2024-05-22 19:47:05 _________________________________________________________________
2024-05-22 19:47:05  Layer (type)                Output Shape              Param #   
2024-05-22 19:47:05 =================================================================
2024-05-22 19:47:05  input_2 (InputLayer)        [(None, 1613)]            0         
2024-05-22 19:47:05                                                                  
2024-05-22 19:47:05  dense_3 (Dense)             (None, 1000)              1614000   
2024-05-22 19:47:05                                                                  
2024-05-22 19:47:05  permanent_dropout_3 (Perma  (None, 1000)              0         
2024-05-22 19:47:05  nentDropout)                                                    
2024-05-22 19:47:05                                                                  
2024-05-22 19:47:05  dense_4 (Dense)             (None, 1000)              1001000   
2024-05-22 19:47:05                                                                  
2024-05-22 19:47:05  permanent_dropout_4 (Perma  (None, 1000)              0         
2024-05-22 19:47:05  nentDropout)                                                    
2024-05-22 19:47:05                                                                  
2024-05-22 19:47:05  dense_5 (Dense)             (None, 1000)              1001000   
2024-05-22 19:47:05                                                                  
2024-05-22 19:47:05  permanent_dropout_5 (Perma  (None, 1000)              0         
2024-05-22 19:47:05  nentDropout)                                                    
2024-05-22 19:47:05                                                                  
2024-05-22 19:47:05 =================================================================
2024-05-22 19:47:05 Total params: 3616000 (13.79 MB)
2024-05-22 19:47:05 Trainable params: 3616000 (13.79 MB)
2024-05-22 19:47:05 Non-trainable params: 0 (0.00 Byte)
2024-05-22 19:47:05 _________________________________________________________________
2024-05-22 19:47:05 Combined model:
2024-05-22 19:47:05 Model: "model"
2024-05-22 19:47:05 __________________________________________________________________________________________________
2024-05-22 19:47:05  Layer (type)                Output Shape                 Param #   Connected to                  
2024-05-22 19:47:05 ==================================================================================================
2024-05-22 19:47:05  input.cell.rnaseq (InputLa  [(None, 958)]                0         []                            
2024-05-22 19:47:05  yer)                                                                                             
2024-05-22 19:47:05                                                                                                   
2024-05-22 19:47:05  input.drug1.descriptors (I  [(None, 1613)]               0         []                            
2024-05-22 19:47:05  nputLayer)                                                                                       
2024-05-22 19:47:05                                                                                                   
2024-05-22 19:47:05  cell.rnaseq (Functional)    (None, 1000)                 2961000   ['input.cell.rnaseq[0][0]']   
2024-05-22 19:47:05                                                                                                   
2024-05-22 19:47:05  drug.descriptors (Function  (None, 1000)                 3616000   ['input.drug1.descriptors[0][0
2024-05-22 19:47:05  al)                                                                ]']                           
2024-05-22 19:47:05                                                                                                   
2024-05-22 19:47:05  concatenate (Concatenate)   (None, 2000)                 0         ['cell.rnaseq[0][0]',         
2024-05-22 19:47:05                                                                      'drug.descriptors[0][0]']    
2024-05-22 19:47:05                                                                                                   
2024-05-22 19:47:05  dense_6 (Dense)             (None, 1000)                 2001000   ['concatenate[0][0]']         
2024-05-22 19:47:05                                                                                                   
2024-05-22 19:47:05  permanent_dropout_6 (Perma  (None, 1000)                 0         ['dense_6[0][0]']             
2024-05-22 19:47:05  nentDropout)                                                                                     
2024-05-22 19:47:05                                                                                                   
2024-05-22 19:47:05  dense_7 (Dense)             (None, 1000)                 1001000   ['permanent_dropout_6[0][0]'] 
2024-05-22 19:47:05                                                                                                   
2024-05-22 19:47:05  permanent_dropout_7 (Perma  (None, 1000)                 0         ['dense_7[0][0]']             
2024-05-22 19:47:05  nentDropout)                                                                                     
2024-05-22 19:47:05                                                                                                   
2024-05-22 19:47:05  dense_8 (Dense)             (None, 1000)                 1001000   ['permanent_dropout_7[0][0]'] 
2024-05-22 19:47:05                                                                                                   
2024-05-22 19:47:05  permanent_dropout_8 (Perma  (None, 1000)                 0         ['dense_8[0][0]']             
2024-05-22 19:47:05  nentDropout)                                                                                     
2024-05-22 19:47:05                                                                                                   
2024-05-22 19:47:05  dense_9 (Dense)             (None, 1000)                 1001000   ['permanent_dropout_8[0][0]'] 
2024-05-22 19:47:05                                                                                                   
2024-05-22 19:47:05  permanent_dropout_9 (Perma  (None, 1000)                 0         ['dense_9[0][0]']             
2024-05-22 19:47:05  nentDropout)                                                                                     
2024-05-22 19:47:05                                                                                                   
2024-05-22 19:47:05  dense_10 (Dense)            (None, 1000)                 1001000   ['permanent_dropout_9[0][0]'] 
2024-05-22 19:47:05                                                                                                   
2024-05-22 19:47:05  permanent_dropout_10 (Perm  (None, 1000)                 0         ['dense_10[0][0]']            
2024-05-22 19:47:05  anentDropout)                                                                                    
2024-05-22 19:47:05                                                                                                   
2024-05-22 19:47:05  dense_11 (Dense)            (None, 1)                    1001      ['permanent_dropout_10[0][0]']
2024-05-22 19:47:05                                                                                                   
2024-05-22 19:47:05 ==================================================================================================
2024-05-22 19:47:05 Total params: 12583001 (48.00 MB)
2024-05-22 19:47:05 Trainable params: 12583001 (48.00 MB)
2024-05-22 19:47:05 Non-trainable params: 0 (0.00 Byte)
2024-05-22 19:47:05 __________________________________________________________________________________________________
2024-05-22 19:47:05 CKPT CONSTRUCT...
2024-05-22 19:47:05 CKPT CONSTRUCT OK.
2024-05-22 19:47:05 template model: <keras.src.engine.functional.Functional object at 0x14c5ed9e2730>
2024-05-22 19:47:07 COMPILE
2024-05-22 19:47:07 Will save weights to: /dev/shm/Uno/save/9000896.amn-0001/90/3.0.model.h5
2024-05-22 19:47:24 Between random pairs in y_val:
2024-05-22 19:47:24   mse: 0.04775810
2024-05-22 19:47:24   mae: 0.16013261
2024-05-22 19:47:24   r2: -0.99516041
2024-05-22 19:47:24   corr: 0.00241980
2024-05-22 19:47:24 Data points per epoch: train = 469628, val = 117407, test = 674
2024-05-22 19:47:24 Steps per epoch: train = 14675, val = 3668, test = 21
2024-05-22 19:47:24 Epoch 0: lr=0.001
2024-05-22 19:48:37 [Epoch: 0] loss: 0.028121, mae: 0.079519, r2: -0.093720, val_loss: 0.008705, val_mae: 0.065925, val_r2: 0.584072
2024-05-22 19:48:37 Epoch 1: lr=0.00082
2024-05-22 19:49:48 [Epoch: 1] loss: 0.007992, mae: 0.063910, r2: 0.621765, val_loss: 0.007747, val_mae: 0.063499, val_r2: 0.630748
2024-05-22 19:49:48 Epoch 2: lr=0.00064
2024-05-22 19:50:59 [Epoch: 2] loss: 0.007305, mae: 0.060796, r2: 0.652906, val_loss: 0.007351, val_mae: 0.059846, val_r2: 0.652632
2024-05-22 19:50:59 Epoch 3: lr=0.00046
2024-05-22 19:52:10 [Epoch: 3] loss: 0.006841, mae: 0.058697, r2: 0.673957, val_loss: 0.006911, val_mae: 0.059801, val_r2: 0.673727
2024-05-22 19:52:10 Epoch 4: lr=0.00028
2024-05-22 19:53:21 [Epoch: 4] loss: 0.006429, mae: 0.056814, r2: 0.692979, val_loss: 0.006639, val_mae: 0.057140, val_r2: 0.685063
2024-05-22 19:53:21 Epoch 5: lr=0.0001
2024-05-22 19:54:32 [Epoch: 5] loss: 0.006097, mae: 0.055270, r2: 0.708250, val_loss: 0.006459, val_mae: 0.056566, val_r2: 0.692461
2024-05-22 19:54:32 Epoch 6: lr=0.0001
2024-05-22 19:55:43 [Epoch: 6] loss: 0.005991, mae: 0.054746, r2: 0.713166, val_loss: 0.006410, val_mae: 0.056168, val_r2: 0.695556
2024-05-22 19:55:43 Epoch 7: lr=0.0001
2024-05-22 19:56:54 [Epoch: 7] loss: 0.005903, mae: 0.054387, r2: 0.717177, val_loss: 0.006368, val_mae: 0.056152, val_r2: 0.695152
2024-05-22 19:56:54 Epoch 8: lr=0.0001
2024-05-22 19:58:05 [Epoch: 8] loss: 0.005838, mae: 0.054105, r2: 0.720202, val_loss: 0.006333, val_mae: 0.055740, val_r2: 0.699502
2024-05-22 19:58:05 Epoch 9: lr=0.0001
2024-05-22 19:59:15 [Epoch: 9] loss: 0.005771, mae: 0.053785, r2: 0.723347, val_loss: 0.006325, val_mae: 0.055436, val_r2: 0.698039
2024-05-22 19:59:15 Epoch 10: lr=0.0001
2024-05-22 20:00:26 [Epoch: 10] loss: 0.005710, mae: 0.053533, r2: 0.726398, val_loss: 0.006310, val_mae: 0.055311, val_r2: 0.700034
2024-05-22 20:00:26 Epoch 11: lr=0.0001
2024-05-22 20:01:37 [Epoch: 11] loss: 0.005641, mae: 0.053222, r2: 0.729365, val_loss: 0.006299, val_mae: 0.055465, val_r2: 0.699416
2024-05-22 20:01:37 Epoch 12: lr=0.0001
2024-05-22 20:02:48 [Epoch: 12] loss: 0.005586, mae: 0.052924, r2: 0.732200, val_loss: 0.006268, val_mae: 0.056081, val_r2: 0.701940
2024-05-22 20:02:48 Epoch 13: lr=0.0001
2024-05-22 20:03:59 [Epoch: 13] loss: 0.005546, mae: 0.052763, r2: 0.734061, val_loss: 0.006257, val_mae: 0.055021, val_r2: 0.701823
2024-05-22 20:03:59 Epoch 14: lr=5e-05
2024-05-22 20:05:10 [Epoch: 14] loss: 0.005423, mae: 0.052238, r2: 0.739615, val_loss: 0.006195, val_mae: 0.055112, val_r2: 0.704987
2024-05-22 20:05:10 Epoch 15: lr=5e-05
2024-05-22 20:06:21 [Epoch: 15] loss: 0.005370, mae: 0.051945, r2: 0.742198, val_loss: 0.006194, val_mae: 0.055213, val_r2: 0.705542
2024-05-22 20:06:21 Epoch 16: lr=5e-05
2024-05-22 20:07:32 [Epoch: 16] loss: 0.005348, mae: 0.051838, r2: 0.743201, val_loss: 0.006203, val_mae: 0.055236, val_r2: 0.703266
2024-05-22 20:07:32 Epoch 17: lr=5e-05
2024-05-22 20:08:42 [Epoch: 17] loss: 0.005314, mae: 0.051687, r2: 0.744752, val_loss: 0.006168, val_mae: 0.054853, val_r2: 0.705687
2024-05-22 20:08:42 Epoch 18: lr=5e-05
2024-05-22 20:09:53 [Epoch: 18] loss: 0.005284, mae: 0.051551, r2: 0.746301, val_loss: 0.006189, val_mae: 0.055175, val_r2: 0.704271
2024-05-22 20:09:53 Epoch 19: lr=5e-05
2024-05-22 20:11:04 [Epoch: 19] loss: 0.005255, mae: 0.051422, r2: 0.747666, val_loss: 0.006176, val_mae: 0.054741, val_r2: 0.705122
2024-05-22 20:11:04 Epoch 20: lr=2.5e-05
2024-05-22 20:12:15 [Epoch: 20] loss: 0.005187, mae: 0.051094, r2: 0.750613, val_loss: 0.006144, val_mae: 0.054936, val_r2: 0.706598
2024-05-22 20:12:15 Epoch 21: lr=2.5e-05
2024-05-22 20:13:25 [Epoch: 21] loss: 0.005168, mae: 0.051003, r2: 0.751616, val_loss: 0.006152, val_mae: 0.054695, val_r2: 0.707031
2024-05-22 20:13:26 Epoch 22: lr=2.5e-05
2024-05-22 20:14:37 [Epoch: 22] loss: 0.005160, mae: 0.050967, r2: 0.751949, val_loss: 0.006159, val_mae: 0.054975, val_r2: 0.705539
2024-05-22 20:14:37 Epoch 23: lr=2.5e-05
2024-05-22 20:15:47 [Epoch: 23] loss: 0.005145, mae: 0.050907, r2: 0.752459, val_loss: 0.006183, val_mae: 0.054943, val_r2: 0.704659
2024-05-22 20:15:47 Epoch 24: lr=2.5e-05
2024-05-22 20:16:58 [Epoch: 24] loss: 0.005128, mae: 0.050820, r2: 0.753496, val_loss: 0.006191, val_mae: 0.054681, val_r2: 0.704960
2024-05-22 20:16:58 Epoch 25: lr=1.25e-05
2024-05-22 20:18:09 [Epoch: 25] loss: 0.005092, mae: 0.050623, r2: 0.755028, val_loss: 0.006168, val_mae: 0.054786, val_r2: 0.705362
2024-05-22 20:18:10 Epoch 26: lr=1.25e-05
2024-05-22 20:19:20 [Epoch: 26] loss: 0.005075, mae: 0.050572, r2: 0.756003, val_loss: 0.006142, val_mae: 0.054640, val_r2: 0.706468
2024-05-22 20:19:20 Epoch 27: lr=1.25e-05
2024-05-22 20:20:31 [Epoch: 27] loss: 0.005073, mae: 0.050540, r2: 0.755983, val_loss: 0.006159, val_mae: 0.054987, val_r2: 0.705353
2024-05-22 20:20:31 Epoch 28: lr=1.25e-05
2024-05-22 20:21:42 [Epoch: 28] loss: 0.005064, mae: 0.050509, r2: 0.756379, val_loss: 0.006184, val_mae: 0.054622, val_r2: 0.705062
2024-05-22 20:21:43 Epoch 29: lr=1.25e-05
2024-05-22 20:22:53 [Epoch: 29] loss: 0.005066, mae: 0.050508, r2: 0.756480, val_loss: 0.006176, val_mae: 0.054603, val_r2: 0.705298
2024-05-22 20:22:54 Epoch 30: lr=1e-05
2024-05-22 20:24:04 [Epoch: 30] loss: 0.005033, mae: 0.050374, r2: 0.757807, val_loss: 0.006164, val_mae: 0.054801, val_r2: 0.705205
2024-05-22 20:24:04 Epoch 31: lr=1e-05
2024-05-22 20:25:15 [Epoch: 31] loss: 0.005038, mae: 0.050393, r2: 0.757524, val_loss: 0.006161, val_mae: 0.054592, val_r2: 0.705774
2024-05-22 20:25:15 Epoch 32: lr=1e-05
2024-05-22 20:26:26 [Epoch: 32] loss: 0.005032, mae: 0.050387, r2: 0.757889, val_loss: 0.006161, val_mae: 0.054742, val_r2: 0.705900
2024-05-22 20:26:26 Epoch 33: lr=1e-05
2024-05-22 20:27:37 [Epoch: 33] loss: 0.005036, mae: 0.050377, r2: 0.757643, val_loss: 0.006159, val_mae: 0.054648, val_r2: 0.705474
2024-05-22 20:27:37 Epoch 34: lr=1e-05
2024-05-22 20:28:48 [Epoch: 34] loss: 0.005024, mae: 0.050315, r2: 0.758303, val_loss: 0.006137, val_mae: 0.054599, val_r2: 0.706746
2024-05-22 20:28:48 Epoch 35: lr=1e-05
2024-05-22 20:29:59 [Epoch: 35] loss: 0.005011, mae: 0.050284, r2: 0.758736, val_loss: 0.006168, val_mae: 0.054557, val_r2: 0.705305
2024-05-22 20:29:59 Epoch 36: lr=1e-05
2024-05-22 20:31:10 [Epoch: 36] loss: 0.005009, mae: 0.050251, r2: 0.758939, val_loss: 0.006163, val_mae: 0.054688, val_r2: 0.705861
2024-05-22 20:31:10 Epoch 37: lr=1e-05
2024-05-22 20:32:21 [Epoch: 37] loss: 0.005006, mae: 0.050241, r2: 0.758973, val_loss: 0.006138, val_mae: 0.054533, val_r2: 0.706650
2024-05-22 20:32:21 Epoch 38: lr=1e-05
2024-05-22 20:33:31 [Epoch: 38] loss: 0.005002, mae: 0.050204, r2: 0.759399, val_loss: 0.006152, val_mae: 0.054608, val_r2: 0.706123
2024-05-22 20:33:31 Epoch 39: lr=1e-05
2024-05-22 20:34:42 [Epoch: 39] loss: 0.004994, mae: 0.050179, r2: 0.759586, val_loss: 0.006153, val_mae: 0.054645, val_r2: 0.706192
2024-05-22 20:34:42 Epoch 40: lr=1e-05
2024-05-22 20:35:53 [Epoch: 40] loss: 0.004990, mae: 0.050140, r2: 0.759995, val_loss: 0.006171, val_mae: 0.054765, val_r2: 0.705487
2024-05-22 20:35:53 Epoch 41: lr=1e-05
2024-05-22 20:37:03 [Epoch: 41] loss: 0.004994, mae: 0.050205, r2: 0.759710, val_loss: 0.006156, val_mae: 0.054460, val_r2: 0.706157
2024-05-22 20:37:03 Epoch 42: lr=1e-05
2024-05-22 20:38:14 [Epoch: 42] loss: 0.004980, mae: 0.050114, r2: 0.760297, val_loss: 0.006148, val_mae: 0.054623, val_r2: 0.706091
2024-05-22 20:38:14 Epoch 43: lr=1e-05
2024-05-22 20:39:24 [Epoch: 43] loss: 0.004974, mae: 0.050052, r2: 0.760377, val_loss: 0.006163, val_mae: 0.054640, val_r2: 0.705567
2024-05-22 20:39:24 Epoch 44: lr=1e-05
2024-05-22 20:40:35 [Epoch: 44] loss: 0.004963, mae: 0.050057, r2: 0.761023, val_loss: 0.006166, val_mae: 0.054670, val_r2: 0.706026
2024-05-22 20:40:35 history_length: 45
2024-05-22 20:40:35 stopping: early
2024-05-22 20:40:35 Comparing y_true and y_pred:
2024-05-22 20:40:35   mse: 0.00303320
2024-05-22 20:40:35   mae: 0.04637923
2024-05-22 20:40:35   r2: -0.68744898
2024-05-22 20:40:35   corr: 0.11722270
