2024-05-30 14:52:00 UNO RUN ...
2024-05-30 14:52:00 Params: {'model_name': 'uno', 'train_sources': ['CCLE'], 'test_sources': ['train'], 'cell_types': None, 'cell_features': ['rnaseq'], 'drug_features': ['descriptors'], 'dense': [1000, 1000, 1000, 1000, 1000], 'dense_feature_layers': [1000, 1000, 1000], 'activation': 'relu', 'loss': 'mse', 'optimizer': 'adamax', 'scaling': 'std', 'dropout': 0.1, 'epochs': 50, 'batch_size': 32, 'val_split': 0.2, 'cv': 1, 'max_val_loss': 1.0, 'learning_rate': 0.0001, 'base_lr': None, 'agg_dose': 'AUC', 'residual': False, 'reduce_lr': True, 'warmup_lr': True, 'batch_normalization': False, 'feature_subsample': 0, 'rng_seed': 2018, 'no_gen': False, 'verbose': False, 'preprocess_rnaseq': 'source_scale', 'gpus': [0], 'use_landmark_genes': True, 'no_feature_source': True, 'no_response_source': True, 'save_path': '/dev/shm/Uno/save/9002852.amn-0001/17', 'single': True, 'on_memory_loader': True, 'ckpt_checksum': True, 'ckpt_save_interval': 0, 'timeout': -1, 'train_bool': True, 'profiling': False, 'experiment_id': '9002852.amn-0001', 'run_id': '17', 'logfile': '/dev/shm/Uno/save/9002852.amn-0001/17/python.log', 'shuffle': False, 'ckpt_restart_mode': 'off', 'ckpt_skip_epochs': 0, 'ckpt_directory': '/dev/shm/Uno/save/9002852.amn-0001/17', 'ckpt_save_best': True, 'ckpt_save_best_metric': 'val_loss', 'ckpt_save_weights_only': False, 'ckpt_keep_mode': 'linear', 'ckpt_keep_limit': 5, 'by_cell': None, 'by_drug': None, 'cell_subset_path': '', 'drug_subset_path': '', 'drug_median_response_min': -1, 'drug_median_response_max': 1, 'dense_cell_feature_layers': None, 'dense_drug_feature_layers': None, 'use_filtered_genes': False, 'feature_subset_path': '', 'cell_feature_subset_path': '', 'drug_feature_subset_path': '', 'es': True, 'cp': False, 'tb': False, 'tb_prefix': 'tb', 'partition_by': None, 'cache': None, 'export_csv': None, 'export_data': None, 'use_exported_data': '/dev/shm/Uno/x1921c0s6b0n0.17.merged.landmark.h5', 'growth_bins': 0, 'initial_weights': None, 'save_weights': '/dev/shm/Uno/save/9002852.amn-0001/17/2.1.model.h5', 'config_file': '/home/brettin/CSC249ADOA01_CNDA/brettin/Benchmarks/Pilot1/Uno/uno_auc_model.txt', 'data_type': <class 'numpy.float32'>, 'data_dir': '/dev/shm/Uno/uno/Data', 'output_dir': '/dev/shm/Uno/uno/Output/9002852.amn-0001/17'}
2024-05-30 14:52:00 Feature encoding submodel for cell.rnaseq:
2024-05-30 14:52:00 Model: "cell.rnaseq"
2024-05-30 14:52:00 _________________________________________________________________
2024-05-30 14:52:00  Layer (type)                Output Shape              Param #   
2024-05-30 14:52:00 =================================================================
2024-05-30 14:52:00  input_1 (InputLayer)        [(None, 958)]             0         
2024-05-30 14:52:00                                                                  
2024-05-30 14:52:00  dense (Dense)               (None, 1000)              959000    
2024-05-30 14:52:00                                                                  
2024-05-30 14:52:00  permanent_dropout (Permane  (None, 1000)              0         
2024-05-30 14:52:00  ntDropout)                                                      
2024-05-30 14:52:00                                                                  
2024-05-30 14:52:00  dense_1 (Dense)             (None, 1000)              1001000   
2024-05-30 14:52:00                                                                  
2024-05-30 14:52:00  permanent_dropout_1 (Perma  (None, 1000)              0         
2024-05-30 14:52:00  nentDropout)                                                    
2024-05-30 14:52:00                                                                  
2024-05-30 14:52:00  dense_2 (Dense)             (None, 1000)              1001000   
2024-05-30 14:52:00                                                                  
2024-05-30 14:52:00  permanent_dropout_2 (Perma  (None, 1000)              0         
2024-05-30 14:52:00  nentDropout)                                                    
2024-05-30 14:52:00                                                                  
2024-05-30 14:52:00 =================================================================
2024-05-30 14:52:00 Total params: 2961000 (11.30 MB)
2024-05-30 14:52:00 Trainable params: 2961000 (11.30 MB)
2024-05-30 14:52:00 Non-trainable params: 0 (0.00 Byte)
2024-05-30 14:52:00 _________________________________________________________________
2024-05-30 14:52:00 Feature encoding submodel for drug.descriptors:
2024-05-30 14:52:00 Model: "drug.descriptors"
2024-05-30 14:52:00 _________________________________________________________________
2024-05-30 14:52:00  Layer (type)                Output Shape              Param #   
2024-05-30 14:52:00 =================================================================
2024-05-30 14:52:00  input_2 (InputLayer)        [(None, 1613)]            0         
2024-05-30 14:52:00                                                                  
2024-05-30 14:52:00  dense_3 (Dense)             (None, 1000)              1614000   
2024-05-30 14:52:00                                                                  
2024-05-30 14:52:00  permanent_dropout_3 (Perma  (None, 1000)              0         
2024-05-30 14:52:00  nentDropout)                                                    
2024-05-30 14:52:00                                                                  
2024-05-30 14:52:00  dense_4 (Dense)             (None, 1000)              1001000   
2024-05-30 14:52:00                                                                  
2024-05-30 14:52:00  permanent_dropout_4 (Perma  (None, 1000)              0         
2024-05-30 14:52:00  nentDropout)                                                    
2024-05-30 14:52:00                                                                  
2024-05-30 14:52:00  dense_5 (Dense)             (None, 1000)              1001000   
2024-05-30 14:52:00                                                                  
2024-05-30 14:52:00  permanent_dropout_5 (Perma  (None, 1000)              0         
2024-05-30 14:52:00  nentDropout)                                                    
2024-05-30 14:52:00                                                                  
2024-05-30 14:52:00 =================================================================
2024-05-30 14:52:00 Total params: 3616000 (13.79 MB)
2024-05-30 14:52:00 Trainable params: 3616000 (13.79 MB)
2024-05-30 14:52:00 Non-trainable params: 0 (0.00 Byte)
2024-05-30 14:52:00 _________________________________________________________________
2024-05-30 14:52:00 Combined model:
2024-05-30 14:52:00 Model: "model"
2024-05-30 14:52:00 __________________________________________________________________________________________________
2024-05-30 14:52:00  Layer (type)                Output Shape                 Param #   Connected to                  
2024-05-30 14:52:00 ==================================================================================================
2024-05-30 14:52:00  input.cell.rnaseq (InputLa  [(None, 958)]                0         []                            
2024-05-30 14:52:00  yer)                                                                                             
2024-05-30 14:52:00                                                                                                   
2024-05-30 14:52:00  input.drug1.descriptors (I  [(None, 1613)]               0         []                            
2024-05-30 14:52:00  nputLayer)                                                                                       
2024-05-30 14:52:00                                                                                                   
2024-05-30 14:52:00  cell.rnaseq (Functional)    (None, 1000)                 2961000   ['input.cell.rnaseq[0][0]']   
2024-05-30 14:52:00                                                                                                   
2024-05-30 14:52:00  drug.descriptors (Function  (None, 1000)                 3616000   ['input.drug1.descriptors[0][0
2024-05-30 14:52:00  al)                                                                ]']                           
2024-05-30 14:52:00                                                                                                   
2024-05-30 14:52:00  concatenate (Concatenate)   (None, 2000)                 0         ['cell.rnaseq[0][0]',         
2024-05-30 14:52:00                                                                      'drug.descriptors[0][0]']    
2024-05-30 14:52:00                                                                                                   
2024-05-30 14:52:00  dense_6 (Dense)             (None, 1000)                 2001000   ['concatenate[0][0]']         
2024-05-30 14:52:00                                                                                                   
2024-05-30 14:52:00  permanent_dropout_6 (Perma  (None, 1000)                 0         ['dense_6[0][0]']             
2024-05-30 14:52:00  nentDropout)                                                                                     
2024-05-30 14:52:00                                                                                                   
2024-05-30 14:52:00  dense_7 (Dense)             (None, 1000)                 1001000   ['permanent_dropout_6[0][0]'] 
2024-05-30 14:52:00                                                                                                   
2024-05-30 14:52:00  permanent_dropout_7 (Perma  (None, 1000)                 0         ['dense_7[0][0]']             
2024-05-30 14:52:00  nentDropout)                                                                                     
2024-05-30 14:52:00                                                                                                   
2024-05-30 14:52:00  dense_8 (Dense)             (None, 1000)                 1001000   ['permanent_dropout_7[0][0]'] 
2024-05-30 14:52:00                                                                                                   
2024-05-30 14:52:00  permanent_dropout_8 (Perma  (None, 1000)                 0         ['dense_8[0][0]']             
2024-05-30 14:52:00  nentDropout)                                                                                     
2024-05-30 14:52:00                                                                                                   
2024-05-30 14:52:00  dense_9 (Dense)             (None, 1000)                 1001000   ['permanent_dropout_8[0][0]'] 
2024-05-30 14:52:00                                                                                                   
2024-05-30 14:52:00  permanent_dropout_9 (Perma  (None, 1000)                 0         ['dense_9[0][0]']             
2024-05-30 14:52:00  nentDropout)                                                                                     
2024-05-30 14:52:00                                                                                                   
2024-05-30 14:52:00  dense_10 (Dense)            (None, 1000)                 1001000   ['permanent_dropout_9[0][0]'] 
2024-05-30 14:52:00                                                                                                   
2024-05-30 14:52:00  permanent_dropout_10 (Perm  (None, 1000)                 0         ['dense_10[0][0]']            
2024-05-30 14:52:00  anentDropout)                                                                                    
2024-05-30 14:52:00                                                                                                   
2024-05-30 14:52:00  dense_11 (Dense)            (None, 1)                    1001      ['permanent_dropout_10[0][0]']
2024-05-30 14:52:00                                                                                                   
2024-05-30 14:52:00 ==================================================================================================
2024-05-30 14:52:00 Total params: 12583001 (48.00 MB)
2024-05-30 14:52:00 Trainable params: 12583001 (48.00 MB)
2024-05-30 14:52:00 Non-trainable params: 0 (0.00 Byte)
2024-05-30 14:52:00 __________________________________________________________________________________________________
2024-05-30 14:52:00 CKPT CONSTRUCT...
2024-05-30 14:52:00 CKPT CONSTRUCT OK.
2024-05-30 14:52:00 template model: <keras.src.engine.functional.Functional object at 0x14f541d1f700>
2024-05-30 14:53:16 COMPILE
2024-05-30 14:53:16 Will save weights to: /dev/shm/Uno/save/9002852.amn-0001/17/2.1.model.h5
2024-05-30 14:53:32 Between random pairs in y_val:
2024-05-30 14:53:32   mse: 0.04815485
2024-05-30 14:53:32   mae: 0.16065526
2024-05-30 14:53:32   r2: -1.00554509
2024-05-30 14:53:32   corr: -0.00277255
2024-05-30 14:53:32 Data points per epoch: train = 468708, val = 117178, test = 1823
2024-05-30 14:53:32 Steps per epoch: train = 14647, val = 3661, test = 56
2024-05-30 14:53:32 Epoch 0: lr=0.001
2024-05-30 14:54:44 [Epoch: 0] loss: 0.025411, mae: 0.079308, r2: -0.189630, val_loss: 0.008959, val_mae: 0.070799, val_r2: 0.577057
2024-05-30 14:54:44 Epoch 1: lr=0.00082
2024-05-30 14:55:55 [Epoch: 1] loss: 0.008009, mae: 0.064026, r2: 0.620180, val_loss: 0.007657, val_mae: 0.061843, val_r2: 0.642735
2024-05-30 14:55:55 Epoch 2: lr=0.00064
2024-05-30 14:57:05 [Epoch: 2] loss: 0.007310, mae: 0.060798, r2: 0.652469, val_loss: 0.007412, val_mae: 0.060313, val_r2: 0.653998
2024-05-30 14:57:05 Epoch 3: lr=0.00046
2024-05-30 14:58:15 [Epoch: 3] loss: 0.006837, mae: 0.058644, r2: 0.673943, val_loss: 0.006828, val_mae: 0.058459, val_r2: 0.678821
2024-05-30 14:58:15 Epoch 4: lr=0.00028
2024-05-30 14:59:26 [Epoch: 4] loss: 0.006441, mae: 0.056788, r2: 0.691729, val_loss: 0.006748, val_mae: 0.057428, val_r2: 0.680631
2024-05-30 14:59:26 Epoch 5: lr=0.0001
2024-05-30 15:00:36 [Epoch: 5] loss: 0.006099, mae: 0.055234, r2: 0.707952, val_loss: 0.006445, val_mae: 0.056561, val_r2: 0.696548
2024-05-30 15:00:36 Epoch 6: lr=0.0001
2024-05-30 15:01:46 [Epoch: 6] loss: 0.005994, mae: 0.054752, r2: 0.712591, val_loss: 0.006376, val_mae: 0.056197, val_r2: 0.698025
2024-05-30 15:01:46 Epoch 7: lr=0.0001
2024-05-30 15:02:56 [Epoch: 7] loss: 0.005919, mae: 0.054412, r2: 0.716153, val_loss: 0.006374, val_mae: 0.056220, val_r2: 0.698416
2024-05-30 15:02:56 Epoch 8: lr=0.0001
2024-05-30 15:04:05 [Epoch: 8] loss: 0.005840, mae: 0.054055, r2: 0.719802, val_loss: 0.006350, val_mae: 0.055849, val_r2: 0.699385
2024-05-30 15:04:05 Epoch 9: lr=0.0001
2024-05-30 15:05:16 [Epoch: 9] loss: 0.005782, mae: 0.053775, r2: 0.722490, val_loss: 0.006327, val_mae: 0.055918, val_r2: 0.699565
2024-05-30 15:05:16 Epoch 10: lr=0.0001
2024-05-30 15:06:26 [Epoch: 10] loss: 0.005711, mae: 0.053496, r2: 0.725722, val_loss: 0.006270, val_mae: 0.055313, val_r2: 0.703430
2024-05-30 15:06:26 Epoch 11: lr=0.0001
2024-05-30 15:07:36 [Epoch: 11] loss: 0.005657, mae: 0.053234, r2: 0.728178, val_loss: 0.006281, val_mae: 0.055558, val_r2: 0.701083
2024-05-30 15:07:37 Epoch 12: lr=0.0001
2024-05-30 15:08:46 [Epoch: 12] loss: 0.005606, mae: 0.053009, r2: 0.730926, val_loss: 0.006281, val_mae: 0.055210, val_r2: 0.703564
2024-05-30 15:08:47 Epoch 13: lr=0.0001
2024-05-30 15:09:57 [Epoch: 13] loss: 0.005547, mae: 0.052696, r2: 0.733422, val_loss: 0.006244, val_mae: 0.054981, val_r2: 0.703614
2024-05-30 15:09:57 Epoch 14: lr=0.0001
2024-05-30 15:11:07 [Epoch: 14] loss: 0.005500, mae: 0.052543, r2: 0.735465, val_loss: 0.006214, val_mae: 0.055236, val_r2: 0.705470
2024-05-30 15:11:07 Epoch 15: lr=0.0001
2024-05-30 15:12:18 [Epoch: 15] loss: 0.005447, mae: 0.052232, r2: 0.737925, val_loss: 0.006209, val_mae: 0.055101, val_r2: 0.705188
2024-05-30 15:12:18 Epoch 16: lr=0.0001
2024-05-30 15:13:28 [Epoch: 16] loss: 0.005398, mae: 0.052083, r2: 0.740304, val_loss: 0.006226, val_mae: 0.054910, val_r2: 0.705118
2024-05-30 15:13:28 Epoch 17: lr=0.0001
2024-05-30 15:14:38 [Epoch: 17] loss: 0.005354, mae: 0.051836, r2: 0.742166, val_loss: 0.006196, val_mae: 0.055124, val_r2: 0.706567
2024-05-30 15:14:38 Epoch 18: lr=0.0001
2024-05-30 15:15:48 [Epoch: 18] loss: 0.005301, mae: 0.051595, r2: 0.744768, val_loss: 0.006144, val_mae: 0.055252, val_r2: 0.707864
2024-05-30 15:15:48 Epoch 19: lr=0.0001
2024-05-30 15:16:59 [Epoch: 19] loss: 0.005261, mae: 0.051408, r2: 0.746620, val_loss: 0.006137, val_mae: 0.055083, val_r2: 0.708268
2024-05-30 15:16:59 Epoch 20: lr=5e-05
2024-05-30 15:18:09 [Epoch: 20] loss: 0.005152, mae: 0.050907, r2: 0.751693, val_loss: 0.006112, val_mae: 0.054474, val_r2: 0.710371
2024-05-30 15:18:09 Epoch 21: lr=5e-05
2024-05-30 15:19:19 [Epoch: 21] loss: 0.005110, mae: 0.050678, r2: 0.753697, val_loss: 0.006142, val_mae: 0.054546, val_r2: 0.708317
2024-05-30 15:19:19 Epoch 22: lr=5e-05
2024-05-30 15:20:29 [Epoch: 22] loss: 0.005080, mae: 0.050542, r2: 0.754854, val_loss: 0.006098, val_mae: 0.054552, val_r2: 0.711238
2024-05-30 15:20:29 Epoch 23: lr=5e-05
2024-05-30 15:21:40 [Epoch: 23] loss: 0.005062, mae: 0.050428, r2: 0.755873, val_loss: 0.006132, val_mae: 0.054471, val_r2: 0.708666
2024-05-30 15:21:40 Epoch 24: lr=5e-05
2024-05-30 15:22:50 [Epoch: 24] loss: 0.005024, mae: 0.050243, r2: 0.757784, val_loss: 0.006144, val_mae: 0.054588, val_r2: 0.707632
2024-05-30 15:22:50 Epoch 25: lr=5e-05
2024-05-30 15:24:00 [Epoch: 25] loss: 0.005008, mae: 0.050205, r2: 0.758452, val_loss: 0.006151, val_mae: 0.055133, val_r2: 0.707059
2024-05-30 15:24:00 Epoch 26: lr=2.5e-05
2024-05-30 15:25:11 [Epoch: 26] loss: 0.004952, mae: 0.049928, r2: 0.761008, val_loss: 0.006110, val_mae: 0.054432, val_r2: 0.709117
2024-05-30 15:25:11 Epoch 27: lr=2.5e-05
2024-05-30 15:26:22 [Epoch: 27] loss: 0.004923, mae: 0.049780, r2: 0.762318, val_loss: 0.006130, val_mae: 0.054239, val_r2: 0.708751
2024-05-30 15:26:22 Epoch 28: lr=2.5e-05
2024-05-30 15:27:31 [Epoch: 28] loss: 0.004914, mae: 0.049724, r2: 0.762881, val_loss: 0.006139, val_mae: 0.054336, val_r2: 0.708125
2024-05-30 15:27:32 Epoch 29: lr=2.5e-05
2024-05-30 15:28:42 [Epoch: 29] loss: 0.004908, mae: 0.049730, r2: 0.763367, val_loss: 0.006088, val_mae: 0.054396, val_r2: 0.710961
2024-05-30 15:28:42 Epoch 30: lr=2.5e-05
2024-05-30 15:29:51 [Epoch: 30] loss: 0.004894, mae: 0.049665, r2: 0.763831, val_loss: 0.006105, val_mae: 0.054684, val_r2: 0.709801
2024-05-30 15:29:52 Epoch 31: lr=1.25e-05
2024-05-30 15:31:02 [Epoch: 31] loss: 0.004853, mae: 0.049463, r2: 0.765705, val_loss: 0.006097, val_mae: 0.054224, val_r2: 0.709710
2024-05-30 15:31:02 Epoch 32: lr=1.25e-05
2024-05-30 15:32:13 [Epoch: 32] loss: 0.004844, mae: 0.049415, r2: 0.766184, val_loss: 0.006113, val_mae: 0.054544, val_r2: 0.709387
2024-05-30 15:32:13 Epoch 33: lr=1.25e-05
2024-05-30 15:33:23 [Epoch: 33] loss: 0.004831, mae: 0.049369, r2: 0.766859, val_loss: 0.006115, val_mae: 0.054350, val_r2: 0.709357
2024-05-30 15:33:23 Epoch 34: lr=1.25e-05
2024-05-30 15:34:33 [Epoch: 34] loss: 0.004831, mae: 0.049348, r2: 0.766999, val_loss: 0.006111, val_mae: 0.054348, val_r2: 0.708976
2024-05-30 15:34:33 Epoch 35: lr=1.25e-05
2024-05-30 15:35:44 [Epoch: 35] loss: 0.004818, mae: 0.049270, r2: 0.767422, val_loss: 0.006122, val_mae: 0.054558, val_r2: 0.708667
2024-05-30 15:35:44 Epoch 36: lr=1e-05
2024-05-30 15:36:54 [Epoch: 36] loss: 0.004829, mae: 0.049299, r2: 0.766831, val_loss: 0.006089, val_mae: 0.054488, val_r2: 0.710404
2024-05-30 15:36:54 Epoch 37: lr=1e-05
2024-05-30 15:38:05 [Epoch: 37] loss: 0.004815, mae: 0.049250, r2: 0.767557, val_loss: 0.006108, val_mae: 0.054378, val_r2: 0.709817
2024-05-30 15:38:05 Epoch 38: lr=1e-05
2024-05-30 15:39:15 [Epoch: 38] loss: 0.004803, mae: 0.049173, r2: 0.768045, val_loss: 0.006105, val_mae: 0.054308, val_r2: 0.709637
2024-05-30 15:39:15 Epoch 39: lr=1e-05
2024-05-30 15:40:25 [Epoch: 39] loss: 0.004794, mae: 0.049188, r2: 0.768498, val_loss: 0.006100, val_mae: 0.054257, val_r2: 0.709988
2024-05-30 15:40:25 history_length: 40
2024-05-30 15:40:25 stopping: early
2024-05-30 15:40:25 Comparing y_true and y_pred:
2024-05-30 15:40:25   mse: 0.01462801
2024-05-30 15:40:25   mae: 0.10046590
2024-05-30 15:40:25   r2: -1.22098925
2024-05-30 15:40:25   corr: 0.26992343
