2024-05-09 11:42:30 UNO RUN ...
2024-05-09 11:42:30 Params: {'model_name': 'uno', 'train_sources': ['CCLE'], 'test_sources': ['train'], 'cell_types': None, 'cell_features': ['rnaseq'], 'drug_features': ['descriptors'], 'dense': [1000, 1000, 1000, 1000, 1000], 'dense_feature_layers': [1000, 1000, 1000], 'activation': 'relu', 'loss': 'mse', 'optimizer': 'adamax', 'scaling': 'std', 'dropout': 0.1, 'epochs': 30, 'batch_size': 32, 'val_split': 0.2, 'cv': 1, 'max_val_loss': 1.0, 'learning_rate': 0.0001, 'base_lr': None, 'agg_dose': 'AUC', 'residual': False, 'reduce_lr': True, 'warmup_lr': True, 'batch_normalization': False, 'feature_subsample': 0, 'rng_seed': 2018, 'no_gen': False, 'verbose': False, 'preprocess_rnaseq': 'source_scale', 'gpus': [0], 'use_landmark_genes': True, 'no_feature_source': True, 'no_response_source': True, 'save_path': '/dev/shm/Uno/save/8996461.amn-0001/107', 'single': True, 'on_memory_loader': True, 'ckpt_checksum': True, 'ckpt_save_interval': 0, 'timeout': -1, 'train_bool': True, 'profiling': False, 'experiment_id': '8996461.amn-0001', 'run_id': '107', 'logfile': '/dev/shm/Uno/save/8996461.amn-0001/107/python.log', 'shuffle': False, 'ckpt_restart_mode': 'off', 'ckpt_skip_epochs': 0, 'ckpt_directory': '/dev/shm/Uno/save/8996461.amn-0001/107', 'ckpt_save_best': True, 'ckpt_save_best_metric': 'val_loss', 'ckpt_save_weights_only': False, 'ckpt_keep_mode': 'linear', 'ckpt_keep_limit': 5, 'by_cell': None, 'by_drug': None, 'cell_subset_path': '', 'drug_subset_path': '', 'drug_median_response_min': -1, 'drug_median_response_max': 1, 'dense_cell_feature_layers': None, 'dense_drug_feature_layers': None, 'use_filtered_genes': False, 'feature_subset_path': '', 'cell_feature_subset_path': '', 'drug_feature_subset_path': '', 'es': True, 'cp': False, 'tb': False, 'tb_prefix': 'tb', 'partition_by': None, 'cache': None, 'export_csv': None, 'export_data': None, 'use_exported_data': '/dev/shm/Uno/x1921c1s6b0n0.107.merged.landmark.h5', 'growth_bins': 0, 'initial_weights': None, 'save_weights': '/dev/shm/Uno/save/8996461.amn-0001/107/5.1.model.h5', 'config_file': '/home/brettin/CSC249ADOA01_CNDA/brettin/Benchmarks/Pilot1/Uno/uno_auc_model.txt', 'data_type': <class 'numpy.float32'>, 'data_dir': '/dev/shm/Uno/uno/Data', 'output_dir': '/dev/shm/Uno/uno/Output/8996461.amn-0001/107'}
2024-05-09 11:42:31 Feature encoding submodel for cell.rnaseq:
2024-05-09 11:42:31 Model: "cell.rnaseq"
2024-05-09 11:42:31 _________________________________________________________________
2024-05-09 11:42:31  Layer (type)                Output Shape              Param #   
2024-05-09 11:42:31 =================================================================
2024-05-09 11:42:31  input_1 (InputLayer)        [(None, 958)]             0         
2024-05-09 11:42:31                                                                  
2024-05-09 11:42:31  dense (Dense)               (None, 1000)              959000    
2024-05-09 11:42:31                                                                  
2024-05-09 11:42:31  permanent_dropout (Permane  (None, 1000)              0         
2024-05-09 11:42:31  ntDropout)                                                      
2024-05-09 11:42:31                                                                  
2024-05-09 11:42:31  dense_1 (Dense)             (None, 1000)              1001000   
2024-05-09 11:42:31                                                                  
2024-05-09 11:42:31  permanent_dropout_1 (Perma  (None, 1000)              0         
2024-05-09 11:42:31  nentDropout)                                                    
2024-05-09 11:42:31                                                                  
2024-05-09 11:42:31  dense_2 (Dense)             (None, 1000)              1001000   
2024-05-09 11:42:31                                                                  
2024-05-09 11:42:31  permanent_dropout_2 (Perma  (None, 1000)              0         
2024-05-09 11:42:31  nentDropout)                                                    
2024-05-09 11:42:31                                                                  
2024-05-09 11:42:31 =================================================================
2024-05-09 11:42:31 Total params: 2961000 (11.30 MB)
2024-05-09 11:42:31 Trainable params: 2961000 (11.30 MB)
2024-05-09 11:42:31 Non-trainable params: 0 (0.00 Byte)
2024-05-09 11:42:31 _________________________________________________________________
2024-05-09 11:42:31 Feature encoding submodel for drug.descriptors:
2024-05-09 11:42:31 Model: "drug.descriptors"
2024-05-09 11:42:31 _________________________________________________________________
2024-05-09 11:42:31  Layer (type)                Output Shape              Param #   
2024-05-09 11:42:31 =================================================================
2024-05-09 11:42:31  input_2 (InputLayer)        [(None, 1613)]            0         
2024-05-09 11:42:31                                                                  
2024-05-09 11:42:31  dense_3 (Dense)             (None, 1000)              1614000   
2024-05-09 11:42:31                                                                  
2024-05-09 11:42:31  permanent_dropout_3 (Perma  (None, 1000)              0         
2024-05-09 11:42:31  nentDropout)                                                    
2024-05-09 11:42:31                                                                  
2024-05-09 11:42:31  dense_4 (Dense)             (None, 1000)              1001000   
2024-05-09 11:42:31                                                                  
2024-05-09 11:42:31  permanent_dropout_4 (Perma  (None, 1000)              0         
2024-05-09 11:42:31  nentDropout)                                                    
2024-05-09 11:42:31                                                                  
2024-05-09 11:42:31  dense_5 (Dense)             (None, 1000)              1001000   
2024-05-09 11:42:31                                                                  
2024-05-09 11:42:31  permanent_dropout_5 (Perma  (None, 1000)              0         
2024-05-09 11:42:31  nentDropout)                                                    
2024-05-09 11:42:31                                                                  
2024-05-09 11:42:31 =================================================================
2024-05-09 11:42:31 Total params: 3616000 (13.79 MB)
2024-05-09 11:42:31 Trainable params: 3616000 (13.79 MB)
2024-05-09 11:42:31 Non-trainable params: 0 (0.00 Byte)
2024-05-09 11:42:31 _________________________________________________________________
2024-05-09 11:42:31 Combined model:
2024-05-09 11:42:31 Model: "model"
2024-05-09 11:42:31 __________________________________________________________________________________________________
2024-05-09 11:42:31  Layer (type)                Output Shape                 Param #   Connected to                  
2024-05-09 11:42:31 ==================================================================================================
2024-05-09 11:42:31  input.cell.rnaseq (InputLa  [(None, 958)]                0         []                            
2024-05-09 11:42:31  yer)                                                                                             
2024-05-09 11:42:31                                                                                                   
2024-05-09 11:42:31  input.drug1.descriptors (I  [(None, 1613)]               0         []                            
2024-05-09 11:42:31  nputLayer)                                                                                       
2024-05-09 11:42:31                                                                                                   
2024-05-09 11:42:31  cell.rnaseq (Functional)    (None, 1000)                 2961000   ['input.cell.rnaseq[0][0]']   
2024-05-09 11:42:31                                                                                                   
2024-05-09 11:42:31  drug.descriptors (Function  (None, 1000)                 3616000   ['input.drug1.descriptors[0][0
2024-05-09 11:42:31  al)                                                                ]']                           
2024-05-09 11:42:31                                                                                                   
2024-05-09 11:42:31  concatenate (Concatenate)   (None, 2000)                 0         ['cell.rnaseq[0][0]',         
2024-05-09 11:42:31                                                                      'drug.descriptors[0][0]']    
2024-05-09 11:42:31                                                                                                   
2024-05-09 11:42:31  dense_6 (Dense)             (None, 1000)                 2001000   ['concatenate[0][0]']         
2024-05-09 11:42:31                                                                                                   
2024-05-09 11:42:31  permanent_dropout_6 (Perma  (None, 1000)                 0         ['dense_6[0][0]']             
2024-05-09 11:42:31  nentDropout)                                                                                     
2024-05-09 11:42:31                                                                                                   
2024-05-09 11:42:31  dense_7 (Dense)             (None, 1000)                 1001000   ['permanent_dropout_6[0][0]'] 
2024-05-09 11:42:31                                                                                                   
2024-05-09 11:42:31  permanent_dropout_7 (Perma  (None, 1000)                 0         ['dense_7[0][0]']             
2024-05-09 11:42:31  nentDropout)                                                                                     
2024-05-09 11:42:31                                                                                                   
2024-05-09 11:42:31  dense_8 (Dense)             (None, 1000)                 1001000   ['permanent_dropout_7[0][0]'] 
2024-05-09 11:42:31                                                                                                   
2024-05-09 11:42:31  permanent_dropout_8 (Perma  (None, 1000)                 0         ['dense_8[0][0]']             
2024-05-09 11:42:31  nentDropout)                                                                                     
2024-05-09 11:42:31                                                                                                   
2024-05-09 11:42:31  dense_9 (Dense)             (None, 1000)                 1001000   ['permanent_dropout_8[0][0]'] 
2024-05-09 11:42:31                                                                                                   
2024-05-09 11:42:31  permanent_dropout_9 (Perma  (None, 1000)                 0         ['dense_9[0][0]']             
2024-05-09 11:42:31  nentDropout)                                                                                     
2024-05-09 11:42:31                                                                                                   
2024-05-09 11:42:31  dense_10 (Dense)            (None, 1000)                 1001000   ['permanent_dropout_9[0][0]'] 
2024-05-09 11:42:31                                                                                                   
2024-05-09 11:42:31  permanent_dropout_10 (Perm  (None, 1000)                 0         ['dense_10[0][0]']            
2024-05-09 11:42:31  anentDropout)                                                                                    
2024-05-09 11:42:31                                                                                                   
2024-05-09 11:42:31  dense_11 (Dense)            (None, 1)                    1001      ['permanent_dropout_10[0][0]']
2024-05-09 11:42:31                                                                                                   
2024-05-09 11:42:31 ==================================================================================================
2024-05-09 11:42:31 Total params: 12583001 (48.00 MB)
2024-05-09 11:42:31 Trainable params: 12583001 (48.00 MB)
2024-05-09 11:42:31 Non-trainable params: 0 (0.00 Byte)
2024-05-09 11:42:31 __________________________________________________________________________________________________
2024-05-09 11:42:31 CKPT CONSTRUCT...
2024-05-09 11:42:31 CKPT CONSTRUCT OK.
2024-05-09 11:42:31 template model: <keras.src.engine.functional.Functional object at 0x14bee6941700>
2024-05-09 11:42:33 COMPILE
2024-05-09 11:42:33 Will save weights to: /dev/shm/Uno/save/8996461.amn-0001/107/5.1.model.h5
2024-05-09 11:42:49 Between random pairs in y_val:
2024-05-09 11:42:49   mse: 0.04754325
2024-05-09 11:42:49   mae: 0.15945243
2024-05-09 11:42:49   r2: -1.00219130
2024-05-09 11:42:49   corr: -0.00109565
2024-05-09 11:42:49 Data points per epoch: train = 470167, val = 117542, test = 617
2024-05-09 11:42:49 Steps per epoch: train = 14692, val = 3673, test = 19
2024-05-09 11:42:49 Epoch 0: lr=0.001
2024-05-09 11:44:03 [Epoch: 0] loss: 0.023814, mae: 0.079195, r2: 0.146100, val_loss: 0.008779, val_mae: 0.066825, val_r2: 0.581393
2024-05-09 11:44:03 Epoch 1: lr=0.00082
2024-05-09 11:45:15 [Epoch: 1] loss: 0.007985, mae: 0.063883, r2: 0.621356, val_loss: 0.007716, val_mae: 0.061806, val_r2: 0.629548
2024-05-09 11:45:15 Epoch 2: lr=0.00064
2024-05-09 11:46:26 [Epoch: 2] loss: 0.007300, mae: 0.060743, r2: 0.653082, val_loss: 0.007122, val_mae: 0.059732, val_r2: 0.657658
2024-05-09 11:46:26 Epoch 3: lr=0.00046
2024-05-09 11:47:38 [Epoch: 3] loss: 0.006831, mae: 0.058670, r2: 0.674362, val_loss: 0.006775, val_mae: 0.058771, val_r2: 0.675051
2024-05-09 11:47:38 Epoch 4: lr=0.00028
2024-05-09 11:48:49 [Epoch: 4] loss: 0.006440, mae: 0.056810, r2: 0.692570, val_loss: 0.006599, val_mae: 0.057412, val_r2: 0.683882
2024-05-09 11:48:49 Epoch 5: lr=0.0001
2024-05-09 11:50:01 [Epoch: 5] loss: 0.006118, mae: 0.055320, r2: 0.707518, val_loss: 0.006394, val_mae: 0.056057, val_r2: 0.691310
2024-05-09 11:50:01 Epoch 6: lr=0.0001
2024-05-09 11:51:12 [Epoch: 6] loss: 0.006007, mae: 0.054822, r2: 0.712446, val_loss: 0.006330, val_mae: 0.055760, val_r2: 0.695385
2024-05-09 11:51:13 Epoch 7: lr=0.0001
2024-05-09 11:52:24 [Epoch: 7] loss: 0.005928, mae: 0.054406, r2: 0.716094, val_loss: 0.006333, val_mae: 0.055685, val_r2: 0.694095
2024-05-09 11:52:24 Epoch 8: lr=0.0001
2024-05-09 11:53:36 [Epoch: 8] loss: 0.005851, mae: 0.054127, r2: 0.719562, val_loss: 0.006264, val_mae: 0.055912, val_r2: 0.697739
2024-05-09 11:53:36 Epoch 9: lr=0.0001
2024-05-09 11:54:48 [Epoch: 9] loss: 0.005787, mae: 0.053819, r2: 0.722626, val_loss: 0.006240, val_mae: 0.055783, val_r2: 0.699776
2024-05-09 11:54:48 Epoch 10: lr=0.0001
2024-05-09 11:56:00 [Epoch: 10] loss: 0.005729, mae: 0.053539, r2: 0.725364, val_loss: 0.006238, val_mae: 0.055543, val_r2: 0.698917
2024-05-09 11:56:00 Epoch 11: lr=0.0001
2024-05-09 11:57:12 [Epoch: 11] loss: 0.005669, mae: 0.053249, r2: 0.728334, val_loss: 0.006223, val_mae: 0.055787, val_r2: 0.698832
2024-05-09 11:57:12 Epoch 12: lr=0.0001
2024-05-09 11:58:24 [Epoch: 12] loss: 0.005617, mae: 0.053052, r2: 0.730696, val_loss: 0.006175, val_mae: 0.055640, val_r2: 0.702022
2024-05-09 11:58:24 Epoch 13: lr=0.0001
2024-05-09 11:59:35 [Epoch: 13] loss: 0.005566, mae: 0.052822, r2: 0.732794, val_loss: 0.006178, val_mae: 0.055759, val_r2: 0.701968
2024-05-09 11:59:35 Epoch 14: lr=5e-05
2024-05-09 12:00:47 [Epoch: 14] loss: 0.005434, mae: 0.052191, r2: 0.738907, val_loss: 0.006129, val_mae: 0.054768, val_r2: 0.703925
2024-05-09 12:00:47 Epoch 15: lr=5e-05
2024-05-09 12:01:58 [Epoch: 15] loss: 0.005402, mae: 0.052066, r2: 0.740342, val_loss: 0.006144, val_mae: 0.054794, val_r2: 0.703965
2024-05-09 12:01:59 Epoch 16: lr=5e-05
2024-05-09 12:03:11 [Epoch: 16] loss: 0.005365, mae: 0.051875, r2: 0.742315, val_loss: 0.006133, val_mae: 0.054734, val_r2: 0.704120
2024-05-09 12:03:11 Epoch 17: lr=5e-05
2024-05-09 12:04:22 [Epoch: 17] loss: 0.005333, mae: 0.051764, r2: 0.743789, val_loss: 0.006138, val_mae: 0.054948, val_r2: 0.704172
2024-05-09 12:04:23 Epoch 18: lr=5e-05
2024-05-09 12:05:34 [Epoch: 18] loss: 0.005312, mae: 0.051618, r2: 0.744851, val_loss: 0.006138, val_mae: 0.054651, val_r2: 0.703305
2024-05-09 12:05:35 Epoch 19: lr=5e-05
2024-05-09 12:06:46 [Epoch: 19] loss: 0.005280, mae: 0.051480, r2: 0.746305, val_loss: 0.006145, val_mae: 0.055428, val_r2: 0.702289
2024-05-09 12:06:46 Epoch 20: lr=2.5e-05
2024-05-09 12:07:58 [Epoch: 20] loss: 0.005216, mae: 0.051166, r2: 0.749098, val_loss: 0.006099, val_mae: 0.054786, val_r2: 0.705002
2024-05-09 12:07:58 Epoch 21: lr=2.5e-05
2024-05-09 12:09:10 [Epoch: 21] loss: 0.005190, mae: 0.051049, r2: 0.750394, val_loss: 0.006116, val_mae: 0.054824, val_r2: 0.704473
2024-05-09 12:09:10 Epoch 22: lr=2.5e-05
2024-05-09 12:10:21 [Epoch: 22] loss: 0.005179, mae: 0.050997, r2: 0.750941, val_loss: 0.006111, val_mae: 0.054962, val_r2: 0.704169
2024-05-09 12:10:21 Epoch 23: lr=2.5e-05
2024-05-09 12:11:33 [Epoch: 23] loss: 0.005155, mae: 0.050908, r2: 0.751987, val_loss: 0.006121, val_mae: 0.054986, val_r2: 0.703625
2024-05-09 12:11:33 Epoch 24: lr=2.5e-05
2024-05-09 12:12:45 [Epoch: 24] loss: 0.005155, mae: 0.050872, r2: 0.752208, val_loss: 0.006105, val_mae: 0.054811, val_r2: 0.704804
2024-05-09 12:12:45 Epoch 25: lr=1.25e-05
2024-05-09 12:13:57 [Epoch: 25] loss: 0.005108, mae: 0.050650, r2: 0.754298, val_loss: 0.006086, val_mae: 0.054725, val_r2: 0.705961
2024-05-09 12:13:57 Epoch 26: lr=1.25e-05
2024-05-09 12:15:09 [Epoch: 26] loss: 0.005108, mae: 0.050669, r2: 0.754274, val_loss: 0.006107, val_mae: 0.054668, val_r2: 0.704600
2024-05-09 12:15:09 Epoch 27: lr=1.25e-05
2024-05-09 12:16:21 [Epoch: 27] loss: 0.005095, mae: 0.050614, r2: 0.754847, val_loss: 0.006101, val_mae: 0.054676, val_r2: 0.704748
2024-05-09 12:16:21 Epoch 28: lr=1.25e-05
2024-05-09 12:17:33 [Epoch: 28] loss: 0.005088, mae: 0.050593, r2: 0.755028, val_loss: 0.006086, val_mae: 0.054433, val_r2: 0.705808
2024-05-09 12:17:33 Epoch 29: lr=1.25e-05
2024-05-09 12:18:44 [Epoch: 29] loss: 0.005077, mae: 0.050514, r2: 0.755780, val_loss: 0.006083, val_mae: 0.054642, val_r2: 0.705854
2024-05-09 12:18:45 history_length: 30
2024-05-09 12:18:45 stopping: complete
2024-05-09 12:18:45 Comparing y_true and y_pred:
2024-05-09 12:18:45   mse: 0.00232709
2024-05-09 12:18:45   mae: 0.03513705
2024-05-09 12:18:45   r2: 0.50669468
2024-05-09 12:18:45   corr: 0.71258199
