2024-05-21 14:10:17 UNO RUN ...
2024-05-21 14:10:17 Params: {'model_name': 'uno', 'train_sources': ['CCLE'], 'test_sources': ['train'], 'cell_types': None, 'cell_features': ['rnaseq'], 'drug_features': ['descriptors'], 'dense': [1000, 1000, 1000, 1000, 1000], 'dense_feature_layers': [1000, 1000, 1000], 'activation': 'relu', 'loss': 'mse', 'optimizer': 'adamax', 'scaling': 'std', 'dropout': 0.1, 'epochs': 50, 'batch_size': 32, 'val_split': 0.2, 'cv': 1, 'max_val_loss': 1.0, 'learning_rate': 0.0001, 'base_lr': None, 'agg_dose': 'AUC', 'residual': False, 'reduce_lr': True, 'warmup_lr': True, 'batch_normalization': False, 'feature_subsample': 0, 'rng_seed': 2018, 'no_gen': False, 'verbose': False, 'preprocess_rnaseq': 'source_scale', 'gpus': [0], 'use_landmark_genes': True, 'no_feature_source': True, 'no_response_source': True, 'save_path': '/dev/shm/Uno/save/8999967.amn-0001/63', 'single': True, 'on_memory_loader': True, 'ckpt_checksum': True, 'ckpt_save_interval': 0, 'timeout': -1, 'train_bool': True, 'profiling': False, 'experiment_id': '8999967.amn-0001', 'run_id': '63', 'logfile': '/dev/shm/Uno/save/8999967.amn-0001/63/python.log', 'shuffle': False, 'ckpt_restart_mode': 'off', 'ckpt_skip_epochs': 0, 'ckpt_directory': '/dev/shm/Uno/save/8999967.amn-0001/63', 'ckpt_save_best': True, 'ckpt_save_best_metric': 'val_loss', 'ckpt_save_weights_only': False, 'ckpt_keep_mode': 'linear', 'ckpt_keep_limit': 5, 'by_cell': None, 'by_drug': None, 'cell_subset_path': '', 'drug_subset_path': '', 'drug_median_response_min': -1, 'drug_median_response_max': 1, 'dense_cell_feature_layers': None, 'dense_drug_feature_layers': None, 'use_filtered_genes': False, 'feature_subset_path': '', 'cell_feature_subset_path': '', 'drug_feature_subset_path': '', 'es': True, 'cp': False, 'tb': False, 'tb_prefix': 'tb', 'partition_by': None, 'cache': None, 'export_csv': None, 'export_data': None, 'use_exported_data': '/dev/shm/Uno/x1922c6s2b0n0.63.merged.landmark.h5', 'growth_bins': 0, 'initial_weights': None, 'save_weights': '/dev/shm/Uno/save/8999967.amn-0001/63/1.1.model.h5', 'config_file': '/home/brettin/CSC249ADOA01_CNDA/brettin/Benchmarks/Pilot1/Uno/uno_auc_model.txt', 'data_type': <class 'numpy.float32'>, 'data_dir': '/dev/shm/Uno/uno/Data', 'output_dir': '/dev/shm/Uno/uno/Output/8999967.amn-0001/63'}
2024-05-21 14:10:17 Feature encoding submodel for cell.rnaseq:
2024-05-21 14:10:17 Model: "cell.rnaseq"
2024-05-21 14:10:17 _________________________________________________________________
2024-05-21 14:10:17  Layer (type)                Output Shape              Param #   
2024-05-21 14:10:17 =================================================================
2024-05-21 14:10:17  input_1 (InputLayer)        [(None, 958)]             0         
2024-05-21 14:10:17                                                                  
2024-05-21 14:10:17  dense (Dense)               (None, 1000)              959000    
2024-05-21 14:10:17                                                                  
2024-05-21 14:10:17  permanent_dropout (Permane  (None, 1000)              0         
2024-05-21 14:10:17  ntDropout)                                                      
2024-05-21 14:10:17                                                                  
2024-05-21 14:10:17  dense_1 (Dense)             (None, 1000)              1001000   
2024-05-21 14:10:17                                                                  
2024-05-21 14:10:17  permanent_dropout_1 (Perma  (None, 1000)              0         
2024-05-21 14:10:17  nentDropout)                                                    
2024-05-21 14:10:17                                                                  
2024-05-21 14:10:17  dense_2 (Dense)             (None, 1000)              1001000   
2024-05-21 14:10:17                                                                  
2024-05-21 14:10:17  permanent_dropout_2 (Perma  (None, 1000)              0         
2024-05-21 14:10:17  nentDropout)                                                    
2024-05-21 14:10:17                                                                  
2024-05-21 14:10:17 =================================================================
2024-05-21 14:10:17 Total params: 2961000 (11.30 MB)
2024-05-21 14:10:17 Trainable params: 2961000 (11.30 MB)
2024-05-21 14:10:17 Non-trainable params: 0 (0.00 Byte)
2024-05-21 14:10:17 _________________________________________________________________
2024-05-21 14:10:17 Feature encoding submodel for drug.descriptors:
2024-05-21 14:10:17 Model: "drug.descriptors"
2024-05-21 14:10:17 _________________________________________________________________
2024-05-21 14:10:17  Layer (type)                Output Shape              Param #   
2024-05-21 14:10:17 =================================================================
2024-05-21 14:10:17  input_2 (InputLayer)        [(None, 1613)]            0         
2024-05-21 14:10:17                                                                  
2024-05-21 14:10:17  dense_3 (Dense)             (None, 1000)              1614000   
2024-05-21 14:10:17                                                                  
2024-05-21 14:10:17  permanent_dropout_3 (Perma  (None, 1000)              0         
2024-05-21 14:10:17  nentDropout)                                                    
2024-05-21 14:10:17                                                                  
2024-05-21 14:10:17  dense_4 (Dense)             (None, 1000)              1001000   
2024-05-21 14:10:17                                                                  
2024-05-21 14:10:17  permanent_dropout_4 (Perma  (None, 1000)              0         
2024-05-21 14:10:17  nentDropout)                                                    
2024-05-21 14:10:17                                                                  
2024-05-21 14:10:17  dense_5 (Dense)             (None, 1000)              1001000   
2024-05-21 14:10:17                                                                  
2024-05-21 14:10:17  permanent_dropout_5 (Perma  (None, 1000)              0         
2024-05-21 14:10:17  nentDropout)                                                    
2024-05-21 14:10:17                                                                  
2024-05-21 14:10:17 =================================================================
2024-05-21 14:10:17 Total params: 3616000 (13.79 MB)
2024-05-21 14:10:17 Trainable params: 3616000 (13.79 MB)
2024-05-21 14:10:17 Non-trainable params: 0 (0.00 Byte)
2024-05-21 14:10:17 _________________________________________________________________
2024-05-21 14:10:17 Combined model:
2024-05-21 14:10:17 Model: "model"
2024-05-21 14:10:17 __________________________________________________________________________________________________
2024-05-21 14:10:17  Layer (type)                Output Shape                 Param #   Connected to                  
2024-05-21 14:10:17 ==================================================================================================
2024-05-21 14:10:17  input.cell.rnaseq (InputLa  [(None, 958)]                0         []                            
2024-05-21 14:10:17  yer)                                                                                             
2024-05-21 14:10:17                                                                                                   
2024-05-21 14:10:17  input.drug1.descriptors (I  [(None, 1613)]               0         []                            
2024-05-21 14:10:17  nputLayer)                                                                                       
2024-05-21 14:10:17                                                                                                   
2024-05-21 14:10:17  cell.rnaseq (Functional)    (None, 1000)                 2961000   ['input.cell.rnaseq[0][0]']   
2024-05-21 14:10:17                                                                                                   
2024-05-21 14:10:17  drug.descriptors (Function  (None, 1000)                 3616000   ['input.drug1.descriptors[0][0
2024-05-21 14:10:17  al)                                                                ]']                           
2024-05-21 14:10:17                                                                                                   
2024-05-21 14:10:17  concatenate (Concatenate)   (None, 2000)                 0         ['cell.rnaseq[0][0]',         
2024-05-21 14:10:17                                                                      'drug.descriptors[0][0]']    
2024-05-21 14:10:17                                                                                                   
2024-05-21 14:10:17  dense_6 (Dense)             (None, 1000)                 2001000   ['concatenate[0][0]']         
2024-05-21 14:10:17                                                                                                   
2024-05-21 14:10:17  permanent_dropout_6 (Perma  (None, 1000)                 0         ['dense_6[0][0]']             
2024-05-21 14:10:17  nentDropout)                                                                                     
2024-05-21 14:10:17                                                                                                   
2024-05-21 14:10:17  dense_7 (Dense)             (None, 1000)                 1001000   ['permanent_dropout_6[0][0]'] 
2024-05-21 14:10:17                                                                                                   
2024-05-21 14:10:17  permanent_dropout_7 (Perma  (None, 1000)                 0         ['dense_7[0][0]']             
2024-05-21 14:10:17  nentDropout)                                                                                     
2024-05-21 14:10:17                                                                                                   
2024-05-21 14:10:17  dense_8 (Dense)             (None, 1000)                 1001000   ['permanent_dropout_7[0][0]'] 
2024-05-21 14:10:17                                                                                                   
2024-05-21 14:10:17  permanent_dropout_8 (Perma  (None, 1000)                 0         ['dense_8[0][0]']             
2024-05-21 14:10:17  nentDropout)                                                                                     
2024-05-21 14:10:17                                                                                                   
2024-05-21 14:10:17  dense_9 (Dense)             (None, 1000)                 1001000   ['permanent_dropout_8[0][0]'] 
2024-05-21 14:10:17                                                                                                   
2024-05-21 14:10:17  permanent_dropout_9 (Perma  (None, 1000)                 0         ['dense_9[0][0]']             
2024-05-21 14:10:17  nentDropout)                                                                                     
2024-05-21 14:10:17                                                                                                   
2024-05-21 14:10:17  dense_10 (Dense)            (None, 1000)                 1001000   ['permanent_dropout_9[0][0]'] 
2024-05-21 14:10:17                                                                                                   
2024-05-21 14:10:17  permanent_dropout_10 (Perm  (None, 1000)                 0         ['dense_10[0][0]']            
2024-05-21 14:10:17  anentDropout)                                                                                    
2024-05-21 14:10:17                                                                                                   
2024-05-21 14:10:17  dense_11 (Dense)            (None, 1)                    1001      ['permanent_dropout_10[0][0]']
2024-05-21 14:10:17                                                                                                   
2024-05-21 14:10:17 ==================================================================================================
2024-05-21 14:10:17 Total params: 12583001 (48.00 MB)
2024-05-21 14:10:17 Trainable params: 12583001 (48.00 MB)
2024-05-21 14:10:17 Non-trainable params: 0 (0.00 Byte)
2024-05-21 14:10:17 __________________________________________________________________________________________________
2024-05-21 14:10:17 CKPT CONSTRUCT...
2024-05-21 14:10:17 CKPT CONSTRUCT OK.
2024-05-21 14:10:17 template model: <keras.src.engine.functional.Functional object at 0x14cd4c846d60>
2024-05-21 14:10:19 COMPILE
2024-05-21 14:10:19 Will save weights to: /dev/shm/Uno/save/8999967.amn-0001/63/1.1.model.h5
2024-05-21 14:10:35 Between random pairs in y_val:
2024-05-21 14:10:35   mse: 0.04775045
2024-05-21 14:10:35   mae: 0.15958398
2024-05-21 14:10:35   r2: -1.00169441
2024-05-21 14:10:35   corr: -0.00084721
2024-05-21 14:10:35 Data points per epoch: train = 469164, val = 117292, test = 1253
2024-05-21 14:10:35 Steps per epoch: train = 14661, val = 3665, test = 39
2024-05-21 14:10:35 Epoch 0: lr=0.001
2024-05-21 14:11:48 [Epoch: 0] loss: 0.026599, mae: 0.079478, r2: -0.256349, val_loss: 0.008675, val_mae: 0.067710, val_r2: 0.599236
2024-05-21 14:11:48 Epoch 1: lr=0.00082
2024-05-21 14:12:59 [Epoch: 1] loss: 0.007985, mae: 0.063858, r2: 0.620677, val_loss: 0.007630, val_mae: 0.062030, val_r2: 0.639084
2024-05-21 14:12:59 Epoch 2: lr=0.00064
2024-05-21 14:14:10 [Epoch: 2] loss: 0.007302, mae: 0.060756, r2: 0.651899, val_loss: 0.007210, val_mae: 0.060279, val_r2: 0.654360
2024-05-21 14:14:10 Epoch 3: lr=0.00046
2024-05-21 14:15:21 [Epoch: 3] loss: 0.006830, mae: 0.058601, r2: 0.673717, val_loss: 0.006965, val_mae: 0.059227, val_r2: 0.666257
2024-05-21 14:15:21 Epoch 4: lr=0.00028
2024-05-21 14:16:32 [Epoch: 4] loss: 0.006426, mae: 0.056778, r2: 0.691985, val_loss: 0.006636, val_mae: 0.057064, val_r2: 0.684043
2024-05-21 14:16:32 Epoch 5: lr=0.0001
2024-05-21 14:17:43 [Epoch: 5] loss: 0.006101, mae: 0.055260, r2: 0.707374, val_loss: 0.006415, val_mae: 0.056478, val_r2: 0.694206
2024-05-21 14:17:43 Epoch 6: lr=0.0001
2024-05-21 14:18:54 [Epoch: 6] loss: 0.005997, mae: 0.054810, r2: 0.712168, val_loss: 0.006372, val_mae: 0.056116, val_r2: 0.696220
2024-05-21 14:18:54 Epoch 7: lr=0.0001
2024-05-21 14:20:05 [Epoch: 7] loss: 0.005932, mae: 0.054497, r2: 0.715204, val_loss: 0.006402, val_mae: 0.057060, val_r2: 0.694461
2024-05-21 14:20:05 Epoch 8: lr=0.0001
2024-05-21 14:21:16 [Epoch: 8] loss: 0.005870, mae: 0.054219, r2: 0.717967, val_loss: 0.006309, val_mae: 0.055456, val_r2: 0.698825
2024-05-21 14:21:16 Epoch 9: lr=0.0001
2024-05-21 14:22:28 [Epoch: 9] loss: 0.005804, mae: 0.053907, r2: 0.721024, val_loss: 0.006295, val_mae: 0.055780, val_r2: 0.698883
2024-05-21 14:22:28 Epoch 10: lr=0.0001
2024-05-21 14:23:39 [Epoch: 10] loss: 0.005748, mae: 0.053652, r2: 0.723540, val_loss: 0.006237, val_mae: 0.055452, val_r2: 0.702465
2024-05-21 14:23:39 Epoch 11: lr=0.0001
2024-05-21 14:24:50 [Epoch: 11] loss: 0.005680, mae: 0.053355, r2: 0.726971, val_loss: 0.006229, val_mae: 0.055408, val_r2: 0.703725
2024-05-21 14:24:50 Epoch 12: lr=0.0001
2024-05-21 14:26:02 [Epoch: 12] loss: 0.005623, mae: 0.053105, r2: 0.729423, val_loss: 0.006234, val_mae: 0.055504, val_r2: 0.703785
2024-05-21 14:26:02 Epoch 13: lr=0.0001
2024-05-21 14:27:13 [Epoch: 13] loss: 0.005570, mae: 0.052842, r2: 0.731861, val_loss: 0.006185, val_mae: 0.054930, val_r2: 0.704336
2024-05-21 14:27:13 Epoch 14: lr=0.0001
2024-05-21 14:28:24 [Epoch: 14] loss: 0.005506, mae: 0.052545, r2: 0.735056, val_loss: 0.006192, val_mae: 0.055351, val_r2: 0.704392
2024-05-21 14:28:24 Epoch 15: lr=0.0001
2024-05-21 14:29:36 [Epoch: 15] loss: 0.005464, mae: 0.052352, r2: 0.736926, val_loss: 0.006201, val_mae: 0.055438, val_r2: 0.702741
2024-05-21 14:29:36 Epoch 16: lr=0.0001
2024-05-21 14:30:47 [Epoch: 16] loss: 0.005408, mae: 0.052088, r2: 0.739805, val_loss: 0.006152, val_mae: 0.054930, val_r2: 0.705915
2024-05-21 14:30:48 Epoch 17: lr=0.0001
2024-05-21 14:31:59 [Epoch: 17] loss: 0.005355, mae: 0.051818, r2: 0.742217, val_loss: 0.006142, val_mae: 0.054818, val_r2: 0.707429
2024-05-21 14:31:59 Epoch 18: lr=0.0001
2024-05-21 14:33:11 [Epoch: 18] loss: 0.005312, mae: 0.051644, r2: 0.744339, val_loss: 0.006151, val_mae: 0.054469, val_r2: 0.706704
2024-05-21 14:33:11 Epoch 19: lr=5e-05
2024-05-21 14:34:22 [Epoch: 19] loss: 0.005196, mae: 0.051063, r2: 0.749717, val_loss: 0.006111, val_mae: 0.054457, val_r2: 0.707254
2024-05-21 14:34:23 Epoch 20: lr=5e-05
2024-05-21 14:35:34 [Epoch: 20] loss: 0.005157, mae: 0.050876, r2: 0.751452, val_loss: 0.006110, val_mae: 0.054229, val_r2: 0.707912
2024-05-21 14:35:34 Epoch 21: lr=5e-05
2024-05-21 14:36:46 [Epoch: 21] loss: 0.005131, mae: 0.050802, r2: 0.752500, val_loss: 0.006105, val_mae: 0.054235, val_r2: 0.707808
2024-05-21 14:36:46 Epoch 22: lr=5e-05
2024-05-21 14:37:58 [Epoch: 22] loss: 0.005100, mae: 0.050596, r2: 0.753855, val_loss: 0.006093, val_mae: 0.054718, val_r2: 0.708032
2024-05-21 14:37:58 Epoch 23: lr=5e-05
2024-05-21 14:39:10 [Epoch: 23] loss: 0.005075, mae: 0.050496, r2: 0.755493, val_loss: 0.006094, val_mae: 0.054352, val_r2: 0.707960
2024-05-21 14:39:10 Epoch 24: lr=2.5e-05
2024-05-21 14:40:21 [Epoch: 24] loss: 0.005007, mae: 0.050181, r2: 0.758239, val_loss: 0.006062, val_mae: 0.054458, val_r2: 0.709839
2024-05-21 14:40:21 Epoch 25: lr=2.5e-05
2024-05-21 14:41:33 [Epoch: 25] loss: 0.005000, mae: 0.050131, r2: 0.758833, val_loss: 0.006101, val_mae: 0.054135, val_r2: 0.708277
2024-05-21 14:41:33 Epoch 26: lr=2.5e-05
2024-05-21 14:42:44 [Epoch: 26] loss: 0.004974, mae: 0.050028, r2: 0.759921, val_loss: 0.006092, val_mae: 0.054317, val_r2: 0.708062
2024-05-21 14:42:44 Epoch 27: lr=2.5e-05
2024-05-21 14:43:56 [Epoch: 27] loss: 0.004965, mae: 0.049972, r2: 0.760334, val_loss: 0.006067, val_mae: 0.054356, val_r2: 0.709437
2024-05-21 14:43:56 Epoch 28: lr=2.5e-05
2024-05-21 14:45:07 [Epoch: 28] loss: 0.004956, mae: 0.049950, r2: 0.760830, val_loss: 0.006069, val_mae: 0.054176, val_r2: 0.709983
2024-05-21 14:45:07 Epoch 29: lr=2.5e-05
2024-05-21 14:46:18 [Epoch: 29] loss: 0.004938, mae: 0.049847, r2: 0.761614, val_loss: 0.006077, val_mae: 0.054103, val_r2: 0.708764
2024-05-21 14:46:18 Epoch 30: lr=1.25e-05
2024-05-21 14:47:29 [Epoch: 30] loss: 0.004909, mae: 0.049689, r2: 0.763001, val_loss: 0.006080, val_mae: 0.054292, val_r2: 0.708965
2024-05-21 14:47:29 Epoch 31: lr=1.25e-05
2024-05-21 14:48:41 [Epoch: 31] loss: 0.004893, mae: 0.049643, r2: 0.763398, val_loss: 0.006074, val_mae: 0.054255, val_r2: 0.709462
2024-05-21 14:48:41 Epoch 32: lr=1.25e-05
2024-05-21 14:49:52 [Epoch: 32] loss: 0.004888, mae: 0.049641, r2: 0.763943, val_loss: 0.006066, val_mae: 0.054052, val_r2: 0.709603
2024-05-21 14:49:53 Epoch 33: lr=1.25e-05
2024-05-21 14:51:03 [Epoch: 33] loss: 0.004891, mae: 0.049608, r2: 0.763713, val_loss: 0.006043, val_mae: 0.054155, val_r2: 0.711582
2024-05-21 14:51:04 Epoch 34: lr=1.25e-05
2024-05-21 14:52:15 [Epoch: 34] loss: 0.004879, mae: 0.049576, r2: 0.764501, val_loss: 0.006057, val_mae: 0.054257, val_r2: 0.710406
2024-05-21 14:52:15 Epoch 35: lr=1e-05
2024-05-21 14:53:27 [Epoch: 35] loss: 0.004859, mae: 0.049482, r2: 0.765265, val_loss: 0.006082, val_mae: 0.054171, val_r2: 0.709216
2024-05-21 14:53:27 Epoch 36: lr=1e-05
2024-05-21 14:54:38 [Epoch: 36] loss: 0.004850, mae: 0.049438, r2: 0.765711, val_loss: 0.006080, val_mae: 0.054194, val_r2: 0.709428
2024-05-21 14:54:38 Epoch 37: lr=1e-05
2024-05-21 14:55:49 [Epoch: 37] loss: 0.004842, mae: 0.049396, r2: 0.765977, val_loss: 0.006062, val_mae: 0.054060, val_r2: 0.709771
2024-05-21 14:55:49 Epoch 38: lr=1e-05
2024-05-21 14:57:00 [Epoch: 38] loss: 0.004844, mae: 0.049425, r2: 0.765977, val_loss: 0.006088, val_mae: 0.054208, val_r2: 0.708870
2024-05-21 14:57:00 Epoch 39: lr=1e-05
2024-05-21 14:58:11 [Epoch: 39] loss: 0.004836, mae: 0.049331, r2: 0.766340, val_loss: 0.006091, val_mae: 0.054188, val_r2: 0.708570
2024-05-21 14:58:11 Epoch 40: lr=1e-05
2024-05-21 14:59:22 [Epoch: 40] loss: 0.004845, mae: 0.049369, r2: 0.766254, val_loss: 0.006067, val_mae: 0.054151, val_r2: 0.709601
2024-05-21 14:59:22 Epoch 41: lr=1e-05
2024-05-21 15:00:33 [Epoch: 41] loss: 0.004830, mae: 0.049334, r2: 0.766704, val_loss: 0.006063, val_mae: 0.054301, val_r2: 0.709788
2024-05-21 15:00:33 Epoch 42: lr=1e-05
2024-05-21 15:01:44 [Epoch: 42] loss: 0.004832, mae: 0.049314, r2: 0.766721, val_loss: 0.006069, val_mae: 0.054195, val_r2: 0.709695
2024-05-21 15:01:44 Epoch 43: lr=1e-05
2024-05-21 15:02:55 [Epoch: 43] loss: 0.004826, mae: 0.049271, r2: 0.766752, val_loss: 0.006052, val_mae: 0.054317, val_r2: 0.710855
2024-05-21 15:02:55 history_length: 44
2024-05-21 15:02:55 stopping: early
2024-05-21 15:02:55 Comparing y_true and y_pred:
2024-05-21 15:02:55   mse: 0.00885720
2024-05-21 15:02:55   mae: 0.07393918
2024-05-21 15:02:55   r2: -0.06780448
2024-05-21 15:02:55   corr: 0.28465968
