2024-05-18 13:19:43 UNO RUN ...
2024-05-18 13:19:43 Params: {'model_name': 'uno', 'train_sources': ['CCLE'], 'test_sources': ['train'], 'cell_types': None, 'cell_features': ['rnaseq'], 'drug_features': ['descriptors'], 'dense': [1000, 1000, 1000, 1000, 1000], 'dense_feature_layers': [1000, 1000, 1000], 'activation': 'relu', 'loss': 'mse', 'optimizer': 'adamax', 'scaling': 'std', 'dropout': 0.1, 'epochs': 75, 'batch_size': 32, 'val_split': 0.2, 'cv': 1, 'max_val_loss': 1.0, 'learning_rate': 0.0001, 'base_lr': None, 'agg_dose': 'AUC', 'residual': False, 'reduce_lr': True, 'warmup_lr': True, 'batch_normalization': False, 'feature_subsample': 0, 'rng_seed': 2018, 'no_gen': False, 'verbose': False, 'preprocess_rnaseq': 'source_scale', 'gpus': [0], 'use_landmark_genes': True, 'no_feature_source': True, 'no_response_source': True, 'save_path': '/dev/shm/Uno/save/8999163.amn-0001/53', 'single': True, 'on_memory_loader': True, 'ckpt_checksum': True, 'ckpt_save_interval': 0, 'timeout': -1, 'train_bool': True, 'profiling': False, 'experiment_id': '8999163.amn-0001', 'run_id': '53', 'logfile': '/dev/shm/Uno/save/8999163.amn-0001/53/python.log', 'shuffle': False, 'ckpt_restart_mode': 'off', 'ckpt_skip_epochs': 0, 'ckpt_directory': '/dev/shm/Uno/save/8999163.amn-0001/53', 'ckpt_save_best': True, 'ckpt_save_best_metric': 'val_loss', 'ckpt_save_weights_only': False, 'ckpt_keep_mode': 'linear', 'ckpt_keep_limit': 5, 'by_cell': None, 'by_drug': None, 'cell_subset_path': '', 'drug_subset_path': '', 'drug_median_response_min': -1, 'drug_median_response_max': 1, 'dense_cell_feature_layers': None, 'dense_drug_feature_layers': None, 'use_filtered_genes': False, 'feature_subset_path': '', 'cell_feature_subset_path': '', 'drug_feature_subset_path': '', 'es': True, 'cp': False, 'tb': False, 'tb_prefix': 'tb', 'partition_by': None, 'cache': None, 'export_csv': None, 'export_data': None, 'use_exported_data': '/dev/shm/Uno/x1922c3s5b0n0.53.merged.landmark.h5', 'growth_bins': 0, 'initial_weights': None, 'save_weights': '/dev/shm/Uno/save/8999163.amn-0001/53/2.1.model.h5', 'config_file': '/home/brettin/CSC249ADOA01_CNDA/brettin/Benchmarks/Pilot1/Uno/uno_auc_model.txt', 'data_type': <class 'numpy.float32'>, 'data_dir': '/dev/shm/Uno/uno/Data', 'output_dir': '/dev/shm/Uno/uno/Output/8999163.amn-0001/53'}
2024-05-18 13:19:43 Feature encoding submodel for cell.rnaseq:
2024-05-18 13:19:43 Model: "cell.rnaseq"
2024-05-18 13:19:43 _________________________________________________________________
2024-05-18 13:19:43  Layer (type)                Output Shape              Param #   
2024-05-18 13:19:43 =================================================================
2024-05-18 13:19:43  input_1 (InputLayer)        [(None, 958)]             0         
2024-05-18 13:19:43                                                                  
2024-05-18 13:19:43  dense (Dense)               (None, 1000)              959000    
2024-05-18 13:19:43                                                                  
2024-05-18 13:19:43  permanent_dropout (Permane  (None, 1000)              0         
2024-05-18 13:19:43  ntDropout)                                                      
2024-05-18 13:19:43                                                                  
2024-05-18 13:19:43  dense_1 (Dense)             (None, 1000)              1001000   
2024-05-18 13:19:43                                                                  
2024-05-18 13:19:43  permanent_dropout_1 (Perma  (None, 1000)              0         
2024-05-18 13:19:43  nentDropout)                                                    
2024-05-18 13:19:43                                                                  
2024-05-18 13:19:43  dense_2 (Dense)             (None, 1000)              1001000   
2024-05-18 13:19:43                                                                  
2024-05-18 13:19:43  permanent_dropout_2 (Perma  (None, 1000)              0         
2024-05-18 13:19:43  nentDropout)                                                    
2024-05-18 13:19:43                                                                  
2024-05-18 13:19:43 =================================================================
2024-05-18 13:19:43 Total params: 2961000 (11.30 MB)
2024-05-18 13:19:43 Trainable params: 2961000 (11.30 MB)
2024-05-18 13:19:43 Non-trainable params: 0 (0.00 Byte)
2024-05-18 13:19:43 _________________________________________________________________
2024-05-18 13:19:43 Feature encoding submodel for drug.descriptors:
2024-05-18 13:19:43 Model: "drug.descriptors"
2024-05-18 13:19:43 _________________________________________________________________
2024-05-18 13:19:43  Layer (type)                Output Shape              Param #   
2024-05-18 13:19:43 =================================================================
2024-05-18 13:19:43  input_2 (InputLayer)        [(None, 1613)]            0         
2024-05-18 13:19:43                                                                  
2024-05-18 13:19:43  dense_3 (Dense)             (None, 1000)              1614000   
2024-05-18 13:19:43                                                                  
2024-05-18 13:19:43  permanent_dropout_3 (Perma  (None, 1000)              0         
2024-05-18 13:19:43  nentDropout)                                                    
2024-05-18 13:19:43                                                                  
2024-05-18 13:19:43  dense_4 (Dense)             (None, 1000)              1001000   
2024-05-18 13:19:43                                                                  
2024-05-18 13:19:43  permanent_dropout_4 (Perma  (None, 1000)              0         
2024-05-18 13:19:43  nentDropout)                                                    
2024-05-18 13:19:43                                                                  
2024-05-18 13:19:43  dense_5 (Dense)             (None, 1000)              1001000   
2024-05-18 13:19:43                                                                  
2024-05-18 13:19:43  permanent_dropout_5 (Perma  (None, 1000)              0         
2024-05-18 13:19:43  nentDropout)                                                    
2024-05-18 13:19:43                                                                  
2024-05-18 13:19:43 =================================================================
2024-05-18 13:19:43 Total params: 3616000 (13.79 MB)
2024-05-18 13:19:43 Trainable params: 3616000 (13.79 MB)
2024-05-18 13:19:43 Non-trainable params: 0 (0.00 Byte)
2024-05-18 13:19:43 _________________________________________________________________
2024-05-18 13:19:43 Combined model:
2024-05-18 13:19:43 Model: "model"
2024-05-18 13:19:43 __________________________________________________________________________________________________
2024-05-18 13:19:43  Layer (type)                Output Shape                 Param #   Connected to                  
2024-05-18 13:19:43 ==================================================================================================
2024-05-18 13:19:43  input.cell.rnaseq (InputLa  [(None, 958)]                0         []                            
2024-05-18 13:19:43  yer)                                                                                             
2024-05-18 13:19:43                                                                                                   
2024-05-18 13:19:43  input.drug1.descriptors (I  [(None, 1613)]               0         []                            
2024-05-18 13:19:43  nputLayer)                                                                                       
2024-05-18 13:19:43                                                                                                   
2024-05-18 13:19:43  cell.rnaseq (Functional)    (None, 1000)                 2961000   ['input.cell.rnaseq[0][0]']   
2024-05-18 13:19:43                                                                                                   
2024-05-18 13:19:43  drug.descriptors (Function  (None, 1000)                 3616000   ['input.drug1.descriptors[0][0
2024-05-18 13:19:43  al)                                                                ]']                           
2024-05-18 13:19:43                                                                                                   
2024-05-18 13:19:43  concatenate (Concatenate)   (None, 2000)                 0         ['cell.rnaseq[0][0]',         
2024-05-18 13:19:43                                                                      'drug.descriptors[0][0]']    
2024-05-18 13:19:43                                                                                                   
2024-05-18 13:19:43  dense_6 (Dense)             (None, 1000)                 2001000   ['concatenate[0][0]']         
2024-05-18 13:19:43                                                                                                   
2024-05-18 13:19:43  permanent_dropout_6 (Perma  (None, 1000)                 0         ['dense_6[0][0]']             
2024-05-18 13:19:43  nentDropout)                                                                                     
2024-05-18 13:19:43                                                                                                   
2024-05-18 13:19:43  dense_7 (Dense)             (None, 1000)                 1001000   ['permanent_dropout_6[0][0]'] 
2024-05-18 13:19:43                                                                                                   
2024-05-18 13:19:43  permanent_dropout_7 (Perma  (None, 1000)                 0         ['dense_7[0][0]']             
2024-05-18 13:19:43  nentDropout)                                                                                     
2024-05-18 13:19:43                                                                                                   
2024-05-18 13:19:43  dense_8 (Dense)             (None, 1000)                 1001000   ['permanent_dropout_7[0][0]'] 
2024-05-18 13:19:43                                                                                                   
2024-05-18 13:19:43  permanent_dropout_8 (Perma  (None, 1000)                 0         ['dense_8[0][0]']             
2024-05-18 13:19:43  nentDropout)                                                                                     
2024-05-18 13:19:43                                                                                                   
2024-05-18 13:19:43  dense_9 (Dense)             (None, 1000)                 1001000   ['permanent_dropout_8[0][0]'] 
2024-05-18 13:19:43                                                                                                   
2024-05-18 13:19:43  permanent_dropout_9 (Perma  (None, 1000)                 0         ['dense_9[0][0]']             
2024-05-18 13:19:43  nentDropout)                                                                                     
2024-05-18 13:19:43                                                                                                   
2024-05-18 13:19:43  dense_10 (Dense)            (None, 1000)                 1001000   ['permanent_dropout_9[0][0]'] 
2024-05-18 13:19:43                                                                                                   
2024-05-18 13:19:43  permanent_dropout_10 (Perm  (None, 1000)                 0         ['dense_10[0][0]']            
2024-05-18 13:19:43  anentDropout)                                                                                    
2024-05-18 13:19:43                                                                                                   
2024-05-18 13:19:43  dense_11 (Dense)            (None, 1)                    1001      ['permanent_dropout_10[0][0]']
2024-05-18 13:19:43                                                                                                   
2024-05-18 13:19:43 ==================================================================================================
2024-05-18 13:19:43 Total params: 12583001 (48.00 MB)
2024-05-18 13:19:43 Trainable params: 12583001 (48.00 MB)
2024-05-18 13:19:43 Non-trainable params: 0 (0.00 Byte)
2024-05-18 13:19:43 __________________________________________________________________________________________________
2024-05-18 13:19:44 CKPT CONSTRUCT...
2024-05-18 13:19:44 CKPT CONSTRUCT OK.
2024-05-18 13:19:44 template model: <keras.src.engine.functional.Functional object at 0x151e0d2f9640>
2024-05-18 13:19:45 COMPILE
2024-05-18 13:19:45 Will save weights to: /dev/shm/Uno/save/8999163.amn-0001/53/2.1.model.h5
2024-05-18 13:20:02 Between random pairs in y_val:
2024-05-18 13:20:02   mse: 0.04771825
2024-05-18 13:20:02   mae: 0.15997698
2024-05-18 13:20:02   r2: -1.00033140
2024-05-18 13:20:02   corr: -0.00016570
2024-05-18 13:20:02 Data points per epoch: train = 469285, val = 117322, test = 1102
2024-05-18 13:20:02 Steps per epoch: train = 14665, val = 3666, test = 34
2024-05-18 13:20:02 Epoch 0: lr=0.001
2024-05-18 13:21:17 [Epoch: 0] loss: 0.027669, mae: 0.079530, r2: -0.029203, val_loss: 0.008651, val_mae: 0.066903, val_r2: 0.595745
2024-05-18 13:21:17 Epoch 1: lr=0.00082
2024-05-18 13:22:32 [Epoch: 1] loss: 0.008054, mae: 0.064152, r2: 0.616871, val_loss: 0.007639, val_mae: 0.064263, val_r2: 0.638597
2024-05-18 13:22:32 Epoch 2: lr=0.00064
2024-05-18 13:23:46 [Epoch: 2] loss: 0.007351, mae: 0.060986, r2: 0.649552, val_loss: 0.007180, val_mae: 0.060719, val_r2: 0.656128
2024-05-18 13:23:46 Epoch 3: lr=0.00046
2024-05-18 13:25:01 [Epoch: 3] loss: 0.006883, mae: 0.058816, r2: 0.670880, val_loss: 0.006789, val_mae: 0.057945, val_r2: 0.675088
2024-05-18 13:25:01 Epoch 4: lr=0.00028
2024-05-18 13:26:15 [Epoch: 4] loss: 0.006486, mae: 0.057015, r2: 0.689181, val_loss: 0.006569, val_mae: 0.057037, val_r2: 0.689072
2024-05-18 13:26:15 Epoch 5: lr=0.0001
2024-05-18 13:27:30 [Epoch: 5] loss: 0.006141, mae: 0.055402, r2: 0.705186, val_loss: 0.006387, val_mae: 0.056542, val_r2: 0.693113
2024-05-18 13:27:30 Epoch 6: lr=0.0001
2024-05-18 13:28:44 [Epoch: 6] loss: 0.006026, mae: 0.054894, r2: 0.710531, val_loss: 0.006330, val_mae: 0.055937, val_r2: 0.697734
2024-05-18 13:28:44 Epoch 7: lr=0.0001
2024-05-18 13:29:58 [Epoch: 7] loss: 0.005951, mae: 0.054546, r2: 0.714162, val_loss: 0.006300, val_mae: 0.055454, val_r2: 0.699744
2024-05-18 13:29:58 Epoch 8: lr=0.0001
2024-05-18 13:31:13 [Epoch: 8] loss: 0.005885, mae: 0.054237, r2: 0.717143, val_loss: 0.006301, val_mae: 0.055522, val_r2: 0.699578
2024-05-18 13:31:13 Epoch 9: lr=0.0001
2024-05-18 13:32:27 [Epoch: 9] loss: 0.005818, mae: 0.053965, r2: 0.720095, val_loss: 0.006247, val_mae: 0.055314, val_r2: 0.702743
2024-05-18 13:32:28 Epoch 10: lr=0.0001
2024-05-18 13:33:42 [Epoch: 10] loss: 0.005762, mae: 0.053726, r2: 0.722682, val_loss: 0.006249, val_mae: 0.055422, val_r2: 0.700777
2024-05-18 13:33:42 Epoch 11: lr=0.0001
2024-05-18 13:34:57 [Epoch: 11] loss: 0.005684, mae: 0.053374, r2: 0.726366, val_loss: 0.006190, val_mae: 0.055429, val_r2: 0.704340
2024-05-18 13:34:57 Epoch 12: lr=0.0001
2024-05-18 13:36:11 [Epoch: 12] loss: 0.005636, mae: 0.053157, r2: 0.729070, val_loss: 0.006198, val_mae: 0.054838, val_r2: 0.703411
2024-05-18 13:36:11 Epoch 13: lr=0.0001
2024-05-18 13:37:25 [Epoch: 13] loss: 0.005571, mae: 0.052831, r2: 0.731773, val_loss: 0.006150, val_mae: 0.055025, val_r2: 0.706141
2024-05-18 13:37:25 Epoch 14: lr=0.0001
2024-05-18 13:38:40 [Epoch: 14] loss: 0.005537, mae: 0.052697, r2: 0.733506, val_loss: 0.006144, val_mae: 0.055041, val_r2: 0.706429
2024-05-18 13:38:40 Epoch 15: lr=0.0001
2024-05-18 13:39:54 [Epoch: 15] loss: 0.005475, mae: 0.052388, r2: 0.736362, val_loss: 0.006163, val_mae: 0.055804, val_r2: 0.705248
2024-05-18 13:39:54 Epoch 16: lr=0.0001
2024-05-18 13:41:09 [Epoch: 16] loss: 0.005428, mae: 0.052173, r2: 0.738289, val_loss: 0.006121, val_mae: 0.054672, val_r2: 0.708232
2024-05-18 13:41:09 Epoch 17: lr=0.0001
2024-05-18 13:42:23 [Epoch: 17] loss: 0.005376, mae: 0.051946, r2: 0.740966, val_loss: 0.006124, val_mae: 0.054576, val_r2: 0.707493
2024-05-18 13:42:23 Epoch 18: lr=0.0001
2024-05-18 13:43:38 [Epoch: 18] loss: 0.005326, mae: 0.051704, r2: 0.743263, val_loss: 0.006140, val_mae: 0.054459, val_r2: 0.705750
2024-05-18 13:43:38 Epoch 19: lr=0.0001
2024-05-18 13:44:52 [Epoch: 19] loss: 0.005294, mae: 0.051535, r2: 0.744887, val_loss: 0.006066, val_mae: 0.054438, val_r2: 0.710202
2024-05-18 13:44:52 Epoch 20: lr=5e-05
2024-05-18 13:46:07 [Epoch: 20] loss: 0.005173, mae: 0.050973, r2: 0.750540, val_loss: 0.006053, val_mae: 0.054535, val_r2: 0.710516
2024-05-18 13:46:07 Epoch 21: lr=5e-05
2024-05-18 13:47:22 [Epoch: 21] loss: 0.005134, mae: 0.050796, r2: 0.752419, val_loss: 0.006067, val_mae: 0.054556, val_r2: 0.709079
2024-05-18 13:47:22 Epoch 22: lr=5e-05
2024-05-18 13:48:37 [Epoch: 22] loss: 0.005098, mae: 0.050619, r2: 0.753847, val_loss: 0.006064, val_mae: 0.054511, val_r2: 0.709735
2024-05-18 13:48:37 Epoch 23: lr=5e-05
2024-05-18 13:49:51 [Epoch: 23] loss: 0.005080, mae: 0.050519, r2: 0.754880, val_loss: 0.006072, val_mae: 0.054166, val_r2: 0.709290
2024-05-18 13:49:51 Epoch 24: lr=5e-05
2024-05-18 13:51:06 [Epoch: 24] loss: 0.005046, mae: 0.050367, r2: 0.756533, val_loss: 0.006062, val_mae: 0.054650, val_r2: 0.710073
2024-05-18 13:51:06 Epoch 25: lr=2.5e-05
2024-05-18 13:52:20 [Epoch: 25] loss: 0.004991, mae: 0.050122, r2: 0.759046, val_loss: 0.006048, val_mae: 0.054259, val_r2: 0.710289
2024-05-18 13:52:20 Epoch 26: lr=2.5e-05
2024-05-18 13:53:35 [Epoch: 26] loss: 0.004965, mae: 0.049978, r2: 0.759966, val_loss: 0.006066, val_mae: 0.054296, val_r2: 0.709545
2024-05-18 13:53:35 Epoch 27: lr=2.5e-05
2024-05-18 13:54:49 [Epoch: 27] loss: 0.004941, mae: 0.049847, r2: 0.761448, val_loss: 0.006078, val_mae: 0.054460, val_r2: 0.709039
2024-05-18 13:54:49 Epoch 28: lr=2.5e-05
2024-05-18 13:56:04 [Epoch: 28] loss: 0.004940, mae: 0.049861, r2: 0.761357, val_loss: 0.006061, val_mae: 0.054120, val_r2: 0.710071
2024-05-18 13:56:04 Epoch 29: lr=2.5e-05
2024-05-18 13:57:19 [Epoch: 29] loss: 0.004929, mae: 0.049813, r2: 0.761874, val_loss: 0.006048, val_mae: 0.054375, val_r2: 0.710934
2024-05-18 13:57:19 Epoch 30: lr=1.25e-05
2024-05-18 13:58:33 [Epoch: 30] loss: 0.004896, mae: 0.049637, r2: 0.763509, val_loss: 0.006047, val_mae: 0.054030, val_r2: 0.710862
2024-05-18 13:58:33 Epoch 31: lr=1.25e-05
2024-05-18 13:59:48 [Epoch: 31] loss: 0.004885, mae: 0.049575, r2: 0.763995, val_loss: 0.006062, val_mae: 0.054212, val_r2: 0.709729
2024-05-18 13:59:48 Epoch 32: lr=1.25e-05
2024-05-18 14:01:02 [Epoch: 32] loss: 0.004868, mae: 0.049533, r2: 0.764746, val_loss: 0.006064, val_mae: 0.054121, val_r2: 0.709788
2024-05-18 14:01:02 Epoch 33: lr=1.25e-05
2024-05-18 14:02:16 [Epoch: 33] loss: 0.004868, mae: 0.049500, r2: 0.764703, val_loss: 0.006065, val_mae: 0.054315, val_r2: 0.709929
2024-05-18 14:02:17 Epoch 34: lr=1.25e-05
2024-05-18 14:03:32 [Epoch: 34] loss: 0.004856, mae: 0.049493, r2: 0.765462, val_loss: 0.006067, val_mae: 0.054103, val_r2: 0.709135
2024-05-18 14:03:32 Epoch 35: lr=1e-05
2024-05-18 14:04:46 [Epoch: 35] loss: 0.004849, mae: 0.049446, r2: 0.765607, val_loss: 0.006058, val_mae: 0.054058, val_r2: 0.710537
2024-05-18 14:04:46 Epoch 36: lr=1e-05
2024-05-18 14:06:01 [Epoch: 36] loss: 0.004839, mae: 0.049393, r2: 0.766044, val_loss: 0.006058, val_mae: 0.054147, val_r2: 0.710177
2024-05-18 14:06:01 Epoch 37: lr=1e-05
2024-05-18 14:07:15 [Epoch: 37] loss: 0.004840, mae: 0.049404, r2: 0.766006, val_loss: 0.006051, val_mae: 0.054066, val_r2: 0.710610
2024-05-18 14:07:15 Epoch 38: lr=1e-05
2024-05-18 14:08:29 [Epoch: 38] loss: 0.004842, mae: 0.049383, r2: 0.766030, val_loss: 0.006059, val_mae: 0.054167, val_r2: 0.709280
2024-05-18 14:08:30 Epoch 39: lr=1e-05
2024-05-18 14:09:44 [Epoch: 39] loss: 0.004832, mae: 0.049308, r2: 0.766518, val_loss: 0.006070, val_mae: 0.054194, val_r2: 0.709685
2024-05-18 14:09:45 Epoch 40: lr=1e-05
2024-05-18 14:10:59 [Epoch: 40] loss: 0.004821, mae: 0.049260, r2: 0.766999, val_loss: 0.006085, val_mae: 0.054224, val_r2: 0.708911
2024-05-18 14:10:59 history_length: 41
2024-05-18 14:10:59 stopping: early
2024-05-18 14:10:59 Comparing y_true and y_pred:
2024-05-18 14:10:59   mse: 0.01606221
2024-05-18 14:10:59   mae: 0.11184371
2024-05-18 14:10:59   r2: -7.33469916
2024-05-18 14:10:59   corr: 0.24042699
