2024-05-22 17:13:02 UNO RUN ...
2024-05-22 17:13:02 Params: {'model_name': 'uno', 'train_sources': ['CCLE'], 'test_sources': ['train'], 'cell_types': None, 'cell_features': ['rnaseq'], 'drug_features': ['descriptors'], 'dense': [1000, 1000, 1000, 1000, 1000], 'dense_feature_layers': [1000, 1000, 1000], 'activation': 'relu', 'loss': 'mse', 'optimizer': 'adamax', 'scaling': 'std', 'dropout': 0.1, 'epochs': 50, 'batch_size': 32, 'val_split': 0.2, 'cv': 1, 'max_val_loss': 1.0, 'learning_rate': 0.0001, 'base_lr': None, 'agg_dose': 'AUC', 'residual': False, 'reduce_lr': True, 'warmup_lr': True, 'batch_normalization': False, 'feature_subsample': 0, 'rng_seed': 2018, 'no_gen': False, 'verbose': False, 'preprocess_rnaseq': 'source_scale', 'gpus': [0], 'use_landmark_genes': True, 'no_feature_source': True, 'no_response_source': True, 'save_path': '/dev/shm/Uno/save/9000841.amn-0001/55', 'single': True, 'on_memory_loader': True, 'ckpt_checksum': True, 'ckpt_save_interval': 0, 'timeout': -1, 'train_bool': True, 'profiling': False, 'experiment_id': '9000841.amn-0001', 'run_id': '55', 'logfile': '/dev/shm/Uno/save/9000841.amn-0001/55/python.log', 'shuffle': False, 'ckpt_restart_mode': 'off', 'ckpt_skip_epochs': 0, 'ckpt_directory': '/dev/shm/Uno/save/9000841.amn-0001/55', 'ckpt_save_best': True, 'ckpt_save_best_metric': 'val_loss', 'ckpt_save_weights_only': False, 'ckpt_keep_mode': 'linear', 'ckpt_keep_limit': 5, 'by_cell': None, 'by_drug': None, 'cell_subset_path': '', 'drug_subset_path': '', 'drug_median_response_min': -1, 'drug_median_response_max': 1, 'dense_cell_feature_layers': None, 'dense_drug_feature_layers': None, 'use_filtered_genes': False, 'feature_subset_path': '', 'cell_feature_subset_path': '', 'drug_feature_subset_path': '', 'es': True, 'cp': False, 'tb': False, 'tb_prefix': 'tb', 'partition_by': None, 'cache': None, 'export_csv': None, 'export_data': None, 'use_exported_data': '/dev/shm/Uno/x1921c3s1b0n0.55.merged.landmark.h5', 'growth_bins': 0, 'initial_weights': None, 'save_weights': '/dev/shm/Uno/save/9000841.amn-0001/55/3.1.model.h5', 'config_file': '/home/brettin/CSC249ADOA01_CNDA/brettin/Benchmarks/Pilot1/Uno/uno_auc_model.txt', 'data_type': <class 'numpy.float32'>, 'data_dir': '/dev/shm/Uno/uno/Data', 'output_dir': '/dev/shm/Uno/uno/Output/9000841.amn-0001/55'}
2024-05-22 17:13:02 Feature encoding submodel for cell.rnaseq:
2024-05-22 17:13:02 Model: "cell.rnaseq"
2024-05-22 17:13:02 _________________________________________________________________
2024-05-22 17:13:02  Layer (type)                Output Shape              Param #   
2024-05-22 17:13:02 =================================================================
2024-05-22 17:13:02  input_1 (InputLayer)        [(None, 958)]             0         
2024-05-22 17:13:02                                                                  
2024-05-22 17:13:02  dense (Dense)               (None, 1000)              959000    
2024-05-22 17:13:02                                                                  
2024-05-22 17:13:02  permanent_dropout (Permane  (None, 1000)              0         
2024-05-22 17:13:02  ntDropout)                                                      
2024-05-22 17:13:02                                                                  
2024-05-22 17:13:02  dense_1 (Dense)             (None, 1000)              1001000   
2024-05-22 17:13:02                                                                  
2024-05-22 17:13:02  permanent_dropout_1 (Perma  (None, 1000)              0         
2024-05-22 17:13:02  nentDropout)                                                    
2024-05-22 17:13:02                                                                  
2024-05-22 17:13:02  dense_2 (Dense)             (None, 1000)              1001000   
2024-05-22 17:13:02                                                                  
2024-05-22 17:13:02  permanent_dropout_2 (Perma  (None, 1000)              0         
2024-05-22 17:13:02  nentDropout)                                                    
2024-05-22 17:13:02                                                                  
2024-05-22 17:13:02 =================================================================
2024-05-22 17:13:02 Total params: 2961000 (11.30 MB)
2024-05-22 17:13:02 Trainable params: 2961000 (11.30 MB)
2024-05-22 17:13:02 Non-trainable params: 0 (0.00 Byte)
2024-05-22 17:13:02 _________________________________________________________________
2024-05-22 17:13:02 Feature encoding submodel for drug.descriptors:
2024-05-22 17:13:02 Model: "drug.descriptors"
2024-05-22 17:13:02 _________________________________________________________________
2024-05-22 17:13:02  Layer (type)                Output Shape              Param #   
2024-05-22 17:13:02 =================================================================
2024-05-22 17:13:02  input_2 (InputLayer)        [(None, 1613)]            0         
2024-05-22 17:13:02                                                                  
2024-05-22 17:13:02  dense_3 (Dense)             (None, 1000)              1614000   
2024-05-22 17:13:02                                                                  
2024-05-22 17:13:02  permanent_dropout_3 (Perma  (None, 1000)              0         
2024-05-22 17:13:02  nentDropout)                                                    
2024-05-22 17:13:02                                                                  
2024-05-22 17:13:02  dense_4 (Dense)             (None, 1000)              1001000   
2024-05-22 17:13:02                                                                  
2024-05-22 17:13:02  permanent_dropout_4 (Perma  (None, 1000)              0         
2024-05-22 17:13:02  nentDropout)                                                    
2024-05-22 17:13:02                                                                  
2024-05-22 17:13:02  dense_5 (Dense)             (None, 1000)              1001000   
2024-05-22 17:13:02                                                                  
2024-05-22 17:13:02  permanent_dropout_5 (Perma  (None, 1000)              0         
2024-05-22 17:13:02  nentDropout)                                                    
2024-05-22 17:13:02                                                                  
2024-05-22 17:13:02 =================================================================
2024-05-22 17:13:02 Total params: 3616000 (13.79 MB)
2024-05-22 17:13:02 Trainable params: 3616000 (13.79 MB)
2024-05-22 17:13:02 Non-trainable params: 0 (0.00 Byte)
2024-05-22 17:13:02 _________________________________________________________________
2024-05-22 17:13:02 Combined model:
2024-05-22 17:13:02 Model: "model"
2024-05-22 17:13:02 __________________________________________________________________________________________________
2024-05-22 17:13:02  Layer (type)                Output Shape                 Param #   Connected to                  
2024-05-22 17:13:02 ==================================================================================================
2024-05-22 17:13:02  input.cell.rnaseq (InputLa  [(None, 958)]                0         []                            
2024-05-22 17:13:02  yer)                                                                                             
2024-05-22 17:13:02                                                                                                   
2024-05-22 17:13:02  input.drug1.descriptors (I  [(None, 1613)]               0         []                            
2024-05-22 17:13:02  nputLayer)                                                                                       
2024-05-22 17:13:02                                                                                                   
2024-05-22 17:13:02  cell.rnaseq (Functional)    (None, 1000)                 2961000   ['input.cell.rnaseq[0][0]']   
2024-05-22 17:13:02                                                                                                   
2024-05-22 17:13:02  drug.descriptors (Function  (None, 1000)                 3616000   ['input.drug1.descriptors[0][0
2024-05-22 17:13:02  al)                                                                ]']                           
2024-05-22 17:13:02                                                                                                   
2024-05-22 17:13:02  concatenate (Concatenate)   (None, 2000)                 0         ['cell.rnaseq[0][0]',         
2024-05-22 17:13:02                                                                      'drug.descriptors[0][0]']    
2024-05-22 17:13:02                                                                                                   
2024-05-22 17:13:02  dense_6 (Dense)             (None, 1000)                 2001000   ['concatenate[0][0]']         
2024-05-22 17:13:02                                                                                                   
2024-05-22 17:13:02  permanent_dropout_6 (Perma  (None, 1000)                 0         ['dense_6[0][0]']             
2024-05-22 17:13:02  nentDropout)                                                                                     
2024-05-22 17:13:02                                                                                                   
2024-05-22 17:13:02  dense_7 (Dense)             (None, 1000)                 1001000   ['permanent_dropout_6[0][0]'] 
2024-05-22 17:13:02                                                                                                   
2024-05-22 17:13:02  permanent_dropout_7 (Perma  (None, 1000)                 0         ['dense_7[0][0]']             
2024-05-22 17:13:02  nentDropout)                                                                                     
2024-05-22 17:13:02                                                                                                   
2024-05-22 17:13:02  dense_8 (Dense)             (None, 1000)                 1001000   ['permanent_dropout_7[0][0]'] 
2024-05-22 17:13:02                                                                                                   
2024-05-22 17:13:02  permanent_dropout_8 (Perma  (None, 1000)                 0         ['dense_8[0][0]']             
2024-05-22 17:13:02  nentDropout)                                                                                     
2024-05-22 17:13:02                                                                                                   
2024-05-22 17:13:02  dense_9 (Dense)             (None, 1000)                 1001000   ['permanent_dropout_8[0][0]'] 
2024-05-22 17:13:02                                                                                                   
2024-05-22 17:13:02  permanent_dropout_9 (Perma  (None, 1000)                 0         ['dense_9[0][0]']             
2024-05-22 17:13:02  nentDropout)                                                                                     
2024-05-22 17:13:02                                                                                                   
2024-05-22 17:13:02  dense_10 (Dense)            (None, 1000)                 1001000   ['permanent_dropout_9[0][0]'] 
2024-05-22 17:13:02                                                                                                   
2024-05-22 17:13:02  permanent_dropout_10 (Perm  (None, 1000)                 0         ['dense_10[0][0]']            
2024-05-22 17:13:02  anentDropout)                                                                                    
2024-05-22 17:13:02                                                                                                   
2024-05-22 17:13:02  dense_11 (Dense)            (None, 1)                    1001      ['permanent_dropout_10[0][0]']
2024-05-22 17:13:02                                                                                                   
2024-05-22 17:13:02 ==================================================================================================
2024-05-22 17:13:02 Total params: 12583001 (48.00 MB)
2024-05-22 17:13:02 Trainable params: 12583001 (48.00 MB)
2024-05-22 17:13:02 Non-trainable params: 0 (0.00 Byte)
2024-05-22 17:13:02 __________________________________________________________________________________________________
2024-05-22 17:13:03 CKPT CONSTRUCT...
2024-05-22 17:13:03 CKPT CONSTRUCT OK.
2024-05-22 17:13:03 template model: <keras.src.engine.functional.Functional object at 0x1510bd502d30>
2024-05-22 17:13:04 COMPILE
2024-05-22 17:13:04 Will save weights to: /dev/shm/Uno/save/9000841.amn-0001/55/3.1.model.h5
2024-05-22 17:13:21 Between random pairs in y_val:
2024-05-22 17:13:21   mse: 0.04785813
2024-05-22 17:13:21   mae: 0.16010345
2024-05-22 17:13:21   r2: -0.99403866
2024-05-22 17:13:21   corr: 0.00298067
2024-05-22 17:13:21 Data points per epoch: train = 469614, val = 117404, test = 691
2024-05-22 17:13:21 Steps per epoch: train = 14675, val = 3668, test = 21
2024-05-22 17:13:21 Epoch 0: lr=0.001
2024-05-22 17:14:34 [Epoch: 0] loss: 0.028901, mae: 0.079657, r2: -0.389998, val_loss: 0.008461, val_mae: 0.064559, val_r2: 0.602380
2024-05-22 17:14:34 Epoch 1: lr=0.00082
2024-05-22 17:15:46 [Epoch: 1] loss: 0.008004, mae: 0.064021, r2: 0.619696, val_loss: 0.007904, val_mae: 0.062124, val_r2: 0.627476
2024-05-22 17:15:46 Epoch 2: lr=0.00064
2024-05-22 17:16:58 [Epoch: 2] loss: 0.007325, mae: 0.060918, r2: 0.650644, val_loss: 0.007193, val_mae: 0.059474, val_r2: 0.660028
2024-05-22 17:16:58 Epoch 3: lr=0.00046
2024-05-22 17:18:10 [Epoch: 3] loss: 0.006855, mae: 0.058740, r2: 0.671939, val_loss: 0.006894, val_mae: 0.058988, val_r2: 0.676732
2024-05-22 17:18:10 Epoch 4: lr=0.00028
2024-05-22 17:19:22 [Epoch: 4] loss: 0.006466, mae: 0.056947, r2: 0.690240, val_loss: 0.006617, val_mae: 0.057120, val_r2: 0.688136
2024-05-22 17:19:22 Epoch 5: lr=0.0001
2024-05-22 17:20:34 [Epoch: 5] loss: 0.006137, mae: 0.055422, r2: 0.705297, val_loss: 0.006488, val_mae: 0.056736, val_r2: 0.693407
2024-05-22 17:20:34 Epoch 6: lr=0.0001
2024-05-22 17:21:46 [Epoch: 6] loss: 0.006011, mae: 0.054850, r2: 0.711098, val_loss: 0.006436, val_mae: 0.056681, val_r2: 0.696503
2024-05-22 17:21:46 Epoch 7: lr=0.0001
2024-05-22 17:22:58 [Epoch: 7] loss: 0.005947, mae: 0.054568, r2: 0.713886, val_loss: 0.006388, val_mae: 0.056135, val_r2: 0.698139
2024-05-22 17:22:58 Epoch 8: lr=0.0001
2024-05-22 17:24:10 [Epoch: 8] loss: 0.005880, mae: 0.054299, r2: 0.717277, val_loss: 0.006354, val_mae: 0.055947, val_r2: 0.700292
2024-05-22 17:24:10 Epoch 9: lr=0.0001
2024-05-22 17:25:22 [Epoch: 9] loss: 0.005812, mae: 0.053944, r2: 0.720465, val_loss: 0.006350, val_mae: 0.055674, val_r2: 0.700962
2024-05-22 17:25:22 Epoch 10: lr=0.0001
2024-05-22 17:26:34 [Epoch: 10] loss: 0.005746, mae: 0.053656, r2: 0.723585, val_loss: 0.006288, val_mae: 0.055419, val_r2: 0.702177
2024-05-22 17:26:34 Epoch 11: lr=0.0001
2024-05-22 17:27:46 [Epoch: 11] loss: 0.005695, mae: 0.053441, r2: 0.725843, val_loss: 0.006316, val_mae: 0.055815, val_r2: 0.699948
2024-05-22 17:27:46 Epoch 12: lr=0.0001
2024-05-22 17:28:58 [Epoch: 12] loss: 0.005631, mae: 0.053173, r2: 0.728895, val_loss: 0.006272, val_mae: 0.055990, val_r2: 0.705477
2024-05-22 17:28:58 Epoch 13: lr=0.0001
2024-05-22 17:30:09 [Epoch: 13] loss: 0.005573, mae: 0.052882, r2: 0.731852, val_loss: 0.006234, val_mae: 0.055321, val_r2: 0.705518
2024-05-22 17:30:10 Epoch 14: lr=0.0001
2024-05-22 17:31:22 [Epoch: 14] loss: 0.005520, mae: 0.052646, r2: 0.734184, val_loss: 0.006250, val_mae: 0.054919, val_r2: 0.704654
2024-05-22 17:31:22 Epoch 15: lr=0.0001
2024-05-22 17:32:34 [Epoch: 15] loss: 0.005467, mae: 0.052383, r2: 0.736564, val_loss: 0.006232, val_mae: 0.054923, val_r2: 0.705041
2024-05-22 17:32:34 Epoch 16: lr=0.0001
2024-05-22 17:33:46 [Epoch: 16] loss: 0.005422, mae: 0.052203, r2: 0.738608, val_loss: 0.006223, val_mae: 0.054829, val_r2: 0.705521
2024-05-22 17:33:46 Epoch 17: lr=0.0001
2024-05-22 17:34:58 [Epoch: 17] loss: 0.005376, mae: 0.051952, r2: 0.740751, val_loss: 0.006181, val_mae: 0.054901, val_r2: 0.706549
2024-05-22 17:34:58 Epoch 18: lr=0.0001
2024-05-22 17:36:10 [Epoch: 18] loss: 0.005323, mae: 0.051747, r2: 0.743408, val_loss: 0.006191, val_mae: 0.055051, val_r2: 0.706154
2024-05-22 17:36:10 Epoch 19: lr=5e-05
2024-05-22 17:37:22 [Epoch: 19] loss: 0.005207, mae: 0.051187, r2: 0.748864, val_loss: 0.006164, val_mae: 0.054557, val_r2: 0.708708
2024-05-22 17:37:22 Epoch 20: lr=5e-05
2024-05-22 17:38:34 [Epoch: 20] loss: 0.005163, mae: 0.050979, r2: 0.750911, val_loss: 0.006143, val_mae: 0.054679, val_r2: 0.709748
2024-05-22 17:38:34 Epoch 21: lr=5e-05
2024-05-22 17:39:45 [Epoch: 21] loss: 0.005129, mae: 0.050819, r2: 0.752522, val_loss: 0.006160, val_mae: 0.054465, val_r2: 0.709122
2024-05-22 17:39:45 Epoch 22: lr=5e-05
2024-05-22 17:40:56 [Epoch: 22] loss: 0.005119, mae: 0.050715, r2: 0.752898, val_loss: 0.006152, val_mae: 0.054885, val_r2: 0.708287
2024-05-22 17:40:56 Epoch 23: lr=5e-05
2024-05-22 17:42:08 [Epoch: 23] loss: 0.005087, mae: 0.050561, r2: 0.754493, val_loss: 0.006134, val_mae: 0.054612, val_r2: 0.709966
2024-05-22 17:42:08 Epoch 24: lr=2.5e-05
2024-05-22 17:43:20 [Epoch: 24] loss: 0.005022, mae: 0.050317, r2: 0.757481, val_loss: 0.006134, val_mae: 0.054382, val_r2: 0.709622
2024-05-22 17:43:20 Epoch 25: lr=2.5e-05
2024-05-22 17:44:32 [Epoch: 25] loss: 0.005007, mae: 0.050223, r2: 0.758164, val_loss: 0.006126, val_mae: 0.054601, val_r2: 0.709267
2024-05-22 17:44:32 Epoch 26: lr=2.5e-05
2024-05-22 17:45:44 [Epoch: 26] loss: 0.004978, mae: 0.050107, r2: 0.759589, val_loss: 0.006149, val_mae: 0.054557, val_r2: 0.708598
2024-05-22 17:45:44 Epoch 27: lr=2.5e-05
2024-05-22 17:46:56 [Epoch: 27] loss: 0.004968, mae: 0.050033, r2: 0.759731, val_loss: 0.006130, val_mae: 0.054160, val_r2: 0.709606
2024-05-22 17:46:56 Epoch 28: lr=2.5e-05
2024-05-22 17:48:08 [Epoch: 28] loss: 0.004951, mae: 0.049935, r2: 0.760928, val_loss: 0.006150, val_mae: 0.054186, val_r2: 0.708492
2024-05-22 17:48:08 Epoch 29: lr=2.5e-05
2024-05-22 17:49:20 [Epoch: 29] loss: 0.004941, mae: 0.049895, r2: 0.761278, val_loss: 0.006170, val_mae: 0.054495, val_r2: 0.707421
2024-05-22 17:49:20 Epoch 30: lr=1.25e-05
2024-05-22 17:50:32 [Epoch: 30] loss: 0.004908, mae: 0.049723, r2: 0.762586, val_loss: 0.006109, val_mae: 0.054482, val_r2: 0.709984
2024-05-22 17:50:32 Epoch 31: lr=1.25e-05
2024-05-22 17:51:44 [Epoch: 31] loss: 0.004890, mae: 0.049667, r2: 0.763863, val_loss: 0.006154, val_mae: 0.054459, val_r2: 0.708668
2024-05-22 17:51:44 Epoch 32: lr=1.25e-05
2024-05-22 17:52:55 [Epoch: 32] loss: 0.004893, mae: 0.049685, r2: 0.763332, val_loss: 0.006154, val_mae: 0.054416, val_r2: 0.708525
2024-05-22 17:52:55 Epoch 33: lr=1.25e-05
2024-05-22 17:54:07 [Epoch: 33] loss: 0.004891, mae: 0.049672, r2: 0.763410, val_loss: 0.006137, val_mae: 0.054334, val_r2: 0.709768
2024-05-22 17:54:07 Epoch 34: lr=1.25e-05
2024-05-22 17:55:19 [Epoch: 34] loss: 0.004869, mae: 0.049561, r2: 0.764630, val_loss: 0.006158, val_mae: 0.054650, val_r2: 0.707685
2024-05-22 17:55:19 Epoch 35: lr=1e-05
2024-05-22 17:56:30 [Epoch: 35] loss: 0.004872, mae: 0.049557, r2: 0.764472, val_loss: 0.006136, val_mae: 0.054331, val_r2: 0.709677
2024-05-22 17:56:31 Epoch 36: lr=1e-05
2024-05-22 17:57:43 [Epoch: 36] loss: 0.004862, mae: 0.049520, r2: 0.764866, val_loss: 0.006123, val_mae: 0.054395, val_r2: 0.710073
2024-05-22 17:57:43 Epoch 37: lr=1e-05
2024-05-22 17:58:55 [Epoch: 37] loss: 0.004853, mae: 0.049493, r2: 0.765455, val_loss: 0.006135, val_mae: 0.054373, val_r2: 0.709256
2024-05-22 17:58:55 Epoch 38: lr=1e-05
2024-05-22 18:00:07 [Epoch: 38] loss: 0.004844, mae: 0.049435, r2: 0.765878, val_loss: 0.006137, val_mae: 0.054483, val_r2: 0.708885
2024-05-22 18:00:07 Epoch 39: lr=1e-05
2024-05-22 18:01:18 [Epoch: 39] loss: 0.004846, mae: 0.049455, r2: 0.765694, val_loss: 0.006127, val_mae: 0.054412, val_r2: 0.709707
2024-05-22 18:01:18 Epoch 40: lr=1e-05
2024-05-22 18:02:30 [Epoch: 40] loss: 0.004836, mae: 0.049416, r2: 0.766076, val_loss: 0.006137, val_mae: 0.054327, val_r2: 0.708784
2024-05-22 18:02:30 history_length: 41
2024-05-22 18:02:30 stopping: early
2024-05-22 18:02:30 Comparing y_true and y_pred:
2024-05-22 18:02:30   mse: 0.01039317
2024-05-22 18:02:30   mae: 0.07550343
2024-05-22 18:02:30   r2: -0.15502598
2024-05-22 18:02:30   corr: 0.01881587
