2024-04-29 10:35:23 UNO RUN ...
2024-04-29 10:35:23 Params: {'model_name': 'uno', 'train_sources': ['CCLE'], 'test_sources': ['train'], 'cell_types': None, 'cell_features': ['rnaseq'], 'drug_features': ['descriptors'], 'dense': [1000, 1000, 1000, 1000, 1000], 'dense_feature_layers': [1000, 1000, 1000], 'activation': 'relu', 'loss': 'mse', 'optimizer': 'adamax', 'scaling': 'std', 'dropout': 0.1, 'epochs': 30, 'batch_size': 32, 'val_split': 0.2, 'cv': 1, 'max_val_loss': 1.0, 'learning_rate': 0.0001, 'base_lr': None, 'agg_dose': 'AUC', 'residual': False, 'reduce_lr': True, 'warmup_lr': True, 'batch_normalization': False, 'feature_subsample': 0, 'rng_seed': 2018, 'no_gen': False, 'verbose': False, 'preprocess_rnaseq': 'source_scale', 'gpus': [0], 'use_landmark_genes': True, 'no_feature_source': True, 'no_response_source': True, 'save_path': '/dev/shm/Uno/save/8994056.amn-0001/98', 'single': True, 'on_memory_loader': True, 'ckpt_checksum': True, 'ckpt_save_interval': 0, 'timeout': -1, 'train_bool': True, 'profiling': False, 'experiment_id': '8994056.amn-0001', 'run_id': '98', 'logfile': '/dev/shm/Uno/save/8994056.amn-0001/98/python.log', 'shuffle': False, 'ckpt_restart_mode': 'off', 'ckpt_skip_epochs': 0, 'ckpt_directory': '/dev/shm/Uno/save/8994056.amn-0001/98', 'ckpt_save_best': True, 'ckpt_save_best_metric': 'val_loss', 'ckpt_save_weights_only': False, 'ckpt_keep_mode': 'linear', 'ckpt_keep_limit': 5, 'by_cell': None, 'by_drug': None, 'cell_subset_path': '', 'drug_subset_path': '', 'drug_median_response_min': -1, 'drug_median_response_max': 1, 'dense_cell_feature_layers': None, 'dense_drug_feature_layers': None, 'use_filtered_genes': False, 'feature_subset_path': '', 'cell_feature_subset_path': '', 'drug_feature_subset_path': '', 'es': True, 'cp': False, 'tb': False, 'tb_prefix': 'tb', 'partition_by': None, 'cache': None, 'export_csv': None, 'export_data': None, 'use_exported_data': '/dev/shm/Uno/x1921c7s7b0n0.98.merged.landmark.h5', 'growth_bins': 0, 'initial_weights': None, 'save_weights': '/dev/shm/Uno/save/8994056.amn-0001/98/1.0.model.h5', 'config_file': '/home/brettin/CSC249ADOA01_CNDA/brettin/Benchmarks/Pilot1/Uno/uno_auc_model.txt', 'data_type': <class 'numpy.float32'>, 'data_dir': '/dev/shm/Uno/uno/Data', 'output_dir': '/dev/shm/Uno/uno/Output/8994056.amn-0001/98'}
2024-04-29 10:35:24 Feature encoding submodel for cell.rnaseq:
2024-04-29 10:35:24 Model: "cell.rnaseq"
2024-04-29 10:35:24 _________________________________________________________________
2024-04-29 10:35:24  Layer (type)                Output Shape              Param #   
2024-04-29 10:35:24 =================================================================
2024-04-29 10:35:24  input_1 (InputLayer)        [(None, 958)]             0         
2024-04-29 10:35:24                                                                  
2024-04-29 10:35:24  dense (Dense)               (None, 1000)              959000    
2024-04-29 10:35:24                                                                  
2024-04-29 10:35:24  permanent_dropout (Permane  (None, 1000)              0         
2024-04-29 10:35:24  ntDropout)                                                      
2024-04-29 10:35:24                                                                  
2024-04-29 10:35:24  dense_1 (Dense)             (None, 1000)              1001000   
2024-04-29 10:35:24                                                                  
2024-04-29 10:35:24  permanent_dropout_1 (Perma  (None, 1000)              0         
2024-04-29 10:35:24  nentDropout)                                                    
2024-04-29 10:35:24                                                                  
2024-04-29 10:35:24  dense_2 (Dense)             (None, 1000)              1001000   
2024-04-29 10:35:24                                                                  
2024-04-29 10:35:24  permanent_dropout_2 (Perma  (None, 1000)              0         
2024-04-29 10:35:24  nentDropout)                                                    
2024-04-29 10:35:24                                                                  
2024-04-29 10:35:24 =================================================================
2024-04-29 10:35:24 Total params: 2961000 (11.30 MB)
2024-04-29 10:35:24 Trainable params: 2961000 (11.30 MB)
2024-04-29 10:35:24 Non-trainable params: 0 (0.00 Byte)
2024-04-29 10:35:24 _________________________________________________________________
2024-04-29 10:35:24 Feature encoding submodel for drug.descriptors:
2024-04-29 10:35:24 Model: "drug.descriptors"
2024-04-29 10:35:24 _________________________________________________________________
2024-04-29 10:35:24  Layer (type)                Output Shape              Param #   
2024-04-29 10:35:24 =================================================================
2024-04-29 10:35:24  input_2 (InputLayer)        [(None, 1613)]            0         
2024-04-29 10:35:24                                                                  
2024-04-29 10:35:24  dense_3 (Dense)             (None, 1000)              1614000   
2024-04-29 10:35:24                                                                  
2024-04-29 10:35:24  permanent_dropout_3 (Perma  (None, 1000)              0         
2024-04-29 10:35:24  nentDropout)                                                    
2024-04-29 10:35:24                                                                  
2024-04-29 10:35:24  dense_4 (Dense)             (None, 1000)              1001000   
2024-04-29 10:35:24                                                                  
2024-04-29 10:35:24  permanent_dropout_4 (Perma  (None, 1000)              0         
2024-04-29 10:35:24  nentDropout)                                                    
2024-04-29 10:35:24                                                                  
2024-04-29 10:35:24  dense_5 (Dense)             (None, 1000)              1001000   
2024-04-29 10:35:24                                                                  
2024-04-29 10:35:24  permanent_dropout_5 (Perma  (None, 1000)              0         
2024-04-29 10:35:24  nentDropout)                                                    
2024-04-29 10:35:24                                                                  
2024-04-29 10:35:24 =================================================================
2024-04-29 10:35:24 Total params: 3616000 (13.79 MB)
2024-04-29 10:35:24 Trainable params: 3616000 (13.79 MB)
2024-04-29 10:35:24 Non-trainable params: 0 (0.00 Byte)
2024-04-29 10:35:24 _________________________________________________________________
2024-04-29 10:35:24 Combined model:
2024-04-29 10:35:24 Model: "model"
2024-04-29 10:35:24 __________________________________________________________________________________________________
2024-04-29 10:35:24  Layer (type)                Output Shape                 Param #   Connected to                  
2024-04-29 10:35:24 ==================================================================================================
2024-04-29 10:35:24  input.cell.rnaseq (InputLa  [(None, 958)]                0         []                            
2024-04-29 10:35:24  yer)                                                                                             
2024-04-29 10:35:24                                                                                                   
2024-04-29 10:35:24  input.drug1.descriptors (I  [(None, 1613)]               0         []                            
2024-04-29 10:35:24  nputLayer)                                                                                       
2024-04-29 10:35:24                                                                                                   
2024-04-29 10:35:24  cell.rnaseq (Functional)    (None, 1000)                 2961000   ['input.cell.rnaseq[0][0]']   
2024-04-29 10:35:24                                                                                                   
2024-04-29 10:35:24  drug.descriptors (Function  (None, 1000)                 3616000   ['input.drug1.descriptors[0][0
2024-04-29 10:35:24  al)                                                                ]']                           
2024-04-29 10:35:24                                                                                                   
2024-04-29 10:35:24  concatenate (Concatenate)   (None, 2000)                 0         ['cell.rnaseq[0][0]',         
2024-04-29 10:35:24                                                                      'drug.descriptors[0][0]']    
2024-04-29 10:35:24                                                                                                   
2024-04-29 10:35:24  dense_6 (Dense)             (None, 1000)                 2001000   ['concatenate[0][0]']         
2024-04-29 10:35:24                                                                                                   
2024-04-29 10:35:24  permanent_dropout_6 (Perma  (None, 1000)                 0         ['dense_6[0][0]']             
2024-04-29 10:35:24  nentDropout)                                                                                     
2024-04-29 10:35:24                                                                                                   
2024-04-29 10:35:24  dense_7 (Dense)             (None, 1000)                 1001000   ['permanent_dropout_6[0][0]'] 
2024-04-29 10:35:24                                                                                                   
2024-04-29 10:35:24  permanent_dropout_7 (Perma  (None, 1000)                 0         ['dense_7[0][0]']             
2024-04-29 10:35:24  nentDropout)                                                                                     
2024-04-29 10:35:24                                                                                                   
2024-04-29 10:35:24  dense_8 (Dense)             (None, 1000)                 1001000   ['permanent_dropout_7[0][0]'] 
2024-04-29 10:35:24                                                                                                   
2024-04-29 10:35:24  permanent_dropout_8 (Perma  (None, 1000)                 0         ['dense_8[0][0]']             
2024-04-29 10:35:24  nentDropout)                                                                                     
2024-04-29 10:35:24                                                                                                   
2024-04-29 10:35:24  dense_9 (Dense)             (None, 1000)                 1001000   ['permanent_dropout_8[0][0]'] 
2024-04-29 10:35:24                                                                                                   
2024-04-29 10:35:24  permanent_dropout_9 (Perma  (None, 1000)                 0         ['dense_9[0][0]']             
2024-04-29 10:35:24  nentDropout)                                                                                     
2024-04-29 10:35:24                                                                                                   
2024-04-29 10:35:24  dense_10 (Dense)            (None, 1000)                 1001000   ['permanent_dropout_9[0][0]'] 
2024-04-29 10:35:24                                                                                                   
2024-04-29 10:35:24  permanent_dropout_10 (Perm  (None, 1000)                 0         ['dense_10[0][0]']            
2024-04-29 10:35:24  anentDropout)                                                                                    
2024-04-29 10:35:24                                                                                                   
2024-04-29 10:35:24  dense_11 (Dense)            (None, 1)                    1001      ['permanent_dropout_10[0][0]']
2024-04-29 10:35:24                                                                                                   
2024-04-29 10:35:24 ==================================================================================================
2024-04-29 10:35:24 Total params: 12583001 (48.00 MB)
2024-04-29 10:35:24 Trainable params: 12583001 (48.00 MB)
2024-04-29 10:35:24 Non-trainable params: 0 (0.00 Byte)
2024-04-29 10:35:24 __________________________________________________________________________________________________
2024-04-29 10:35:24 CKPT CONSTRUCT...
2024-04-29 10:35:24 CKPT CONSTRUCT OK.
2024-04-29 10:35:24 template model: <keras.src.engine.functional.Functional object at 0x1454e9895fa0>
2024-04-29 10:35:26 COMPILE
2024-04-29 10:35:26 Will save weights to: /dev/shm/Uno/save/8994056.amn-0001/98/1.0.model.h5
2024-04-29 10:35:44 Between random pairs in y_val:
2024-04-29 10:35:44   mse: 0.04771259
2024-04-29 10:35:44   mae: 0.15987179
2024-04-29 10:35:44   r2: -0.99869763
2024-04-29 10:35:44   corr: 0.00065119
2024-04-29 10:35:44 Data points per epoch: train = 470167, val = 117542, test = 577
2024-04-29 10:35:44 Steps per epoch: train = 14692, val = 3673, test = 18
2024-04-29 10:35:44 Epoch 0: lr=0.001
2024-04-29 10:36:58 [Epoch: 0] loss: 0.030168, mae: 0.079928, r2: -0.207339, val_loss: 0.008643, val_mae: 0.065567, val_r2: 0.595529
2024-04-29 10:36:58 Epoch 1: lr=0.00082
2024-04-29 10:38:10 [Epoch: 1] loss: 0.008011, mae: 0.063977, r2: 0.620483, val_loss: 0.007631, val_mae: 0.062067, val_r2: 0.637148
2024-04-29 10:38:11 Epoch 2: lr=0.00064
2024-04-29 10:39:23 [Epoch: 2] loss: 0.007320, mae: 0.060822, r2: 0.652862, val_loss: 0.007276, val_mae: 0.060105, val_r2: 0.657414
2024-04-29 10:39:23 Epoch 3: lr=0.00046
2024-04-29 10:40:35 [Epoch: 3] loss: 0.006840, mae: 0.058653, r2: 0.674942, val_loss: 0.006804, val_mae: 0.058169, val_r2: 0.677411
2024-04-29 10:40:36 Epoch 4: lr=0.00028
2024-04-29 10:41:48 [Epoch: 4] loss: 0.006454, mae: 0.056846, r2: 0.692457, val_loss: 0.006526, val_mae: 0.057041, val_r2: 0.692327
2024-04-29 10:41:48 Epoch 5: lr=0.0001
2024-04-29 10:43:01 [Epoch: 5] loss: 0.006110, mae: 0.055228, r2: 0.708250, val_loss: 0.006398, val_mae: 0.056669, val_r2: 0.695474
2024-04-29 10:43:01 Epoch 6: lr=0.0001
2024-04-29 10:44:14 [Epoch: 6] loss: 0.006001, mae: 0.054805, r2: 0.713344, val_loss: 0.006334, val_mae: 0.055815, val_r2: 0.699243
2024-04-29 10:44:14 Epoch 7: lr=0.0001
2024-04-29 10:45:26 [Epoch: 7] loss: 0.005915, mae: 0.054380, r2: 0.717175, val_loss: 0.006301, val_mae: 0.055679, val_r2: 0.700109
2024-04-29 10:45:26 Epoch 8: lr=0.0001
2024-04-29 10:46:39 [Epoch: 8] loss: 0.005849, mae: 0.054078, r2: 0.720308, val_loss: 0.006260, val_mae: 0.055675, val_r2: 0.701807
2024-04-29 10:46:39 Epoch 9: lr=0.0001
2024-04-29 10:47:51 [Epoch: 9] loss: 0.005774, mae: 0.053736, r2: 0.723780, val_loss: 0.006219, val_mae: 0.055697, val_r2: 0.705785
2024-04-29 10:47:52 Epoch 10: lr=0.0001
2024-04-29 10:49:04 [Epoch: 10] loss: 0.005716, mae: 0.053511, r2: 0.726330, val_loss: 0.006209, val_mae: 0.055190, val_r2: 0.704772
2024-04-29 10:49:04 Epoch 11: lr=0.0001
2024-04-29 10:50:17 [Epoch: 11] loss: 0.005650, mae: 0.053173, r2: 0.729726, val_loss: 0.006180, val_mae: 0.055138, val_r2: 0.707470
2024-04-29 10:50:17 Epoch 12: lr=0.0001
2024-04-29 10:51:29 [Epoch: 12] loss: 0.005597, mae: 0.052937, r2: 0.732207, val_loss: 0.006172, val_mae: 0.055430, val_r2: 0.706280
2024-04-29 10:51:30 Epoch 13: lr=0.0001
2024-04-29 10:52:42 [Epoch: 13] loss: 0.005535, mae: 0.052629, r2: 0.735017, val_loss: 0.006132, val_mae: 0.055129, val_r2: 0.708801
2024-04-29 10:52:43 Epoch 14: lr=0.0001
2024-04-29 10:53:55 [Epoch: 14] loss: 0.005479, mae: 0.052391, r2: 0.737369, val_loss: 0.006093, val_mae: 0.054564, val_r2: 0.709734
2024-04-29 10:53:55 Epoch 15: lr=0.0001
2024-04-29 10:55:08 [Epoch: 15] loss: 0.005427, mae: 0.052179, r2: 0.740040, val_loss: 0.006125, val_mae: 0.054555, val_r2: 0.709626
2024-04-29 10:55:08 Epoch 16: lr=0.0001
2024-04-29 10:56:20 [Epoch: 16] loss: 0.005383, mae: 0.051973, r2: 0.742215, val_loss: 0.006090, val_mae: 0.054581, val_r2: 0.711342
2024-04-29 10:56:20 Epoch 17: lr=0.0001
2024-04-29 10:57:33 [Epoch: 17] loss: 0.005334, mae: 0.051737, r2: 0.744446, val_loss: 0.006044, val_mae: 0.054443, val_r2: 0.712498
2024-04-29 10:57:33 Epoch 18: lr=0.0001
2024-04-29 10:58:46 [Epoch: 18] loss: 0.005279, mae: 0.051468, r2: 0.746653, val_loss: 0.006036, val_mae: 0.054256, val_r2: 0.713135
2024-04-29 10:58:46 Epoch 19: lr=5e-05
2024-04-29 10:59:59 [Epoch: 19] loss: 0.005171, mae: 0.050975, r2: 0.751747, val_loss: 0.006052, val_mae: 0.054444, val_r2: 0.711590
2024-04-29 10:59:59 Epoch 20: lr=5e-05
2024-04-29 11:01:11 [Epoch: 20] loss: 0.005129, mae: 0.050758, r2: 0.753771, val_loss: 0.006051, val_mae: 0.054143, val_r2: 0.712302
2024-04-29 11:01:11 Epoch 21: lr=5e-05
2024-04-29 11:02:24 [Epoch: 21] loss: 0.005107, mae: 0.050664, r2: 0.754556, val_loss: 0.006030, val_mae: 0.054433, val_r2: 0.712489
2024-04-29 11:02:24 Epoch 22: lr=5e-05
2024-04-29 11:03:36 [Epoch: 22] loss: 0.005073, mae: 0.050502, r2: 0.756379, val_loss: 0.006062, val_mae: 0.053984, val_r2: 0.711853
2024-04-29 11:03:36 Epoch 23: lr=5e-05
2024-04-29 11:04:49 [Epoch: 23] loss: 0.005048, mae: 0.050372, r2: 0.757425, val_loss: 0.006047, val_mae: 0.054461, val_r2: 0.711179
2024-04-29 11:04:49 Epoch 24: lr=5e-05
2024-04-29 11:06:02 [Epoch: 24] loss: 0.005022, mae: 0.050262, r2: 0.758598, val_loss: 0.006016, val_mae: 0.054024, val_r2: 0.713506
2024-04-29 11:06:02 Epoch 25: lr=5e-05
2024-04-29 11:07:15 [Epoch: 25] loss: 0.005005, mae: 0.050172, r2: 0.759471, val_loss: 0.006011, val_mae: 0.054064, val_r2: 0.714060
2024-04-29 11:07:15 Epoch 26: lr=5e-05
2024-04-29 11:08:27 [Epoch: 26] loss: 0.004974, mae: 0.050012, r2: 0.760885, val_loss: 0.006018, val_mae: 0.054048, val_r2: 0.714559
2024-04-29 11:08:27 Epoch 27: lr=2.5e-05
2024-04-29 11:09:40 [Epoch: 27] loss: 0.004914, mae: 0.049732, r2: 0.763493, val_loss: 0.006005, val_mae: 0.054266, val_r2: 0.713714
2024-04-29 11:09:40 Epoch 28: lr=2.5e-05
2024-04-29 11:10:52 [Epoch: 28] loss: 0.004901, mae: 0.049658, r2: 0.764389, val_loss: 0.006029, val_mae: 0.054360, val_r2: 0.712207
2024-04-29 11:10:53 Epoch 29: lr=2.5e-05
2024-04-29 11:12:05 [Epoch: 29] loss: 0.004880, mae: 0.049566, r2: 0.765349, val_loss: 0.005996, val_mae: 0.053980, val_r2: 0.714340
2024-04-29 11:12:05 history_length: 30
2024-04-29 11:12:05 stopping: complete
2024-04-29 11:12:05 Comparing y_true and y_pred:
2024-04-29 11:12:05   mse: 0.00279137
2024-04-29 11:12:05   mae: 0.04165655
2024-04-29 11:12:05   r2: 0.40272600
2024-04-29 11:12:05   corr: 0.63641875
