2024-05-22 19:47:05 UNO RUN ...
2024-05-22 19:47:05 Params: {'model_name': 'uno', 'train_sources': ['CCLE'], 'test_sources': ['train'], 'cell_types': None, 'cell_features': ['rnaseq'], 'drug_features': ['descriptors'], 'dense': [1000, 1000, 1000, 1000, 1000], 'dense_feature_layers': [1000, 1000, 1000], 'activation': 'relu', 'loss': 'mse', 'optimizer': 'adamax', 'scaling': 'std', 'dropout': 0.1, 'epochs': 50, 'batch_size': 32, 'val_split': 0.2, 'cv': 1, 'max_val_loss': 1.0, 'learning_rate': 0.0001, 'base_lr': None, 'agg_dose': 'AUC', 'residual': False, 'reduce_lr': True, 'warmup_lr': True, 'batch_normalization': False, 'feature_subsample': 0, 'rng_seed': 2018, 'no_gen': False, 'verbose': False, 'preprocess_rnaseq': 'source_scale', 'gpus': [0], 'use_landmark_genes': True, 'no_feature_source': True, 'no_response_source': True, 'save_path': '/dev/shm/Uno/save/9000896.amn-0001/98', 'single': True, 'on_memory_loader': True, 'ckpt_checksum': True, 'ckpt_save_interval': 0, 'timeout': -1, 'train_bool': True, 'profiling': False, 'experiment_id': '9000896.amn-0001', 'run_id': '98', 'logfile': '/dev/shm/Uno/save/9000896.amn-0001/98/python.log', 'shuffle': False, 'ckpt_restart_mode': 'off', 'ckpt_skip_epochs': 0, 'ckpt_directory': '/dev/shm/Uno/save/9000896.amn-0001/98', 'ckpt_save_best': True, 'ckpt_save_best_metric': 'val_loss', 'ckpt_save_weights_only': False, 'ckpt_keep_mode': 'linear', 'ckpt_keep_limit': 5, 'by_cell': None, 'by_drug': None, 'cell_subset_path': '', 'drug_subset_path': '', 'drug_median_response_min': -1, 'drug_median_response_max': 1, 'dense_cell_feature_layers': None, 'dense_drug_feature_layers': None, 'use_filtered_genes': False, 'feature_subset_path': '', 'cell_feature_subset_path': '', 'drug_feature_subset_path': '', 'es': True, 'cp': False, 'tb': False, 'tb_prefix': 'tb', 'partition_by': None, 'cache': None, 'export_csv': None, 'export_data': None, 'use_exported_data': '/dev/shm/Uno/x1922c7s2b0n0.98.merged.landmark.h5', 'growth_bins': 0, 'initial_weights': None, 'save_weights': '/dev/shm/Uno/save/9000896.amn-0001/98/1.0.model.h5', 'config_file': '/home/brettin/CSC249ADOA01_CNDA/brettin/Benchmarks/Pilot1/Uno/uno_auc_model.txt', 'data_type': <class 'numpy.float32'>, 'data_dir': '/dev/shm/Uno/uno/Data', 'output_dir': '/dev/shm/Uno/uno/Output/9000896.amn-0001/98'}
2024-05-22 19:47:05 Feature encoding submodel for cell.rnaseq:
2024-05-22 19:47:05 Model: "cell.rnaseq"
2024-05-22 19:47:05 _________________________________________________________________
2024-05-22 19:47:05  Layer (type)                Output Shape              Param #   
2024-05-22 19:47:05 =================================================================
2024-05-22 19:47:05  input_1 (InputLayer)        [(None, 958)]             0         
2024-05-22 19:47:05                                                                  
2024-05-22 19:47:05  dense (Dense)               (None, 1000)              959000    
2024-05-22 19:47:05                                                                  
2024-05-22 19:47:05  permanent_dropout (Permane  (None, 1000)              0         
2024-05-22 19:47:05  ntDropout)                                                      
2024-05-22 19:47:05                                                                  
2024-05-22 19:47:05  dense_1 (Dense)             (None, 1000)              1001000   
2024-05-22 19:47:05                                                                  
2024-05-22 19:47:05  permanent_dropout_1 (Perma  (None, 1000)              0         
2024-05-22 19:47:05  nentDropout)                                                    
2024-05-22 19:47:05                                                                  
2024-05-22 19:47:05  dense_2 (Dense)             (None, 1000)              1001000   
2024-05-22 19:47:05                                                                  
2024-05-22 19:47:05  permanent_dropout_2 (Perma  (None, 1000)              0         
2024-05-22 19:47:05  nentDropout)                                                    
2024-05-22 19:47:05                                                                  
2024-05-22 19:47:05 =================================================================
2024-05-22 19:47:05 Total params: 2961000 (11.30 MB)
2024-05-22 19:47:05 Trainable params: 2961000 (11.30 MB)
2024-05-22 19:47:05 Non-trainable params: 0 (0.00 Byte)
2024-05-22 19:47:05 _________________________________________________________________
2024-05-22 19:47:05 Feature encoding submodel for drug.descriptors:
2024-05-22 19:47:05 Model: "drug.descriptors"
2024-05-22 19:47:05 _________________________________________________________________
2024-05-22 19:47:05  Layer (type)                Output Shape              Param #   
2024-05-22 19:47:05 =================================================================
2024-05-22 19:47:05  input_2 (InputLayer)        [(None, 1613)]            0         
2024-05-22 19:47:05                                                                  
2024-05-22 19:47:05  dense_3 (Dense)             (None, 1000)              1614000   
2024-05-22 19:47:05                                                                  
2024-05-22 19:47:05  permanent_dropout_3 (Perma  (None, 1000)              0         
2024-05-22 19:47:05  nentDropout)                                                    
2024-05-22 19:47:05                                                                  
2024-05-22 19:47:05  dense_4 (Dense)             (None, 1000)              1001000   
2024-05-22 19:47:05                                                                  
2024-05-22 19:47:05  permanent_dropout_4 (Perma  (None, 1000)              0         
2024-05-22 19:47:05  nentDropout)                                                    
2024-05-22 19:47:05                                                                  
2024-05-22 19:47:05  dense_5 (Dense)             (None, 1000)              1001000   
2024-05-22 19:47:05                                                                  
2024-05-22 19:47:05  permanent_dropout_5 (Perma  (None, 1000)              0         
2024-05-22 19:47:05  nentDropout)                                                    
2024-05-22 19:47:05                                                                  
2024-05-22 19:47:05 =================================================================
2024-05-22 19:47:05 Total params: 3616000 (13.79 MB)
2024-05-22 19:47:05 Trainable params: 3616000 (13.79 MB)
2024-05-22 19:47:05 Non-trainable params: 0 (0.00 Byte)
2024-05-22 19:47:05 _________________________________________________________________
2024-05-22 19:47:05 Combined model:
2024-05-22 19:47:05 Model: "model"
2024-05-22 19:47:05 __________________________________________________________________________________________________
2024-05-22 19:47:05  Layer (type)                Output Shape                 Param #   Connected to                  
2024-05-22 19:47:05 ==================================================================================================
2024-05-22 19:47:05  input.cell.rnaseq (InputLa  [(None, 958)]                0         []                            
2024-05-22 19:47:05  yer)                                                                                             
2024-05-22 19:47:05                                                                                                   
2024-05-22 19:47:05  input.drug1.descriptors (I  [(None, 1613)]               0         []                            
2024-05-22 19:47:05  nputLayer)                                                                                       
2024-05-22 19:47:05                                                                                                   
2024-05-22 19:47:05  cell.rnaseq (Functional)    (None, 1000)                 2961000   ['input.cell.rnaseq[0][0]']   
2024-05-22 19:47:05                                                                                                   
2024-05-22 19:47:05  drug.descriptors (Function  (None, 1000)                 3616000   ['input.drug1.descriptors[0][0
2024-05-22 19:47:05  al)                                                                ]']                           
2024-05-22 19:47:05                                                                                                   
2024-05-22 19:47:05  concatenate (Concatenate)   (None, 2000)                 0         ['cell.rnaseq[0][0]',         
2024-05-22 19:47:05                                                                      'drug.descriptors[0][0]']    
2024-05-22 19:47:05                                                                                                   
2024-05-22 19:47:05  dense_6 (Dense)             (None, 1000)                 2001000   ['concatenate[0][0]']         
2024-05-22 19:47:05                                                                                                   
2024-05-22 19:47:05  permanent_dropout_6 (Perma  (None, 1000)                 0         ['dense_6[0][0]']             
2024-05-22 19:47:05  nentDropout)                                                                                     
2024-05-22 19:47:05                                                                                                   
2024-05-22 19:47:05  dense_7 (Dense)             (None, 1000)                 1001000   ['permanent_dropout_6[0][0]'] 
2024-05-22 19:47:05                                                                                                   
2024-05-22 19:47:05  permanent_dropout_7 (Perma  (None, 1000)                 0         ['dense_7[0][0]']             
2024-05-22 19:47:05  nentDropout)                                                                                     
2024-05-22 19:47:05                                                                                                   
2024-05-22 19:47:05  dense_8 (Dense)             (None, 1000)                 1001000   ['permanent_dropout_7[0][0]'] 
2024-05-22 19:47:05                                                                                                   
2024-05-22 19:47:05  permanent_dropout_8 (Perma  (None, 1000)                 0         ['dense_8[0][0]']             
2024-05-22 19:47:05  nentDropout)                                                                                     
2024-05-22 19:47:05                                                                                                   
2024-05-22 19:47:05  dense_9 (Dense)             (None, 1000)                 1001000   ['permanent_dropout_8[0][0]'] 
2024-05-22 19:47:05                                                                                                   
2024-05-22 19:47:05  permanent_dropout_9 (Perma  (None, 1000)                 0         ['dense_9[0][0]']             
2024-05-22 19:47:05  nentDropout)                                                                                     
2024-05-22 19:47:05                                                                                                   
2024-05-22 19:47:05  dense_10 (Dense)            (None, 1000)                 1001000   ['permanent_dropout_9[0][0]'] 
2024-05-22 19:47:05                                                                                                   
2024-05-22 19:47:05  permanent_dropout_10 (Perm  (None, 1000)                 0         ['dense_10[0][0]']            
2024-05-22 19:47:05  anentDropout)                                                                                    
2024-05-22 19:47:05                                                                                                   
2024-05-22 19:47:05  dense_11 (Dense)            (None, 1)                    1001      ['permanent_dropout_10[0][0]']
2024-05-22 19:47:05                                                                                                   
2024-05-22 19:47:05 ==================================================================================================
2024-05-22 19:47:05 Total params: 12583001 (48.00 MB)
2024-05-22 19:47:05 Trainable params: 12583001 (48.00 MB)
2024-05-22 19:47:05 Non-trainable params: 0 (0.00 Byte)
2024-05-22 19:47:05 __________________________________________________________________________________________________
2024-05-22 19:47:05 CKPT CONSTRUCT...
2024-05-22 19:47:05 CKPT CONSTRUCT OK.
2024-05-22 19:47:05 template model: <keras.src.engine.functional.Functional object at 0x146b263ac850>
2024-05-22 19:47:07 COMPILE
2024-05-22 19:47:07 Will save weights to: /dev/shm/Uno/save/9000896.amn-0001/98/1.0.model.h5
2024-05-22 19:47:24 Between random pairs in y_val:
2024-05-22 19:47:24   mse: 0.04741896
2024-05-22 19:47:24   mae: 0.15960510
2024-05-22 19:47:24   r2: -0.98909076
2024-05-22 19:47:24   corr: 0.00545462
2024-05-22 19:47:24 Data points per epoch: train = 468701, val = 117176, test = 1832
2024-05-22 19:47:24 Steps per epoch: train = 14646, val = 3661, test = 57
2024-05-22 19:47:24 Epoch 0: lr=0.001
2024-05-22 19:48:36 [Epoch: 0] loss: 0.028692, mae: 0.079559, r2: -0.097814, val_loss: 0.008566, val_mae: 0.066588, val_r2: 0.603545
2024-05-22 19:48:37 Epoch 1: lr=0.00082
2024-05-22 19:49:49 [Epoch: 1] loss: 0.007930, mae: 0.063711, r2: 0.623554, val_loss: 0.007547, val_mae: 0.060956, val_r2: 0.639340
2024-05-22 19:49:49 Epoch 2: lr=0.00064
2024-05-22 19:51:01 [Epoch: 2] loss: 0.007247, mae: 0.060542, r2: 0.655146, val_loss: 0.007335, val_mae: 0.059720, val_r2: 0.649809
2024-05-22 19:51:01 Epoch 3: lr=0.00046
2024-05-22 19:52:12 [Epoch: 3] loss: 0.006776, mae: 0.058412, r2: 0.676583, val_loss: 0.006766, val_mae: 0.057803, val_r2: 0.677822
2024-05-22 19:52:13 Epoch 4: lr=0.00028
2024-05-22 19:53:24 [Epoch: 4] loss: 0.006390, mae: 0.056632, r2: 0.694413, val_loss: 0.006574, val_mae: 0.057018, val_r2: 0.685823
2024-05-22 19:53:24 Epoch 5: lr=0.0001
2024-05-22 19:54:35 [Epoch: 5] loss: 0.006071, mae: 0.055126, r2: 0.708800, val_loss: 0.006412, val_mae: 0.056835, val_r2: 0.693664
2024-05-22 19:54:36 Epoch 6: lr=0.0001
2024-05-22 19:55:48 [Epoch: 6] loss: 0.005949, mae: 0.054570, r2: 0.714340, val_loss: 0.006363, val_mae: 0.055853, val_r2: 0.696101
2024-05-22 19:55:48 Epoch 7: lr=0.0001
2024-05-22 19:56:59 [Epoch: 7] loss: 0.005873, mae: 0.054253, r2: 0.717980, val_loss: 0.006325, val_mae: 0.055647, val_r2: 0.697275
2024-05-22 19:56:59 Epoch 8: lr=0.0001
2024-05-22 19:58:10 [Epoch: 8] loss: 0.005803, mae: 0.053947, r2: 0.721587, val_loss: 0.006284, val_mae: 0.055632, val_r2: 0.699827
2024-05-22 19:58:11 Epoch 9: lr=0.0001
2024-05-22 19:59:23 [Epoch: 9] loss: 0.005736, mae: 0.053643, r2: 0.724423, val_loss: 0.006244, val_mae: 0.055328, val_r2: 0.700825
2024-05-22 19:59:23 Epoch 10: lr=0.0001
2024-05-22 20:00:34 [Epoch: 10] loss: 0.005677, mae: 0.053372, r2: 0.727106, val_loss: 0.006257, val_mae: 0.055036, val_r2: 0.700752
2024-05-22 20:00:34 Epoch 11: lr=0.0001
2024-05-22 20:01:45 [Epoch: 11] loss: 0.005624, mae: 0.053126, r2: 0.729720, val_loss: 0.006216, val_mae: 0.054870, val_r2: 0.703610
2024-05-22 20:01:45 Epoch 12: lr=0.0001
2024-05-22 20:02:57 [Epoch: 12] loss: 0.005554, mae: 0.052815, r2: 0.732968, val_loss: 0.006168, val_mae: 0.054904, val_r2: 0.705097
2024-05-22 20:02:57 Epoch 13: lr=0.0001
2024-05-22 20:04:08 [Epoch: 13] loss: 0.005503, mae: 0.052550, r2: 0.735116, val_loss: 0.006164, val_mae: 0.055264, val_r2: 0.705137
2024-05-22 20:04:08 Epoch 14: lr=0.0001
2024-05-22 20:05:19 [Epoch: 14] loss: 0.005457, mae: 0.052357, r2: 0.737724, val_loss: 0.006164, val_mae: 0.054710, val_r2: 0.705582
2024-05-22 20:05:19 Epoch 15: lr=0.0001
2024-05-22 20:06:30 [Epoch: 15] loss: 0.005399, mae: 0.052073, r2: 0.740276, val_loss: 0.006147, val_mae: 0.055954, val_r2: 0.706057
2024-05-22 20:06:30 Epoch 16: lr=0.0001
2024-05-22 20:07:41 [Epoch: 16] loss: 0.005344, mae: 0.051861, r2: 0.742643, val_loss: 0.006202, val_mae: 0.054661, val_r2: 0.703893
2024-05-22 20:07:41 Epoch 17: lr=0.0001
2024-05-22 20:08:53 [Epoch: 17] loss: 0.005297, mae: 0.051621, r2: 0.744974, val_loss: 0.006119, val_mae: 0.054327, val_r2: 0.707736
2024-05-22 20:08:53 Epoch 18: lr=5e-05
2024-05-22 20:10:04 [Epoch: 18] loss: 0.005185, mae: 0.051082, r2: 0.750081, val_loss: 0.006097, val_mae: 0.054691, val_r2: 0.708519
2024-05-22 20:10:04 Epoch 19: lr=5e-05
2024-05-22 20:11:15 [Epoch: 19] loss: 0.005144, mae: 0.050906, r2: 0.752284, val_loss: 0.006081, val_mae: 0.054742, val_r2: 0.709775
2024-05-22 20:11:15 Epoch 20: lr=5e-05
2024-05-22 20:12:27 [Epoch: 20] loss: 0.005127, mae: 0.050781, r2: 0.753164, val_loss: 0.006074, val_mae: 0.054260, val_r2: 0.709103
2024-05-22 20:12:27 Epoch 21: lr=5e-05
2024-05-22 20:13:39 [Epoch: 21] loss: 0.005093, mae: 0.050669, r2: 0.754539, val_loss: 0.006119, val_mae: 0.054068, val_r2: 0.707555
2024-05-22 20:13:39 Epoch 22: lr=5e-05
2024-05-22 20:14:51 [Epoch: 22] loss: 0.005063, mae: 0.050516, r2: 0.755830, val_loss: 0.006068, val_mae: 0.054154, val_r2: 0.710040
2024-05-22 20:14:51 Epoch 23: lr=2.5e-05
2024-05-22 20:16:03 [Epoch: 23] loss: 0.004998, mae: 0.050136, r2: 0.758942, val_loss: 0.006069, val_mae: 0.054184, val_r2: 0.710175
2024-05-22 20:16:03 Epoch 24: lr=2.5e-05
2024-05-22 20:17:15 [Epoch: 24] loss: 0.004981, mae: 0.050092, r2: 0.759592, val_loss: 0.006078, val_mae: 0.054134, val_r2: 0.709357
2024-05-22 20:17:15 Epoch 25: lr=2.5e-05
2024-05-22 20:18:27 [Epoch: 25] loss: 0.004966, mae: 0.050049, r2: 0.760496, val_loss: 0.006060, val_mae: 0.054216, val_r2: 0.710293
2024-05-22 20:18:27 Epoch 26: lr=2.5e-05
2024-05-22 20:19:38 [Epoch: 26] loss: 0.004963, mae: 0.050003, r2: 0.760478, val_loss: 0.006070, val_mae: 0.054325, val_r2: 0.709983
2024-05-22 20:19:38 Epoch 27: lr=2.5e-05
2024-05-22 20:20:51 [Epoch: 27] loss: 0.004940, mae: 0.049944, r2: 0.761677, val_loss: 0.006069, val_mae: 0.054525, val_r2: 0.710010
2024-05-22 20:20:51 Epoch 28: lr=2.5e-05
2024-05-22 20:22:03 [Epoch: 28] loss: 0.004927, mae: 0.049849, r2: 0.762007, val_loss: 0.006077, val_mae: 0.054142, val_r2: 0.709107
2024-05-22 20:22:03 Epoch 29: lr=2.5e-05
2024-05-22 20:23:15 [Epoch: 29] loss: 0.004912, mae: 0.049748, r2: 0.763047, val_loss: 0.006070, val_mae: 0.054335, val_r2: 0.709016
2024-05-22 20:23:15 Epoch 30: lr=2.5e-05
2024-05-22 20:24:26 [Epoch: 30] loss: 0.004898, mae: 0.049715, r2: 0.763418, val_loss: 0.006076, val_mae: 0.054246, val_r2: 0.709032
2024-05-22 20:24:26 Epoch 31: lr=1.25e-05
2024-05-22 20:25:38 [Epoch: 31] loss: 0.004871, mae: 0.049599, r2: 0.764685, val_loss: 0.006066, val_mae: 0.054107, val_r2: 0.709444
2024-05-22 20:25:38 Epoch 32: lr=1.25e-05
2024-05-22 20:26:50 [Epoch: 32] loss: 0.004857, mae: 0.049495, r2: 0.765367, val_loss: 0.006063, val_mae: 0.054176, val_r2: 0.709752
2024-05-22 20:26:50 Epoch 33: lr=1.25e-05
2024-05-22 20:28:02 [Epoch: 33] loss: 0.004853, mae: 0.049485, r2: 0.765637, val_loss: 0.006077, val_mae: 0.054245, val_r2: 0.709319
2024-05-22 20:28:03 Epoch 34: lr=1.25e-05
2024-05-22 20:29:14 [Epoch: 34] loss: 0.004851, mae: 0.049500, r2: 0.765829, val_loss: 0.006070, val_mae: 0.053994, val_r2: 0.709513
2024-05-22 20:29:14 Epoch 35: lr=1.25e-05
2024-05-22 20:30:26 [Epoch: 35] loss: 0.004838, mae: 0.049431, r2: 0.766453, val_loss: 0.006072, val_mae: 0.054111, val_r2: 0.709544
2024-05-22 20:30:26 history_length: 36
2024-05-22 20:30:26 stopping: early
2024-05-22 20:30:26 Comparing y_true and y_pred:
2024-05-22 20:30:26   mse: 0.02820224
2024-05-22 20:30:26   mae: 0.13473160
2024-05-22 20:30:26   r2: -0.14058243
2024-05-22 20:30:26   corr: 0.33931063
