2024-05-17 17:41:53 UNO RUN ...
2024-05-17 17:41:53 Params: {'model_name': 'uno', 'train_sources': ['CCLE'], 'test_sources': ['train'], 'cell_types': None, 'cell_features': ['rnaseq'], 'drug_features': ['descriptors'], 'dense': [1000, 1000, 1000, 1000, 1000], 'dense_feature_layers': [1000, 1000, 1000], 'activation': 'relu', 'loss': 'mse', 'optimizer': 'adamax', 'scaling': 'std', 'dropout': 0.1, 'epochs': 75, 'batch_size': 32, 'val_split': 0.2, 'cv': 1, 'max_val_loss': 1.0, 'learning_rate': 0.0001, 'base_lr': None, 'agg_dose': 'AUC', 'residual': False, 'reduce_lr': True, 'warmup_lr': True, 'batch_normalization': False, 'feature_subsample': 0, 'rng_seed': 2018, 'no_gen': False, 'verbose': False, 'preprocess_rnaseq': 'source_scale', 'gpus': [0], 'use_landmark_genes': True, 'no_feature_source': True, 'no_response_source': True, 'save_path': '/dev/shm/Uno/save/8998722.amn-0001/138', 'single': True, 'on_memory_loader': True, 'ckpt_checksum': True, 'ckpt_save_interval': 0, 'timeout': -1, 'train_bool': True, 'profiling': False, 'experiment_id': '8998722.amn-0001', 'run_id': '138', 'logfile': '/dev/shm/Uno/save/8998722.amn-0001/138/python.log', 'shuffle': False, 'ckpt_restart_mode': 'off', 'ckpt_skip_epochs': 0, 'ckpt_directory': '/dev/shm/Uno/save/8998722.amn-0001/138', 'ckpt_save_best': True, 'ckpt_save_best_metric': 'val_loss', 'ckpt_save_weights_only': False, 'ckpt_keep_mode': 'linear', 'ckpt_keep_limit': 5, 'by_cell': None, 'by_drug': None, 'cell_subset_path': '', 'drug_subset_path': '', 'drug_median_response_min': -1, 'drug_median_response_max': 1, 'dense_cell_feature_layers': None, 'dense_drug_feature_layers': None, 'use_filtered_genes': False, 'feature_subset_path': '', 'cell_feature_subset_path': '', 'drug_feature_subset_path': '', 'es': True, 'cp': False, 'tb': False, 'tb_prefix': 'tb', 'partition_by': None, 'cache': None, 'export_csv': None, 'export_data': None, 'use_exported_data': '/dev/shm/Uno/x1922c3s7b0n0.138.merged.landmark.h5', 'growth_bins': 0, 'initial_weights': None, 'save_weights': '/dev/shm/Uno/save/8998722.amn-0001/138/3.0.model.h5', 'config_file': '/home/brettin/CSC249ADOA01_CNDA/brettin/Benchmarks/Pilot1/Uno/uno_auc_model.txt', 'data_type': <class 'numpy.float32'>, 'data_dir': '/dev/shm/Uno/uno/Data', 'output_dir': '/dev/shm/Uno/uno/Output/8998722.amn-0001/138'}
2024-05-17 17:41:54 Feature encoding submodel for cell.rnaseq:
2024-05-17 17:41:54 Model: "cell.rnaseq"
2024-05-17 17:41:54 _________________________________________________________________
2024-05-17 17:41:54  Layer (type)                Output Shape              Param #   
2024-05-17 17:41:54 =================================================================
2024-05-17 17:41:54  input_1 (InputLayer)        [(None, 958)]             0         
2024-05-17 17:41:54                                                                  
2024-05-17 17:41:54  dense (Dense)               (None, 1000)              959000    
2024-05-17 17:41:54                                                                  
2024-05-17 17:41:54  permanent_dropout (Permane  (None, 1000)              0         
2024-05-17 17:41:54  ntDropout)                                                      
2024-05-17 17:41:54                                                                  
2024-05-17 17:41:54  dense_1 (Dense)             (None, 1000)              1001000   
2024-05-17 17:41:54                                                                  
2024-05-17 17:41:54  permanent_dropout_1 (Perma  (None, 1000)              0         
2024-05-17 17:41:54  nentDropout)                                                    
2024-05-17 17:41:54                                                                  
2024-05-17 17:41:54  dense_2 (Dense)             (None, 1000)              1001000   
2024-05-17 17:41:54                                                                  
2024-05-17 17:41:54  permanent_dropout_2 (Perma  (None, 1000)              0         
2024-05-17 17:41:54  nentDropout)                                                    
2024-05-17 17:41:54                                                                  
2024-05-17 17:41:54 =================================================================
2024-05-17 17:41:54 Total params: 2961000 (11.30 MB)
2024-05-17 17:41:54 Trainable params: 2961000 (11.30 MB)
2024-05-17 17:41:54 Non-trainable params: 0 (0.00 Byte)
2024-05-17 17:41:54 _________________________________________________________________
2024-05-17 17:41:54 Feature encoding submodel for drug.descriptors:
2024-05-17 17:41:54 Model: "drug.descriptors"
2024-05-17 17:41:54 _________________________________________________________________
2024-05-17 17:41:54  Layer (type)                Output Shape              Param #   
2024-05-17 17:41:54 =================================================================
2024-05-17 17:41:54  input_2 (InputLayer)        [(None, 1613)]            0         
2024-05-17 17:41:54                                                                  
2024-05-17 17:41:54  dense_3 (Dense)             (None, 1000)              1614000   
2024-05-17 17:41:54                                                                  
2024-05-17 17:41:54  permanent_dropout_3 (Perma  (None, 1000)              0         
2024-05-17 17:41:54  nentDropout)                                                    
2024-05-17 17:41:54                                                                  
2024-05-17 17:41:54  dense_4 (Dense)             (None, 1000)              1001000   
2024-05-17 17:41:54                                                                  
2024-05-17 17:41:54  permanent_dropout_4 (Perma  (None, 1000)              0         
2024-05-17 17:41:54  nentDropout)                                                    
2024-05-17 17:41:54                                                                  
2024-05-17 17:41:54  dense_5 (Dense)             (None, 1000)              1001000   
2024-05-17 17:41:54                                                                  
2024-05-17 17:41:54  permanent_dropout_5 (Perma  (None, 1000)              0         
2024-05-17 17:41:54  nentDropout)                                                    
2024-05-17 17:41:54                                                                  
2024-05-17 17:41:54 =================================================================
2024-05-17 17:41:54 Total params: 3616000 (13.79 MB)
2024-05-17 17:41:54 Trainable params: 3616000 (13.79 MB)
2024-05-17 17:41:54 Non-trainable params: 0 (0.00 Byte)
2024-05-17 17:41:54 _________________________________________________________________
2024-05-17 17:41:54 Combined model:
2024-05-17 17:41:54 Model: "model"
2024-05-17 17:41:54 __________________________________________________________________________________________________
2024-05-17 17:41:54  Layer (type)                Output Shape                 Param #   Connected to                  
2024-05-17 17:41:54 ==================================================================================================
2024-05-17 17:41:54  input.cell.rnaseq (InputLa  [(None, 958)]                0         []                            
2024-05-17 17:41:54  yer)                                                                                             
2024-05-17 17:41:54                                                                                                   
2024-05-17 17:41:54  input.drug1.descriptors (I  [(None, 1613)]               0         []                            
2024-05-17 17:41:54  nputLayer)                                                                                       
2024-05-17 17:41:54                                                                                                   
2024-05-17 17:41:54  cell.rnaseq (Functional)    (None, 1000)                 2961000   ['input.cell.rnaseq[0][0]']   
2024-05-17 17:41:54                                                                                                   
2024-05-17 17:41:54  drug.descriptors (Function  (None, 1000)                 3616000   ['input.drug1.descriptors[0][0
2024-05-17 17:41:54  al)                                                                ]']                           
2024-05-17 17:41:54                                                                                                   
2024-05-17 17:41:54  concatenate (Concatenate)   (None, 2000)                 0         ['cell.rnaseq[0][0]',         
2024-05-17 17:41:54                                                                      'drug.descriptors[0][0]']    
2024-05-17 17:41:54                                                                                                   
2024-05-17 17:41:54  dense_6 (Dense)             (None, 1000)                 2001000   ['concatenate[0][0]']         
2024-05-17 17:41:54                                                                                                   
2024-05-17 17:41:54  permanent_dropout_6 (Perma  (None, 1000)                 0         ['dense_6[0][0]']             
2024-05-17 17:41:54  nentDropout)                                                                                     
2024-05-17 17:41:54                                                                                                   
2024-05-17 17:41:54  dense_7 (Dense)             (None, 1000)                 1001000   ['permanent_dropout_6[0][0]'] 
2024-05-17 17:41:54                                                                                                   
2024-05-17 17:41:54  permanent_dropout_7 (Perma  (None, 1000)                 0         ['dense_7[0][0]']             
2024-05-17 17:41:54  nentDropout)                                                                                     
2024-05-17 17:41:54                                                                                                   
2024-05-17 17:41:54  dense_8 (Dense)             (None, 1000)                 1001000   ['permanent_dropout_7[0][0]'] 
2024-05-17 17:41:54                                                                                                   
2024-05-17 17:41:54  permanent_dropout_8 (Perma  (None, 1000)                 0         ['dense_8[0][0]']             
2024-05-17 17:41:54  nentDropout)                                                                                     
2024-05-17 17:41:54                                                                                                   
2024-05-17 17:41:54  dense_9 (Dense)             (None, 1000)                 1001000   ['permanent_dropout_8[0][0]'] 
2024-05-17 17:41:54                                                                                                   
2024-05-17 17:41:54  permanent_dropout_9 (Perma  (None, 1000)                 0         ['dense_9[0][0]']             
2024-05-17 17:41:54  nentDropout)                                                                                     
2024-05-17 17:41:54                                                                                                   
2024-05-17 17:41:54  dense_10 (Dense)            (None, 1000)                 1001000   ['permanent_dropout_9[0][0]'] 
2024-05-17 17:41:54                                                                                                   
2024-05-17 17:41:54  permanent_dropout_10 (Perm  (None, 1000)                 0         ['dense_10[0][0]']            
2024-05-17 17:41:54  anentDropout)                                                                                    
2024-05-17 17:41:54                                                                                                   
2024-05-17 17:41:54  dense_11 (Dense)            (None, 1)                    1001      ['permanent_dropout_10[0][0]']
2024-05-17 17:41:54                                                                                                   
2024-05-17 17:41:54 ==================================================================================================
2024-05-17 17:41:54 Total params: 12583001 (48.00 MB)
2024-05-17 17:41:54 Trainable params: 12583001 (48.00 MB)
2024-05-17 17:41:54 Non-trainable params: 0 (0.00 Byte)
2024-05-17 17:41:54 __________________________________________________________________________________________________
2024-05-17 17:41:54 CKPT CONSTRUCT...
2024-05-17 17:41:54 CKPT CONSTRUCT OK.
2024-05-17 17:41:54 template model: <keras.src.engine.functional.Functional object at 0x1464d71677f0>
2024-05-17 17:41:55 COMPILE
2024-05-17 17:41:56 Will save weights to: /dev/shm/Uno/save/8998722.amn-0001/138/3.0.model.h5
2024-05-17 17:42:11 Between random pairs in y_val:
2024-05-17 17:42:11   mse: 0.04694768
2024-05-17 17:42:11   mae: 0.15888298
2024-05-17 17:42:11   r2: -0.99062607
2024-05-17 17:42:11   corr: 0.00468697
2024-05-17 17:42:11 Data points per epoch: train = 468847, val = 117212, test = 1650
2024-05-17 17:42:11 Steps per epoch: train = 14651, val = 3662, test = 51
2024-05-17 17:42:11 Epoch 0: lr=0.001
2024-05-17 17:43:24 [Epoch: 0] loss: 0.027977, mae: 0.079761, r2: -0.906457, val_loss: 0.008413, val_mae: 0.065868, val_r2: 0.592945
2024-05-17 17:43:24 Epoch 1: lr=0.00082
2024-05-17 17:44:35 [Epoch: 1] loss: 0.007989, mae: 0.063947, r2: 0.622472, val_loss: 0.007832, val_mae: 0.064980, val_r2: 0.620937
2024-05-17 17:44:35 Epoch 2: lr=0.00064
2024-05-17 17:45:46 [Epoch: 2] loss: 0.007308, mae: 0.060791, r2: 0.653064, val_loss: 0.007189, val_mae: 0.059642, val_r2: 0.653173
2024-05-17 17:45:46 Epoch 3: lr=0.00046
2024-05-17 17:46:57 [Epoch: 3] loss: 0.006824, mae: 0.058650, r2: 0.675663, val_loss: 0.006769, val_mae: 0.058288, val_r2: 0.670859
2024-05-17 17:46:57 Epoch 4: lr=0.00028
2024-05-17 17:48:08 [Epoch: 4] loss: 0.006424, mae: 0.056821, r2: 0.693970, val_loss: 0.006477, val_mae: 0.056872, val_r2: 0.685393
2024-05-17 17:48:08 Epoch 5: lr=0.0001
2024-05-17 17:49:18 [Epoch: 5] loss: 0.006097, mae: 0.055239, r2: 0.708833, val_loss: 0.006315, val_mae: 0.056103, val_r2: 0.692546
2024-05-17 17:49:18 Epoch 6: lr=0.0001
2024-05-17 17:50:29 [Epoch: 6] loss: 0.005971, mae: 0.054726, r2: 0.714445, val_loss: 0.006293, val_mae: 0.055639, val_r2: 0.693685
2024-05-17 17:50:29 Epoch 7: lr=0.0001
2024-05-17 17:51:40 [Epoch: 7] loss: 0.005890, mae: 0.054321, r2: 0.718230, val_loss: 0.006277, val_mae: 0.055488, val_r2: 0.694651
2024-05-17 17:51:40 Epoch 8: lr=0.0001
2024-05-17 17:52:51 [Epoch: 8] loss: 0.005823, mae: 0.054089, r2: 0.721342, val_loss: 0.006236, val_mae: 0.055740, val_r2: 0.697561
2024-05-17 17:52:51 Epoch 9: lr=0.0001
2024-05-17 17:54:01 [Epoch: 9] loss: 0.005753, mae: 0.053699, r2: 0.724497, val_loss: 0.006189, val_mae: 0.055454, val_r2: 0.698539
2024-05-17 17:54:01 Epoch 10: lr=0.0001
2024-05-17 17:55:12 [Epoch: 10] loss: 0.005698, mae: 0.053480, r2: 0.727097, val_loss: 0.006193, val_mae: 0.055075, val_r2: 0.697762
2024-05-17 17:55:12 Epoch 11: lr=0.0001
2024-05-17 17:56:23 [Epoch: 11] loss: 0.005637, mae: 0.053212, r2: 0.729659, val_loss: 0.006161, val_mae: 0.054966, val_r2: 0.699335
2024-05-17 17:56:23 Epoch 12: lr=0.0001
2024-05-17 17:57:33 [Epoch: 12] loss: 0.005574, mae: 0.052896, r2: 0.732692, val_loss: 0.006155, val_mae: 0.055010, val_r2: 0.700209
2024-05-17 17:57:33 Epoch 13: lr=0.0001
2024-05-17 17:58:44 [Epoch: 13] loss: 0.005518, mae: 0.052654, r2: 0.735322, val_loss: 0.006116, val_mae: 0.055069, val_r2: 0.701388
2024-05-17 17:58:45 Epoch 14: lr=0.0001
2024-05-17 17:59:56 [Epoch: 14] loss: 0.005458, mae: 0.052347, r2: 0.738383, val_loss: 0.006115, val_mae: 0.054520, val_r2: 0.701954
2024-05-17 17:59:56 Epoch 15: lr=5e-05
2024-05-17 18:01:06 [Epoch: 15] loss: 0.005347, mae: 0.051855, r2: 0.743381, val_loss: 0.006079, val_mae: 0.054596, val_r2: 0.703917
2024-05-17 18:01:06 Epoch 16: lr=5e-05
2024-05-17 18:02:17 [Epoch: 16] loss: 0.005307, mae: 0.051659, r2: 0.745123, val_loss: 0.006103, val_mae: 0.054605, val_r2: 0.703314
2024-05-17 18:02:17 Epoch 17: lr=5e-05
2024-05-17 18:03:28 [Epoch: 17] loss: 0.005270, mae: 0.051490, r2: 0.746969, val_loss: 0.006079, val_mae: 0.054759, val_r2: 0.703906
2024-05-17 18:03:28 Epoch 18: lr=5e-05
2024-05-17 18:04:39 [Epoch: 18] loss: 0.005237, mae: 0.051342, r2: 0.748477, val_loss: 0.006054, val_mae: 0.054712, val_r2: 0.704290
2024-05-17 18:04:39 Epoch 19: lr=5e-05
2024-05-17 18:05:50 [Epoch: 19] loss: 0.005213, mae: 0.051242, r2: 0.749549, val_loss: 0.006061, val_mae: 0.054771, val_r2: 0.704292
2024-05-17 18:05:50 Epoch 20: lr=5e-05
2024-05-17 18:07:01 [Epoch: 20] loss: 0.005191, mae: 0.051131, r2: 0.750504, val_loss: 0.006061, val_mae: 0.054453, val_r2: 0.703995
2024-05-17 18:07:01 Epoch 21: lr=2.5e-05
2024-05-17 18:08:11 [Epoch: 21] loss: 0.005118, mae: 0.050766, r2: 0.754127, val_loss: 0.006079, val_mae: 0.054424, val_r2: 0.703387
2024-05-17 18:08:11 Epoch 22: lr=2.5e-05
2024-05-17 18:09:22 [Epoch: 22] loss: 0.005102, mae: 0.050732, r2: 0.754673, val_loss: 0.006053, val_mae: 0.054445, val_r2: 0.703652
2024-05-17 18:09:22 Epoch 23: lr=2.5e-05
2024-05-17 18:10:34 [Epoch: 23] loss: 0.005096, mae: 0.050667, r2: 0.755102, val_loss: 0.006075, val_mae: 0.054289, val_r2: 0.704116
2024-05-17 18:10:34 Epoch 24: lr=2.5e-05
2024-05-17 18:11:44 [Epoch: 24] loss: 0.005067, mae: 0.050561, r2: 0.756413, val_loss: 0.006086, val_mae: 0.054204, val_r2: 0.703123
2024-05-17 18:11:44 Epoch 25: lr=2.5e-05
2024-05-17 18:12:55 [Epoch: 25] loss: 0.005051, mae: 0.050485, r2: 0.756926, val_loss: 0.006049, val_mae: 0.054460, val_r2: 0.705566
2024-05-17 18:12:55 Epoch 26: lr=1.25e-05
2024-05-17 18:14:06 [Epoch: 26] loss: 0.005014, mae: 0.050301, r2: 0.758807, val_loss: 0.006046, val_mae: 0.054265, val_r2: 0.705116
2024-05-17 18:14:06 Epoch 27: lr=1.25e-05
2024-05-17 18:15:17 [Epoch: 27] loss: 0.005025, mae: 0.050313, r2: 0.758270, val_loss: 0.006046, val_mae: 0.054477, val_r2: 0.705002
2024-05-17 18:15:17 Epoch 28: lr=1.25e-05
2024-05-17 18:16:27 [Epoch: 28] loss: 0.005007, mae: 0.050212, r2: 0.759063, val_loss: 0.006047, val_mae: 0.054205, val_r2: 0.705173
2024-05-17 18:16:27 Epoch 29: lr=1.25e-05
2024-05-17 18:17:38 [Epoch: 29] loss: 0.004999, mae: 0.050204, r2: 0.759363, val_loss: 0.006031, val_mae: 0.054333, val_r2: 0.705555
2024-05-17 18:17:38 Epoch 30: lr=1.25e-05
2024-05-17 18:18:49 [Epoch: 30] loss: 0.004990, mae: 0.050163, r2: 0.759867, val_loss: 0.006066, val_mae: 0.054442, val_r2: 0.703640
2024-05-17 18:18:49 Epoch 31: lr=1e-05
2024-05-17 18:19:59 [Epoch: 31] loss: 0.004980, mae: 0.050139, r2: 0.760329, val_loss: 0.006049, val_mae: 0.054275, val_r2: 0.704932
2024-05-17 18:20:00 Epoch 32: lr=1e-05
2024-05-17 18:21:10 [Epoch: 32] loss: 0.004981, mae: 0.050092, r2: 0.760363, val_loss: 0.006077, val_mae: 0.054293, val_r2: 0.703584
2024-05-17 18:21:11 Epoch 33: lr=1e-05
2024-05-17 18:22:21 [Epoch: 33] loss: 0.004961, mae: 0.050047, r2: 0.761219, val_loss: 0.006053, val_mae: 0.054289, val_r2: 0.704813
2024-05-17 18:22:22 Epoch 34: lr=1e-05
2024-05-17 18:23:32 [Epoch: 34] loss: 0.004967, mae: 0.050044, r2: 0.760878, val_loss: 0.006045, val_mae: 0.054313, val_r2: 0.704528
2024-05-17 18:23:32 Epoch 35: lr=1e-05
2024-05-17 18:24:42 [Epoch: 35] loss: 0.004959, mae: 0.050004, r2: 0.761439, val_loss: 0.006033, val_mae: 0.054335, val_r2: 0.704737
2024-05-17 18:24:42 Epoch 36: lr=1e-05
2024-05-17 18:25:53 [Epoch: 36] loss: 0.004954, mae: 0.050002, r2: 0.761311, val_loss: 0.006052, val_mae: 0.054204, val_r2: 0.704484
2024-05-17 18:25:53 Epoch 37: lr=1e-05
2024-05-17 18:27:04 [Epoch: 37] loss: 0.004948, mae: 0.049964, r2: 0.761607, val_loss: 0.006048, val_mae: 0.054365, val_r2: 0.704953
2024-05-17 18:27:04 Epoch 38: lr=1e-05
2024-05-17 18:28:14 [Epoch: 38] loss: 0.004944, mae: 0.049919, r2: 0.762123, val_loss: 0.006030, val_mae: 0.054116, val_r2: 0.705578
2024-05-17 18:28:14 Epoch 39: lr=1e-05
2024-05-17 18:29:25 [Epoch: 39] loss: 0.004929, mae: 0.049840, r2: 0.762874, val_loss: 0.006036, val_mae: 0.054134, val_r2: 0.705584
2024-05-17 18:29:25 Epoch 40: lr=1e-05
2024-05-17 18:30:35 [Epoch: 40] loss: 0.004940, mae: 0.049921, r2: 0.762405, val_loss: 0.006048, val_mae: 0.054271, val_r2: 0.704654
2024-05-17 18:30:35 Epoch 41: lr=1e-05
2024-05-17 18:31:46 [Epoch: 41] loss: 0.004918, mae: 0.049823, r2: 0.763053, val_loss: 0.006043, val_mae: 0.054253, val_r2: 0.704765
2024-05-17 18:31:46 Epoch 42: lr=1e-05
2024-05-17 18:32:56 [Epoch: 42] loss: 0.004914, mae: 0.049796, r2: 0.763408, val_loss: 0.006039, val_mae: 0.054270, val_r2: 0.704806
2024-05-17 18:32:56 Epoch 43: lr=1e-05
2024-05-17 18:34:07 [Epoch: 43] loss: 0.004914, mae: 0.049800, r2: 0.763343, val_loss: 0.006017, val_mae: 0.054136, val_r2: 0.706242
2024-05-17 18:34:07 Epoch 44: lr=1e-05
2024-05-17 18:35:17 [Epoch: 44] loss: 0.004908, mae: 0.049777, r2: 0.763898, val_loss: 0.006034, val_mae: 0.054231, val_r2: 0.705691
2024-05-17 18:35:17 Epoch 45: lr=1e-05
2024-05-17 18:36:27 [Epoch: 45] loss: 0.004903, mae: 0.049733, r2: 0.763829, val_loss: 0.006049, val_mae: 0.054245, val_r2: 0.704826
2024-05-17 18:36:27 Epoch 46: lr=1e-05
2024-05-17 18:37:38 [Epoch: 46] loss: 0.004895, mae: 0.049727, r2: 0.764302, val_loss: 0.006049, val_mae: 0.054212, val_r2: 0.704772
2024-05-17 18:37:38 Epoch 47: lr=1e-05
2024-05-17 18:38:48 [Epoch: 47] loss: 0.004890, mae: 0.049669, r2: 0.764703, val_loss: 0.006043, val_mae: 0.054288, val_r2: 0.704930
2024-05-17 18:38:48 Epoch 48: lr=1e-05
2024-05-17 18:39:59 [Epoch: 48] loss: 0.004890, mae: 0.049683, r2: 0.764474, val_loss: 0.006052, val_mae: 0.054172, val_r2: 0.704316
2024-05-17 18:39:59 Epoch 49: lr=1e-05
2024-05-17 18:41:09 [Epoch: 49] loss: 0.004869, mae: 0.049557, r2: 0.765613, val_loss: 0.006060, val_mae: 0.054225, val_r2: 0.704004
2024-05-17 18:41:09 Epoch 50: lr=1e-05
2024-05-17 18:42:20 [Epoch: 50] loss: 0.004876, mae: 0.049604, r2: 0.765490, val_loss: 0.006049, val_mae: 0.054259, val_r2: 0.704063
2024-05-17 18:42:20 Epoch 51: lr=1e-05
2024-05-17 18:43:31 [Epoch: 51] loss: 0.004878, mae: 0.049610, r2: 0.765014, val_loss: 0.006023, val_mae: 0.054187, val_r2: 0.706419
2024-05-17 18:43:31 Epoch 52: lr=1e-05
2024-05-17 18:44:41 [Epoch: 52] loss: 0.004873, mae: 0.049611, r2: 0.765263, val_loss: 0.006073, val_mae: 0.054218, val_r2: 0.704091
2024-05-17 18:44:41 Epoch 53: lr=1e-05
2024-05-17 18:45:51 [Epoch: 53] loss: 0.004859, mae: 0.049562, r2: 0.765704, val_loss: 0.006060, val_mae: 0.054319, val_r2: 0.704478
2024-05-17 18:45:52 history_length: 54
2024-05-17 18:45:52 stopping: early
2024-05-17 18:45:52 Comparing y_true and y_pred:
2024-05-17 18:45:52   mse: 0.01854701
2024-05-17 18:45:52   mae: 0.08827642
2024-05-17 18:45:52   r2: 0.06130166
2024-05-17 18:45:52   corr: 0.25368253
