2024-04-28 23:52:41 UNO RUN ...
2024-04-28 23:52:41 Params: {'model_name': 'uno', 'train_sources': ['CCLE'], 'test_sources': ['train'], 'cell_types': None, 'cell_features': ['rnaseq'], 'drug_features': ['descriptors'], 'dense': [1000, 1000, 1000, 1000, 1000], 'dense_feature_layers': [1000, 1000, 1000], 'activation': 'relu', 'loss': 'mse', 'optimizer': 'adamax', 'scaling': 'std', 'dropout': 0.1, 'epochs': 30, 'batch_size': 32, 'val_split': 0.2, 'cv': 1, 'max_val_loss': 1.0, 'learning_rate': 0.0001, 'base_lr': None, 'agg_dose': 'AUC', 'residual': False, 'reduce_lr': True, 'warmup_lr': True, 'batch_normalization': False, 'feature_subsample': 0, 'rng_seed': 2018, 'no_gen': False, 'verbose': False, 'preprocess_rnaseq': 'source_scale', 'gpus': [0], 'use_landmark_genes': True, 'no_feature_source': True, 'no_response_source': True, 'save_path': '/dev/shm/Uno/save/8994012.amn-0001/7', 'single': True, 'on_memory_loader': True, 'ckpt_checksum': True, 'ckpt_save_interval': 0, 'timeout': -1, 'train_bool': True, 'profiling': False, 'experiment_id': '8994012.amn-0001', 'run_id': '7', 'logfile': '/dev/shm/Uno/save/8994012.amn-0001/7/python.log', 'shuffle': False, 'ckpt_restart_mode': 'off', 'ckpt_skip_epochs': 0, 'ckpt_directory': '/dev/shm/Uno/save/8994012.amn-0001/7', 'ckpt_save_best': True, 'ckpt_save_best_metric': 'val_loss', 'ckpt_save_weights_only': False, 'ckpt_keep_mode': 'linear', 'ckpt_keep_limit': 5, 'by_cell': None, 'by_drug': None, 'cell_subset_path': '', 'drug_subset_path': '', 'drug_median_response_min': -1, 'drug_median_response_max': 1, 'dense_cell_feature_layers': None, 'dense_drug_feature_layers': None, 'use_filtered_genes': False, 'feature_subset_path': '', 'cell_feature_subset_path': '', 'drug_feature_subset_path': '', 'es': True, 'cp': False, 'tb': False, 'tb_prefix': 'tb', 'partition_by': None, 'cache': None, 'export_csv': None, 'export_data': None, 'use_exported_data': '/dev/shm/Uno/x1921c2s2b0n0.7.merged.landmark.h5', 'growth_bins': 0, 'initial_weights': None, 'save_weights': '/dev/shm/Uno/save/8994012.amn-0001/7/3.1.model.h5', 'config_file': '/home/brettin/CSC249ADOA01_CNDA/brettin/Benchmarks/Pilot1/Uno/uno_auc_model.txt', 'data_type': <class 'numpy.float32'>, 'data_dir': '/dev/shm/Uno/uno/Data', 'output_dir': '/dev/shm/Uno/uno/Output/8994012.amn-0001/7'}
2024-04-28 23:52:41 Feature encoding submodel for cell.rnaseq:
2024-04-28 23:52:41 Model: "cell.rnaseq"
2024-04-28 23:52:41 _________________________________________________________________
2024-04-28 23:52:41  Layer (type)                Output Shape              Param #   
2024-04-28 23:52:41 =================================================================
2024-04-28 23:52:41  input_1 (InputLayer)        [(None, 958)]             0         
2024-04-28 23:52:41                                                                  
2024-04-28 23:52:41  dense (Dense)               (None, 1000)              959000    
2024-04-28 23:52:41                                                                  
2024-04-28 23:52:41  permanent_dropout (Permane  (None, 1000)              0         
2024-04-28 23:52:41  ntDropout)                                                      
2024-04-28 23:52:41                                                                  
2024-04-28 23:52:41  dense_1 (Dense)             (None, 1000)              1001000   
2024-04-28 23:52:41                                                                  
2024-04-28 23:52:41  permanent_dropout_1 (Perma  (None, 1000)              0         
2024-04-28 23:52:41  nentDropout)                                                    
2024-04-28 23:52:41                                                                  
2024-04-28 23:52:41  dense_2 (Dense)             (None, 1000)              1001000   
2024-04-28 23:52:41                                                                  
2024-04-28 23:52:41  permanent_dropout_2 (Perma  (None, 1000)              0         
2024-04-28 23:52:41  nentDropout)                                                    
2024-04-28 23:52:41                                                                  
2024-04-28 23:52:41 =================================================================
2024-04-28 23:52:41 Total params: 2961000 (11.30 MB)
2024-04-28 23:52:41 Trainable params: 2961000 (11.30 MB)
2024-04-28 23:52:41 Non-trainable params: 0 (0.00 Byte)
2024-04-28 23:52:41 _________________________________________________________________
2024-04-28 23:52:41 Feature encoding submodel for drug.descriptors:
2024-04-28 23:52:41 Model: "drug.descriptors"
2024-04-28 23:52:41 _________________________________________________________________
2024-04-28 23:52:41  Layer (type)                Output Shape              Param #   
2024-04-28 23:52:41 =================================================================
2024-04-28 23:52:41  input_2 (InputLayer)        [(None, 1613)]            0         
2024-04-28 23:52:41                                                                  
2024-04-28 23:52:41  dense_3 (Dense)             (None, 1000)              1614000   
2024-04-28 23:52:41                                                                  
2024-04-28 23:52:41  permanent_dropout_3 (Perma  (None, 1000)              0         
2024-04-28 23:52:41  nentDropout)                                                    
2024-04-28 23:52:41                                                                  
2024-04-28 23:52:41  dense_4 (Dense)             (None, 1000)              1001000   
2024-04-28 23:52:41                                                                  
2024-04-28 23:52:41  permanent_dropout_4 (Perma  (None, 1000)              0         
2024-04-28 23:52:41  nentDropout)                                                    
2024-04-28 23:52:41                                                                  
2024-04-28 23:52:41  dense_5 (Dense)             (None, 1000)              1001000   
2024-04-28 23:52:41                                                                  
2024-04-28 23:52:41  permanent_dropout_5 (Perma  (None, 1000)              0         
2024-04-28 23:52:41  nentDropout)                                                    
2024-04-28 23:52:41                                                                  
2024-04-28 23:52:41 =================================================================
2024-04-28 23:52:41 Total params: 3616000 (13.79 MB)
2024-04-28 23:52:41 Trainable params: 3616000 (13.79 MB)
2024-04-28 23:52:41 Non-trainable params: 0 (0.00 Byte)
2024-04-28 23:52:41 _________________________________________________________________
2024-04-28 23:52:41 Combined model:
2024-04-28 23:52:41 Model: "model"
2024-04-28 23:52:41 __________________________________________________________________________________________________
2024-04-28 23:52:41  Layer (type)                Output Shape                 Param #   Connected to                  
2024-04-28 23:52:41 ==================================================================================================
2024-04-28 23:52:41  input.cell.rnaseq (InputLa  [(None, 958)]                0         []                            
2024-04-28 23:52:41  yer)                                                                                             
2024-04-28 23:52:41                                                                                                   
2024-04-28 23:52:41  input.drug1.descriptors (I  [(None, 1613)]               0         []                            
2024-04-28 23:52:41  nputLayer)                                                                                       
2024-04-28 23:52:41                                                                                                   
2024-04-28 23:52:41  cell.rnaseq (Functional)    (None, 1000)                 2961000   ['input.cell.rnaseq[0][0]']   
2024-04-28 23:52:41                                                                                                   
2024-04-28 23:52:41  drug.descriptors (Function  (None, 1000)                 3616000   ['input.drug1.descriptors[0][0
2024-04-28 23:52:41  al)                                                                ]']                           
2024-04-28 23:52:41                                                                                                   
2024-04-28 23:52:41  concatenate (Concatenate)   (None, 2000)                 0         ['cell.rnaseq[0][0]',         
2024-04-28 23:52:41                                                                      'drug.descriptors[0][0]']    
2024-04-28 23:52:41                                                                                                   
2024-04-28 23:52:41  dense_6 (Dense)             (None, 1000)                 2001000   ['concatenate[0][0]']         
2024-04-28 23:52:41                                                                                                   
2024-04-28 23:52:41  permanent_dropout_6 (Perma  (None, 1000)                 0         ['dense_6[0][0]']             
2024-04-28 23:52:41  nentDropout)                                                                                     
2024-04-28 23:52:41                                                                                                   
2024-04-28 23:52:41  dense_7 (Dense)             (None, 1000)                 1001000   ['permanent_dropout_6[0][0]'] 
2024-04-28 23:52:41                                                                                                   
2024-04-28 23:52:41  permanent_dropout_7 (Perma  (None, 1000)                 0         ['dense_7[0][0]']             
2024-04-28 23:52:41  nentDropout)                                                                                     
2024-04-28 23:52:41                                                                                                   
2024-04-28 23:52:41  dense_8 (Dense)             (None, 1000)                 1001000   ['permanent_dropout_7[0][0]'] 
2024-04-28 23:52:41                                                                                                   
2024-04-28 23:52:41  permanent_dropout_8 (Perma  (None, 1000)                 0         ['dense_8[0][0]']             
2024-04-28 23:52:41  nentDropout)                                                                                     
2024-04-28 23:52:41                                                                                                   
2024-04-28 23:52:41  dense_9 (Dense)             (None, 1000)                 1001000   ['permanent_dropout_8[0][0]'] 
2024-04-28 23:52:41                                                                                                   
2024-04-28 23:52:41  permanent_dropout_9 (Perma  (None, 1000)                 0         ['dense_9[0][0]']             
2024-04-28 23:52:41  nentDropout)                                                                                     
2024-04-28 23:52:41                                                                                                   
2024-04-28 23:52:41  dense_10 (Dense)            (None, 1000)                 1001000   ['permanent_dropout_9[0][0]'] 
2024-04-28 23:52:41                                                                                                   
2024-04-28 23:52:41  permanent_dropout_10 (Perm  (None, 1000)                 0         ['dense_10[0][0]']            
2024-04-28 23:52:41  anentDropout)                                                                                    
2024-04-28 23:52:41                                                                                                   
2024-04-28 23:52:41  dense_11 (Dense)            (None, 1)                    1001      ['permanent_dropout_10[0][0]']
2024-04-28 23:52:41                                                                                                   
2024-04-28 23:52:41 ==================================================================================================
2024-04-28 23:52:41 Total params: 12583001 (48.00 MB)
2024-04-28 23:52:41 Trainable params: 12583001 (48.00 MB)
2024-04-28 23:52:41 Non-trainable params: 0 (0.00 Byte)
2024-04-28 23:52:41 __________________________________________________________________________________________________
2024-04-28 23:52:41 CKPT CONSTRUCT...
2024-04-28 23:52:41 CKPT CONSTRUCT OK.
2024-04-28 23:52:41 template model: <keras.src.engine.functional.Functional object at 0x1506a58daf40>
2024-04-28 23:52:43 COMPILE
2024-04-28 23:52:43 Will save weights to: /dev/shm/Uno/save/8994012.amn-0001/7/3.1.model.h5
2024-04-28 23:52:59 Between random pairs in y_val:
2024-04-28 23:52:59   mse: 0.04762253
2024-04-28 23:52:59   mae: 0.15989535
2024-04-28 23:52:59   r2: -0.99548561
2024-04-28 23:52:59   corr: 0.00225719
2024-04-28 23:52:59 Data points per epoch: train = 470167, val = 117542, test = 704
2024-04-28 23:52:59 Steps per epoch: train = 14692, val = 3673, test = 22
2024-04-28 23:52:59 Epoch 0: lr=0.001
2024-04-28 23:54:12 [Epoch: 0] loss: 0.027342, mae: 0.079636, r2: -0.015323, val_loss: 0.008590, val_mae: 0.068501, val_r2: 0.597342
2024-04-28 23:54:12 Epoch 1: lr=0.00082
2024-04-28 23:55:24 [Epoch: 1] loss: 0.007952, mae: 0.063758, r2: 0.620803, val_loss: 0.007672, val_mae: 0.063708, val_r2: 0.638953
2024-04-28 23:55:25 Epoch 2: lr=0.00064
2024-04-28 23:56:36 [Epoch: 2] loss: 0.007280, mae: 0.060655, r2: 0.652057, val_loss: 0.007746, val_mae: 0.065536, val_r2: 0.627521
2024-04-28 23:56:36 Epoch 3: lr=0.00046
2024-04-28 23:57:48 [Epoch: 3] loss: 0.006801, mae: 0.058459, r2: 0.674039, val_loss: 0.006917, val_mae: 0.058365, val_r2: 0.674168
2024-04-28 23:57:48 Epoch 4: lr=0.00028
2024-04-28 23:59:00 [Epoch: 4] loss: 0.006401, mae: 0.056669, r2: 0.692476, val_loss: 0.006627, val_mae: 0.056974, val_r2: 0.685169
2024-04-28 23:59:01 Epoch 5: lr=0.0001
2024-04-29 00:00:13 [Epoch: 5] loss: 0.006067, mae: 0.055103, r2: 0.708053, val_loss: 0.006455, val_mae: 0.056173, val_r2: 0.692853
2024-04-29 00:00:13 Epoch 6: lr=0.0001
2024-04-29 00:01:24 [Epoch: 6] loss: 0.005961, mae: 0.054646, r2: 0.713200, val_loss: 0.006395, val_mae: 0.055955, val_r2: 0.696602
2024-04-29 00:01:24 Epoch 7: lr=0.0001
2024-04-29 00:02:36 [Epoch: 7] loss: 0.005884, mae: 0.054291, r2: 0.716629, val_loss: 0.006391, val_mae: 0.055789, val_r2: 0.695952
2024-04-29 00:02:36 Epoch 8: lr=0.0001
2024-04-29 00:03:48 [Epoch: 8] loss: 0.005824, mae: 0.054005, r2: 0.719278, val_loss: 0.006345, val_mae: 0.055944, val_r2: 0.697928
2024-04-29 00:03:48 Epoch 9: lr=0.0001
2024-04-29 00:05:01 [Epoch: 9] loss: 0.005753, mae: 0.053684, r2: 0.722864, val_loss: 0.006334, val_mae: 0.055815, val_r2: 0.700233
2024-04-29 00:05:01 Epoch 10: lr=0.0001
2024-04-29 00:06:12 [Epoch: 10] loss: 0.005686, mae: 0.053392, r2: 0.726055, val_loss: 0.006321, val_mae: 0.055839, val_r2: 0.697825
2024-04-29 00:06:12 Epoch 11: lr=0.0001
2024-04-29 00:07:24 [Epoch: 11] loss: 0.005626, mae: 0.053137, r2: 0.728929, val_loss: 0.006297, val_mae: 0.055625, val_r2: 0.699067
2024-04-29 00:07:24 Epoch 12: lr=0.0001
2024-04-29 00:08:36 [Epoch: 12] loss: 0.005570, mae: 0.052838, r2: 0.731346, val_loss: 0.006247, val_mae: 0.055113, val_r2: 0.702483
2024-04-29 00:08:36 Epoch 13: lr=0.0001
2024-04-29 00:09:48 [Epoch: 13] loss: 0.005523, mae: 0.052653, r2: 0.733710, val_loss: 0.006260, val_mae: 0.055017, val_r2: 0.702103
2024-04-29 00:09:48 Epoch 14: lr=5e-05
2024-04-29 00:11:00 [Epoch: 14] loss: 0.005396, mae: 0.052008, r2: 0.739683, val_loss: 0.006210, val_mae: 0.054745, val_r2: 0.703857
2024-04-29 00:11:00 Epoch 15: lr=5e-05
2024-04-29 00:12:12 [Epoch: 15] loss: 0.005342, mae: 0.051786, r2: 0.742274, val_loss: 0.006210, val_mae: 0.054920, val_r2: 0.703878
2024-04-29 00:12:12 Epoch 16: lr=5e-05
2024-04-29 00:13:24 [Epoch: 16] loss: 0.005328, mae: 0.051694, r2: 0.742679, val_loss: 0.006200, val_mae: 0.055005, val_r2: 0.704258
2024-04-29 00:13:24 Epoch 17: lr=5e-05
2024-04-29 00:14:36 [Epoch: 17] loss: 0.005290, mae: 0.051560, r2: 0.744548, val_loss: 0.006174, val_mae: 0.054960, val_r2: 0.706474
2024-04-29 00:14:36 Epoch 18: lr=5e-05
2024-04-29 00:15:48 [Epoch: 18] loss: 0.005268, mae: 0.051406, r2: 0.745794, val_loss: 0.006182, val_mae: 0.054767, val_r2: 0.705315
2024-04-29 00:15:48 Epoch 19: lr=5e-05
2024-04-29 00:17:00 [Epoch: 19] loss: 0.005232, mae: 0.051302, r2: 0.747471, val_loss: 0.006176, val_mae: 0.055101, val_r2: 0.705374
2024-04-29 00:17:00 Epoch 20: lr=2.5e-05
2024-04-29 00:18:12 [Epoch: 20] loss: 0.005174, mae: 0.050983, r2: 0.750101, val_loss: 0.006185, val_mae: 0.054991, val_r2: 0.705009
2024-04-29 00:18:12 Epoch 21: lr=2.5e-05
2024-04-29 00:19:25 [Epoch: 21] loss: 0.005146, mae: 0.050872, r2: 0.751283, val_loss: 0.006182, val_mae: 0.054972, val_r2: 0.705159
2024-04-29 00:19:25 Epoch 22: lr=2.5e-05
2024-04-29 00:20:37 [Epoch: 22] loss: 0.005132, mae: 0.050810, r2: 0.751912, val_loss: 0.006147, val_mae: 0.054838, val_r2: 0.706372
2024-04-29 00:20:37 Epoch 23: lr=2.5e-05
2024-04-29 00:21:49 [Epoch: 23] loss: 0.005123, mae: 0.050754, r2: 0.752460, val_loss: 0.006167, val_mae: 0.054871, val_r2: 0.706025
2024-04-29 00:21:49 Epoch 24: lr=2.5e-05
2024-04-29 00:23:01 [Epoch: 24] loss: 0.005105, mae: 0.050632, r2: 0.753190, val_loss: 0.006154, val_mae: 0.054996, val_r2: 0.706072
2024-04-29 00:23:01 Epoch 25: lr=1.25e-05
2024-04-29 00:24:13 [Epoch: 25] loss: 0.005070, mae: 0.050495, r2: 0.754851, val_loss: 0.006151, val_mae: 0.054547, val_r2: 0.706681
2024-04-29 00:24:13 Epoch 26: lr=1.25e-05
2024-04-29 00:25:25 [Epoch: 26] loss: 0.005058, mae: 0.050438, r2: 0.755429, val_loss: 0.006170, val_mae: 0.054562, val_r2: 0.705659
2024-04-29 00:25:25 Epoch 27: lr=1.25e-05
2024-04-29 00:26:37 [Epoch: 27] loss: 0.005039, mae: 0.050354, r2: 0.756523, val_loss: 0.006166, val_mae: 0.054661, val_r2: 0.706601
2024-04-29 00:26:37 Epoch 28: lr=1.25e-05
2024-04-29 00:27:49 [Epoch: 28] loss: 0.005048, mae: 0.050424, r2: 0.755876, val_loss: 0.006152, val_mae: 0.054572, val_r2: 0.706611
2024-04-29 00:27:49 Epoch 29: lr=1.25e-05
2024-04-29 00:29:01 [Epoch: 29] loss: 0.005040, mae: 0.050356, r2: 0.756325, val_loss: 0.006129, val_mae: 0.054598, val_r2: 0.707557
2024-04-29 00:29:02 history_length: 30
2024-04-29 00:29:02 stopping: complete
2024-04-29 00:29:02 Comparing y_true and y_pred:
2024-04-29 00:29:02   mse: 0.00898573
2024-04-29 00:29:02   mae: 0.07279190
2024-04-29 00:29:02   r2: 0.63814683
2024-04-29 00:29:02   corr: 0.80106300
