2024-05-22 17:13:02 UNO RUN ...
2024-05-22 17:13:02 Params: {'model_name': 'uno', 'train_sources': ['CCLE'], 'test_sources': ['train'], 'cell_types': None, 'cell_features': ['rnaseq'], 'drug_features': ['descriptors'], 'dense': [1000, 1000, 1000, 1000, 1000], 'dense_feature_layers': [1000, 1000, 1000], 'activation': 'relu', 'loss': 'mse', 'optimizer': 'adamax', 'scaling': 'std', 'dropout': 0.1, 'epochs': 50, 'batch_size': 32, 'val_split': 0.2, 'cv': 1, 'max_val_loss': 1.0, 'learning_rate': 0.0001, 'base_lr': None, 'agg_dose': 'AUC', 'residual': False, 'reduce_lr': True, 'warmup_lr': True, 'batch_normalization': False, 'feature_subsample': 0, 'rng_seed': 2018, 'no_gen': False, 'verbose': False, 'preprocess_rnaseq': 'source_scale', 'gpus': [0], 'use_landmark_genes': True, 'no_feature_source': True, 'no_response_source': True, 'save_path': '/dev/shm/Uno/save/9000841.amn-0001/62', 'single': True, 'on_memory_loader': True, 'ckpt_checksum': True, 'ckpt_save_interval': 0, 'timeout': -1, 'train_bool': True, 'profiling': False, 'experiment_id': '9000841.amn-0001', 'run_id': '62', 'logfile': '/dev/shm/Uno/save/9000841.amn-0001/62/python.log', 'shuffle': False, 'ckpt_restart_mode': 'off', 'ckpt_skip_epochs': 0, 'ckpt_directory': '/dev/shm/Uno/save/9000841.amn-0001/62', 'ckpt_save_best': True, 'ckpt_save_best_metric': 'val_loss', 'ckpt_save_weights_only': False, 'ckpt_keep_mode': 'linear', 'ckpt_keep_limit': 5, 'by_cell': None, 'by_drug': None, 'cell_subset_path': '', 'drug_subset_path': '', 'drug_median_response_min': -1, 'drug_median_response_max': 1, 'dense_cell_feature_layers': None, 'dense_drug_feature_layers': None, 'use_filtered_genes': False, 'feature_subset_path': '', 'cell_feature_subset_path': '', 'drug_feature_subset_path': '', 'es': True, 'cp': False, 'tb': False, 'tb_prefix': 'tb', 'partition_by': None, 'cache': None, 'export_csv': None, 'export_data': None, 'use_exported_data': '/dev/shm/Uno/x1921c3s3b0n0.62.merged.landmark.h5', 'growth_bins': 0, 'initial_weights': None, 'save_weights': '/dev/shm/Uno/save/9000841.amn-0001/62/1.0.model.h5', 'config_file': '/home/brettin/CSC249ADOA01_CNDA/brettin/Benchmarks/Pilot1/Uno/uno_auc_model.txt', 'data_type': <class 'numpy.float32'>, 'data_dir': '/dev/shm/Uno/uno/Data', 'output_dir': '/dev/shm/Uno/uno/Output/9000841.amn-0001/62'}
2024-05-22 17:13:02 Feature encoding submodel for cell.rnaseq:
2024-05-22 17:13:02 Model: "cell.rnaseq"
2024-05-22 17:13:02 _________________________________________________________________
2024-05-22 17:13:02  Layer (type)                Output Shape              Param #   
2024-05-22 17:13:02 =================================================================
2024-05-22 17:13:02  input_1 (InputLayer)        [(None, 958)]             0         
2024-05-22 17:13:02                                                                  
2024-05-22 17:13:02  dense (Dense)               (None, 1000)              959000    
2024-05-22 17:13:02                                                                  
2024-05-22 17:13:02  permanent_dropout (Permane  (None, 1000)              0         
2024-05-22 17:13:02  ntDropout)                                                      
2024-05-22 17:13:02                                                                  
2024-05-22 17:13:02  dense_1 (Dense)             (None, 1000)              1001000   
2024-05-22 17:13:02                                                                  
2024-05-22 17:13:02  permanent_dropout_1 (Perma  (None, 1000)              0         
2024-05-22 17:13:02  nentDropout)                                                    
2024-05-22 17:13:02                                                                  
2024-05-22 17:13:02  dense_2 (Dense)             (None, 1000)              1001000   
2024-05-22 17:13:02                                                                  
2024-05-22 17:13:02  permanent_dropout_2 (Perma  (None, 1000)              0         
2024-05-22 17:13:02  nentDropout)                                                    
2024-05-22 17:13:02                                                                  
2024-05-22 17:13:02 =================================================================
2024-05-22 17:13:02 Total params: 2961000 (11.30 MB)
2024-05-22 17:13:02 Trainable params: 2961000 (11.30 MB)
2024-05-22 17:13:02 Non-trainable params: 0 (0.00 Byte)
2024-05-22 17:13:02 _________________________________________________________________
2024-05-22 17:13:02 Feature encoding submodel for drug.descriptors:
2024-05-22 17:13:02 Model: "drug.descriptors"
2024-05-22 17:13:02 _________________________________________________________________
2024-05-22 17:13:02  Layer (type)                Output Shape              Param #   
2024-05-22 17:13:02 =================================================================
2024-05-22 17:13:02  input_2 (InputLayer)        [(None, 1613)]            0         
2024-05-22 17:13:02                                                                  
2024-05-22 17:13:02  dense_3 (Dense)             (None, 1000)              1614000   
2024-05-22 17:13:02                                                                  
2024-05-22 17:13:02  permanent_dropout_3 (Perma  (None, 1000)              0         
2024-05-22 17:13:02  nentDropout)                                                    
2024-05-22 17:13:02                                                                  
2024-05-22 17:13:02  dense_4 (Dense)             (None, 1000)              1001000   
2024-05-22 17:13:02                                                                  
2024-05-22 17:13:02  permanent_dropout_4 (Perma  (None, 1000)              0         
2024-05-22 17:13:02  nentDropout)                                                    
2024-05-22 17:13:02                                                                  
2024-05-22 17:13:02  dense_5 (Dense)             (None, 1000)              1001000   
2024-05-22 17:13:02                                                                  
2024-05-22 17:13:02  permanent_dropout_5 (Perma  (None, 1000)              0         
2024-05-22 17:13:02  nentDropout)                                                    
2024-05-22 17:13:02                                                                  
2024-05-22 17:13:02 =================================================================
2024-05-22 17:13:02 Total params: 3616000 (13.79 MB)
2024-05-22 17:13:02 Trainable params: 3616000 (13.79 MB)
2024-05-22 17:13:02 Non-trainable params: 0 (0.00 Byte)
2024-05-22 17:13:02 _________________________________________________________________
2024-05-22 17:13:02 Combined model:
2024-05-22 17:13:02 Model: "model"
2024-05-22 17:13:02 __________________________________________________________________________________________________
2024-05-22 17:13:02  Layer (type)                Output Shape                 Param #   Connected to                  
2024-05-22 17:13:02 ==================================================================================================
2024-05-22 17:13:02  input.cell.rnaseq (InputLa  [(None, 958)]                0         []                            
2024-05-22 17:13:02  yer)                                                                                             
2024-05-22 17:13:02                                                                                                   
2024-05-22 17:13:02  input.drug1.descriptors (I  [(None, 1613)]               0         []                            
2024-05-22 17:13:02  nputLayer)                                                                                       
2024-05-22 17:13:02                                                                                                   
2024-05-22 17:13:02  cell.rnaseq (Functional)    (None, 1000)                 2961000   ['input.cell.rnaseq[0][0]']   
2024-05-22 17:13:02                                                                                                   
2024-05-22 17:13:02  drug.descriptors (Function  (None, 1000)                 3616000   ['input.drug1.descriptors[0][0
2024-05-22 17:13:02  al)                                                                ]']                           
2024-05-22 17:13:02                                                                                                   
2024-05-22 17:13:02  concatenate (Concatenate)   (None, 2000)                 0         ['cell.rnaseq[0][0]',         
2024-05-22 17:13:02                                                                      'drug.descriptors[0][0]']    
2024-05-22 17:13:02                                                                                                   
2024-05-22 17:13:02  dense_6 (Dense)             (None, 1000)                 2001000   ['concatenate[0][0]']         
2024-05-22 17:13:02                                                                                                   
2024-05-22 17:13:02  permanent_dropout_6 (Perma  (None, 1000)                 0         ['dense_6[0][0]']             
2024-05-22 17:13:02  nentDropout)                                                                                     
2024-05-22 17:13:02                                                                                                   
2024-05-22 17:13:02  dense_7 (Dense)             (None, 1000)                 1001000   ['permanent_dropout_6[0][0]'] 
2024-05-22 17:13:02                                                                                                   
2024-05-22 17:13:02  permanent_dropout_7 (Perma  (None, 1000)                 0         ['dense_7[0][0]']             
2024-05-22 17:13:02  nentDropout)                                                                                     
2024-05-22 17:13:02                                                                                                   
2024-05-22 17:13:02  dense_8 (Dense)             (None, 1000)                 1001000   ['permanent_dropout_7[0][0]'] 
2024-05-22 17:13:02                                                                                                   
2024-05-22 17:13:02  permanent_dropout_8 (Perma  (None, 1000)                 0         ['dense_8[0][0]']             
2024-05-22 17:13:02  nentDropout)                                                                                     
2024-05-22 17:13:02                                                                                                   
2024-05-22 17:13:02  dense_9 (Dense)             (None, 1000)                 1001000   ['permanent_dropout_8[0][0]'] 
2024-05-22 17:13:02                                                                                                   
2024-05-22 17:13:02  permanent_dropout_9 (Perma  (None, 1000)                 0         ['dense_9[0][0]']             
2024-05-22 17:13:02  nentDropout)                                                                                     
2024-05-22 17:13:02                                                                                                   
2024-05-22 17:13:02  dense_10 (Dense)            (None, 1000)                 1001000   ['permanent_dropout_9[0][0]'] 
2024-05-22 17:13:02                                                                                                   
2024-05-22 17:13:02  permanent_dropout_10 (Perm  (None, 1000)                 0         ['dense_10[0][0]']            
2024-05-22 17:13:02  anentDropout)                                                                                    
2024-05-22 17:13:02                                                                                                   
2024-05-22 17:13:02  dense_11 (Dense)            (None, 1)                    1001      ['permanent_dropout_10[0][0]']
2024-05-22 17:13:02                                                                                                   
2024-05-22 17:13:02 ==================================================================================================
2024-05-22 17:13:02 Total params: 12583001 (48.00 MB)
2024-05-22 17:13:02 Trainable params: 12583001 (48.00 MB)
2024-05-22 17:13:02 Non-trainable params: 0 (0.00 Byte)
2024-05-22 17:13:02 __________________________________________________________________________________________________
2024-05-22 17:13:03 CKPT CONSTRUCT...
2024-05-22 17:13:03 CKPT CONSTRUCT OK.
2024-05-22 17:13:03 template model: <keras.src.engine.functional.Functional object at 0x14b9af811fd0>
2024-05-22 17:13:04 COMPILE
2024-05-22 17:13:04 Will save weights to: /dev/shm/Uno/save/9000841.amn-0001/62/1.0.model.h5
2024-05-22 17:13:21 Between random pairs in y_val:
2024-05-22 17:13:21   mse: 0.04758564
2024-05-22 17:13:21   mae: 0.15968066
2024-05-22 17:13:21   r2: -0.99493975
2024-05-22 17:13:21   corr: 0.00253012
2024-05-22 17:13:21 Data points per epoch: train = 469878, val = 117470, test = 361
2024-05-22 17:13:21 Steps per epoch: train = 14683, val = 3670, test = 11
2024-05-22 17:13:21 Epoch 0: lr=0.001
2024-05-22 17:14:35 [Epoch: 0] loss: 0.023455, mae: 0.079086, r2: -0.036249, val_loss: 0.008922, val_mae: 0.070037, val_r2: 0.571579
2024-05-22 17:14:35 Epoch 1: lr=0.00082
2024-05-22 17:15:46 [Epoch: 1] loss: 0.007977, mae: 0.063864, r2: 0.622133, val_loss: 0.008083, val_mae: 0.067616, val_r2: 0.609263
2024-05-22 17:15:47 Epoch 2: lr=0.00064
2024-05-22 17:16:58 [Epoch: 2] loss: 0.007293, mae: 0.060762, r2: 0.653763, val_loss: 0.007169, val_mae: 0.060343, val_r2: 0.657190
2024-05-22 17:16:58 Epoch 3: lr=0.00046
2024-05-22 17:18:09 [Epoch: 3] loss: 0.006814, mae: 0.058568, r2: 0.675702, val_loss: 0.006775, val_mae: 0.058496, val_r2: 0.677005
2024-05-22 17:18:09 Epoch 4: lr=0.00028
2024-05-22 17:19:21 [Epoch: 4] loss: 0.006438, mae: 0.056842, r2: 0.692709, val_loss: 0.006574, val_mae: 0.056819, val_r2: 0.685613
2024-05-22 17:19:21 Epoch 5: lr=0.0001
2024-05-22 17:20:33 [Epoch: 5] loss: 0.006116, mae: 0.055329, r2: 0.707408, val_loss: 0.006371, val_mae: 0.055944, val_r2: 0.694674
2024-05-22 17:20:34 Epoch 6: lr=0.0001
2024-05-22 17:21:45 [Epoch: 6] loss: 0.006011, mae: 0.054853, r2: 0.712307, val_loss: 0.006333, val_mae: 0.055896, val_r2: 0.696398
2024-05-22 17:21:46 Epoch 7: lr=0.0001
2024-05-22 17:22:58 [Epoch: 7] loss: 0.005925, mae: 0.054470, r2: 0.716076, val_loss: 0.006319, val_mae: 0.055599, val_r2: 0.696935
2024-05-22 17:22:58 Epoch 8: lr=0.0001
2024-05-22 17:24:10 [Epoch: 8] loss: 0.005865, mae: 0.054169, r2: 0.718915, val_loss: 0.006239, val_mae: 0.055380, val_r2: 0.701896
2024-05-22 17:24:10 Epoch 9: lr=0.0001
2024-05-22 17:25:23 [Epoch: 9] loss: 0.005800, mae: 0.053886, r2: 0.721961, val_loss: 0.006243, val_mae: 0.056120, val_r2: 0.700340
2024-05-22 17:25:23 Epoch 10: lr=0.0001
2024-05-22 17:26:34 [Epoch: 10] loss: 0.005738, mae: 0.053554, r2: 0.724915, val_loss: 0.006231, val_mae: 0.055464, val_r2: 0.700551
2024-05-22 17:26:34 Epoch 11: lr=0.0001
2024-05-22 17:27:46 [Epoch: 11] loss: 0.005664, mae: 0.053229, r2: 0.728207, val_loss: 0.006195, val_mae: 0.055199, val_r2: 0.703161
2024-05-22 17:27:46 Epoch 12: lr=0.0001
2024-05-22 17:28:58 [Epoch: 12] loss: 0.005603, mae: 0.052974, r2: 0.731319, val_loss: 0.006168, val_mae: 0.055690, val_r2: 0.703183
2024-05-22 17:28:58 Epoch 13: lr=0.0001
2024-05-22 17:30:11 [Epoch: 13] loss: 0.005561, mae: 0.052757, r2: 0.733057, val_loss: 0.006175, val_mae: 0.054930, val_r2: 0.702488
2024-05-22 17:30:11 Epoch 14: lr=5e-05
2024-05-22 17:31:23 [Epoch: 14] loss: 0.005434, mae: 0.052170, r2: 0.739071, val_loss: 0.006109, val_mae: 0.054679, val_r2: 0.706742
2024-05-22 17:31:23 Epoch 15: lr=5e-05
2024-05-22 17:32:35 [Epoch: 15] loss: 0.005391, mae: 0.051949, r2: 0.740787, val_loss: 0.006101, val_mae: 0.054838, val_r2: 0.707752
2024-05-22 17:32:35 Epoch 16: lr=5e-05
2024-05-22 17:33:47 [Epoch: 16] loss: 0.005352, mae: 0.051808, r2: 0.742997, val_loss: 0.006102, val_mae: 0.055147, val_r2: 0.706391
2024-05-22 17:33:47 Epoch 17: lr=5e-05
2024-05-22 17:35:00 [Epoch: 17] loss: 0.005330, mae: 0.051698, r2: 0.743929, val_loss: 0.006127, val_mae: 0.054451, val_r2: 0.706587
2024-05-22 17:35:00 Epoch 18: lr=5e-05
2024-05-22 17:36:12 [Epoch: 18] loss: 0.005290, mae: 0.051506, r2: 0.745686, val_loss: 0.006090, val_mae: 0.055122, val_r2: 0.707410
2024-05-22 17:36:12 Epoch 19: lr=5e-05
2024-05-22 17:37:24 [Epoch: 19] loss: 0.005260, mae: 0.051352, r2: 0.747161, val_loss: 0.006108, val_mae: 0.054868, val_r2: 0.705633
2024-05-22 17:37:24 Epoch 20: lr=2.5e-05
2024-05-22 17:38:37 [Epoch: 20] loss: 0.005197, mae: 0.051118, r2: 0.750154, val_loss: 0.006065, val_mae: 0.054371, val_r2: 0.708914
2024-05-22 17:38:37 Epoch 21: lr=2.5e-05
2024-05-22 17:39:48 [Epoch: 21] loss: 0.005191, mae: 0.051040, r2: 0.750224, val_loss: 0.006077, val_mae: 0.054733, val_r2: 0.707145
2024-05-22 17:39:48 Epoch 22: lr=2.5e-05
2024-05-22 17:41:00 [Epoch: 22] loss: 0.005155, mae: 0.050905, r2: 0.751842, val_loss: 0.006061, val_mae: 0.054512, val_r2: 0.708635
2024-05-22 17:41:01 Epoch 23: lr=2.5e-05
2024-05-22 17:42:13 [Epoch: 23] loss: 0.005147, mae: 0.050855, r2: 0.752271, val_loss: 0.006064, val_mae: 0.054478, val_r2: 0.708104
2024-05-22 17:42:13 Epoch 24: lr=2.5e-05
2024-05-22 17:43:25 [Epoch: 24] loss: 0.005138, mae: 0.050794, r2: 0.752809, val_loss: 0.006083, val_mae: 0.054240, val_r2: 0.708299
2024-05-22 17:43:25 Epoch 25: lr=1.25e-05
2024-05-22 17:44:37 [Epoch: 25] loss: 0.005089, mae: 0.050576, r2: 0.755200, val_loss: 0.006102, val_mae: 0.054568, val_r2: 0.706884
2024-05-22 17:44:37 Epoch 26: lr=1.25e-05
2024-05-22 17:45:50 [Epoch: 26] loss: 0.005092, mae: 0.050633, r2: 0.755122, val_loss: 0.006046, val_mae: 0.054228, val_r2: 0.709546
2024-05-22 17:45:50 Epoch 27: lr=1.25e-05
2024-05-22 17:47:02 [Epoch: 27] loss: 0.005079, mae: 0.050538, r2: 0.755632, val_loss: 0.006059, val_mae: 0.054523, val_r2: 0.708825
2024-05-22 17:47:02 Epoch 28: lr=1.25e-05
2024-05-22 17:48:13 [Epoch: 28] loss: 0.005059, mae: 0.050456, r2: 0.756324, val_loss: 0.006056, val_mae: 0.054390, val_r2: 0.709355
2024-05-22 17:48:14 Epoch 29: lr=1.25e-05
2024-05-22 17:49:26 [Epoch: 29] loss: 0.005070, mae: 0.050502, r2: 0.756045, val_loss: 0.006061, val_mae: 0.054427, val_r2: 0.708690
2024-05-22 17:49:26 Epoch 30: lr=1e-05
2024-05-22 17:50:38 [Epoch: 30] loss: 0.005050, mae: 0.050380, r2: 0.756864, val_loss: 0.006038, val_mae: 0.054450, val_r2: 0.709851
2024-05-22 17:50:38 Epoch 31: lr=1e-05
2024-05-22 17:51:51 [Epoch: 31] loss: 0.005052, mae: 0.050388, r2: 0.756895, val_loss: 0.006080, val_mae: 0.054435, val_r2: 0.708034
2024-05-22 17:51:51 Epoch 32: lr=1e-05
2024-05-22 17:53:02 [Epoch: 32] loss: 0.005036, mae: 0.050352, r2: 0.757333, val_loss: 0.006072, val_mae: 0.054409, val_r2: 0.707834
2024-05-22 17:53:03 Epoch 33: lr=1e-05
2024-05-22 17:54:15 [Epoch: 33] loss: 0.005031, mae: 0.050278, r2: 0.757882, val_loss: 0.006072, val_mae: 0.054250, val_r2: 0.708342
2024-05-22 17:54:15 Epoch 34: lr=1e-05
2024-05-22 17:55:27 [Epoch: 34] loss: 0.005020, mae: 0.050226, r2: 0.758435, val_loss: 0.006041, val_mae: 0.054309, val_r2: 0.709244
2024-05-22 17:55:27 Epoch 35: lr=1e-05
2024-05-22 17:56:40 [Epoch: 35] loss: 0.005012, mae: 0.050204, r2: 0.758684, val_loss: 0.006037, val_mae: 0.054283, val_r2: 0.710140
2024-05-22 17:56:40 Epoch 36: lr=1e-05
2024-05-22 17:57:52 [Epoch: 36] loss: 0.005010, mae: 0.050200, r2: 0.758592, val_loss: 0.006067, val_mae: 0.054411, val_r2: 0.709135
2024-05-22 17:57:52 Epoch 37: lr=1e-05
2024-05-22 17:59:04 [Epoch: 37] loss: 0.005007, mae: 0.050152, r2: 0.759290, val_loss: 0.006072, val_mae: 0.054488, val_r2: 0.708130
2024-05-22 17:59:04 Epoch 38: lr=1e-05
2024-05-22 18:00:16 [Epoch: 38] loss: 0.004999, mae: 0.050165, r2: 0.759250, val_loss: 0.006083, val_mae: 0.054324, val_r2: 0.708028
2024-05-22 18:00:16 Epoch 39: lr=1e-05
2024-05-22 18:01:28 [Epoch: 39] loss: 0.005006, mae: 0.050201, r2: 0.759079, val_loss: 0.006071, val_mae: 0.054295, val_r2: 0.708118
2024-05-22 18:01:28 Epoch 40: lr=1e-05
2024-05-22 18:02:41 [Epoch: 40] loss: 0.004988, mae: 0.050097, r2: 0.759773, val_loss: 0.006050, val_mae: 0.054375, val_r2: 0.709488
2024-05-22 18:02:41 Epoch 41: lr=1e-05
2024-05-22 18:03:52 [Epoch: 41] loss: 0.004991, mae: 0.050117, r2: 0.759725, val_loss: 0.006043, val_mae: 0.054315, val_r2: 0.710098
2024-05-22 18:03:52 Epoch 42: lr=1e-05
2024-05-22 18:05:04 [Epoch: 42] loss: 0.004977, mae: 0.050060, r2: 0.760578, val_loss: 0.006060, val_mae: 0.054435, val_r2: 0.708584
2024-05-22 18:05:04 Epoch 43: lr=1e-05
2024-05-22 18:06:16 [Epoch: 43] loss: 0.004983, mae: 0.050035, r2: 0.760156, val_loss: 0.006049, val_mae: 0.054271, val_r2: 0.709943
2024-05-22 18:06:16 Epoch 44: lr=1e-05
2024-05-22 18:07:28 [Epoch: 44] loss: 0.004967, mae: 0.049996, r2: 0.760812, val_loss: 0.006045, val_mae: 0.054387, val_r2: 0.709564
2024-05-22 18:07:28 Epoch 45: lr=1e-05
2024-05-22 18:08:39 [Epoch: 45] loss: 0.004969, mae: 0.050012, r2: 0.760615, val_loss: 0.006052, val_mae: 0.054426, val_r2: 0.709020
2024-05-22 18:08:40 history_length: 46
2024-05-22 18:08:40 stopping: early
2024-05-22 18:08:40 Comparing y_true and y_pred:
2024-05-22 18:08:40   mse: 0.03317168
2024-05-22 18:08:40   mae: 0.16366116
2024-05-22 18:08:40   r2: -1.70825069
2024-05-22 18:08:40   corr: 0.32335355
