2024-05-09 11:42:30 UNO RUN ...
2024-05-09 11:42:30 Params: {'model_name': 'uno', 'train_sources': ['CCLE'], 'test_sources': ['train'], 'cell_types': None, 'cell_features': ['rnaseq'], 'drug_features': ['descriptors'], 'dense': [1000, 1000, 1000, 1000, 1000], 'dense_feature_layers': [1000, 1000, 1000], 'activation': 'relu', 'loss': 'mse', 'optimizer': 'adamax', 'scaling': 'std', 'dropout': 0.1, 'epochs': 30, 'batch_size': 32, 'val_split': 0.2, 'cv': 1, 'max_val_loss': 1.0, 'learning_rate': 0.0001, 'base_lr': None, 'agg_dose': 'AUC', 'residual': False, 'reduce_lr': True, 'warmup_lr': True, 'batch_normalization': False, 'feature_subsample': 0, 'rng_seed': 2018, 'no_gen': False, 'verbose': False, 'preprocess_rnaseq': 'source_scale', 'gpus': [0], 'use_landmark_genes': True, 'no_feature_source': True, 'no_response_source': True, 'save_path': '/dev/shm/Uno/save/8996461.amn-0001/399', 'single': True, 'on_memory_loader': True, 'ckpt_checksum': True, 'ckpt_save_interval': 0, 'timeout': -1, 'train_bool': True, 'profiling': False, 'experiment_id': '8996461.amn-0001', 'run_id': '399', 'logfile': '/dev/shm/Uno/save/8996461.amn-0001/399/python.log', 'shuffle': False, 'ckpt_restart_mode': 'off', 'ckpt_skip_epochs': 0, 'ckpt_directory': '/dev/shm/Uno/save/8996461.amn-0001/399', 'ckpt_save_best': True, 'ckpt_save_best_metric': 'val_loss', 'ckpt_save_weights_only': False, 'ckpt_keep_mode': 'linear', 'ckpt_keep_limit': 5, 'by_cell': None, 'by_drug': None, 'cell_subset_path': '', 'drug_subset_path': '', 'drug_median_response_min': -1, 'drug_median_response_max': 1, 'dense_cell_feature_layers': None, 'dense_drug_feature_layers': None, 'use_filtered_genes': False, 'feature_subset_path': '', 'cell_feature_subset_path': '', 'drug_feature_subset_path': '', 'es': True, 'cp': False, 'tb': False, 'tb_prefix': 'tb', 'partition_by': None, 'cache': None, 'export_csv': None, 'export_data': None, 'use_exported_data': '/dev/shm/Uno/x1921c5s3b0n0.399.merged.landmark.h5', 'growth_bins': 0, 'initial_weights': None, 'save_weights': '/dev/shm/Uno/save/8996461.amn-0001/399/1.1.model.h5', 'config_file': '/home/brettin/CSC249ADOA01_CNDA/brettin/Benchmarks/Pilot1/Uno/uno_auc_model.txt', 'data_type': <class 'numpy.float32'>, 'data_dir': '/dev/shm/Uno/uno/Data', 'output_dir': '/dev/shm/Uno/uno/Output/8996461.amn-0001/399'}
2024-05-09 11:42:30 Feature encoding submodel for cell.rnaseq:
2024-05-09 11:42:30 Model: "cell.rnaseq"
2024-05-09 11:42:30 _________________________________________________________________
2024-05-09 11:42:30  Layer (type)                Output Shape              Param #   
2024-05-09 11:42:30 =================================================================
2024-05-09 11:42:30  input_1 (InputLayer)        [(None, 958)]             0         
2024-05-09 11:42:30                                                                  
2024-05-09 11:42:30  dense (Dense)               (None, 1000)              959000    
2024-05-09 11:42:30                                                                  
2024-05-09 11:42:30  permanent_dropout (Permane  (None, 1000)              0         
2024-05-09 11:42:30  ntDropout)                                                      
2024-05-09 11:42:30                                                                  
2024-05-09 11:42:30  dense_1 (Dense)             (None, 1000)              1001000   
2024-05-09 11:42:30                                                                  
2024-05-09 11:42:30  permanent_dropout_1 (Perma  (None, 1000)              0         
2024-05-09 11:42:30  nentDropout)                                                    
2024-05-09 11:42:30                                                                  
2024-05-09 11:42:30  dense_2 (Dense)             (None, 1000)              1001000   
2024-05-09 11:42:30                                                                  
2024-05-09 11:42:30  permanent_dropout_2 (Perma  (None, 1000)              0         
2024-05-09 11:42:30  nentDropout)                                                    
2024-05-09 11:42:30                                                                  
2024-05-09 11:42:30 =================================================================
2024-05-09 11:42:30 Total params: 2961000 (11.30 MB)
2024-05-09 11:42:30 Trainable params: 2961000 (11.30 MB)
2024-05-09 11:42:30 Non-trainable params: 0 (0.00 Byte)
2024-05-09 11:42:30 _________________________________________________________________
2024-05-09 11:42:30 Feature encoding submodel for drug.descriptors:
2024-05-09 11:42:30 Model: "drug.descriptors"
2024-05-09 11:42:30 _________________________________________________________________
2024-05-09 11:42:30  Layer (type)                Output Shape              Param #   
2024-05-09 11:42:30 =================================================================
2024-05-09 11:42:30  input_2 (InputLayer)        [(None, 1613)]            0         
2024-05-09 11:42:30                                                                  
2024-05-09 11:42:30  dense_3 (Dense)             (None, 1000)              1614000   
2024-05-09 11:42:30                                                                  
2024-05-09 11:42:30  permanent_dropout_3 (Perma  (None, 1000)              0         
2024-05-09 11:42:30  nentDropout)                                                    
2024-05-09 11:42:30                                                                  
2024-05-09 11:42:30  dense_4 (Dense)             (None, 1000)              1001000   
2024-05-09 11:42:30                                                                  
2024-05-09 11:42:30  permanent_dropout_4 (Perma  (None, 1000)              0         
2024-05-09 11:42:30  nentDropout)                                                    
2024-05-09 11:42:30                                                                  
2024-05-09 11:42:30  dense_5 (Dense)             (None, 1000)              1001000   
2024-05-09 11:42:30                                                                  
2024-05-09 11:42:30  permanent_dropout_5 (Perma  (None, 1000)              0         
2024-05-09 11:42:30  nentDropout)                                                    
2024-05-09 11:42:30                                                                  
2024-05-09 11:42:30 =================================================================
2024-05-09 11:42:30 Total params: 3616000 (13.79 MB)
2024-05-09 11:42:30 Trainable params: 3616000 (13.79 MB)
2024-05-09 11:42:30 Non-trainable params: 0 (0.00 Byte)
2024-05-09 11:42:30 _________________________________________________________________
2024-05-09 11:42:31 Combined model:
2024-05-09 11:42:31 Model: "model"
2024-05-09 11:42:31 __________________________________________________________________________________________________
2024-05-09 11:42:31  Layer (type)                Output Shape                 Param #   Connected to                  
2024-05-09 11:42:31 ==================================================================================================
2024-05-09 11:42:31  input.cell.rnaseq (InputLa  [(None, 958)]                0         []                            
2024-05-09 11:42:31  yer)                                                                                             
2024-05-09 11:42:31                                                                                                   
2024-05-09 11:42:31  input.drug1.descriptors (I  [(None, 1613)]               0         []                            
2024-05-09 11:42:31  nputLayer)                                                                                       
2024-05-09 11:42:31                                                                                                   
2024-05-09 11:42:31  cell.rnaseq (Functional)    (None, 1000)                 2961000   ['input.cell.rnaseq[0][0]']   
2024-05-09 11:42:31                                                                                                   
2024-05-09 11:42:31  drug.descriptors (Function  (None, 1000)                 3616000   ['input.drug1.descriptors[0][0
2024-05-09 11:42:31  al)                                                                ]']                           
2024-05-09 11:42:31                                                                                                   
2024-05-09 11:42:31  concatenate (Concatenate)   (None, 2000)                 0         ['cell.rnaseq[0][0]',         
2024-05-09 11:42:31                                                                      'drug.descriptors[0][0]']    
2024-05-09 11:42:31                                                                                                   
2024-05-09 11:42:31  dense_6 (Dense)             (None, 1000)                 2001000   ['concatenate[0][0]']         
2024-05-09 11:42:31                                                                                                   
2024-05-09 11:42:31  permanent_dropout_6 (Perma  (None, 1000)                 0         ['dense_6[0][0]']             
2024-05-09 11:42:31  nentDropout)                                                                                     
2024-05-09 11:42:31                                                                                                   
2024-05-09 11:42:31  dense_7 (Dense)             (None, 1000)                 1001000   ['permanent_dropout_6[0][0]'] 
2024-05-09 11:42:31                                                                                                   
2024-05-09 11:42:31  permanent_dropout_7 (Perma  (None, 1000)                 0         ['dense_7[0][0]']             
2024-05-09 11:42:31  nentDropout)                                                                                     
2024-05-09 11:42:31                                                                                                   
2024-05-09 11:42:31  dense_8 (Dense)             (None, 1000)                 1001000   ['permanent_dropout_7[0][0]'] 
2024-05-09 11:42:31                                                                                                   
2024-05-09 11:42:31  permanent_dropout_8 (Perma  (None, 1000)                 0         ['dense_8[0][0]']             
2024-05-09 11:42:31  nentDropout)                                                                                     
2024-05-09 11:42:31                                                                                                   
2024-05-09 11:42:31  dense_9 (Dense)             (None, 1000)                 1001000   ['permanent_dropout_8[0][0]'] 
2024-05-09 11:42:31                                                                                                   
2024-05-09 11:42:31  permanent_dropout_9 (Perma  (None, 1000)                 0         ['dense_9[0][0]']             
2024-05-09 11:42:31  nentDropout)                                                                                     
2024-05-09 11:42:31                                                                                                   
2024-05-09 11:42:31  dense_10 (Dense)            (None, 1000)                 1001000   ['permanent_dropout_9[0][0]'] 
2024-05-09 11:42:31                                                                                                   
2024-05-09 11:42:31  permanent_dropout_10 (Perm  (None, 1000)                 0         ['dense_10[0][0]']            
2024-05-09 11:42:31  anentDropout)                                                                                    
2024-05-09 11:42:31                                                                                                   
2024-05-09 11:42:31  dense_11 (Dense)            (None, 1)                    1001      ['permanent_dropout_10[0][0]']
2024-05-09 11:42:31                                                                                                   
2024-05-09 11:42:31 ==================================================================================================
2024-05-09 11:42:31 Total params: 12583001 (48.00 MB)
2024-05-09 11:42:31 Trainable params: 12583001 (48.00 MB)
2024-05-09 11:42:31 Non-trainable params: 0 (0.00 Byte)
2024-05-09 11:42:31 __________________________________________________________________________________________________
2024-05-09 11:42:31 CKPT CONSTRUCT...
2024-05-09 11:42:31 CKPT CONSTRUCT OK.
2024-05-09 11:42:31 template model: <keras.src.engine.functional.Functional object at 0x14d7ac778850>
2024-05-09 11:42:32 COMPILE
2024-05-09 11:42:32 Will save weights to: /dev/shm/Uno/save/8996461.amn-0001/399/1.1.model.h5
2024-05-09 11:42:49 Between random pairs in y_val:
2024-05-09 11:42:49   mse: 0.04720599
2024-05-09 11:42:49   mae: 0.15925953
2024-05-09 11:42:49   r2: -0.99410574
2024-05-09 11:42:49   corr: 0.00294713
2024-05-09 11:42:49 Data points per epoch: train = 470167, val = 117542, test = 577
2024-05-09 11:42:49 Steps per epoch: train = 14692, val = 3673, test = 18
2024-05-09 11:42:49 Epoch 0: lr=0.001
2024-05-09 11:44:02 [Epoch: 0] loss: 0.029716, mae: 0.079743, r2: -0.554532, val_loss: 0.008510, val_mae: 0.065372, val_r2: 0.597396
2024-05-09 11:44:02 Epoch 1: lr=0.00082
2024-05-09 11:45:13 [Epoch: 1] loss: 0.008028, mae: 0.064018, r2: 0.620495, val_loss: 0.007824, val_mae: 0.062026, val_r2: 0.621588
2024-05-09 11:45:13 Epoch 2: lr=0.00064
2024-05-09 11:46:24 [Epoch: 2] loss: 0.007332, mae: 0.060820, r2: 0.652110, val_loss: 0.007444, val_mae: 0.063528, val_r2: 0.636765
2024-05-09 11:46:24 Epoch 3: lr=0.00046
2024-05-09 11:47:35 [Epoch: 3] loss: 0.006840, mae: 0.058568, r2: 0.674613, val_loss: 0.006779, val_mae: 0.058610, val_r2: 0.677343
2024-05-09 11:47:35 Epoch 4: lr=0.00028
2024-05-09 11:48:46 [Epoch: 4] loss: 0.006439, mae: 0.056756, r2: 0.692600, val_loss: 0.006502, val_mae: 0.056917, val_r2: 0.688728
2024-05-09 11:48:46 Epoch 5: lr=0.0001
2024-05-09 11:49:56 [Epoch: 5] loss: 0.006110, mae: 0.055245, r2: 0.707760, val_loss: 0.006345, val_mae: 0.056060, val_r2: 0.695212
2024-05-09 11:49:57 Epoch 6: lr=0.0001
2024-05-09 11:51:07 [Epoch: 6] loss: 0.005995, mae: 0.054719, r2: 0.713252, val_loss: 0.006315, val_mae: 0.055845, val_r2: 0.696412
2024-05-09 11:51:07 Epoch 7: lr=0.0001
2024-05-09 11:52:18 [Epoch: 7] loss: 0.005923, mae: 0.054407, r2: 0.716283, val_loss: 0.006243, val_mae: 0.055588, val_r2: 0.699529
2024-05-09 11:52:18 Epoch 8: lr=0.0001
2024-05-09 11:53:28 [Epoch: 8] loss: 0.005851, mae: 0.054116, r2: 0.719795, val_loss: 0.006210, val_mae: 0.055325, val_r2: 0.700614
2024-05-09 11:53:28 Epoch 9: lr=0.0001
2024-05-09 11:54:39 [Epoch: 9] loss: 0.005772, mae: 0.053721, r2: 0.723588, val_loss: 0.006187, val_mae: 0.055466, val_r2: 0.702833
2024-05-09 11:54:39 Epoch 10: lr=0.0001
2024-05-09 11:55:49 [Epoch: 10] loss: 0.005713, mae: 0.053462, r2: 0.726043, val_loss: 0.006175, val_mae: 0.055806, val_r2: 0.701784
2024-05-09 11:55:50 Epoch 11: lr=0.0001
2024-05-09 11:57:01 [Epoch: 11] loss: 0.005661, mae: 0.053238, r2: 0.728570, val_loss: 0.006160, val_mae: 0.054993, val_r2: 0.703877
2024-05-09 11:57:01 Epoch 12: lr=0.0001
2024-05-09 11:58:12 [Epoch: 12] loss: 0.005601, mae: 0.052938, r2: 0.731425, val_loss: 0.006102, val_mae: 0.054945, val_r2: 0.706151
2024-05-09 11:58:12 Epoch 13: lr=0.0001
2024-05-09 11:59:22 [Epoch: 13] loss: 0.005548, mae: 0.052699, r2: 0.734010, val_loss: 0.006087, val_mae: 0.054634, val_r2: 0.706377
2024-05-09 11:59:23 Epoch 14: lr=0.0001
2024-05-09 12:00:33 [Epoch: 14] loss: 0.005484, mae: 0.052431, r2: 0.736876, val_loss: 0.006090, val_mae: 0.054877, val_r2: 0.706731
2024-05-09 12:00:33 Epoch 15: lr=0.0001
2024-05-09 12:01:44 [Epoch: 15] loss: 0.005437, mae: 0.052192, r2: 0.738907, val_loss: 0.006102, val_mae: 0.055640, val_r2: 0.706518
2024-05-09 12:01:44 Epoch 16: lr=0.0001
2024-05-09 12:02:55 [Epoch: 16] loss: 0.005392, mae: 0.051921, r2: 0.741078, val_loss: 0.006046, val_mae: 0.054672, val_r2: 0.709260
2024-05-09 12:02:55 Epoch 17: lr=0.0001
2024-05-09 12:04:05 [Epoch: 17] loss: 0.005343, mae: 0.051746, r2: 0.743538, val_loss: 0.006013, val_mae: 0.054441, val_r2: 0.712011
2024-05-09 12:04:05 Epoch 18: lr=5e-05
2024-05-09 12:05:16 [Epoch: 18] loss: 0.005225, mae: 0.051203, r2: 0.748870, val_loss: 0.006007, val_mae: 0.054745, val_r2: 0.710277
2024-05-09 12:05:16 Epoch 19: lr=5e-05
2024-05-09 12:06:27 [Epoch: 19] loss: 0.005189, mae: 0.051029, r2: 0.750561, val_loss: 0.006005, val_mae: 0.054570, val_r2: 0.709421
2024-05-09 12:06:27 Epoch 20: lr=5e-05
2024-05-09 12:07:37 [Epoch: 20] loss: 0.005154, mae: 0.050820, r2: 0.752145, val_loss: 0.006015, val_mae: 0.054783, val_r2: 0.710259
2024-05-09 12:07:37 Epoch 21: lr=5e-05
2024-05-09 12:08:48 [Epoch: 21] loss: 0.005138, mae: 0.050799, r2: 0.753020, val_loss: 0.005987, val_mae: 0.054193, val_r2: 0.710773
2024-05-09 12:08:48 Epoch 22: lr=5e-05
2024-05-09 12:09:59 [Epoch: 22] loss: 0.005114, mae: 0.050693, r2: 0.754121, val_loss: 0.005995, val_mae: 0.054541, val_r2: 0.710624
2024-05-09 12:09:59 Epoch 23: lr=5e-05
2024-05-09 12:11:10 [Epoch: 23] loss: 0.005079, mae: 0.050488, r2: 0.755627, val_loss: 0.006028, val_mae: 0.054574, val_r2: 0.710266
2024-05-09 12:11:10 Epoch 24: lr=5e-05
2024-05-09 12:12:21 [Epoch: 24] loss: 0.005057, mae: 0.050426, r2: 0.756536, val_loss: 0.005990, val_mae: 0.054352, val_r2: 0.710766
2024-05-09 12:12:21 Epoch 25: lr=5e-05
2024-05-09 12:13:32 [Epoch: 25] loss: 0.005035, mae: 0.050301, r2: 0.757827, val_loss: 0.006025, val_mae: 0.054481, val_r2: 0.709172
2024-05-09 12:13:32 Epoch 26: lr=5e-05
2024-05-09 12:14:43 [Epoch: 26] loss: 0.005008, mae: 0.050195, r2: 0.758872, val_loss: 0.005991, val_mae: 0.054316, val_r2: 0.711439
2024-05-09 12:14:43 Epoch 27: lr=2.5e-05
2024-05-09 12:15:53 [Epoch: 27] loss: 0.004956, mae: 0.049905, r2: 0.761138, val_loss: 0.005996, val_mae: 0.054209, val_r2: 0.711290
2024-05-09 12:15:53 Epoch 28: lr=2.5e-05
2024-05-09 12:17:04 [Epoch: 28] loss: 0.004935, mae: 0.049825, r2: 0.762343, val_loss: 0.005982, val_mae: 0.054246, val_r2: 0.712215
2024-05-09 12:17:04 Epoch 29: lr=2.5e-05
2024-05-09 12:18:15 [Epoch: 29] loss: 0.004914, mae: 0.049751, r2: 0.763525, val_loss: 0.005992, val_mae: 0.054207, val_r2: 0.711753
2024-05-09 12:18:15 history_length: 30
2024-05-09 12:18:15 stopping: complete
2024-05-09 12:18:15 Comparing y_true and y_pred:
2024-05-09 12:18:15   mse: 0.00060830
2024-05-09 12:18:15   mae: 0.01897095
2024-05-09 12:18:15   r2: -0.34926651
2024-05-09 12:18:15   corr: 0.08305829
