2024-05-22 17:13:02 UNO RUN ...
2024-05-22 17:13:02 Params: {'model_name': 'uno', 'train_sources': ['CCLE'], 'test_sources': ['train'], 'cell_types': None, 'cell_features': ['rnaseq'], 'drug_features': ['descriptors'], 'dense': [1000, 1000, 1000, 1000, 1000], 'dense_feature_layers': [1000, 1000, 1000], 'activation': 'relu', 'loss': 'mse', 'optimizer': 'adamax', 'scaling': 'std', 'dropout': 0.1, 'epochs': 50, 'batch_size': 32, 'val_split': 0.2, 'cv': 1, 'max_val_loss': 1.0, 'learning_rate': 0.0001, 'base_lr': None, 'agg_dose': 'AUC', 'residual': False, 'reduce_lr': True, 'warmup_lr': True, 'batch_normalization': False, 'feature_subsample': 0, 'rng_seed': 2018, 'no_gen': False, 'verbose': False, 'preprocess_rnaseq': 'source_scale', 'gpus': [0], 'use_landmark_genes': True, 'no_feature_source': True, 'no_response_source': True, 'save_path': '/dev/shm/Uno/save/9000841.amn-0001/129', 'single': True, 'on_memory_loader': True, 'ckpt_checksum': True, 'ckpt_save_interval': 0, 'timeout': -1, 'train_bool': True, 'profiling': False, 'experiment_id': '9000841.amn-0001', 'run_id': '129', 'logfile': '/dev/shm/Uno/save/9000841.amn-0001/129/python.log', 'shuffle': False, 'ckpt_restart_mode': 'off', 'ckpt_skip_epochs': 0, 'ckpt_directory': '/dev/shm/Uno/save/9000841.amn-0001/129', 'ckpt_save_best': True, 'ckpt_save_best_metric': 'val_loss', 'ckpt_save_weights_only': False, 'ckpt_keep_mode': 'linear', 'ckpt_keep_limit': 5, 'by_cell': None, 'by_drug': None, 'cell_subset_path': '', 'drug_subset_path': '', 'drug_median_response_min': -1, 'drug_median_response_max': 1, 'dense_cell_feature_layers': None, 'dense_drug_feature_layers': None, 'use_filtered_genes': False, 'feature_subset_path': '', 'cell_feature_subset_path': '', 'drug_feature_subset_path': '', 'es': True, 'cp': False, 'tb': False, 'tb_prefix': 'tb', 'partition_by': None, 'cache': None, 'export_csv': None, 'export_data': None, 'use_exported_data': '/dev/shm/Uno/x1921c4s6b0n0.129.merged.landmark.h5', 'growth_bins': 0, 'initial_weights': None, 'save_weights': '/dev/shm/Uno/save/9000841.amn-0001/129/4.1.model.h5', 'config_file': '/home/brettin/CSC249ADOA01_CNDA/brettin/Benchmarks/Pilot1/Uno/uno_auc_model.txt', 'data_type': <class 'numpy.float32'>, 'data_dir': '/dev/shm/Uno/uno/Data', 'output_dir': '/dev/shm/Uno/uno/Output/9000841.amn-0001/129'}
2024-05-22 17:13:02 Feature encoding submodel for cell.rnaseq:
2024-05-22 17:13:02 Model: "cell.rnaseq"
2024-05-22 17:13:02 _________________________________________________________________
2024-05-22 17:13:02  Layer (type)                Output Shape              Param #   
2024-05-22 17:13:02 =================================================================
2024-05-22 17:13:02  input_1 (InputLayer)        [(None, 958)]             0         
2024-05-22 17:13:02                                                                  
2024-05-22 17:13:02  dense (Dense)               (None, 1000)              959000    
2024-05-22 17:13:02                                                                  
2024-05-22 17:13:02  permanent_dropout (Permane  (None, 1000)              0         
2024-05-22 17:13:02  ntDropout)                                                      
2024-05-22 17:13:02                                                                  
2024-05-22 17:13:02  dense_1 (Dense)             (None, 1000)              1001000   
2024-05-22 17:13:02                                                                  
2024-05-22 17:13:02  permanent_dropout_1 (Perma  (None, 1000)              0         
2024-05-22 17:13:02  nentDropout)                                                    
2024-05-22 17:13:02                                                                  
2024-05-22 17:13:02  dense_2 (Dense)             (None, 1000)              1001000   
2024-05-22 17:13:02                                                                  
2024-05-22 17:13:02  permanent_dropout_2 (Perma  (None, 1000)              0         
2024-05-22 17:13:02  nentDropout)                                                    
2024-05-22 17:13:02                                                                  
2024-05-22 17:13:02 =================================================================
2024-05-22 17:13:02 Total params: 2961000 (11.30 MB)
2024-05-22 17:13:02 Trainable params: 2961000 (11.30 MB)
2024-05-22 17:13:02 Non-trainable params: 0 (0.00 Byte)
2024-05-22 17:13:02 _________________________________________________________________
2024-05-22 17:13:02 Feature encoding submodel for drug.descriptors:
2024-05-22 17:13:02 Model: "drug.descriptors"
2024-05-22 17:13:02 _________________________________________________________________
2024-05-22 17:13:02  Layer (type)                Output Shape              Param #   
2024-05-22 17:13:02 =================================================================
2024-05-22 17:13:02  input_2 (InputLayer)        [(None, 1613)]            0         
2024-05-22 17:13:02                                                                  
2024-05-22 17:13:02  dense_3 (Dense)             (None, 1000)              1614000   
2024-05-22 17:13:02                                                                  
2024-05-22 17:13:02  permanent_dropout_3 (Perma  (None, 1000)              0         
2024-05-22 17:13:02  nentDropout)                                                    
2024-05-22 17:13:02                                                                  
2024-05-22 17:13:02  dense_4 (Dense)             (None, 1000)              1001000   
2024-05-22 17:13:02                                                                  
2024-05-22 17:13:02  permanent_dropout_4 (Perma  (None, 1000)              0         
2024-05-22 17:13:02  nentDropout)                                                    
2024-05-22 17:13:02                                                                  
2024-05-22 17:13:02  dense_5 (Dense)             (None, 1000)              1001000   
2024-05-22 17:13:02                                                                  
2024-05-22 17:13:02  permanent_dropout_5 (Perma  (None, 1000)              0         
2024-05-22 17:13:02  nentDropout)                                                    
2024-05-22 17:13:02                                                                  
2024-05-22 17:13:02 =================================================================
2024-05-22 17:13:02 Total params: 3616000 (13.79 MB)
2024-05-22 17:13:02 Trainable params: 3616000 (13.79 MB)
2024-05-22 17:13:02 Non-trainable params: 0 (0.00 Byte)
2024-05-22 17:13:02 _________________________________________________________________
2024-05-22 17:13:02 Combined model:
2024-05-22 17:13:02 Model: "model"
2024-05-22 17:13:02 __________________________________________________________________________________________________
2024-05-22 17:13:02  Layer (type)                Output Shape                 Param #   Connected to                  
2024-05-22 17:13:02 ==================================================================================================
2024-05-22 17:13:02  input.cell.rnaseq (InputLa  [(None, 958)]                0         []                            
2024-05-22 17:13:02  yer)                                                                                             
2024-05-22 17:13:02                                                                                                   
2024-05-22 17:13:02  input.drug1.descriptors (I  [(None, 1613)]               0         []                            
2024-05-22 17:13:02  nputLayer)                                                                                       
2024-05-22 17:13:02                                                                                                   
2024-05-22 17:13:02  cell.rnaseq (Functional)    (None, 1000)                 2961000   ['input.cell.rnaseq[0][0]']   
2024-05-22 17:13:02                                                                                                   
2024-05-22 17:13:02  drug.descriptors (Function  (None, 1000)                 3616000   ['input.drug1.descriptors[0][0
2024-05-22 17:13:02  al)                                                                ]']                           
2024-05-22 17:13:02                                                                                                   
2024-05-22 17:13:02  concatenate (Concatenate)   (None, 2000)                 0         ['cell.rnaseq[0][0]',         
2024-05-22 17:13:02                                                                      'drug.descriptors[0][0]']    
2024-05-22 17:13:02                                                                                                   
2024-05-22 17:13:02  dense_6 (Dense)             (None, 1000)                 2001000   ['concatenate[0][0]']         
2024-05-22 17:13:02                                                                                                   
2024-05-22 17:13:02  permanent_dropout_6 (Perma  (None, 1000)                 0         ['dense_6[0][0]']             
2024-05-22 17:13:02  nentDropout)                                                                                     
2024-05-22 17:13:02                                                                                                   
2024-05-22 17:13:02  dense_7 (Dense)             (None, 1000)                 1001000   ['permanent_dropout_6[0][0]'] 
2024-05-22 17:13:02                                                                                                   
2024-05-22 17:13:02  permanent_dropout_7 (Perma  (None, 1000)                 0         ['dense_7[0][0]']             
2024-05-22 17:13:02  nentDropout)                                                                                     
2024-05-22 17:13:02                                                                                                   
2024-05-22 17:13:02  dense_8 (Dense)             (None, 1000)                 1001000   ['permanent_dropout_7[0][0]'] 
2024-05-22 17:13:02                                                                                                   
2024-05-22 17:13:02  permanent_dropout_8 (Perma  (None, 1000)                 0         ['dense_8[0][0]']             
2024-05-22 17:13:02  nentDropout)                                                                                     
2024-05-22 17:13:02                                                                                                   
2024-05-22 17:13:02  dense_9 (Dense)             (None, 1000)                 1001000   ['permanent_dropout_8[0][0]'] 
2024-05-22 17:13:02                                                                                                   
2024-05-22 17:13:02  permanent_dropout_9 (Perma  (None, 1000)                 0         ['dense_9[0][0]']             
2024-05-22 17:13:02  nentDropout)                                                                                     
2024-05-22 17:13:02                                                                                                   
2024-05-22 17:13:02  dense_10 (Dense)            (None, 1000)                 1001000   ['permanent_dropout_9[0][0]'] 
2024-05-22 17:13:02                                                                                                   
2024-05-22 17:13:02  permanent_dropout_10 (Perm  (None, 1000)                 0         ['dense_10[0][0]']            
2024-05-22 17:13:02  anentDropout)                                                                                    
2024-05-22 17:13:02                                                                                                   
2024-05-22 17:13:02  dense_11 (Dense)            (None, 1)                    1001      ['permanent_dropout_10[0][0]']
2024-05-22 17:13:02                                                                                                   
2024-05-22 17:13:02 ==================================================================================================
2024-05-22 17:13:02 Total params: 12583001 (48.00 MB)
2024-05-22 17:13:02 Trainable params: 12583001 (48.00 MB)
2024-05-22 17:13:02 Non-trainable params: 0 (0.00 Byte)
2024-05-22 17:13:02 __________________________________________________________________________________________________
2024-05-22 17:13:03 CKPT CONSTRUCT...
2024-05-22 17:13:03 CKPT CONSTRUCT OK.
2024-05-22 17:13:03 template model: <keras.src.engine.functional.Functional object at 0x14f3535eff40>
2024-05-22 17:13:04 COMPILE
2024-05-22 17:13:04 Will save weights to: /dev/shm/Uno/save/9000841.amn-0001/129/4.1.model.h5
2024-05-22 17:13:20 Between random pairs in y_val:
2024-05-22 17:13:20   mse: 0.04783619
2024-05-22 17:13:20   mae: 0.16020892
2024-05-22 17:13:20   r2: -1.00067375
2024-05-22 17:13:20   corr: -0.00033688
2024-05-22 17:13:20 Data points per epoch: train = 469620, val = 117405, test = 684
2024-05-22 17:13:20 Steps per epoch: train = 14675, val = 3668, test = 21
2024-05-22 17:13:20 Epoch 0: lr=0.001
2024-05-22 17:14:33 [Epoch: 0] loss: 0.027712, mae: 0.079629, r2: -0.195520, val_loss: 0.008691, val_mae: 0.068876, val_r2: 0.592376
2024-05-22 17:14:33 Epoch 1: lr=0.00082
2024-05-22 17:15:44 [Epoch: 1] loss: 0.008013, mae: 0.064045, r2: 0.620057, val_loss: 0.007593, val_mae: 0.061691, val_r2: 0.641749
2024-05-22 17:15:44 Epoch 2: lr=0.00064
2024-05-22 17:16:56 [Epoch: 2] loss: 0.007321, mae: 0.060867, r2: 0.652055, val_loss: 0.007229, val_mae: 0.059999, val_r2: 0.657145
2024-05-22 17:16:56 Epoch 3: lr=0.00046
2024-05-22 17:18:07 [Epoch: 3] loss: 0.006827, mae: 0.058630, r2: 0.674847, val_loss: 0.006843, val_mae: 0.058280, val_r2: 0.673326
2024-05-22 17:18:07 Epoch 4: lr=0.00028
2024-05-22 17:19:19 [Epoch: 4] loss: 0.006430, mae: 0.056785, r2: 0.693052, val_loss: 0.006579, val_mae: 0.058432, val_r2: 0.685543
2024-05-22 17:19:19 Epoch 5: lr=0.0001
2024-05-22 17:20:31 [Epoch: 5] loss: 0.006117, mae: 0.055316, r2: 0.707643, val_loss: 0.006375, val_mae: 0.056275, val_r2: 0.696248
2024-05-22 17:20:31 Epoch 6: lr=0.0001
2024-05-22 17:21:43 [Epoch: 6] loss: 0.006000, mae: 0.054791, r2: 0.712963, val_loss: 0.006356, val_mae: 0.055614, val_r2: 0.696126
2024-05-22 17:21:43 Epoch 7: lr=0.0001
2024-05-22 17:22:54 [Epoch: 7] loss: 0.005922, mae: 0.054414, r2: 0.716787, val_loss: 0.006315, val_mae: 0.056144, val_r2: 0.699242
2024-05-22 17:22:54 Epoch 8: lr=0.0001
2024-05-22 17:24:06 [Epoch: 8] loss: 0.005851, mae: 0.054108, r2: 0.719927, val_loss: 0.006270, val_mae: 0.055624, val_r2: 0.701075
2024-05-22 17:24:06 Epoch 9: lr=0.0001
2024-05-22 17:25:17 [Epoch: 9] loss: 0.005788, mae: 0.053790, r2: 0.722998, val_loss: 0.006265, val_mae: 0.055355, val_r2: 0.701566
2024-05-22 17:25:18 Epoch 10: lr=0.0001
2024-05-22 17:26:29 [Epoch: 10] loss: 0.005729, mae: 0.053550, r2: 0.725719, val_loss: 0.006218, val_mae: 0.055805, val_r2: 0.701731
2024-05-22 17:26:29 Epoch 11: lr=0.0001
2024-05-22 17:27:40 [Epoch: 11] loss: 0.005673, mae: 0.053312, r2: 0.728321, val_loss: 0.006192, val_mae: 0.055287, val_r2: 0.703927
2024-05-22 17:27:41 Epoch 12: lr=0.0001
2024-05-22 17:28:52 [Epoch: 12] loss: 0.005608, mae: 0.052998, r2: 0.731306, val_loss: 0.006167, val_mae: 0.055362, val_r2: 0.705757
2024-05-22 17:28:52 Epoch 13: lr=0.0001
2024-05-22 17:30:04 [Epoch: 13] loss: 0.005553, mae: 0.052700, r2: 0.733914, val_loss: 0.006145, val_mae: 0.054794, val_r2: 0.706325
2024-05-22 17:30:04 Epoch 14: lr=0.0001
2024-05-22 17:31:15 [Epoch: 14] loss: 0.005495, mae: 0.052481, r2: 0.736702, val_loss: 0.006129, val_mae: 0.054912, val_r2: 0.706928
2024-05-22 17:31:16 Epoch 15: lr=0.0001
2024-05-22 17:32:27 [Epoch: 15] loss: 0.005456, mae: 0.052276, r2: 0.738437, val_loss: 0.006106, val_mae: 0.055310, val_r2: 0.706689
2024-05-22 17:32:27 Epoch 16: lr=0.0001
2024-05-22 17:33:39 [Epoch: 16] loss: 0.005398, mae: 0.052004, r2: 0.741328, val_loss: 0.006098, val_mae: 0.054720, val_r2: 0.708545
2024-05-22 17:33:39 Epoch 17: lr=0.0001
2024-05-22 17:34:50 [Epoch: 17] loss: 0.005354, mae: 0.051802, r2: 0.743362, val_loss: 0.006087, val_mae: 0.055641, val_r2: 0.708637
2024-05-22 17:34:50 Epoch 18: lr=5e-05
2024-05-22 17:36:02 [Epoch: 18] loss: 0.005235, mae: 0.051236, r2: 0.748772, val_loss: 0.006088, val_mae: 0.054649, val_r2: 0.707676
2024-05-22 17:36:02 Epoch 19: lr=5e-05
2024-05-22 17:37:13 [Epoch: 19] loss: 0.005192, mae: 0.050997, r2: 0.750838, val_loss: 0.006060, val_mae: 0.054404, val_r2: 0.709871
2024-05-22 17:37:13 Epoch 20: lr=5e-05
2024-05-22 17:38:25 [Epoch: 20] loss: 0.005156, mae: 0.050868, r2: 0.752505, val_loss: 0.006043, val_mae: 0.054528, val_r2: 0.709667
2024-05-22 17:38:25 Epoch 21: lr=5e-05
2024-05-22 17:39:36 [Epoch: 21] loss: 0.005142, mae: 0.050770, r2: 0.753431, val_loss: 0.006041, val_mae: 0.054554, val_r2: 0.709623
2024-05-22 17:39:37 Epoch 22: lr=5e-05
2024-05-22 17:40:48 [Epoch: 22] loss: 0.005113, mae: 0.050676, r2: 0.754430, val_loss: 0.006028, val_mae: 0.054883, val_r2: 0.710785
2024-05-22 17:40:49 Epoch 23: lr=5e-05
2024-05-22 17:42:00 [Epoch: 23] loss: 0.005088, mae: 0.050518, r2: 0.755771, val_loss: 0.006040, val_mae: 0.054266, val_r2: 0.710779
2024-05-22 17:42:00 Epoch 24: lr=5e-05
2024-05-22 17:43:12 [Epoch: 24] loss: 0.005059, mae: 0.050381, r2: 0.757033, val_loss: 0.006063, val_mae: 0.054191, val_r2: 0.709170
2024-05-22 17:43:12 Epoch 25: lr=2.5e-05
2024-05-22 17:44:23 [Epoch: 25] loss: 0.004995, mae: 0.050075, r2: 0.759911, val_loss: 0.006016, val_mae: 0.054425, val_r2: 0.710952
2024-05-22 17:44:23 Epoch 26: lr=2.5e-05
2024-05-22 17:45:35 [Epoch: 26] loss: 0.004963, mae: 0.049920, r2: 0.761498, val_loss: 0.006008, val_mae: 0.054224, val_r2: 0.712195
2024-05-22 17:45:35 Epoch 27: lr=2.5e-05
2024-05-22 17:46:47 [Epoch: 27] loss: 0.004962, mae: 0.049942, r2: 0.761704, val_loss: 0.006010, val_mae: 0.054029, val_r2: 0.712599
2024-05-22 17:46:47 Epoch 28: lr=2.5e-05
2024-05-22 17:47:58 [Epoch: 28] loss: 0.004938, mae: 0.049816, r2: 0.762755, val_loss: 0.006028, val_mae: 0.054207, val_r2: 0.711329
2024-05-22 17:47:58 Epoch 29: lr=2.5e-05
2024-05-22 17:49:10 [Epoch: 29] loss: 0.004932, mae: 0.049763, r2: 0.762950, val_loss: 0.006001, val_mae: 0.054318, val_r2: 0.712478
2024-05-22 17:49:10 Epoch 30: lr=1.25e-05
2024-05-22 17:50:22 [Epoch: 30] loss: 0.004894, mae: 0.049622, r2: 0.764715, val_loss: 0.006036, val_mae: 0.054298, val_r2: 0.710485
2024-05-22 17:50:22 Epoch 31: lr=1.25e-05
2024-05-22 17:51:34 [Epoch: 31] loss: 0.004894, mae: 0.049593, r2: 0.764469, val_loss: 0.006027, val_mae: 0.054205, val_r2: 0.711709
2024-05-22 17:51:34 Epoch 32: lr=1.25e-05
2024-05-22 17:52:46 [Epoch: 32] loss: 0.004876, mae: 0.049522, r2: 0.765567, val_loss: 0.006014, val_mae: 0.054182, val_r2: 0.711572
2024-05-22 17:52:46 Epoch 33: lr=1.25e-05
2024-05-22 17:53:58 [Epoch: 33] loss: 0.004868, mae: 0.049474, r2: 0.765782, val_loss: 0.006026, val_mae: 0.054117, val_r2: 0.711243
2024-05-22 17:53:58 Epoch 34: lr=1.25e-05
2024-05-22 17:55:09 [Epoch: 34] loss: 0.004861, mae: 0.049440, r2: 0.766209, val_loss: 0.006042, val_mae: 0.054175, val_r2: 0.710138
2024-05-22 17:55:10 Epoch 35: lr=1e-05
2024-05-22 17:56:21 [Epoch: 35] loss: 0.004861, mae: 0.049418, r2: 0.766180, val_loss: 0.005995, val_mae: 0.054038, val_r2: 0.712817
2024-05-22 17:56:21 Epoch 36: lr=1e-05
2024-05-22 17:57:33 [Epoch: 36] loss: 0.004850, mae: 0.049383, r2: 0.766776, val_loss: 0.006019, val_mae: 0.054144, val_r2: 0.711605
2024-05-22 17:57:33 Epoch 37: lr=1e-05
2024-05-22 17:58:44 [Epoch: 37] loss: 0.004849, mae: 0.049361, r2: 0.766863, val_loss: 0.006003, val_mae: 0.054259, val_r2: 0.712318
2024-05-22 17:58:44 Epoch 38: lr=1e-05
2024-05-22 17:59:56 [Epoch: 38] loss: 0.004837, mae: 0.049309, r2: 0.767299, val_loss: 0.005980, val_mae: 0.054022, val_r2: 0.712708
2024-05-22 17:59:56 Epoch 39: lr=1e-05
2024-05-22 18:01:08 [Epoch: 39] loss: 0.004838, mae: 0.049317, r2: 0.767232, val_loss: 0.005994, val_mae: 0.053966, val_r2: 0.713351
2024-05-22 18:01:08 Epoch 40: lr=1e-05
2024-05-22 18:02:20 [Epoch: 40] loss: 0.004829, mae: 0.049263, r2: 0.767858, val_loss: 0.006010, val_mae: 0.054288, val_r2: 0.711407
2024-05-22 18:02:20 Epoch 41: lr=1e-05
2024-05-22 18:03:32 [Epoch: 41] loss: 0.004822, mae: 0.049256, r2: 0.767922, val_loss: 0.006002, val_mae: 0.054076, val_r2: 0.712638
2024-05-22 18:03:32 Epoch 42: lr=1e-05
2024-05-22 18:04:44 [Epoch: 42] loss: 0.004820, mae: 0.049251, r2: 0.768016, val_loss: 0.006013, val_mae: 0.054092, val_r2: 0.711164
2024-05-22 18:04:44 Epoch 43: lr=1e-05
2024-05-22 18:05:55 [Epoch: 43] loss: 0.004817, mae: 0.049264, r2: 0.768175, val_loss: 0.006025, val_mae: 0.054042, val_r2: 0.711073
2024-05-22 18:05:55 Epoch 44: lr=1e-05
2024-05-22 18:07:07 [Epoch: 44] loss: 0.004817, mae: 0.049214, r2: 0.768362, val_loss: 0.006010, val_mae: 0.054168, val_r2: 0.711387
2024-05-22 18:07:07 Epoch 45: lr=1e-05
2024-05-22 18:08:18 [Epoch: 45] loss: 0.004811, mae: 0.049169, r2: 0.768533, val_loss: 0.005986, val_mae: 0.054095, val_r2: 0.712757
2024-05-22 18:08:18 Epoch 46: lr=1e-05
2024-05-22 18:09:30 [Epoch: 46] loss: 0.004798, mae: 0.049150, r2: 0.769175, val_loss: 0.006019, val_mae: 0.054211, val_r2: 0.711377
2024-05-22 18:09:30 Epoch 47: lr=1e-05
2024-05-22 18:10:41 [Epoch: 47] loss: 0.004787, mae: 0.049084, r2: 0.769573, val_loss: 0.006031, val_mae: 0.054175, val_r2: 0.711063
2024-05-22 18:10:41 Epoch 48: lr=1e-05
2024-05-22 18:11:53 [Epoch: 48] loss: 0.004793, mae: 0.049110, r2: 0.769380, val_loss: 0.006018, val_mae: 0.053922, val_r2: 0.712029
2024-05-22 18:11:53 history_length: 49
2024-05-22 18:11:53 stopping: early
2024-05-22 18:11:53 Comparing y_true and y_pred:
2024-05-22 18:11:53   mse: 0.01561179
2024-05-22 18:11:53   mae: 0.10712296
2024-05-22 18:11:53   r2: -1.05342572
2024-05-22 18:11:53   corr: 0.34868587
