2024-05-09 11:42:31 UNO RUN ...
2024-05-09 11:42:31 Params: {'model_name': 'uno', 'train_sources': ['CCLE'], 'test_sources': ['train'], 'cell_types': None, 'cell_features': ['rnaseq'], 'drug_features': ['descriptors'], 'dense': [1000, 1000, 1000, 1000, 1000], 'dense_feature_layers': [1000, 1000, 1000], 'activation': 'relu', 'loss': 'mse', 'optimizer': 'adamax', 'scaling': 'std', 'dropout': 0.1, 'epochs': 30, 'batch_size': 32, 'val_split': 0.2, 'cv': 1, 'max_val_loss': 1.0, 'learning_rate': 0.0001, 'base_lr': None, 'agg_dose': 'AUC', 'residual': False, 'reduce_lr': True, 'warmup_lr': True, 'batch_normalization': False, 'feature_subsample': 0, 'rng_seed': 2018, 'no_gen': False, 'verbose': False, 'preprocess_rnaseq': 'source_scale', 'gpus': [0], 'use_landmark_genes': True, 'no_feature_source': True, 'no_response_source': True, 'save_path': '/dev/shm/Uno/save/8996461.amn-0001/13', 'single': True, 'on_memory_loader': True, 'ckpt_checksum': True, 'ckpt_save_interval': 0, 'timeout': -1, 'train_bool': True, 'profiling': False, 'experiment_id': '8996461.amn-0001', 'run_id': '13', 'logfile': '/dev/shm/Uno/save/8996461.amn-0001/13/python.log', 'shuffle': False, 'ckpt_restart_mode': 'off', 'ckpt_skip_epochs': 0, 'ckpt_directory': '/dev/shm/Uno/save/8996461.amn-0001/13', 'ckpt_save_best': True, 'ckpt_save_best_metric': 'val_loss', 'ckpt_save_weights_only': False, 'ckpt_keep_mode': 'linear', 'ckpt_keep_limit': 5, 'by_cell': None, 'by_drug': None, 'cell_subset_path': '', 'drug_subset_path': '', 'drug_median_response_min': -1, 'drug_median_response_max': 1, 'dense_cell_feature_layers': None, 'dense_drug_feature_layers': None, 'use_filtered_genes': False, 'feature_subset_path': '', 'cell_feature_subset_path': '', 'drug_feature_subset_path': '', 'es': True, 'cp': False, 'tb': False, 'tb_prefix': 'tb', 'partition_by': None, 'cache': None, 'export_csv': None, 'export_data': None, 'use_exported_data': '/dev/shm/Uno/x1921c0s4b0n0.13.merged.landmark.h5', 'growth_bins': 0, 'initial_weights': None, 'save_weights': '/dev/shm/Uno/save/8996461.amn-0001/13/0.1.model.h5', 'config_file': '/home/brettin/CSC249ADOA01_CNDA/brettin/Benchmarks/Pilot1/Uno/uno_auc_model.txt', 'data_type': <class 'numpy.float32'>, 'data_dir': '/dev/shm/Uno/uno/Data', 'output_dir': '/dev/shm/Uno/uno/Output/8996461.amn-0001/13'}
2024-05-09 11:42:31 Feature encoding submodel for cell.rnaseq:
2024-05-09 11:42:31 Model: "cell.rnaseq"
2024-05-09 11:42:31 _________________________________________________________________
2024-05-09 11:42:31  Layer (type)                Output Shape              Param #   
2024-05-09 11:42:31 =================================================================
2024-05-09 11:42:31  input_1 (InputLayer)        [(None, 958)]             0         
2024-05-09 11:42:31                                                                  
2024-05-09 11:42:31  dense (Dense)               (None, 1000)              959000    
2024-05-09 11:42:31                                                                  
2024-05-09 11:42:31  permanent_dropout (Permane  (None, 1000)              0         
2024-05-09 11:42:31  ntDropout)                                                      
2024-05-09 11:42:31                                                                  
2024-05-09 11:42:31  dense_1 (Dense)             (None, 1000)              1001000   
2024-05-09 11:42:31                                                                  
2024-05-09 11:42:31  permanent_dropout_1 (Perma  (None, 1000)              0         
2024-05-09 11:42:31  nentDropout)                                                    
2024-05-09 11:42:31                                                                  
2024-05-09 11:42:31  dense_2 (Dense)             (None, 1000)              1001000   
2024-05-09 11:42:31                                                                  
2024-05-09 11:42:31  permanent_dropout_2 (Perma  (None, 1000)              0         
2024-05-09 11:42:31  nentDropout)                                                    
2024-05-09 11:42:31                                                                  
2024-05-09 11:42:31 =================================================================
2024-05-09 11:42:31 Total params: 2961000 (11.30 MB)
2024-05-09 11:42:31 Trainable params: 2961000 (11.30 MB)
2024-05-09 11:42:31 Non-trainable params: 0 (0.00 Byte)
2024-05-09 11:42:31 _________________________________________________________________
2024-05-09 11:42:31 Feature encoding submodel for drug.descriptors:
2024-05-09 11:42:31 Model: "drug.descriptors"
2024-05-09 11:42:31 _________________________________________________________________
2024-05-09 11:42:31  Layer (type)                Output Shape              Param #   
2024-05-09 11:42:31 =================================================================
2024-05-09 11:42:31  input_2 (InputLayer)        [(None, 1613)]            0         
2024-05-09 11:42:31                                                                  
2024-05-09 11:42:31  dense_3 (Dense)             (None, 1000)              1614000   
2024-05-09 11:42:31                                                                  
2024-05-09 11:42:31  permanent_dropout_3 (Perma  (None, 1000)              0         
2024-05-09 11:42:31  nentDropout)                                                    
2024-05-09 11:42:31                                                                  
2024-05-09 11:42:31  dense_4 (Dense)             (None, 1000)              1001000   
2024-05-09 11:42:31                                                                  
2024-05-09 11:42:31  permanent_dropout_4 (Perma  (None, 1000)              0         
2024-05-09 11:42:31  nentDropout)                                                    
2024-05-09 11:42:31                                                                  
2024-05-09 11:42:31  dense_5 (Dense)             (None, 1000)              1001000   
2024-05-09 11:42:31                                                                  
2024-05-09 11:42:31  permanent_dropout_5 (Perma  (None, 1000)              0         
2024-05-09 11:42:31  nentDropout)                                                    
2024-05-09 11:42:31                                                                  
2024-05-09 11:42:31 =================================================================
2024-05-09 11:42:31 Total params: 3616000 (13.79 MB)
2024-05-09 11:42:31 Trainable params: 3616000 (13.79 MB)
2024-05-09 11:42:31 Non-trainable params: 0 (0.00 Byte)
2024-05-09 11:42:31 _________________________________________________________________
2024-05-09 11:42:31 Combined model:
2024-05-09 11:42:31 Model: "model"
2024-05-09 11:42:31 __________________________________________________________________________________________________
2024-05-09 11:42:31  Layer (type)                Output Shape                 Param #   Connected to                  
2024-05-09 11:42:31 ==================================================================================================
2024-05-09 11:42:31  input.cell.rnaseq (InputLa  [(None, 958)]                0         []                            
2024-05-09 11:42:31  yer)                                                                                             
2024-05-09 11:42:31                                                                                                   
2024-05-09 11:42:31  input.drug1.descriptors (I  [(None, 1613)]               0         []                            
2024-05-09 11:42:31  nputLayer)                                                                                       
2024-05-09 11:42:31                                                                                                   
2024-05-09 11:42:31  cell.rnaseq (Functional)    (None, 1000)                 2961000   ['input.cell.rnaseq[0][0]']   
2024-05-09 11:42:31                                                                                                   
2024-05-09 11:42:31  drug.descriptors (Function  (None, 1000)                 3616000   ['input.drug1.descriptors[0][0
2024-05-09 11:42:31  al)                                                                ]']                           
2024-05-09 11:42:31                                                                                                   
2024-05-09 11:42:31  concatenate (Concatenate)   (None, 2000)                 0         ['cell.rnaseq[0][0]',         
2024-05-09 11:42:31                                                                      'drug.descriptors[0][0]']    
2024-05-09 11:42:31                                                                                                   
2024-05-09 11:42:31  dense_6 (Dense)             (None, 1000)                 2001000   ['concatenate[0][0]']         
2024-05-09 11:42:31                                                                                                   
2024-05-09 11:42:31  permanent_dropout_6 (Perma  (None, 1000)                 0         ['dense_6[0][0]']             
2024-05-09 11:42:31  nentDropout)                                                                                     
2024-05-09 11:42:31                                                                                                   
2024-05-09 11:42:31  dense_7 (Dense)             (None, 1000)                 1001000   ['permanent_dropout_6[0][0]'] 
2024-05-09 11:42:31                                                                                                   
2024-05-09 11:42:31  permanent_dropout_7 (Perma  (None, 1000)                 0         ['dense_7[0][0]']             
2024-05-09 11:42:31  nentDropout)                                                                                     
2024-05-09 11:42:31                                                                                                   
2024-05-09 11:42:31  dense_8 (Dense)             (None, 1000)                 1001000   ['permanent_dropout_7[0][0]'] 
2024-05-09 11:42:31                                                                                                   
2024-05-09 11:42:31  permanent_dropout_8 (Perma  (None, 1000)                 0         ['dense_8[0][0]']             
2024-05-09 11:42:31  nentDropout)                                                                                     
2024-05-09 11:42:31                                                                                                   
2024-05-09 11:42:31  dense_9 (Dense)             (None, 1000)                 1001000   ['permanent_dropout_8[0][0]'] 
2024-05-09 11:42:31                                                                                                   
2024-05-09 11:42:31  permanent_dropout_9 (Perma  (None, 1000)                 0         ['dense_9[0][0]']             
2024-05-09 11:42:31  nentDropout)                                                                                     
2024-05-09 11:42:31                                                                                                   
2024-05-09 11:42:31  dense_10 (Dense)            (None, 1000)                 1001000   ['permanent_dropout_9[0][0]'] 
2024-05-09 11:42:31                                                                                                   
2024-05-09 11:42:31  permanent_dropout_10 (Perm  (None, 1000)                 0         ['dense_10[0][0]']            
2024-05-09 11:42:31  anentDropout)                                                                                    
2024-05-09 11:42:31                                                                                                   
2024-05-09 11:42:31  dense_11 (Dense)            (None, 1)                    1001      ['permanent_dropout_10[0][0]']
2024-05-09 11:42:31                                                                                                   
2024-05-09 11:42:31 ==================================================================================================
2024-05-09 11:42:31 Total params: 12583001 (48.00 MB)
2024-05-09 11:42:31 Trainable params: 12583001 (48.00 MB)
2024-05-09 11:42:31 Non-trainable params: 0 (0.00 Byte)
2024-05-09 11:42:31 __________________________________________________________________________________________________
2024-05-09 11:42:31 CKPT CONSTRUCT...
2024-05-09 11:42:31 CKPT CONSTRUCT OK.
2024-05-09 11:42:31 template model: <keras.src.engine.functional.Functional object at 0x150c22b8bac0>
2024-05-09 11:42:33 COMPILE
2024-05-09 11:42:33 Will save weights to: /dev/shm/Uno/save/8996461.amn-0001/13/0.1.model.h5
2024-05-09 11:42:48 Between random pairs in y_val:
2024-05-09 11:42:48   mse: 0.04741196
2024-05-09 11:42:48   mae: 0.15937418
2024-05-09 11:42:48   r2: -0.99202680
2024-05-09 11:42:48   corr: 0.00398660
2024-05-09 11:42:48 Data points per epoch: train = 470167, val = 117542, test = 2709
2024-05-09 11:42:48 Steps per epoch: train = 14692, val = 3673, test = 84
2024-05-09 11:42:49 Epoch 0: lr=0.001
2024-05-09 11:44:00 [Epoch: 0] loss: 0.025511, mae: 0.079725, r2: -0.277855, val_loss: 0.009021, val_mae: 0.070062, val_r2: 0.565058
2024-05-09 11:44:00 Epoch 1: lr=0.00082
2024-05-09 11:45:10 [Epoch: 1] loss: 0.008000, mae: 0.064001, r2: 0.621275, val_loss: 0.007697, val_mae: 0.062557, val_r2: 0.630452
2024-05-09 11:45:10 Epoch 2: lr=0.00064
2024-05-09 11:46:20 [Epoch: 2] loss: 0.007325, mae: 0.060842, r2: 0.652725, val_loss: 0.007285, val_mae: 0.062213, val_r2: 0.652191
2024-05-09 11:46:20 Epoch 3: lr=0.00046
2024-05-09 11:47:30 [Epoch: 3] loss: 0.006856, mae: 0.058731, r2: 0.674092, val_loss: 0.006839, val_mae: 0.058798, val_r2: 0.675448
2024-05-09 11:47:30 Epoch 4: lr=0.00028
2024-05-09 11:48:40 [Epoch: 4] loss: 0.006447, mae: 0.056869, r2: 0.692729, val_loss: 0.006661, val_mae: 0.057149, val_r2: 0.684242
2024-05-09 11:48:40 Epoch 5: lr=0.0001
2024-05-09 11:49:51 [Epoch: 5] loss: 0.006109, mae: 0.055244, r2: 0.708203, val_loss: 0.006384, val_mae: 0.056544, val_r2: 0.693377
2024-05-09 11:49:51 Epoch 6: lr=0.0001
2024-05-09 11:51:01 [Epoch: 6] loss: 0.006002, mae: 0.054768, r2: 0.713227, val_loss: 0.006349, val_mae: 0.055750, val_r2: 0.695276
2024-05-09 11:51:01 Epoch 7: lr=0.0001
2024-05-09 11:52:11 [Epoch: 7] loss: 0.005914, mae: 0.054391, r2: 0.717274, val_loss: 0.006367, val_mae: 0.056169, val_r2: 0.692114
2024-05-09 11:52:11 Epoch 8: lr=0.0001
2024-05-09 11:53:21 [Epoch: 8] loss: 0.005847, mae: 0.054068, r2: 0.720435, val_loss: 0.006258, val_mae: 0.055381, val_r2: 0.699075
2024-05-09 11:53:21 Epoch 9: lr=0.0001
2024-05-09 11:54:31 [Epoch: 9] loss: 0.005775, mae: 0.053762, r2: 0.723881, val_loss: 0.006220, val_mae: 0.055372, val_r2: 0.701388
2024-05-09 11:54:31 Epoch 10: lr=0.0001
2024-05-09 11:55:41 [Epoch: 10] loss: 0.005715, mae: 0.053547, r2: 0.726698, val_loss: 0.006218, val_mae: 0.055263, val_r2: 0.700996
2024-05-09 11:55:41 Epoch 11: lr=0.0001
2024-05-09 11:56:51 [Epoch: 11] loss: 0.005651, mae: 0.053233, r2: 0.729166, val_loss: 0.006218, val_mae: 0.055221, val_r2: 0.701007
2024-05-09 11:56:51 Epoch 12: lr=0.0001
2024-05-09 11:58:01 [Epoch: 12] loss: 0.005593, mae: 0.052945, r2: 0.732028, val_loss: 0.006221, val_mae: 0.055802, val_r2: 0.699730
2024-05-09 11:58:01 Epoch 13: lr=0.0001
2024-05-09 11:59:11 [Epoch: 13] loss: 0.005546, mae: 0.052720, r2: 0.734167, val_loss: 0.006203, val_mae: 0.055252, val_r2: 0.701382
2024-05-09 11:59:11 Epoch 14: lr=5e-05
2024-05-09 12:00:21 [Epoch: 14] loss: 0.005410, mae: 0.052106, r2: 0.740637, val_loss: 0.006140, val_mae: 0.054593, val_r2: 0.705400
2024-05-09 12:00:21 Epoch 15: lr=5e-05
2024-05-09 12:01:31 [Epoch: 15] loss: 0.005377, mae: 0.051923, r2: 0.742329, val_loss: 0.006120, val_mae: 0.055032, val_r2: 0.705526
2024-05-09 12:01:31 Epoch 16: lr=5e-05
2024-05-09 12:02:41 [Epoch: 16] loss: 0.005348, mae: 0.051805, r2: 0.743442, val_loss: 0.006125, val_mae: 0.054897, val_r2: 0.705078
2024-05-09 12:02:41 Epoch 17: lr=5e-05
2024-05-09 12:03:51 [Epoch: 17] loss: 0.005319, mae: 0.051678, r2: 0.744710, val_loss: 0.006122, val_mae: 0.054711, val_r2: 0.705347
2024-05-09 12:03:51 Epoch 18: lr=5e-05
2024-05-09 12:05:01 [Epoch: 18] loss: 0.005280, mae: 0.051478, r2: 0.746760, val_loss: 0.006106, val_mae: 0.054904, val_r2: 0.705838
2024-05-09 12:05:01 Epoch 19: lr=5e-05
2024-05-09 12:06:11 [Epoch: 19] loss: 0.005248, mae: 0.051378, r2: 0.748004, val_loss: 0.006102, val_mae: 0.054408, val_r2: 0.706216
2024-05-09 12:06:11 Epoch 20: lr=2.5e-05
2024-05-09 12:07:21 [Epoch: 20] loss: 0.005199, mae: 0.051113, r2: 0.750406, val_loss: 0.006077, val_mae: 0.054693, val_r2: 0.707300
2024-05-09 12:07:21 Epoch 21: lr=2.5e-05
2024-05-09 12:08:31 [Epoch: 21] loss: 0.005172, mae: 0.050997, r2: 0.751653, val_loss: 0.006084, val_mae: 0.054589, val_r2: 0.706841
2024-05-09 12:08:31 Epoch 22: lr=2.5e-05
2024-05-09 12:09:41 [Epoch: 22] loss: 0.005153, mae: 0.050892, r2: 0.752506, val_loss: 0.006085, val_mae: 0.054713, val_r2: 0.706936
2024-05-09 12:09:42 Epoch 23: lr=2.5e-05
2024-05-09 12:10:52 [Epoch: 23] loss: 0.005134, mae: 0.050839, r2: 0.753362, val_loss: 0.006115, val_mae: 0.054529, val_r2: 0.705861
2024-05-09 12:10:52 Epoch 24: lr=2.5e-05
2024-05-09 12:12:02 [Epoch: 24] loss: 0.005129, mae: 0.050771, r2: 0.753722, val_loss: 0.006086, val_mae: 0.054418, val_r2: 0.707522
2024-05-09 12:12:02 Epoch 25: lr=1.25e-05
2024-05-09 12:13:12 [Epoch: 25] loss: 0.005099, mae: 0.050644, r2: 0.755213, val_loss: 0.006112, val_mae: 0.054489, val_r2: 0.706435
2024-05-09 12:13:12 Epoch 26: lr=1.25e-05
2024-05-09 12:14:22 [Epoch: 26] loss: 0.005087, mae: 0.050607, r2: 0.755574, val_loss: 0.006081, val_mae: 0.054517, val_r2: 0.707283
2024-05-09 12:14:22 Epoch 27: lr=1.25e-05
2024-05-09 12:15:32 [Epoch: 27] loss: 0.005080, mae: 0.050566, r2: 0.755722, val_loss: 0.006090, val_mae: 0.054497, val_r2: 0.706707
2024-05-09 12:15:32 Epoch 28: lr=1.25e-05
2024-05-09 12:16:42 [Epoch: 28] loss: 0.005071, mae: 0.050525, r2: 0.756436, val_loss: 0.006120, val_mae: 0.054621, val_r2: 0.705253
2024-05-09 12:16:42 Epoch 29: lr=1.25e-05
2024-05-09 12:17:52 [Epoch: 29] loss: 0.005057, mae: 0.050429, r2: 0.756969, val_loss: 0.006068, val_mae: 0.054736, val_r2: 0.708356
2024-05-09 12:17:53 history_length: 30
2024-05-09 12:17:53 stopping: complete
2024-05-09 12:17:53 Comparing y_true and y_pred:
2024-05-09 12:17:53   mse: 0.00844686
2024-05-09 12:17:53   mae: 0.06952523
2024-05-09 12:17:53   r2: 0.54992517
2024-05-09 12:17:53   corr: 0.74267885
