2024-05-22 19:47:05 UNO RUN ...
2024-05-22 19:47:05 Params: {'model_name': 'uno', 'train_sources': ['CCLE'], 'test_sources': ['train'], 'cell_types': None, 'cell_features': ['rnaseq'], 'drug_features': ['descriptors'], 'dense': [1000, 1000, 1000, 1000, 1000], 'dense_feature_layers': [1000, 1000, 1000], 'activation': 'relu', 'loss': 'mse', 'optimizer': 'adamax', 'scaling': 'std', 'dropout': 0.1, 'epochs': 50, 'batch_size': 32, 'val_split': 0.2, 'cv': 1, 'max_val_loss': 1.0, 'learning_rate': 0.0001, 'base_lr': None, 'agg_dose': 'AUC', 'residual': False, 'reduce_lr': True, 'warmup_lr': True, 'batch_normalization': False, 'feature_subsample': 0, 'rng_seed': 2018, 'no_gen': False, 'verbose': False, 'preprocess_rnaseq': 'source_scale', 'gpus': [0], 'use_landmark_genes': True, 'no_feature_source': True, 'no_response_source': True, 'save_path': '/dev/shm/Uno/save/9000896.amn-0001/45', 'single': True, 'on_memory_loader': True, 'ckpt_checksum': True, 'ckpt_save_interval': 0, 'timeout': -1, 'train_bool': True, 'profiling': False, 'experiment_id': '9000896.amn-0001', 'run_id': '45', 'logfile': '/dev/shm/Uno/save/9000896.amn-0001/45/python.log', 'shuffle': False, 'ckpt_restart_mode': 'off', 'ckpt_skip_epochs': 0, 'ckpt_directory': '/dev/shm/Uno/save/9000896.amn-0001/45', 'ckpt_save_best': True, 'ckpt_save_best_metric': 'val_loss', 'ckpt_save_weights_only': False, 'ckpt_keep_mode': 'linear', 'ckpt_keep_limit': 5, 'by_cell': None, 'by_drug': None, 'cell_subset_path': '', 'drug_subset_path': '', 'drug_median_response_min': -1, 'drug_median_response_max': 1, 'dense_cell_feature_layers': None, 'dense_drug_feature_layers': None, 'use_filtered_genes': False, 'feature_subset_path': '', 'cell_feature_subset_path': '', 'drug_feature_subset_path': '', 'es': True, 'cp': False, 'tb': False, 'tb_prefix': 'tb', 'partition_by': None, 'cache': None, 'export_csv': None, 'export_data': None, 'use_exported_data': '/dev/shm/Uno/x1922c6s2b0n0.45.merged.landmark.h5', 'growth_bins': 0, 'initial_weights': None, 'save_weights': '/dev/shm/Uno/save/9000896.amn-0001/45/4.1.model.h5', 'config_file': '/home/brettin/CSC249ADOA01_CNDA/brettin/Benchmarks/Pilot1/Uno/uno_auc_model.txt', 'data_type': <class 'numpy.float32'>, 'data_dir': '/dev/shm/Uno/uno/Data', 'output_dir': '/dev/shm/Uno/uno/Output/9000896.amn-0001/45'}
2024-05-22 19:47:05 Feature encoding submodel for cell.rnaseq:
2024-05-22 19:47:05 Model: "cell.rnaseq"
2024-05-22 19:47:05 _________________________________________________________________
2024-05-22 19:47:05  Layer (type)                Output Shape              Param #   
2024-05-22 19:47:05 =================================================================
2024-05-22 19:47:05  input_1 (InputLayer)        [(None, 958)]             0         
2024-05-22 19:47:05                                                                  
2024-05-22 19:47:05  dense (Dense)               (None, 1000)              959000    
2024-05-22 19:47:05                                                                  
2024-05-22 19:47:05  permanent_dropout (Permane  (None, 1000)              0         
2024-05-22 19:47:05  ntDropout)                                                      
2024-05-22 19:47:05                                                                  
2024-05-22 19:47:05  dense_1 (Dense)             (None, 1000)              1001000   
2024-05-22 19:47:05                                                                  
2024-05-22 19:47:05  permanent_dropout_1 (Perma  (None, 1000)              0         
2024-05-22 19:47:05  nentDropout)                                                    
2024-05-22 19:47:05                                                                  
2024-05-22 19:47:05  dense_2 (Dense)             (None, 1000)              1001000   
2024-05-22 19:47:05                                                                  
2024-05-22 19:47:05  permanent_dropout_2 (Perma  (None, 1000)              0         
2024-05-22 19:47:05  nentDropout)                                                    
2024-05-22 19:47:05                                                                  
2024-05-22 19:47:05 =================================================================
2024-05-22 19:47:05 Total params: 2961000 (11.30 MB)
2024-05-22 19:47:05 Trainable params: 2961000 (11.30 MB)
2024-05-22 19:47:05 Non-trainable params: 0 (0.00 Byte)
2024-05-22 19:47:05 _________________________________________________________________
2024-05-22 19:47:05 Feature encoding submodel for drug.descriptors:
2024-05-22 19:47:05 Model: "drug.descriptors"
2024-05-22 19:47:05 _________________________________________________________________
2024-05-22 19:47:05  Layer (type)                Output Shape              Param #   
2024-05-22 19:47:05 =================================================================
2024-05-22 19:47:05  input_2 (InputLayer)        [(None, 1613)]            0         
2024-05-22 19:47:05                                                                  
2024-05-22 19:47:05  dense_3 (Dense)             (None, 1000)              1614000   
2024-05-22 19:47:05                                                                  
2024-05-22 19:47:05  permanent_dropout_3 (Perma  (None, 1000)              0         
2024-05-22 19:47:05  nentDropout)                                                    
2024-05-22 19:47:05                                                                  
2024-05-22 19:47:05  dense_4 (Dense)             (None, 1000)              1001000   
2024-05-22 19:47:05                                                                  
2024-05-22 19:47:05  permanent_dropout_4 (Perma  (None, 1000)              0         
2024-05-22 19:47:05  nentDropout)                                                    
2024-05-22 19:47:05                                                                  
2024-05-22 19:47:05  dense_5 (Dense)             (None, 1000)              1001000   
2024-05-22 19:47:05                                                                  
2024-05-22 19:47:05  permanent_dropout_5 (Perma  (None, 1000)              0         
2024-05-22 19:47:05  nentDropout)                                                    
2024-05-22 19:47:05                                                                  
2024-05-22 19:47:05 =================================================================
2024-05-22 19:47:05 Total params: 3616000 (13.79 MB)
2024-05-22 19:47:05 Trainable params: 3616000 (13.79 MB)
2024-05-22 19:47:05 Non-trainable params: 0 (0.00 Byte)
2024-05-22 19:47:05 _________________________________________________________________
2024-05-22 19:47:05 Combined model:
2024-05-22 19:47:05 Model: "model"
2024-05-22 19:47:05 __________________________________________________________________________________________________
2024-05-22 19:47:05  Layer (type)                Output Shape                 Param #   Connected to                  
2024-05-22 19:47:05 ==================================================================================================
2024-05-22 19:47:05  input.cell.rnaseq (InputLa  [(None, 958)]                0         []                            
2024-05-22 19:47:05  yer)                                                                                             
2024-05-22 19:47:05                                                                                                   
2024-05-22 19:47:05  input.drug1.descriptors (I  [(None, 1613)]               0         []                            
2024-05-22 19:47:05  nputLayer)                                                                                       
2024-05-22 19:47:05                                                                                                   
2024-05-22 19:47:05  cell.rnaseq (Functional)    (None, 1000)                 2961000   ['input.cell.rnaseq[0][0]']   
2024-05-22 19:47:05                                                                                                   
2024-05-22 19:47:05  drug.descriptors (Function  (None, 1000)                 3616000   ['input.drug1.descriptors[0][0
2024-05-22 19:47:05  al)                                                                ]']                           
2024-05-22 19:47:05                                                                                                   
2024-05-22 19:47:05  concatenate (Concatenate)   (None, 2000)                 0         ['cell.rnaseq[0][0]',         
2024-05-22 19:47:05                                                                      'drug.descriptors[0][0]']    
2024-05-22 19:47:05                                                                                                   
2024-05-22 19:47:05  dense_6 (Dense)             (None, 1000)                 2001000   ['concatenate[0][0]']         
2024-05-22 19:47:05                                                                                                   
2024-05-22 19:47:05  permanent_dropout_6 (Perma  (None, 1000)                 0         ['dense_6[0][0]']             
2024-05-22 19:47:05  nentDropout)                                                                                     
2024-05-22 19:47:05                                                                                                   
2024-05-22 19:47:05  dense_7 (Dense)             (None, 1000)                 1001000   ['permanent_dropout_6[0][0]'] 
2024-05-22 19:47:05                                                                                                   
2024-05-22 19:47:05  permanent_dropout_7 (Perma  (None, 1000)                 0         ['dense_7[0][0]']             
2024-05-22 19:47:05  nentDropout)                                                                                     
2024-05-22 19:47:05                                                                                                   
2024-05-22 19:47:05  dense_8 (Dense)             (None, 1000)                 1001000   ['permanent_dropout_7[0][0]'] 
2024-05-22 19:47:05                                                                                                   
2024-05-22 19:47:05  permanent_dropout_8 (Perma  (None, 1000)                 0         ['dense_8[0][0]']             
2024-05-22 19:47:05  nentDropout)                                                                                     
2024-05-22 19:47:05                                                                                                   
2024-05-22 19:47:05  dense_9 (Dense)             (None, 1000)                 1001000   ['permanent_dropout_8[0][0]'] 
2024-05-22 19:47:05                                                                                                   
2024-05-22 19:47:05  permanent_dropout_9 (Perma  (None, 1000)                 0         ['dense_9[0][0]']             
2024-05-22 19:47:05  nentDropout)                                                                                     
2024-05-22 19:47:05                                                                                                   
2024-05-22 19:47:05  dense_10 (Dense)            (None, 1000)                 1001000   ['permanent_dropout_9[0][0]'] 
2024-05-22 19:47:05                                                                                                   
2024-05-22 19:47:05  permanent_dropout_10 (Perm  (None, 1000)                 0         ['dense_10[0][0]']            
2024-05-22 19:47:05  anentDropout)                                                                                    
2024-05-22 19:47:05                                                                                                   
2024-05-22 19:47:05  dense_11 (Dense)            (None, 1)                    1001      ['permanent_dropout_10[0][0]']
2024-05-22 19:47:05                                                                                                   
2024-05-22 19:47:05 ==================================================================================================
2024-05-22 19:47:05 Total params: 12583001 (48.00 MB)
2024-05-22 19:47:05 Trainable params: 12583001 (48.00 MB)
2024-05-22 19:47:05 Non-trainable params: 0 (0.00 Byte)
2024-05-22 19:47:05 __________________________________________________________________________________________________
2024-05-22 19:47:05 CKPT CONSTRUCT...
2024-05-22 19:47:05 CKPT CONSTRUCT OK.
2024-05-22 19:47:05 template model: <keras.src.engine.functional.Functional object at 0x1530137f1c10>
2024-05-22 19:47:07 COMPILE
2024-05-22 19:47:07 Will save weights to: /dev/shm/Uno/save/9000896.amn-0001/45/4.1.model.h5
2024-05-22 19:47:23 Between random pairs in y_val:
2024-05-22 19:47:23   mse: 0.04781501
2024-05-22 19:47:23   mae: 0.16054116
2024-05-22 19:47:23   r2: -0.99474973
2024-05-22 19:47:23   corr: 0.00262514
2024-05-22 19:47:23 Data points per epoch: train = 469658, val = 117415, test = 636
2024-05-22 19:47:23 Steps per epoch: train = 14676, val = 3669, test = 19
2024-05-22 19:47:23 Epoch 0: lr=0.001
2024-05-22 19:48:37 [Epoch: 0] loss: 0.023799, mae: 0.079087, r2: -0.369209, val_loss: 0.008696, val_mae: 0.066700, val_r2: 0.600181
2024-05-22 19:48:37 Epoch 1: lr=0.00082
2024-05-22 19:49:49 [Epoch: 1] loss: 0.007999, mae: 0.063978, r2: 0.620493, val_loss: 0.007845, val_mae: 0.063386, val_r2: 0.626027
2024-05-22 19:49:49 Epoch 2: lr=0.00064
2024-05-22 19:51:01 [Epoch: 2] loss: 0.007327, mae: 0.060855, r2: 0.651389, val_loss: 0.007199, val_mae: 0.059625, val_r2: 0.662198
2024-05-22 19:51:01 Epoch 3: lr=0.00046
2024-05-22 19:52:14 [Epoch: 3] loss: 0.006847, mae: 0.058701, r2: 0.673264, val_loss: 0.006931, val_mae: 0.058669, val_r2: 0.672536
2024-05-22 19:52:14 Epoch 4: lr=0.00028
2024-05-22 19:53:26 [Epoch: 4] loss: 0.006448, mae: 0.056850, r2: 0.691367, val_loss: 0.006549, val_mae: 0.057625, val_r2: 0.691208
2024-05-22 19:53:26 Epoch 5: lr=0.0001
2024-05-22 19:54:39 [Epoch: 5] loss: 0.006133, mae: 0.055349, r2: 0.706152, val_loss: 0.006374, val_mae: 0.056465, val_r2: 0.698861
2024-05-22 19:54:39 Epoch 6: lr=0.0001
2024-05-22 19:55:51 [Epoch: 6] loss: 0.006019, mae: 0.054858, r2: 0.711111, val_loss: 0.006372, val_mae: 0.056095, val_r2: 0.698344
2024-05-22 19:55:51 Epoch 7: lr=0.0001
2024-05-22 19:57:03 [Epoch: 7] loss: 0.005939, mae: 0.054468, r2: 0.715042, val_loss: 0.006320, val_mae: 0.056039, val_r2: 0.699837
2024-05-22 19:57:04 Epoch 8: lr=0.0001
2024-05-22 19:58:16 [Epoch: 8] loss: 0.005874, mae: 0.054169, r2: 0.718102, val_loss: 0.006278, val_mae: 0.055913, val_r2: 0.702510
2024-05-22 19:58:16 Epoch 9: lr=0.0001
2024-05-22 19:59:29 [Epoch: 9] loss: 0.005805, mae: 0.053884, r2: 0.721382, val_loss: 0.006286, val_mae: 0.055417, val_r2: 0.702295
2024-05-22 19:59:29 Epoch 10: lr=0.0001
2024-05-22 20:00:40 [Epoch: 10] loss: 0.005742, mae: 0.053595, r2: 0.724252, val_loss: 0.006274, val_mae: 0.055338, val_r2: 0.701984
2024-05-22 20:00:40 Epoch 11: lr=5e-05
2024-05-22 20:01:53 [Epoch: 11] loss: 0.005614, mae: 0.053010, r2: 0.730090, val_loss: 0.006210, val_mae: 0.055397, val_r2: 0.705475
2024-05-22 20:01:53 Epoch 12: lr=5e-05
2024-05-22 20:03:06 [Epoch: 12] loss: 0.005578, mae: 0.052796, r2: 0.731997, val_loss: 0.006181, val_mae: 0.055333, val_r2: 0.707547
2024-05-22 20:03:06 Epoch 13: lr=5e-05
2024-05-22 20:04:18 [Epoch: 13] loss: 0.005546, mae: 0.052667, r2: 0.733418, val_loss: 0.006173, val_mae: 0.055540, val_r2: 0.707327
2024-05-22 20:04:18 Epoch 14: lr=5e-05
2024-05-22 20:05:31 [Epoch: 14] loss: 0.005499, mae: 0.052468, r2: 0.735588, val_loss: 0.006168, val_mae: 0.055315, val_r2: 0.707909
2024-05-22 20:05:31 Epoch 15: lr=5e-05
2024-05-22 20:06:42 [Epoch: 15] loss: 0.005465, mae: 0.052345, r2: 0.737144, val_loss: 0.006147, val_mae: 0.055154, val_r2: 0.709188
2024-05-22 20:06:43 Epoch 16: lr=5e-05
2024-05-22 20:07:55 [Epoch: 16] loss: 0.005446, mae: 0.052245, r2: 0.738005, val_loss: 0.006165, val_mae: 0.054865, val_r2: 0.707742
2024-05-22 20:07:55 Epoch 17: lr=2.5e-05
2024-05-22 20:09:08 [Epoch: 17] loss: 0.005379, mae: 0.051935, r2: 0.741088, val_loss: 0.006133, val_mae: 0.054959, val_r2: 0.709280
2024-05-22 20:09:08 Epoch 18: lr=2.5e-05
2024-05-22 20:10:20 [Epoch: 18] loss: 0.005354, mae: 0.051790, r2: 0.742082, val_loss: 0.006156, val_mae: 0.055246, val_r2: 0.708659
2024-05-22 20:10:20 Epoch 19: lr=2.5e-05
2024-05-22 20:11:32 [Epoch: 19] loss: 0.005336, mae: 0.051747, r2: 0.743020, val_loss: 0.006116, val_mae: 0.054994, val_r2: 0.710023
2024-05-22 20:11:32 Epoch 20: lr=2.5e-05
2024-05-22 20:12:45 [Epoch: 20] loss: 0.005323, mae: 0.051687, r2: 0.743712, val_loss: 0.006148, val_mae: 0.055001, val_r2: 0.708407
2024-05-22 20:12:45 Epoch 21: lr=2.5e-05
2024-05-22 20:13:57 [Epoch: 21] loss: 0.005309, mae: 0.051629, r2: 0.744345, val_loss: 0.006109, val_mae: 0.054821, val_r2: 0.710441
2024-05-22 20:13:57 Epoch 22: lr=2.5e-05
2024-05-22 20:15:09 [Epoch: 22] loss: 0.005288, mae: 0.051531, r2: 0.745259, val_loss: 0.006139, val_mae: 0.054844, val_r2: 0.708497
2024-05-22 20:15:09 Epoch 23: lr=2.5e-05
2024-05-22 20:16:22 [Epoch: 23] loss: 0.005258, mae: 0.051390, r2: 0.746486, val_loss: 0.006119, val_mae: 0.055106, val_r2: 0.709906
2024-05-22 20:16:22 Epoch 24: lr=2.5e-05
2024-05-22 20:17:34 [Epoch: 24] loss: 0.005255, mae: 0.051358, r2: 0.746856, val_loss: 0.006121, val_mae: 0.054929, val_r2: 0.710349
2024-05-22 20:17:34 Epoch 25: lr=2.5e-05
2024-05-22 20:18:47 [Epoch: 25] loss: 0.005239, mae: 0.051295, r2: 0.747529, val_loss: 0.006133, val_mae: 0.054947, val_r2: 0.709267
2024-05-22 20:18:47 Epoch 26: lr=2.5e-05
2024-05-22 20:20:00 [Epoch: 26] loss: 0.005224, mae: 0.051182, r2: 0.748271, val_loss: 0.006124, val_mae: 0.054755, val_r2: 0.709972
2024-05-22 20:20:00 Epoch 27: lr=1.25e-05
2024-05-22 20:21:12 [Epoch: 27] loss: 0.005191, mae: 0.051070, r2: 0.749810, val_loss: 0.006124, val_mae: 0.054860, val_r2: 0.709980
2024-05-22 20:21:12 Epoch 28: lr=1.25e-05
2024-05-22 20:22:25 [Epoch: 28] loss: 0.005180, mae: 0.050989, r2: 0.750373, val_loss: 0.006089, val_mae: 0.054806, val_r2: 0.711843
2024-05-22 20:22:25 Epoch 29: lr=1.25e-05
2024-05-22 20:23:37 [Epoch: 29] loss: 0.005176, mae: 0.050970, r2: 0.750659, val_loss: 0.006096, val_mae: 0.054895, val_r2: 0.711224
2024-05-22 20:23:37 Epoch 30: lr=1.25e-05
2024-05-22 20:24:50 [Epoch: 30] loss: 0.005177, mae: 0.050985, r2: 0.750304, val_loss: 0.006126, val_mae: 0.054913, val_r2: 0.709426
2024-05-22 20:24:50 Epoch 31: lr=1.25e-05
2024-05-22 20:26:03 [Epoch: 31] loss: 0.005159, mae: 0.050925, r2: 0.751279, val_loss: 0.006127, val_mae: 0.055007, val_r2: 0.710066
2024-05-22 20:26:03 Epoch 32: lr=1e-05
2024-05-22 20:27:15 [Epoch: 32] loss: 0.005146, mae: 0.050859, r2: 0.751965, val_loss: 0.006135, val_mae: 0.054740, val_r2: 0.709503
2024-05-22 20:27:15 Epoch 33: lr=1e-05
2024-05-22 20:28:27 [Epoch: 33] loss: 0.005136, mae: 0.050811, r2: 0.752475, val_loss: 0.006113, val_mae: 0.054774, val_r2: 0.710263
2024-05-22 20:28:27 Epoch 34: lr=1e-05
2024-05-22 20:29:40 [Epoch: 34] loss: 0.005122, mae: 0.050760, r2: 0.753052, val_loss: 0.006110, val_mae: 0.054969, val_r2: 0.710296
2024-05-22 20:29:40 Epoch 35: lr=1e-05
2024-05-22 20:30:52 [Epoch: 35] loss: 0.005118, mae: 0.050699, r2: 0.753203, val_loss: 0.006151, val_mae: 0.054930, val_r2: 0.708740
2024-05-22 20:30:52 Epoch 36: lr=1e-05
2024-05-22 20:32:04 [Epoch: 36] loss: 0.005115, mae: 0.050702, r2: 0.753486, val_loss: 0.006137, val_mae: 0.054802, val_r2: 0.709425
2024-05-22 20:32:04 Epoch 37: lr=1e-05
2024-05-22 20:33:17 [Epoch: 37] loss: 0.005121, mae: 0.050719, r2: 0.753030, val_loss: 0.006133, val_mae: 0.054738, val_r2: 0.709586
2024-05-22 20:33:17 Epoch 38: lr=1e-05
2024-05-22 20:34:29 [Epoch: 38] loss: 0.005111, mae: 0.050714, r2: 0.753612, val_loss: 0.006100, val_mae: 0.054719, val_r2: 0.711118
2024-05-22 20:34:29 history_length: 39
2024-05-22 20:34:29 stopping: early
2024-05-22 20:34:29 Comparing y_true and y_pred:
2024-05-22 20:34:29   mse: 0.00288503
2024-05-22 20:34:29   mae: 0.04216864
2024-05-22 20:34:29   r2: -0.36135415
2024-05-22 20:34:29   corr: 0.31941662
