2024-05-22 17:13:02 UNO RUN ...
2024-05-22 17:13:02 Params: {'model_name': 'uno', 'train_sources': ['CCLE'], 'test_sources': ['train'], 'cell_types': None, 'cell_features': ['rnaseq'], 'drug_features': ['descriptors'], 'dense': [1000, 1000, 1000, 1000, 1000], 'dense_feature_layers': [1000, 1000, 1000], 'activation': 'relu', 'loss': 'mse', 'optimizer': 'adamax', 'scaling': 'std', 'dropout': 0.1, 'epochs': 50, 'batch_size': 32, 'val_split': 0.2, 'cv': 1, 'max_val_loss': 1.0, 'learning_rate': 0.0001, 'base_lr': None, 'agg_dose': 'AUC', 'residual': False, 'reduce_lr': True, 'warmup_lr': True, 'batch_normalization': False, 'feature_subsample': 0, 'rng_seed': 2018, 'no_gen': False, 'verbose': False, 'preprocess_rnaseq': 'source_scale', 'gpus': [0], 'use_landmark_genes': True, 'no_feature_source': True, 'no_response_source': True, 'save_path': '/dev/shm/Uno/save/9000841.amn-0001/75', 'single': True, 'on_memory_loader': True, 'ckpt_checksum': True, 'ckpt_save_interval': 0, 'timeout': -1, 'train_bool': True, 'profiling': False, 'experiment_id': '9000841.amn-0001', 'run_id': '75', 'logfile': '/dev/shm/Uno/save/9000841.amn-0001/75/python.log', 'shuffle': False, 'ckpt_restart_mode': 'off', 'ckpt_skip_epochs': 0, 'ckpt_directory': '/dev/shm/Uno/save/9000841.amn-0001/75', 'ckpt_save_best': True, 'ckpt_save_best_metric': 'val_loss', 'ckpt_save_weights_only': False, 'ckpt_keep_mode': 'linear', 'ckpt_keep_limit': 5, 'by_cell': None, 'by_drug': None, 'cell_subset_path': '', 'drug_subset_path': '', 'drug_median_response_min': -1, 'drug_median_response_max': 1, 'dense_cell_feature_layers': None, 'dense_drug_feature_layers': None, 'use_filtered_genes': False, 'feature_subset_path': '', 'cell_feature_subset_path': '', 'drug_feature_subset_path': '', 'es': True, 'cp': False, 'tb': False, 'tb_prefix': 'tb', 'partition_by': None, 'cache': None, 'export_csv': None, 'export_data': None, 'use_exported_data': '/dev/shm/Uno/x1921c3s4b0n0.75.merged.landmark.h5', 'growth_bins': 0, 'initial_weights': None, 'save_weights': '/dev/shm/Uno/save/9000841.amn-0001/75/1.1.model.h5', 'config_file': '/home/brettin/CSC249ADOA01_CNDA/brettin/Benchmarks/Pilot1/Uno/uno_auc_model.txt', 'data_type': <class 'numpy.float32'>, 'data_dir': '/dev/shm/Uno/uno/Data', 'output_dir': '/dev/shm/Uno/uno/Output/9000841.amn-0001/75'}
2024-05-22 17:13:02 Feature encoding submodel for cell.rnaseq:
2024-05-22 17:13:02 Model: "cell.rnaseq"
2024-05-22 17:13:02 _________________________________________________________________
2024-05-22 17:13:02  Layer (type)                Output Shape              Param #   
2024-05-22 17:13:02 =================================================================
2024-05-22 17:13:02  input_1 (InputLayer)        [(None, 958)]             0         
2024-05-22 17:13:02                                                                  
2024-05-22 17:13:02  dense (Dense)               (None, 1000)              959000    
2024-05-22 17:13:02                                                                  
2024-05-22 17:13:02  permanent_dropout (Permane  (None, 1000)              0         
2024-05-22 17:13:02  ntDropout)                                                      
2024-05-22 17:13:02                                                                  
2024-05-22 17:13:02  dense_1 (Dense)             (None, 1000)              1001000   
2024-05-22 17:13:02                                                                  
2024-05-22 17:13:02  permanent_dropout_1 (Perma  (None, 1000)              0         
2024-05-22 17:13:02  nentDropout)                                                    
2024-05-22 17:13:02                                                                  
2024-05-22 17:13:02  dense_2 (Dense)             (None, 1000)              1001000   
2024-05-22 17:13:02                                                                  
2024-05-22 17:13:02  permanent_dropout_2 (Perma  (None, 1000)              0         
2024-05-22 17:13:02  nentDropout)                                                    
2024-05-22 17:13:02                                                                  
2024-05-22 17:13:02 =================================================================
2024-05-22 17:13:02 Total params: 2961000 (11.30 MB)
2024-05-22 17:13:02 Trainable params: 2961000 (11.30 MB)
2024-05-22 17:13:02 Non-trainable params: 0 (0.00 Byte)
2024-05-22 17:13:02 _________________________________________________________________
2024-05-22 17:13:02 Feature encoding submodel for drug.descriptors:
2024-05-22 17:13:02 Model: "drug.descriptors"
2024-05-22 17:13:02 _________________________________________________________________
2024-05-22 17:13:02  Layer (type)                Output Shape              Param #   
2024-05-22 17:13:02 =================================================================
2024-05-22 17:13:02  input_2 (InputLayer)        [(None, 1613)]            0         
2024-05-22 17:13:02                                                                  
2024-05-22 17:13:02  dense_3 (Dense)             (None, 1000)              1614000   
2024-05-22 17:13:02                                                                  
2024-05-22 17:13:02  permanent_dropout_3 (Perma  (None, 1000)              0         
2024-05-22 17:13:02  nentDropout)                                                    
2024-05-22 17:13:02                                                                  
2024-05-22 17:13:02  dense_4 (Dense)             (None, 1000)              1001000   
2024-05-22 17:13:02                                                                  
2024-05-22 17:13:02  permanent_dropout_4 (Perma  (None, 1000)              0         
2024-05-22 17:13:02  nentDropout)                                                    
2024-05-22 17:13:02                                                                  
2024-05-22 17:13:02  dense_5 (Dense)             (None, 1000)              1001000   
2024-05-22 17:13:02                                                                  
2024-05-22 17:13:02  permanent_dropout_5 (Perma  (None, 1000)              0         
2024-05-22 17:13:02  nentDropout)                                                    
2024-05-22 17:13:02                                                                  
2024-05-22 17:13:02 =================================================================
2024-05-22 17:13:02 Total params: 3616000 (13.79 MB)
2024-05-22 17:13:02 Trainable params: 3616000 (13.79 MB)
2024-05-22 17:13:02 Non-trainable params: 0 (0.00 Byte)
2024-05-22 17:13:02 _________________________________________________________________
2024-05-22 17:13:02 Combined model:
2024-05-22 17:13:02 Model: "model"
2024-05-22 17:13:02 __________________________________________________________________________________________________
2024-05-22 17:13:02  Layer (type)                Output Shape                 Param #   Connected to                  
2024-05-22 17:13:02 ==================================================================================================
2024-05-22 17:13:02  input.cell.rnaseq (InputLa  [(None, 958)]                0         []                            
2024-05-22 17:13:02  yer)                                                                                             
2024-05-22 17:13:02                                                                                                   
2024-05-22 17:13:02  input.drug1.descriptors (I  [(None, 1613)]               0         []                            
2024-05-22 17:13:02  nputLayer)                                                                                       
2024-05-22 17:13:02                                                                                                   
2024-05-22 17:13:02  cell.rnaseq (Functional)    (None, 1000)                 2961000   ['input.cell.rnaseq[0][0]']   
2024-05-22 17:13:02                                                                                                   
2024-05-22 17:13:02  drug.descriptors (Function  (None, 1000)                 3616000   ['input.drug1.descriptors[0][0
2024-05-22 17:13:02  al)                                                                ]']                           
2024-05-22 17:13:02                                                                                                   
2024-05-22 17:13:02  concatenate (Concatenate)   (None, 2000)                 0         ['cell.rnaseq[0][0]',         
2024-05-22 17:13:02                                                                      'drug.descriptors[0][0]']    
2024-05-22 17:13:02                                                                                                   
2024-05-22 17:13:02  dense_6 (Dense)             (None, 1000)                 2001000   ['concatenate[0][0]']         
2024-05-22 17:13:02                                                                                                   
2024-05-22 17:13:02  permanent_dropout_6 (Perma  (None, 1000)                 0         ['dense_6[0][0]']             
2024-05-22 17:13:02  nentDropout)                                                                                     
2024-05-22 17:13:02                                                                                                   
2024-05-22 17:13:02  dense_7 (Dense)             (None, 1000)                 1001000   ['permanent_dropout_6[0][0]'] 
2024-05-22 17:13:02                                                                                                   
2024-05-22 17:13:02  permanent_dropout_7 (Perma  (None, 1000)                 0         ['dense_7[0][0]']             
2024-05-22 17:13:02  nentDropout)                                                                                     
2024-05-22 17:13:02                                                                                                   
2024-05-22 17:13:02  dense_8 (Dense)             (None, 1000)                 1001000   ['permanent_dropout_7[0][0]'] 
2024-05-22 17:13:02                                                                                                   
2024-05-22 17:13:02  permanent_dropout_8 (Perma  (None, 1000)                 0         ['dense_8[0][0]']             
2024-05-22 17:13:02  nentDropout)                                                                                     
2024-05-22 17:13:02                                                                                                   
2024-05-22 17:13:02  dense_9 (Dense)             (None, 1000)                 1001000   ['permanent_dropout_8[0][0]'] 
2024-05-22 17:13:02                                                                                                   
2024-05-22 17:13:02  permanent_dropout_9 (Perma  (None, 1000)                 0         ['dense_9[0][0]']             
2024-05-22 17:13:02  nentDropout)                                                                                     
2024-05-22 17:13:02                                                                                                   
2024-05-22 17:13:02  dense_10 (Dense)            (None, 1000)                 1001000   ['permanent_dropout_9[0][0]'] 
2024-05-22 17:13:02                                                                                                   
2024-05-22 17:13:02  permanent_dropout_10 (Perm  (None, 1000)                 0         ['dense_10[0][0]']            
2024-05-22 17:13:02  anentDropout)                                                                                    
2024-05-22 17:13:02                                                                                                   
2024-05-22 17:13:02  dense_11 (Dense)            (None, 1)                    1001      ['permanent_dropout_10[0][0]']
2024-05-22 17:13:02                                                                                                   
2024-05-22 17:13:02 ==================================================================================================
2024-05-22 17:13:02 Total params: 12583001 (48.00 MB)
2024-05-22 17:13:02 Trainable params: 12583001 (48.00 MB)
2024-05-22 17:13:02 Non-trainable params: 0 (0.00 Byte)
2024-05-22 17:13:02 __________________________________________________________________________________________________
2024-05-22 17:13:03 CKPT CONSTRUCT...
2024-05-22 17:13:03 CKPT CONSTRUCT OK.
2024-05-22 17:13:03 template model: <keras.src.engine.functional.Functional object at 0x145cadc3cfd0>
2024-05-22 17:13:04 COMPILE
2024-05-22 17:13:04 Will save weights to: /dev/shm/Uno/save/9000841.amn-0001/75/1.1.model.h5
2024-05-22 17:13:21 Between random pairs in y_val:
2024-05-22 17:13:21   mse: 0.04716832
2024-05-22 17:13:21   mae: 0.15876533
2024-05-22 17:13:21   r2: -0.99100783
2024-05-22 17:13:21   corr: 0.00449608
2024-05-22 17:13:21 Data points per epoch: train = 469568, val = 117392, test = 749
2024-05-22 17:13:21 Steps per epoch: train = 14674, val = 3668, test = 23
2024-05-22 17:13:21 Epoch 0: lr=0.001
2024-05-22 17:14:34 [Epoch: 0] loss: 0.028318, mae: 0.079762, r2: -0.294633, val_loss: 0.008200, val_mae: 0.064688, val_r2: 0.611134
2024-05-22 17:14:34 Epoch 1: lr=0.00082
2024-05-22 17:15:45 [Epoch: 1] loss: 0.008012, mae: 0.063942, r2: 0.620167, val_loss: 0.007518, val_mae: 0.061856, val_r2: 0.641853
2024-05-22 17:15:46 Epoch 2: lr=0.00064
2024-05-22 17:16:57 [Epoch: 2] loss: 0.007349, mae: 0.060932, r2: 0.651175, val_loss: 0.007126, val_mae: 0.059950, val_r2: 0.661711
2024-05-22 17:16:57 Epoch 3: lr=0.00046
2024-05-22 17:18:08 [Epoch: 3] loss: 0.006853, mae: 0.058684, r2: 0.673300, val_loss: 0.006822, val_mae: 0.058866, val_r2: 0.670866
2024-05-22 17:18:08 Epoch 4: lr=0.00028
2024-05-22 17:19:19 [Epoch: 4] loss: 0.006453, mae: 0.056821, r2: 0.691475, val_loss: 0.006501, val_mae: 0.056763, val_r2: 0.688078
2024-05-22 17:19:20 Epoch 5: lr=0.0001
2024-05-22 17:20:31 [Epoch: 5] loss: 0.006124, mae: 0.055310, r2: 0.706762, val_loss: 0.006338, val_mae: 0.055937, val_r2: 0.694510
2024-05-22 17:20:31 Epoch 6: lr=0.0001
2024-05-22 17:21:42 [Epoch: 6] loss: 0.005994, mae: 0.054727, r2: 0.712635, val_loss: 0.006303, val_mae: 0.056466, val_r2: 0.696300
2024-05-22 17:21:42 Epoch 7: lr=0.0001
2024-05-22 17:22:53 [Epoch: 7] loss: 0.005920, mae: 0.054423, r2: 0.716286, val_loss: 0.006246, val_mae: 0.055706, val_r2: 0.699623
2024-05-22 17:22:53 Epoch 8: lr=0.0001
2024-05-22 17:24:04 [Epoch: 8] loss: 0.005853, mae: 0.054105, r2: 0.719440, val_loss: 0.006282, val_mae: 0.056438, val_r2: 0.697214
2024-05-22 17:24:04 Epoch 9: lr=0.0001
2024-05-22 17:25:15 [Epoch: 9] loss: 0.005786, mae: 0.053790, r2: 0.722358, val_loss: 0.006197, val_mae: 0.055280, val_r2: 0.702557
2024-05-22 17:25:15 Epoch 10: lr=0.0001
2024-05-22 17:26:27 [Epoch: 10] loss: 0.005713, mae: 0.053470, r2: 0.725872, val_loss: 0.006183, val_mae: 0.055195, val_r2: 0.702052
2024-05-22 17:26:27 Epoch 11: lr=0.0001
2024-05-22 17:27:38 [Epoch: 11] loss: 0.005666, mae: 0.053246, r2: 0.727995, val_loss: 0.006183, val_mae: 0.054681, val_r2: 0.702395
2024-05-22 17:27:38 Epoch 12: lr=0.0001
2024-05-22 17:28:49 [Epoch: 12] loss: 0.005608, mae: 0.052978, r2: 0.730676, val_loss: 0.006107, val_mae: 0.054948, val_r2: 0.705373
2024-05-22 17:28:49 Epoch 13: lr=0.0001
2024-05-22 17:30:00 [Epoch: 13] loss: 0.005537, mae: 0.052691, r2: 0.733918, val_loss: 0.006135, val_mae: 0.054935, val_r2: 0.704846
2024-05-22 17:30:00 Epoch 14: lr=0.0001
2024-05-22 17:31:12 [Epoch: 14] loss: 0.005483, mae: 0.052408, r2: 0.736420, val_loss: 0.006087, val_mae: 0.055092, val_r2: 0.707754
2024-05-22 17:31:12 Epoch 15: lr=0.0001
2024-05-22 17:32:23 [Epoch: 15] loss: 0.005432, mae: 0.052202, r2: 0.738979, val_loss: 0.006106, val_mae: 0.055060, val_r2: 0.706099
2024-05-22 17:32:24 Epoch 16: lr=0.0001
2024-05-22 17:33:35 [Epoch: 16] loss: 0.005378, mae: 0.051946, r2: 0.741421, val_loss: 0.006090, val_mae: 0.054837, val_r2: 0.705984
2024-05-22 17:33:35 Epoch 17: lr=0.0001
2024-05-22 17:34:46 [Epoch: 17] loss: 0.005335, mae: 0.051715, r2: 0.743491, val_loss: 0.006077, val_mae: 0.054312, val_r2: 0.707692
2024-05-22 17:34:47 Epoch 18: lr=0.0001
2024-05-22 17:35:58 [Epoch: 18] loss: 0.005281, mae: 0.051510, r2: 0.745835, val_loss: 0.006088, val_mae: 0.054489, val_r2: 0.707115
2024-05-22 17:35:58 Epoch 19: lr=0.0001
2024-05-22 17:37:09 [Epoch: 19] loss: 0.005239, mae: 0.051277, r2: 0.747840, val_loss: 0.006076, val_mae: 0.054031, val_r2: 0.707667
2024-05-22 17:37:09 Epoch 20: lr=5e-05
2024-05-22 17:38:20 [Epoch: 20] loss: 0.005122, mae: 0.050731, r2: 0.753145, val_loss: 0.006065, val_mae: 0.054935, val_r2: 0.707646
2024-05-22 17:38:21 Epoch 21: lr=5e-05
2024-05-22 17:39:32 [Epoch: 21] loss: 0.005087, mae: 0.050554, r2: 0.754739, val_loss: 0.006005, val_mae: 0.054128, val_r2: 0.711229
2024-05-22 17:39:32 Epoch 22: lr=5e-05
2024-05-22 17:40:44 [Epoch: 22] loss: 0.005055, mae: 0.050404, r2: 0.756367, val_loss: 0.006018, val_mae: 0.054176, val_r2: 0.709466
2024-05-22 17:40:44 Epoch 23: lr=5e-05
2024-05-22 17:41:55 [Epoch: 23] loss: 0.005035, mae: 0.050332, r2: 0.757317, val_loss: 0.006019, val_mae: 0.054173, val_r2: 0.710850
2024-05-22 17:41:55 Epoch 24: lr=5e-05
2024-05-22 17:43:06 [Epoch: 24] loss: 0.005007, mae: 0.050152, r2: 0.758685, val_loss: 0.006039, val_mae: 0.054502, val_r2: 0.709377
2024-05-22 17:43:06 Epoch 25: lr=2.5e-05
2024-05-22 17:44:17 [Epoch: 25] loss: 0.004948, mae: 0.049934, r2: 0.761403, val_loss: 0.005993, val_mae: 0.054322, val_r2: 0.710747
2024-05-22 17:44:18 Epoch 26: lr=2.5e-05
2024-05-22 17:45:29 [Epoch: 26] loss: 0.004924, mae: 0.049769, r2: 0.762200, val_loss: 0.006015, val_mae: 0.053965, val_r2: 0.710072
2024-05-22 17:45:29 Epoch 27: lr=2.5e-05
2024-05-22 17:46:40 [Epoch: 27] loss: 0.004909, mae: 0.049727, r2: 0.763210, val_loss: 0.006014, val_mae: 0.054182, val_r2: 0.710248
2024-05-22 17:46:40 Epoch 28: lr=2.5e-05
2024-05-22 17:47:51 [Epoch: 28] loss: 0.004889, mae: 0.049621, r2: 0.763973, val_loss: 0.006017, val_mae: 0.054232, val_r2: 0.710047
2024-05-22 17:47:52 Epoch 29: lr=2.5e-05
2024-05-22 17:49:03 [Epoch: 29] loss: 0.004879, mae: 0.049582, r2: 0.764645, val_loss: 0.006044, val_mae: 0.053904, val_r2: 0.709195
2024-05-22 17:49:03 Epoch 30: lr=1.25e-05
2024-05-22 17:50:14 [Epoch: 30] loss: 0.004845, mae: 0.049423, r2: 0.766047, val_loss: 0.006037, val_mae: 0.054187, val_r2: 0.709086
2024-05-22 17:50:14 Epoch 31: lr=1.25e-05
2024-05-22 17:51:26 [Epoch: 31] loss: 0.004840, mae: 0.049405, r2: 0.766407, val_loss: 0.006027, val_mae: 0.054160, val_r2: 0.709311
2024-05-22 17:51:26 Epoch 32: lr=1.25e-05
2024-05-22 17:52:38 [Epoch: 32] loss: 0.004829, mae: 0.049363, r2: 0.766691, val_loss: 0.006021, val_mae: 0.054001, val_r2: 0.709388
2024-05-22 17:52:38 Epoch 33: lr=1.25e-05
2024-05-22 17:53:49 [Epoch: 33] loss: 0.004820, mae: 0.049274, r2: 0.767046, val_loss: 0.006022, val_mae: 0.054101, val_r2: 0.709104
2024-05-22 17:53:49 Epoch 34: lr=1.25e-05
2024-05-22 17:55:00 [Epoch: 34] loss: 0.004806, mae: 0.049225, r2: 0.767974, val_loss: 0.006031, val_mae: 0.053986, val_r2: 0.709110
2024-05-22 17:55:00 Epoch 35: lr=1e-05
2024-05-22 17:56:11 [Epoch: 35] loss: 0.004801, mae: 0.049171, r2: 0.768171, val_loss: 0.006011, val_mae: 0.053946, val_r2: 0.709972
2024-05-22 17:56:12 history_length: 36
2024-05-22 17:56:12 stopping: early
2024-05-22 17:56:12 Comparing y_true and y_pred:
2024-05-22 17:56:12   mse: 0.00656487
2024-05-22 17:56:12   mae: 0.06752278
2024-05-22 17:56:12   r2: -0.18059428
2024-05-22 17:56:12   corr: 0.12448935
