2024-05-22 13:29:36 UNO RUN ...
2024-05-22 13:29:36 Params: {'model_name': 'uno', 'train_sources': ['CCLE'], 'test_sources': ['train'], 'cell_types': None, 'cell_features': ['rnaseq'], 'drug_features': ['descriptors'], 'dense': [1000, 1000, 1000, 1000, 1000], 'dense_feature_layers': [1000, 1000, 1000], 'activation': 'relu', 'loss': 'mse', 'optimizer': 'adamax', 'scaling': 'std', 'dropout': 0.1, 'epochs': 50, 'batch_size': 32, 'val_split': 0.2, 'cv': 1, 'max_val_loss': 1.0, 'learning_rate': 0.0001, 'base_lr': None, 'agg_dose': 'AUC', 'residual': False, 'reduce_lr': True, 'warmup_lr': True, 'batch_normalization': False, 'feature_subsample': 0, 'rng_seed': 2018, 'no_gen': False, 'verbose': False, 'preprocess_rnaseq': 'source_scale', 'gpus': [0], 'use_landmark_genes': True, 'no_feature_source': True, 'no_response_source': True, 'save_path': '/dev/shm/Uno/save/9000732.amn-0001/134', 'single': True, 'on_memory_loader': True, 'ckpt_checksum': True, 'ckpt_save_interval': 0, 'timeout': -1, 'train_bool': True, 'profiling': False, 'experiment_id': '9000732.amn-0001', 'run_id': '134', 'logfile': '/dev/shm/Uno/save/9000732.amn-0001/134/python.log', 'shuffle': False, 'ckpt_restart_mode': 'off', 'ckpt_skip_epochs': 0, 'ckpt_directory': '/dev/shm/Uno/save/9000732.amn-0001/134', 'ckpt_save_best': True, 'ckpt_save_best_metric': 'val_loss', 'ckpt_save_weights_only': False, 'ckpt_keep_mode': 'linear', 'ckpt_keep_limit': 5, 'by_cell': None, 'by_drug': None, 'cell_subset_path': '', 'drug_subset_path': '', 'drug_median_response_min': -1, 'drug_median_response_max': 1, 'dense_cell_feature_layers': None, 'dense_drug_feature_layers': None, 'use_filtered_genes': False, 'feature_subset_path': '', 'cell_feature_subset_path': '', 'drug_feature_subset_path': '', 'es': True, 'cp': False, 'tb': False, 'tb_prefix': 'tb', 'partition_by': None, 'cache': None, 'export_csv': None, 'export_data': None, 'use_exported_data': '/dev/shm/Uno/x1921c4s6b0n0.134.merged.landmark.h5', 'growth_bins': 0, 'initial_weights': None, 'save_weights': '/dev/shm/Uno/save/9000732.amn-0001/134/1.0.model.h5', 'config_file': '/home/brettin/CSC249ADOA01_CNDA/brettin/Benchmarks/Pilot1/Uno/uno_auc_model.txt', 'data_type': <class 'numpy.float32'>, 'data_dir': '/dev/shm/Uno/uno/Data', 'output_dir': '/dev/shm/Uno/uno/Output/9000732.amn-0001/134'}
2024-05-22 13:29:36 Feature encoding submodel for cell.rnaseq:
2024-05-22 13:29:36 Model: "cell.rnaseq"
2024-05-22 13:29:36 _________________________________________________________________
2024-05-22 13:29:36  Layer (type)                Output Shape              Param #   
2024-05-22 13:29:36 =================================================================
2024-05-22 13:29:36  input_1 (InputLayer)        [(None, 958)]             0         
2024-05-22 13:29:36                                                                  
2024-05-22 13:29:36  dense (Dense)               (None, 1000)              959000    
2024-05-22 13:29:36                                                                  
2024-05-22 13:29:36  permanent_dropout (Permane  (None, 1000)              0         
2024-05-22 13:29:36  ntDropout)                                                      
2024-05-22 13:29:36                                                                  
2024-05-22 13:29:36  dense_1 (Dense)             (None, 1000)              1001000   
2024-05-22 13:29:36                                                                  
2024-05-22 13:29:36  permanent_dropout_1 (Perma  (None, 1000)              0         
2024-05-22 13:29:36  nentDropout)                                                    
2024-05-22 13:29:36                                                                  
2024-05-22 13:29:36  dense_2 (Dense)             (None, 1000)              1001000   
2024-05-22 13:29:36                                                                  
2024-05-22 13:29:36  permanent_dropout_2 (Perma  (None, 1000)              0         
2024-05-22 13:29:36  nentDropout)                                                    
2024-05-22 13:29:36                                                                  
2024-05-22 13:29:36 =================================================================
2024-05-22 13:29:36 Total params: 2961000 (11.30 MB)
2024-05-22 13:29:36 Trainable params: 2961000 (11.30 MB)
2024-05-22 13:29:36 Non-trainable params: 0 (0.00 Byte)
2024-05-22 13:29:36 _________________________________________________________________
2024-05-22 13:29:36 Feature encoding submodel for drug.descriptors:
2024-05-22 13:29:36 Model: "drug.descriptors"
2024-05-22 13:29:36 _________________________________________________________________
2024-05-22 13:29:36  Layer (type)                Output Shape              Param #   
2024-05-22 13:29:36 =================================================================
2024-05-22 13:29:36  input_2 (InputLayer)        [(None, 1613)]            0         
2024-05-22 13:29:36                                                                  
2024-05-22 13:29:36  dense_3 (Dense)             (None, 1000)              1614000   
2024-05-22 13:29:36                                                                  
2024-05-22 13:29:36  permanent_dropout_3 (Perma  (None, 1000)              0         
2024-05-22 13:29:36  nentDropout)                                                    
2024-05-22 13:29:36                                                                  
2024-05-22 13:29:36  dense_4 (Dense)             (None, 1000)              1001000   
2024-05-22 13:29:36                                                                  
2024-05-22 13:29:36  permanent_dropout_4 (Perma  (None, 1000)              0         
2024-05-22 13:29:36  nentDropout)                                                    
2024-05-22 13:29:36                                                                  
2024-05-22 13:29:36  dense_5 (Dense)             (None, 1000)              1001000   
2024-05-22 13:29:36                                                                  
2024-05-22 13:29:36  permanent_dropout_5 (Perma  (None, 1000)              0         
2024-05-22 13:29:36  nentDropout)                                                    
2024-05-22 13:29:36                                                                  
2024-05-22 13:29:36 =================================================================
2024-05-22 13:29:36 Total params: 3616000 (13.79 MB)
2024-05-22 13:29:36 Trainable params: 3616000 (13.79 MB)
2024-05-22 13:29:36 Non-trainable params: 0 (0.00 Byte)
2024-05-22 13:29:36 _________________________________________________________________
2024-05-22 13:29:36 Combined model:
2024-05-22 13:29:36 Model: "model"
2024-05-22 13:29:36 __________________________________________________________________________________________________
2024-05-22 13:29:36  Layer (type)                Output Shape                 Param #   Connected to                  
2024-05-22 13:29:36 ==================================================================================================
2024-05-22 13:29:36  input.cell.rnaseq (InputLa  [(None, 958)]                0         []                            
2024-05-22 13:29:36  yer)                                                                                             
2024-05-22 13:29:36                                                                                                   
2024-05-22 13:29:36  input.drug1.descriptors (I  [(None, 1613)]               0         []                            
2024-05-22 13:29:36  nputLayer)                                                                                       
2024-05-22 13:29:36                                                                                                   
2024-05-22 13:29:36  cell.rnaseq (Functional)    (None, 1000)                 2961000   ['input.cell.rnaseq[0][0]']   
2024-05-22 13:29:36                                                                                                   
2024-05-22 13:29:36  drug.descriptors (Function  (None, 1000)                 3616000   ['input.drug1.descriptors[0][0
2024-05-22 13:29:36  al)                                                                ]']                           
2024-05-22 13:29:36                                                                                                   
2024-05-22 13:29:36  concatenate (Concatenate)   (None, 2000)                 0         ['cell.rnaseq[0][0]',         
2024-05-22 13:29:36                                                                      'drug.descriptors[0][0]']    
2024-05-22 13:29:36                                                                                                   
2024-05-22 13:29:36  dense_6 (Dense)             (None, 1000)                 2001000   ['concatenate[0][0]']         
2024-05-22 13:29:36                                                                                                   
2024-05-22 13:29:36  permanent_dropout_6 (Perma  (None, 1000)                 0         ['dense_6[0][0]']             
2024-05-22 13:29:36  nentDropout)                                                                                     
2024-05-22 13:29:36                                                                                                   
2024-05-22 13:29:36  dense_7 (Dense)             (None, 1000)                 1001000   ['permanent_dropout_6[0][0]'] 
2024-05-22 13:29:36                                                                                                   
2024-05-22 13:29:36  permanent_dropout_7 (Perma  (None, 1000)                 0         ['dense_7[0][0]']             
2024-05-22 13:29:36  nentDropout)                                                                                     
2024-05-22 13:29:36                                                                                                   
2024-05-22 13:29:36  dense_8 (Dense)             (None, 1000)                 1001000   ['permanent_dropout_7[0][0]'] 
2024-05-22 13:29:36                                                                                                   
2024-05-22 13:29:36  permanent_dropout_8 (Perma  (None, 1000)                 0         ['dense_8[0][0]']             
2024-05-22 13:29:36  nentDropout)                                                                                     
2024-05-22 13:29:36                                                                                                   
2024-05-22 13:29:36  dense_9 (Dense)             (None, 1000)                 1001000   ['permanent_dropout_8[0][0]'] 
2024-05-22 13:29:36                                                                                                   
2024-05-22 13:29:36  permanent_dropout_9 (Perma  (None, 1000)                 0         ['dense_9[0][0]']             
2024-05-22 13:29:36  nentDropout)                                                                                     
2024-05-22 13:29:36                                                                                                   
2024-05-22 13:29:36  dense_10 (Dense)            (None, 1000)                 1001000   ['permanent_dropout_9[0][0]'] 
2024-05-22 13:29:36                                                                                                   
2024-05-22 13:29:36  permanent_dropout_10 (Perm  (None, 1000)                 0         ['dense_10[0][0]']            
2024-05-22 13:29:36  anentDropout)                                                                                    
2024-05-22 13:29:36                                                                                                   
2024-05-22 13:29:36  dense_11 (Dense)            (None, 1)                    1001      ['permanent_dropout_10[0][0]']
2024-05-22 13:29:36                                                                                                   
2024-05-22 13:29:36 ==================================================================================================
2024-05-22 13:29:36 Total params: 12583001 (48.00 MB)
2024-05-22 13:29:36 Trainable params: 12583001 (48.00 MB)
2024-05-22 13:29:36 Non-trainable params: 0 (0.00 Byte)
2024-05-22 13:29:36 __________________________________________________________________________________________________
2024-05-22 13:29:37 CKPT CONSTRUCT...
2024-05-22 13:29:37 CKPT CONSTRUCT OK.
2024-05-22 13:29:37 template model: <keras.src.engine.functional.Functional object at 0x145fc3453ac0>
2024-05-22 13:29:38 COMPILE
2024-05-22 13:29:38 Will save weights to: /dev/shm/Uno/save/9000732.amn-0001/134/1.0.model.h5
2024-05-22 13:29:55 Between random pairs in y_val:
2024-05-22 13:29:55   mse: 0.04800984
2024-05-22 13:29:55   mae: 0.16043205
2024-05-22 13:29:55   r2: -1.00735404
2024-05-22 13:29:55   corr: -0.00367702
2024-05-22 13:29:55 Data points per epoch: train = 469800, val = 117450, test = 459
2024-05-22 13:29:55 Steps per epoch: train = 14681, val = 3670, test = 14
2024-05-22 13:29:56 Epoch 0: lr=0.001
2024-05-22 13:31:08 [Epoch: 0] loss: 0.025944, mae: 0.079370, r2: -0.014570, val_loss: 0.008456, val_mae: 0.064878, val_r2: 0.603552
2024-05-22 13:31:09 Epoch 1: lr=0.00082
2024-05-22 13:32:20 [Epoch: 1] loss: 0.008023, mae: 0.064019, r2: 0.619893, val_loss: 0.007706, val_mae: 0.063787, val_r2: 0.633800
2024-05-22 13:32:20 Epoch 2: lr=0.00064
2024-05-22 13:33:32 [Epoch: 2] loss: 0.007327, mae: 0.060871, r2: 0.651843, val_loss: 0.007208, val_mae: 0.059440, val_r2: 0.662726
2024-05-22 13:33:32 Epoch 3: lr=0.00046
2024-05-22 13:34:43 [Epoch: 3] loss: 0.006842, mae: 0.058640, r2: 0.673805, val_loss: 0.006816, val_mae: 0.058420, val_r2: 0.679608
2024-05-22 13:34:43 Epoch 4: lr=0.00028
2024-05-22 13:35:54 [Epoch: 4] loss: 0.006443, mae: 0.056819, r2: 0.692171, val_loss: 0.006604, val_mae: 0.058308, val_r2: 0.684012
2024-05-22 13:35:54 Epoch 5: lr=0.0001
2024-05-22 13:37:06 [Epoch: 5] loss: 0.006109, mae: 0.055265, r2: 0.707678, val_loss: 0.006372, val_mae: 0.056316, val_r2: 0.696384
2024-05-22 13:37:06 Epoch 6: lr=0.0001
2024-05-22 13:38:17 [Epoch: 6] loss: 0.005997, mae: 0.054762, r2: 0.712761, val_loss: 0.006322, val_mae: 0.055899, val_r2: 0.699647
2024-05-22 13:38:17 Epoch 7: lr=0.0001
2024-05-22 13:39:28 [Epoch: 7] loss: 0.005922, mae: 0.054432, r2: 0.716269, val_loss: 0.006275, val_mae: 0.055561, val_r2: 0.701749
2024-05-22 13:39:28 Epoch 8: lr=0.0001
2024-05-22 13:40:39 [Epoch: 8] loss: 0.005857, mae: 0.054138, r2: 0.719352, val_loss: 0.006256, val_mae: 0.055534, val_r2: 0.702956
2024-05-22 13:40:39 Epoch 9: lr=0.0001
2024-05-22 13:41:51 [Epoch: 9] loss: 0.005796, mae: 0.053879, r2: 0.722252, val_loss: 0.006239, val_mae: 0.055213, val_r2: 0.703619
2024-05-22 13:41:51 Epoch 10: lr=0.0001
2024-05-22 13:43:02 [Epoch: 10] loss: 0.005726, mae: 0.053537, r2: 0.725239, val_loss: 0.006237, val_mae: 0.055115, val_r2: 0.702907
2024-05-22 13:43:02 Epoch 11: lr=0.0001
2024-05-22 13:44:13 [Epoch: 11] loss: 0.005672, mae: 0.053351, r2: 0.727857, val_loss: 0.006200, val_mae: 0.055120, val_r2: 0.704977
2024-05-22 13:44:13 Epoch 12: lr=0.0001
2024-05-22 13:45:25 [Epoch: 12] loss: 0.005615, mae: 0.053060, r2: 0.730716, val_loss: 0.006172, val_mae: 0.055078, val_r2: 0.705488
2024-05-22 13:45:25 Epoch 13: lr=0.0001
2024-05-22 13:46:36 [Epoch: 13] loss: 0.005559, mae: 0.052767, r2: 0.733033, val_loss: 0.006233, val_mae: 0.054962, val_r2: 0.703982
2024-05-22 13:46:36 Epoch 14: lr=5e-05
2024-05-22 13:47:47 [Epoch: 14] loss: 0.005438, mae: 0.052226, r2: 0.738835, val_loss: 0.006117, val_mae: 0.054622, val_r2: 0.708554
2024-05-22 13:47:47 Epoch 15: lr=5e-05
2024-05-22 13:48:59 [Epoch: 15] loss: 0.005402, mae: 0.052050, r2: 0.740679, val_loss: 0.006096, val_mae: 0.054812, val_r2: 0.709657
2024-05-22 13:48:59 Epoch 16: lr=5e-05
2024-05-22 13:50:10 [Epoch: 16] loss: 0.005367, mae: 0.051900, r2: 0.742105, val_loss: 0.006121, val_mae: 0.054981, val_r2: 0.708533
2024-05-22 13:50:10 Epoch 17: lr=5e-05
2024-05-22 13:51:21 [Epoch: 17] loss: 0.005335, mae: 0.051758, r2: 0.743502, val_loss: 0.006115, val_mae: 0.054730, val_r2: 0.708568
2024-05-22 13:51:21 Epoch 18: lr=5e-05
2024-05-22 13:52:32 [Epoch: 18] loss: 0.005293, mae: 0.051581, r2: 0.745665, val_loss: 0.006097, val_mae: 0.054449, val_r2: 0.709555
2024-05-22 13:52:32 Epoch 19: lr=5e-05
2024-05-22 13:53:43 [Epoch: 19] loss: 0.005280, mae: 0.051495, r2: 0.746150, val_loss: 0.006103, val_mae: 0.054799, val_r2: 0.709071
2024-05-22 13:53:44 Epoch 20: lr=2.5e-05
2024-05-22 13:54:55 [Epoch: 20] loss: 0.005213, mae: 0.051194, r2: 0.749279, val_loss: 0.006092, val_mae: 0.054465, val_r2: 0.709033
2024-05-22 13:54:55 Epoch 21: lr=2.5e-05
2024-05-22 13:56:06 [Epoch: 21] loss: 0.005200, mae: 0.051115, r2: 0.749823, val_loss: 0.006101, val_mae: 0.054753, val_r2: 0.708384
2024-05-22 13:56:06 Epoch 22: lr=2.5e-05
2024-05-22 13:57:17 [Epoch: 22] loss: 0.005175, mae: 0.051010, r2: 0.751111, val_loss: 0.006091, val_mae: 0.054562, val_r2: 0.709355
2024-05-22 13:57:17 Epoch 23: lr=2.5e-05
2024-05-22 13:58:28 [Epoch: 23] loss: 0.005157, mae: 0.050917, r2: 0.751949, val_loss: 0.006084, val_mae: 0.054624, val_r2: 0.709792
2024-05-22 13:58:29 Epoch 24: lr=2.5e-05
2024-05-22 13:59:40 [Epoch: 24] loss: 0.005147, mae: 0.050852, r2: 0.752426, val_loss: 0.006090, val_mae: 0.054470, val_r2: 0.709195
2024-05-22 13:59:40 Epoch 25: lr=1.25e-05
2024-05-22 14:00:51 [Epoch: 25] loss: 0.005112, mae: 0.050716, r2: 0.754026, val_loss: 0.006087, val_mae: 0.054693, val_r2: 0.709448
2024-05-22 14:00:51 Epoch 26: lr=1.25e-05
2024-05-22 14:02:03 [Epoch: 26] loss: 0.005098, mae: 0.050632, r2: 0.754686, val_loss: 0.006077, val_mae: 0.054591, val_r2: 0.709533
2024-05-22 14:02:03 Epoch 27: lr=1.25e-05
2024-05-22 14:03:14 [Epoch: 27] loss: 0.005104, mae: 0.050652, r2: 0.754475, val_loss: 0.006092, val_mae: 0.054524, val_r2: 0.709760
2024-05-22 14:03:14 Epoch 28: lr=1.25e-05
2024-05-22 14:04:25 [Epoch: 28] loss: 0.005087, mae: 0.050607, r2: 0.755303, val_loss: 0.006074, val_mae: 0.054306, val_r2: 0.710370
2024-05-22 14:04:25 Epoch 29: lr=1.25e-05
2024-05-22 14:05:37 [Epoch: 29] loss: 0.005088, mae: 0.050599, r2: 0.755000, val_loss: 0.006060, val_mae: 0.054341, val_r2: 0.711029
2024-05-22 14:05:37 Epoch 30: lr=1e-05
2024-05-22 14:06:48 [Epoch: 30] loss: 0.005052, mae: 0.050442, r2: 0.756873, val_loss: 0.006071, val_mae: 0.054561, val_r2: 0.710225
2024-05-22 14:06:48 Epoch 31: lr=1e-05
2024-05-22 14:07:59 [Epoch: 31] loss: 0.005066, mae: 0.050528, r2: 0.756085, val_loss: 0.006080, val_mae: 0.054371, val_r2: 0.709804
2024-05-22 14:07:59 Epoch 32: lr=1e-05
2024-05-22 14:09:10 [Epoch: 32] loss: 0.005060, mae: 0.050448, r2: 0.756374, val_loss: 0.006094, val_mae: 0.054475, val_r2: 0.708766
2024-05-22 14:09:11 Epoch 33: lr=1e-05
2024-05-22 14:10:22 [Epoch: 33] loss: 0.005059, mae: 0.050439, r2: 0.756420, val_loss: 0.006085, val_mae: 0.054397, val_r2: 0.709484
2024-05-22 14:10:22 Epoch 34: lr=1e-05
2024-05-22 14:11:33 [Epoch: 34] loss: 0.005050, mae: 0.050411, r2: 0.756901, val_loss: 0.006048, val_mae: 0.054406, val_r2: 0.711624
2024-05-22 14:11:33 Epoch 35: lr=1e-05
2024-05-22 14:12:44 [Epoch: 35] loss: 0.005037, mae: 0.050361, r2: 0.757629, val_loss: 0.006072, val_mae: 0.054384, val_r2: 0.710088
2024-05-22 14:12:44 Epoch 36: lr=1e-05
2024-05-22 14:13:55 [Epoch: 36] loss: 0.005035, mae: 0.050347, r2: 0.757641, val_loss: 0.006087, val_mae: 0.054351, val_r2: 0.709780
2024-05-22 14:13:56 Epoch 37: lr=1e-05
2024-05-22 14:15:07 [Epoch: 37] loss: 0.005032, mae: 0.050372, r2: 0.757947, val_loss: 0.006095, val_mae: 0.054529, val_r2: 0.708683
2024-05-22 14:15:07 Epoch 38: lr=1e-05
2024-05-22 14:16:18 [Epoch: 38] loss: 0.005028, mae: 0.050330, r2: 0.757881, val_loss: 0.006073, val_mae: 0.054345, val_r2: 0.710075
2024-05-22 14:16:18 Epoch 39: lr=1e-05
2024-05-22 14:17:30 [Epoch: 39] loss: 0.005019, mae: 0.050259, r2: 0.758619, val_loss: 0.006054, val_mae: 0.054380, val_r2: 0.710853
2024-05-22 14:17:30 Epoch 40: lr=1e-05
2024-05-22 14:18:41 [Epoch: 40] loss: 0.005012, mae: 0.050250, r2: 0.758732, val_loss: 0.006081, val_mae: 0.054397, val_r2: 0.709713
2024-05-22 14:18:41 Epoch 41: lr=1e-05
2024-05-22 14:19:52 [Epoch: 41] loss: 0.005004, mae: 0.050185, r2: 0.758983, val_loss: 0.006078, val_mae: 0.054324, val_r2: 0.710418
2024-05-22 14:19:52 Epoch 42: lr=1e-05
2024-05-22 14:21:03 [Epoch: 42] loss: 0.005001, mae: 0.050184, r2: 0.759226, val_loss: 0.006086, val_mae: 0.054385, val_r2: 0.709363
2024-05-22 14:21:03 Epoch 43: lr=1e-05
2024-05-22 14:22:14 [Epoch: 43] loss: 0.004984, mae: 0.050139, r2: 0.759937, val_loss: 0.006071, val_mae: 0.054261, val_r2: 0.709421
2024-05-22 14:22:14 Epoch 44: lr=1e-05
2024-05-22 14:23:24 [Epoch: 44] loss: 0.004986, mae: 0.050110, r2: 0.759960, val_loss: 0.006074, val_mae: 0.054326, val_r2: 0.710518
2024-05-22 14:23:25 history_length: 45
2024-05-22 14:23:25 stopping: early
2024-05-22 14:23:25 Comparing y_true and y_pred:
2024-05-22 14:23:25   mse: 0.00215137
2024-05-22 14:23:25   mae: 0.03372056
2024-05-22 14:23:25   r2: 0.05701702
2024-05-22 14:23:25   corr: 0.27285194
