2024-05-18 17:28:38 UNO RUN ...
2024-05-18 17:28:38 Params: {'model_name': 'uno', 'train_sources': ['CCLE'], 'test_sources': ['train'], 'cell_types': None, 'cell_features': ['rnaseq'], 'drug_features': ['descriptors'], 'dense': [1000, 1000, 1000, 1000, 1000], 'dense_feature_layers': [1000, 1000, 1000], 'activation': 'relu', 'loss': 'mse', 'optimizer': 'adamax', 'scaling': 'std', 'dropout': 0.1, 'epochs': 75, 'batch_size': 32, 'val_split': 0.2, 'cv': 1, 'max_val_loss': 1.0, 'learning_rate': 0.0001, 'base_lr': None, 'agg_dose': 'AUC', 'residual': False, 'reduce_lr': True, 'warmup_lr': True, 'batch_normalization': False, 'feature_subsample': 0, 'rng_seed': 2018, 'no_gen': False, 'verbose': False, 'preprocess_rnaseq': 'source_scale', 'gpus': [0], 'use_landmark_genes': True, 'no_feature_source': True, 'no_response_source': True, 'save_path': '/dev/shm/Uno/save/8999189.amn-0001/82', 'single': True, 'on_memory_loader': True, 'ckpt_checksum': True, 'ckpt_save_interval': 0, 'timeout': -1, 'train_bool': True, 'profiling': False, 'experiment_id': '8999189.amn-0001', 'run_id': '82', 'logfile': '/dev/shm/Uno/save/8999189.amn-0001/82/python.log', 'shuffle': False, 'ckpt_restart_mode': 'off', 'ckpt_skip_epochs': 0, 'ckpt_directory': '/dev/shm/Uno/save/8999189.amn-0001/82', 'ckpt_save_best': True, 'ckpt_save_best_metric': 'val_loss', 'ckpt_save_weights_only': False, 'ckpt_keep_mode': 'linear', 'ckpt_keep_limit': 5, 'by_cell': None, 'by_drug': None, 'cell_subset_path': '', 'drug_subset_path': '', 'drug_median_response_min': -1, 'drug_median_response_max': 1, 'dense_cell_feature_layers': None, 'dense_drug_feature_layers': None, 'use_filtered_genes': False, 'feature_subset_path': '', 'cell_feature_subset_path': '', 'drug_feature_subset_path': '', 'es': True, 'cp': False, 'tb': False, 'tb_prefix': 'tb', 'partition_by': None, 'cache': None, 'export_csv': None, 'export_data': None, 'use_exported_data': '/dev/shm/Uno/x1922c5s0b0n0.82.merged.landmark.h5', 'growth_bins': 0, 'initial_weights': None, 'save_weights': '/dev/shm/Uno/save/8999189.amn-0001/82/5.0.model.h5', 'config_file': '/home/brettin/CSC249ADOA01_CNDA/brettin/Benchmarks/Pilot1/Uno/uno_auc_model.txt', 'data_type': <class 'numpy.float32'>, 'data_dir': '/dev/shm/Uno/uno/Data', 'output_dir': '/dev/shm/Uno/uno/Output/8999189.amn-0001/82'}
2024-05-18 17:28:38 Feature encoding submodel for cell.rnaseq:
2024-05-18 17:28:38 Model: "cell.rnaseq"
2024-05-18 17:28:38 _________________________________________________________________
2024-05-18 17:28:38  Layer (type)                Output Shape              Param #   
2024-05-18 17:28:38 =================================================================
2024-05-18 17:28:38  input_1 (InputLayer)        [(None, 958)]             0         
2024-05-18 17:28:38                                                                  
2024-05-18 17:28:38  dense (Dense)               (None, 1000)              959000    
2024-05-18 17:28:38                                                                  
2024-05-18 17:28:38  permanent_dropout (Permane  (None, 1000)              0         
2024-05-18 17:28:38  ntDropout)                                                      
2024-05-18 17:28:38                                                                  
2024-05-18 17:28:38  dense_1 (Dense)             (None, 1000)              1001000   
2024-05-18 17:28:38                                                                  
2024-05-18 17:28:38  permanent_dropout_1 (Perma  (None, 1000)              0         
2024-05-18 17:28:38  nentDropout)                                                    
2024-05-18 17:28:38                                                                  
2024-05-18 17:28:38  dense_2 (Dense)             (None, 1000)              1001000   
2024-05-18 17:28:38                                                                  
2024-05-18 17:28:38  permanent_dropout_2 (Perma  (None, 1000)              0         
2024-05-18 17:28:38  nentDropout)                                                    
2024-05-18 17:28:38                                                                  
2024-05-18 17:28:38 =================================================================
2024-05-18 17:28:38 Total params: 2961000 (11.30 MB)
2024-05-18 17:28:38 Trainable params: 2961000 (11.30 MB)
2024-05-18 17:28:38 Non-trainable params: 0 (0.00 Byte)
2024-05-18 17:28:38 _________________________________________________________________
2024-05-18 17:28:38 Feature encoding submodel for drug.descriptors:
2024-05-18 17:28:38 Model: "drug.descriptors"
2024-05-18 17:28:38 _________________________________________________________________
2024-05-18 17:28:38  Layer (type)                Output Shape              Param #   
2024-05-18 17:28:38 =================================================================
2024-05-18 17:28:38  input_2 (InputLayer)        [(None, 1613)]            0         
2024-05-18 17:28:38                                                                  
2024-05-18 17:28:38  dense_3 (Dense)             (None, 1000)              1614000   
2024-05-18 17:28:38                                                                  
2024-05-18 17:28:38  permanent_dropout_3 (Perma  (None, 1000)              0         
2024-05-18 17:28:38  nentDropout)                                                    
2024-05-18 17:28:38                                                                  
2024-05-18 17:28:38  dense_4 (Dense)             (None, 1000)              1001000   
2024-05-18 17:28:38                                                                  
2024-05-18 17:28:38  permanent_dropout_4 (Perma  (None, 1000)              0         
2024-05-18 17:28:38  nentDropout)                                                    
2024-05-18 17:28:38                                                                  
2024-05-18 17:28:38  dense_5 (Dense)             (None, 1000)              1001000   
2024-05-18 17:28:38                                                                  
2024-05-18 17:28:38  permanent_dropout_5 (Perma  (None, 1000)              0         
2024-05-18 17:28:38  nentDropout)                                                    
2024-05-18 17:28:38                                                                  
2024-05-18 17:28:38 =================================================================
2024-05-18 17:28:38 Total params: 3616000 (13.79 MB)
2024-05-18 17:28:38 Trainable params: 3616000 (13.79 MB)
2024-05-18 17:28:38 Non-trainable params: 0 (0.00 Byte)
2024-05-18 17:28:38 _________________________________________________________________
2024-05-18 17:28:38 Combined model:
2024-05-18 17:28:38 Model: "model"
2024-05-18 17:28:38 __________________________________________________________________________________________________
2024-05-18 17:28:38  Layer (type)                Output Shape                 Param #   Connected to                  
2024-05-18 17:28:38 ==================================================================================================
2024-05-18 17:28:38  input.cell.rnaseq (InputLa  [(None, 958)]                0         []                            
2024-05-18 17:28:38  yer)                                                                                             
2024-05-18 17:28:38                                                                                                   
2024-05-18 17:28:38  input.drug1.descriptors (I  [(None, 1613)]               0         []                            
2024-05-18 17:28:38  nputLayer)                                                                                       
2024-05-18 17:28:38                                                                                                   
2024-05-18 17:28:38  cell.rnaseq (Functional)    (None, 1000)                 2961000   ['input.cell.rnaseq[0][0]']   
2024-05-18 17:28:38                                                                                                   
2024-05-18 17:28:38  drug.descriptors (Function  (None, 1000)                 3616000   ['input.drug1.descriptors[0][0
2024-05-18 17:28:38  al)                                                                ]']                           
2024-05-18 17:28:38                                                                                                   
2024-05-18 17:28:38  concatenate (Concatenate)   (None, 2000)                 0         ['cell.rnaseq[0][0]',         
2024-05-18 17:28:38                                                                      'drug.descriptors[0][0]']    
2024-05-18 17:28:38                                                                                                   
2024-05-18 17:28:38  dense_6 (Dense)             (None, 1000)                 2001000   ['concatenate[0][0]']         
2024-05-18 17:28:38                                                                                                   
2024-05-18 17:28:38  permanent_dropout_6 (Perma  (None, 1000)                 0         ['dense_6[0][0]']             
2024-05-18 17:28:38  nentDropout)                                                                                     
2024-05-18 17:28:38                                                                                                   
2024-05-18 17:28:38  dense_7 (Dense)             (None, 1000)                 1001000   ['permanent_dropout_6[0][0]'] 
2024-05-18 17:28:38                                                                                                   
2024-05-18 17:28:38  permanent_dropout_7 (Perma  (None, 1000)                 0         ['dense_7[0][0]']             
2024-05-18 17:28:38  nentDropout)                                                                                     
2024-05-18 17:28:38                                                                                                   
2024-05-18 17:28:38  dense_8 (Dense)             (None, 1000)                 1001000   ['permanent_dropout_7[0][0]'] 
2024-05-18 17:28:38                                                                                                   
2024-05-18 17:28:38  permanent_dropout_8 (Perma  (None, 1000)                 0         ['dense_8[0][0]']             
2024-05-18 17:28:38  nentDropout)                                                                                     
2024-05-18 17:28:38                                                                                                   
2024-05-18 17:28:38  dense_9 (Dense)             (None, 1000)                 1001000   ['permanent_dropout_8[0][0]'] 
2024-05-18 17:28:38                                                                                                   
2024-05-18 17:28:38  permanent_dropout_9 (Perma  (None, 1000)                 0         ['dense_9[0][0]']             
2024-05-18 17:28:38  nentDropout)                                                                                     
2024-05-18 17:28:38                                                                                                   
2024-05-18 17:28:38  dense_10 (Dense)            (None, 1000)                 1001000   ['permanent_dropout_9[0][0]'] 
2024-05-18 17:28:38                                                                                                   
2024-05-18 17:28:38  permanent_dropout_10 (Perm  (None, 1000)                 0         ['dense_10[0][0]']            
2024-05-18 17:28:38  anentDropout)                                                                                    
2024-05-18 17:28:38                                                                                                   
2024-05-18 17:28:38  dense_11 (Dense)            (None, 1)                    1001      ['permanent_dropout_10[0][0]']
2024-05-18 17:28:38                                                                                                   
2024-05-18 17:28:38 ==================================================================================================
2024-05-18 17:28:38 Total params: 12583001 (48.00 MB)
2024-05-18 17:28:38 Trainable params: 12583001 (48.00 MB)
2024-05-18 17:28:38 Non-trainable params: 0 (0.00 Byte)
2024-05-18 17:28:38 __________________________________________________________________________________________________
2024-05-18 17:28:38 CKPT CONSTRUCT...
2024-05-18 17:28:38 CKPT CONSTRUCT OK.
2024-05-18 17:28:38 template model: <keras.src.engine.functional.Functional object at 0x1482f68c5f70>
2024-05-18 17:28:40 COMPILE
2024-05-18 17:28:40 Will save weights to: /dev/shm/Uno/save/8999189.amn-0001/82/5.0.model.h5
2024-05-18 17:28:56 Between random pairs in y_val:
2024-05-18 17:28:56   mse: 0.04757810
2024-05-18 17:28:56   mae: 0.15980933
2024-05-18 17:28:56   r2: -0.99454096
2024-05-18 17:28:56   corr: 0.00272952
2024-05-18 17:28:56 Data points per epoch: train = 469756, val = 117439, test = 514
2024-05-18 17:28:56 Steps per epoch: train = 14679, val = 3669, test = 16
2024-05-18 17:28:56 Epoch 0: lr=0.001
2024-05-18 17:30:10 [Epoch: 0] loss: 0.023657, mae: 0.079101, r2: 0.143105, val_loss: 0.008971, val_mae: 0.069187, val_r2: 0.567402
2024-05-18 17:30:11 Epoch 1: lr=0.00082
2024-05-18 17:31:23 [Epoch: 1] loss: 0.007970, mae: 0.063819, r2: 0.621479, val_loss: 0.007690, val_mae: 0.063872, val_r2: 0.638883
2024-05-18 17:31:23 Epoch 2: lr=0.00064
2024-05-18 17:32:36 [Epoch: 2] loss: 0.007310, mae: 0.060799, r2: 0.651841, val_loss: 0.007215, val_mae: 0.060913, val_r2: 0.656628
2024-05-18 17:32:36 Epoch 3: lr=0.00046
2024-05-18 17:33:48 [Epoch: 3] loss: 0.006828, mae: 0.058639, r2: 0.674109, val_loss: 0.006853, val_mae: 0.058649, val_r2: 0.676108
2024-05-18 17:33:48 Epoch 4: lr=0.00028
2024-05-18 17:35:01 [Epoch: 4] loss: 0.006423, mae: 0.056785, r2: 0.692631, val_loss: 0.006605, val_mae: 0.057547, val_r2: 0.687968
2024-05-18 17:35:01 Epoch 5: lr=0.0001
2024-05-18 17:36:13 [Epoch: 5] loss: 0.006091, mae: 0.055250, r2: 0.708068, val_loss: 0.006437, val_mae: 0.056860, val_r2: 0.694898
2024-05-18 17:36:13 Epoch 6: lr=0.0001
2024-05-18 17:37:25 [Epoch: 6] loss: 0.005998, mae: 0.054837, r2: 0.712455, val_loss: 0.006380, val_mae: 0.056744, val_r2: 0.696183
2024-05-18 17:37:25 Epoch 7: lr=0.0001
2024-05-18 17:38:38 [Epoch: 7] loss: 0.005897, mae: 0.054372, r2: 0.717039, val_loss: 0.006338, val_mae: 0.055656, val_r2: 0.698627
2024-05-18 17:38:38 Epoch 8: lr=0.0001
2024-05-18 17:39:50 [Epoch: 8] loss: 0.005842, mae: 0.054094, r2: 0.719584, val_loss: 0.006298, val_mae: 0.055928, val_r2: 0.700822
2024-05-18 17:39:51 Epoch 9: lr=0.0001
2024-05-18 17:41:03 [Epoch: 9] loss: 0.005775, mae: 0.053805, r2: 0.722843, val_loss: 0.006291, val_mae: 0.055822, val_r2: 0.700117
2024-05-18 17:41:03 Epoch 10: lr=0.0001
2024-05-18 17:42:16 [Epoch: 10] loss: 0.005710, mae: 0.053464, r2: 0.725784, val_loss: 0.006263, val_mae: 0.056086, val_r2: 0.701865
2024-05-18 17:42:16 Epoch 11: lr=0.0001
2024-05-18 17:43:28 [Epoch: 11] loss: 0.005648, mae: 0.053248, r2: 0.728731, val_loss: 0.006182, val_mae: 0.055190, val_r2: 0.705218
2024-05-18 17:43:28 Epoch 12: lr=0.0001
2024-05-18 17:44:41 [Epoch: 12] loss: 0.005590, mae: 0.052960, r2: 0.731328, val_loss: 0.006212, val_mae: 0.055591, val_r2: 0.704286
2024-05-18 17:44:41 Epoch 13: lr=0.0001
2024-05-18 17:45:54 [Epoch: 13] loss: 0.005539, mae: 0.052730, r2: 0.733957, val_loss: 0.006192, val_mae: 0.055095, val_r2: 0.703870
2024-05-18 17:45:54 Epoch 14: lr=0.0001
2024-05-18 17:47:06 [Epoch: 14] loss: 0.005481, mae: 0.052441, r2: 0.736217, val_loss: 0.006184, val_mae: 0.055140, val_r2: 0.705662
2024-05-18 17:47:06 Epoch 15: lr=0.0001
2024-05-18 17:48:19 [Epoch: 15] loss: 0.005428, mae: 0.052200, r2: 0.739005, val_loss: 0.006180, val_mae: 0.054854, val_r2: 0.705492
2024-05-18 17:48:19 Epoch 16: lr=0.0001
2024-05-18 17:49:31 [Epoch: 16] loss: 0.005368, mae: 0.051976, r2: 0.741779, val_loss: 0.006183, val_mae: 0.054741, val_r2: 0.705355
2024-05-18 17:49:31 Epoch 17: lr=5e-05
2024-05-18 17:50:44 [Epoch: 17] loss: 0.005270, mae: 0.051464, r2: 0.746526, val_loss: 0.006127, val_mae: 0.054785, val_r2: 0.707951
2024-05-18 17:50:44 Epoch 18: lr=5e-05
2024-05-18 17:51:56 [Epoch: 18] loss: 0.005217, mae: 0.051203, r2: 0.748864, val_loss: 0.006151, val_mae: 0.055225, val_r2: 0.706921
2024-05-18 17:51:57 Epoch 19: lr=5e-05
2024-05-18 17:53:09 [Epoch: 19] loss: 0.005186, mae: 0.051092, r2: 0.750383, val_loss: 0.006121, val_mae: 0.054692, val_r2: 0.708167
2024-05-18 17:53:09 Epoch 20: lr=5e-05
2024-05-18 17:54:21 [Epoch: 20] loss: 0.005167, mae: 0.051011, r2: 0.751272, val_loss: 0.006079, val_mae: 0.054550, val_r2: 0.709237
2024-05-18 17:54:21 Epoch 21: lr=5e-05
2024-05-18 17:55:34 [Epoch: 21] loss: 0.005139, mae: 0.050869, r2: 0.752323, val_loss: 0.006108, val_mae: 0.054743, val_r2: 0.708600
2024-05-18 17:55:34 Epoch 22: lr=5e-05
2024-05-18 17:56:47 [Epoch: 22] loss: 0.005101, mae: 0.050680, r2: 0.754404, val_loss: 0.006130, val_mae: 0.054706, val_r2: 0.707945
2024-05-18 17:56:47 Epoch 23: lr=5e-05
2024-05-18 17:57:59 [Epoch: 23] loss: 0.005091, mae: 0.050613, r2: 0.754950, val_loss: 0.006100, val_mae: 0.054559, val_r2: 0.709292
2024-05-18 17:58:00 Epoch 24: lr=5e-05
2024-05-18 17:59:12 [Epoch: 24] loss: 0.005057, mae: 0.050448, r2: 0.756755, val_loss: 0.006096, val_mae: 0.054336, val_r2: 0.709265
2024-05-18 17:59:12 Epoch 25: lr=5e-05
2024-05-18 18:00:24 [Epoch: 25] loss: 0.005025, mae: 0.050303, r2: 0.757856, val_loss: 0.006107, val_mae: 0.054292, val_r2: 0.708765
2024-05-18 18:00:25 Epoch 26: lr=2.5e-05
2024-05-18 18:01:37 [Epoch: 26] loss: 0.004971, mae: 0.050034, r2: 0.760520, val_loss: 0.006104, val_mae: 0.054485, val_r2: 0.708791
2024-05-18 18:01:37 Epoch 27: lr=2.5e-05
2024-05-18 18:02:50 [Epoch: 27] loss: 0.004953, mae: 0.049958, r2: 0.761289, val_loss: 0.006098, val_mae: 0.054377, val_r2: 0.709655
2024-05-18 18:02:50 Epoch 28: lr=2.5e-05
2024-05-18 18:04:02 [Epoch: 28] loss: 0.004935, mae: 0.049884, r2: 0.761985, val_loss: 0.006100, val_mae: 0.054371, val_r2: 0.709291
2024-05-18 18:04:02 Epoch 29: lr=2.5e-05
2024-05-18 18:05:15 [Epoch: 29] loss: 0.004924, mae: 0.049810, r2: 0.762398, val_loss: 0.006075, val_mae: 0.054330, val_r2: 0.710665
2024-05-18 18:05:15 Epoch 30: lr=2.5e-05
2024-05-18 18:06:28 [Epoch: 30] loss: 0.004905, mae: 0.049725, r2: 0.763329, val_loss: 0.006088, val_mae: 0.054414, val_r2: 0.708663
2024-05-18 18:06:28 Epoch 31: lr=1.25e-05
2024-05-18 18:07:40 [Epoch: 31] loss: 0.004877, mae: 0.049587, r2: 0.764623, val_loss: 0.006103, val_mae: 0.054601, val_r2: 0.708692
2024-05-18 18:07:40 Epoch 32: lr=1.25e-05
2024-05-18 18:08:53 [Epoch: 32] loss: 0.004874, mae: 0.049590, r2: 0.764915, val_loss: 0.006098, val_mae: 0.054386, val_r2: 0.709270
2024-05-18 18:08:53 Epoch 33: lr=1.25e-05
2024-05-18 18:10:05 [Epoch: 33] loss: 0.004868, mae: 0.049516, r2: 0.765208, val_loss: 0.006092, val_mae: 0.054338, val_r2: 0.709213
2024-05-18 18:10:05 Epoch 34: lr=1.25e-05
2024-05-18 18:11:18 [Epoch: 34] loss: 0.004857, mae: 0.049490, r2: 0.765866, val_loss: 0.006122, val_mae: 0.054318, val_r2: 0.707719
2024-05-18 18:11:18 Epoch 35: lr=1.25e-05
2024-05-18 18:12:30 [Epoch: 35] loss: 0.004843, mae: 0.049440, r2: 0.766469, val_loss: 0.006103, val_mae: 0.054269, val_r2: 0.708592
2024-05-18 18:12:30 Epoch 36: lr=1e-05
2024-05-18 18:13:43 [Epoch: 36] loss: 0.004830, mae: 0.049359, r2: 0.766953, val_loss: 0.006111, val_mae: 0.054348, val_r2: 0.707889
2024-05-18 18:13:43 Epoch 37: lr=1e-05
2024-05-18 18:14:55 [Epoch: 37] loss: 0.004843, mae: 0.049392, r2: 0.766286, val_loss: 0.006087, val_mae: 0.054353, val_r2: 0.709460
2024-05-18 18:14:55 Epoch 38: lr=1e-05
2024-05-18 18:16:08 [Epoch: 38] loss: 0.004838, mae: 0.049390, r2: 0.766741, val_loss: 0.006111, val_mae: 0.054497, val_r2: 0.708128
2024-05-18 18:16:08 Epoch 39: lr=1e-05
2024-05-18 18:17:20 [Epoch: 39] loss: 0.004825, mae: 0.049330, r2: 0.767199, val_loss: 0.006118, val_mae: 0.054521, val_r2: 0.707515
2024-05-18 18:17:21 history_length: 40
2024-05-18 18:17:21 stopping: early
2024-05-18 18:17:21 Comparing y_true and y_pred:
2024-05-18 18:17:21   mse: 0.01082331
2024-05-18 18:17:21   mae: 0.08201678
2024-05-18 18:17:21   r2: -2.66907915
2024-05-18 18:17:21   corr: 0.31566933
