2024-04-29 10:35:24 UNO RUN ...
2024-04-29 10:35:24 Params: {'model_name': 'uno', 'train_sources': ['CCLE'], 'test_sources': ['train'], 'cell_types': None, 'cell_features': ['rnaseq'], 'drug_features': ['descriptors'], 'dense': [1000, 1000, 1000, 1000, 1000], 'dense_feature_layers': [1000, 1000, 1000], 'activation': 'relu', 'loss': 'mse', 'optimizer': 'adamax', 'scaling': 'std', 'dropout': 0.1, 'epochs': 30, 'batch_size': 32, 'val_split': 0.2, 'cv': 1, 'max_val_loss': 1.0, 'learning_rate': 0.0001, 'base_lr': None, 'agg_dose': 'AUC', 'residual': False, 'reduce_lr': True, 'warmup_lr': True, 'batch_normalization': False, 'feature_subsample': 0, 'rng_seed': 2018, 'no_gen': False, 'verbose': False, 'preprocess_rnaseq': 'source_scale', 'gpus': [0], 'use_landmark_genes': True, 'no_feature_source': True, 'no_response_source': True, 'save_path': '/dev/shm/Uno/save/8994056.amn-0001/219', 'single': True, 'on_memory_loader': True, 'ckpt_checksum': True, 'ckpt_save_interval': 0, 'timeout': -1, 'train_bool': True, 'profiling': False, 'experiment_id': '8994056.amn-0001', 'run_id': '219', 'logfile': '/dev/shm/Uno/save/8994056.amn-0001/219/python.log', 'shuffle': False, 'ckpt_restart_mode': 'off', 'ckpt_skip_epochs': 0, 'ckpt_directory': '/dev/shm/Uno/save/8994056.amn-0001/219', 'ckpt_save_best': True, 'ckpt_save_best_metric': 'val_loss', 'ckpt_save_weights_only': False, 'ckpt_keep_mode': 'linear', 'ckpt_keep_limit': 5, 'by_cell': None, 'by_drug': None, 'cell_subset_path': '', 'drug_subset_path': '', 'drug_median_response_min': -1, 'drug_median_response_max': 1, 'dense_cell_feature_layers': None, 'dense_drug_feature_layers': None, 'use_filtered_genes': False, 'feature_subset_path': '', 'cell_feature_subset_path': '', 'drug_feature_subset_path': '', 'es': True, 'cp': False, 'tb': False, 'tb_prefix': 'tb', 'partition_by': None, 'cache': None, 'export_csv': None, 'export_data': None, 'use_exported_data': '/dev/shm/Uno/x1922c1s2b0n0.219.merged.landmark.h5', 'growth_bins': 0, 'initial_weights': None, 'save_weights': '/dev/shm/Uno/save/8994056.amn-0001/219/1.1.model.h5', 'config_file': '/home/brettin/CSC249ADOA01_CNDA/brettin/Benchmarks/Pilot1/Uno/uno_auc_model.txt', 'data_type': <class 'numpy.float32'>, 'data_dir': '/dev/shm/Uno/uno/Data', 'output_dir': '/dev/shm/Uno/uno/Output/8994056.amn-0001/219'}
2024-04-29 10:35:24 Feature encoding submodel for cell.rnaseq:
2024-04-29 10:35:24 Model: "cell.rnaseq"
2024-04-29 10:35:24 _________________________________________________________________
2024-04-29 10:35:24  Layer (type)                Output Shape              Param #   
2024-04-29 10:35:24 =================================================================
2024-04-29 10:35:24  input_1 (InputLayer)        [(None, 958)]             0         
2024-04-29 10:35:24                                                                  
2024-04-29 10:35:24  dense (Dense)               (None, 1000)              959000    
2024-04-29 10:35:24                                                                  
2024-04-29 10:35:24  permanent_dropout (Permane  (None, 1000)              0         
2024-04-29 10:35:24  ntDropout)                                                      
2024-04-29 10:35:24                                                                  
2024-04-29 10:35:24  dense_1 (Dense)             (None, 1000)              1001000   
2024-04-29 10:35:24                                                                  
2024-04-29 10:35:24  permanent_dropout_1 (Perma  (None, 1000)              0         
2024-04-29 10:35:24  nentDropout)                                                    
2024-04-29 10:35:24                                                                  
2024-04-29 10:35:24  dense_2 (Dense)             (None, 1000)              1001000   
2024-04-29 10:35:24                                                                  
2024-04-29 10:35:24  permanent_dropout_2 (Perma  (None, 1000)              0         
2024-04-29 10:35:24  nentDropout)                                                    
2024-04-29 10:35:24                                                                  
2024-04-29 10:35:24 =================================================================
2024-04-29 10:35:24 Total params: 2961000 (11.30 MB)
2024-04-29 10:35:24 Trainable params: 2961000 (11.30 MB)
2024-04-29 10:35:24 Non-trainable params: 0 (0.00 Byte)
2024-04-29 10:35:24 _________________________________________________________________
2024-04-29 10:35:24 Feature encoding submodel for drug.descriptors:
2024-04-29 10:35:24 Model: "drug.descriptors"
2024-04-29 10:35:24 _________________________________________________________________
2024-04-29 10:35:24  Layer (type)                Output Shape              Param #   
2024-04-29 10:35:24 =================================================================
2024-04-29 10:35:24  input_2 (InputLayer)        [(None, 1613)]            0         
2024-04-29 10:35:24                                                                  
2024-04-29 10:35:24  dense_3 (Dense)             (None, 1000)              1614000   
2024-04-29 10:35:24                                                                  
2024-04-29 10:35:24  permanent_dropout_3 (Perma  (None, 1000)              0         
2024-04-29 10:35:24  nentDropout)                                                    
2024-04-29 10:35:24                                                                  
2024-04-29 10:35:24  dense_4 (Dense)             (None, 1000)              1001000   
2024-04-29 10:35:24                                                                  
2024-04-29 10:35:24  permanent_dropout_4 (Perma  (None, 1000)              0         
2024-04-29 10:35:24  nentDropout)                                                    
2024-04-29 10:35:24                                                                  
2024-04-29 10:35:24  dense_5 (Dense)             (None, 1000)              1001000   
2024-04-29 10:35:24                                                                  
2024-04-29 10:35:24  permanent_dropout_5 (Perma  (None, 1000)              0         
2024-04-29 10:35:24  nentDropout)                                                    
2024-04-29 10:35:24                                                                  
2024-04-29 10:35:24 =================================================================
2024-04-29 10:35:24 Total params: 3616000 (13.79 MB)
2024-04-29 10:35:24 Trainable params: 3616000 (13.79 MB)
2024-04-29 10:35:24 Non-trainable params: 0 (0.00 Byte)
2024-04-29 10:35:24 _________________________________________________________________
2024-04-29 10:35:24 Combined model:
2024-04-29 10:35:24 Model: "model"
2024-04-29 10:35:24 __________________________________________________________________________________________________
2024-04-29 10:35:24  Layer (type)                Output Shape                 Param #   Connected to                  
2024-04-29 10:35:24 ==================================================================================================
2024-04-29 10:35:24  input.cell.rnaseq (InputLa  [(None, 958)]                0         []                            
2024-04-29 10:35:24  yer)                                                                                             
2024-04-29 10:35:24                                                                                                   
2024-04-29 10:35:24  input.drug1.descriptors (I  [(None, 1613)]               0         []                            
2024-04-29 10:35:24  nputLayer)                                                                                       
2024-04-29 10:35:24                                                                                                   
2024-04-29 10:35:24  cell.rnaseq (Functional)    (None, 1000)                 2961000   ['input.cell.rnaseq[0][0]']   
2024-04-29 10:35:24                                                                                                   
2024-04-29 10:35:24  drug.descriptors (Function  (None, 1000)                 3616000   ['input.drug1.descriptors[0][0
2024-04-29 10:35:24  al)                                                                ]']                           
2024-04-29 10:35:24                                                                                                   
2024-04-29 10:35:24  concatenate (Concatenate)   (None, 2000)                 0         ['cell.rnaseq[0][0]',         
2024-04-29 10:35:24                                                                      'drug.descriptors[0][0]']    
2024-04-29 10:35:24                                                                                                   
2024-04-29 10:35:24  dense_6 (Dense)             (None, 1000)                 2001000   ['concatenate[0][0]']         
2024-04-29 10:35:24                                                                                                   
2024-04-29 10:35:24  permanent_dropout_6 (Perma  (None, 1000)                 0         ['dense_6[0][0]']             
2024-04-29 10:35:24  nentDropout)                                                                                     
2024-04-29 10:35:24                                                                                                   
2024-04-29 10:35:24  dense_7 (Dense)             (None, 1000)                 1001000   ['permanent_dropout_6[0][0]'] 
2024-04-29 10:35:24                                                                                                   
2024-04-29 10:35:24  permanent_dropout_7 (Perma  (None, 1000)                 0         ['dense_7[0][0]']             
2024-04-29 10:35:24  nentDropout)                                                                                     
2024-04-29 10:35:24                                                                                                   
2024-04-29 10:35:24  dense_8 (Dense)             (None, 1000)                 1001000   ['permanent_dropout_7[0][0]'] 
2024-04-29 10:35:24                                                                                                   
2024-04-29 10:35:24  permanent_dropout_8 (Perma  (None, 1000)                 0         ['dense_8[0][0]']             
2024-04-29 10:35:24  nentDropout)                                                                                     
2024-04-29 10:35:24                                                                                                   
2024-04-29 10:35:24  dense_9 (Dense)             (None, 1000)                 1001000   ['permanent_dropout_8[0][0]'] 
2024-04-29 10:35:24                                                                                                   
2024-04-29 10:35:24  permanent_dropout_9 (Perma  (None, 1000)                 0         ['dense_9[0][0]']             
2024-04-29 10:35:24  nentDropout)                                                                                     
2024-04-29 10:35:24                                                                                                   
2024-04-29 10:35:24  dense_10 (Dense)            (None, 1000)                 1001000   ['permanent_dropout_9[0][0]'] 
2024-04-29 10:35:24                                                                                                   
2024-04-29 10:35:24  permanent_dropout_10 (Perm  (None, 1000)                 0         ['dense_10[0][0]']            
2024-04-29 10:35:24  anentDropout)                                                                                    
2024-04-29 10:35:24                                                                                                   
2024-04-29 10:35:24  dense_11 (Dense)            (None, 1)                    1001      ['permanent_dropout_10[0][0]']
2024-04-29 10:35:24                                                                                                   
2024-04-29 10:35:24 ==================================================================================================
2024-04-29 10:35:24 Total params: 12583001 (48.00 MB)
2024-04-29 10:35:24 Trainable params: 12583001 (48.00 MB)
2024-04-29 10:35:24 Non-trainable params: 0 (0.00 Byte)
2024-04-29 10:35:24 __________________________________________________________________________________________________
2024-04-29 10:35:24 CKPT CONSTRUCT...
2024-04-29 10:35:24 CKPT CONSTRUCT OK.
2024-04-29 10:35:24 template model: <keras.src.engine.functional.Functional object at 0x1541d39aca60>
2024-04-29 10:35:26 COMPILE
2024-04-29 10:35:26 Will save weights to: /dev/shm/Uno/save/8994056.amn-0001/219/1.1.model.h5
2024-04-29 10:35:43 Between random pairs in y_val:
2024-04-29 10:35:43   mse: 0.04750765
2024-04-29 10:35:43   mae: 0.15956564
2024-04-29 10:35:43   r2: -0.98980014
2024-04-29 10:35:43   corr: 0.00509993
2024-04-29 10:35:43 Data points per epoch: train = 470167, val = 117542, test = 699
2024-04-29 10:35:43 Steps per epoch: train = 14692, val = 3673, test = 21
2024-04-29 10:35:43 Epoch 0: lr=0.001
2024-04-29 10:36:57 [Epoch: 0] loss: 0.025663, mae: 0.079350, r2: -0.533999, val_loss: 0.008595, val_mae: 0.065709, val_r2: 0.591497
2024-04-29 10:36:57 Epoch 1: lr=0.00082
2024-04-29 10:38:09 [Epoch: 1] loss: 0.007990, mae: 0.063829, r2: 0.620057, val_loss: 0.007774, val_mae: 0.062099, val_r2: 0.636687
2024-04-29 10:38:09 Epoch 2: lr=0.00064
2024-04-29 10:39:21 [Epoch: 2] loss: 0.007317, mae: 0.060752, r2: 0.650748, val_loss: 0.007212, val_mae: 0.060722, val_r2: 0.660730
2024-04-29 10:39:21 Epoch 3: lr=0.00046
2024-04-29 10:40:34 [Epoch: 3] loss: 0.006833, mae: 0.058686, r2: 0.673301, val_loss: 0.006773, val_mae: 0.058421, val_r2: 0.676405
2024-04-29 10:40:34 Epoch 4: lr=0.00028
2024-04-29 10:41:46 [Epoch: 4] loss: 0.006444, mae: 0.056823, r2: 0.691210, val_loss: 0.006577, val_mae: 0.056891, val_r2: 0.686620
2024-04-29 10:41:46 Epoch 5: lr=0.0001
2024-04-29 10:42:59 [Epoch: 5] loss: 0.006130, mae: 0.055337, r2: 0.705601, val_loss: 0.006383, val_mae: 0.056534, val_r2: 0.695669
2024-04-29 10:42:59 Epoch 6: lr=0.0001
2024-04-29 10:44:12 [Epoch: 6] loss: 0.006024, mae: 0.054853, r2: 0.710833, val_loss: 0.006355, val_mae: 0.055895, val_r2: 0.696574
2024-04-29 10:44:12 Epoch 7: lr=0.0001
2024-04-29 10:45:24 [Epoch: 7] loss: 0.005939, mae: 0.054480, r2: 0.714657, val_loss: 0.006338, val_mae: 0.055761, val_r2: 0.697779
2024-04-29 10:45:25 Epoch 8: lr=0.0001
2024-04-29 10:46:37 [Epoch: 8] loss: 0.005884, mae: 0.054197, r2: 0.717044, val_loss: 0.006302, val_mae: 0.056014, val_r2: 0.700326
2024-04-29 10:46:37 Epoch 9: lr=0.0001
2024-04-29 10:47:50 [Epoch: 9] loss: 0.005802, mae: 0.053907, r2: 0.721030, val_loss: 0.006257, val_mae: 0.055498, val_r2: 0.700762
2024-04-29 10:47:50 Epoch 10: lr=0.0001
2024-04-29 10:49:02 [Epoch: 10] loss: 0.005746, mae: 0.053602, r2: 0.723751, val_loss: 0.006247, val_mae: 0.055192, val_r2: 0.700476
2024-04-29 10:49:02 Epoch 11: lr=0.0001
2024-04-29 10:50:14 [Epoch: 11] loss: 0.005698, mae: 0.053373, r2: 0.725949, val_loss: 0.006239, val_mae: 0.055164, val_r2: 0.702865
2024-04-29 10:50:14 Epoch 12: lr=0.0001
2024-04-29 10:51:27 [Epoch: 12] loss: 0.005628, mae: 0.053069, r2: 0.729275, val_loss: 0.006195, val_mae: 0.055594, val_r2: 0.704256
2024-04-29 10:51:27 Epoch 13: lr=0.0001
2024-04-29 10:52:40 [Epoch: 13] loss: 0.005573, mae: 0.052825, r2: 0.731596, val_loss: 0.006163, val_mae: 0.055087, val_r2: 0.706432
2024-04-29 10:52:40 Epoch 14: lr=0.0001
2024-04-29 10:53:53 [Epoch: 14] loss: 0.005518, mae: 0.052571, r2: 0.734542, val_loss: 0.006189, val_mae: 0.054762, val_r2: 0.704998
2024-04-29 10:53:53 Epoch 15: lr=5e-05
2024-04-29 10:55:05 [Epoch: 15] loss: 0.005402, mae: 0.052017, r2: 0.739667, val_loss: 0.006136, val_mae: 0.054544, val_r2: 0.706634
2024-04-29 10:55:05 Epoch 16: lr=5e-05
2024-04-29 10:56:17 [Epoch: 16] loss: 0.005360, mae: 0.051824, r2: 0.741592, val_loss: 0.006138, val_mae: 0.054767, val_r2: 0.707012
2024-04-29 10:56:17 Epoch 17: lr=5e-05
2024-04-29 10:57:30 [Epoch: 17] loss: 0.005320, mae: 0.051641, r2: 0.743545, val_loss: 0.006112, val_mae: 0.054840, val_r2: 0.707466
2024-04-29 10:57:30 Epoch 18: lr=5e-05
2024-04-29 10:58:42 [Epoch: 18] loss: 0.005286, mae: 0.051511, r2: 0.745175, val_loss: 0.006112, val_mae: 0.054576, val_r2: 0.707516
2024-04-29 10:58:42 Epoch 19: lr=5e-05
2024-04-29 10:59:54 [Epoch: 19] loss: 0.005272, mae: 0.051443, r2: 0.745708, val_loss: 0.006105, val_mae: 0.054484, val_r2: 0.708749
2024-04-29 10:59:55 Epoch 20: lr=5e-05
2024-04-29 11:01:07 [Epoch: 20] loss: 0.005236, mae: 0.051282, r2: 0.747594, val_loss: 0.006107, val_mae: 0.054469, val_r2: 0.707804
2024-04-29 11:01:07 Epoch 21: lr=2.5e-05
2024-04-29 11:02:19 [Epoch: 21] loss: 0.005177, mae: 0.050972, r2: 0.750354, val_loss: 0.006102, val_mae: 0.054631, val_r2: 0.708739
2024-04-29 11:02:19 Epoch 22: lr=2.5e-05
2024-04-29 11:03:32 [Epoch: 22] loss: 0.005152, mae: 0.050883, r2: 0.751423, val_loss: 0.006096, val_mae: 0.054610, val_r2: 0.708456
2024-04-29 11:03:32 Epoch 23: lr=2.5e-05
2024-04-29 11:04:44 [Epoch: 23] loss: 0.005130, mae: 0.050753, r2: 0.752347, val_loss: 0.006113, val_mae: 0.054594, val_r2: 0.708043
2024-04-29 11:04:44 Epoch 24: lr=2.5e-05
2024-04-29 11:05:57 [Epoch: 24] loss: 0.005115, mae: 0.050718, r2: 0.753060, val_loss: 0.006094, val_mae: 0.054411, val_r2: 0.708525
2024-04-29 11:05:57 Epoch 25: lr=2.5e-05
2024-04-29 11:07:09 [Epoch: 25] loss: 0.005102, mae: 0.050625, r2: 0.753866, val_loss: 0.006100, val_mae: 0.054543, val_r2: 0.708729
2024-04-29 11:07:09 Epoch 26: lr=1.25e-05
2024-04-29 11:08:22 [Epoch: 26] loss: 0.005064, mae: 0.050463, r2: 0.755467, val_loss: 0.006077, val_mae: 0.054366, val_r2: 0.709339
2024-04-29 11:08:22 Epoch 27: lr=1.25e-05
2024-04-29 11:09:34 [Epoch: 27] loss: 0.005059, mae: 0.050450, r2: 0.755753, val_loss: 0.006085, val_mae: 0.054327, val_r2: 0.708630
2024-04-29 11:09:34 Epoch 28: lr=1.25e-05
2024-04-29 11:10:46 [Epoch: 28] loss: 0.005058, mae: 0.050436, r2: 0.755745, val_loss: 0.006097, val_mae: 0.054379, val_r2: 0.708420
2024-04-29 11:10:46 Epoch 29: lr=1.25e-05
2024-04-29 11:11:59 [Epoch: 29] loss: 0.005045, mae: 0.050396, r2: 0.756344, val_loss: 0.006076, val_mae: 0.054410, val_r2: 0.709339
2024-04-29 11:11:59 history_length: 30
2024-04-29 11:11:59 stopping: complete
2024-04-29 11:11:59 Comparing y_true and y_pred:
2024-04-29 11:11:59   mse: 0.00548670
2024-04-29 11:11:59   mae: 0.05593255
2024-04-29 11:11:59   r2: 0.49074208
2024-04-29 11:11:59   corr: 0.70082740
