2024-05-18 13:19:43 UNO RUN ...
2024-05-18 13:19:43 Params: {'model_name': 'uno', 'train_sources': ['CCLE'], 'test_sources': ['train'], 'cell_types': None, 'cell_features': ['rnaseq'], 'drug_features': ['descriptors'], 'dense': [1000, 1000, 1000, 1000, 1000], 'dense_feature_layers': [1000, 1000, 1000], 'activation': 'relu', 'loss': 'mse', 'optimizer': 'adamax', 'scaling': 'std', 'dropout': 0.1, 'epochs': 75, 'batch_size': 32, 'val_split': 0.2, 'cv': 1, 'max_val_loss': 1.0, 'learning_rate': 0.0001, 'base_lr': None, 'agg_dose': 'AUC', 'residual': False, 'reduce_lr': True, 'warmup_lr': True, 'batch_normalization': False, 'feature_subsample': 0, 'rng_seed': 2018, 'no_gen': False, 'verbose': False, 'preprocess_rnaseq': 'source_scale', 'gpus': [0], 'use_landmark_genes': True, 'no_feature_source': True, 'no_response_source': True, 'save_path': '/dev/shm/Uno/save/8999163.amn-0001/35', 'single': True, 'on_memory_loader': True, 'ckpt_checksum': True, 'ckpt_save_interval': 0, 'timeout': -1, 'train_bool': True, 'profiling': False, 'experiment_id': '8999163.amn-0001', 'run_id': '35', 'logfile': '/dev/shm/Uno/save/8999163.amn-0001/35/python.log', 'shuffle': False, 'ckpt_restart_mode': 'off', 'ckpt_skip_epochs': 0, 'ckpt_directory': '/dev/shm/Uno/save/8999163.amn-0001/35', 'ckpt_save_best': True, 'ckpt_save_best_metric': 'val_loss', 'ckpt_save_weights_only': False, 'ckpt_keep_mode': 'linear', 'ckpt_keep_limit': 5, 'by_cell': None, 'by_drug': None, 'cell_subset_path': '', 'drug_subset_path': '', 'drug_median_response_min': -1, 'drug_median_response_max': 1, 'dense_cell_feature_layers': None, 'dense_drug_feature_layers': None, 'use_filtered_genes': False, 'feature_subset_path': '', 'cell_feature_subset_path': '', 'drug_feature_subset_path': '', 'es': True, 'cp': False, 'tb': False, 'tb_prefix': 'tb', 'partition_by': None, 'cache': None, 'export_csv': None, 'export_data': None, 'use_exported_data': '/dev/shm/Uno/x1922c3s3b0n0.35.merged.landmark.h5', 'growth_bins': 0, 'initial_weights': None, 'save_weights': '/dev/shm/Uno/save/8999163.amn-0001/35/5.1.model.h5', 'config_file': '/home/brettin/CSC249ADOA01_CNDA/brettin/Benchmarks/Pilot1/Uno/uno_auc_model.txt', 'data_type': <class 'numpy.float32'>, 'data_dir': '/dev/shm/Uno/uno/Data', 'output_dir': '/dev/shm/Uno/uno/Output/8999163.amn-0001/35'}
2024-05-18 13:19:43 Feature encoding submodel for cell.rnaseq:
2024-05-18 13:19:43 Model: "cell.rnaseq"
2024-05-18 13:19:43 _________________________________________________________________
2024-05-18 13:19:43  Layer (type)                Output Shape              Param #   
2024-05-18 13:19:43 =================================================================
2024-05-18 13:19:43  input_1 (InputLayer)        [(None, 958)]             0         
2024-05-18 13:19:43                                                                  
2024-05-18 13:19:43  dense (Dense)               (None, 1000)              959000    
2024-05-18 13:19:43                                                                  
2024-05-18 13:19:43  permanent_dropout (Permane  (None, 1000)              0         
2024-05-18 13:19:43  ntDropout)                                                      
2024-05-18 13:19:43                                                                  
2024-05-18 13:19:43  dense_1 (Dense)             (None, 1000)              1001000   
2024-05-18 13:19:43                                                                  
2024-05-18 13:19:43  permanent_dropout_1 (Perma  (None, 1000)              0         
2024-05-18 13:19:43  nentDropout)                                                    
2024-05-18 13:19:43                                                                  
2024-05-18 13:19:43  dense_2 (Dense)             (None, 1000)              1001000   
2024-05-18 13:19:43                                                                  
2024-05-18 13:19:43  permanent_dropout_2 (Perma  (None, 1000)              0         
2024-05-18 13:19:43  nentDropout)                                                    
2024-05-18 13:19:43                                                                  
2024-05-18 13:19:43 =================================================================
2024-05-18 13:19:43 Total params: 2961000 (11.30 MB)
2024-05-18 13:19:43 Trainable params: 2961000 (11.30 MB)
2024-05-18 13:19:43 Non-trainable params: 0 (0.00 Byte)
2024-05-18 13:19:43 _________________________________________________________________
2024-05-18 13:19:43 Feature encoding submodel for drug.descriptors:
2024-05-18 13:19:43 Model: "drug.descriptors"
2024-05-18 13:19:43 _________________________________________________________________
2024-05-18 13:19:43  Layer (type)                Output Shape              Param #   
2024-05-18 13:19:43 =================================================================
2024-05-18 13:19:43  input_2 (InputLayer)        [(None, 1613)]            0         
2024-05-18 13:19:43                                                                  
2024-05-18 13:19:43  dense_3 (Dense)             (None, 1000)              1614000   
2024-05-18 13:19:43                                                                  
2024-05-18 13:19:43  permanent_dropout_3 (Perma  (None, 1000)              0         
2024-05-18 13:19:43  nentDropout)                                                    
2024-05-18 13:19:43                                                                  
2024-05-18 13:19:43  dense_4 (Dense)             (None, 1000)              1001000   
2024-05-18 13:19:43                                                                  
2024-05-18 13:19:43  permanent_dropout_4 (Perma  (None, 1000)              0         
2024-05-18 13:19:43  nentDropout)                                                    
2024-05-18 13:19:43                                                                  
2024-05-18 13:19:43  dense_5 (Dense)             (None, 1000)              1001000   
2024-05-18 13:19:43                                                                  
2024-05-18 13:19:43  permanent_dropout_5 (Perma  (None, 1000)              0         
2024-05-18 13:19:43  nentDropout)                                                    
2024-05-18 13:19:43                                                                  
2024-05-18 13:19:43 =================================================================
2024-05-18 13:19:43 Total params: 3616000 (13.79 MB)
2024-05-18 13:19:43 Trainable params: 3616000 (13.79 MB)
2024-05-18 13:19:43 Non-trainable params: 0 (0.00 Byte)
2024-05-18 13:19:43 _________________________________________________________________
2024-05-18 13:19:43 Combined model:
2024-05-18 13:19:43 Model: "model"
2024-05-18 13:19:43 __________________________________________________________________________________________________
2024-05-18 13:19:43  Layer (type)                Output Shape                 Param #   Connected to                  
2024-05-18 13:19:43 ==================================================================================================
2024-05-18 13:19:43  input.cell.rnaseq (InputLa  [(None, 958)]                0         []                            
2024-05-18 13:19:43  yer)                                                                                             
2024-05-18 13:19:43                                                                                                   
2024-05-18 13:19:43  input.drug1.descriptors (I  [(None, 1613)]               0         []                            
2024-05-18 13:19:43  nputLayer)                                                                                       
2024-05-18 13:19:43                                                                                                   
2024-05-18 13:19:43  cell.rnaseq (Functional)    (None, 1000)                 2961000   ['input.cell.rnaseq[0][0]']   
2024-05-18 13:19:43                                                                                                   
2024-05-18 13:19:43  drug.descriptors (Function  (None, 1000)                 3616000   ['input.drug1.descriptors[0][0
2024-05-18 13:19:43  al)                                                                ]']                           
2024-05-18 13:19:43                                                                                                   
2024-05-18 13:19:43  concatenate (Concatenate)   (None, 2000)                 0         ['cell.rnaseq[0][0]',         
2024-05-18 13:19:43                                                                      'drug.descriptors[0][0]']    
2024-05-18 13:19:43                                                                                                   
2024-05-18 13:19:43  dense_6 (Dense)             (None, 1000)                 2001000   ['concatenate[0][0]']         
2024-05-18 13:19:43                                                                                                   
2024-05-18 13:19:43  permanent_dropout_6 (Perma  (None, 1000)                 0         ['dense_6[0][0]']             
2024-05-18 13:19:43  nentDropout)                                                                                     
2024-05-18 13:19:43                                                                                                   
2024-05-18 13:19:43  dense_7 (Dense)             (None, 1000)                 1001000   ['permanent_dropout_6[0][0]'] 
2024-05-18 13:19:43                                                                                                   
2024-05-18 13:19:43  permanent_dropout_7 (Perma  (None, 1000)                 0         ['dense_7[0][0]']             
2024-05-18 13:19:43  nentDropout)                                                                                     
2024-05-18 13:19:43                                                                                                   
2024-05-18 13:19:43  dense_8 (Dense)             (None, 1000)                 1001000   ['permanent_dropout_7[0][0]'] 
2024-05-18 13:19:43                                                                                                   
2024-05-18 13:19:43  permanent_dropout_8 (Perma  (None, 1000)                 0         ['dense_8[0][0]']             
2024-05-18 13:19:43  nentDropout)                                                                                     
2024-05-18 13:19:43                                                                                                   
2024-05-18 13:19:43  dense_9 (Dense)             (None, 1000)                 1001000   ['permanent_dropout_8[0][0]'] 
2024-05-18 13:19:43                                                                                                   
2024-05-18 13:19:43  permanent_dropout_9 (Perma  (None, 1000)                 0         ['dense_9[0][0]']             
2024-05-18 13:19:43  nentDropout)                                                                                     
2024-05-18 13:19:43                                                                                                   
2024-05-18 13:19:43  dense_10 (Dense)            (None, 1000)                 1001000   ['permanent_dropout_9[0][0]'] 
2024-05-18 13:19:43                                                                                                   
2024-05-18 13:19:43  permanent_dropout_10 (Perm  (None, 1000)                 0         ['dense_10[0][0]']            
2024-05-18 13:19:43  anentDropout)                                                                                    
2024-05-18 13:19:43                                                                                                   
2024-05-18 13:19:43  dense_11 (Dense)            (None, 1)                    1001      ['permanent_dropout_10[0][0]']
2024-05-18 13:19:43                                                                                                   
2024-05-18 13:19:43 ==================================================================================================
2024-05-18 13:19:43 Total params: 12583001 (48.00 MB)
2024-05-18 13:19:43 Trainable params: 12583001 (48.00 MB)
2024-05-18 13:19:43 Non-trainable params: 0 (0.00 Byte)
2024-05-18 13:19:43 __________________________________________________________________________________________________
2024-05-18 13:19:44 CKPT CONSTRUCT...
2024-05-18 13:19:44 CKPT CONSTRUCT OK.
2024-05-18 13:19:44 template model: <keras.src.engine.functional.Functional object at 0x154e2cef36a0>
2024-05-18 13:19:45 COMPILE
2024-05-18 13:19:45 Will save weights to: /dev/shm/Uno/save/8999163.amn-0001/35/5.1.model.h5
2024-05-18 13:20:02 Between random pairs in y_val:
2024-05-18 13:20:02   mse: 0.04746185
2024-05-18 13:20:02   mae: 0.15946615
2024-05-18 13:20:02   r2: -0.99520622
2024-05-18 13:20:02   corr: 0.00239689
2024-05-18 13:20:02 Data points per epoch: train = 469615, val = 117404, test = 690
2024-05-18 13:20:02 Steps per epoch: train = 14675, val = 3668, test = 21
2024-05-18 13:20:02 Epoch 0: lr=0.001
2024-05-18 13:21:15 [Epoch: 0] loss: 0.022934, mae: 0.079250, r2: 0.051980, val_loss: 0.008306, val_mae: 0.065434, val_r2: 0.605810
2024-05-18 13:21:15 Epoch 1: lr=0.00082
2024-05-18 13:22:27 [Epoch: 1] loss: 0.007990, mae: 0.063962, r2: 0.621310, val_loss: 0.007579, val_mae: 0.061784, val_r2: 0.641626
2024-05-18 13:22:27 Epoch 2: lr=0.00064
2024-05-18 13:23:39 [Epoch: 2] loss: 0.007346, mae: 0.060912, r2: 0.650565, val_loss: 0.007291, val_mae: 0.059991, val_r2: 0.652639
2024-05-18 13:23:39 Epoch 3: lr=0.00046
2024-05-18 13:24:51 [Epoch: 3] loss: 0.006859, mae: 0.058734, r2: 0.673095, val_loss: 0.006765, val_mae: 0.057695, val_r2: 0.675990
2024-05-18 13:24:51 Epoch 4: lr=0.00028
2024-05-18 13:26:02 [Epoch: 4] loss: 0.006481, mae: 0.056989, r2: 0.690400, val_loss: 0.006542, val_mae: 0.057359, val_r2: 0.687262
2024-05-18 13:26:02 Epoch 5: lr=0.0001
2024-05-18 13:27:14 [Epoch: 5] loss: 0.006148, mae: 0.055435, r2: 0.705923, val_loss: 0.006380, val_mae: 0.056433, val_r2: 0.693694
2024-05-18 13:27:14 Epoch 6: lr=0.0001
2024-05-18 13:28:26 [Epoch: 6] loss: 0.006042, mae: 0.054954, r2: 0.710512, val_loss: 0.006344, val_mae: 0.056204, val_r2: 0.694524
2024-05-18 13:28:26 Epoch 7: lr=0.0001
2024-05-18 13:29:37 [Epoch: 7] loss: 0.005969, mae: 0.054619, r2: 0.713863, val_loss: 0.006320, val_mae: 0.055704, val_r2: 0.695558
2024-05-18 13:29:37 Epoch 8: lr=0.0001
2024-05-18 13:30:48 [Epoch: 8] loss: 0.005903, mae: 0.054319, r2: 0.716828, val_loss: 0.006280, val_mae: 0.055736, val_r2: 0.698598
2024-05-18 13:30:48 Epoch 9: lr=0.0001
2024-05-18 13:32:00 [Epoch: 9] loss: 0.005829, mae: 0.053980, r2: 0.720519, val_loss: 0.006234, val_mae: 0.055639, val_r2: 0.700841
2024-05-18 13:32:00 Epoch 10: lr=0.0001
2024-05-18 13:33:12 [Epoch: 10] loss: 0.005771, mae: 0.053744, r2: 0.723132, val_loss: 0.006216, val_mae: 0.055643, val_r2: 0.700513
2024-05-18 13:33:12 Epoch 11: lr=0.0001
2024-05-18 13:34:23 [Epoch: 11] loss: 0.005699, mae: 0.053405, r2: 0.726615, val_loss: 0.006158, val_mae: 0.054941, val_r2: 0.703179
2024-05-18 13:34:23 Epoch 12: lr=0.0001
2024-05-18 13:35:35 [Epoch: 12] loss: 0.005650, mae: 0.053199, r2: 0.728712, val_loss: 0.006170, val_mae: 0.055820, val_r2: 0.702968
2024-05-18 13:35:35 Epoch 13: lr=0.0001
2024-05-18 13:36:46 [Epoch: 13] loss: 0.005594, mae: 0.052905, r2: 0.731376, val_loss: 0.006140, val_mae: 0.055424, val_r2: 0.704339
2024-05-18 13:36:47 Epoch 14: lr=0.0001
2024-05-18 13:37:58 [Epoch: 14] loss: 0.005547, mae: 0.052717, r2: 0.733505, val_loss: 0.006150, val_mae: 0.054614, val_r2: 0.703512
2024-05-18 13:37:58 Epoch 15: lr=5e-05
2024-05-18 13:39:10 [Epoch: 15] loss: 0.005418, mae: 0.052139, r2: 0.739296, val_loss: 0.006103, val_mae: 0.054579, val_r2: 0.705741
2024-05-18 13:39:10 Epoch 16: lr=5e-05
2024-05-18 13:40:22 [Epoch: 16] loss: 0.005385, mae: 0.051953, r2: 0.741118, val_loss: 0.006070, val_mae: 0.054866, val_r2: 0.707425
2024-05-18 13:40:22 Epoch 17: lr=5e-05
2024-05-18 13:41:33 [Epoch: 17] loss: 0.005341, mae: 0.051759, r2: 0.743202, val_loss: 0.006109, val_mae: 0.054453, val_r2: 0.705708
2024-05-18 13:41:34 Epoch 18: lr=5e-05
2024-05-18 13:42:45 [Epoch: 18] loss: 0.005322, mae: 0.051646, r2: 0.743902, val_loss: 0.006104, val_mae: 0.054865, val_r2: 0.704818
2024-05-18 13:42:45 Epoch 19: lr=5e-05
2024-05-18 13:43:57 [Epoch: 19] loss: 0.005289, mae: 0.051524, r2: 0.745418, val_loss: 0.006064, val_mae: 0.054581, val_r2: 0.707415
2024-05-18 13:43:57 Epoch 20: lr=5e-05
2024-05-18 13:45:08 [Epoch: 20] loss: 0.005264, mae: 0.051358, r2: 0.746472, val_loss: 0.006046, val_mae: 0.054648, val_r2: 0.708220
2024-05-18 13:45:08 Epoch 21: lr=2.5e-05
2024-05-18 13:46:20 [Epoch: 21] loss: 0.005198, mae: 0.051061, r2: 0.749500, val_loss: 0.006056, val_mae: 0.054353, val_r2: 0.708490
2024-05-18 13:46:20 Epoch 22: lr=2.5e-05
2024-05-18 13:47:31 [Epoch: 22] loss: 0.005172, mae: 0.050953, r2: 0.750956, val_loss: 0.006079, val_mae: 0.054600, val_r2: 0.706215
2024-05-18 13:47:31 Epoch 23: lr=2.5e-05
2024-05-18 13:48:43 [Epoch: 23] loss: 0.005161, mae: 0.050883, r2: 0.751410, val_loss: 0.006066, val_mae: 0.054272, val_r2: 0.707347
2024-05-18 13:48:43 Epoch 24: lr=2.5e-05
2024-05-18 13:49:55 [Epoch: 24] loss: 0.005134, mae: 0.050749, r2: 0.752687, val_loss: 0.006069, val_mae: 0.054259, val_r2: 0.706690
2024-05-18 13:49:55 Epoch 25: lr=2.5e-05
2024-05-18 13:51:06 [Epoch: 25] loss: 0.005133, mae: 0.050777, r2: 0.752740, val_loss: 0.006040, val_mae: 0.054332, val_r2: 0.709067
2024-05-18 13:51:06 Epoch 26: lr=1.25e-05
2024-05-18 13:52:18 [Epoch: 26] loss: 0.005097, mae: 0.050592, r2: 0.754213, val_loss: 0.006046, val_mae: 0.054468, val_r2: 0.707850
2024-05-18 13:52:18 Epoch 27: lr=1.25e-05
2024-05-18 13:53:30 [Epoch: 27] loss: 0.005087, mae: 0.050552, r2: 0.754838, val_loss: 0.006037, val_mae: 0.054431, val_r2: 0.708641
2024-05-18 13:53:30 Epoch 28: lr=1.25e-05
2024-05-18 13:54:42 [Epoch: 28] loss: 0.005076, mae: 0.050516, r2: 0.755507, val_loss: 0.006041, val_mae: 0.054318, val_r2: 0.708495
2024-05-18 13:54:42 Epoch 29: lr=1.25e-05
2024-05-18 13:55:53 [Epoch: 29] loss: 0.005067, mae: 0.050445, r2: 0.756099, val_loss: 0.006038, val_mae: 0.054465, val_r2: 0.708252
2024-05-18 13:55:53 Epoch 30: lr=1.25e-05
2024-05-18 13:57:05 [Epoch: 30] loss: 0.005063, mae: 0.050432, r2: 0.756049, val_loss: 0.006061, val_mae: 0.054594, val_r2: 0.707048
2024-05-18 13:57:05 Epoch 31: lr=1e-05
2024-05-18 13:58:17 [Epoch: 31] loss: 0.005047, mae: 0.050411, r2: 0.756908, val_loss: 0.006037, val_mae: 0.054275, val_r2: 0.708702
2024-05-18 13:58:17 Epoch 32: lr=1e-05
2024-05-18 13:59:28 [Epoch: 32] loss: 0.005041, mae: 0.050343, r2: 0.757221, val_loss: 0.006042, val_mae: 0.054226, val_r2: 0.708478
2024-05-18 13:59:28 Epoch 33: lr=1e-05
2024-05-18 14:00:39 [Epoch: 33] loss: 0.005031, mae: 0.050263, r2: 0.757643, val_loss: 0.006043, val_mae: 0.054508, val_r2: 0.708119
2024-05-18 14:00:39 Epoch 34: lr=1e-05
2024-05-18 14:01:51 [Epoch: 34] loss: 0.005025, mae: 0.050267, r2: 0.757829, val_loss: 0.006063, val_mae: 0.054414, val_r2: 0.707590
2024-05-18 14:01:51 Epoch 35: lr=1e-05
2024-05-18 14:03:02 [Epoch: 35] loss: 0.005019, mae: 0.050247, r2: 0.758089, val_loss: 0.006057, val_mae: 0.054405, val_r2: 0.707646
2024-05-18 14:03:03 Epoch 36: lr=1e-05
2024-05-18 14:04:14 [Epoch: 36] loss: 0.005027, mae: 0.050234, r2: 0.757781, val_loss: 0.006059, val_mae: 0.054498, val_r2: 0.707328
2024-05-18 14:04:14 Epoch 37: lr=1e-05
2024-05-18 14:05:26 [Epoch: 37] loss: 0.005002, mae: 0.050191, r2: 0.758979, val_loss: 0.006062, val_mae: 0.054341, val_r2: 0.707406
2024-05-18 14:05:26 Epoch 38: lr=1e-05
2024-05-18 14:06:37 [Epoch: 38] loss: 0.005017, mae: 0.050227, r2: 0.758151, val_loss: 0.006056, val_mae: 0.054237, val_r2: 0.707826
2024-05-18 14:06:38 Epoch 39: lr=1e-05
2024-05-18 14:07:49 [Epoch: 39] loss: 0.005008, mae: 0.050186, r2: 0.758669, val_loss: 0.006037, val_mae: 0.054408, val_r2: 0.708253
2024-05-18 14:07:49 Epoch 40: lr=1e-05
2024-05-18 14:09:01 [Epoch: 40] loss: 0.005006, mae: 0.050173, r2: 0.758611, val_loss: 0.006045, val_mae: 0.054147, val_r2: 0.708122
2024-05-18 14:09:01 Epoch 41: lr=1e-05
2024-05-18 14:10:12 [Epoch: 41] loss: 0.004993, mae: 0.050110, r2: 0.759371, val_loss: 0.006054, val_mae: 0.054284, val_r2: 0.707603
2024-05-18 14:10:12 history_length: 42
2024-05-18 14:10:12 stopping: early
2024-05-18 14:10:12 Comparing y_true and y_pred:
2024-05-18 14:10:12   mse: 0.00819191
2024-05-18 14:10:12   mae: 0.07398034
2024-05-18 14:10:12   r2: -0.47963520
2024-05-18 14:10:12   corr: 0.39229418
