2024-05-09 11:42:31 UNO RUN ...
2024-05-09 11:42:31 Params: {'model_name': 'uno', 'train_sources': ['CCLE'], 'test_sources': ['train'], 'cell_types': None, 'cell_features': ['rnaseq'], 'drug_features': ['descriptors'], 'dense': [1000, 1000, 1000, 1000, 1000], 'dense_feature_layers': [1000, 1000, 1000], 'activation': 'relu', 'loss': 'mse', 'optimizer': 'adamax', 'scaling': 'std', 'dropout': 0.1, 'epochs': 30, 'batch_size': 32, 'val_split': 0.2, 'cv': 1, 'max_val_loss': 1.0, 'learning_rate': 0.0001, 'base_lr': None, 'agg_dose': 'AUC', 'residual': False, 'reduce_lr': True, 'warmup_lr': True, 'batch_normalization': False, 'feature_subsample': 0, 'rng_seed': 2018, 'no_gen': False, 'verbose': False, 'preprocess_rnaseq': 'source_scale', 'gpus': [0], 'use_landmark_genes': True, 'no_feature_source': True, 'no_response_source': True, 'save_path': '/dev/shm/Uno/save/8996461.amn-0001/379', 'single': True, 'on_memory_loader': True, 'ckpt_checksum': True, 'ckpt_save_interval': 0, 'timeout': -1, 'train_bool': True, 'profiling': False, 'experiment_id': '8996461.amn-0001', 'run_id': '379', 'logfile': '/dev/shm/Uno/save/8996461.amn-0001/379/python.log', 'shuffle': False, 'ckpt_restart_mode': 'off', 'ckpt_skip_epochs': 0, 'ckpt_directory': '/dev/shm/Uno/save/8996461.amn-0001/379', 'ckpt_save_best': True, 'ckpt_save_best_metric': 'val_loss', 'ckpt_save_weights_only': False, 'ckpt_keep_mode': 'linear', 'ckpt_keep_limit': 5, 'by_cell': None, 'by_drug': None, 'cell_subset_path': '', 'drug_subset_path': '', 'drug_median_response_min': -1, 'drug_median_response_max': 1, 'dense_cell_feature_layers': None, 'dense_drug_feature_layers': None, 'use_filtered_genes': False, 'feature_subset_path': '', 'cell_feature_subset_path': '', 'drug_feature_subset_path': '', 'es': True, 'cp': False, 'tb': False, 'tb_prefix': 'tb', 'partition_by': None, 'cache': None, 'export_csv': None, 'export_data': None, 'use_exported_data': '/dev/shm/Uno/x1921c5s1b0n0.379.merged.landmark.h5', 'growth_bins': 0, 'initial_weights': None, 'save_weights': '/dev/shm/Uno/save/8996461.amn-0001/379/3.1.model.h5', 'config_file': '/home/brettin/CSC249ADOA01_CNDA/brettin/Benchmarks/Pilot1/Uno/uno_auc_model.txt', 'data_type': <class 'numpy.float32'>, 'data_dir': '/dev/shm/Uno/uno/Data', 'output_dir': '/dev/shm/Uno/uno/Output/8996461.amn-0001/379'}
2024-05-09 11:42:31 Feature encoding submodel for cell.rnaseq:
2024-05-09 11:42:31 Model: "cell.rnaseq"
2024-05-09 11:42:31 _________________________________________________________________
2024-05-09 11:42:31  Layer (type)                Output Shape              Param #   
2024-05-09 11:42:31 =================================================================
2024-05-09 11:42:31  input_1 (InputLayer)        [(None, 958)]             0         
2024-05-09 11:42:31                                                                  
2024-05-09 11:42:31  dense (Dense)               (None, 1000)              959000    
2024-05-09 11:42:31                                                                  
2024-05-09 11:42:31  permanent_dropout (Permane  (None, 1000)              0         
2024-05-09 11:42:31  ntDropout)                                                      
2024-05-09 11:42:31                                                                  
2024-05-09 11:42:31  dense_1 (Dense)             (None, 1000)              1001000   
2024-05-09 11:42:31                                                                  
2024-05-09 11:42:31  permanent_dropout_1 (Perma  (None, 1000)              0         
2024-05-09 11:42:31  nentDropout)                                                    
2024-05-09 11:42:31                                                                  
2024-05-09 11:42:31  dense_2 (Dense)             (None, 1000)              1001000   
2024-05-09 11:42:31                                                                  
2024-05-09 11:42:31  permanent_dropout_2 (Perma  (None, 1000)              0         
2024-05-09 11:42:31  nentDropout)                                                    
2024-05-09 11:42:31                                                                  
2024-05-09 11:42:31 =================================================================
2024-05-09 11:42:31 Total params: 2961000 (11.30 MB)
2024-05-09 11:42:31 Trainable params: 2961000 (11.30 MB)
2024-05-09 11:42:31 Non-trainable params: 0 (0.00 Byte)
2024-05-09 11:42:31 _________________________________________________________________
2024-05-09 11:42:31 Feature encoding submodel for drug.descriptors:
2024-05-09 11:42:31 Model: "drug.descriptors"
2024-05-09 11:42:31 _________________________________________________________________
2024-05-09 11:42:31  Layer (type)                Output Shape              Param #   
2024-05-09 11:42:31 =================================================================
2024-05-09 11:42:31  input_2 (InputLayer)        [(None, 1613)]            0         
2024-05-09 11:42:31                                                                  
2024-05-09 11:42:31  dense_3 (Dense)             (None, 1000)              1614000   
2024-05-09 11:42:31                                                                  
2024-05-09 11:42:31  permanent_dropout_3 (Perma  (None, 1000)              0         
2024-05-09 11:42:31  nentDropout)                                                    
2024-05-09 11:42:31                                                                  
2024-05-09 11:42:31  dense_4 (Dense)             (None, 1000)              1001000   
2024-05-09 11:42:31                                                                  
2024-05-09 11:42:31  permanent_dropout_4 (Perma  (None, 1000)              0         
2024-05-09 11:42:31  nentDropout)                                                    
2024-05-09 11:42:31                                                                  
2024-05-09 11:42:31  dense_5 (Dense)             (None, 1000)              1001000   
2024-05-09 11:42:31                                                                  
2024-05-09 11:42:31  permanent_dropout_5 (Perma  (None, 1000)              0         
2024-05-09 11:42:31  nentDropout)                                                    
2024-05-09 11:42:31                                                                  
2024-05-09 11:42:31 =================================================================
2024-05-09 11:42:31 Total params: 3616000 (13.79 MB)
2024-05-09 11:42:31 Trainable params: 3616000 (13.79 MB)
2024-05-09 11:42:31 Non-trainable params: 0 (0.00 Byte)
2024-05-09 11:42:31 _________________________________________________________________
2024-05-09 11:42:31 Combined model:
2024-05-09 11:42:31 Model: "model"
2024-05-09 11:42:31 __________________________________________________________________________________________________
2024-05-09 11:42:31  Layer (type)                Output Shape                 Param #   Connected to                  
2024-05-09 11:42:31 ==================================================================================================
2024-05-09 11:42:31  input.cell.rnaseq (InputLa  [(None, 958)]                0         []                            
2024-05-09 11:42:31  yer)                                                                                             
2024-05-09 11:42:31                                                                                                   
2024-05-09 11:42:31  input.drug1.descriptors (I  [(None, 1613)]               0         []                            
2024-05-09 11:42:31  nputLayer)                                                                                       
2024-05-09 11:42:31                                                                                                   
2024-05-09 11:42:31  cell.rnaseq (Functional)    (None, 1000)                 2961000   ['input.cell.rnaseq[0][0]']   
2024-05-09 11:42:31                                                                                                   
2024-05-09 11:42:31  drug.descriptors (Function  (None, 1000)                 3616000   ['input.drug1.descriptors[0][0
2024-05-09 11:42:31  al)                                                                ]']                           
2024-05-09 11:42:31                                                                                                   
2024-05-09 11:42:31  concatenate (Concatenate)   (None, 2000)                 0         ['cell.rnaseq[0][0]',         
2024-05-09 11:42:31                                                                      'drug.descriptors[0][0]']    
2024-05-09 11:42:31                                                                                                   
2024-05-09 11:42:31  dense_6 (Dense)             (None, 1000)                 2001000   ['concatenate[0][0]']         
2024-05-09 11:42:31                                                                                                   
2024-05-09 11:42:31  permanent_dropout_6 (Perma  (None, 1000)                 0         ['dense_6[0][0]']             
2024-05-09 11:42:31  nentDropout)                                                                                     
2024-05-09 11:42:31                                                                                                   
2024-05-09 11:42:31  dense_7 (Dense)             (None, 1000)                 1001000   ['permanent_dropout_6[0][0]'] 
2024-05-09 11:42:31                                                                                                   
2024-05-09 11:42:31  permanent_dropout_7 (Perma  (None, 1000)                 0         ['dense_7[0][0]']             
2024-05-09 11:42:31  nentDropout)                                                                                     
2024-05-09 11:42:31                                                                                                   
2024-05-09 11:42:31  dense_8 (Dense)             (None, 1000)                 1001000   ['permanent_dropout_7[0][0]'] 
2024-05-09 11:42:31                                                                                                   
2024-05-09 11:42:31  permanent_dropout_8 (Perma  (None, 1000)                 0         ['dense_8[0][0]']             
2024-05-09 11:42:31  nentDropout)                                                                                     
2024-05-09 11:42:31                                                                                                   
2024-05-09 11:42:31  dense_9 (Dense)             (None, 1000)                 1001000   ['permanent_dropout_8[0][0]'] 
2024-05-09 11:42:31                                                                                                   
2024-05-09 11:42:31  permanent_dropout_9 (Perma  (None, 1000)                 0         ['dense_9[0][0]']             
2024-05-09 11:42:31  nentDropout)                                                                                     
2024-05-09 11:42:31                                                                                                   
2024-05-09 11:42:31  dense_10 (Dense)            (None, 1000)                 1001000   ['permanent_dropout_9[0][0]'] 
2024-05-09 11:42:31                                                                                                   
2024-05-09 11:42:31  permanent_dropout_10 (Perm  (None, 1000)                 0         ['dense_10[0][0]']            
2024-05-09 11:42:31  anentDropout)                                                                                    
2024-05-09 11:42:31                                                                                                   
2024-05-09 11:42:31  dense_11 (Dense)            (None, 1)                    1001      ['permanent_dropout_10[0][0]']
2024-05-09 11:42:31                                                                                                   
2024-05-09 11:42:31 ==================================================================================================
2024-05-09 11:42:31 Total params: 12583001 (48.00 MB)
2024-05-09 11:42:31 Trainable params: 12583001 (48.00 MB)
2024-05-09 11:42:31 Non-trainable params: 0 (0.00 Byte)
2024-05-09 11:42:31 __________________________________________________________________________________________________
2024-05-09 11:42:31 CKPT CONSTRUCT...
2024-05-09 11:42:31 CKPT CONSTRUCT OK.
2024-05-09 11:42:31 template model: <keras.src.engine.functional.Functional object at 0x1519fb020a30>
2024-05-09 11:42:33 COMPILE
2024-05-09 11:42:33 Will save weights to: /dev/shm/Uno/save/8996461.amn-0001/379/3.1.model.h5
2024-05-09 11:42:49 Between random pairs in y_val:
2024-05-09 11:42:49   mse: 0.04764148
2024-05-09 11:42:49   mae: 0.15972848
2024-05-09 11:42:49   r2: -0.99425256
2024-05-09 11:42:49   corr: 0.00287372
2024-05-09 11:42:49 Data points per epoch: train = 470167, val = 117542, test = 697
2024-05-09 11:42:49 Steps per epoch: train = 14692, val = 3673, test = 21
2024-05-09 11:42:49 Epoch 0: lr=0.001
2024-05-09 11:44:04 [Epoch: 0] loss: 0.025258, mae: 0.079344, r2: -0.004187, val_loss: 0.008481, val_mae: 0.067145, val_r2: 0.596838
2024-05-09 11:44:04 Epoch 1: lr=0.00082
2024-05-09 11:45:17 [Epoch: 1] loss: 0.008008, mae: 0.064075, r2: 0.620214, val_loss: 0.007526, val_mae: 0.061589, val_r2: 0.645404
2024-05-09 11:45:17 Epoch 2: lr=0.00064
2024-05-09 11:46:29 [Epoch: 2] loss: 0.007333, mae: 0.060932, r2: 0.651863, val_loss: 0.007267, val_mae: 0.061856, val_r2: 0.659199
2024-05-09 11:46:29 Epoch 3: lr=0.00046
2024-05-09 11:47:42 [Epoch: 3] loss: 0.006856, mae: 0.058728, r2: 0.673690, val_loss: 0.006800, val_mae: 0.058019, val_r2: 0.676743
2024-05-09 11:47:42 Epoch 4: lr=0.00028
2024-05-09 11:48:55 [Epoch: 4] loss: 0.006437, mae: 0.056846, r2: 0.692714, val_loss: 0.006577, val_mae: 0.056959, val_r2: 0.689480
2024-05-09 11:48:55 Epoch 5: lr=0.0001
2024-05-09 11:50:08 [Epoch: 5] loss: 0.006109, mae: 0.055318, r2: 0.707895, val_loss: 0.006351, val_mae: 0.056012, val_r2: 0.697074
2024-05-09 11:50:08 Epoch 6: lr=0.0001
2024-05-09 11:51:21 [Epoch: 6] loss: 0.005990, mae: 0.054782, r2: 0.713465, val_loss: 0.006311, val_mae: 0.055826, val_r2: 0.700383
2024-05-09 11:51:21 Epoch 7: lr=0.0001
2024-05-09 11:52:34 [Epoch: 7] loss: 0.005920, mae: 0.054477, r2: 0.716849, val_loss: 0.006254, val_mae: 0.055569, val_r2: 0.702929
2024-05-09 11:52:35 Epoch 8: lr=0.0001
2024-05-09 11:53:47 [Epoch: 8] loss: 0.005852, mae: 0.054170, r2: 0.719744, val_loss: 0.006253, val_mae: 0.055713, val_r2: 0.702112
2024-05-09 11:53:47 Epoch 9: lr=0.0001
2024-05-09 11:55:00 [Epoch: 9] loss: 0.005784, mae: 0.053830, r2: 0.723043, val_loss: 0.006207, val_mae: 0.055378, val_r2: 0.703952
2024-05-09 11:55:00 Epoch 10: lr=0.0001
2024-05-09 11:56:13 [Epoch: 10] loss: 0.005722, mae: 0.053562, r2: 0.726023, val_loss: 0.006214, val_mae: 0.055582, val_r2: 0.704350
2024-05-09 11:56:13 Epoch 11: lr=0.0001
2024-05-09 11:57:26 [Epoch: 11] loss: 0.005655, mae: 0.053238, r2: 0.729354, val_loss: 0.006178, val_mae: 0.055888, val_r2: 0.704445
2024-05-09 11:57:26 Epoch 12: lr=0.0001
2024-05-09 11:58:39 [Epoch: 12] loss: 0.005598, mae: 0.053019, r2: 0.731764, val_loss: 0.006144, val_mae: 0.054744, val_r2: 0.706311
2024-05-09 11:58:39 Epoch 13: lr=0.0001
2024-05-09 11:59:52 [Epoch: 13] loss: 0.005540, mae: 0.052743, r2: 0.734553, val_loss: 0.006123, val_mae: 0.054896, val_r2: 0.706703
2024-05-09 11:59:52 Epoch 14: lr=0.0001
2024-05-09 12:01:05 [Epoch: 14] loss: 0.005484, mae: 0.052497, r2: 0.737075, val_loss: 0.006104, val_mae: 0.054919, val_r2: 0.708636
2024-05-09 12:01:05 Epoch 15: lr=0.0001
2024-05-09 12:02:18 [Epoch: 15] loss: 0.005438, mae: 0.052269, r2: 0.739160, val_loss: 0.006098, val_mae: 0.055051, val_r2: 0.709133
2024-05-09 12:02:18 Epoch 16: lr=0.0001
2024-05-09 12:03:31 [Epoch: 16] loss: 0.005390, mae: 0.052036, r2: 0.741253, val_loss: 0.006094, val_mae: 0.054691, val_r2: 0.709264
2024-05-09 12:03:31 Epoch 17: lr=0.0001
2024-05-09 12:04:44 [Epoch: 17] loss: 0.005344, mae: 0.051796, r2: 0.743615, val_loss: 0.006072, val_mae: 0.054272, val_r2: 0.710474
2024-05-09 12:04:44 Epoch 18: lr=0.0001
2024-05-09 12:05:57 [Epoch: 18] loss: 0.005294, mae: 0.051567, r2: 0.745910, val_loss: 0.006054, val_mae: 0.054506, val_r2: 0.710234
2024-05-09 12:05:57 Epoch 19: lr=0.0001
2024-05-09 12:07:09 [Epoch: 19] loss: 0.005263, mae: 0.051396, r2: 0.747104, val_loss: 0.006035, val_mae: 0.054824, val_r2: 0.711361
2024-05-09 12:07:09 Epoch 20: lr=5e-05
2024-05-09 12:08:22 [Epoch: 20] loss: 0.005147, mae: 0.050860, r2: 0.752868, val_loss: 0.006000, val_mae: 0.054105, val_r2: 0.713227
2024-05-09 12:08:22 Epoch 21: lr=5e-05
2024-05-09 12:09:35 [Epoch: 21] loss: 0.005089, mae: 0.050589, r2: 0.755469, val_loss: 0.006015, val_mae: 0.054040, val_r2: 0.713631
2024-05-09 12:09:35 Epoch 22: lr=5e-05
2024-05-09 12:10:48 [Epoch: 22] loss: 0.005066, mae: 0.050468, r2: 0.756510, val_loss: 0.005995, val_mae: 0.054157, val_r2: 0.713889
2024-05-09 12:10:48 Epoch 23: lr=5e-05
2024-05-09 12:12:01 [Epoch: 23] loss: 0.005037, mae: 0.050343, r2: 0.757846, val_loss: 0.006023, val_mae: 0.054689, val_r2: 0.712236
2024-05-09 12:12:01 Epoch 24: lr=5e-05
2024-05-09 12:13:14 [Epoch: 24] loss: 0.005008, mae: 0.050219, r2: 0.759094, val_loss: 0.006001, val_mae: 0.054407, val_r2: 0.713118
2024-05-09 12:13:14 Epoch 25: lr=5e-05
2024-05-09 12:14:27 [Epoch: 25] loss: 0.004987, mae: 0.050081, r2: 0.760157, val_loss: 0.006004, val_mae: 0.054107, val_r2: 0.712657
2024-05-09 12:14:27 Epoch 26: lr=2.5e-05
2024-05-09 12:15:39 [Epoch: 26] loss: 0.004921, mae: 0.049738, r2: 0.763489, val_loss: 0.006018, val_mae: 0.053902, val_r2: 0.712300
2024-05-09 12:15:39 Epoch 27: lr=2.5e-05
2024-05-09 12:16:52 [Epoch: 27] loss: 0.004908, mae: 0.049707, r2: 0.763992, val_loss: 0.005995, val_mae: 0.053932, val_r2: 0.713634
2024-05-09 12:16:52 Epoch 28: lr=2.5e-05
2024-05-09 12:18:05 [Epoch: 28] loss: 0.004888, mae: 0.049589, r2: 0.764729, val_loss: 0.005993, val_mae: 0.054004, val_r2: 0.713262
2024-05-09 12:18:05 Epoch 29: lr=2.5e-05
2024-05-09 12:19:18 [Epoch: 29] loss: 0.004875, mae: 0.049529, r2: 0.765414, val_loss: 0.006005, val_mae: 0.054170, val_r2: 0.712854
2024-05-09 12:19:18 history_length: 30
2024-05-09 12:19:18 stopping: complete
2024-05-09 12:19:18 Comparing y_true and y_pred:
2024-05-09 12:19:18   mse: 0.00277953
2024-05-09 12:19:18   mae: 0.03784776
2024-05-09 12:19:18   r2: 0.21224487
2024-05-09 12:19:18   corr: 0.46951611
