2024-05-18 13:19:43 UNO RUN ...
2024-05-18 13:19:43 Params: {'model_name': 'uno', 'train_sources': ['CCLE'], 'test_sources': ['train'], 'cell_types': None, 'cell_features': ['rnaseq'], 'drug_features': ['descriptors'], 'dense': [1000, 1000, 1000, 1000, 1000], 'dense_feature_layers': [1000, 1000, 1000], 'activation': 'relu', 'loss': 'mse', 'optimizer': 'adamax', 'scaling': 'std', 'dropout': 0.1, 'epochs': 75, 'batch_size': 32, 'val_split': 0.2, 'cv': 1, 'max_val_loss': 1.0, 'learning_rate': 0.0001, 'base_lr': None, 'agg_dose': 'AUC', 'residual': False, 'reduce_lr': True, 'warmup_lr': True, 'batch_normalization': False, 'feature_subsample': 0, 'rng_seed': 2018, 'no_gen': False, 'verbose': False, 'preprocess_rnaseq': 'source_scale', 'gpus': [0], 'use_landmark_genes': True, 'no_feature_source': True, 'no_response_source': True, 'save_path': '/dev/shm/Uno/save/8999163.amn-0001/98', 'single': True, 'on_memory_loader': True, 'ckpt_checksum': True, 'ckpt_save_interval': 0, 'timeout': -1, 'train_bool': True, 'profiling': False, 'experiment_id': '8999163.amn-0001', 'run_id': '98', 'logfile': '/dev/shm/Uno/save/8999163.amn-0001/98/python.log', 'shuffle': False, 'ckpt_restart_mode': 'off', 'ckpt_skip_epochs': 0, 'ckpt_directory': '/dev/shm/Uno/save/8999163.amn-0001/98', 'ckpt_save_best': True, 'ckpt_save_best_metric': 'val_loss', 'ckpt_save_weights_only': False, 'ckpt_keep_mode': 'linear', 'ckpt_keep_limit': 5, 'by_cell': None, 'by_drug': None, 'cell_subset_path': '', 'drug_subset_path': '', 'drug_median_response_min': -1, 'drug_median_response_max': 1, 'dense_cell_feature_layers': None, 'dense_drug_feature_layers': None, 'use_filtered_genes': False, 'feature_subset_path': '', 'cell_feature_subset_path': '', 'drug_feature_subset_path': '', 'es': True, 'cp': False, 'tb': False, 'tb_prefix': 'tb', 'partition_by': None, 'cache': None, 'export_csv': None, 'export_data': None, 'use_exported_data': '/dev/shm/Uno/x1922c5s2b0n0.98.merged.landmark.h5', 'growth_bins': 0, 'initial_weights': None, 'save_weights': '/dev/shm/Uno/save/8999163.amn-0001/98/1.0.model.h5', 'config_file': '/home/brettin/CSC249ADOA01_CNDA/brettin/Benchmarks/Pilot1/Uno/uno_auc_model.txt', 'data_type': <class 'numpy.float32'>, 'data_dir': '/dev/shm/Uno/uno/Data', 'output_dir': '/dev/shm/Uno/uno/Output/8999163.amn-0001/98'}
2024-05-18 13:19:43 Feature encoding submodel for cell.rnaseq:
2024-05-18 13:19:43 Model: "cell.rnaseq"
2024-05-18 13:19:43 _________________________________________________________________
2024-05-18 13:19:43  Layer (type)                Output Shape              Param #   
2024-05-18 13:19:43 =================================================================
2024-05-18 13:19:43  input_1 (InputLayer)        [(None, 958)]             0         
2024-05-18 13:19:43                                                                  
2024-05-18 13:19:43  dense (Dense)               (None, 1000)              959000    
2024-05-18 13:19:43                                                                  
2024-05-18 13:19:43  permanent_dropout (Permane  (None, 1000)              0         
2024-05-18 13:19:43  ntDropout)                                                      
2024-05-18 13:19:43                                                                  
2024-05-18 13:19:43  dense_1 (Dense)             (None, 1000)              1001000   
2024-05-18 13:19:43                                                                  
2024-05-18 13:19:43  permanent_dropout_1 (Perma  (None, 1000)              0         
2024-05-18 13:19:43  nentDropout)                                                    
2024-05-18 13:19:43                                                                  
2024-05-18 13:19:43  dense_2 (Dense)             (None, 1000)              1001000   
2024-05-18 13:19:43                                                                  
2024-05-18 13:19:43  permanent_dropout_2 (Perma  (None, 1000)              0         
2024-05-18 13:19:43  nentDropout)                                                    
2024-05-18 13:19:43                                                                  
2024-05-18 13:19:43 =================================================================
2024-05-18 13:19:43 Total params: 2961000 (11.30 MB)
2024-05-18 13:19:43 Trainable params: 2961000 (11.30 MB)
2024-05-18 13:19:43 Non-trainable params: 0 (0.00 Byte)
2024-05-18 13:19:43 _________________________________________________________________
2024-05-18 13:19:43 Feature encoding submodel for drug.descriptors:
2024-05-18 13:19:43 Model: "drug.descriptors"
2024-05-18 13:19:43 _________________________________________________________________
2024-05-18 13:19:43  Layer (type)                Output Shape              Param #   
2024-05-18 13:19:43 =================================================================
2024-05-18 13:19:43  input_2 (InputLayer)        [(None, 1613)]            0         
2024-05-18 13:19:43                                                                  
2024-05-18 13:19:43  dense_3 (Dense)             (None, 1000)              1614000   
2024-05-18 13:19:43                                                                  
2024-05-18 13:19:43  permanent_dropout_3 (Perma  (None, 1000)              0         
2024-05-18 13:19:43  nentDropout)                                                    
2024-05-18 13:19:43                                                                  
2024-05-18 13:19:43  dense_4 (Dense)             (None, 1000)              1001000   
2024-05-18 13:19:43                                                                  
2024-05-18 13:19:43  permanent_dropout_4 (Perma  (None, 1000)              0         
2024-05-18 13:19:43  nentDropout)                                                    
2024-05-18 13:19:43                                                                  
2024-05-18 13:19:43  dense_5 (Dense)             (None, 1000)              1001000   
2024-05-18 13:19:43                                                                  
2024-05-18 13:19:43  permanent_dropout_5 (Perma  (None, 1000)              0         
2024-05-18 13:19:43  nentDropout)                                                    
2024-05-18 13:19:43                                                                  
2024-05-18 13:19:43 =================================================================
2024-05-18 13:19:43 Total params: 3616000 (13.79 MB)
2024-05-18 13:19:43 Trainable params: 3616000 (13.79 MB)
2024-05-18 13:19:43 Non-trainable params: 0 (0.00 Byte)
2024-05-18 13:19:43 _________________________________________________________________
2024-05-18 13:19:43 Combined model:
2024-05-18 13:19:43 Model: "model"
2024-05-18 13:19:43 __________________________________________________________________________________________________
2024-05-18 13:19:43  Layer (type)                Output Shape                 Param #   Connected to                  
2024-05-18 13:19:43 ==================================================================================================
2024-05-18 13:19:43  input.cell.rnaseq (InputLa  [(None, 958)]                0         []                            
2024-05-18 13:19:43  yer)                                                                                             
2024-05-18 13:19:43                                                                                                   
2024-05-18 13:19:43  input.drug1.descriptors (I  [(None, 1613)]               0         []                            
2024-05-18 13:19:43  nputLayer)                                                                                       
2024-05-18 13:19:43                                                                                                   
2024-05-18 13:19:43  cell.rnaseq (Functional)    (None, 1000)                 2961000   ['input.cell.rnaseq[0][0]']   
2024-05-18 13:19:43                                                                                                   
2024-05-18 13:19:43  drug.descriptors (Function  (None, 1000)                 3616000   ['input.drug1.descriptors[0][0
2024-05-18 13:19:43  al)                                                                ]']                           
2024-05-18 13:19:43                                                                                                   
2024-05-18 13:19:43  concatenate (Concatenate)   (None, 2000)                 0         ['cell.rnaseq[0][0]',         
2024-05-18 13:19:43                                                                      'drug.descriptors[0][0]']    
2024-05-18 13:19:43                                                                                                   
2024-05-18 13:19:43  dense_6 (Dense)             (None, 1000)                 2001000   ['concatenate[0][0]']         
2024-05-18 13:19:43                                                                                                   
2024-05-18 13:19:43  permanent_dropout_6 (Perma  (None, 1000)                 0         ['dense_6[0][0]']             
2024-05-18 13:19:43  nentDropout)                                                                                     
2024-05-18 13:19:43                                                                                                   
2024-05-18 13:19:43  dense_7 (Dense)             (None, 1000)                 1001000   ['permanent_dropout_6[0][0]'] 
2024-05-18 13:19:43                                                                                                   
2024-05-18 13:19:43  permanent_dropout_7 (Perma  (None, 1000)                 0         ['dense_7[0][0]']             
2024-05-18 13:19:43  nentDropout)                                                                                     
2024-05-18 13:19:43                                                                                                   
2024-05-18 13:19:43  dense_8 (Dense)             (None, 1000)                 1001000   ['permanent_dropout_7[0][0]'] 
2024-05-18 13:19:43                                                                                                   
2024-05-18 13:19:43  permanent_dropout_8 (Perma  (None, 1000)                 0         ['dense_8[0][0]']             
2024-05-18 13:19:43  nentDropout)                                                                                     
2024-05-18 13:19:43                                                                                                   
2024-05-18 13:19:43  dense_9 (Dense)             (None, 1000)                 1001000   ['permanent_dropout_8[0][0]'] 
2024-05-18 13:19:43                                                                                                   
2024-05-18 13:19:43  permanent_dropout_9 (Perma  (None, 1000)                 0         ['dense_9[0][0]']             
2024-05-18 13:19:43  nentDropout)                                                                                     
2024-05-18 13:19:43                                                                                                   
2024-05-18 13:19:43  dense_10 (Dense)            (None, 1000)                 1001000   ['permanent_dropout_9[0][0]'] 
2024-05-18 13:19:43                                                                                                   
2024-05-18 13:19:43  permanent_dropout_10 (Perm  (None, 1000)                 0         ['dense_10[0][0]']            
2024-05-18 13:19:43  anentDropout)                                                                                    
2024-05-18 13:19:43                                                                                                   
2024-05-18 13:19:43  dense_11 (Dense)            (None, 1)                    1001      ['permanent_dropout_10[0][0]']
2024-05-18 13:19:43                                                                                                   
2024-05-18 13:19:43 ==================================================================================================
2024-05-18 13:19:43 Total params: 12583001 (48.00 MB)
2024-05-18 13:19:43 Trainable params: 12583001 (48.00 MB)
2024-05-18 13:19:43 Non-trainable params: 0 (0.00 Byte)
2024-05-18 13:19:43 __________________________________________________________________________________________________
2024-05-18 13:19:44 CKPT CONSTRUCT...
2024-05-18 13:19:44 CKPT CONSTRUCT OK.
2024-05-18 13:19:44 template model: <keras.src.engine.functional.Functional object at 0x14ce9e143bb0>
2024-05-18 13:19:45 COMPILE
2024-05-18 13:19:45 Will save weights to: /dev/shm/Uno/save/8999163.amn-0001/98/1.0.model.h5
2024-05-18 13:20:02 Between random pairs in y_val:
2024-05-18 13:20:02   mse: 0.04754775
2024-05-18 13:20:02   mae: 0.15973945
2024-05-18 13:20:02   r2: -1.00110887
2024-05-18 13:20:02   corr: -0.00055443
2024-05-18 13:20:02 Data points per epoch: train = 468701, val = 117176, test = 1832
2024-05-18 13:20:02 Steps per epoch: train = 14646, val = 3661, test = 57
2024-05-18 13:20:02 Epoch 0: lr=0.001
2024-05-18 13:21:15 [Epoch: 0] loss: 0.023660, mae: 0.078927, r2: -0.210479, val_loss: 0.008378, val_mae: 0.066154, val_r2: 0.606663
2024-05-18 13:21:15 Epoch 1: lr=0.00082
2024-05-18 13:22:27 [Epoch: 1] loss: 0.007927, mae: 0.063688, r2: 0.623042, val_loss: 0.007664, val_mae: 0.061923, val_r2: 0.632123
2024-05-18 13:22:27 Epoch 2: lr=0.00064
2024-05-18 13:23:38 [Epoch: 2] loss: 0.007279, mae: 0.060727, r2: 0.653231, val_loss: 0.007363, val_mae: 0.061936, val_r2: 0.642906
2024-05-18 13:23:38 Epoch 3: lr=0.00046
2024-05-18 13:24:50 [Epoch: 3] loss: 0.006792, mae: 0.058463, r2: 0.675904, val_loss: 0.006764, val_mae: 0.057870, val_r2: 0.676082
2024-05-18 13:24:50 Epoch 4: lr=0.00028
2024-05-18 13:26:01 [Epoch: 4] loss: 0.006412, mae: 0.056706, r2: 0.692933, val_loss: 0.006549, val_mae: 0.056959, val_r2: 0.687619
2024-05-18 13:26:01 Epoch 5: lr=0.0001
2024-05-18 13:27:13 [Epoch: 5] loss: 0.006077, mae: 0.055133, r2: 0.708570, val_loss: 0.006402, val_mae: 0.056409, val_r2: 0.690495
2024-05-18 13:27:13 Epoch 6: lr=0.0001
2024-05-18 13:28:25 [Epoch: 6] loss: 0.005968, mae: 0.054636, r2: 0.713636, val_loss: 0.006302, val_mae: 0.055580, val_r2: 0.697594
2024-05-18 13:28:25 Epoch 7: lr=0.0001
2024-05-18 13:29:36 [Epoch: 7] loss: 0.005878, mae: 0.054233, r2: 0.717481, val_loss: 0.006306, val_mae: 0.055416, val_r2: 0.697448
2024-05-18 13:29:36 Epoch 8: lr=0.0001
2024-05-18 13:30:48 [Epoch: 8] loss: 0.005815, mae: 0.053984, r2: 0.720806, val_loss: 0.006237, val_mae: 0.055543, val_r2: 0.699859
2024-05-18 13:30:48 Epoch 9: lr=0.0001
2024-05-18 13:31:59 [Epoch: 9] loss: 0.005745, mae: 0.053662, r2: 0.724123, val_loss: 0.006211, val_mae: 0.055496, val_r2: 0.702727
2024-05-18 13:31:59 Epoch 10: lr=0.0001
2024-05-18 13:33:11 [Epoch: 10] loss: 0.005677, mae: 0.053362, r2: 0.727225, val_loss: 0.006246, val_mae: 0.054989, val_r2: 0.700407
2024-05-18 13:33:11 Epoch 11: lr=0.0001
2024-05-18 13:34:22 [Epoch: 11] loss: 0.005622, mae: 0.053087, r2: 0.729524, val_loss: 0.006180, val_mae: 0.055116, val_r2: 0.705021
2024-05-18 13:34:22 Epoch 12: lr=0.0001
2024-05-18 13:35:34 [Epoch: 12] loss: 0.005568, mae: 0.052846, r2: 0.732320, val_loss: 0.006144, val_mae: 0.054918, val_r2: 0.705256
2024-05-18 13:35:34 Epoch 13: lr=0.0001
2024-05-18 13:36:45 [Epoch: 13] loss: 0.005501, mae: 0.052541, r2: 0.735348, val_loss: 0.006155, val_mae: 0.055115, val_r2: 0.705365
2024-05-18 13:36:46 Epoch 14: lr=5e-05
2024-05-18 13:37:57 [Epoch: 14] loss: 0.005391, mae: 0.052014, r2: 0.740555, val_loss: 0.006111, val_mae: 0.054624, val_r2: 0.706532
2024-05-18 13:37:57 Epoch 15: lr=5e-05
2024-05-18 13:39:09 [Epoch: 15] loss: 0.005346, mae: 0.051830, r2: 0.742919, val_loss: 0.006108, val_mae: 0.055236, val_r2: 0.705900
2024-05-18 13:39:09 Epoch 16: lr=5e-05
2024-05-18 13:40:20 [Epoch: 16] loss: 0.005314, mae: 0.051648, r2: 0.744095, val_loss: 0.006102, val_mae: 0.054455, val_r2: 0.708294
2024-05-18 13:40:20 Epoch 17: lr=5e-05
2024-05-18 13:41:32 [Epoch: 17] loss: 0.005294, mae: 0.051596, r2: 0.745101, val_loss: 0.006051, val_mae: 0.054762, val_r2: 0.710202
2024-05-18 13:41:32 Epoch 18: lr=5e-05
2024-05-18 13:42:43 [Epoch: 18] loss: 0.005261, mae: 0.051442, r2: 0.746848, val_loss: 0.006101, val_mae: 0.054366, val_r2: 0.707674
2024-05-18 13:42:43 Epoch 19: lr=5e-05
2024-05-18 13:43:55 [Epoch: 19] loss: 0.005234, mae: 0.051300, r2: 0.748197, val_loss: 0.006067, val_mae: 0.054539, val_r2: 0.708576
2024-05-18 13:43:55 Epoch 20: lr=2.5e-05
2024-05-18 13:45:06 [Epoch: 20] loss: 0.005174, mae: 0.051010, r2: 0.750683, val_loss: 0.006087, val_mae: 0.054499, val_r2: 0.707066
2024-05-18 13:45:06 Epoch 21: lr=2.5e-05
2024-05-18 13:46:17 [Epoch: 21] loss: 0.005148, mae: 0.050894, r2: 0.752071, val_loss: 0.006057, val_mae: 0.054311, val_r2: 0.709043
2024-05-18 13:46:17 Epoch 22: lr=2.5e-05
2024-05-18 13:47:29 [Epoch: 22] loss: 0.005134, mae: 0.050825, r2: 0.752406, val_loss: 0.006067, val_mae: 0.054481, val_r2: 0.708452
2024-05-18 13:47:29 Epoch 23: lr=2.5e-05
2024-05-18 13:48:41 [Epoch: 23] loss: 0.005109, mae: 0.050723, r2: 0.753808, val_loss: 0.006074, val_mae: 0.054306, val_r2: 0.708432
2024-05-18 13:48:41 Epoch 24: lr=2.5e-05
2024-05-18 13:49:52 [Epoch: 24] loss: 0.005106, mae: 0.050688, r2: 0.754002, val_loss: 0.006058, val_mae: 0.054231, val_r2: 0.708761
2024-05-18 13:49:52 Epoch 25: lr=1.25e-05
2024-05-18 13:51:04 [Epoch: 25] loss: 0.005058, mae: 0.050465, r2: 0.756374, val_loss: 0.006082, val_mae: 0.054319, val_r2: 0.707795
2024-05-18 13:51:04 Epoch 26: lr=1.25e-05
2024-05-18 13:52:15 [Epoch: 26] loss: 0.005055, mae: 0.050469, r2: 0.756403, val_loss: 0.006054, val_mae: 0.054329, val_r2: 0.709012
2024-05-18 13:52:15 Epoch 27: lr=1.25e-05
2024-05-18 13:53:27 [Epoch: 27] loss: 0.005046, mae: 0.050399, r2: 0.756840, val_loss: 0.006058, val_mae: 0.054201, val_r2: 0.708877
2024-05-18 13:53:27 history_length: 28
2024-05-18 13:53:27 stopping: early
2024-05-18 13:53:27 Comparing y_true and y_pred:
2024-05-18 13:53:27   mse: 0.02817130
2024-05-18 13:53:27   mae: 0.13630623
2024-05-18 13:53:27   r2: -0.13933119
2024-05-18 13:53:27   corr: 0.37293313
