2024-04-29 10:35:23 UNO RUN ...
2024-04-29 10:35:23 Params: {'model_name': 'uno', 'train_sources': ['CCLE'], 'test_sources': ['train'], 'cell_types': None, 'cell_features': ['rnaseq'], 'drug_features': ['descriptors'], 'dense': [1000, 1000, 1000, 1000, 1000], 'dense_feature_layers': [1000, 1000, 1000], 'activation': 'relu', 'loss': 'mse', 'optimizer': 'adamax', 'scaling': 'std', 'dropout': 0.1, 'epochs': 30, 'batch_size': 32, 'val_split': 0.2, 'cv': 1, 'max_val_loss': 1.0, 'learning_rate': 0.0001, 'base_lr': None, 'agg_dose': 'AUC', 'residual': False, 'reduce_lr': True, 'warmup_lr': True, 'batch_normalization': False, 'feature_subsample': 0, 'rng_seed': 2018, 'no_gen': False, 'verbose': False, 'preprocess_rnaseq': 'source_scale', 'gpus': [0], 'use_landmark_genes': True, 'no_feature_source': True, 'no_response_source': True, 'save_path': '/dev/shm/Uno/save/8994056.amn-0001/1', 'single': True, 'on_memory_loader': True, 'ckpt_checksum': True, 'ckpt_save_interval': 0, 'timeout': -1, 'train_bool': True, 'profiling': False, 'experiment_id': '8994056.amn-0001', 'run_id': '1', 'logfile': '/dev/shm/Uno/save/8994056.amn-0001/1/python.log', 'shuffle': False, 'ckpt_restart_mode': 'off', 'ckpt_skip_epochs': 0, 'ckpt_directory': '/dev/shm/Uno/save/8994056.amn-0001/1', 'ckpt_save_best': True, 'ckpt_save_best_metric': 'val_loss', 'ckpt_save_weights_only': False, 'ckpt_keep_mode': 'linear', 'ckpt_keep_limit': 5, 'by_cell': None, 'by_drug': None, 'cell_subset_path': '', 'drug_subset_path': '', 'drug_median_response_min': -1, 'drug_median_response_max': 1, 'dense_cell_feature_layers': None, 'dense_drug_feature_layers': None, 'use_filtered_genes': False, 'feature_subset_path': '', 'cell_feature_subset_path': '', 'drug_feature_subset_path': '', 'es': True, 'cp': False, 'tb': False, 'tb_prefix': 'tb', 'partition_by': None, 'cache': None, 'export_csv': None, 'export_data': None, 'use_exported_data': '/dev/shm/Uno/x1921c6s5b0n0.1.merged.landmark.h5', 'growth_bins': 0, 'initial_weights': None, 'save_weights': '/dev/shm/Uno/save/8994056.amn-0001/1/0.1.model.h5', 'config_file': '/home/brettin/CSC249ADOA01_CNDA/brettin/Benchmarks/Pilot1/Uno/uno_auc_model.txt', 'data_type': <class 'numpy.float32'>, 'data_dir': '/dev/shm/Uno/uno/Data', 'output_dir': '/dev/shm/Uno/uno/Output/8994056.amn-0001/1'}
2024-04-29 10:35:24 Feature encoding submodel for cell.rnaseq:
2024-04-29 10:35:24 Model: "cell.rnaseq"
2024-04-29 10:35:24 _________________________________________________________________
2024-04-29 10:35:24  Layer (type)                Output Shape              Param #   
2024-04-29 10:35:24 =================================================================
2024-04-29 10:35:24  input_1 (InputLayer)        [(None, 958)]             0         
2024-04-29 10:35:24                                                                  
2024-04-29 10:35:24  dense (Dense)               (None, 1000)              959000    
2024-04-29 10:35:24                                                                  
2024-04-29 10:35:24  permanent_dropout (Permane  (None, 1000)              0         
2024-04-29 10:35:24  ntDropout)                                                      
2024-04-29 10:35:24                                                                  
2024-04-29 10:35:24  dense_1 (Dense)             (None, 1000)              1001000   
2024-04-29 10:35:24                                                                  
2024-04-29 10:35:24  permanent_dropout_1 (Perma  (None, 1000)              0         
2024-04-29 10:35:24  nentDropout)                                                    
2024-04-29 10:35:24                                                                  
2024-04-29 10:35:24  dense_2 (Dense)             (None, 1000)              1001000   
2024-04-29 10:35:24                                                                  
2024-04-29 10:35:24  permanent_dropout_2 (Perma  (None, 1000)              0         
2024-04-29 10:35:24  nentDropout)                                                    
2024-04-29 10:35:24                                                                  
2024-04-29 10:35:24 =================================================================
2024-04-29 10:35:24 Total params: 2961000 (11.30 MB)
2024-04-29 10:35:24 Trainable params: 2961000 (11.30 MB)
2024-04-29 10:35:24 Non-trainable params: 0 (0.00 Byte)
2024-04-29 10:35:24 _________________________________________________________________
2024-04-29 10:35:24 Feature encoding submodel for drug.descriptors:
2024-04-29 10:35:24 Model: "drug.descriptors"
2024-04-29 10:35:24 _________________________________________________________________
2024-04-29 10:35:24  Layer (type)                Output Shape              Param #   
2024-04-29 10:35:24 =================================================================
2024-04-29 10:35:24  input_2 (InputLayer)        [(None, 1613)]            0         
2024-04-29 10:35:24                                                                  
2024-04-29 10:35:24  dense_3 (Dense)             (None, 1000)              1614000   
2024-04-29 10:35:24                                                                  
2024-04-29 10:35:24  permanent_dropout_3 (Perma  (None, 1000)              0         
2024-04-29 10:35:24  nentDropout)                                                    
2024-04-29 10:35:24                                                                  
2024-04-29 10:35:24  dense_4 (Dense)             (None, 1000)              1001000   
2024-04-29 10:35:24                                                                  
2024-04-29 10:35:24  permanent_dropout_4 (Perma  (None, 1000)              0         
2024-04-29 10:35:24  nentDropout)                                                    
2024-04-29 10:35:24                                                                  
2024-04-29 10:35:24  dense_5 (Dense)             (None, 1000)              1001000   
2024-04-29 10:35:24                                                                  
2024-04-29 10:35:24  permanent_dropout_5 (Perma  (None, 1000)              0         
2024-04-29 10:35:24  nentDropout)                                                    
2024-04-29 10:35:24                                                                  
2024-04-29 10:35:24 =================================================================
2024-04-29 10:35:24 Total params: 3616000 (13.79 MB)
2024-04-29 10:35:24 Trainable params: 3616000 (13.79 MB)
2024-04-29 10:35:24 Non-trainable params: 0 (0.00 Byte)
2024-04-29 10:35:24 _________________________________________________________________
2024-04-29 10:35:24 Combined model:
2024-04-29 10:35:24 Model: "model"
2024-04-29 10:35:24 __________________________________________________________________________________________________
2024-04-29 10:35:24  Layer (type)                Output Shape                 Param #   Connected to                  
2024-04-29 10:35:24 ==================================================================================================
2024-04-29 10:35:24  input.cell.rnaseq (InputLa  [(None, 958)]                0         []                            
2024-04-29 10:35:24  yer)                                                                                             
2024-04-29 10:35:24                                                                                                   
2024-04-29 10:35:24  input.drug1.descriptors (I  [(None, 1613)]               0         []                            
2024-04-29 10:35:24  nputLayer)                                                                                       
2024-04-29 10:35:24                                                                                                   
2024-04-29 10:35:24  cell.rnaseq (Functional)    (None, 1000)                 2961000   ['input.cell.rnaseq[0][0]']   
2024-04-29 10:35:24                                                                                                   
2024-04-29 10:35:24  drug.descriptors (Function  (None, 1000)                 3616000   ['input.drug1.descriptors[0][0
2024-04-29 10:35:24  al)                                                                ]']                           
2024-04-29 10:35:24                                                                                                   
2024-04-29 10:35:24  concatenate (Concatenate)   (None, 2000)                 0         ['cell.rnaseq[0][0]',         
2024-04-29 10:35:24                                                                      'drug.descriptors[0][0]']    
2024-04-29 10:35:24                                                                                                   
2024-04-29 10:35:24  dense_6 (Dense)             (None, 1000)                 2001000   ['concatenate[0][0]']         
2024-04-29 10:35:24                                                                                                   
2024-04-29 10:35:24  permanent_dropout_6 (Perma  (None, 1000)                 0         ['dense_6[0][0]']             
2024-04-29 10:35:24  nentDropout)                                                                                     
2024-04-29 10:35:24                                                                                                   
2024-04-29 10:35:24  dense_7 (Dense)             (None, 1000)                 1001000   ['permanent_dropout_6[0][0]'] 
2024-04-29 10:35:24                                                                                                   
2024-04-29 10:35:24  permanent_dropout_7 (Perma  (None, 1000)                 0         ['dense_7[0][0]']             
2024-04-29 10:35:24  nentDropout)                                                                                     
2024-04-29 10:35:24                                                                                                   
2024-04-29 10:35:24  dense_8 (Dense)             (None, 1000)                 1001000   ['permanent_dropout_7[0][0]'] 
2024-04-29 10:35:24                                                                                                   
2024-04-29 10:35:24  permanent_dropout_8 (Perma  (None, 1000)                 0         ['dense_8[0][0]']             
2024-04-29 10:35:24  nentDropout)                                                                                     
2024-04-29 10:35:24                                                                                                   
2024-04-29 10:35:24  dense_9 (Dense)             (None, 1000)                 1001000   ['permanent_dropout_8[0][0]'] 
2024-04-29 10:35:24                                                                                                   
2024-04-29 10:35:24  permanent_dropout_9 (Perma  (None, 1000)                 0         ['dense_9[0][0]']             
2024-04-29 10:35:24  nentDropout)                                                                                     
2024-04-29 10:35:24                                                                                                   
2024-04-29 10:35:24  dense_10 (Dense)            (None, 1000)                 1001000   ['permanent_dropout_9[0][0]'] 
2024-04-29 10:35:24                                                                                                   
2024-04-29 10:35:24  permanent_dropout_10 (Perm  (None, 1000)                 0         ['dense_10[0][0]']            
2024-04-29 10:35:24  anentDropout)                                                                                    
2024-04-29 10:35:24                                                                                                   
2024-04-29 10:35:24  dense_11 (Dense)            (None, 1)                    1001      ['permanent_dropout_10[0][0]']
2024-04-29 10:35:24                                                                                                   
2024-04-29 10:35:24 ==================================================================================================
2024-04-29 10:35:24 Total params: 12583001 (48.00 MB)
2024-04-29 10:35:24 Trainable params: 12583001 (48.00 MB)
2024-04-29 10:35:24 Non-trainable params: 0 (0.00 Byte)
2024-04-29 10:35:24 __________________________________________________________________________________________________
2024-04-29 10:35:24 CKPT CONSTRUCT...
2024-04-29 10:35:24 CKPT CONSTRUCT OK.
2024-04-29 10:35:24 template model: <keras.src.engine.functional.Functional object at 0x14e1305bef70>
2024-04-29 10:35:26 COMPILE
2024-04-29 10:35:26 Will save weights to: /dev/shm/Uno/save/8994056.amn-0001/1/0.1.model.h5
2024-04-29 10:35:42 Between random pairs in y_val:
2024-04-29 10:35:42   mse: 0.04742388
2024-04-29 10:35:42   mae: 0.15961255
2024-04-29 10:35:42   r2: -1.00163806
2024-04-29 10:35:42   corr: -0.00081903
2024-04-29 10:35:42 Data points per epoch: train = 470167, val = 117542, test = 549
2024-04-29 10:35:42 Steps per epoch: train = 14692, val = 3673, test = 17
2024-04-29 10:35:42 Epoch 0: lr=0.001
2024-04-29 10:36:54 [Epoch: 0] loss: 0.030826, mae: 0.079845, r2: -0.400893, val_loss: 0.009216, val_mae: 0.072806, val_r2: 0.553212
2024-04-29 10:36:54 Epoch 1: lr=0.00082
2024-04-29 10:38:05 [Epoch: 1] loss: 0.008040, mae: 0.064192, r2: 0.616484, val_loss: 0.007664, val_mae: 0.063203, val_r2: 0.637242
2024-04-29 10:38:05 Epoch 2: lr=0.00064
2024-04-29 10:39:15 [Epoch: 2] loss: 0.007341, mae: 0.060979, r2: 0.648946, val_loss: 0.007237, val_mae: 0.059728, val_r2: 0.656978
2024-04-29 10:39:15 Epoch 3: lr=0.00046
2024-04-29 10:40:25 [Epoch: 3] loss: 0.006841, mae: 0.058719, r2: 0.672063, val_loss: 0.006837, val_mae: 0.058766, val_r2: 0.674944
2024-04-29 10:40:25 Epoch 4: lr=0.00028
2024-04-29 10:41:35 [Epoch: 4] loss: 0.006452, mae: 0.056932, r2: 0.690080, val_loss: 0.006577, val_mae: 0.056965, val_r2: 0.684010
2024-04-29 10:41:35 Epoch 5: lr=0.0001
2024-04-29 10:42:45 [Epoch: 5] loss: 0.006118, mae: 0.055348, r2: 0.705167, val_loss: 0.006383, val_mae: 0.056022, val_r2: 0.693230
2024-04-29 10:42:45 Epoch 6: lr=0.0001
2024-04-29 10:43:55 [Epoch: 6] loss: 0.006013, mae: 0.054850, r2: 0.710391, val_loss: 0.006327, val_mae: 0.056476, val_r2: 0.695453
2024-04-29 10:43:55 Epoch 7: lr=0.0001
2024-04-29 10:45:05 [Epoch: 7] loss: 0.005921, mae: 0.054449, r2: 0.714483, val_loss: 0.006315, val_mae: 0.055662, val_r2: 0.697010
2024-04-29 10:45:05 Epoch 8: lr=0.0001
2024-04-29 10:46:15 [Epoch: 8] loss: 0.005865, mae: 0.054200, r2: 0.717306, val_loss: 0.006303, val_mae: 0.055510, val_r2: 0.697847
2024-04-29 10:46:15 Epoch 9: lr=0.0001
2024-04-29 10:47:25 [Epoch: 9] loss: 0.005794, mae: 0.053856, r2: 0.720581, val_loss: 0.006256, val_mae: 0.055273, val_r2: 0.698584
2024-04-29 10:47:25 Epoch 10: lr=0.0001
2024-04-29 10:48:35 [Epoch: 10] loss: 0.005745, mae: 0.053671, r2: 0.722994, val_loss: 0.006202, val_mae: 0.055578, val_r2: 0.702170
2024-04-29 10:48:35 Epoch 11: lr=0.0001
2024-04-29 10:49:45 [Epoch: 11] loss: 0.005666, mae: 0.053281, r2: 0.726638, val_loss: 0.006171, val_mae: 0.055434, val_r2: 0.703887
2024-04-29 10:49:46 Epoch 12: lr=0.0001
2024-04-29 10:50:56 [Epoch: 12] loss: 0.005619, mae: 0.053100, r2: 0.728791, val_loss: 0.006157, val_mae: 0.054763, val_r2: 0.704187
2024-04-29 10:50:56 Epoch 13: lr=0.0001
2024-04-29 10:52:06 [Epoch: 13] loss: 0.005556, mae: 0.052804, r2: 0.731730, val_loss: 0.006186, val_mae: 0.055929, val_r2: 0.702127
2024-04-29 10:52:06 Epoch 14: lr=0.0001
2024-04-29 10:53:16 [Epoch: 14] loss: 0.005512, mae: 0.052604, r2: 0.733726, val_loss: 0.006109, val_mae: 0.054609, val_r2: 0.706698
2024-04-29 10:53:16 Epoch 15: lr=0.0001
2024-04-29 10:54:26 [Epoch: 15] loss: 0.005461, mae: 0.052393, r2: 0.736387, val_loss: 0.006111, val_mae: 0.055104, val_r2: 0.705862
2024-04-29 10:54:26 Epoch 16: lr=0.0001
2024-04-29 10:55:36 [Epoch: 16] loss: 0.005406, mae: 0.052121, r2: 0.738734, val_loss: 0.006129, val_mae: 0.055160, val_r2: 0.705171
2024-04-29 10:55:36 Epoch 17: lr=0.0001
2024-04-29 10:56:46 [Epoch: 17] loss: 0.005356, mae: 0.051861, r2: 0.741082, val_loss: 0.006095, val_mae: 0.054667, val_r2: 0.707419
2024-04-29 10:56:46 Epoch 18: lr=0.0001
2024-04-29 10:57:56 [Epoch: 18] loss: 0.005301, mae: 0.051624, r2: 0.743437, val_loss: 0.006152, val_mae: 0.054334, val_r2: 0.703811
2024-04-29 10:57:56 Epoch 19: lr=0.0001
2024-04-29 10:59:07 [Epoch: 19] loss: 0.005260, mae: 0.051421, r2: 0.745786, val_loss: 0.006167, val_mae: 0.054376, val_r2: 0.702754
2024-04-29 10:59:07 Epoch 20: lr=5e-05
2024-04-29 11:00:17 [Epoch: 20] loss: 0.005152, mae: 0.050905, r2: 0.750898, val_loss: 0.006042, val_mae: 0.054320, val_r2: 0.709371
2024-04-29 11:00:17 Epoch 21: lr=5e-05
2024-04-29 11:01:27 [Epoch: 21] loss: 0.005110, mae: 0.050656, r2: 0.752784, val_loss: 0.006073, val_mae: 0.054410, val_r2: 0.707863
2024-04-29 11:01:27 Epoch 22: lr=5e-05
2024-04-29 11:02:37 [Epoch: 22] loss: 0.005077, mae: 0.050558, r2: 0.754425, val_loss: 0.006053, val_mae: 0.054952, val_r2: 0.709123
2024-04-29 11:02:37 Epoch 23: lr=5e-05
2024-04-29 11:03:47 [Epoch: 23] loss: 0.005055, mae: 0.050423, r2: 0.755180, val_loss: 0.006089, val_mae: 0.054308, val_r2: 0.707246
2024-04-29 11:03:47 Epoch 24: lr=5e-05
2024-04-29 11:04:57 [Epoch: 24] loss: 0.005033, mae: 0.050352, r2: 0.756295, val_loss: 0.006074, val_mae: 0.054492, val_r2: 0.706996
2024-04-29 11:04:57 Epoch 25: lr=2.5e-05
2024-04-29 11:06:07 [Epoch: 25] loss: 0.004958, mae: 0.049990, r2: 0.759721, val_loss: 0.006042, val_mae: 0.054253, val_r2: 0.709561
2024-04-29 11:06:07 Epoch 26: lr=2.5e-05
2024-04-29 11:07:17 [Epoch: 26] loss: 0.004945, mae: 0.049958, r2: 0.760563, val_loss: 0.006050, val_mae: 0.054422, val_r2: 0.708949
2024-04-29 11:07:17 Epoch 27: lr=2.5e-05
2024-04-29 11:08:27 [Epoch: 27] loss: 0.004928, mae: 0.049858, r2: 0.761264, val_loss: 0.006012, val_mae: 0.054204, val_r2: 0.710426
2024-04-29 11:08:27 Epoch 28: lr=2.5e-05
2024-04-29 11:09:37 [Epoch: 28] loss: 0.004926, mae: 0.049824, r2: 0.761211, val_loss: 0.006040, val_mae: 0.054187, val_r2: 0.709788
2024-04-29 11:09:37 Epoch 29: lr=2.5e-05
2024-04-29 11:10:47 [Epoch: 29] loss: 0.004902, mae: 0.049724, r2: 0.762418, val_loss: 0.006052, val_mae: 0.054368, val_r2: 0.708752
2024-04-29 11:10:48 history_length: 30
2024-04-29 11:10:48 stopping: complete
2024-04-29 11:10:48 Comparing y_true and y_pred:
2024-04-29 11:10:48   mse: 0.01962245
2024-04-29 11:10:48   mae: 0.10988959
2024-04-29 11:10:48   r2: 0.48250270
2024-04-29 11:10:48   corr: 0.69474177
