2024-05-18 13:19:43 UNO RUN ...
2024-05-18 13:19:43 Params: {'model_name': 'uno', 'train_sources': ['CCLE'], 'test_sources': ['train'], 'cell_types': None, 'cell_features': ['rnaseq'], 'drug_features': ['descriptors'], 'dense': [1000, 1000, 1000, 1000, 1000], 'dense_feature_layers': [1000, 1000, 1000], 'activation': 'relu', 'loss': 'mse', 'optimizer': 'adamax', 'scaling': 'std', 'dropout': 0.1, 'epochs': 75, 'batch_size': 32, 'val_split': 0.2, 'cv': 1, 'max_val_loss': 1.0, 'learning_rate': 0.0001, 'base_lr': None, 'agg_dose': 'AUC', 'residual': False, 'reduce_lr': True, 'warmup_lr': True, 'batch_normalization': False, 'feature_subsample': 0, 'rng_seed': 2018, 'no_gen': False, 'verbose': False, 'preprocess_rnaseq': 'source_scale', 'gpus': [0], 'use_landmark_genes': True, 'no_feature_source': True, 'no_response_source': True, 'save_path': '/dev/shm/Uno/save/8999163.amn-0001/45', 'single': True, 'on_memory_loader': True, 'ckpt_checksum': True, 'ckpt_save_interval': 0, 'timeout': -1, 'train_bool': True, 'profiling': False, 'experiment_id': '8999163.amn-0001', 'run_id': '45', 'logfile': '/dev/shm/Uno/save/8999163.amn-0001/45/python.log', 'shuffle': False, 'ckpt_restart_mode': 'off', 'ckpt_skip_epochs': 0, 'ckpt_directory': '/dev/shm/Uno/save/8999163.amn-0001/45', 'ckpt_save_best': True, 'ckpt_save_best_metric': 'val_loss', 'ckpt_save_weights_only': False, 'ckpt_keep_mode': 'linear', 'ckpt_keep_limit': 5, 'by_cell': None, 'by_drug': None, 'cell_subset_path': '', 'drug_subset_path': '', 'drug_median_response_min': -1, 'drug_median_response_max': 1, 'dense_cell_feature_layers': None, 'dense_drug_feature_layers': None, 'use_filtered_genes': False, 'feature_subset_path': '', 'cell_feature_subset_path': '', 'drug_feature_subset_path': '', 'es': True, 'cp': False, 'tb': False, 'tb_prefix': 'tb', 'partition_by': None, 'cache': None, 'export_csv': None, 'export_data': None, 'use_exported_data': '/dev/shm/Uno/x1922c3s4b0n0.45.merged.landmark.h5', 'growth_bins': 0, 'initial_weights': None, 'save_weights': '/dev/shm/Uno/save/8999163.amn-0001/45/4.1.model.h5', 'config_file': '/home/brettin/CSC249ADOA01_CNDA/brettin/Benchmarks/Pilot1/Uno/uno_auc_model.txt', 'data_type': <class 'numpy.float32'>, 'data_dir': '/dev/shm/Uno/uno/Data', 'output_dir': '/dev/shm/Uno/uno/Output/8999163.amn-0001/45'}
2024-05-18 13:19:43 Feature encoding submodel for cell.rnaseq:
2024-05-18 13:19:43 Model: "cell.rnaseq"
2024-05-18 13:19:43 _________________________________________________________________
2024-05-18 13:19:43  Layer (type)                Output Shape              Param #   
2024-05-18 13:19:43 =================================================================
2024-05-18 13:19:43  input_1 (InputLayer)        [(None, 958)]             0         
2024-05-18 13:19:43                                                                  
2024-05-18 13:19:43  dense (Dense)               (None, 1000)              959000    
2024-05-18 13:19:43                                                                  
2024-05-18 13:19:43  permanent_dropout (Permane  (None, 1000)              0         
2024-05-18 13:19:43  ntDropout)                                                      
2024-05-18 13:19:43                                                                  
2024-05-18 13:19:43  dense_1 (Dense)             (None, 1000)              1001000   
2024-05-18 13:19:43                                                                  
2024-05-18 13:19:43  permanent_dropout_1 (Perma  (None, 1000)              0         
2024-05-18 13:19:43  nentDropout)                                                    
2024-05-18 13:19:43                                                                  
2024-05-18 13:19:43  dense_2 (Dense)             (None, 1000)              1001000   
2024-05-18 13:19:43                                                                  
2024-05-18 13:19:43  permanent_dropout_2 (Perma  (None, 1000)              0         
2024-05-18 13:19:43  nentDropout)                                                    
2024-05-18 13:19:43                                                                  
2024-05-18 13:19:43 =================================================================
2024-05-18 13:19:43 Total params: 2961000 (11.30 MB)
2024-05-18 13:19:43 Trainable params: 2961000 (11.30 MB)
2024-05-18 13:19:43 Non-trainable params: 0 (0.00 Byte)
2024-05-18 13:19:43 _________________________________________________________________
2024-05-18 13:19:43 Feature encoding submodel for drug.descriptors:
2024-05-18 13:19:43 Model: "drug.descriptors"
2024-05-18 13:19:43 _________________________________________________________________
2024-05-18 13:19:43  Layer (type)                Output Shape              Param #   
2024-05-18 13:19:43 =================================================================
2024-05-18 13:19:43  input_2 (InputLayer)        [(None, 1613)]            0         
2024-05-18 13:19:43                                                                  
2024-05-18 13:19:43  dense_3 (Dense)             (None, 1000)              1614000   
2024-05-18 13:19:43                                                                  
2024-05-18 13:19:43  permanent_dropout_3 (Perma  (None, 1000)              0         
2024-05-18 13:19:43  nentDropout)                                                    
2024-05-18 13:19:43                                                                  
2024-05-18 13:19:43  dense_4 (Dense)             (None, 1000)              1001000   
2024-05-18 13:19:43                                                                  
2024-05-18 13:19:43  permanent_dropout_4 (Perma  (None, 1000)              0         
2024-05-18 13:19:43  nentDropout)                                                    
2024-05-18 13:19:43                                                                  
2024-05-18 13:19:43  dense_5 (Dense)             (None, 1000)              1001000   
2024-05-18 13:19:43                                                                  
2024-05-18 13:19:43  permanent_dropout_5 (Perma  (None, 1000)              0         
2024-05-18 13:19:43  nentDropout)                                                    
2024-05-18 13:19:43                                                                  
2024-05-18 13:19:43 =================================================================
2024-05-18 13:19:43 Total params: 3616000 (13.79 MB)
2024-05-18 13:19:43 Trainable params: 3616000 (13.79 MB)
2024-05-18 13:19:43 Non-trainable params: 0 (0.00 Byte)
2024-05-18 13:19:43 _________________________________________________________________
2024-05-18 13:19:43 Combined model:
2024-05-18 13:19:43 Model: "model"
2024-05-18 13:19:43 __________________________________________________________________________________________________
2024-05-18 13:19:43  Layer (type)                Output Shape                 Param #   Connected to                  
2024-05-18 13:19:43 ==================================================================================================
2024-05-18 13:19:43  input.cell.rnaseq (InputLa  [(None, 958)]                0         []                            
2024-05-18 13:19:43  yer)                                                                                             
2024-05-18 13:19:43                                                                                                   
2024-05-18 13:19:43  input.drug1.descriptors (I  [(None, 1613)]               0         []                            
2024-05-18 13:19:43  nputLayer)                                                                                       
2024-05-18 13:19:43                                                                                                   
2024-05-18 13:19:43  cell.rnaseq (Functional)    (None, 1000)                 2961000   ['input.cell.rnaseq[0][0]']   
2024-05-18 13:19:43                                                                                                   
2024-05-18 13:19:43  drug.descriptors (Function  (None, 1000)                 3616000   ['input.drug1.descriptors[0][0
2024-05-18 13:19:43  al)                                                                ]']                           
2024-05-18 13:19:43                                                                                                   
2024-05-18 13:19:43  concatenate (Concatenate)   (None, 2000)                 0         ['cell.rnaseq[0][0]',         
2024-05-18 13:19:43                                                                      'drug.descriptors[0][0]']    
2024-05-18 13:19:43                                                                                                   
2024-05-18 13:19:43  dense_6 (Dense)             (None, 1000)                 2001000   ['concatenate[0][0]']         
2024-05-18 13:19:43                                                                                                   
2024-05-18 13:19:43  permanent_dropout_6 (Perma  (None, 1000)                 0         ['dense_6[0][0]']             
2024-05-18 13:19:43  nentDropout)                                                                                     
2024-05-18 13:19:43                                                                                                   
2024-05-18 13:19:43  dense_7 (Dense)             (None, 1000)                 1001000   ['permanent_dropout_6[0][0]'] 
2024-05-18 13:19:43                                                                                                   
2024-05-18 13:19:43  permanent_dropout_7 (Perma  (None, 1000)                 0         ['dense_7[0][0]']             
2024-05-18 13:19:43  nentDropout)                                                                                     
2024-05-18 13:19:43                                                                                                   
2024-05-18 13:19:43  dense_8 (Dense)             (None, 1000)                 1001000   ['permanent_dropout_7[0][0]'] 
2024-05-18 13:19:43                                                                                                   
2024-05-18 13:19:43  permanent_dropout_8 (Perma  (None, 1000)                 0         ['dense_8[0][0]']             
2024-05-18 13:19:43  nentDropout)                                                                                     
2024-05-18 13:19:43                                                                                                   
2024-05-18 13:19:43  dense_9 (Dense)             (None, 1000)                 1001000   ['permanent_dropout_8[0][0]'] 
2024-05-18 13:19:43                                                                                                   
2024-05-18 13:19:43  permanent_dropout_9 (Perma  (None, 1000)                 0         ['dense_9[0][0]']             
2024-05-18 13:19:43  nentDropout)                                                                                     
2024-05-18 13:19:43                                                                                                   
2024-05-18 13:19:43  dense_10 (Dense)            (None, 1000)                 1001000   ['permanent_dropout_9[0][0]'] 
2024-05-18 13:19:43                                                                                                   
2024-05-18 13:19:43  permanent_dropout_10 (Perm  (None, 1000)                 0         ['dense_10[0][0]']            
2024-05-18 13:19:43  anentDropout)                                                                                    
2024-05-18 13:19:43                                                                                                   
2024-05-18 13:19:43  dense_11 (Dense)            (None, 1)                    1001      ['permanent_dropout_10[0][0]']
2024-05-18 13:19:43                                                                                                   
2024-05-18 13:19:43 ==================================================================================================
2024-05-18 13:19:43 Total params: 12583001 (48.00 MB)
2024-05-18 13:19:43 Trainable params: 12583001 (48.00 MB)
2024-05-18 13:19:43 Non-trainable params: 0 (0.00 Byte)
2024-05-18 13:19:43 __________________________________________________________________________________________________
2024-05-18 13:19:44 CKPT CONSTRUCT...
2024-05-18 13:19:44 CKPT CONSTRUCT OK.
2024-05-18 13:19:44 template model: <keras.src.engine.functional.Functional object at 0x14cef2fc3f70>
2024-05-18 13:19:45 COMPILE
2024-05-18 13:19:45 Will save weights to: /dev/shm/Uno/save/8999163.amn-0001/45/4.1.model.h5
2024-05-18 13:20:01 Between random pairs in y_val:
2024-05-18 13:20:01   mse: 0.04750824
2024-05-18 13:20:01   mae: 0.15958395
2024-05-18 13:20:01   r2: -0.98765356
2024-05-18 13:20:01   corr: 0.00617322
2024-05-18 13:20:01 Data points per epoch: train = 469658, val = 117415, test = 636
2024-05-18 13:20:01 Steps per epoch: train = 14676, val = 3669, test = 19
2024-05-18 13:20:01 Epoch 0: lr=0.001
2024-05-18 13:21:16 [Epoch: 0] loss: 0.026081, mae: 0.079351, r2: -0.256782, val_loss: 0.008443, val_mae: 0.067021, val_r2: 0.596759
2024-05-18 13:21:16 Epoch 1: lr=0.00082
2024-05-18 13:22:29 [Epoch: 1] loss: 0.008005, mae: 0.063996, r2: 0.618840, val_loss: 0.007554, val_mae: 0.061892, val_r2: 0.640454
2024-05-18 13:22:29 Epoch 2: lr=0.00064
2024-05-18 13:23:42 [Epoch: 2] loss: 0.007307, mae: 0.060782, r2: 0.650810, val_loss: 0.007170, val_mae: 0.061437, val_r2: 0.662288
2024-05-18 13:23:42 Epoch 3: lr=0.00046
2024-05-18 13:24:55 [Epoch: 3] loss: 0.006838, mae: 0.058662, r2: 0.672520, val_loss: 0.006778, val_mae: 0.057910, val_r2: 0.678644
2024-05-18 13:24:55 Epoch 4: lr=0.00028
2024-05-18 13:26:08 [Epoch: 4] loss: 0.006441, mae: 0.056809, r2: 0.690710, val_loss: 0.006525, val_mae: 0.056659, val_r2: 0.689567
2024-05-18 13:26:08 Epoch 5: lr=0.0001
2024-05-18 13:27:20 [Epoch: 5] loss: 0.006113, mae: 0.055278, r2: 0.705926, val_loss: 0.006371, val_mae: 0.056438, val_r2: 0.696708
2024-05-18 13:27:20 Epoch 6: lr=0.0001
2024-05-18 13:28:33 [Epoch: 6] loss: 0.005999, mae: 0.054767, r2: 0.711415, val_loss: 0.006329, val_mae: 0.056115, val_r2: 0.698618
2024-05-18 13:28:33 Epoch 7: lr=0.0001
2024-05-18 13:29:46 [Epoch: 7] loss: 0.005916, mae: 0.054417, r2: 0.715010, val_loss: 0.006317, val_mae: 0.055846, val_r2: 0.699874
2024-05-18 13:29:46 Epoch 8: lr=0.0001
2024-05-18 13:30:59 [Epoch: 8] loss: 0.005854, mae: 0.054133, r2: 0.718179, val_loss: 0.006312, val_mae: 0.055489, val_r2: 0.697904
2024-05-18 13:30:59 Epoch 9: lr=0.0001
2024-05-18 13:32:12 [Epoch: 9] loss: 0.005790, mae: 0.053849, r2: 0.721279, val_loss: 0.006236, val_mae: 0.055626, val_r2: 0.702629
2024-05-18 13:32:12 Epoch 10: lr=0.0001
2024-05-18 13:33:25 [Epoch: 10] loss: 0.005720, mae: 0.053531, r2: 0.724641, val_loss: 0.006238, val_mae: 0.055190, val_r2: 0.703075
2024-05-18 13:33:25 Epoch 11: lr=0.0001
2024-05-18 13:34:38 [Epoch: 11] loss: 0.005667, mae: 0.053279, r2: 0.727077, val_loss: 0.006187, val_mae: 0.055277, val_r2: 0.704422
2024-05-18 13:34:38 Epoch 12: lr=0.0001
2024-05-18 13:35:50 [Epoch: 12] loss: 0.005610, mae: 0.053043, r2: 0.729814, val_loss: 0.006170, val_mae: 0.055781, val_r2: 0.706049
2024-05-18 13:35:50 Epoch 13: lr=0.0001
2024-05-18 13:37:03 [Epoch: 13] loss: 0.005551, mae: 0.052743, r2: 0.732327, val_loss: 0.006165, val_mae: 0.055313, val_r2: 0.705981
2024-05-18 13:37:03 Epoch 14: lr=0.0001
2024-05-18 13:38:16 [Epoch: 14] loss: 0.005497, mae: 0.052523, r2: 0.734830, val_loss: 0.006189, val_mae: 0.055202, val_r2: 0.704023
2024-05-18 13:38:16 Epoch 15: lr=5e-05
2024-05-18 13:39:29 [Epoch: 15] loss: 0.005383, mae: 0.051977, r2: 0.740263, val_loss: 0.006129, val_mae: 0.054953, val_r2: 0.707771
2024-05-18 13:39:29 Epoch 16: lr=5e-05
2024-05-18 13:40:42 [Epoch: 16] loss: 0.005332, mae: 0.051725, r2: 0.742906, val_loss: 0.006121, val_mae: 0.054710, val_r2: 0.707849
2024-05-18 13:40:42 Epoch 17: lr=5e-05
2024-05-18 13:41:55 [Epoch: 17] loss: 0.005299, mae: 0.051559, r2: 0.744528, val_loss: 0.006127, val_mae: 0.054527, val_r2: 0.708336
2024-05-18 13:41:55 Epoch 18: lr=5e-05
2024-05-18 13:43:08 [Epoch: 18] loss: 0.005273, mae: 0.051439, r2: 0.745710, val_loss: 0.006127, val_mae: 0.054582, val_r2: 0.708447
2024-05-18 13:43:08 Epoch 19: lr=5e-05
2024-05-18 13:44:21 [Epoch: 19] loss: 0.005247, mae: 0.051382, r2: 0.746844, val_loss: 0.006094, val_mae: 0.054531, val_r2: 0.709347
2024-05-18 13:44:21 Epoch 20: lr=5e-05
2024-05-18 13:45:34 [Epoch: 20] loss: 0.005216, mae: 0.051208, r2: 0.748372, val_loss: 0.006099, val_mae: 0.054470, val_r2: 0.709730
2024-05-18 13:45:34 Epoch 21: lr=2.5e-05
2024-05-18 13:46:46 [Epoch: 21] loss: 0.005155, mae: 0.050923, r2: 0.751134, val_loss: 0.006100, val_mae: 0.054684, val_r2: 0.708631
2024-05-18 13:46:47 Epoch 22: lr=2.5e-05
2024-05-18 13:47:59 [Epoch: 22] loss: 0.005126, mae: 0.050766, r2: 0.752375, val_loss: 0.006107, val_mae: 0.054350, val_r2: 0.708002
2024-05-18 13:47:59 Epoch 23: lr=2.5e-05
2024-05-18 13:49:12 [Epoch: 23] loss: 0.005111, mae: 0.050717, r2: 0.753178, val_loss: 0.006119, val_mae: 0.054718, val_r2: 0.707609
2024-05-18 13:49:13 Epoch 24: lr=2.5e-05
2024-05-18 13:50:25 [Epoch: 24] loss: 0.005106, mae: 0.050654, r2: 0.753384, val_loss: 0.006104, val_mae: 0.054541, val_r2: 0.708130
2024-05-18 13:50:25 Epoch 25: lr=2.5e-05
2024-05-18 13:51:38 [Epoch: 25] loss: 0.005094, mae: 0.050564, r2: 0.754053, val_loss: 0.006107, val_mae: 0.054778, val_r2: 0.708140
2024-05-18 13:51:38 Epoch 26: lr=1.25e-05
2024-05-18 13:52:51 [Epoch: 26] loss: 0.005051, mae: 0.050414, r2: 0.755973, val_loss: 0.006098, val_mae: 0.054487, val_r2: 0.708128
2024-05-18 13:52:51 Epoch 27: lr=1.25e-05
2024-05-18 13:54:04 [Epoch: 27] loss: 0.005041, mae: 0.050360, r2: 0.756584, val_loss: 0.006096, val_mae: 0.054393, val_r2: 0.708976
2024-05-18 13:54:04 Epoch 28: lr=1.25e-05
2024-05-18 13:55:17 [Epoch: 28] loss: 0.005033, mae: 0.050319, r2: 0.756746, val_loss: 0.006089, val_mae: 0.054494, val_r2: 0.708898
2024-05-18 13:55:17 Epoch 29: lr=1.25e-05
2024-05-18 13:56:30 [Epoch: 29] loss: 0.005024, mae: 0.050263, r2: 0.757517, val_loss: 0.006083, val_mae: 0.054345, val_r2: 0.708952
2024-05-18 13:56:30 Epoch 30: lr=1.25e-05
2024-05-18 13:57:43 [Epoch: 30] loss: 0.005018, mae: 0.050262, r2: 0.757449, val_loss: 0.006099, val_mae: 0.054529, val_r2: 0.707806
2024-05-18 13:57:43 Epoch 31: lr=1e-05
2024-05-18 13:58:56 [Epoch: 31] loss: 0.005009, mae: 0.050230, r2: 0.758004, val_loss: 0.006081, val_mae: 0.054375, val_r2: 0.709368
2024-05-18 13:58:57 Epoch 32: lr=1e-05
2024-05-18 14:00:10 [Epoch: 32] loss: 0.005000, mae: 0.050152, r2: 0.758410, val_loss: 0.006101, val_mae: 0.054445, val_r2: 0.708608
2024-05-18 14:00:10 Epoch 33: lr=1e-05
2024-05-18 14:01:23 [Epoch: 33] loss: 0.004994, mae: 0.050155, r2: 0.758834, val_loss: 0.006101, val_mae: 0.054417, val_r2: 0.708276
2024-05-18 14:01:23 Epoch 34: lr=1e-05
2024-05-18 14:02:36 [Epoch: 34] loss: 0.004980, mae: 0.050050, r2: 0.759341, val_loss: 0.006093, val_mae: 0.054370, val_r2: 0.708820
2024-05-18 14:02:36 Epoch 35: lr=1e-05
2024-05-18 14:03:49 [Epoch: 35] loss: 0.004978, mae: 0.050095, r2: 0.759297, val_loss: 0.006115, val_mae: 0.054359, val_r2: 0.708164
2024-05-18 14:03:49 Epoch 36: lr=1e-05
2024-05-18 14:05:01 [Epoch: 36] loss: 0.004969, mae: 0.050027, r2: 0.759868, val_loss: 0.006108, val_mae: 0.054402, val_r2: 0.708311
2024-05-18 14:05:02 Epoch 37: lr=1e-05
2024-05-18 14:06:14 [Epoch: 37] loss: 0.004962, mae: 0.050041, r2: 0.760360, val_loss: 0.006077, val_mae: 0.054243, val_r2: 0.709361
2024-05-18 14:06:14 Epoch 38: lr=1e-05
2024-05-18 14:07:27 [Epoch: 38] loss: 0.004953, mae: 0.049953, r2: 0.760585, val_loss: 0.006098, val_mae: 0.054381, val_r2: 0.708713
2024-05-18 14:07:27 Epoch 39: lr=1e-05
2024-05-18 14:08:40 [Epoch: 39] loss: 0.004953, mae: 0.049962, r2: 0.760787, val_loss: 0.006082, val_mae: 0.054301, val_r2: 0.709361
2024-05-18 14:08:40 Epoch 40: lr=1e-05
2024-05-18 14:09:53 [Epoch: 40] loss: 0.004947, mae: 0.049929, r2: 0.760979, val_loss: 0.006103, val_mae: 0.054513, val_r2: 0.708510
2024-05-18 14:09:53 Epoch 41: lr=1e-05
2024-05-18 14:11:06 [Epoch: 41] loss: 0.004946, mae: 0.049890, r2: 0.760998, val_loss: 0.006099, val_mae: 0.054384, val_r2: 0.708451
2024-05-18 14:11:06 Epoch 42: lr=1e-05
2024-05-18 14:12:18 [Epoch: 42] loss: 0.004952, mae: 0.049911, r2: 0.760734, val_loss: 0.006095, val_mae: 0.054456, val_r2: 0.708613
2024-05-18 14:12:18 Epoch 43: lr=1e-05
2024-05-18 14:13:31 [Epoch: 43] loss: 0.004941, mae: 0.049880, r2: 0.761396, val_loss: 0.006093, val_mae: 0.054459, val_r2: 0.708689
2024-05-18 14:13:31 Epoch 44: lr=1e-05
2024-05-18 14:14:43 [Epoch: 44] loss: 0.004926, mae: 0.049828, r2: 0.761937, val_loss: 0.006099, val_mae: 0.054254, val_r2: 0.708267
2024-05-18 14:14:43 Epoch 45: lr=1e-05
2024-05-18 14:15:55 [Epoch: 45] loss: 0.004931, mae: 0.049832, r2: 0.761646, val_loss: 0.006104, val_mae: 0.054381, val_r2: 0.707972
2024-05-18 14:15:56 Epoch 46: lr=1e-05
2024-05-18 14:17:08 [Epoch: 46] loss: 0.004908, mae: 0.049760, r2: 0.762733, val_loss: 0.006104, val_mae: 0.054515, val_r2: 0.707864
2024-05-18 14:17:08 Epoch 47: lr=1e-05
2024-05-18 14:18:21 [Epoch: 47] loss: 0.004914, mae: 0.049781, r2: 0.762408, val_loss: 0.006113, val_mae: 0.054325, val_r2: 0.707938
2024-05-18 14:18:21 history_length: 48
2024-05-18 14:18:21 stopping: early
2024-05-18 14:18:21 Comparing y_true and y_pred:
2024-05-18 14:18:21   mse: 0.00274456
2024-05-18 14:18:21   mae: 0.03990364
2024-05-18 14:18:21   r2: -0.29507008
2024-05-18 14:18:21   corr: 0.30835571
