2024-05-22 17:13:02 UNO RUN ...
2024-05-22 17:13:02 Params: {'model_name': 'uno', 'train_sources': ['CCLE'], 'test_sources': ['train'], 'cell_types': None, 'cell_features': ['rnaseq'], 'drug_features': ['descriptors'], 'dense': [1000, 1000, 1000, 1000, 1000], 'dense_feature_layers': [1000, 1000, 1000], 'activation': 'relu', 'loss': 'mse', 'optimizer': 'adamax', 'scaling': 'std', 'dropout': 0.1, 'epochs': 50, 'batch_size': 32, 'val_split': 0.2, 'cv': 1, 'max_val_loss': 1.0, 'learning_rate': 0.0001, 'base_lr': None, 'agg_dose': 'AUC', 'residual': False, 'reduce_lr': True, 'warmup_lr': True, 'batch_normalization': False, 'feature_subsample': 0, 'rng_seed': 2018, 'no_gen': False, 'verbose': False, 'preprocess_rnaseq': 'source_scale', 'gpus': [0], 'use_landmark_genes': True, 'no_feature_source': True, 'no_response_source': True, 'save_path': '/dev/shm/Uno/save/9000841.amn-0001/26', 'single': True, 'on_memory_loader': True, 'ckpt_checksum': True, 'ckpt_save_interval': 0, 'timeout': -1, 'train_bool': True, 'profiling': False, 'experiment_id': '9000841.amn-0001', 'run_id': '26', 'logfile': '/dev/shm/Uno/save/9000841.amn-0001/26/python.log', 'shuffle': False, 'ckpt_restart_mode': 'off', 'ckpt_skip_epochs': 0, 'ckpt_directory': '/dev/shm/Uno/save/9000841.amn-0001/26', 'ckpt_save_best': True, 'ckpt_save_best_metric': 'val_loss', 'ckpt_save_weights_only': False, 'ckpt_keep_mode': 'linear', 'ckpt_keep_limit': 5, 'by_cell': None, 'by_drug': None, 'cell_subset_path': '', 'drug_subset_path': '', 'drug_median_response_min': -1, 'drug_median_response_max': 1, 'dense_cell_feature_layers': None, 'dense_drug_feature_layers': None, 'use_filtered_genes': False, 'feature_subset_path': '', 'cell_feature_subset_path': '', 'drug_feature_subset_path': '', 'es': True, 'cp': False, 'tb': False, 'tb_prefix': 'tb', 'partition_by': None, 'cache': None, 'export_csv': None, 'export_data': None, 'use_exported_data': '/dev/shm/Uno/x1921c2s7b0n0.26.merged.landmark.h5', 'growth_bins': 0, 'initial_weights': None, 'save_weights': '/dev/shm/Uno/save/9000841.amn-0001/26/1.0.model.h5', 'config_file': '/home/brettin/CSC249ADOA01_CNDA/brettin/Benchmarks/Pilot1/Uno/uno_auc_model.txt', 'data_type': <class 'numpy.float32'>, 'data_dir': '/dev/shm/Uno/uno/Data', 'output_dir': '/dev/shm/Uno/uno/Output/9000841.amn-0001/26'}
2024-05-22 17:13:02 Feature encoding submodel for cell.rnaseq:
2024-05-22 17:13:02 Model: "cell.rnaseq"
2024-05-22 17:13:02 _________________________________________________________________
2024-05-22 17:13:02  Layer (type)                Output Shape              Param #   
2024-05-22 17:13:02 =================================================================
2024-05-22 17:13:02  input_1 (InputLayer)        [(None, 958)]             0         
2024-05-22 17:13:02                                                                  
2024-05-22 17:13:02  dense (Dense)               (None, 1000)              959000    
2024-05-22 17:13:02                                                                  
2024-05-22 17:13:02  permanent_dropout (Permane  (None, 1000)              0         
2024-05-22 17:13:02  ntDropout)                                                      
2024-05-22 17:13:02                                                                  
2024-05-22 17:13:02  dense_1 (Dense)             (None, 1000)              1001000   
2024-05-22 17:13:02                                                                  
2024-05-22 17:13:02  permanent_dropout_1 (Perma  (None, 1000)              0         
2024-05-22 17:13:02  nentDropout)                                                    
2024-05-22 17:13:02                                                                  
2024-05-22 17:13:02  dense_2 (Dense)             (None, 1000)              1001000   
2024-05-22 17:13:02                                                                  
2024-05-22 17:13:02  permanent_dropout_2 (Perma  (None, 1000)              0         
2024-05-22 17:13:02  nentDropout)                                                    
2024-05-22 17:13:02                                                                  
2024-05-22 17:13:02 =================================================================
2024-05-22 17:13:02 Total params: 2961000 (11.30 MB)
2024-05-22 17:13:02 Trainable params: 2961000 (11.30 MB)
2024-05-22 17:13:02 Non-trainable params: 0 (0.00 Byte)
2024-05-22 17:13:02 _________________________________________________________________
2024-05-22 17:13:02 Feature encoding submodel for drug.descriptors:
2024-05-22 17:13:02 Model: "drug.descriptors"
2024-05-22 17:13:02 _________________________________________________________________
2024-05-22 17:13:02  Layer (type)                Output Shape              Param #   
2024-05-22 17:13:02 =================================================================
2024-05-22 17:13:02  input_2 (InputLayer)        [(None, 1613)]            0         
2024-05-22 17:13:02                                                                  
2024-05-22 17:13:02  dense_3 (Dense)             (None, 1000)              1614000   
2024-05-22 17:13:02                                                                  
2024-05-22 17:13:02  permanent_dropout_3 (Perma  (None, 1000)              0         
2024-05-22 17:13:02  nentDropout)                                                    
2024-05-22 17:13:02                                                                  
2024-05-22 17:13:02  dense_4 (Dense)             (None, 1000)              1001000   
2024-05-22 17:13:02                                                                  
2024-05-22 17:13:02  permanent_dropout_4 (Perma  (None, 1000)              0         
2024-05-22 17:13:02  nentDropout)                                                    
2024-05-22 17:13:02                                                                  
2024-05-22 17:13:02  dense_5 (Dense)             (None, 1000)              1001000   
2024-05-22 17:13:02                                                                  
2024-05-22 17:13:02  permanent_dropout_5 (Perma  (None, 1000)              0         
2024-05-22 17:13:02  nentDropout)                                                    
2024-05-22 17:13:02                                                                  
2024-05-22 17:13:02 =================================================================
2024-05-22 17:13:02 Total params: 3616000 (13.79 MB)
2024-05-22 17:13:02 Trainable params: 3616000 (13.79 MB)
2024-05-22 17:13:02 Non-trainable params: 0 (0.00 Byte)
2024-05-22 17:13:02 _________________________________________________________________
2024-05-22 17:13:02 Combined model:
2024-05-22 17:13:02 Model: "model"
2024-05-22 17:13:02 __________________________________________________________________________________________________
2024-05-22 17:13:02  Layer (type)                Output Shape                 Param #   Connected to                  
2024-05-22 17:13:02 ==================================================================================================
2024-05-22 17:13:02  input.cell.rnaseq (InputLa  [(None, 958)]                0         []                            
2024-05-22 17:13:02  yer)                                                                                             
2024-05-22 17:13:02                                                                                                   
2024-05-22 17:13:02  input.drug1.descriptors (I  [(None, 1613)]               0         []                            
2024-05-22 17:13:02  nputLayer)                                                                                       
2024-05-22 17:13:02                                                                                                   
2024-05-22 17:13:02  cell.rnaseq (Functional)    (None, 1000)                 2961000   ['input.cell.rnaseq[0][0]']   
2024-05-22 17:13:02                                                                                                   
2024-05-22 17:13:02  drug.descriptors (Function  (None, 1000)                 3616000   ['input.drug1.descriptors[0][0
2024-05-22 17:13:02  al)                                                                ]']                           
2024-05-22 17:13:02                                                                                                   
2024-05-22 17:13:02  concatenate (Concatenate)   (None, 2000)                 0         ['cell.rnaseq[0][0]',         
2024-05-22 17:13:02                                                                      'drug.descriptors[0][0]']    
2024-05-22 17:13:02                                                                                                   
2024-05-22 17:13:02  dense_6 (Dense)             (None, 1000)                 2001000   ['concatenate[0][0]']         
2024-05-22 17:13:02                                                                                                   
2024-05-22 17:13:02  permanent_dropout_6 (Perma  (None, 1000)                 0         ['dense_6[0][0]']             
2024-05-22 17:13:02  nentDropout)                                                                                     
2024-05-22 17:13:02                                                                                                   
2024-05-22 17:13:02  dense_7 (Dense)             (None, 1000)                 1001000   ['permanent_dropout_6[0][0]'] 
2024-05-22 17:13:02                                                                                                   
2024-05-22 17:13:02  permanent_dropout_7 (Perma  (None, 1000)                 0         ['dense_7[0][0]']             
2024-05-22 17:13:02  nentDropout)                                                                                     
2024-05-22 17:13:02                                                                                                   
2024-05-22 17:13:02  dense_8 (Dense)             (None, 1000)                 1001000   ['permanent_dropout_7[0][0]'] 
2024-05-22 17:13:02                                                                                                   
2024-05-22 17:13:02  permanent_dropout_8 (Perma  (None, 1000)                 0         ['dense_8[0][0]']             
2024-05-22 17:13:02  nentDropout)                                                                                     
2024-05-22 17:13:02                                                                                                   
2024-05-22 17:13:02  dense_9 (Dense)             (None, 1000)                 1001000   ['permanent_dropout_8[0][0]'] 
2024-05-22 17:13:02                                                                                                   
2024-05-22 17:13:02  permanent_dropout_9 (Perma  (None, 1000)                 0         ['dense_9[0][0]']             
2024-05-22 17:13:02  nentDropout)                                                                                     
2024-05-22 17:13:02                                                                                                   
2024-05-22 17:13:02  dense_10 (Dense)            (None, 1000)                 1001000   ['permanent_dropout_9[0][0]'] 
2024-05-22 17:13:02                                                                                                   
2024-05-22 17:13:02  permanent_dropout_10 (Perm  (None, 1000)                 0         ['dense_10[0][0]']            
2024-05-22 17:13:02  anentDropout)                                                                                    
2024-05-22 17:13:02                                                                                                   
2024-05-22 17:13:02  dense_11 (Dense)            (None, 1)                    1001      ['permanent_dropout_10[0][0]']
2024-05-22 17:13:02                                                                                                   
2024-05-22 17:13:02 ==================================================================================================
2024-05-22 17:13:02 Total params: 12583001 (48.00 MB)
2024-05-22 17:13:02 Trainable params: 12583001 (48.00 MB)
2024-05-22 17:13:02 Non-trainable params: 0 (0.00 Byte)
2024-05-22 17:13:02 __________________________________________________________________________________________________
2024-05-22 17:13:03 CKPT CONSTRUCT...
2024-05-22 17:13:03 CKPT CONSTRUCT OK.
2024-05-22 17:13:03 template model: <keras.src.engine.functional.Functional object at 0x152aa0b08fd0>
2024-05-22 17:13:04 COMPILE
2024-05-22 17:13:04 Will save weights to: /dev/shm/Uno/save/9000841.amn-0001/26/1.0.model.h5
2024-05-22 17:13:21 Between random pairs in y_val:
2024-05-22 17:13:21   mse: 0.04776046
2024-05-22 17:13:21   mae: 0.15993702
2024-05-22 17:13:21   r2: -1.00170205
2024-05-22 17:13:21   corr: -0.00085102
2024-05-22 17:13:21 Data points per epoch: train = 466697, val = 116675, test = 4337
2024-05-22 17:13:21 Steps per epoch: train = 14584, val = 3646, test = 135
2024-05-22 17:13:21 Epoch 0: lr=0.001
2024-05-22 17:14:33 [Epoch: 0] loss: 0.026433, mae: 0.079577, r2: -0.423533, val_loss: 0.008354, val_mae: 0.065515, val_r2: 0.602338
2024-05-22 17:14:33 Epoch 1: lr=0.00082
2024-05-22 17:15:44 [Epoch: 1] loss: 0.008008, mae: 0.063949, r2: 0.621750, val_loss: 0.007533, val_mae: 0.061415, val_r2: 0.644939
2024-05-22 17:15:44 Epoch 2: lr=0.00064
2024-05-22 17:16:55 [Epoch: 2] loss: 0.007338, mae: 0.060821, r2: 0.652119, val_loss: 0.007264, val_mae: 0.060071, val_r2: 0.655741
2024-05-22 17:16:55 Epoch 3: lr=0.00046
2024-05-22 17:18:06 [Epoch: 3] loss: 0.006838, mae: 0.058582, r2: 0.675043, val_loss: 0.006794, val_mae: 0.058828, val_r2: 0.679254
2024-05-22 17:18:06 Epoch 4: lr=0.00028
2024-05-22 17:19:16 [Epoch: 4] loss: 0.006454, mae: 0.056806, r2: 0.692923, val_loss: 0.006497, val_mae: 0.056921, val_r2: 0.691966
2024-05-22 17:19:16 Epoch 5: lr=0.0001
2024-05-22 17:20:27 [Epoch: 5] loss: 0.006127, mae: 0.055294, r2: 0.707638, val_loss: 0.006359, val_mae: 0.056132, val_r2: 0.697812
2024-05-22 17:20:27 Epoch 6: lr=0.0001
2024-05-22 17:21:38 [Epoch: 6] loss: 0.006009, mae: 0.054777, r2: 0.713052, val_loss: 0.006318, val_mae: 0.055686, val_r2: 0.701208
2024-05-22 17:21:38 Epoch 7: lr=0.0001
2024-05-22 17:22:49 [Epoch: 7] loss: 0.005946, mae: 0.054441, r2: 0.716213, val_loss: 0.006294, val_mae: 0.055299, val_r2: 0.701360
2024-05-22 17:22:49 Epoch 8: lr=0.0001
2024-05-22 17:23:59 [Epoch: 8] loss: 0.005853, mae: 0.054060, r2: 0.720345, val_loss: 0.006220, val_mae: 0.055631, val_r2: 0.705239
2024-05-22 17:23:59 Epoch 9: lr=0.0001
2024-05-22 17:25:10 [Epoch: 9] loss: 0.005793, mae: 0.053788, r2: 0.723189, val_loss: 0.006213, val_mae: 0.055213, val_r2: 0.704960
2024-05-22 17:25:10 Epoch 10: lr=0.0001
2024-05-22 17:26:20 [Epoch: 10] loss: 0.005732, mae: 0.053513, r2: 0.726130, val_loss: 0.006189, val_mae: 0.054946, val_r2: 0.707590
2024-05-22 17:26:20 Epoch 11: lr=0.0001
2024-05-22 17:27:31 [Epoch: 11] loss: 0.005666, mae: 0.053207, r2: 0.728959, val_loss: 0.006154, val_mae: 0.055444, val_r2: 0.708785
2024-05-22 17:27:31 Epoch 12: lr=0.0001
2024-05-22 17:28:41 [Epoch: 12] loss: 0.005617, mae: 0.053001, r2: 0.731287, val_loss: 0.006142, val_mae: 0.054701, val_r2: 0.707926
2024-05-22 17:28:41 Epoch 13: lr=0.0001
2024-05-22 17:29:52 [Epoch: 13] loss: 0.005559, mae: 0.052736, r2: 0.734071, val_loss: 0.006107, val_mae: 0.054637, val_r2: 0.710191
2024-05-22 17:29:52 Epoch 14: lr=0.0001
2024-05-22 17:31:03 [Epoch: 14] loss: 0.005512, mae: 0.052485, r2: 0.736445, val_loss: 0.006114, val_mae: 0.055164, val_r2: 0.709375
2024-05-22 17:31:03 Epoch 15: lr=0.0001
2024-05-22 17:32:14 [Epoch: 15] loss: 0.005451, mae: 0.052225, r2: 0.738889, val_loss: 0.006111, val_mae: 0.054726, val_r2: 0.708799
2024-05-22 17:32:14 Epoch 16: lr=0.0001
2024-05-22 17:33:24 [Epoch: 16] loss: 0.005406, mae: 0.052002, r2: 0.741020, val_loss: 0.006095, val_mae: 0.054526, val_r2: 0.711450
2024-05-22 17:33:25 Epoch 17: lr=0.0001
2024-05-22 17:34:35 [Epoch: 17] loss: 0.005361, mae: 0.051788, r2: 0.743336, val_loss: 0.006100, val_mae: 0.054836, val_r2: 0.708310
2024-05-22 17:34:35 Epoch 18: lr=0.0001
2024-05-22 17:35:46 [Epoch: 18] loss: 0.005309, mae: 0.051521, r2: 0.745481, val_loss: 0.006042, val_mae: 0.054235, val_r2: 0.712742
2024-05-22 17:35:46 Epoch 19: lr=5e-05
2024-05-22 17:36:56 [Epoch: 19] loss: 0.005196, mae: 0.051000, r2: 0.750884, val_loss: 0.006029, val_mae: 0.054097, val_r2: 0.712804
2024-05-22 17:36:56 Epoch 20: lr=5e-05
2024-05-22 17:38:07 [Epoch: 20] loss: 0.005151, mae: 0.050802, r2: 0.752885, val_loss: 0.006032, val_mae: 0.054813, val_r2: 0.712403
2024-05-22 17:38:07 Epoch 21: lr=5e-05
2024-05-22 17:39:17 [Epoch: 21] loss: 0.005125, mae: 0.050663, r2: 0.754317, val_loss: 0.006025, val_mae: 0.054251, val_r2: 0.713109
2024-05-22 17:39:17 Epoch 22: lr=5e-05
2024-05-22 17:40:27 [Epoch: 22] loss: 0.005098, mae: 0.050567, r2: 0.755228, val_loss: 0.006034, val_mae: 0.054528, val_r2: 0.713025
2024-05-22 17:40:27 Epoch 23: lr=5e-05
2024-05-22 17:41:38 [Epoch: 23] loss: 0.005062, mae: 0.050396, r2: 0.756983, val_loss: 0.006019, val_mae: 0.053789, val_r2: 0.712951
2024-05-22 17:41:38 Epoch 24: lr=2.5e-05
2024-05-22 17:42:48 [Epoch: 24] loss: 0.005003, mae: 0.050088, r2: 0.759789, val_loss: 0.006017, val_mae: 0.054138, val_r2: 0.712728
2024-05-22 17:42:48 Epoch 25: lr=2.5e-05
2024-05-22 17:43:59 [Epoch: 25] loss: 0.004979, mae: 0.049994, r2: 0.760845, val_loss: 0.006003, val_mae: 0.053668, val_r2: 0.713587
2024-05-22 17:43:59 Epoch 26: lr=2.5e-05
2024-05-22 17:45:10 [Epoch: 26] loss: 0.004974, mae: 0.049962, r2: 0.761277, val_loss: 0.005996, val_mae: 0.053895, val_r2: 0.714411
2024-05-22 17:45:10 Epoch 27: lr=2.5e-05
2024-05-22 17:46:20 [Epoch: 27] loss: 0.004952, mae: 0.049858, r2: 0.762178, val_loss: 0.005992, val_mae: 0.053965, val_r2: 0.714489
2024-05-22 17:46:20 Epoch 28: lr=2.5e-05
2024-05-22 17:47:31 [Epoch: 28] loss: 0.004944, mae: 0.049817, r2: 0.762545, val_loss: 0.006006, val_mae: 0.054128, val_r2: 0.713567
2024-05-22 17:47:31 Epoch 29: lr=2.5e-05
2024-05-22 17:48:42 [Epoch: 29] loss: 0.004926, mae: 0.049740, r2: 0.763331, val_loss: 0.006013, val_mae: 0.053932, val_r2: 0.713660
2024-05-22 17:48:42 Epoch 30: lr=2.5e-05
2024-05-22 17:49:53 [Epoch: 30] loss: 0.004906, mae: 0.049689, r2: 0.764271, val_loss: 0.005994, val_mae: 0.053810, val_r2: 0.714936
2024-05-22 17:49:53 Epoch 31: lr=1.25e-05
2024-05-22 17:51:04 [Epoch: 31] loss: 0.004883, mae: 0.049546, r2: 0.765459, val_loss: 0.006006, val_mae: 0.053735, val_r2: 0.713655
2024-05-22 17:51:04 Epoch 32: lr=1.25e-05
2024-05-22 17:52:14 [Epoch: 32] loss: 0.004859, mae: 0.049451, r2: 0.766267, val_loss: 0.006000, val_mae: 0.053820, val_r2: 0.713592
2024-05-22 17:52:14 Epoch 33: lr=1.25e-05
2024-05-22 17:53:25 [Epoch: 33] loss: 0.004856, mae: 0.049398, r2: 0.766491, val_loss: 0.005996, val_mae: 0.053865, val_r2: 0.714622
2024-05-22 17:53:25 Epoch 34: lr=1.25e-05
2024-05-22 17:54:36 [Epoch: 34] loss: 0.004854, mae: 0.049398, r2: 0.766755, val_loss: 0.006007, val_mae: 0.053993, val_r2: 0.713754
2024-05-22 17:54:36 Epoch 35: lr=1.25e-05
2024-05-22 17:55:47 [Epoch: 35] loss: 0.004855, mae: 0.049402, r2: 0.766721, val_loss: 0.006030, val_mae: 0.054177, val_r2: 0.712808
2024-05-22 17:55:47 Epoch 36: lr=1e-05
2024-05-22 17:56:58 [Epoch: 36] loss: 0.004847, mae: 0.049354, r2: 0.767025, val_loss: 0.006001, val_mae: 0.054065, val_r2: 0.714038
2024-05-22 17:56:58 Epoch 37: lr=1e-05
2024-05-22 17:58:09 [Epoch: 37] loss: 0.004841, mae: 0.049333, r2: 0.767238, val_loss: 0.006037, val_mae: 0.053945, val_r2: 0.712335
2024-05-22 17:58:10 history_length: 38
2024-05-22 17:58:10 stopping: early
2024-05-22 17:58:10 Comparing y_true and y_pred:
2024-05-22 17:58:10   mse: 0.01200731
2024-05-22 17:58:10   mae: 0.08781481
2024-05-22 17:58:10   r2: 0.14491261
2024-05-22 17:58:10   corr: 0.46107476
