2024-05-17 17:41:53 UNO RUN ...
2024-05-17 17:41:53 Params: {'model_name': 'uno', 'train_sources': ['CCLE'], 'test_sources': ['train'], 'cell_types': None, 'cell_features': ['rnaseq'], 'drug_features': ['descriptors'], 'dense': [1000, 1000, 1000, 1000, 1000], 'dense_feature_layers': [1000, 1000, 1000], 'activation': 'relu', 'loss': 'mse', 'optimizer': 'adamax', 'scaling': 'std', 'dropout': 0.1, 'epochs': 75, 'batch_size': 32, 'val_split': 0.2, 'cv': 1, 'max_val_loss': 1.0, 'learning_rate': 0.0001, 'base_lr': None, 'agg_dose': 'AUC', 'residual': False, 'reduce_lr': True, 'warmup_lr': True, 'batch_normalization': False, 'feature_subsample': 0, 'rng_seed': 2018, 'no_gen': False, 'verbose': False, 'preprocess_rnaseq': 'source_scale', 'gpus': [0], 'use_landmark_genes': True, 'no_feature_source': True, 'no_response_source': True, 'save_path': '/dev/shm/Uno/save/8998722.amn-0001/61', 'single': True, 'on_memory_loader': True, 'ckpt_checksum': True, 'ckpt_save_interval': 0, 'timeout': -1, 'train_bool': True, 'profiling': False, 'experiment_id': '8998722.amn-0001', 'run_id': '61', 'logfile': '/dev/shm/Uno/save/8998722.amn-0001/61/python.log', 'shuffle': False, 'ckpt_restart_mode': 'off', 'ckpt_skip_epochs': 0, 'ckpt_directory': '/dev/shm/Uno/save/8998722.amn-0001/61', 'ckpt_save_best': True, 'ckpt_save_best_metric': 'val_loss', 'ckpt_save_weights_only': False, 'ckpt_keep_mode': 'linear', 'ckpt_keep_limit': 5, 'by_cell': None, 'by_drug': None, 'cell_subset_path': '', 'drug_subset_path': '', 'drug_median_response_min': -1, 'drug_median_response_max': 1, 'dense_cell_feature_layers': None, 'dense_drug_feature_layers': None, 'use_filtered_genes': False, 'feature_subset_path': '', 'cell_feature_subset_path': '', 'drug_feature_subset_path': '', 'es': True, 'cp': False, 'tb': False, 'tb_prefix': 'tb', 'partition_by': None, 'cache': None, 'export_csv': None, 'export_data': None, 'use_exported_data': '/dev/shm/Uno/x1922c2s6b0n0.61.merged.landmark.h5', 'growth_bins': 0, 'initial_weights': None, 'save_weights': '/dev/shm/Uno/save/8998722.amn-0001/61/0.1.model.h5', 'config_file': '/home/brettin/CSC249ADOA01_CNDA/brettin/Benchmarks/Pilot1/Uno/uno_auc_model.txt', 'data_type': <class 'numpy.float32'>, 'data_dir': '/dev/shm/Uno/uno/Data', 'output_dir': '/dev/shm/Uno/uno/Output/8998722.amn-0001/61'}
2024-05-17 17:41:54 Feature encoding submodel for cell.rnaseq:
2024-05-17 17:41:54 Model: "cell.rnaseq"
2024-05-17 17:41:54 _________________________________________________________________
2024-05-17 17:41:54  Layer (type)                Output Shape              Param #   
2024-05-17 17:41:54 =================================================================
2024-05-17 17:41:54  input_1 (InputLayer)        [(None, 958)]             0         
2024-05-17 17:41:54                                                                  
2024-05-17 17:41:54  dense (Dense)               (None, 1000)              959000    
2024-05-17 17:41:54                                                                  
2024-05-17 17:41:54  permanent_dropout (Permane  (None, 1000)              0         
2024-05-17 17:41:54  ntDropout)                                                      
2024-05-17 17:41:54                                                                  
2024-05-17 17:41:54  dense_1 (Dense)             (None, 1000)              1001000   
2024-05-17 17:41:54                                                                  
2024-05-17 17:41:54  permanent_dropout_1 (Perma  (None, 1000)              0         
2024-05-17 17:41:54  nentDropout)                                                    
2024-05-17 17:41:54                                                                  
2024-05-17 17:41:54  dense_2 (Dense)             (None, 1000)              1001000   
2024-05-17 17:41:54                                                                  
2024-05-17 17:41:54  permanent_dropout_2 (Perma  (None, 1000)              0         
2024-05-17 17:41:54  nentDropout)                                                    
2024-05-17 17:41:54                                                                  
2024-05-17 17:41:54 =================================================================
2024-05-17 17:41:54 Total params: 2961000 (11.30 MB)
2024-05-17 17:41:54 Trainable params: 2961000 (11.30 MB)
2024-05-17 17:41:54 Non-trainable params: 0 (0.00 Byte)
2024-05-17 17:41:54 _________________________________________________________________
2024-05-17 17:41:54 Feature encoding submodel for drug.descriptors:
2024-05-17 17:41:54 Model: "drug.descriptors"
2024-05-17 17:41:54 _________________________________________________________________
2024-05-17 17:41:54  Layer (type)                Output Shape              Param #   
2024-05-17 17:41:54 =================================================================
2024-05-17 17:41:54  input_2 (InputLayer)        [(None, 1613)]            0         
2024-05-17 17:41:54                                                                  
2024-05-17 17:41:54  dense_3 (Dense)             (None, 1000)              1614000   
2024-05-17 17:41:54                                                                  
2024-05-17 17:41:54  permanent_dropout_3 (Perma  (None, 1000)              0         
2024-05-17 17:41:54  nentDropout)                                                    
2024-05-17 17:41:54                                                                  
2024-05-17 17:41:54  dense_4 (Dense)             (None, 1000)              1001000   
2024-05-17 17:41:54                                                                  
2024-05-17 17:41:54  permanent_dropout_4 (Perma  (None, 1000)              0         
2024-05-17 17:41:54  nentDropout)                                                    
2024-05-17 17:41:54                                                                  
2024-05-17 17:41:54  dense_5 (Dense)             (None, 1000)              1001000   
2024-05-17 17:41:54                                                                  
2024-05-17 17:41:54  permanent_dropout_5 (Perma  (None, 1000)              0         
2024-05-17 17:41:54  nentDropout)                                                    
2024-05-17 17:41:54                                                                  
2024-05-17 17:41:54 =================================================================
2024-05-17 17:41:54 Total params: 3616000 (13.79 MB)
2024-05-17 17:41:54 Trainable params: 3616000 (13.79 MB)
2024-05-17 17:41:54 Non-trainable params: 0 (0.00 Byte)
2024-05-17 17:41:54 _________________________________________________________________
2024-05-17 17:41:54 Combined model:
2024-05-17 17:41:54 Model: "model"
2024-05-17 17:41:54 __________________________________________________________________________________________________
2024-05-17 17:41:54  Layer (type)                Output Shape                 Param #   Connected to                  
2024-05-17 17:41:54 ==================================================================================================
2024-05-17 17:41:54  input.cell.rnaseq (InputLa  [(None, 958)]                0         []                            
2024-05-17 17:41:54  yer)                                                                                             
2024-05-17 17:41:54                                                                                                   
2024-05-17 17:41:54  input.drug1.descriptors (I  [(None, 1613)]               0         []                            
2024-05-17 17:41:54  nputLayer)                                                                                       
2024-05-17 17:41:54                                                                                                   
2024-05-17 17:41:54  cell.rnaseq (Functional)    (None, 1000)                 2961000   ['input.cell.rnaseq[0][0]']   
2024-05-17 17:41:54                                                                                                   
2024-05-17 17:41:54  drug.descriptors (Function  (None, 1000)                 3616000   ['input.drug1.descriptors[0][0
2024-05-17 17:41:54  al)                                                                ]']                           
2024-05-17 17:41:54                                                                                                   
2024-05-17 17:41:54  concatenate (Concatenate)   (None, 2000)                 0         ['cell.rnaseq[0][0]',         
2024-05-17 17:41:54                                                                      'drug.descriptors[0][0]']    
2024-05-17 17:41:54                                                                                                   
2024-05-17 17:41:54  dense_6 (Dense)             (None, 1000)                 2001000   ['concatenate[0][0]']         
2024-05-17 17:41:54                                                                                                   
2024-05-17 17:41:54  permanent_dropout_6 (Perma  (None, 1000)                 0         ['dense_6[0][0]']             
2024-05-17 17:41:54  nentDropout)                                                                                     
2024-05-17 17:41:54                                                                                                   
2024-05-17 17:41:54  dense_7 (Dense)             (None, 1000)                 1001000   ['permanent_dropout_6[0][0]'] 
2024-05-17 17:41:54                                                                                                   
2024-05-17 17:41:54  permanent_dropout_7 (Perma  (None, 1000)                 0         ['dense_7[0][0]']             
2024-05-17 17:41:54  nentDropout)                                                                                     
2024-05-17 17:41:54                                                                                                   
2024-05-17 17:41:54  dense_8 (Dense)             (None, 1000)                 1001000   ['permanent_dropout_7[0][0]'] 
2024-05-17 17:41:54                                                                                                   
2024-05-17 17:41:54  permanent_dropout_8 (Perma  (None, 1000)                 0         ['dense_8[0][0]']             
2024-05-17 17:41:54  nentDropout)                                                                                     
2024-05-17 17:41:54                                                                                                   
2024-05-17 17:41:54  dense_9 (Dense)             (None, 1000)                 1001000   ['permanent_dropout_8[0][0]'] 
2024-05-17 17:41:54                                                                                                   
2024-05-17 17:41:54  permanent_dropout_9 (Perma  (None, 1000)                 0         ['dense_9[0][0]']             
2024-05-17 17:41:54  nentDropout)                                                                                     
2024-05-17 17:41:54                                                                                                   
2024-05-17 17:41:54  dense_10 (Dense)            (None, 1000)                 1001000   ['permanent_dropout_9[0][0]'] 
2024-05-17 17:41:54                                                                                                   
2024-05-17 17:41:54  permanent_dropout_10 (Perm  (None, 1000)                 0         ['dense_10[0][0]']            
2024-05-17 17:41:54  anentDropout)                                                                                    
2024-05-17 17:41:54                                                                                                   
2024-05-17 17:41:54  dense_11 (Dense)            (None, 1)                    1001      ['permanent_dropout_10[0][0]']
2024-05-17 17:41:54                                                                                                   
2024-05-17 17:41:54 ==================================================================================================
2024-05-17 17:41:54 Total params: 12583001 (48.00 MB)
2024-05-17 17:41:54 Trainable params: 12583001 (48.00 MB)
2024-05-17 17:41:54 Non-trainable params: 0 (0.00 Byte)
2024-05-17 17:41:54 __________________________________________________________________________________________________
2024-05-17 17:41:54 CKPT CONSTRUCT...
2024-05-17 17:41:54 CKPT CONSTRUCT OK.
2024-05-17 17:41:54 template model: <keras.src.engine.functional.Functional object at 0x146cb99dbbb0>
2024-05-17 17:41:55 COMPILE
2024-05-17 17:41:56 Will save weights to: /dev/shm/Uno/save/8998722.amn-0001/61/0.1.model.h5
2024-05-17 17:42:11 Between random pairs in y_val:
2024-05-17 17:42:11   mse: 0.04746577
2024-05-17 17:42:11   mae: 0.15967187
2024-05-17 17:42:11   r2: -0.99278725
2024-05-17 17:42:11   corr: 0.00360637
2024-05-17 17:42:11 Data points per epoch: train = 469628, val = 117408, test = 673
2024-05-17 17:42:11 Steps per epoch: train = 14675, val = 3669, test = 21
2024-05-17 17:42:11 Epoch 0: lr=0.001
2024-05-17 17:43:23 [Epoch: 0] loss: 0.023871, mae: 0.079370, r2: 0.049260, val_loss: 0.008752, val_mae: 0.065982, val_r2: 0.590882
2024-05-17 17:43:23 Epoch 1: lr=0.00082
2024-05-17 17:44:33 [Epoch: 1] loss: 0.007974, mae: 0.063847, r2: 0.622583, val_loss: 0.007594, val_mae: 0.061995, val_r2: 0.640883
2024-05-17 17:44:33 Epoch 2: lr=0.00064
2024-05-17 17:45:43 [Epoch: 2] loss: 0.007286, mae: 0.060729, r2: 0.654120, val_loss: 0.007193, val_mae: 0.059966, val_r2: 0.662187
2024-05-17 17:45:43 Epoch 3: lr=0.00046
2024-05-17 17:46:52 [Epoch: 3] loss: 0.006825, mae: 0.058605, r2: 0.675420, val_loss: 0.006865, val_mae: 0.059261, val_r2: 0.673495
2024-05-17 17:46:53 Epoch 4: lr=0.00028
2024-05-17 17:48:02 [Epoch: 4] loss: 0.006425, mae: 0.056797, r2: 0.693709, val_loss: 0.006541, val_mae: 0.056897, val_r2: 0.687472
2024-05-17 17:48:03 Epoch 5: lr=0.0001
2024-05-17 17:49:12 [Epoch: 5] loss: 0.006085, mae: 0.055219, r2: 0.709268, val_loss: 0.006406, val_mae: 0.056260, val_r2: 0.693572
2024-05-17 17:49:12 Epoch 6: lr=0.0001
2024-05-17 17:50:22 [Epoch: 6] loss: 0.005981, mae: 0.054725, r2: 0.714032, val_loss: 0.006363, val_mae: 0.055994, val_r2: 0.696093
2024-05-17 17:50:22 Epoch 7: lr=0.0001
2024-05-17 17:51:31 [Epoch: 7] loss: 0.005904, mae: 0.054406, r2: 0.717751, val_loss: 0.006341, val_mae: 0.055825, val_r2: 0.696815
2024-05-17 17:51:32 Epoch 8: lr=0.0001
2024-05-17 17:52:41 [Epoch: 8] loss: 0.005838, mae: 0.054075, r2: 0.720840, val_loss: 0.006296, val_mae: 0.055923, val_r2: 0.698967
2024-05-17 17:52:41 Epoch 9: lr=0.0001
2024-05-17 17:53:51 [Epoch: 9] loss: 0.005766, mae: 0.053757, r2: 0.724027, val_loss: 0.006258, val_mae: 0.055322, val_r2: 0.701470
2024-05-17 17:53:51 Epoch 10: lr=0.0001
2024-05-17 17:55:01 [Epoch: 10] loss: 0.005709, mae: 0.053503, r2: 0.726597, val_loss: 0.006270, val_mae: 0.055547, val_r2: 0.698293
2024-05-17 17:55:01 Epoch 11: lr=0.0001
2024-05-17 17:56:10 [Epoch: 11] loss: 0.005647, mae: 0.053218, r2: 0.729444, val_loss: 0.006232, val_mae: 0.055453, val_r2: 0.701667
2024-05-17 17:56:10 Epoch 12: lr=0.0001
2024-05-17 17:57:20 [Epoch: 12] loss: 0.005590, mae: 0.052956, r2: 0.732216, val_loss: 0.006216, val_mae: 0.054861, val_r2: 0.702274
2024-05-17 17:57:20 Epoch 13: lr=0.0001
2024-05-17 17:58:29 [Epoch: 13] loss: 0.005534, mae: 0.052716, r2: 0.735027, val_loss: 0.006191, val_mae: 0.054953, val_r2: 0.703049
2024-05-17 17:58:29 Epoch 14: lr=0.0001
2024-05-17 17:59:39 [Epoch: 14] loss: 0.005476, mae: 0.052421, r2: 0.737448, val_loss: 0.006144, val_mae: 0.054952, val_r2: 0.706420
2024-05-17 17:59:39 Epoch 15: lr=0.0001
2024-05-17 18:00:49 [Epoch: 15] loss: 0.005417, mae: 0.052156, r2: 0.740384, val_loss: 0.006138, val_mae: 0.054773, val_r2: 0.706317
2024-05-17 18:00:49 Epoch 16: lr=0.0001
2024-05-17 18:01:59 [Epoch: 16] loss: 0.005370, mae: 0.051945, r2: 0.742705, val_loss: 0.006123, val_mae: 0.054864, val_r2: 0.706565
2024-05-17 18:01:59 Epoch 17: lr=0.0001
2024-05-17 18:03:08 [Epoch: 17] loss: 0.005324, mae: 0.051753, r2: 0.744589, val_loss: 0.006130, val_mae: 0.054505, val_r2: 0.705966
2024-05-17 18:03:09 Epoch 18: lr=0.0001
2024-05-17 18:04:18 [Epoch: 18] loss: 0.005276, mae: 0.051491, r2: 0.746915, val_loss: 0.006111, val_mae: 0.054632, val_r2: 0.707696
2024-05-17 18:04:19 Epoch 19: lr=5e-05
2024-05-17 18:05:28 [Epoch: 19] loss: 0.005157, mae: 0.050923, r2: 0.752332, val_loss: 0.006102, val_mae: 0.054398, val_r2: 0.708192
2024-05-17 18:05:28 Epoch 20: lr=5e-05
2024-05-17 18:06:38 [Epoch: 20] loss: 0.005120, mae: 0.050785, r2: 0.753851, val_loss: 0.006065, val_mae: 0.054392, val_r2: 0.709331
2024-05-17 18:06:38 Epoch 21: lr=5e-05
2024-05-17 18:07:48 [Epoch: 21] loss: 0.005086, mae: 0.050601, r2: 0.755547, val_loss: 0.006066, val_mae: 0.054590, val_r2: 0.709260
2024-05-17 18:07:48 Epoch 22: lr=5e-05
2024-05-17 18:08:57 [Epoch: 22] loss: 0.005061, mae: 0.050497, r2: 0.756727, val_loss: 0.006067, val_mae: 0.054802, val_r2: 0.709818
2024-05-17 18:08:57 Epoch 23: lr=5e-05
2024-05-17 18:10:07 [Epoch: 23] loss: 0.005032, mae: 0.050361, r2: 0.758230, val_loss: 0.006069, val_mae: 0.054299, val_r2: 0.709069
2024-05-17 18:10:07 Epoch 24: lr=5e-05
2024-05-17 18:11:16 [Epoch: 24] loss: 0.005009, mae: 0.050260, r2: 0.759120, val_loss: 0.006111, val_mae: 0.054536, val_r2: 0.706689
2024-05-17 18:11:17 Epoch 25: lr=5e-05
2024-05-17 18:12:26 [Epoch: 25] loss: 0.004986, mae: 0.050106, r2: 0.760149, val_loss: 0.006084, val_mae: 0.054496, val_r2: 0.707697
2024-05-17 18:12:26 Epoch 26: lr=2.5e-05
2024-05-17 18:13:36 [Epoch: 26] loss: 0.004920, mae: 0.049832, r2: 0.763339, val_loss: 0.006063, val_mae: 0.054138, val_r2: 0.708965
2024-05-17 18:13:36 Epoch 27: lr=2.5e-05
2024-05-17 18:14:46 [Epoch: 27] loss: 0.004899, mae: 0.049720, r2: 0.764216, val_loss: 0.006082, val_mae: 0.054279, val_r2: 0.708261
2024-05-17 18:14:46 Epoch 28: lr=2.5e-05
2024-05-17 18:15:56 [Epoch: 28] loss: 0.004885, mae: 0.049631, r2: 0.764959, val_loss: 0.006079, val_mae: 0.054443, val_r2: 0.708296
2024-05-17 18:15:56 Epoch 29: lr=2.5e-05
2024-05-17 18:17:06 [Epoch: 29] loss: 0.004875, mae: 0.049626, r2: 0.765356, val_loss: 0.006069, val_mae: 0.054109, val_r2: 0.708914
2024-05-17 18:17:06 Epoch 30: lr=2.5e-05
2024-05-17 18:18:15 [Epoch: 30] loss: 0.004865, mae: 0.049524, r2: 0.765889, val_loss: 0.006082, val_mae: 0.054476, val_r2: 0.708085
2024-05-17 18:18:15 Epoch 31: lr=1.25e-05
2024-05-17 18:19:25 [Epoch: 31] loss: 0.004824, mae: 0.049367, r2: 0.767871, val_loss: 0.006051, val_mae: 0.054127, val_r2: 0.709469
2024-05-17 18:19:25 Epoch 32: lr=1.25e-05
2024-05-17 18:20:34 [Epoch: 32] loss: 0.004817, mae: 0.049305, r2: 0.768067, val_loss: 0.006063, val_mae: 0.054162, val_r2: 0.709250
2024-05-17 18:20:35 Epoch 33: lr=1.25e-05
2024-05-17 18:21:44 [Epoch: 33] loss: 0.004812, mae: 0.049314, r2: 0.768409, val_loss: 0.006078, val_mae: 0.054094, val_r2: 0.709011
2024-05-17 18:21:44 Epoch 34: lr=1.25e-05
2024-05-17 18:22:54 [Epoch: 34] loss: 0.004808, mae: 0.049243, r2: 0.768648, val_loss: 0.006057, val_mae: 0.054218, val_r2: 0.709896
2024-05-17 18:22:54 Epoch 35: lr=1.25e-05
2024-05-17 18:24:03 [Epoch: 35] loss: 0.004811, mae: 0.049272, r2: 0.768217, val_loss: 0.006070, val_mae: 0.054142, val_r2: 0.709470
2024-05-17 18:24:04 Epoch 36: lr=1e-05
2024-05-17 18:25:13 [Epoch: 36] loss: 0.004788, mae: 0.049186, r2: 0.769414, val_loss: 0.006074, val_mae: 0.054407, val_r2: 0.708579
2024-05-17 18:25:13 Epoch 37: lr=1e-05
2024-05-17 18:26:23 [Epoch: 37] loss: 0.004796, mae: 0.049208, r2: 0.769181, val_loss: 0.006060, val_mae: 0.053903, val_r2: 0.708937
2024-05-17 18:26:23 Epoch 38: lr=1e-05
2024-05-17 18:27:32 [Epoch: 38] loss: 0.004767, mae: 0.049071, r2: 0.770235, val_loss: 0.006050, val_mae: 0.054160, val_r2: 0.709853
2024-05-17 18:27:32 Epoch 39: lr=1e-05
2024-05-17 18:28:42 [Epoch: 39] loss: 0.004783, mae: 0.049114, r2: 0.769613, val_loss: 0.006084, val_mae: 0.054142, val_r2: 0.707920
2024-05-17 18:28:42 Epoch 40: lr=1e-05
2024-05-17 18:29:52 [Epoch: 40] loss: 0.004762, mae: 0.049046, r2: 0.770638, val_loss: 0.006071, val_mae: 0.054049, val_r2: 0.709364
2024-05-17 18:29:52 Epoch 41: lr=1e-05
2024-05-17 18:31:02 [Epoch: 41] loss: 0.004765, mae: 0.049048, r2: 0.770642, val_loss: 0.006095, val_mae: 0.054404, val_r2: 0.707218
2024-05-17 18:31:02 Epoch 42: lr=1e-05
2024-05-17 18:32:11 [Epoch: 42] loss: 0.004757, mae: 0.048988, r2: 0.770857, val_loss: 0.006095, val_mae: 0.054214, val_r2: 0.707619
2024-05-17 18:32:11 Epoch 43: lr=1e-05
2024-05-17 18:33:20 [Epoch: 43] loss: 0.004759, mae: 0.049014, r2: 0.770756, val_loss: 0.006067, val_mae: 0.054099, val_r2: 0.708629
2024-05-17 18:33:21 Epoch 44: lr=1e-05
2024-05-17 18:34:30 [Epoch: 44] loss: 0.004751, mae: 0.048972, r2: 0.771130, val_loss: 0.006099, val_mae: 0.054200, val_r2: 0.708046
2024-05-17 18:34:30 Epoch 45: lr=1e-05
2024-05-17 18:35:40 [Epoch: 45] loss: 0.004742, mae: 0.048951, r2: 0.771681, val_loss: 0.006073, val_mae: 0.054145, val_r2: 0.709206
2024-05-17 18:35:40 Epoch 46: lr=1e-05
2024-05-17 18:36:49 [Epoch: 46] loss: 0.004741, mae: 0.048967, r2: 0.771730, val_loss: 0.006088, val_mae: 0.054289, val_r2: 0.708575
2024-05-17 18:36:49 Epoch 47: lr=1e-05
2024-05-17 18:37:59 [Epoch: 47] loss: 0.004732, mae: 0.048923, r2: 0.772208, val_loss: 0.006088, val_mae: 0.054069, val_r2: 0.708314
2024-05-17 18:37:59 Epoch 48: lr=1e-05
2024-05-17 18:39:08 [Epoch: 48] loss: 0.004720, mae: 0.048852, r2: 0.772645, val_loss: 0.006083, val_mae: 0.054229, val_r2: 0.707810
2024-05-17 18:39:08 history_length: 49
2024-05-17 18:39:08 stopping: early
2024-05-17 18:39:08 Comparing y_true and y_pred:
2024-05-17 18:39:08   mse: 0.01548643
2024-05-17 18:39:08   mae: 0.10578130
2024-05-17 18:39:08   r2: -8.70003073
2024-05-17 18:39:08   corr: 0.27918135
