2024-04-29 10:35:23 UNO RUN ...
2024-04-29 10:35:23 Params: {'model_name': 'uno', 'train_sources': ['CCLE'], 'test_sources': ['train'], 'cell_types': None, 'cell_features': ['rnaseq'], 'drug_features': ['descriptors'], 'dense': [1000, 1000, 1000, 1000, 1000], 'dense_feature_layers': [1000, 1000, 1000], 'activation': 'relu', 'loss': 'mse', 'optimizer': 'adamax', 'scaling': 'std', 'dropout': 0.1, 'epochs': 30, 'batch_size': 32, 'val_split': 0.2, 'cv': 1, 'max_val_loss': 1.0, 'learning_rate': 0.0001, 'base_lr': None, 'agg_dose': 'AUC', 'residual': False, 'reduce_lr': True, 'warmup_lr': True, 'batch_normalization': False, 'feature_subsample': 0, 'rng_seed': 2018, 'no_gen': False, 'verbose': False, 'preprocess_rnaseq': 'source_scale', 'gpus': [0], 'use_landmark_genes': True, 'no_feature_source': True, 'no_response_source': True, 'save_path': '/dev/shm/Uno/save/8994056.amn-0001/204', 'single': True, 'on_memory_loader': True, 'ckpt_checksum': True, 'ckpt_save_interval': 0, 'timeout': -1, 'train_bool': True, 'profiling': False, 'experiment_id': '8994056.amn-0001', 'run_id': '204', 'logfile': '/dev/shm/Uno/save/8994056.amn-0001/204/python.log', 'shuffle': False, 'ckpt_restart_mode': 'off', 'ckpt_skip_epochs': 0, 'ckpt_directory': '/dev/shm/Uno/save/8994056.amn-0001/204', 'ckpt_save_best': True, 'ckpt_save_best_metric': 'val_loss', 'ckpt_save_weights_only': False, 'ckpt_keep_mode': 'linear', 'ckpt_keep_limit': 5, 'by_cell': None, 'by_drug': None, 'cell_subset_path': '', 'drug_subset_path': '', 'drug_median_response_min': -1, 'drug_median_response_max': 1, 'dense_cell_feature_layers': None, 'dense_drug_feature_layers': None, 'use_filtered_genes': False, 'feature_subset_path': '', 'cell_feature_subset_path': '', 'drug_feature_subset_path': '', 'es': True, 'cp': False, 'tb': False, 'tb_prefix': 'tb', 'partition_by': None, 'cache': None, 'export_csv': None, 'export_data': None, 'use_exported_data': '/dev/shm/Uno/x1922c1s0b0n0.204.merged.landmark.h5', 'growth_bins': 0, 'initial_weights': None, 'save_weights': '/dev/shm/Uno/save/8994056.amn-0001/204/0.0.model.h5', 'config_file': '/home/brettin/CSC249ADOA01_CNDA/brettin/Benchmarks/Pilot1/Uno/uno_auc_model.txt', 'data_type': <class 'numpy.float32'>, 'data_dir': '/dev/shm/Uno/uno/Data', 'output_dir': '/dev/shm/Uno/uno/Output/8994056.amn-0001/204'}
2024-04-29 10:35:24 Feature encoding submodel for cell.rnaseq:
2024-04-29 10:35:24 Model: "cell.rnaseq"
2024-04-29 10:35:24 _________________________________________________________________
2024-04-29 10:35:24  Layer (type)                Output Shape              Param #   
2024-04-29 10:35:24 =================================================================
2024-04-29 10:35:24  input_1 (InputLayer)        [(None, 958)]             0         
2024-04-29 10:35:24                                                                  
2024-04-29 10:35:24  dense (Dense)               (None, 1000)              959000    
2024-04-29 10:35:24                                                                  
2024-04-29 10:35:24  permanent_dropout (Permane  (None, 1000)              0         
2024-04-29 10:35:24  ntDropout)                                                      
2024-04-29 10:35:24                                                                  
2024-04-29 10:35:24  dense_1 (Dense)             (None, 1000)              1001000   
2024-04-29 10:35:24                                                                  
2024-04-29 10:35:24  permanent_dropout_1 (Perma  (None, 1000)              0         
2024-04-29 10:35:24  nentDropout)                                                    
2024-04-29 10:35:24                                                                  
2024-04-29 10:35:24  dense_2 (Dense)             (None, 1000)              1001000   
2024-04-29 10:35:24                                                                  
2024-04-29 10:35:24  permanent_dropout_2 (Perma  (None, 1000)              0         
2024-04-29 10:35:24  nentDropout)                                                    
2024-04-29 10:35:24                                                                  
2024-04-29 10:35:24 =================================================================
2024-04-29 10:35:24 Total params: 2961000 (11.30 MB)
2024-04-29 10:35:24 Trainable params: 2961000 (11.30 MB)
2024-04-29 10:35:24 Non-trainable params: 0 (0.00 Byte)
2024-04-29 10:35:24 _________________________________________________________________
2024-04-29 10:35:24 Feature encoding submodel for drug.descriptors:
2024-04-29 10:35:24 Model: "drug.descriptors"
2024-04-29 10:35:24 _________________________________________________________________
2024-04-29 10:35:24  Layer (type)                Output Shape              Param #   
2024-04-29 10:35:24 =================================================================
2024-04-29 10:35:24  input_2 (InputLayer)        [(None, 1613)]            0         
2024-04-29 10:35:24                                                                  
2024-04-29 10:35:24  dense_3 (Dense)             (None, 1000)              1614000   
2024-04-29 10:35:24                                                                  
2024-04-29 10:35:24  permanent_dropout_3 (Perma  (None, 1000)              0         
2024-04-29 10:35:24  nentDropout)                                                    
2024-04-29 10:35:24                                                                  
2024-04-29 10:35:24  dense_4 (Dense)             (None, 1000)              1001000   
2024-04-29 10:35:24                                                                  
2024-04-29 10:35:24  permanent_dropout_4 (Perma  (None, 1000)              0         
2024-04-29 10:35:24  nentDropout)                                                    
2024-04-29 10:35:24                                                                  
2024-04-29 10:35:24  dense_5 (Dense)             (None, 1000)              1001000   
2024-04-29 10:35:24                                                                  
2024-04-29 10:35:24  permanent_dropout_5 (Perma  (None, 1000)              0         
2024-04-29 10:35:24  nentDropout)                                                    
2024-04-29 10:35:24                                                                  
2024-04-29 10:35:24 =================================================================
2024-04-29 10:35:24 Total params: 3616000 (13.79 MB)
2024-04-29 10:35:24 Trainable params: 3616000 (13.79 MB)
2024-04-29 10:35:24 Non-trainable params: 0 (0.00 Byte)
2024-04-29 10:35:24 _________________________________________________________________
2024-04-29 10:35:24 Combined model:
2024-04-29 10:35:24 Model: "model"
2024-04-29 10:35:24 __________________________________________________________________________________________________
2024-04-29 10:35:24  Layer (type)                Output Shape                 Param #   Connected to                  
2024-04-29 10:35:24 ==================================================================================================
2024-04-29 10:35:24  input.cell.rnaseq (InputLa  [(None, 958)]                0         []                            
2024-04-29 10:35:24  yer)                                                                                             
2024-04-29 10:35:24                                                                                                   
2024-04-29 10:35:24  input.drug1.descriptors (I  [(None, 1613)]               0         []                            
2024-04-29 10:35:24  nputLayer)                                                                                       
2024-04-29 10:35:24                                                                                                   
2024-04-29 10:35:24  cell.rnaseq (Functional)    (None, 1000)                 2961000   ['input.cell.rnaseq[0][0]']   
2024-04-29 10:35:24                                                                                                   
2024-04-29 10:35:24  drug.descriptors (Function  (None, 1000)                 3616000   ['input.drug1.descriptors[0][0
2024-04-29 10:35:24  al)                                                                ]']                           
2024-04-29 10:35:24                                                                                                   
2024-04-29 10:35:24  concatenate (Concatenate)   (None, 2000)                 0         ['cell.rnaseq[0][0]',         
2024-04-29 10:35:24                                                                      'drug.descriptors[0][0]']    
2024-04-29 10:35:24                                                                                                   
2024-04-29 10:35:24  dense_6 (Dense)             (None, 1000)                 2001000   ['concatenate[0][0]']         
2024-04-29 10:35:24                                                                                                   
2024-04-29 10:35:24  permanent_dropout_6 (Perma  (None, 1000)                 0         ['dense_6[0][0]']             
2024-04-29 10:35:24  nentDropout)                                                                                     
2024-04-29 10:35:24                                                                                                   
2024-04-29 10:35:24  dense_7 (Dense)             (None, 1000)                 1001000   ['permanent_dropout_6[0][0]'] 
2024-04-29 10:35:24                                                                                                   
2024-04-29 10:35:24  permanent_dropout_7 (Perma  (None, 1000)                 0         ['dense_7[0][0]']             
2024-04-29 10:35:24  nentDropout)                                                                                     
2024-04-29 10:35:24                                                                                                   
2024-04-29 10:35:24  dense_8 (Dense)             (None, 1000)                 1001000   ['permanent_dropout_7[0][0]'] 
2024-04-29 10:35:24                                                                                                   
2024-04-29 10:35:24  permanent_dropout_8 (Perma  (None, 1000)                 0         ['dense_8[0][0]']             
2024-04-29 10:35:24  nentDropout)                                                                                     
2024-04-29 10:35:24                                                                                                   
2024-04-29 10:35:24  dense_9 (Dense)             (None, 1000)                 1001000   ['permanent_dropout_8[0][0]'] 
2024-04-29 10:35:24                                                                                                   
2024-04-29 10:35:24  permanent_dropout_9 (Perma  (None, 1000)                 0         ['dense_9[0][0]']             
2024-04-29 10:35:24  nentDropout)                                                                                     
2024-04-29 10:35:24                                                                                                   
2024-04-29 10:35:24  dense_10 (Dense)            (None, 1000)                 1001000   ['permanent_dropout_9[0][0]'] 
2024-04-29 10:35:24                                                                                                   
2024-04-29 10:35:24  permanent_dropout_10 (Perm  (None, 1000)                 0         ['dense_10[0][0]']            
2024-04-29 10:35:24  anentDropout)                                                                                    
2024-04-29 10:35:24                                                                                                   
2024-04-29 10:35:24  dense_11 (Dense)            (None, 1)                    1001      ['permanent_dropout_10[0][0]']
2024-04-29 10:35:24                                                                                                   
2024-04-29 10:35:24 ==================================================================================================
2024-04-29 10:35:24 Total params: 12583001 (48.00 MB)
2024-04-29 10:35:24 Trainable params: 12583001 (48.00 MB)
2024-04-29 10:35:24 Non-trainable params: 0 (0.00 Byte)
2024-04-29 10:35:24 __________________________________________________________________________________________________
2024-04-29 10:35:24 CKPT CONSTRUCT...
2024-04-29 10:35:24 CKPT CONSTRUCT OK.
2024-04-29 10:35:24 template model: <keras.src.engine.functional.Functional object at 0x14678b26ad00>
2024-04-29 10:35:26 COMPILE
2024-04-29 10:35:26 Will save weights to: /dev/shm/Uno/save/8994056.amn-0001/204/0.0.model.h5
2024-04-29 10:35:43 Between random pairs in y_val:
2024-04-29 10:35:43   mse: 0.04751404
2024-04-29 10:35:43   mae: 0.15938807
2024-04-29 10:35:43   r2: -0.99999878
2024-04-29 10:35:43   corr: 0.00000061
2024-04-29 10:35:43 Data points per epoch: train = 470167, val = 117542, test = 566
2024-04-29 10:35:43 Steps per epoch: train = 14692, val = 3673, test = 17
2024-04-29 10:35:43 Epoch 0: lr=0.001
2024-04-29 10:36:57 [Epoch: 0] loss: 0.026905, mae: 0.079644, r2: -1.035913, val_loss: 0.008308, val_mae: 0.066077, val_r2: 0.603789
2024-04-29 10:36:57 Epoch 1: lr=0.00082
2024-04-29 10:38:09 [Epoch: 1] loss: 0.008052, mae: 0.064200, r2: 0.618887, val_loss: 0.007620, val_mae: 0.062500, val_r2: 0.640216
2024-04-29 10:38:10 Epoch 2: lr=0.00064
2024-04-29 10:39:22 [Epoch: 2] loss: 0.007361, mae: 0.060985, r2: 0.650853, val_loss: 0.007136, val_mae: 0.059254, val_r2: 0.658383
2024-04-29 10:39:22 Epoch 3: lr=0.00046
2024-04-29 10:40:34 [Epoch: 3] loss: 0.006890, mae: 0.058892, r2: 0.672192, val_loss: 0.006891, val_mae: 0.059877, val_r2: 0.667524
2024-04-29 10:40:34 Epoch 4: lr=0.00028
2024-04-29 10:41:47 [Epoch: 4] loss: 0.006490, mae: 0.057059, r2: 0.690600, val_loss: 0.006495, val_mae: 0.056450, val_r2: 0.688998
2024-04-29 10:41:47 Epoch 5: lr=0.0001
2024-04-29 10:42:59 [Epoch: 5] loss: 0.006140, mae: 0.055394, r2: 0.706606, val_loss: 0.006344, val_mae: 0.056384, val_r2: 0.696130
2024-04-29 10:42:59 Epoch 6: lr=0.0001
2024-04-29 10:44:12 [Epoch: 6] loss: 0.006040, mae: 0.054995, r2: 0.711218, val_loss: 0.006307, val_mae: 0.055662, val_r2: 0.697973
2024-04-29 10:44:12 Epoch 7: lr=0.0001
2024-04-29 10:45:24 [Epoch: 7] loss: 0.005969, mae: 0.054640, r2: 0.714772, val_loss: 0.006262, val_mae: 0.056628, val_r2: 0.700004
2024-04-29 10:45:24 Epoch 8: lr=0.0001
2024-04-29 10:46:37 [Epoch: 8] loss: 0.005898, mae: 0.054339, r2: 0.717866, val_loss: 0.006228, val_mae: 0.055750, val_r2: 0.702458
2024-04-29 10:46:37 Epoch 9: lr=0.0001
2024-04-29 10:47:49 [Epoch: 9] loss: 0.005826, mae: 0.054032, r2: 0.721280, val_loss: 0.006161, val_mae: 0.055172, val_r2: 0.704359
2024-04-29 10:47:49 Epoch 10: lr=0.0001
2024-04-29 10:49:02 [Epoch: 10] loss: 0.005763, mae: 0.053738, r2: 0.724027, val_loss: 0.006185, val_mae: 0.055924, val_r2: 0.703631
2024-04-29 10:49:02 Epoch 11: lr=0.0001
2024-04-29 10:50:14 [Epoch: 11] loss: 0.005708, mae: 0.053502, r2: 0.726691, val_loss: 0.006138, val_mae: 0.054982, val_r2: 0.706240
2024-04-29 10:50:14 Epoch 12: lr=0.0001
2024-04-29 10:51:27 [Epoch: 12] loss: 0.005627, mae: 0.053160, r2: 0.730332, val_loss: 0.006117, val_mae: 0.054981, val_r2: 0.705459
2024-04-29 10:51:27 Epoch 13: lr=0.0001
2024-04-29 10:52:39 [Epoch: 13] loss: 0.005586, mae: 0.052927, r2: 0.732254, val_loss: 0.006124, val_mae: 0.054920, val_r2: 0.707070
2024-04-29 10:52:39 Epoch 14: lr=0.0001
2024-04-29 10:53:52 [Epoch: 14] loss: 0.005527, mae: 0.052661, r2: 0.735136, val_loss: 0.006119, val_mae: 0.055246, val_r2: 0.705100
2024-04-29 10:53:52 Epoch 15: lr=0.0001
2024-04-29 10:55:04 [Epoch: 15] loss: 0.005482, mae: 0.052460, r2: 0.737503, val_loss: 0.006067, val_mae: 0.054588, val_r2: 0.708277
2024-04-29 10:55:04 Epoch 16: lr=0.0001
2024-04-29 10:56:17 [Epoch: 16] loss: 0.005425, mae: 0.052201, r2: 0.740031, val_loss: 0.006081, val_mae: 0.054340, val_r2: 0.708361
2024-04-29 10:56:17 Epoch 17: lr=0.0001
2024-04-29 10:57:29 [Epoch: 17] loss: 0.005378, mae: 0.051969, r2: 0.742287, val_loss: 0.006052, val_mae: 0.054582, val_r2: 0.709060
2024-04-29 10:57:29 Epoch 18: lr=5e-05
2024-04-29 10:58:42 [Epoch: 18] loss: 0.005262, mae: 0.051423, r2: 0.747402, val_loss: 0.006054, val_mae: 0.054579, val_r2: 0.709209
2024-04-29 10:58:42 Epoch 19: lr=5e-05
2024-04-29 10:59:54 [Epoch: 19] loss: 0.005206, mae: 0.051167, r2: 0.750153, val_loss: 0.006025, val_mae: 0.054311, val_r2: 0.710775
2024-04-29 10:59:54 Epoch 20: lr=5e-05
2024-04-29 11:01:07 [Epoch: 20] loss: 0.005179, mae: 0.051049, r2: 0.751306, val_loss: 0.006035, val_mae: 0.054524, val_r2: 0.709803
2024-04-29 11:01:07 Epoch 21: lr=5e-05
2024-04-29 11:02:19 [Epoch: 21] loss: 0.005154, mae: 0.050931, r2: 0.752255, val_loss: 0.006049, val_mae: 0.054230, val_r2: 0.709189
2024-04-29 11:02:19 Epoch 22: lr=5e-05
2024-04-29 11:03:32 [Epoch: 22] loss: 0.005120, mae: 0.050777, r2: 0.754186, val_loss: 0.006023, val_mae: 0.054276, val_r2: 0.711730
2024-04-29 11:03:32 Epoch 23: lr=2.5e-05
2024-04-29 11:04:44 [Epoch: 23] loss: 0.005059, mae: 0.050522, r2: 0.756809, val_loss: 0.006042, val_mae: 0.054372, val_r2: 0.710543
2024-04-29 11:04:44 Epoch 24: lr=2.5e-05
2024-04-29 11:05:57 [Epoch: 24] loss: 0.005049, mae: 0.050467, r2: 0.757069, val_loss: 0.006017, val_mae: 0.054270, val_r2: 0.711457
2024-04-29 11:05:57 Epoch 25: lr=2.5e-05
2024-04-29 11:07:09 [Epoch: 25] loss: 0.005033, mae: 0.050344, r2: 0.758291, val_loss: 0.006006, val_mae: 0.054323, val_r2: 0.712043
2024-04-29 11:07:10 Epoch 26: lr=2.5e-05
2024-04-29 11:08:22 [Epoch: 26] loss: 0.005015, mae: 0.050250, r2: 0.758982, val_loss: 0.006016, val_mae: 0.054175, val_r2: 0.711218
2024-04-29 11:08:22 Epoch 27: lr=2.5e-05
2024-04-29 11:09:35 [Epoch: 27] loss: 0.005009, mae: 0.050239, r2: 0.759251, val_loss: 0.006004, val_mae: 0.054412, val_r2: 0.711576
2024-04-29 11:09:35 Epoch 28: lr=2.5e-05
2024-04-29 11:10:47 [Epoch: 28] loss: 0.004998, mae: 0.050198, r2: 0.759751, val_loss: 0.006020, val_mae: 0.054034, val_r2: 0.711232
2024-04-29 11:10:47 Epoch 29: lr=2.5e-05
2024-04-29 11:11:59 [Epoch: 29] loss: 0.004979, mae: 0.050113, r2: 0.760704, val_loss: 0.006018, val_mae: 0.054310, val_r2: 0.711630
2024-04-29 11:12:00 history_length: 30
2024-04-29 11:12:00 stopping: complete
2024-04-29 11:12:00 Comparing y_true and y_pred:
2024-04-29 11:12:00   mse: 0.00812286
2024-04-29 11:12:00   mae: 0.07146679
2024-04-29 11:12:00   r2: 0.43184994
2024-04-29 11:12:00   corr: 0.66254549
