2024-05-22 19:47:05 UNO RUN ...
2024-05-22 19:47:05 Params: {'model_name': 'uno', 'train_sources': ['CCLE'], 'test_sources': ['train'], 'cell_types': None, 'cell_features': ['rnaseq'], 'drug_features': ['descriptors'], 'dense': [1000, 1000, 1000, 1000, 1000], 'dense_feature_layers': [1000, 1000, 1000], 'activation': 'relu', 'loss': 'mse', 'optimizer': 'adamax', 'scaling': 'std', 'dropout': 0.1, 'epochs': 50, 'batch_size': 32, 'val_split': 0.2, 'cv': 1, 'max_val_loss': 1.0, 'learning_rate': 0.0001, 'base_lr': None, 'agg_dose': 'AUC', 'residual': False, 'reduce_lr': True, 'warmup_lr': True, 'batch_normalization': False, 'feature_subsample': 0, 'rng_seed': 2018, 'no_gen': False, 'verbose': False, 'preprocess_rnaseq': 'source_scale', 'gpus': [0], 'use_landmark_genes': True, 'no_feature_source': True, 'no_response_source': True, 'save_path': '/dev/shm/Uno/save/9000896.amn-0001/138', 'single': True, 'on_memory_loader': True, 'ckpt_checksum': True, 'ckpt_save_interval': 0, 'timeout': -1, 'train_bool': True, 'profiling': False, 'experiment_id': '9000896.amn-0001', 'run_id': '138', 'logfile': '/dev/shm/Uno/save/9000896.amn-0001/138/python.log', 'shuffle': False, 'ckpt_restart_mode': 'off', 'ckpt_skip_epochs': 0, 'ckpt_directory': '/dev/shm/Uno/save/9000896.amn-0001/138', 'ckpt_save_best': True, 'ckpt_save_best_metric': 'val_loss', 'ckpt_save_weights_only': False, 'ckpt_keep_mode': 'linear', 'ckpt_keep_limit': 5, 'by_cell': None, 'by_drug': None, 'cell_subset_path': '', 'drug_subset_path': '', 'drug_median_response_min': -1, 'drug_median_response_max': 1, 'dense_cell_feature_layers': None, 'dense_drug_feature_layers': None, 'use_filtered_genes': False, 'feature_subset_path': '', 'cell_feature_subset_path': '', 'drug_feature_subset_path': '', 'es': True, 'cp': False, 'tb': False, 'tb_prefix': 'tb', 'partition_by': None, 'cache': None, 'export_csv': None, 'export_data': None, 'use_exported_data': '/dev/shm/Uno/x1922c7s7b0n0.138.merged.landmark.h5', 'growth_bins': 0, 'initial_weights': None, 'save_weights': '/dev/shm/Uno/save/9000896.amn-0001/138/3.0.model.h5', 'config_file': '/home/brettin/CSC249ADOA01_CNDA/brettin/Benchmarks/Pilot1/Uno/uno_auc_model.txt', 'data_type': <class 'numpy.float32'>, 'data_dir': '/dev/shm/Uno/uno/Data', 'output_dir': '/dev/shm/Uno/uno/Output/9000896.amn-0001/138'}
2024-05-22 19:47:05 Feature encoding submodel for cell.rnaseq:
2024-05-22 19:47:05 Model: "cell.rnaseq"
2024-05-22 19:47:05 _________________________________________________________________
2024-05-22 19:47:05  Layer (type)                Output Shape              Param #   
2024-05-22 19:47:05 =================================================================
2024-05-22 19:47:05  input_1 (InputLayer)        [(None, 958)]             0         
2024-05-22 19:47:05                                                                  
2024-05-22 19:47:05  dense (Dense)               (None, 1000)              959000    
2024-05-22 19:47:05                                                                  
2024-05-22 19:47:05  permanent_dropout (Permane  (None, 1000)              0         
2024-05-22 19:47:05  ntDropout)                                                      
2024-05-22 19:47:05                                                                  
2024-05-22 19:47:05  dense_1 (Dense)             (None, 1000)              1001000   
2024-05-22 19:47:05                                                                  
2024-05-22 19:47:05  permanent_dropout_1 (Perma  (None, 1000)              0         
2024-05-22 19:47:05  nentDropout)                                                    
2024-05-22 19:47:05                                                                  
2024-05-22 19:47:05  dense_2 (Dense)             (None, 1000)              1001000   
2024-05-22 19:47:05                                                                  
2024-05-22 19:47:05  permanent_dropout_2 (Perma  (None, 1000)              0         
2024-05-22 19:47:05  nentDropout)                                                    
2024-05-22 19:47:05                                                                  
2024-05-22 19:47:05 =================================================================
2024-05-22 19:47:05 Total params: 2961000 (11.30 MB)
2024-05-22 19:47:05 Trainable params: 2961000 (11.30 MB)
2024-05-22 19:47:05 Non-trainable params: 0 (0.00 Byte)
2024-05-22 19:47:05 _________________________________________________________________
2024-05-22 19:47:05 Feature encoding submodel for drug.descriptors:
2024-05-22 19:47:05 Model: "drug.descriptors"
2024-05-22 19:47:05 _________________________________________________________________
2024-05-22 19:47:05  Layer (type)                Output Shape              Param #   
2024-05-22 19:47:05 =================================================================
2024-05-22 19:47:05  input_2 (InputLayer)        [(None, 1613)]            0         
2024-05-22 19:47:05                                                                  
2024-05-22 19:47:05  dense_3 (Dense)             (None, 1000)              1614000   
2024-05-22 19:47:05                                                                  
2024-05-22 19:47:05  permanent_dropout_3 (Perma  (None, 1000)              0         
2024-05-22 19:47:05  nentDropout)                                                    
2024-05-22 19:47:05                                                                  
2024-05-22 19:47:05  dense_4 (Dense)             (None, 1000)              1001000   
2024-05-22 19:47:05                                                                  
2024-05-22 19:47:05  permanent_dropout_4 (Perma  (None, 1000)              0         
2024-05-22 19:47:05  nentDropout)                                                    
2024-05-22 19:47:05                                                                  
2024-05-22 19:47:05  dense_5 (Dense)             (None, 1000)              1001000   
2024-05-22 19:47:05                                                                  
2024-05-22 19:47:05  permanent_dropout_5 (Perma  (None, 1000)              0         
2024-05-22 19:47:05  nentDropout)                                                    
2024-05-22 19:47:05                                                                  
2024-05-22 19:47:05 =================================================================
2024-05-22 19:47:05 Total params: 3616000 (13.79 MB)
2024-05-22 19:47:05 Trainable params: 3616000 (13.79 MB)
2024-05-22 19:47:05 Non-trainable params: 0 (0.00 Byte)
2024-05-22 19:47:05 _________________________________________________________________
2024-05-22 19:47:05 Combined model:
2024-05-22 19:47:05 Model: "model"
2024-05-22 19:47:05 __________________________________________________________________________________________________
2024-05-22 19:47:05  Layer (type)                Output Shape                 Param #   Connected to                  
2024-05-22 19:47:05 ==================================================================================================
2024-05-22 19:47:05  input.cell.rnaseq (InputLa  [(None, 958)]                0         []                            
2024-05-22 19:47:05  yer)                                                                                             
2024-05-22 19:47:05                                                                                                   
2024-05-22 19:47:05  input.drug1.descriptors (I  [(None, 1613)]               0         []                            
2024-05-22 19:47:05  nputLayer)                                                                                       
2024-05-22 19:47:05                                                                                                   
2024-05-22 19:47:05  cell.rnaseq (Functional)    (None, 1000)                 2961000   ['input.cell.rnaseq[0][0]']   
2024-05-22 19:47:05                                                                                                   
2024-05-22 19:47:05  drug.descriptors (Function  (None, 1000)                 3616000   ['input.drug1.descriptors[0][0
2024-05-22 19:47:05  al)                                                                ]']                           
2024-05-22 19:47:05                                                                                                   
2024-05-22 19:47:05  concatenate (Concatenate)   (None, 2000)                 0         ['cell.rnaseq[0][0]',         
2024-05-22 19:47:05                                                                      'drug.descriptors[0][0]']    
2024-05-22 19:47:05                                                                                                   
2024-05-22 19:47:05  dense_6 (Dense)             (None, 1000)                 2001000   ['concatenate[0][0]']         
2024-05-22 19:47:05                                                                                                   
2024-05-22 19:47:05  permanent_dropout_6 (Perma  (None, 1000)                 0         ['dense_6[0][0]']             
2024-05-22 19:47:05  nentDropout)                                                                                     
2024-05-22 19:47:05                                                                                                   
2024-05-22 19:47:05  dense_7 (Dense)             (None, 1000)                 1001000   ['permanent_dropout_6[0][0]'] 
2024-05-22 19:47:05                                                                                                   
2024-05-22 19:47:05  permanent_dropout_7 (Perma  (None, 1000)                 0         ['dense_7[0][0]']             
2024-05-22 19:47:05  nentDropout)                                                                                     
2024-05-22 19:47:05                                                                                                   
2024-05-22 19:47:05  dense_8 (Dense)             (None, 1000)                 1001000   ['permanent_dropout_7[0][0]'] 
2024-05-22 19:47:05                                                                                                   
2024-05-22 19:47:05  permanent_dropout_8 (Perma  (None, 1000)                 0         ['dense_8[0][0]']             
2024-05-22 19:47:05  nentDropout)                                                                                     
2024-05-22 19:47:05                                                                                                   
2024-05-22 19:47:05  dense_9 (Dense)             (None, 1000)                 1001000   ['permanent_dropout_8[0][0]'] 
2024-05-22 19:47:05                                                                                                   
2024-05-22 19:47:05  permanent_dropout_9 (Perma  (None, 1000)                 0         ['dense_9[0][0]']             
2024-05-22 19:47:05  nentDropout)                                                                                     
2024-05-22 19:47:05                                                                                                   
2024-05-22 19:47:05  dense_10 (Dense)            (None, 1000)                 1001000   ['permanent_dropout_9[0][0]'] 
2024-05-22 19:47:05                                                                                                   
2024-05-22 19:47:05  permanent_dropout_10 (Perm  (None, 1000)                 0         ['dense_10[0][0]']            
2024-05-22 19:47:05  anentDropout)                                                                                    
2024-05-22 19:47:05                                                                                                   
2024-05-22 19:47:05  dense_11 (Dense)            (None, 1)                    1001      ['permanent_dropout_10[0][0]']
2024-05-22 19:47:05                                                                                                   
2024-05-22 19:47:05 ==================================================================================================
2024-05-22 19:47:05 Total params: 12583001 (48.00 MB)
2024-05-22 19:47:05 Trainable params: 12583001 (48.00 MB)
2024-05-22 19:47:05 Non-trainable params: 0 (0.00 Byte)
2024-05-22 19:47:05 __________________________________________________________________________________________________
2024-05-22 19:47:05 CKPT CONSTRUCT...
2024-05-22 19:47:05 CKPT CONSTRUCT OK.
2024-05-22 19:47:05 template model: <keras.src.engine.functional.Functional object at 0x14dd1130a9d0>
2024-05-22 19:47:07 COMPILE
2024-05-22 19:47:07 Will save weights to: /dev/shm/Uno/save/9000896.amn-0001/138/3.0.model.h5
2024-05-22 19:47:23 Between random pairs in y_val:
2024-05-22 19:47:23   mse: 0.04774790
2024-05-22 19:47:23   mae: 0.15994099
2024-05-22 19:47:23   r2: -1.00650548
2024-05-22 19:47:23   corr: -0.00325274
2024-05-22 19:47:23 Data points per epoch: train = 468847, val = 117212, test = 1650
2024-05-22 19:47:23 Steps per epoch: train = 14651, val = 3662, test = 51
2024-05-22 19:47:23 Epoch 0: lr=0.001
2024-05-22 19:48:35 [Epoch: 0] loss: 0.023764, mae: 0.079270, r2: -0.350702, val_loss: 0.008669, val_mae: 0.065539, val_r2: 0.593767
2024-05-22 19:48:36 Epoch 1: lr=0.00082
2024-05-22 19:49:46 [Epoch: 1] loss: 0.007970, mae: 0.063826, r2: 0.622991, val_loss: 0.007941, val_mae: 0.064467, val_r2: 0.617450
2024-05-22 19:49:46 Epoch 2: lr=0.00064
2024-05-22 19:50:57 [Epoch: 2] loss: 0.007312, mae: 0.060814, r2: 0.652702, val_loss: 0.007238, val_mae: 0.060122, val_r2: 0.653489
2024-05-22 19:50:57 Epoch 3: lr=0.00046
2024-05-22 19:52:08 [Epoch: 3] loss: 0.006864, mae: 0.058792, r2: 0.673054, val_loss: 0.006968, val_mae: 0.058529, val_r2: 0.666094
2024-05-22 19:52:08 Epoch 4: lr=0.00028
2024-05-22 19:53:18 [Epoch: 4] loss: 0.006461, mae: 0.056963, r2: 0.691515, val_loss: 0.006644, val_mae: 0.057313, val_r2: 0.680811
2024-05-22 19:53:18 Epoch 5: lr=0.0001
2024-05-22 19:54:29 [Epoch: 5] loss: 0.006128, mae: 0.055379, r2: 0.707044, val_loss: 0.006511, val_mae: 0.057056, val_r2: 0.687612
2024-05-22 19:54:29 Epoch 6: lr=0.0001
2024-05-22 19:55:40 [Epoch: 6] loss: 0.006009, mae: 0.054897, r2: 0.712381, val_loss: 0.006478, val_mae: 0.056748, val_r2: 0.687789
2024-05-22 19:55:40 Epoch 7: lr=0.0001
2024-05-22 19:56:50 [Epoch: 7] loss: 0.005929, mae: 0.054566, r2: 0.716260, val_loss: 0.006408, val_mae: 0.056062, val_r2: 0.691597
2024-05-22 19:56:51 Epoch 8: lr=0.0001
2024-05-22 19:58:01 [Epoch: 8] loss: 0.005863, mae: 0.054234, r2: 0.719343, val_loss: 0.006433, val_mae: 0.056662, val_r2: 0.689220
2024-05-22 19:58:01 Epoch 9: lr=0.0001
2024-05-22 19:59:12 [Epoch: 9] loss: 0.005805, mae: 0.053971, r2: 0.722039, val_loss: 0.006332, val_mae: 0.055755, val_r2: 0.695660
2024-05-22 19:59:12 Epoch 10: lr=0.0001
2024-05-22 20:00:23 [Epoch: 10] loss: 0.005736, mae: 0.053646, r2: 0.725333, val_loss: 0.006370, val_mae: 0.056008, val_r2: 0.692414
2024-05-22 20:00:23 Epoch 11: lr=0.0001
2024-05-22 20:01:33 [Epoch: 11] loss: 0.005674, mae: 0.053370, r2: 0.728123, val_loss: 0.006329, val_mae: 0.055530, val_r2: 0.694717
2024-05-22 20:01:33 Epoch 12: lr=0.0001
2024-05-22 20:02:44 [Epoch: 12] loss: 0.005630, mae: 0.053152, r2: 0.730403, val_loss: 0.006313, val_mae: 0.055447, val_r2: 0.696458
2024-05-22 20:02:44 Epoch 13: lr=5e-05
2024-05-22 20:03:55 [Epoch: 13] loss: 0.005513, mae: 0.052609, r2: 0.735649, val_loss: 0.006275, val_mae: 0.055564, val_r2: 0.698259
2024-05-22 20:03:55 Epoch 14: lr=5e-05
2024-05-22 20:05:06 [Epoch: 14] loss: 0.005465, mae: 0.052388, r2: 0.737924, val_loss: 0.006241, val_mae: 0.055385, val_r2: 0.698069
2024-05-22 20:05:06 Epoch 15: lr=5e-05
2024-05-22 20:06:17 [Epoch: 15] loss: 0.005427, mae: 0.052193, r2: 0.739821, val_loss: 0.006256, val_mae: 0.054830, val_r2: 0.698865
2024-05-22 20:06:17 Epoch 16: lr=5e-05
2024-05-22 20:07:28 [Epoch: 16] loss: 0.005396, mae: 0.052088, r2: 0.741264, val_loss: 0.006245, val_mae: 0.054906, val_r2: 0.699185
2024-05-22 20:07:28 Epoch 17: lr=5e-05
2024-05-22 20:08:39 [Epoch: 17] loss: 0.005374, mae: 0.051967, r2: 0.742396, val_loss: 0.006220, val_mae: 0.055063, val_r2: 0.700006
2024-05-22 20:08:39 Epoch 18: lr=5e-05
2024-05-22 20:09:50 [Epoch: 18] loss: 0.005351, mae: 0.051849, r2: 0.743468, val_loss: 0.006215, val_mae: 0.055042, val_r2: 0.700392
2024-05-22 20:09:50 Epoch 19: lr=2.5e-05
2024-05-22 20:11:01 [Epoch: 19] loss: 0.005269, mae: 0.051485, r2: 0.747317, val_loss: 0.006185, val_mae: 0.055261, val_r2: 0.702021
2024-05-22 20:11:01 Epoch 20: lr=2.5e-05
2024-05-22 20:12:11 [Epoch: 20] loss: 0.005249, mae: 0.051394, r2: 0.748296, val_loss: 0.006211, val_mae: 0.054940, val_r2: 0.700380
2024-05-22 20:12:12 Epoch 21: lr=2.5e-05
2024-05-22 20:13:22 [Epoch: 21] loss: 0.005233, mae: 0.051293, r2: 0.748844, val_loss: 0.006169, val_mae: 0.054796, val_r2: 0.702917
2024-05-22 20:13:22 Epoch 22: lr=2.5e-05
2024-05-22 20:14:33 [Epoch: 22] loss: 0.005225, mae: 0.051283, r2: 0.749363, val_loss: 0.006186, val_mae: 0.054987, val_r2: 0.701654
2024-05-22 20:14:33 Epoch 23: lr=2.5e-05
2024-05-22 20:15:43 [Epoch: 23] loss: 0.005205, mae: 0.051170, r2: 0.750162, val_loss: 0.006190, val_mae: 0.055016, val_r2: 0.701631
2024-05-22 20:15:43 Epoch 24: lr=2.5e-05
2024-05-22 20:16:54 [Epoch: 24] loss: 0.005193, mae: 0.051148, r2: 0.750904, val_loss: 0.006180, val_mae: 0.055153, val_r2: 0.701996
2024-05-22 20:16:54 Epoch 25: lr=2.5e-05
2024-05-22 20:18:05 [Epoch: 25] loss: 0.005172, mae: 0.051032, r2: 0.751658, val_loss: 0.006190, val_mae: 0.054711, val_r2: 0.701347
2024-05-22 20:18:05 Epoch 26: lr=2.5e-05
2024-05-22 20:19:16 [Epoch: 26] loss: 0.005160, mae: 0.050944, r2: 0.752311, val_loss: 0.006181, val_mae: 0.054802, val_r2: 0.702400
2024-05-22 20:19:16 Epoch 27: lr=1.25e-05
2024-05-22 20:20:27 [Epoch: 27] loss: 0.005130, mae: 0.050821, r2: 0.753726, val_loss: 0.006164, val_mae: 0.054916, val_r2: 0.702858
2024-05-22 20:20:27 Epoch 28: lr=1.25e-05
2024-05-22 20:21:38 [Epoch: 28] loss: 0.005116, mae: 0.050748, r2: 0.754581, val_loss: 0.006179, val_mae: 0.054638, val_r2: 0.702586
2024-05-22 20:21:38 Epoch 29: lr=1.25e-05
2024-05-22 20:22:49 [Epoch: 29] loss: 0.005105, mae: 0.050732, r2: 0.754823, val_loss: 0.006188, val_mae: 0.054952, val_r2: 0.701891
2024-05-22 20:22:49 Epoch 30: lr=1.25e-05
2024-05-22 20:23:59 [Epoch: 30] loss: 0.005097, mae: 0.050676, r2: 0.755178, val_loss: 0.006170, val_mae: 0.054768, val_r2: 0.702389
2024-05-22 20:24:00 Epoch 31: lr=1.25e-05
2024-05-22 20:25:10 [Epoch: 31] loss: 0.005094, mae: 0.050664, r2: 0.755579, val_loss: 0.006201, val_mae: 0.054764, val_r2: 0.700988
2024-05-22 20:25:10 Epoch 32: lr=1e-05
2024-05-22 20:26:21 [Epoch: 32] loss: 0.005083, mae: 0.050631, r2: 0.755841, val_loss: 0.006174, val_mae: 0.054805, val_r2: 0.702362
2024-05-22 20:26:21 Epoch 33: lr=1e-05
2024-05-22 20:27:31 [Epoch: 33] loss: 0.005085, mae: 0.050622, r2: 0.755790, val_loss: 0.006202, val_mae: 0.054640, val_r2: 0.701335
2024-05-22 20:27:32 Epoch 34: lr=1e-05
2024-05-22 20:28:42 [Epoch: 34] loss: 0.005064, mae: 0.050525, r2: 0.756948, val_loss: 0.006180, val_mae: 0.054828, val_r2: 0.701637
2024-05-22 20:28:42 Epoch 35: lr=1e-05
2024-05-22 20:29:53 [Epoch: 35] loss: 0.005073, mae: 0.050560, r2: 0.756322, val_loss: 0.006174, val_mae: 0.054635, val_r2: 0.701844
2024-05-22 20:29:53 Epoch 36: lr=1e-05
2024-05-22 20:31:04 [Epoch: 36] loss: 0.005048, mae: 0.050415, r2: 0.757885, val_loss: 0.006200, val_mae: 0.054807, val_r2: 0.701233
2024-05-22 20:31:04 Epoch 37: lr=1e-05
2024-05-22 20:32:15 [Epoch: 37] loss: 0.005056, mae: 0.050480, r2: 0.757074, val_loss: 0.006187, val_mae: 0.054816, val_r2: 0.701532
2024-05-22 20:32:15 history_length: 38
2024-05-22 20:32:15 stopping: early
2024-05-22 20:32:15 Comparing y_true and y_pred:
2024-05-22 20:32:15   mse: 0.01568149
2024-05-22 20:32:15   mae: 0.08398814
2024-05-22 20:32:15   r2: 0.20633117
2024-05-22 20:32:15   corr: 0.45975027
