2024-04-29 10:35:23 UNO RUN ...
2024-04-29 10:35:23 Params: {'model_name': 'uno', 'train_sources': ['CCLE'], 'test_sources': ['train'], 'cell_types': None, 'cell_features': ['rnaseq'], 'drug_features': ['descriptors'], 'dense': [1000, 1000, 1000, 1000, 1000], 'dense_feature_layers': [1000, 1000, 1000], 'activation': 'relu', 'loss': 'mse', 'optimizer': 'adamax', 'scaling': 'std', 'dropout': 0.1, 'epochs': 30, 'batch_size': 32, 'val_split': 0.2, 'cv': 1, 'max_val_loss': 1.0, 'learning_rate': 0.0001, 'base_lr': None, 'agg_dose': 'AUC', 'residual': False, 'reduce_lr': True, 'warmup_lr': True, 'batch_normalization': False, 'feature_subsample': 0, 'rng_seed': 2018, 'no_gen': False, 'verbose': False, 'preprocess_rnaseq': 'source_scale', 'gpus': [0], 'use_landmark_genes': True, 'no_feature_source': True, 'no_response_source': True, 'save_path': '/dev/shm/Uno/save/8994056.amn-0001/118', 'single': True, 'on_memory_loader': True, 'ckpt_checksum': True, 'ckpt_save_interval': 0, 'timeout': -1, 'train_bool': True, 'profiling': False, 'experiment_id': '8994056.amn-0001', 'run_id': '118', 'logfile': '/dev/shm/Uno/save/8994056.amn-0001/118/python.log', 'shuffle': False, 'ckpt_restart_mode': 'off', 'ckpt_skip_epochs': 0, 'ckpt_directory': '/dev/shm/Uno/save/8994056.amn-0001/118', 'ckpt_save_best': True, 'ckpt_save_best_metric': 'val_loss', 'ckpt_save_weights_only': False, 'ckpt_keep_mode': 'linear', 'ckpt_keep_limit': 5, 'by_cell': None, 'by_drug': None, 'cell_subset_path': '', 'drug_subset_path': '', 'drug_median_response_min': -1, 'drug_median_response_max': 1, 'dense_cell_feature_layers': None, 'dense_drug_feature_layers': None, 'use_filtered_genes': False, 'feature_subset_path': '', 'cell_feature_subset_path': '', 'drug_feature_subset_path': '', 'es': True, 'cp': False, 'tb': False, 'tb_prefix': 'tb', 'partition_by': None, 'cache': None, 'export_csv': None, 'export_data': None, 'use_exported_data': '/dev/shm/Uno/x1922c0s0b0n0.118.merged.landmark.h5', 'growth_bins': 0, 'initial_weights': None, 'save_weights': '/dev/shm/Uno/save/8994056.amn-0001/118/5.0.model.h5', 'config_file': '/home/brettin/CSC249ADOA01_CNDA/brettin/Benchmarks/Pilot1/Uno/uno_auc_model.txt', 'data_type': <class 'numpy.float32'>, 'data_dir': '/dev/shm/Uno/uno/Data', 'output_dir': '/dev/shm/Uno/uno/Output/8994056.amn-0001/118'}
2024-04-29 10:35:24 Feature encoding submodel for cell.rnaseq:
2024-04-29 10:35:24 Model: "cell.rnaseq"
2024-04-29 10:35:24 _________________________________________________________________
2024-04-29 10:35:24  Layer (type)                Output Shape              Param #   
2024-04-29 10:35:24 =================================================================
2024-04-29 10:35:24  input_1 (InputLayer)        [(None, 958)]             0         
2024-04-29 10:35:24                                                                  
2024-04-29 10:35:24  dense (Dense)               (None, 1000)              959000    
2024-04-29 10:35:24                                                                  
2024-04-29 10:35:24  permanent_dropout (Permane  (None, 1000)              0         
2024-04-29 10:35:24  ntDropout)                                                      
2024-04-29 10:35:24                                                                  
2024-04-29 10:35:24  dense_1 (Dense)             (None, 1000)              1001000   
2024-04-29 10:35:24                                                                  
2024-04-29 10:35:24  permanent_dropout_1 (Perma  (None, 1000)              0         
2024-04-29 10:35:24  nentDropout)                                                    
2024-04-29 10:35:24                                                                  
2024-04-29 10:35:24  dense_2 (Dense)             (None, 1000)              1001000   
2024-04-29 10:35:24                                                                  
2024-04-29 10:35:24  permanent_dropout_2 (Perma  (None, 1000)              0         
2024-04-29 10:35:24  nentDropout)                                                    
2024-04-29 10:35:24                                                                  
2024-04-29 10:35:24 =================================================================
2024-04-29 10:35:24 Total params: 2961000 (11.30 MB)
2024-04-29 10:35:24 Trainable params: 2961000 (11.30 MB)
2024-04-29 10:35:24 Non-trainable params: 0 (0.00 Byte)
2024-04-29 10:35:24 _________________________________________________________________
2024-04-29 10:35:24 Feature encoding submodel for drug.descriptors:
2024-04-29 10:35:24 Model: "drug.descriptors"
2024-04-29 10:35:24 _________________________________________________________________
2024-04-29 10:35:24  Layer (type)                Output Shape              Param #   
2024-04-29 10:35:24 =================================================================
2024-04-29 10:35:24  input_2 (InputLayer)        [(None, 1613)]            0         
2024-04-29 10:35:24                                                                  
2024-04-29 10:35:24  dense_3 (Dense)             (None, 1000)              1614000   
2024-04-29 10:35:24                                                                  
2024-04-29 10:35:24  permanent_dropout_3 (Perma  (None, 1000)              0         
2024-04-29 10:35:24  nentDropout)                                                    
2024-04-29 10:35:24                                                                  
2024-04-29 10:35:24  dense_4 (Dense)             (None, 1000)              1001000   
2024-04-29 10:35:24                                                                  
2024-04-29 10:35:24  permanent_dropout_4 (Perma  (None, 1000)              0         
2024-04-29 10:35:24  nentDropout)                                                    
2024-04-29 10:35:24                                                                  
2024-04-29 10:35:24  dense_5 (Dense)             (None, 1000)              1001000   
2024-04-29 10:35:24                                                                  
2024-04-29 10:35:24  permanent_dropout_5 (Perma  (None, 1000)              0         
2024-04-29 10:35:24  nentDropout)                                                    
2024-04-29 10:35:24                                                                  
2024-04-29 10:35:24 =================================================================
2024-04-29 10:35:24 Total params: 3616000 (13.79 MB)
2024-04-29 10:35:24 Trainable params: 3616000 (13.79 MB)
2024-04-29 10:35:24 Non-trainable params: 0 (0.00 Byte)
2024-04-29 10:35:24 _________________________________________________________________
2024-04-29 10:35:24 Combined model:
2024-04-29 10:35:24 Model: "model"
2024-04-29 10:35:24 __________________________________________________________________________________________________
2024-04-29 10:35:24  Layer (type)                Output Shape                 Param #   Connected to                  
2024-04-29 10:35:24 ==================================================================================================
2024-04-29 10:35:24  input.cell.rnaseq (InputLa  [(None, 958)]                0         []                            
2024-04-29 10:35:24  yer)                                                                                             
2024-04-29 10:35:24                                                                                                   
2024-04-29 10:35:24  input.drug1.descriptors (I  [(None, 1613)]               0         []                            
2024-04-29 10:35:24  nputLayer)                                                                                       
2024-04-29 10:35:24                                                                                                   
2024-04-29 10:35:24  cell.rnaseq (Functional)    (None, 1000)                 2961000   ['input.cell.rnaseq[0][0]']   
2024-04-29 10:35:24                                                                                                   
2024-04-29 10:35:24  drug.descriptors (Function  (None, 1000)                 3616000   ['input.drug1.descriptors[0][0
2024-04-29 10:35:24  al)                                                                ]']                           
2024-04-29 10:35:24                                                                                                   
2024-04-29 10:35:24  concatenate (Concatenate)   (None, 2000)                 0         ['cell.rnaseq[0][0]',         
2024-04-29 10:35:24                                                                      'drug.descriptors[0][0]']    
2024-04-29 10:35:24                                                                                                   
2024-04-29 10:35:24  dense_6 (Dense)             (None, 1000)                 2001000   ['concatenate[0][0]']         
2024-04-29 10:35:24                                                                                                   
2024-04-29 10:35:24  permanent_dropout_6 (Perma  (None, 1000)                 0         ['dense_6[0][0]']             
2024-04-29 10:35:24  nentDropout)                                                                                     
2024-04-29 10:35:24                                                                                                   
2024-04-29 10:35:24  dense_7 (Dense)             (None, 1000)                 1001000   ['permanent_dropout_6[0][0]'] 
2024-04-29 10:35:24                                                                                                   
2024-04-29 10:35:24  permanent_dropout_7 (Perma  (None, 1000)                 0         ['dense_7[0][0]']             
2024-04-29 10:35:24  nentDropout)                                                                                     
2024-04-29 10:35:24                                                                                                   
2024-04-29 10:35:24  dense_8 (Dense)             (None, 1000)                 1001000   ['permanent_dropout_7[0][0]'] 
2024-04-29 10:35:24                                                                                                   
2024-04-29 10:35:24  permanent_dropout_8 (Perma  (None, 1000)                 0         ['dense_8[0][0]']             
2024-04-29 10:35:24  nentDropout)                                                                                     
2024-04-29 10:35:24                                                                                                   
2024-04-29 10:35:24  dense_9 (Dense)             (None, 1000)                 1001000   ['permanent_dropout_8[0][0]'] 
2024-04-29 10:35:24                                                                                                   
2024-04-29 10:35:24  permanent_dropout_9 (Perma  (None, 1000)                 0         ['dense_9[0][0]']             
2024-04-29 10:35:24  nentDropout)                                                                                     
2024-04-29 10:35:24                                                                                                   
2024-04-29 10:35:24  dense_10 (Dense)            (None, 1000)                 1001000   ['permanent_dropout_9[0][0]'] 
2024-04-29 10:35:24                                                                                                   
2024-04-29 10:35:24  permanent_dropout_10 (Perm  (None, 1000)                 0         ['dense_10[0][0]']            
2024-04-29 10:35:24  anentDropout)                                                                                    
2024-04-29 10:35:24                                                                                                   
2024-04-29 10:35:24  dense_11 (Dense)            (None, 1)                    1001      ['permanent_dropout_10[0][0]']
2024-04-29 10:35:24                                                                                                   
2024-04-29 10:35:24 ==================================================================================================
2024-04-29 10:35:24 Total params: 12583001 (48.00 MB)
2024-04-29 10:35:24 Trainable params: 12583001 (48.00 MB)
2024-04-29 10:35:24 Non-trainable params: 0 (0.00 Byte)
2024-04-29 10:35:24 __________________________________________________________________________________________________
2024-04-29 10:35:24 CKPT CONSTRUCT...
2024-04-29 10:35:24 CKPT CONSTRUCT OK.
2024-04-29 10:35:24 template model: <keras.src.engine.functional.Functional object at 0x15442663eb50>
2024-04-29 10:35:26 COMPILE
2024-04-29 10:35:26 Will save weights to: /dev/shm/Uno/save/8994056.amn-0001/118/5.0.model.h5
2024-04-29 10:35:43 Between random pairs in y_val:
2024-04-29 10:35:43   mse: 0.04760867
2024-04-29 10:35:43   mae: 0.15966956
2024-04-29 10:35:43   r2: -1.00198270
2024-04-29 10:35:43   corr: -0.00099135
2024-04-29 10:35:43 Data points per epoch: train = 470167, val = 117542, test = 695
2024-04-29 10:35:43 Steps per epoch: train = 14692, val = 3673, test = 21
2024-04-29 10:35:43 Epoch 0: lr=0.001
2024-04-29 10:36:56 [Epoch: 0] loss: 0.025468, mae: 0.079921, r2: 0.003517, val_loss: 0.008455, val_mae: 0.064858, val_r2: 0.595156
2024-04-29 10:36:56 Epoch 1: lr=0.00082
2024-04-29 10:38:07 [Epoch: 1] loss: 0.007996, mae: 0.063954, r2: 0.619932, val_loss: 0.007571, val_mae: 0.061204, val_r2: 0.638697
2024-04-29 10:38:08 Epoch 2: lr=0.00064
2024-04-29 10:39:19 [Epoch: 2] loss: 0.007308, mae: 0.060807, r2: 0.651867, val_loss: 0.007100, val_mae: 0.060438, val_r2: 0.662627
2024-04-29 10:39:19 Epoch 3: lr=0.00046
2024-04-29 10:40:30 [Epoch: 3] loss: 0.006846, mae: 0.058702, r2: 0.672843, val_loss: 0.006802, val_mae: 0.057719, val_r2: 0.673457
2024-04-29 10:40:30 Epoch 4: lr=0.00028
2024-04-29 10:41:41 [Epoch: 4] loss: 0.006452, mae: 0.056865, r2: 0.690842, val_loss: 0.006541, val_mae: 0.056656, val_r2: 0.687488
2024-04-29 10:41:41 Epoch 5: lr=0.0001
2024-04-29 10:42:52 [Epoch: 5] loss: 0.006114, mae: 0.055326, r2: 0.706668, val_loss: 0.006379, val_mae: 0.055979, val_r2: 0.694117
2024-04-29 10:42:53 Epoch 6: lr=0.0001
2024-04-29 10:44:04 [Epoch: 6] loss: 0.006001, mae: 0.054803, r2: 0.711516, val_loss: 0.006343, val_mae: 0.056198, val_r2: 0.696385
2024-04-29 10:44:04 Epoch 7: lr=0.0001
2024-04-29 10:45:15 [Epoch: 7] loss: 0.005931, mae: 0.054499, r2: 0.715104, val_loss: 0.006302, val_mae: 0.056059, val_r2: 0.697078
2024-04-29 10:45:15 Epoch 8: lr=0.0001
2024-04-29 10:46:26 [Epoch: 8] loss: 0.005859, mae: 0.054187, r2: 0.718237, val_loss: 0.006272, val_mae: 0.055294, val_r2: 0.699766
2024-04-29 10:46:27 Epoch 9: lr=0.0001
2024-04-29 10:47:38 [Epoch: 9] loss: 0.005789, mae: 0.053865, r2: 0.721480, val_loss: 0.006230, val_mae: 0.055386, val_r2: 0.700948
2024-04-29 10:47:38 Epoch 10: lr=0.0001
2024-04-29 10:48:49 [Epoch: 10] loss: 0.005731, mae: 0.053571, r2: 0.724285, val_loss: 0.006258, val_mae: 0.055095, val_r2: 0.700202
2024-04-29 10:48:49 Epoch 11: lr=0.0001
2024-04-29 10:50:00 [Epoch: 11] loss: 0.005663, mae: 0.053296, r2: 0.727402, val_loss: 0.006215, val_mae: 0.055261, val_r2: 0.702117
2024-04-29 10:50:00 Epoch 12: lr=0.0001
2024-04-29 10:51:12 [Epoch: 12] loss: 0.005609, mae: 0.053034, r2: 0.729994, val_loss: 0.006189, val_mae: 0.054967, val_r2: 0.702262
2024-04-29 10:51:12 Epoch 13: lr=0.0001
2024-04-29 10:52:23 [Epoch: 13] loss: 0.005548, mae: 0.052775, r2: 0.732762, val_loss: 0.006174, val_mae: 0.055030, val_r2: 0.702604
2024-04-29 10:52:23 Epoch 14: lr=5e-05
2024-04-29 10:53:34 [Epoch: 14] loss: 0.005441, mae: 0.052215, r2: 0.737921, val_loss: 0.006136, val_mae: 0.055196, val_r2: 0.705450
2024-04-29 10:53:34 Epoch 15: lr=5e-05
2024-04-29 10:54:45 [Epoch: 15] loss: 0.005389, mae: 0.052007, r2: 0.740346, val_loss: 0.006150, val_mae: 0.054734, val_r2: 0.705161
2024-04-29 10:54:45 Epoch 16: lr=5e-05
2024-04-29 10:55:57 [Epoch: 16] loss: 0.005358, mae: 0.051854, r2: 0.741336, val_loss: 0.006099, val_mae: 0.054466, val_r2: 0.706765
2024-04-29 10:55:57 Epoch 17: lr=5e-05
2024-04-29 10:57:08 [Epoch: 17] loss: 0.005324, mae: 0.051707, r2: 0.743401, val_loss: 0.006126, val_mae: 0.054854, val_r2: 0.706587
2024-04-29 10:57:08 Epoch 18: lr=5e-05
2024-04-29 10:58:19 [Epoch: 18] loss: 0.005296, mae: 0.051571, r2: 0.744772, val_loss: 0.006137, val_mae: 0.054780, val_r2: 0.704754
2024-04-29 10:58:19 Epoch 19: lr=5e-05
2024-04-29 10:59:30 [Epoch: 19] loss: 0.005273, mae: 0.051484, r2: 0.745822, val_loss: 0.006120, val_mae: 0.054725, val_r2: 0.705915
2024-04-29 10:59:31 Epoch 20: lr=2.5e-05
2024-04-29 11:00:42 [Epoch: 20] loss: 0.005203, mae: 0.051141, r2: 0.749042, val_loss: 0.006100, val_mae: 0.054451, val_r2: 0.706895
2024-04-29 11:00:42 Epoch 21: lr=2.5e-05
2024-04-29 11:01:53 [Epoch: 21] loss: 0.005193, mae: 0.051096, r2: 0.749311, val_loss: 0.006095, val_mae: 0.054390, val_r2: 0.707309
2024-04-29 11:01:53 Epoch 22: lr=2.5e-05
2024-04-29 11:03:04 [Epoch: 22] loss: 0.005173, mae: 0.050996, r2: 0.750666, val_loss: 0.006084, val_mae: 0.054647, val_r2: 0.706822
2024-04-29 11:03:04 Epoch 23: lr=2.5e-05
2024-04-29 11:04:16 [Epoch: 23] loss: 0.005150, mae: 0.050907, r2: 0.751510, val_loss: 0.006072, val_mae: 0.054502, val_r2: 0.708297
2024-04-29 11:04:16 Epoch 24: lr=2.5e-05
2024-04-29 11:05:27 [Epoch: 24] loss: 0.005144, mae: 0.050893, r2: 0.751575, val_loss: 0.006072, val_mae: 0.054418, val_r2: 0.708574
2024-04-29 11:05:27 Epoch 25: lr=1.25e-05
2024-04-29 11:06:38 [Epoch: 25] loss: 0.005104, mae: 0.050688, r2: 0.753421, val_loss: 0.006091, val_mae: 0.054599, val_r2: 0.707519
2024-04-29 11:06:38 Epoch 26: lr=1.25e-05
2024-04-29 11:07:49 [Epoch: 26] loss: 0.005096, mae: 0.050635, r2: 0.753997, val_loss: 0.006070, val_mae: 0.054461, val_r2: 0.708342
2024-04-29 11:07:50 Epoch 27: lr=1.25e-05
2024-04-29 11:09:01 [Epoch: 27] loss: 0.005089, mae: 0.050632, r2: 0.754333, val_loss: 0.006078, val_mae: 0.054295, val_r2: 0.708033
2024-04-29 11:09:01 Epoch 28: lr=1.25e-05
2024-04-29 11:10:12 [Epoch: 28] loss: 0.005087, mae: 0.050587, r2: 0.754383, val_loss: 0.006096, val_mae: 0.054570, val_r2: 0.706518
2024-04-29 11:10:12 Epoch 29: lr=1.25e-05
2024-04-29 11:11:23 [Epoch: 29] loss: 0.005068, mae: 0.050501, r2: 0.755398, val_loss: 0.006086, val_mae: 0.054521, val_r2: 0.707134
2024-04-29 11:11:24 history_length: 30
2024-04-29 11:11:24 stopping: complete
2024-04-29 11:11:24 Comparing y_true and y_pred:
2024-04-29 11:11:24   mse: 0.02128770
2024-04-29 11:11:24   mae: 0.10338662
2024-04-29 11:11:24   r2: 0.54432015
2024-04-29 11:11:24   corr: 0.74116483
