2024-05-22 17:13:02 UNO RUN ...
2024-05-22 17:13:02 Params: {'model_name': 'uno', 'train_sources': ['CCLE'], 'test_sources': ['train'], 'cell_types': None, 'cell_features': ['rnaseq'], 'drug_features': ['descriptors'], 'dense': [1000, 1000, 1000, 1000, 1000], 'dense_feature_layers': [1000, 1000, 1000], 'activation': 'relu', 'loss': 'mse', 'optimizer': 'adamax', 'scaling': 'std', 'dropout': 0.1, 'epochs': 50, 'batch_size': 32, 'val_split': 0.2, 'cv': 1, 'max_val_loss': 1.0, 'learning_rate': 0.0001, 'base_lr': None, 'agg_dose': 'AUC', 'residual': False, 'reduce_lr': True, 'warmup_lr': True, 'batch_normalization': False, 'feature_subsample': 0, 'rng_seed': 2018, 'no_gen': False, 'verbose': False, 'preprocess_rnaseq': 'source_scale', 'gpus': [0], 'use_landmark_genes': True, 'no_feature_source': True, 'no_response_source': True, 'save_path': '/dev/shm/Uno/save/9000841.amn-0001/43', 'single': True, 'on_memory_loader': True, 'ckpt_checksum': True, 'ckpt_save_interval': 0, 'timeout': -1, 'train_bool': True, 'profiling': False, 'experiment_id': '9000841.amn-0001', 'run_id': '43', 'logfile': '/dev/shm/Uno/save/9000841.amn-0001/43/python.log', 'shuffle': False, 'ckpt_restart_mode': 'off', 'ckpt_skip_epochs': 0, 'ckpt_directory': '/dev/shm/Uno/save/9000841.amn-0001/43', 'ckpt_save_best': True, 'ckpt_save_best_metric': 'val_loss', 'ckpt_save_weights_only': False, 'ckpt_keep_mode': 'linear', 'ckpt_keep_limit': 5, 'by_cell': None, 'by_drug': None, 'cell_subset_path': '', 'drug_subset_path': '', 'drug_median_response_min': -1, 'drug_median_response_max': 1, 'dense_cell_feature_layers': None, 'dense_drug_feature_layers': None, 'use_filtered_genes': False, 'feature_subset_path': '', 'cell_feature_subset_path': '', 'drug_feature_subset_path': '', 'es': True, 'cp': False, 'tb': False, 'tb_prefix': 'tb', 'partition_by': None, 'cache': None, 'export_csv': None, 'export_data': None, 'use_exported_data': '/dev/shm/Uno/x1921c3s0b0n0.43.merged.landmark.h5', 'growth_bins': 0, 'initial_weights': None, 'save_weights': '/dev/shm/Uno/save/9000841.amn-0001/43/3.1.model.h5', 'config_file': '/home/brettin/CSC249ADOA01_CNDA/brettin/Benchmarks/Pilot1/Uno/uno_auc_model.txt', 'data_type': <class 'numpy.float32'>, 'data_dir': '/dev/shm/Uno/uno/Data', 'output_dir': '/dev/shm/Uno/uno/Output/9000841.amn-0001/43'}
2024-05-22 17:13:02 Feature encoding submodel for cell.rnaseq:
2024-05-22 17:13:02 Model: "cell.rnaseq"
2024-05-22 17:13:02 _________________________________________________________________
2024-05-22 17:13:02  Layer (type)                Output Shape              Param #   
2024-05-22 17:13:02 =================================================================
2024-05-22 17:13:02  input_1 (InputLayer)        [(None, 958)]             0         
2024-05-22 17:13:02                                                                  
2024-05-22 17:13:02  dense (Dense)               (None, 1000)              959000    
2024-05-22 17:13:02                                                                  
2024-05-22 17:13:02  permanent_dropout (Permane  (None, 1000)              0         
2024-05-22 17:13:02  ntDropout)                                                      
2024-05-22 17:13:02                                                                  
2024-05-22 17:13:02  dense_1 (Dense)             (None, 1000)              1001000   
2024-05-22 17:13:02                                                                  
2024-05-22 17:13:02  permanent_dropout_1 (Perma  (None, 1000)              0         
2024-05-22 17:13:02  nentDropout)                                                    
2024-05-22 17:13:02                                                                  
2024-05-22 17:13:02  dense_2 (Dense)             (None, 1000)              1001000   
2024-05-22 17:13:02                                                                  
2024-05-22 17:13:02  permanent_dropout_2 (Perma  (None, 1000)              0         
2024-05-22 17:13:02  nentDropout)                                                    
2024-05-22 17:13:02                                                                  
2024-05-22 17:13:02 =================================================================
2024-05-22 17:13:02 Total params: 2961000 (11.30 MB)
2024-05-22 17:13:02 Trainable params: 2961000 (11.30 MB)
2024-05-22 17:13:02 Non-trainable params: 0 (0.00 Byte)
2024-05-22 17:13:02 _________________________________________________________________
2024-05-22 17:13:02 Feature encoding submodel for drug.descriptors:
2024-05-22 17:13:02 Model: "drug.descriptors"
2024-05-22 17:13:02 _________________________________________________________________
2024-05-22 17:13:02  Layer (type)                Output Shape              Param #   
2024-05-22 17:13:02 =================================================================
2024-05-22 17:13:02  input_2 (InputLayer)        [(None, 1613)]            0         
2024-05-22 17:13:02                                                                  
2024-05-22 17:13:02  dense_3 (Dense)             (None, 1000)              1614000   
2024-05-22 17:13:02                                                                  
2024-05-22 17:13:02  permanent_dropout_3 (Perma  (None, 1000)              0         
2024-05-22 17:13:02  nentDropout)                                                    
2024-05-22 17:13:02                                                                  
2024-05-22 17:13:02  dense_4 (Dense)             (None, 1000)              1001000   
2024-05-22 17:13:02                                                                  
2024-05-22 17:13:02  permanent_dropout_4 (Perma  (None, 1000)              0         
2024-05-22 17:13:02  nentDropout)                                                    
2024-05-22 17:13:02                                                                  
2024-05-22 17:13:02  dense_5 (Dense)             (None, 1000)              1001000   
2024-05-22 17:13:02                                                                  
2024-05-22 17:13:02  permanent_dropout_5 (Perma  (None, 1000)              0         
2024-05-22 17:13:02  nentDropout)                                                    
2024-05-22 17:13:02                                                                  
2024-05-22 17:13:02 =================================================================
2024-05-22 17:13:02 Total params: 3616000 (13.79 MB)
2024-05-22 17:13:02 Trainable params: 3616000 (13.79 MB)
2024-05-22 17:13:02 Non-trainable params: 0 (0.00 Byte)
2024-05-22 17:13:02 _________________________________________________________________
2024-05-22 17:13:02 Combined model:
2024-05-22 17:13:02 Model: "model"
2024-05-22 17:13:02 __________________________________________________________________________________________________
2024-05-22 17:13:02  Layer (type)                Output Shape                 Param #   Connected to                  
2024-05-22 17:13:02 ==================================================================================================
2024-05-22 17:13:02  input.cell.rnaseq (InputLa  [(None, 958)]                0         []                            
2024-05-22 17:13:02  yer)                                                                                             
2024-05-22 17:13:02                                                                                                   
2024-05-22 17:13:02  input.drug1.descriptors (I  [(None, 1613)]               0         []                            
2024-05-22 17:13:02  nputLayer)                                                                                       
2024-05-22 17:13:02                                                                                                   
2024-05-22 17:13:02  cell.rnaseq (Functional)    (None, 1000)                 2961000   ['input.cell.rnaseq[0][0]']   
2024-05-22 17:13:02                                                                                                   
2024-05-22 17:13:02  drug.descriptors (Function  (None, 1000)                 3616000   ['input.drug1.descriptors[0][0
2024-05-22 17:13:02  al)                                                                ]']                           
2024-05-22 17:13:02                                                                                                   
2024-05-22 17:13:02  concatenate (Concatenate)   (None, 2000)                 0         ['cell.rnaseq[0][0]',         
2024-05-22 17:13:02                                                                      'drug.descriptors[0][0]']    
2024-05-22 17:13:02                                                                                                   
2024-05-22 17:13:02  dense_6 (Dense)             (None, 1000)                 2001000   ['concatenate[0][0]']         
2024-05-22 17:13:02                                                                                                   
2024-05-22 17:13:02  permanent_dropout_6 (Perma  (None, 1000)                 0         ['dense_6[0][0]']             
2024-05-22 17:13:02  nentDropout)                                                                                     
2024-05-22 17:13:02                                                                                                   
2024-05-22 17:13:02  dense_7 (Dense)             (None, 1000)                 1001000   ['permanent_dropout_6[0][0]'] 
2024-05-22 17:13:02                                                                                                   
2024-05-22 17:13:02  permanent_dropout_7 (Perma  (None, 1000)                 0         ['dense_7[0][0]']             
2024-05-22 17:13:02  nentDropout)                                                                                     
2024-05-22 17:13:02                                                                                                   
2024-05-22 17:13:02  dense_8 (Dense)             (None, 1000)                 1001000   ['permanent_dropout_7[0][0]'] 
2024-05-22 17:13:02                                                                                                   
2024-05-22 17:13:02  permanent_dropout_8 (Perma  (None, 1000)                 0         ['dense_8[0][0]']             
2024-05-22 17:13:02  nentDropout)                                                                                     
2024-05-22 17:13:02                                                                                                   
2024-05-22 17:13:02  dense_9 (Dense)             (None, 1000)                 1001000   ['permanent_dropout_8[0][0]'] 
2024-05-22 17:13:02                                                                                                   
2024-05-22 17:13:02  permanent_dropout_9 (Perma  (None, 1000)                 0         ['dense_9[0][0]']             
2024-05-22 17:13:02  nentDropout)                                                                                     
2024-05-22 17:13:02                                                                                                   
2024-05-22 17:13:02  dense_10 (Dense)            (None, 1000)                 1001000   ['permanent_dropout_9[0][0]'] 
2024-05-22 17:13:02                                                                                                   
2024-05-22 17:13:02  permanent_dropout_10 (Perm  (None, 1000)                 0         ['dense_10[0][0]']            
2024-05-22 17:13:02  anentDropout)                                                                                    
2024-05-22 17:13:02                                                                                                   
2024-05-22 17:13:02  dense_11 (Dense)            (None, 1)                    1001      ['permanent_dropout_10[0][0]']
2024-05-22 17:13:02                                                                                                   
2024-05-22 17:13:02 ==================================================================================================
2024-05-22 17:13:02 Total params: 12583001 (48.00 MB)
2024-05-22 17:13:02 Trainable params: 12583001 (48.00 MB)
2024-05-22 17:13:02 Non-trainable params: 0 (0.00 Byte)
2024-05-22 17:13:02 __________________________________________________________________________________________________
2024-05-22 17:13:03 CKPT CONSTRUCT...
2024-05-22 17:13:03 CKPT CONSTRUCT OK.
2024-05-22 17:13:03 template model: <keras.src.engine.functional.Functional object at 0x149fa6543fd0>
2024-05-22 17:13:04 COMPILE
2024-05-22 17:13:04 Will save weights to: /dev/shm/Uno/save/9000841.amn-0001/43/3.1.model.h5
2024-05-22 17:13:20 Between random pairs in y_val:
2024-05-22 17:13:20   mse: 0.04746270
2024-05-22 17:13:20   mae: 0.15967024
2024-05-22 17:13:20   r2: -0.99493495
2024-05-22 17:13:20   corr: 0.00253253
2024-05-22 17:13:20 Data points per epoch: train = 469697, val = 117425, test = 587
2024-05-22 17:13:20 Steps per epoch: train = 14678, val = 3669, test = 18
2024-05-22 17:13:20 Epoch 0: lr=0.001
2024-05-22 17:14:34 [Epoch: 0] loss: 0.024613, mae: 0.079363, r2: -0.244833, val_loss: 0.008538, val_mae: 0.065003, val_r2: 0.600824
2024-05-22 17:14:34 Epoch 1: lr=0.00082
2024-05-22 17:15:46 [Epoch: 1] loss: 0.007988, mae: 0.063906, r2: 0.621195, val_loss: 0.007576, val_mae: 0.062082, val_r2: 0.641173
2024-05-22 17:15:46 Epoch 2: lr=0.00064
2024-05-22 17:16:58 [Epoch: 2] loss: 0.007328, mae: 0.060875, r2: 0.651843, val_loss: 0.007142, val_mae: 0.059549, val_r2: 0.660448
2024-05-22 17:16:58 Epoch 3: lr=0.00046
2024-05-22 17:18:10 [Epoch: 3] loss: 0.006875, mae: 0.058778, r2: 0.672304, val_loss: 0.006839, val_mae: 0.058587, val_r2: 0.672472
2024-05-22 17:18:10 Epoch 4: lr=0.00028
2024-05-22 17:19:22 [Epoch: 4] loss: 0.006468, mae: 0.056921, r2: 0.690881, val_loss: 0.006540, val_mae: 0.056741, val_r2: 0.688409
2024-05-22 17:19:22 Epoch 5: lr=0.0001
2024-05-22 17:20:34 [Epoch: 5] loss: 0.006140, mae: 0.055357, r2: 0.705952, val_loss: 0.006406, val_mae: 0.056102, val_r2: 0.692858
2024-05-22 17:20:34 Epoch 6: lr=0.0001
2024-05-22 17:21:45 [Epoch: 6] loss: 0.006029, mae: 0.054896, r2: 0.711142, val_loss: 0.006367, val_mae: 0.055914, val_r2: 0.695580
2024-05-22 17:21:46 Epoch 7: lr=0.0001
2024-05-22 17:22:57 [Epoch: 7] loss: 0.005951, mae: 0.054515, r2: 0.714828, val_loss: 0.006324, val_mae: 0.055716, val_r2: 0.698941
2024-05-22 17:22:57 Epoch 8: lr=0.0001
2024-05-22 17:24:09 [Epoch: 8] loss: 0.005878, mae: 0.054214, r2: 0.718396, val_loss: 0.006270, val_mae: 0.055754, val_r2: 0.701270
2024-05-22 17:24:09 Epoch 9: lr=0.0001
2024-05-22 17:25:21 [Epoch: 9] loss: 0.005820, mae: 0.053920, r2: 0.721090, val_loss: 0.006254, val_mae: 0.055816, val_r2: 0.701759
2024-05-22 17:25:21 Epoch 10: lr=0.0001
2024-05-22 17:26:34 [Epoch: 10] loss: 0.005751, mae: 0.053632, r2: 0.724266, val_loss: 0.006236, val_mae: 0.055512, val_r2: 0.701587
2024-05-22 17:26:34 Epoch 11: lr=0.0001
2024-05-22 17:27:45 [Epoch: 11] loss: 0.005695, mae: 0.053412, r2: 0.726674, val_loss: 0.006185, val_mae: 0.055265, val_r2: 0.703392
2024-05-22 17:27:45 Epoch 12: lr=0.0001
2024-05-22 17:28:57 [Epoch: 12] loss: 0.005629, mae: 0.053104, r2: 0.729858, val_loss: 0.006194, val_mae: 0.055308, val_r2: 0.703204
2024-05-22 17:28:57 Epoch 13: lr=0.0001
2024-05-22 17:30:09 [Epoch: 13] loss: 0.005575, mae: 0.052855, r2: 0.732395, val_loss: 0.006180, val_mae: 0.054826, val_r2: 0.704602
2024-05-22 17:30:09 Epoch 14: lr=5e-05
2024-05-22 17:31:21 [Epoch: 14] loss: 0.005456, mae: 0.052271, r2: 0.737926, val_loss: 0.006158, val_mae: 0.055254, val_r2: 0.705633
2024-05-22 17:31:21 Epoch 15: lr=5e-05
2024-05-22 17:32:33 [Epoch: 15] loss: 0.005406, mae: 0.052036, r2: 0.740340, val_loss: 0.006156, val_mae: 0.055144, val_r2: 0.705252
2024-05-22 17:32:33 Epoch 16: lr=5e-05
2024-05-22 17:33:45 [Epoch: 16] loss: 0.005374, mae: 0.051895, r2: 0.741910, val_loss: 0.006133, val_mae: 0.054887, val_r2: 0.707015
2024-05-22 17:33:45 Epoch 17: lr=5e-05
2024-05-22 17:34:57 [Epoch: 17] loss: 0.005345, mae: 0.051746, r2: 0.743153, val_loss: 0.006148, val_mae: 0.054654, val_r2: 0.705431
2024-05-22 17:34:58 Epoch 18: lr=5e-05
2024-05-22 17:36:10 [Epoch: 18] loss: 0.005314, mae: 0.051612, r2: 0.744564, val_loss: 0.006116, val_mae: 0.054837, val_r2: 0.708031
2024-05-22 17:36:10 Epoch 19: lr=5e-05
2024-05-22 17:37:22 [Epoch: 19] loss: 0.005292, mae: 0.051537, r2: 0.745609, val_loss: 0.006118, val_mae: 0.055135, val_r2: 0.707783
2024-05-22 17:37:22 Epoch 20: lr=2.5e-05
2024-05-22 17:38:34 [Epoch: 20] loss: 0.005222, mae: 0.051218, r2: 0.748797, val_loss: 0.006137, val_mae: 0.054780, val_r2: 0.706377
2024-05-22 17:38:34 Epoch 21: lr=2.5e-05
2024-05-22 17:39:46 [Epoch: 21] loss: 0.005211, mae: 0.051155, r2: 0.749377, val_loss: 0.006125, val_mae: 0.054753, val_r2: 0.706283
2024-05-22 17:39:46 Epoch 22: lr=2.5e-05
2024-05-22 17:40:58 [Epoch: 22] loss: 0.005183, mae: 0.050967, r2: 0.750812, val_loss: 0.006110, val_mae: 0.054815, val_r2: 0.708038
2024-05-22 17:40:58 Epoch 23: lr=2.5e-05
2024-05-22 17:42:11 [Epoch: 23] loss: 0.005170, mae: 0.050951, r2: 0.751281, val_loss: 0.006115, val_mae: 0.054670, val_r2: 0.707285
2024-05-22 17:42:11 Epoch 24: lr=2.5e-05
2024-05-22 17:43:23 [Epoch: 24] loss: 0.005151, mae: 0.050888, r2: 0.752010, val_loss: 0.006109, val_mae: 0.054823, val_r2: 0.708136
2024-05-22 17:43:23 Epoch 25: lr=1.25e-05
2024-05-22 17:44:35 [Epoch: 25] loss: 0.005117, mae: 0.050721, r2: 0.753569, val_loss: 0.006086, val_mae: 0.054653, val_r2: 0.709002
2024-05-22 17:44:35 Epoch 26: lr=1.25e-05
2024-05-22 17:45:47 [Epoch: 26] loss: 0.005101, mae: 0.050649, r2: 0.754680, val_loss: 0.006100, val_mae: 0.054515, val_r2: 0.708744
2024-05-22 17:45:47 Epoch 27: lr=1.25e-05
2024-05-22 17:46:59 [Epoch: 27] loss: 0.005097, mae: 0.050616, r2: 0.754837, val_loss: 0.006073, val_mae: 0.054662, val_r2: 0.709317
2024-05-22 17:46:59 Epoch 28: lr=1.25e-05
2024-05-22 17:48:11 [Epoch: 28] loss: 0.005098, mae: 0.050587, r2: 0.754644, val_loss: 0.006091, val_mae: 0.054583, val_r2: 0.709353
2024-05-22 17:48:11 Epoch 29: lr=1.25e-05
2024-05-22 17:49:23 [Epoch: 29] loss: 0.005088, mae: 0.050575, r2: 0.755251, val_loss: 0.006098, val_mae: 0.054568, val_r2: 0.709299
2024-05-22 17:49:23 Epoch 30: lr=1e-05
2024-05-22 17:50:35 [Epoch: 30] loss: 0.005070, mae: 0.050485, r2: 0.756017, val_loss: 0.006102, val_mae: 0.054605, val_r2: 0.707943
2024-05-22 17:50:35 Epoch 31: lr=1e-05
2024-05-22 17:51:48 [Epoch: 31] loss: 0.005075, mae: 0.050505, r2: 0.755700, val_loss: 0.006096, val_mae: 0.054688, val_r2: 0.708379
2024-05-22 17:51:48 Epoch 32: lr=1e-05
2024-05-22 17:52:59 [Epoch: 32] loss: 0.005056, mae: 0.050411, r2: 0.756595, val_loss: 0.006086, val_mae: 0.054453, val_r2: 0.709014
2024-05-22 17:52:59 Epoch 33: lr=1e-05
2024-05-22 17:54:11 [Epoch: 33] loss: 0.005053, mae: 0.050395, r2: 0.756810, val_loss: 0.006086, val_mae: 0.054438, val_r2: 0.708764
2024-05-22 17:54:12 Epoch 34: lr=1e-05
2024-05-22 17:55:24 [Epoch: 34] loss: 0.005050, mae: 0.050425, r2: 0.756758, val_loss: 0.006093, val_mae: 0.054438, val_r2: 0.708785
2024-05-22 17:55:24 Epoch 35: lr=1e-05
2024-05-22 17:56:36 [Epoch: 35] loss: 0.005040, mae: 0.050343, r2: 0.757386, val_loss: 0.006102, val_mae: 0.054605, val_r2: 0.708064
2024-05-22 17:56:36 Epoch 36: lr=1e-05
2024-05-22 17:57:48 [Epoch: 36] loss: 0.005045, mae: 0.050352, r2: 0.757144, val_loss: 0.006093, val_mae: 0.054486, val_r2: 0.708555
2024-05-22 17:57:48 Epoch 37: lr=1e-05
2024-05-22 17:59:00 [Epoch: 37] loss: 0.005028, mae: 0.050313, r2: 0.757936, val_loss: 0.006086, val_mae: 0.054526, val_r2: 0.709281
2024-05-22 17:59:00 history_length: 38
2024-05-22 17:59:00 stopping: early
2024-05-22 17:59:00 Comparing y_true and y_pred:
2024-05-22 17:59:00   mse: 0.00769614
2024-05-22 17:59:00   mae: 0.07175389
2024-05-22 17:59:00   r2: -0.74759396
2024-05-22 17:59:00   corr: 0.24519210
