2024-05-21 14:10:17 UNO RUN ...
2024-05-21 14:10:17 Params: {'model_name': 'uno', 'train_sources': ['CCLE'], 'test_sources': ['train'], 'cell_types': None, 'cell_features': ['rnaseq'], 'drug_features': ['descriptors'], 'dense': [1000, 1000, 1000, 1000, 1000], 'dense_feature_layers': [1000, 1000, 1000], 'activation': 'relu', 'loss': 'mse', 'optimizer': 'adamax', 'scaling': 'std', 'dropout': 0.1, 'epochs': 50, 'batch_size': 32, 'val_split': 0.2, 'cv': 1, 'max_val_loss': 1.0, 'learning_rate': 0.0001, 'base_lr': None, 'agg_dose': 'AUC', 'residual': False, 'reduce_lr': True, 'warmup_lr': True, 'batch_normalization': False, 'feature_subsample': 0, 'rng_seed': 2018, 'no_gen': False, 'verbose': False, 'preprocess_rnaseq': 'source_scale', 'gpus': [0], 'use_landmark_genes': True, 'no_feature_source': True, 'no_response_source': True, 'save_path': '/dev/shm/Uno/save/8999967.amn-0001/30', 'single': True, 'on_memory_loader': True, 'ckpt_checksum': True, 'ckpt_save_interval': 0, 'timeout': -1, 'train_bool': True, 'profiling': False, 'experiment_id': '8999967.amn-0001', 'run_id': '30', 'logfile': '/dev/shm/Uno/save/8999967.amn-0001/30/python.log', 'shuffle': False, 'ckpt_restart_mode': 'off', 'ckpt_skip_epochs': 0, 'ckpt_directory': '/dev/shm/Uno/save/8999967.amn-0001/30', 'ckpt_save_best': True, 'ckpt_save_best_metric': 'val_loss', 'ckpt_save_weights_only': False, 'ckpt_keep_mode': 'linear', 'ckpt_keep_limit': 5, 'by_cell': None, 'by_drug': None, 'cell_subset_path': '', 'drug_subset_path': '', 'drug_median_response_min': -1, 'drug_median_response_max': 1, 'dense_cell_feature_layers': None, 'dense_drug_feature_layers': None, 'use_filtered_genes': False, 'feature_subset_path': '', 'cell_feature_subset_path': '', 'drug_feature_subset_path': '', 'es': True, 'cp': False, 'tb': False, 'tb_prefix': 'tb', 'partition_by': None, 'cache': None, 'export_csv': None, 'export_data': None, 'use_exported_data': '/dev/shm/Uno/x1922c5s2b0n0.30.merged.landmark.h5', 'growth_bins': 0, 'initial_weights': None, 'save_weights': '/dev/shm/Uno/save/8999967.amn-0001/30/3.0.model.h5', 'config_file': '/home/brettin/CSC249ADOA01_CNDA/brettin/Benchmarks/Pilot1/Uno/uno_auc_model.txt', 'data_type': <class 'numpy.float32'>, 'data_dir': '/dev/shm/Uno/uno/Data', 'output_dir': '/dev/shm/Uno/uno/Output/8999967.amn-0001/30'}
2024-05-21 14:10:17 Feature encoding submodel for cell.rnaseq:
2024-05-21 14:10:17 Model: "cell.rnaseq"
2024-05-21 14:10:17 _________________________________________________________________
2024-05-21 14:10:17  Layer (type)                Output Shape              Param #   
2024-05-21 14:10:17 =================================================================
2024-05-21 14:10:17  input_1 (InputLayer)        [(None, 958)]             0         
2024-05-21 14:10:17                                                                  
2024-05-21 14:10:17  dense (Dense)               (None, 1000)              959000    
2024-05-21 14:10:17                                                                  
2024-05-21 14:10:17  permanent_dropout (Permane  (None, 1000)              0         
2024-05-21 14:10:17  ntDropout)                                                      
2024-05-21 14:10:17                                                                  
2024-05-21 14:10:17  dense_1 (Dense)             (None, 1000)              1001000   
2024-05-21 14:10:17                                                                  
2024-05-21 14:10:17  permanent_dropout_1 (Perma  (None, 1000)              0         
2024-05-21 14:10:17  nentDropout)                                                    
2024-05-21 14:10:17                                                                  
2024-05-21 14:10:17  dense_2 (Dense)             (None, 1000)              1001000   
2024-05-21 14:10:17                                                                  
2024-05-21 14:10:17  permanent_dropout_2 (Perma  (None, 1000)              0         
2024-05-21 14:10:17  nentDropout)                                                    
2024-05-21 14:10:17                                                                  
2024-05-21 14:10:17 =================================================================
2024-05-21 14:10:17 Total params: 2961000 (11.30 MB)
2024-05-21 14:10:17 Trainable params: 2961000 (11.30 MB)
2024-05-21 14:10:17 Non-trainable params: 0 (0.00 Byte)
2024-05-21 14:10:17 _________________________________________________________________
2024-05-21 14:10:17 Feature encoding submodel for drug.descriptors:
2024-05-21 14:10:17 Model: "drug.descriptors"
2024-05-21 14:10:17 _________________________________________________________________
2024-05-21 14:10:17  Layer (type)                Output Shape              Param #   
2024-05-21 14:10:17 =================================================================
2024-05-21 14:10:17  input_2 (InputLayer)        [(None, 1613)]            0         
2024-05-21 14:10:17                                                                  
2024-05-21 14:10:17  dense_3 (Dense)             (None, 1000)              1614000   
2024-05-21 14:10:17                                                                  
2024-05-21 14:10:17  permanent_dropout_3 (Perma  (None, 1000)              0         
2024-05-21 14:10:17  nentDropout)                                                    
2024-05-21 14:10:17                                                                  
2024-05-21 14:10:17  dense_4 (Dense)             (None, 1000)              1001000   
2024-05-21 14:10:17                                                                  
2024-05-21 14:10:17  permanent_dropout_4 (Perma  (None, 1000)              0         
2024-05-21 14:10:17  nentDropout)                                                    
2024-05-21 14:10:17                                                                  
2024-05-21 14:10:17  dense_5 (Dense)             (None, 1000)              1001000   
2024-05-21 14:10:17                                                                  
2024-05-21 14:10:17  permanent_dropout_5 (Perma  (None, 1000)              0         
2024-05-21 14:10:17  nentDropout)                                                    
2024-05-21 14:10:17                                                                  
2024-05-21 14:10:17 =================================================================
2024-05-21 14:10:17 Total params: 3616000 (13.79 MB)
2024-05-21 14:10:17 Trainable params: 3616000 (13.79 MB)
2024-05-21 14:10:17 Non-trainable params: 0 (0.00 Byte)
2024-05-21 14:10:17 _________________________________________________________________
2024-05-21 14:10:17 Combined model:
2024-05-21 14:10:17 Model: "model"
2024-05-21 14:10:17 __________________________________________________________________________________________________
2024-05-21 14:10:17  Layer (type)                Output Shape                 Param #   Connected to                  
2024-05-21 14:10:17 ==================================================================================================
2024-05-21 14:10:17  input.cell.rnaseq (InputLa  [(None, 958)]                0         []                            
2024-05-21 14:10:17  yer)                                                                                             
2024-05-21 14:10:17                                                                                                   
2024-05-21 14:10:17  input.drug1.descriptors (I  [(None, 1613)]               0         []                            
2024-05-21 14:10:17  nputLayer)                                                                                       
2024-05-21 14:10:17                                                                                                   
2024-05-21 14:10:17  cell.rnaseq (Functional)    (None, 1000)                 2961000   ['input.cell.rnaseq[0][0]']   
2024-05-21 14:10:17                                                                                                   
2024-05-21 14:10:17  drug.descriptors (Function  (None, 1000)                 3616000   ['input.drug1.descriptors[0][0
2024-05-21 14:10:17  al)                                                                ]']                           
2024-05-21 14:10:17                                                                                                   
2024-05-21 14:10:17  concatenate (Concatenate)   (None, 2000)                 0         ['cell.rnaseq[0][0]',         
2024-05-21 14:10:17                                                                      'drug.descriptors[0][0]']    
2024-05-21 14:10:17                                                                                                   
2024-05-21 14:10:17  dense_6 (Dense)             (None, 1000)                 2001000   ['concatenate[0][0]']         
2024-05-21 14:10:17                                                                                                   
2024-05-21 14:10:17  permanent_dropout_6 (Perma  (None, 1000)                 0         ['dense_6[0][0]']             
2024-05-21 14:10:17  nentDropout)                                                                                     
2024-05-21 14:10:17                                                                                                   
2024-05-21 14:10:17  dense_7 (Dense)             (None, 1000)                 1001000   ['permanent_dropout_6[0][0]'] 
2024-05-21 14:10:17                                                                                                   
2024-05-21 14:10:17  permanent_dropout_7 (Perma  (None, 1000)                 0         ['dense_7[0][0]']             
2024-05-21 14:10:17  nentDropout)                                                                                     
2024-05-21 14:10:17                                                                                                   
2024-05-21 14:10:17  dense_8 (Dense)             (None, 1000)                 1001000   ['permanent_dropout_7[0][0]'] 
2024-05-21 14:10:17                                                                                                   
2024-05-21 14:10:17  permanent_dropout_8 (Perma  (None, 1000)                 0         ['dense_8[0][0]']             
2024-05-21 14:10:17  nentDropout)                                                                                     
2024-05-21 14:10:17                                                                                                   
2024-05-21 14:10:17  dense_9 (Dense)             (None, 1000)                 1001000   ['permanent_dropout_8[0][0]'] 
2024-05-21 14:10:17                                                                                                   
2024-05-21 14:10:17  permanent_dropout_9 (Perma  (None, 1000)                 0         ['dense_9[0][0]']             
2024-05-21 14:10:17  nentDropout)                                                                                     
2024-05-21 14:10:17                                                                                                   
2024-05-21 14:10:17  dense_10 (Dense)            (None, 1000)                 1001000   ['permanent_dropout_9[0][0]'] 
2024-05-21 14:10:17                                                                                                   
2024-05-21 14:10:17  permanent_dropout_10 (Perm  (None, 1000)                 0         ['dense_10[0][0]']            
2024-05-21 14:10:17  anentDropout)                                                                                    
2024-05-21 14:10:17                                                                                                   
2024-05-21 14:10:17  dense_11 (Dense)            (None, 1)                    1001      ['permanent_dropout_10[0][0]']
2024-05-21 14:10:17                                                                                                   
2024-05-21 14:10:17 ==================================================================================================
2024-05-21 14:10:17 Total params: 12583001 (48.00 MB)
2024-05-21 14:10:17 Trainable params: 12583001 (48.00 MB)
2024-05-21 14:10:17 Non-trainable params: 0 (0.00 Byte)
2024-05-21 14:10:17 __________________________________________________________________________________________________
2024-05-21 14:10:17 CKPT CONSTRUCT...
2024-05-21 14:10:17 CKPT CONSTRUCT OK.
2024-05-21 14:10:17 template model: <keras.src.engine.functional.Functional object at 0x1476460c0790>
2024-05-21 14:10:19 COMPILE
2024-05-21 14:10:19 Will save weights to: /dev/shm/Uno/save/8999967.amn-0001/30/3.0.model.h5
2024-05-21 14:10:36 Between random pairs in y_val:
2024-05-21 14:10:36   mse: 0.04792622
2024-05-21 14:10:36   mae: 0.16009735
2024-05-21 14:10:36   r2: -1.00264653
2024-05-21 14:10:36   corr: -0.00132327
2024-05-21 14:10:36 Data points per epoch: train = 468856, val = 117214, test = 1639
2024-05-21 14:10:36 Steps per epoch: train = 14651, val = 3662, test = 51
2024-05-21 14:10:36 Epoch 0: lr=0.001
2024-05-21 14:11:47 [Epoch: 0] loss: 0.041179, mae: 0.080067, r2: -0.828375, val_loss: 0.008503, val_mae: 0.065251, val_r2: 0.599341
2024-05-21 14:11:47 Epoch 1: lr=0.00082
2024-05-21 14:12:57 [Epoch: 1] loss: 0.008020, mae: 0.064048, r2: 0.620768, val_loss: 0.007704, val_mae: 0.061782, val_r2: 0.639123
2024-05-21 14:12:57 Epoch 2: lr=0.00064
2024-05-21 14:14:06 [Epoch: 2] loss: 0.007316, mae: 0.060808, r2: 0.652736, val_loss: 0.007184, val_mae: 0.060393, val_r2: 0.658422
2024-05-21 14:14:06 Epoch 3: lr=0.00046
2024-05-21 14:15:16 [Epoch: 3] loss: 0.006820, mae: 0.058561, r2: 0.675678, val_loss: 0.006890, val_mae: 0.058799, val_r2: 0.676931
2024-05-21 14:15:16 Epoch 4: lr=0.00028
2024-05-21 14:16:25 [Epoch: 4] loss: 0.006433, mae: 0.056733, r2: 0.693323, val_loss: 0.006513, val_mae: 0.057143, val_r2: 0.690816
2024-05-21 14:16:25 Epoch 5: lr=0.0001
2024-05-21 14:17:36 [Epoch: 5] loss: 0.006089, mae: 0.055172, r2: 0.708924, val_loss: 0.006367, val_mae: 0.056000, val_r2: 0.699121
2024-05-21 14:17:36 Epoch 6: lr=0.0001
2024-05-21 14:18:46 [Epoch: 6] loss: 0.005992, mae: 0.054718, r2: 0.713673, val_loss: 0.006293, val_mae: 0.055958, val_r2: 0.701334
2024-05-21 14:18:46 Epoch 7: lr=0.0001
2024-05-21 14:19:56 [Epoch: 7] loss: 0.005904, mae: 0.054326, r2: 0.717561, val_loss: 0.006324, val_mae: 0.056032, val_r2: 0.700500
2024-05-21 14:19:56 Epoch 8: lr=0.0001
2024-05-21 14:21:06 [Epoch: 8] loss: 0.005835, mae: 0.054056, r2: 0.720671, val_loss: 0.006268, val_mae: 0.055631, val_r2: 0.701485
2024-05-21 14:21:06 Epoch 9: lr=0.0001
2024-05-21 14:22:16 [Epoch: 9] loss: 0.005771, mae: 0.053750, r2: 0.723759, val_loss: 0.006242, val_mae: 0.055520, val_r2: 0.703263
2024-05-21 14:22:16 Epoch 10: lr=0.0001
2024-05-21 14:23:26 [Epoch: 10] loss: 0.005709, mae: 0.053465, r2: 0.726760, val_loss: 0.006253, val_mae: 0.055324, val_r2: 0.702864
2024-05-21 14:23:26 Epoch 11: lr=0.0001
2024-05-21 14:24:36 [Epoch: 11] loss: 0.005647, mae: 0.053193, r2: 0.729488, val_loss: 0.006218, val_mae: 0.055366, val_r2: 0.704702
2024-05-21 14:24:36 Epoch 12: lr=0.0001
2024-05-21 14:25:46 [Epoch: 12] loss: 0.005588, mae: 0.052902, r2: 0.732341, val_loss: 0.006199, val_mae: 0.055475, val_r2: 0.705641
2024-05-21 14:25:46 Epoch 13: lr=0.0001
2024-05-21 14:26:56 [Epoch: 13] loss: 0.005544, mae: 0.052721, r2: 0.734464, val_loss: 0.006174, val_mae: 0.055402, val_r2: 0.706522
2024-05-21 14:26:56 Epoch 14: lr=0.0001
2024-05-21 14:28:05 [Epoch: 14] loss: 0.005487, mae: 0.052424, r2: 0.736914, val_loss: 0.006168, val_mae: 0.055055, val_r2: 0.706631
2024-05-21 14:28:05 Epoch 15: lr=5e-05
2024-05-21 14:29:16 [Epoch: 15] loss: 0.005373, mae: 0.051874, r2: 0.742401, val_loss: 0.006123, val_mae: 0.054905, val_r2: 0.709079
2024-05-21 14:29:16 Epoch 16: lr=5e-05
2024-05-21 14:30:25 [Epoch: 16] loss: 0.005320, mae: 0.051655, r2: 0.744715, val_loss: 0.006138, val_mae: 0.054760, val_r2: 0.707935
2024-05-21 14:30:25 Epoch 17: lr=5e-05
2024-05-21 14:31:35 [Epoch: 17] loss: 0.005279, mae: 0.051487, r2: 0.746608, val_loss: 0.006126, val_mae: 0.054659, val_r2: 0.708690
2024-05-21 14:31:36 Epoch 18: lr=5e-05
2024-05-21 14:32:46 [Epoch: 18] loss: 0.005249, mae: 0.051338, r2: 0.748188, val_loss: 0.006149, val_mae: 0.054507, val_r2: 0.706966
2024-05-21 14:32:46 Epoch 19: lr=5e-05
2024-05-21 14:33:56 [Epoch: 19] loss: 0.005219, mae: 0.051219, r2: 0.749523, val_loss: 0.006105, val_mae: 0.054542, val_r2: 0.709797
2024-05-21 14:33:56 Epoch 20: lr=5e-05
2024-05-21 14:35:06 [Epoch: 20] loss: 0.005204, mae: 0.051126, r2: 0.750079, val_loss: 0.006131, val_mae: 0.054602, val_r2: 0.707622
2024-05-21 14:35:06 Epoch 21: lr=2.5e-05
2024-05-21 14:36:16 [Epoch: 21] loss: 0.005144, mae: 0.050840, r2: 0.752771, val_loss: 0.006122, val_mae: 0.054915, val_r2: 0.708811
2024-05-21 14:36:16 Epoch 22: lr=2.5e-05
2024-05-21 14:37:26 [Epoch: 22] loss: 0.005120, mae: 0.050739, r2: 0.753797, val_loss: 0.006108, val_mae: 0.054596, val_r2: 0.709448
2024-05-21 14:37:26 Epoch 23: lr=2.5e-05
2024-05-21 14:38:36 [Epoch: 23] loss: 0.005098, mae: 0.050633, r2: 0.754997, val_loss: 0.006132, val_mae: 0.054390, val_r2: 0.708244
2024-05-21 14:38:36 Epoch 24: lr=2.5e-05
2024-05-21 14:39:46 [Epoch: 24] loss: 0.005090, mae: 0.050566, r2: 0.755218, val_loss: 0.006116, val_mae: 0.054356, val_r2: 0.709320
2024-05-21 14:39:46 Epoch 25: lr=2.5e-05
2024-05-21 14:40:56 [Epoch: 25] loss: 0.005080, mae: 0.050552, r2: 0.755866, val_loss: 0.006094, val_mae: 0.054394, val_r2: 0.710123
2024-05-21 14:40:56 Epoch 26: lr=1.25e-05
2024-05-21 14:42:05 [Epoch: 26] loss: 0.005041, mae: 0.050352, r2: 0.757206, val_loss: 0.006126, val_mae: 0.054427, val_r2: 0.708568
2024-05-21 14:42:06 Epoch 27: lr=1.25e-05
2024-05-21 14:43:16 [Epoch: 27] loss: 0.005026, mae: 0.050323, r2: 0.758214, val_loss: 0.006107, val_mae: 0.054266, val_r2: 0.709872
2024-05-21 14:43:16 Epoch 28: lr=1.25e-05
2024-05-21 14:44:25 [Epoch: 28] loss: 0.005025, mae: 0.050268, r2: 0.758160, val_loss: 0.006123, val_mae: 0.054447, val_r2: 0.709129
2024-05-21 14:44:26 Epoch 29: lr=1.25e-05
2024-05-21 14:45:36 [Epoch: 29] loss: 0.005012, mae: 0.050215, r2: 0.758838, val_loss: 0.006118, val_mae: 0.054371, val_r2: 0.709380
2024-05-21 14:45:36 Epoch 30: lr=1.25e-05
2024-05-21 14:46:46 [Epoch: 30] loss: 0.005014, mae: 0.050211, r2: 0.758811, val_loss: 0.006104, val_mae: 0.054595, val_r2: 0.709908
2024-05-21 14:46:46 Epoch 31: lr=1e-05
2024-05-21 14:47:56 [Epoch: 31] loss: 0.004997, mae: 0.050161, r2: 0.759607, val_loss: 0.006109, val_mae: 0.054677, val_r2: 0.709464
2024-05-21 14:47:56 Epoch 32: lr=1e-05
2024-05-21 14:49:06 [Epoch: 32] loss: 0.004990, mae: 0.050113, r2: 0.759783, val_loss: 0.006117, val_mae: 0.054254, val_r2: 0.709236
2024-05-21 14:49:06 Epoch 33: lr=1e-05
2024-05-21 14:50:16 [Epoch: 33] loss: 0.004976, mae: 0.050087, r2: 0.760571, val_loss: 0.006115, val_mae: 0.054552, val_r2: 0.709434
2024-05-21 14:50:16 Epoch 34: lr=1e-05
2024-05-21 14:51:26 [Epoch: 34] loss: 0.004978, mae: 0.050046, r2: 0.760314, val_loss: 0.006136, val_mae: 0.054543, val_r2: 0.708504
2024-05-21 14:51:26 Epoch 35: lr=1e-05
2024-05-21 14:52:36 [Epoch: 35] loss: 0.004970, mae: 0.050042, r2: 0.760665, val_loss: 0.006114, val_mae: 0.054389, val_r2: 0.709151
2024-05-21 14:52:36 history_length: 36
2024-05-21 14:52:36 stopping: early
2024-05-21 14:52:36 Comparing y_true and y_pred:
2024-05-21 14:52:36   mse: 0.00834498
2024-05-21 14:52:36   mae: 0.07055064
2024-05-21 14:52:36   r2: -0.26952779
2024-05-21 14:52:36   corr: 0.17092678
