2024-05-22 19:47:05 UNO RUN ...
2024-05-22 19:47:05 Params: {'model_name': 'uno', 'train_sources': ['CCLE'], 'test_sources': ['train'], 'cell_types': None, 'cell_features': ['rnaseq'], 'drug_features': ['descriptors'], 'dense': [1000, 1000, 1000, 1000, 1000], 'dense_feature_layers': [1000, 1000, 1000], 'activation': 'relu', 'loss': 'mse', 'optimizer': 'adamax', 'scaling': 'std', 'dropout': 0.1, 'epochs': 50, 'batch_size': 32, 'val_split': 0.2, 'cv': 1, 'max_val_loss': 1.0, 'learning_rate': 0.0001, 'base_lr': None, 'agg_dose': 'AUC', 'residual': False, 'reduce_lr': True, 'warmup_lr': True, 'batch_normalization': False, 'feature_subsample': 0, 'rng_seed': 2018, 'no_gen': False, 'verbose': False, 'preprocess_rnaseq': 'source_scale', 'gpus': [0], 'use_landmark_genes': True, 'no_feature_source': True, 'no_response_source': True, 'save_path': '/dev/shm/Uno/save/9000896.amn-0001/38', 'single': True, 'on_memory_loader': True, 'ckpt_checksum': True, 'ckpt_save_interval': 0, 'timeout': -1, 'train_bool': True, 'profiling': False, 'experiment_id': '9000896.amn-0001', 'run_id': '38', 'logfile': '/dev/shm/Uno/save/9000896.amn-0001/38/python.log', 'shuffle': False, 'ckpt_restart_mode': 'off', 'ckpt_skip_epochs': 0, 'ckpt_directory': '/dev/shm/Uno/save/9000896.amn-0001/38', 'ckpt_save_best': True, 'ckpt_save_best_metric': 'val_loss', 'ckpt_save_weights_only': False, 'ckpt_keep_mode': 'linear', 'ckpt_keep_limit': 5, 'by_cell': None, 'by_drug': None, 'cell_subset_path': '', 'drug_subset_path': '', 'drug_median_response_min': -1, 'drug_median_response_max': 1, 'dense_cell_feature_layers': None, 'dense_drug_feature_layers': None, 'use_filtered_genes': False, 'feature_subset_path': '', 'cell_feature_subset_path': '', 'drug_feature_subset_path': '', 'es': True, 'cp': False, 'tb': False, 'tb_prefix': 'tb', 'partition_by': None, 'cache': None, 'export_csv': None, 'export_data': None, 'use_exported_data': '/dev/shm/Uno/x1922c6s2b0n0.38.merged.landmark.h5', 'growth_bins': 0, 'initial_weights': None, 'save_weights': '/dev/shm/Uno/save/9000896.amn-0001/38/1.0.model.h5', 'config_file': '/home/brettin/CSC249ADOA01_CNDA/brettin/Benchmarks/Pilot1/Uno/uno_auc_model.txt', 'data_type': <class 'numpy.float32'>, 'data_dir': '/dev/shm/Uno/uno/Data', 'output_dir': '/dev/shm/Uno/uno/Output/9000896.amn-0001/38'}
2024-05-22 19:47:05 Feature encoding submodel for cell.rnaseq:
2024-05-22 19:47:05 Model: "cell.rnaseq"
2024-05-22 19:47:05 _________________________________________________________________
2024-05-22 19:47:05  Layer (type)                Output Shape              Param #   
2024-05-22 19:47:05 =================================================================
2024-05-22 19:47:05  input_1 (InputLayer)        [(None, 958)]             0         
2024-05-22 19:47:05                                                                  
2024-05-22 19:47:05  dense (Dense)               (None, 1000)              959000    
2024-05-22 19:47:05                                                                  
2024-05-22 19:47:05  permanent_dropout (Permane  (None, 1000)              0         
2024-05-22 19:47:05  ntDropout)                                                      
2024-05-22 19:47:05                                                                  
2024-05-22 19:47:05  dense_1 (Dense)             (None, 1000)              1001000   
2024-05-22 19:47:05                                                                  
2024-05-22 19:47:05  permanent_dropout_1 (Perma  (None, 1000)              0         
2024-05-22 19:47:05  nentDropout)                                                    
2024-05-22 19:47:05                                                                  
2024-05-22 19:47:05  dense_2 (Dense)             (None, 1000)              1001000   
2024-05-22 19:47:05                                                                  
2024-05-22 19:47:05  permanent_dropout_2 (Perma  (None, 1000)              0         
2024-05-22 19:47:05  nentDropout)                                                    
2024-05-22 19:47:05                                                                  
2024-05-22 19:47:05 =================================================================
2024-05-22 19:47:05 Total params: 2961000 (11.30 MB)
2024-05-22 19:47:05 Trainable params: 2961000 (11.30 MB)
2024-05-22 19:47:05 Non-trainable params: 0 (0.00 Byte)
2024-05-22 19:47:05 _________________________________________________________________
2024-05-22 19:47:05 Feature encoding submodel for drug.descriptors:
2024-05-22 19:47:05 Model: "drug.descriptors"
2024-05-22 19:47:05 _________________________________________________________________
2024-05-22 19:47:05  Layer (type)                Output Shape              Param #   
2024-05-22 19:47:05 =================================================================
2024-05-22 19:47:05  input_2 (InputLayer)        [(None, 1613)]            0         
2024-05-22 19:47:05                                                                  
2024-05-22 19:47:05  dense_3 (Dense)             (None, 1000)              1614000   
2024-05-22 19:47:05                                                                  
2024-05-22 19:47:05  permanent_dropout_3 (Perma  (None, 1000)              0         
2024-05-22 19:47:05  nentDropout)                                                    
2024-05-22 19:47:05                                                                  
2024-05-22 19:47:05  dense_4 (Dense)             (None, 1000)              1001000   
2024-05-22 19:47:05                                                                  
2024-05-22 19:47:05  permanent_dropout_4 (Perma  (None, 1000)              0         
2024-05-22 19:47:05  nentDropout)                                                    
2024-05-22 19:47:05                                                                  
2024-05-22 19:47:05  dense_5 (Dense)             (None, 1000)              1001000   
2024-05-22 19:47:05                                                                  
2024-05-22 19:47:05  permanent_dropout_5 (Perma  (None, 1000)              0         
2024-05-22 19:47:05  nentDropout)                                                    
2024-05-22 19:47:05                                                                  
2024-05-22 19:47:05 =================================================================
2024-05-22 19:47:05 Total params: 3616000 (13.79 MB)
2024-05-22 19:47:05 Trainable params: 3616000 (13.79 MB)
2024-05-22 19:47:05 Non-trainable params: 0 (0.00 Byte)
2024-05-22 19:47:05 _________________________________________________________________
2024-05-22 19:47:05 Combined model:
2024-05-22 19:47:05 Model: "model"
2024-05-22 19:47:05 __________________________________________________________________________________________________
2024-05-22 19:47:05  Layer (type)                Output Shape                 Param #   Connected to                  
2024-05-22 19:47:05 ==================================================================================================
2024-05-22 19:47:05  input.cell.rnaseq (InputLa  [(None, 958)]                0         []                            
2024-05-22 19:47:05  yer)                                                                                             
2024-05-22 19:47:05                                                                                                   
2024-05-22 19:47:05  input.drug1.descriptors (I  [(None, 1613)]               0         []                            
2024-05-22 19:47:05  nputLayer)                                                                                       
2024-05-22 19:47:05                                                                                                   
2024-05-22 19:47:05  cell.rnaseq (Functional)    (None, 1000)                 2961000   ['input.cell.rnaseq[0][0]']   
2024-05-22 19:47:05                                                                                                   
2024-05-22 19:47:05  drug.descriptors (Function  (None, 1000)                 3616000   ['input.drug1.descriptors[0][0
2024-05-22 19:47:05  al)                                                                ]']                           
2024-05-22 19:47:05                                                                                                   
2024-05-22 19:47:05  concatenate (Concatenate)   (None, 2000)                 0         ['cell.rnaseq[0][0]',         
2024-05-22 19:47:05                                                                      'drug.descriptors[0][0]']    
2024-05-22 19:47:05                                                                                                   
2024-05-22 19:47:05  dense_6 (Dense)             (None, 1000)                 2001000   ['concatenate[0][0]']         
2024-05-22 19:47:05                                                                                                   
2024-05-22 19:47:05  permanent_dropout_6 (Perma  (None, 1000)                 0         ['dense_6[0][0]']             
2024-05-22 19:47:05  nentDropout)                                                                                     
2024-05-22 19:47:05                                                                                                   
2024-05-22 19:47:05  dense_7 (Dense)             (None, 1000)                 1001000   ['permanent_dropout_6[0][0]'] 
2024-05-22 19:47:05                                                                                                   
2024-05-22 19:47:05  permanent_dropout_7 (Perma  (None, 1000)                 0         ['dense_7[0][0]']             
2024-05-22 19:47:05  nentDropout)                                                                                     
2024-05-22 19:47:05                                                                                                   
2024-05-22 19:47:05  dense_8 (Dense)             (None, 1000)                 1001000   ['permanent_dropout_7[0][0]'] 
2024-05-22 19:47:05                                                                                                   
2024-05-22 19:47:05  permanent_dropout_8 (Perma  (None, 1000)                 0         ['dense_8[0][0]']             
2024-05-22 19:47:05  nentDropout)                                                                                     
2024-05-22 19:47:05                                                                                                   
2024-05-22 19:47:05  dense_9 (Dense)             (None, 1000)                 1001000   ['permanent_dropout_8[0][0]'] 
2024-05-22 19:47:05                                                                                                   
2024-05-22 19:47:05  permanent_dropout_9 (Perma  (None, 1000)                 0         ['dense_9[0][0]']             
2024-05-22 19:47:05  nentDropout)                                                                                     
2024-05-22 19:47:05                                                                                                   
2024-05-22 19:47:05  dense_10 (Dense)            (None, 1000)                 1001000   ['permanent_dropout_9[0][0]'] 
2024-05-22 19:47:05                                                                                                   
2024-05-22 19:47:05  permanent_dropout_10 (Perm  (None, 1000)                 0         ['dense_10[0][0]']            
2024-05-22 19:47:05  anentDropout)                                                                                    
2024-05-22 19:47:05                                                                                                   
2024-05-22 19:47:05  dense_11 (Dense)            (None, 1)                    1001      ['permanent_dropout_10[0][0]']
2024-05-22 19:47:05                                                                                                   
2024-05-22 19:47:05 ==================================================================================================
2024-05-22 19:47:05 Total params: 12583001 (48.00 MB)
2024-05-22 19:47:05 Trainable params: 12583001 (48.00 MB)
2024-05-22 19:47:05 Non-trainable params: 0 (0.00 Byte)
2024-05-22 19:47:05 __________________________________________________________________________________________________
2024-05-22 19:47:05 CKPT CONSTRUCT...
2024-05-22 19:47:05 CKPT CONSTRUCT OK.
2024-05-22 19:47:05 template model: <keras.src.engine.functional.Functional object at 0x14653b0e6cd0>
2024-05-22 19:47:07 COMPILE
2024-05-22 19:47:07 Will save weights to: /dev/shm/Uno/save/9000896.amn-0001/38/1.0.model.h5
2024-05-22 19:47:24 Between random pairs in y_val:
2024-05-22 19:47:24   mse: 0.04807932
2024-05-22 19:47:24   mae: 0.16057222
2024-05-22 19:47:24   r2: -1.00885423
2024-05-22 19:47:24   corr: -0.00442712
2024-05-22 19:47:24 Data points per epoch: train = 469707, val = 117427, test = 575
2024-05-22 19:47:24 Steps per epoch: train = 14678, val = 3669, test = 17
2024-05-22 19:47:24 Epoch 0: lr=0.001
2024-05-22 19:48:37 [Epoch: 0] loss: 0.027504, mae: 0.079454, r2: -0.274067, val_loss: 0.008588, val_mae: 0.066431, val_r2: 0.595292
2024-05-22 19:48:38 Epoch 1: lr=0.00082
2024-05-22 19:49:49 [Epoch: 1] loss: 0.007992, mae: 0.063939, r2: 0.620647, val_loss: 0.007704, val_mae: 0.061523, val_r2: 0.638462
2024-05-22 19:49:50 Epoch 2: lr=0.00064
2024-05-22 19:51:01 [Epoch: 2] loss: 0.007311, mae: 0.060764, r2: 0.652173, val_loss: 0.007256, val_mae: 0.060042, val_r2: 0.657778
2024-05-22 19:51:01 Epoch 3: lr=0.00046
2024-05-22 19:52:13 [Epoch: 3] loss: 0.006843, mae: 0.058714, r2: 0.673472, val_loss: 0.006865, val_mae: 0.057838, val_r2: 0.674953
2024-05-22 19:52:13 Epoch 4: lr=0.00028
2024-05-22 19:53:25 [Epoch: 4] loss: 0.006451, mae: 0.056900, r2: 0.691629, val_loss: 0.006668, val_mae: 0.057240, val_r2: 0.687358
2024-05-22 19:53:25 Epoch 5: lr=0.0001
2024-05-22 19:54:37 [Epoch: 5] loss: 0.006119, mae: 0.055354, r2: 0.706730, val_loss: 0.006432, val_mae: 0.056880, val_r2: 0.695166
2024-05-22 19:54:37 Epoch 6: lr=0.0001
2024-05-22 19:55:49 [Epoch: 6] loss: 0.006014, mae: 0.054867, r2: 0.711585, val_loss: 0.006397, val_mae: 0.055799, val_r2: 0.696635
2024-05-22 19:55:49 Epoch 7: lr=0.0001
2024-05-22 19:57:01 [Epoch: 7] loss: 0.005929, mae: 0.054479, r2: 0.715735, val_loss: 0.006317, val_mae: 0.055675, val_r2: 0.700930
2024-05-22 19:57:01 Epoch 8: lr=0.0001
2024-05-22 19:58:13 [Epoch: 8] loss: 0.005867, mae: 0.054224, r2: 0.718524, val_loss: 0.006306, val_mae: 0.055932, val_r2: 0.701687
2024-05-22 19:58:13 Epoch 9: lr=0.0001
2024-05-22 19:59:25 [Epoch: 9] loss: 0.005801, mae: 0.053888, r2: 0.721418, val_loss: 0.006272, val_mae: 0.055885, val_r2: 0.703450
2024-05-22 19:59:25 Epoch 10: lr=0.0001
2024-05-22 20:00:36 [Epoch: 10] loss: 0.005731, mae: 0.053597, r2: 0.724796, val_loss: 0.006265, val_mae: 0.055382, val_r2: 0.701937
2024-05-22 20:00:36 Epoch 11: lr=0.0001
2024-05-22 20:01:48 [Epoch: 11] loss: 0.005675, mae: 0.053373, r2: 0.727472, val_loss: 0.006223, val_mae: 0.055451, val_r2: 0.703922
2024-05-22 20:01:48 Epoch 12: lr=0.0001
2024-05-22 20:03:00 [Epoch: 12] loss: 0.005624, mae: 0.053074, r2: 0.729901, val_loss: 0.006210, val_mae: 0.055499, val_r2: 0.704684
2024-05-22 20:03:00 Epoch 13: lr=0.0001
2024-05-22 20:04:12 [Epoch: 13] loss: 0.005559, mae: 0.052827, r2: 0.732726, val_loss: 0.006195, val_mae: 0.055137, val_r2: 0.706137
2024-05-22 20:04:12 Epoch 14: lr=0.0001
2024-05-22 20:05:24 [Epoch: 14] loss: 0.005507, mae: 0.052576, r2: 0.735196, val_loss: 0.006183, val_mae: 0.055496, val_r2: 0.706037
2024-05-22 20:05:25 Epoch 15: lr=0.0001
2024-05-22 20:06:36 [Epoch: 15] loss: 0.005466, mae: 0.052385, r2: 0.737057, val_loss: 0.006170, val_mae: 0.054814, val_r2: 0.708124
2024-05-22 20:06:36 Epoch 16: lr=0.0001
2024-05-22 20:07:48 [Epoch: 16] loss: 0.005422, mae: 0.052173, r2: 0.739261, val_loss: 0.006164, val_mae: 0.054984, val_r2: 0.706719
2024-05-22 20:07:48 Epoch 17: lr=0.0001
2024-05-22 20:09:00 [Epoch: 17] loss: 0.005366, mae: 0.051927, r2: 0.741573, val_loss: 0.006125, val_mae: 0.054810, val_r2: 0.708953
2024-05-22 20:09:00 Epoch 18: lr=5e-05
2024-05-22 20:10:12 [Epoch: 18] loss: 0.005241, mae: 0.051319, r2: 0.747428, val_loss: 0.006086, val_mae: 0.054462, val_r2: 0.710770
2024-05-22 20:10:12 Epoch 19: lr=5e-05
2024-05-22 20:11:24 [Epoch: 19] loss: 0.005209, mae: 0.051167, r2: 0.749299, val_loss: 0.006074, val_mae: 0.054833, val_r2: 0.711626
2024-05-22 20:11:24 Epoch 20: lr=5e-05
2024-05-22 20:12:36 [Epoch: 20] loss: 0.005185, mae: 0.051052, r2: 0.750130, val_loss: 0.006096, val_mae: 0.054710, val_r2: 0.710106
2024-05-22 20:12:36 Epoch 21: lr=5e-05
2024-05-22 20:13:48 [Epoch: 21] loss: 0.005153, mae: 0.050910, r2: 0.751471, val_loss: 0.006095, val_mae: 0.054473, val_r2: 0.710713
2024-05-22 20:13:48 Epoch 22: lr=5e-05
2024-05-22 20:14:59 [Epoch: 22] loss: 0.005122, mae: 0.050722, r2: 0.753035, val_loss: 0.006081, val_mae: 0.054300, val_r2: 0.710761
2024-05-22 20:15:00 Epoch 23: lr=5e-05
2024-05-22 20:16:11 [Epoch: 23] loss: 0.005098, mae: 0.050649, r2: 0.754037, val_loss: 0.006061, val_mae: 0.054368, val_r2: 0.712800
2024-05-22 20:16:11 Epoch 24: lr=2.5e-05
2024-05-22 20:17:23 [Epoch: 24] loss: 0.005035, mae: 0.050308, r2: 0.757331, val_loss: 0.006064, val_mae: 0.054500, val_r2: 0.711811
2024-05-22 20:17:23 Epoch 25: lr=2.5e-05
2024-05-22 20:18:35 [Epoch: 25] loss: 0.005021, mae: 0.050281, r2: 0.757909, val_loss: 0.006072, val_mae: 0.054290, val_r2: 0.711657
2024-05-22 20:18:35 Epoch 26: lr=2.5e-05
2024-05-22 20:19:47 [Epoch: 26] loss: 0.005002, mae: 0.050185, r2: 0.758564, val_loss: 0.006087, val_mae: 0.054395, val_r2: 0.711587
2024-05-22 20:19:47 Epoch 27: lr=2.5e-05
2024-05-22 20:20:59 [Epoch: 27] loss: 0.004989, mae: 0.050133, r2: 0.759048, val_loss: 0.006032, val_mae: 0.054107, val_r2: 0.713725
2024-05-22 20:20:59 Epoch 28: lr=2.5e-05
2024-05-22 20:22:10 [Epoch: 28] loss: 0.004975, mae: 0.050065, r2: 0.759994, val_loss: 0.006046, val_mae: 0.054318, val_r2: 0.713648
2024-05-22 20:22:10 Epoch 29: lr=1.25e-05
2024-05-22 20:23:22 [Epoch: 29] loss: 0.004946, mae: 0.049893, r2: 0.761370, val_loss: 0.006075, val_mae: 0.054675, val_r2: 0.711236
2024-05-22 20:23:22 Epoch 30: lr=1.25e-05
2024-05-22 20:24:34 [Epoch: 30] loss: 0.004934, mae: 0.049866, r2: 0.761805, val_loss: 0.006069, val_mae: 0.054390, val_r2: 0.711745
2024-05-22 20:24:34 Epoch 31: lr=1.25e-05
2024-05-22 20:25:46 [Epoch: 31] loss: 0.004926, mae: 0.049797, r2: 0.762308, val_loss: 0.006055, val_mae: 0.054442, val_r2: 0.712406
2024-05-22 20:25:46 Epoch 32: lr=1.25e-05
2024-05-22 20:26:58 [Epoch: 32] loss: 0.004914, mae: 0.049765, r2: 0.762807, val_loss: 0.006076, val_mae: 0.054364, val_r2: 0.711475
2024-05-22 20:26:58 Epoch 33: lr=1.25e-05
2024-05-22 20:28:10 [Epoch: 33] loss: 0.004918, mae: 0.049764, r2: 0.762638, val_loss: 0.006099, val_mae: 0.054391, val_r2: 0.710227
2024-05-22 20:28:10 Epoch 34: lr=1e-05
2024-05-22 20:29:22 [Epoch: 34] loss: 0.004896, mae: 0.049659, r2: 0.763784, val_loss: 0.006063, val_mae: 0.054390, val_r2: 0.712505
2024-05-22 20:29:22 Epoch 35: lr=1e-05
2024-05-22 20:30:34 [Epoch: 35] loss: 0.004893, mae: 0.049644, r2: 0.763932, val_loss: 0.006059, val_mae: 0.054179, val_r2: 0.712371
2024-05-22 20:30:34 Epoch 36: lr=1e-05
2024-05-22 20:31:46 [Epoch: 36] loss: 0.004891, mae: 0.049644, r2: 0.763693, val_loss: 0.006047, val_mae: 0.054155, val_r2: 0.712940
2024-05-22 20:31:46 Epoch 37: lr=1e-05
2024-05-22 20:32:58 [Epoch: 37] loss: 0.004888, mae: 0.049643, r2: 0.764002, val_loss: 0.006060, val_mae: 0.054337, val_r2: 0.712570
2024-05-22 20:32:58 history_length: 38
2024-05-22 20:32:58 stopping: early
2024-05-22 20:32:58 Comparing y_true and y_pred:
2024-05-22 20:32:58   mse: 0.00491136
2024-05-22 20:32:58   mae: 0.05554165
2024-05-22 20:32:58   r2: -1.09377954
2024-05-22 20:32:58   corr: -0.06618423
