2024-05-22 17:13:02 UNO RUN ...
2024-05-22 17:13:02 Params: {'model_name': 'uno', 'train_sources': ['CCLE'], 'test_sources': ['train'], 'cell_types': None, 'cell_features': ['rnaseq'], 'drug_features': ['descriptors'], 'dense': [1000, 1000, 1000, 1000, 1000], 'dense_feature_layers': [1000, 1000, 1000], 'activation': 'relu', 'loss': 'mse', 'optimizer': 'adamax', 'scaling': 'std', 'dropout': 0.1, 'epochs': 50, 'batch_size': 32, 'val_split': 0.2, 'cv': 1, 'max_val_loss': 1.0, 'learning_rate': 0.0001, 'base_lr': None, 'agg_dose': 'AUC', 'residual': False, 'reduce_lr': True, 'warmup_lr': True, 'batch_normalization': False, 'feature_subsample': 0, 'rng_seed': 2018, 'no_gen': False, 'verbose': False, 'preprocess_rnaseq': 'source_scale', 'gpus': [0], 'use_landmark_genes': True, 'no_feature_source': True, 'no_response_source': True, 'save_path': '/dev/shm/Uno/save/9000841.amn-0001/56', 'single': True, 'on_memory_loader': True, 'ckpt_checksum': True, 'ckpt_save_interval': 0, 'timeout': -1, 'train_bool': True, 'profiling': False, 'experiment_id': '9000841.amn-0001', 'run_id': '56', 'logfile': '/dev/shm/Uno/save/9000841.amn-0001/56/python.log', 'shuffle': False, 'ckpt_restart_mode': 'off', 'ckpt_skip_epochs': 0, 'ckpt_directory': '/dev/shm/Uno/save/9000841.amn-0001/56', 'ckpt_save_best': True, 'ckpt_save_best_metric': 'val_loss', 'ckpt_save_weights_only': False, 'ckpt_keep_mode': 'linear', 'ckpt_keep_limit': 5, 'by_cell': None, 'by_drug': None, 'cell_subset_path': '', 'drug_subset_path': '', 'drug_median_response_min': -1, 'drug_median_response_max': 1, 'dense_cell_feature_layers': None, 'dense_drug_feature_layers': None, 'use_filtered_genes': False, 'feature_subset_path': '', 'cell_feature_subset_path': '', 'drug_feature_subset_path': '', 'es': True, 'cp': False, 'tb': False, 'tb_prefix': 'tb', 'partition_by': None, 'cache': None, 'export_csv': None, 'export_data': None, 'use_exported_data': '/dev/shm/Uno/x1921c3s1b0n0.56.merged.landmark.h5', 'growth_bins': 0, 'initial_weights': None, 'save_weights': '/dev/shm/Uno/save/9000841.amn-0001/56/4.0.model.h5', 'config_file': '/home/brettin/CSC249ADOA01_CNDA/brettin/Benchmarks/Pilot1/Uno/uno_auc_model.txt', 'data_type': <class 'numpy.float32'>, 'data_dir': '/dev/shm/Uno/uno/Data', 'output_dir': '/dev/shm/Uno/uno/Output/9000841.amn-0001/56'}
2024-05-22 17:13:02 Feature encoding submodel for cell.rnaseq:
2024-05-22 17:13:02 Model: "cell.rnaseq"
2024-05-22 17:13:02 _________________________________________________________________
2024-05-22 17:13:02  Layer (type)                Output Shape              Param #   
2024-05-22 17:13:02 =================================================================
2024-05-22 17:13:02  input_1 (InputLayer)        [(None, 958)]             0         
2024-05-22 17:13:02                                                                  
2024-05-22 17:13:02  dense (Dense)               (None, 1000)              959000    
2024-05-22 17:13:02                                                                  
2024-05-22 17:13:02  permanent_dropout (Permane  (None, 1000)              0         
2024-05-22 17:13:02  ntDropout)                                                      
2024-05-22 17:13:02                                                                  
2024-05-22 17:13:02  dense_1 (Dense)             (None, 1000)              1001000   
2024-05-22 17:13:02                                                                  
2024-05-22 17:13:02  permanent_dropout_1 (Perma  (None, 1000)              0         
2024-05-22 17:13:02  nentDropout)                                                    
2024-05-22 17:13:02                                                                  
2024-05-22 17:13:02  dense_2 (Dense)             (None, 1000)              1001000   
2024-05-22 17:13:02                                                                  
2024-05-22 17:13:02  permanent_dropout_2 (Perma  (None, 1000)              0         
2024-05-22 17:13:02  nentDropout)                                                    
2024-05-22 17:13:02                                                                  
2024-05-22 17:13:02 =================================================================
2024-05-22 17:13:02 Total params: 2961000 (11.30 MB)
2024-05-22 17:13:02 Trainable params: 2961000 (11.30 MB)
2024-05-22 17:13:02 Non-trainable params: 0 (0.00 Byte)
2024-05-22 17:13:02 _________________________________________________________________
2024-05-22 17:13:02 Feature encoding submodel for drug.descriptors:
2024-05-22 17:13:02 Model: "drug.descriptors"
2024-05-22 17:13:02 _________________________________________________________________
2024-05-22 17:13:02  Layer (type)                Output Shape              Param #   
2024-05-22 17:13:02 =================================================================
2024-05-22 17:13:02  input_2 (InputLayer)        [(None, 1613)]            0         
2024-05-22 17:13:02                                                                  
2024-05-22 17:13:02  dense_3 (Dense)             (None, 1000)              1614000   
2024-05-22 17:13:02                                                                  
2024-05-22 17:13:02  permanent_dropout_3 (Perma  (None, 1000)              0         
2024-05-22 17:13:02  nentDropout)                                                    
2024-05-22 17:13:02                                                                  
2024-05-22 17:13:02  dense_4 (Dense)             (None, 1000)              1001000   
2024-05-22 17:13:02                                                                  
2024-05-22 17:13:02  permanent_dropout_4 (Perma  (None, 1000)              0         
2024-05-22 17:13:02  nentDropout)                                                    
2024-05-22 17:13:02                                                                  
2024-05-22 17:13:02  dense_5 (Dense)             (None, 1000)              1001000   
2024-05-22 17:13:02                                                                  
2024-05-22 17:13:02  permanent_dropout_5 (Perma  (None, 1000)              0         
2024-05-22 17:13:02  nentDropout)                                                    
2024-05-22 17:13:02                                                                  
2024-05-22 17:13:02 =================================================================
2024-05-22 17:13:02 Total params: 3616000 (13.79 MB)
2024-05-22 17:13:02 Trainable params: 3616000 (13.79 MB)
2024-05-22 17:13:02 Non-trainable params: 0 (0.00 Byte)
2024-05-22 17:13:02 _________________________________________________________________
2024-05-22 17:13:02 Combined model:
2024-05-22 17:13:02 Model: "model"
2024-05-22 17:13:02 __________________________________________________________________________________________________
2024-05-22 17:13:02  Layer (type)                Output Shape                 Param #   Connected to                  
2024-05-22 17:13:02 ==================================================================================================
2024-05-22 17:13:02  input.cell.rnaseq (InputLa  [(None, 958)]                0         []                            
2024-05-22 17:13:02  yer)                                                                                             
2024-05-22 17:13:02                                                                                                   
2024-05-22 17:13:02  input.drug1.descriptors (I  [(None, 1613)]               0         []                            
2024-05-22 17:13:02  nputLayer)                                                                                       
2024-05-22 17:13:02                                                                                                   
2024-05-22 17:13:02  cell.rnaseq (Functional)    (None, 1000)                 2961000   ['input.cell.rnaseq[0][0]']   
2024-05-22 17:13:02                                                                                                   
2024-05-22 17:13:02  drug.descriptors (Function  (None, 1000)                 3616000   ['input.drug1.descriptors[0][0
2024-05-22 17:13:02  al)                                                                ]']                           
2024-05-22 17:13:02                                                                                                   
2024-05-22 17:13:02  concatenate (Concatenate)   (None, 2000)                 0         ['cell.rnaseq[0][0]',         
2024-05-22 17:13:02                                                                      'drug.descriptors[0][0]']    
2024-05-22 17:13:02                                                                                                   
2024-05-22 17:13:02  dense_6 (Dense)             (None, 1000)                 2001000   ['concatenate[0][0]']         
2024-05-22 17:13:02                                                                                                   
2024-05-22 17:13:02  permanent_dropout_6 (Perma  (None, 1000)                 0         ['dense_6[0][0]']             
2024-05-22 17:13:02  nentDropout)                                                                                     
2024-05-22 17:13:02                                                                                                   
2024-05-22 17:13:02  dense_7 (Dense)             (None, 1000)                 1001000   ['permanent_dropout_6[0][0]'] 
2024-05-22 17:13:02                                                                                                   
2024-05-22 17:13:02  permanent_dropout_7 (Perma  (None, 1000)                 0         ['dense_7[0][0]']             
2024-05-22 17:13:02  nentDropout)                                                                                     
2024-05-22 17:13:02                                                                                                   
2024-05-22 17:13:02  dense_8 (Dense)             (None, 1000)                 1001000   ['permanent_dropout_7[0][0]'] 
2024-05-22 17:13:02                                                                                                   
2024-05-22 17:13:02  permanent_dropout_8 (Perma  (None, 1000)                 0         ['dense_8[0][0]']             
2024-05-22 17:13:02  nentDropout)                                                                                     
2024-05-22 17:13:02                                                                                                   
2024-05-22 17:13:02  dense_9 (Dense)             (None, 1000)                 1001000   ['permanent_dropout_8[0][0]'] 
2024-05-22 17:13:02                                                                                                   
2024-05-22 17:13:02  permanent_dropout_9 (Perma  (None, 1000)                 0         ['dense_9[0][0]']             
2024-05-22 17:13:02  nentDropout)                                                                                     
2024-05-22 17:13:02                                                                                                   
2024-05-22 17:13:02  dense_10 (Dense)            (None, 1000)                 1001000   ['permanent_dropout_9[0][0]'] 
2024-05-22 17:13:02                                                                                                   
2024-05-22 17:13:02  permanent_dropout_10 (Perm  (None, 1000)                 0         ['dense_10[0][0]']            
2024-05-22 17:13:02  anentDropout)                                                                                    
2024-05-22 17:13:02                                                                                                   
2024-05-22 17:13:02  dense_11 (Dense)            (None, 1)                    1001      ['permanent_dropout_10[0][0]']
2024-05-22 17:13:02                                                                                                   
2024-05-22 17:13:02 ==================================================================================================
2024-05-22 17:13:02 Total params: 12583001 (48.00 MB)
2024-05-22 17:13:02 Trainable params: 12583001 (48.00 MB)
2024-05-22 17:13:02 Non-trainable params: 0 (0.00 Byte)
2024-05-22 17:13:02 __________________________________________________________________________________________________
2024-05-22 17:13:03 CKPT CONSTRUCT...
2024-05-22 17:13:03 CKPT CONSTRUCT OK.
2024-05-22 17:13:03 template model: <keras.src.engine.functional.Functional object at 0x14e37454dc70>
2024-05-22 17:13:04 COMPILE
2024-05-22 17:13:04 Will save weights to: /dev/shm/Uno/save/9000841.amn-0001/56/4.0.model.h5
2024-05-22 17:13:21 Between random pairs in y_val:
2024-05-22 17:13:21   mse: 0.04751350
2024-05-22 17:13:21   mae: 0.15936222
2024-05-22 17:13:21   r2: -0.99923724
2024-05-22 17:13:21   corr: 0.00038138
2024-05-22 17:13:21 Data points per epoch: train = 469612, val = 117404, test = 693
2024-05-22 17:13:21 Steps per epoch: train = 14675, val = 3668, test = 21
2024-05-22 17:13:21 Epoch 0: lr=0.001
2024-05-22 17:14:35 [Epoch: 0] loss: 0.024916, mae: 0.079378, r2: -0.154957, val_loss: 0.008341, val_mae: 0.065508, val_r2: 0.606646
2024-05-22 17:14:35 Epoch 1: lr=0.00082
2024-05-22 17:15:48 [Epoch: 1] loss: 0.007984, mae: 0.063871, r2: 0.621063, val_loss: 0.007611, val_mae: 0.061805, val_r2: 0.638338
2024-05-22 17:15:48 Epoch 2: lr=0.00064
2024-05-22 17:17:01 [Epoch: 2] loss: 0.007323, mae: 0.060876, r2: 0.651212, val_loss: 0.007207, val_mae: 0.060372, val_r2: 0.653159
2024-05-22 17:17:01 Epoch 3: lr=0.00046
2024-05-22 17:18:14 [Epoch: 3] loss: 0.006857, mae: 0.058765, r2: 0.673174, val_loss: 0.006892, val_mae: 0.059986, val_r2: 0.673077
2024-05-22 17:18:14 Epoch 4: lr=0.00028
2024-05-22 17:19:26 [Epoch: 4] loss: 0.006454, mae: 0.056932, r2: 0.691847, val_loss: 0.006522, val_mae: 0.057029, val_r2: 0.689016
2024-05-22 17:19:26 Epoch 5: lr=0.0001
2024-05-22 17:20:39 [Epoch: 5] loss: 0.006121, mae: 0.055368, r2: 0.706779, val_loss: 0.006365, val_mae: 0.056184, val_r2: 0.695197
2024-05-22 17:20:39 Epoch 6: lr=0.0001
2024-05-22 17:21:52 [Epoch: 6] loss: 0.006007, mae: 0.054858, r2: 0.712127, val_loss: 0.006358, val_mae: 0.056328, val_r2: 0.694486
2024-05-22 17:21:52 Epoch 7: lr=0.0001
2024-05-22 17:23:05 [Epoch: 7] loss: 0.005921, mae: 0.054475, r2: 0.716353, val_loss: 0.006278, val_mae: 0.055736, val_r2: 0.698979
2024-05-22 17:23:05 Epoch 8: lr=0.0001
2024-05-22 17:24:18 [Epoch: 8] loss: 0.005859, mae: 0.054201, r2: 0.719074, val_loss: 0.006303, val_mae: 0.056901, val_r2: 0.697589
2024-05-22 17:24:18 Epoch 9: lr=0.0001
2024-05-22 17:25:31 [Epoch: 9] loss: 0.005792, mae: 0.053893, r2: 0.722227, val_loss: 0.006245, val_mae: 0.055600, val_r2: 0.700253
2024-05-22 17:25:31 Epoch 10: lr=0.0001
2024-05-22 17:26:44 [Epoch: 10] loss: 0.005739, mae: 0.053632, r2: 0.724762, val_loss: 0.006225, val_mae: 0.055348, val_r2: 0.702982
2024-05-22 17:26:44 Epoch 11: lr=0.0001
2024-05-22 17:27:57 [Epoch: 11] loss: 0.005672, mae: 0.053329, r2: 0.727781, val_loss: 0.006203, val_mae: 0.054905, val_r2: 0.702228
2024-05-22 17:27:57 Epoch 12: lr=0.0001
2024-05-22 17:29:10 [Epoch: 12] loss: 0.005611, mae: 0.053056, r2: 0.730807, val_loss: 0.006144, val_mae: 0.054849, val_r2: 0.705629
2024-05-22 17:29:10 Epoch 13: lr=0.0001
2024-05-22 17:30:22 [Epoch: 13] loss: 0.005552, mae: 0.052812, r2: 0.733333, val_loss: 0.006158, val_mae: 0.054908, val_r2: 0.704000
2024-05-22 17:30:22 Epoch 14: lr=0.0001
2024-05-22 17:31:35 [Epoch: 14] loss: 0.005492, mae: 0.052515, r2: 0.736144, val_loss: 0.006125, val_mae: 0.054900, val_r2: 0.707882
2024-05-22 17:31:35 Epoch 15: lr=0.0001
2024-05-22 17:32:48 [Epoch: 15] loss: 0.005449, mae: 0.052296, r2: 0.738405, val_loss: 0.006118, val_mae: 0.055324, val_r2: 0.707613
2024-05-22 17:32:48 Epoch 16: lr=0.0001
2024-05-22 17:34:01 [Epoch: 16] loss: 0.005402, mae: 0.052117, r2: 0.740506, val_loss: 0.006128, val_mae: 0.054617, val_r2: 0.705274
2024-05-22 17:34:01 Epoch 17: lr=0.0001
2024-05-22 17:35:13 [Epoch: 17] loss: 0.005351, mae: 0.051871, r2: 0.742905, val_loss: 0.006044, val_mae: 0.054494, val_r2: 0.711316
2024-05-22 17:35:14 Epoch 18: lr=0.0001
2024-05-22 17:36:26 [Epoch: 18] loss: 0.005301, mae: 0.051643, r2: 0.745172, val_loss: 0.006083, val_mae: 0.055100, val_r2: 0.708178
2024-05-22 17:36:27 Epoch 19: lr=0.0001
2024-05-22 17:37:39 [Epoch: 19] loss: 0.005252, mae: 0.051418, r2: 0.747590, val_loss: 0.006069, val_mae: 0.054673, val_r2: 0.709077
2024-05-22 17:37:40 Epoch 20: lr=0.0001
2024-05-22 17:38:52 [Epoch: 20] loss: 0.005217, mae: 0.051232, r2: 0.749094, val_loss: 0.006024, val_mae: 0.054576, val_r2: 0.711441
2024-05-22 17:38:52 Epoch 21: lr=0.0001
2024-05-22 17:40:05 [Epoch: 21] loss: 0.005155, mae: 0.050941, r2: 0.752089, val_loss: 0.006049, val_mae: 0.054435, val_r2: 0.709542
2024-05-22 17:40:05 Epoch 22: lr=0.0001
2024-05-22 17:41:18 [Epoch: 22] loss: 0.005130, mae: 0.050844, r2: 0.753148, val_loss: 0.006047, val_mae: 0.054411, val_r2: 0.708415
2024-05-22 17:41:18 Epoch 23: lr=5e-05
2024-05-22 17:42:31 [Epoch: 23] loss: 0.005009, mae: 0.050225, r2: 0.758943, val_loss: 0.006014, val_mae: 0.054181, val_r2: 0.711631
2024-05-22 17:42:31 Epoch 24: lr=5e-05
2024-05-22 17:43:44 [Epoch: 24] loss: 0.004972, mae: 0.050055, r2: 0.760544, val_loss: 0.006013, val_mae: 0.054003, val_r2: 0.712193
2024-05-22 17:43:44 Epoch 25: lr=5e-05
2024-05-22 17:44:57 [Epoch: 25] loss: 0.004942, mae: 0.049930, r2: 0.761917, val_loss: 0.006001, val_mae: 0.054469, val_r2: 0.712163
2024-05-22 17:44:57 Epoch 26: lr=5e-05
2024-05-22 17:46:09 [Epoch: 26] loss: 0.004916, mae: 0.049822, r2: 0.763220, val_loss: 0.006018, val_mae: 0.054086, val_r2: 0.712259
2024-05-22 17:46:09 Epoch 27: lr=5e-05
2024-05-22 17:47:22 [Epoch: 27] loss: 0.004892, mae: 0.049679, r2: 0.764135, val_loss: 0.005991, val_mae: 0.054470, val_r2: 0.713416
2024-05-22 17:47:22 Epoch 28: lr=2.5e-05
2024-05-22 17:48:35 [Epoch: 28] loss: 0.004832, mae: 0.049417, r2: 0.767096, val_loss: 0.005987, val_mae: 0.053931, val_r2: 0.713052
2024-05-22 17:48:35 Epoch 29: lr=2.5e-05
2024-05-22 17:49:48 [Epoch: 29] loss: 0.004814, mae: 0.049281, r2: 0.768016, val_loss: 0.006004, val_mae: 0.054238, val_r2: 0.711523
2024-05-22 17:49:48 Epoch 30: lr=2.5e-05
2024-05-22 17:51:00 [Epoch: 30] loss: 0.004796, mae: 0.049208, r2: 0.768650, val_loss: 0.006000, val_mae: 0.053994, val_r2: 0.712570
2024-05-22 17:51:00 Epoch 31: lr=2.5e-05
2024-05-22 17:52:13 [Epoch: 31] loss: 0.004791, mae: 0.049191, r2: 0.768958, val_loss: 0.005988, val_mae: 0.053946, val_r2: 0.713627
2024-05-22 17:52:13 Epoch 32: lr=2.5e-05
2024-05-22 17:53:26 [Epoch: 32] loss: 0.004753, mae: 0.049011, r2: 0.770584, val_loss: 0.005982, val_mae: 0.053902, val_r2: 0.713565
2024-05-22 17:53:26 Epoch 33: lr=1.25e-05
2024-05-22 17:54:39 [Epoch: 33] loss: 0.004755, mae: 0.049005, r2: 0.770597, val_loss: 0.005990, val_mae: 0.053978, val_r2: 0.713351
2024-05-22 17:54:39 Epoch 34: lr=1.25e-05
2024-05-22 17:55:52 [Epoch: 34] loss: 0.004730, mae: 0.048871, r2: 0.772059, val_loss: 0.005979, val_mae: 0.053849, val_r2: 0.713640
2024-05-22 17:55:52 Epoch 35: lr=1.25e-05
2024-05-22 17:57:05 [Epoch: 35] loss: 0.004727, mae: 0.048829, r2: 0.771915, val_loss: 0.006015, val_mae: 0.054007, val_r2: 0.711543
2024-05-22 17:57:05 Epoch 36: lr=1.25e-05
2024-05-22 17:58:18 [Epoch: 36] loss: 0.004712, mae: 0.048799, r2: 0.772663, val_loss: 0.006003, val_mae: 0.053914, val_r2: 0.711758
2024-05-22 17:58:18 Epoch 37: lr=1.25e-05
2024-05-22 17:59:30 [Epoch: 37] loss: 0.004710, mae: 0.048836, r2: 0.772823, val_loss: 0.006005, val_mae: 0.054006, val_r2: 0.712057
2024-05-22 17:59:31 Epoch 38: lr=1e-05
2024-05-22 18:00:43 [Epoch: 38] loss: 0.004700, mae: 0.048720, r2: 0.772982, val_loss: 0.005988, val_mae: 0.053894, val_r2: 0.713007
2024-05-22 18:00:43 Epoch 39: lr=1e-05
2024-05-22 18:01:56 [Epoch: 39] loss: 0.004696, mae: 0.048716, r2: 0.773525, val_loss: 0.005996, val_mae: 0.053999, val_r2: 0.711984
2024-05-22 18:01:56 Epoch 40: lr=1e-05
2024-05-22 18:03:09 [Epoch: 40] loss: 0.004684, mae: 0.048671, r2: 0.773936, val_loss: 0.005989, val_mae: 0.053803, val_r2: 0.712492
2024-05-22 18:03:09 Epoch 41: lr=1e-05
2024-05-22 18:04:21 [Epoch: 41] loss: 0.004686, mae: 0.048685, r2: 0.773681, val_loss: 0.005992, val_mae: 0.053841, val_r2: 0.712654
2024-05-22 18:04:22 Epoch 42: lr=1e-05
2024-05-22 18:05:34 [Epoch: 42] loss: 0.004681, mae: 0.048596, r2: 0.774184, val_loss: 0.005982, val_mae: 0.053757, val_r2: 0.713330
2024-05-22 18:05:34 Epoch 43: lr=1e-05
2024-05-22 18:06:46 [Epoch: 43] loss: 0.004689, mae: 0.048654, r2: 0.773829, val_loss: 0.005971, val_mae: 0.053868, val_r2: 0.714153
2024-05-22 18:06:46 Epoch 44: lr=1e-05
2024-05-22 18:07:59 [Epoch: 44] loss: 0.004673, mae: 0.048604, r2: 0.774496, val_loss: 0.005983, val_mae: 0.053874, val_r2: 0.713508
2024-05-22 18:07:59 Epoch 45: lr=1e-05
2024-05-22 18:09:11 [Epoch: 45] loss: 0.004672, mae: 0.048612, r2: 0.774478, val_loss: 0.006009, val_mae: 0.053890, val_r2: 0.712224
2024-05-22 18:09:11 Epoch 46: lr=1e-05
2024-05-22 18:10:24 [Epoch: 46] loss: 0.004653, mae: 0.048516, r2: 0.775389, val_loss: 0.006011, val_mae: 0.053964, val_r2: 0.712492
2024-05-22 18:10:24 Epoch 47: lr=1e-05
2024-05-22 18:11:36 [Epoch: 47] loss: 0.004660, mae: 0.048498, r2: 0.775112, val_loss: 0.006029, val_mae: 0.054049, val_r2: 0.710442
2024-05-22 18:11:36 Epoch 48: lr=1e-05
2024-05-22 18:12:49 [Epoch: 48] loss: 0.004653, mae: 0.048506, r2: 0.775334, val_loss: 0.006014, val_mae: 0.053969, val_r2: 0.711989
2024-05-22 18:12:49 Epoch 49: lr=1e-05
2024-05-22 18:14:01 [Epoch: 49] loss: 0.004648, mae: 0.048485, r2: 0.775712, val_loss: 0.005974, val_mae: 0.053758, val_r2: 0.714206
2024-05-22 18:14:01 history_length: 50
2024-05-22 18:14:01 stopping: complete
2024-05-22 18:14:01 Comparing y_true and y_pred:
2024-05-22 18:14:01   mse: 0.00292699
2024-05-22 18:14:01   mae: 0.04286638
2024-05-22 18:14:01   r2: -0.11676734
2024-05-22 18:14:01   corr: 0.40854808
