2024-05-09 11:42:30 UNO RUN ...
2024-05-09 11:42:30 Params: {'model_name': 'uno', 'train_sources': ['CCLE'], 'test_sources': ['train'], 'cell_types': None, 'cell_features': ['rnaseq'], 'drug_features': ['descriptors'], 'dense': [1000, 1000, 1000, 1000, 1000], 'dense_feature_layers': [1000, 1000, 1000], 'activation': 'relu', 'loss': 'mse', 'optimizer': 'adamax', 'scaling': 'std', 'dropout': 0.1, 'epochs': 30, 'batch_size': 32, 'val_split': 0.2, 'cv': 1, 'max_val_loss': 1.0, 'learning_rate': 0.0001, 'base_lr': None, 'agg_dose': 'AUC', 'residual': False, 'reduce_lr': True, 'warmup_lr': True, 'batch_normalization': False, 'feature_subsample': 0, 'rng_seed': 2018, 'no_gen': False, 'verbose': False, 'preprocess_rnaseq': 'source_scale', 'gpus': [0], 'use_landmark_genes': True, 'no_feature_source': True, 'no_response_source': True, 'save_path': '/dev/shm/Uno/save/8996461.amn-0001/112', 'single': True, 'on_memory_loader': True, 'ckpt_checksum': True, 'ckpt_save_interval': 0, 'timeout': -1, 'train_bool': True, 'profiling': False, 'experiment_id': '8996461.amn-0001', 'run_id': '112', 'logfile': '/dev/shm/Uno/save/8996461.amn-0001/112/python.log', 'shuffle': False, 'ckpt_restart_mode': 'off', 'ckpt_skip_epochs': 0, 'ckpt_directory': '/dev/shm/Uno/save/8996461.amn-0001/112', 'ckpt_save_best': True, 'ckpt_save_best_metric': 'val_loss', 'ckpt_save_weights_only': False, 'ckpt_keep_mode': 'linear', 'ckpt_keep_limit': 5, 'by_cell': None, 'by_drug': None, 'cell_subset_path': '', 'drug_subset_path': '', 'drug_median_response_min': -1, 'drug_median_response_max': 1, 'dense_cell_feature_layers': None, 'dense_drug_feature_layers': None, 'use_filtered_genes': False, 'feature_subset_path': '', 'cell_feature_subset_path': '', 'drug_feature_subset_path': '', 'es': True, 'cp': False, 'tb': False, 'tb_prefix': 'tb', 'partition_by': None, 'cache': None, 'export_csv': None, 'export_data': None, 'use_exported_data': '/dev/shm/Uno/x1921c1s7b0n0.112.merged.landmark.h5', 'growth_bins': 0, 'initial_weights': None, 'save_weights': '/dev/shm/Uno/save/8996461.amn-0001/112/2.0.model.h5', 'config_file': '/home/brettin/CSC249ADOA01_CNDA/brettin/Benchmarks/Pilot1/Uno/uno_auc_model.txt', 'data_type': <class 'numpy.float32'>, 'data_dir': '/dev/shm/Uno/uno/Data', 'output_dir': '/dev/shm/Uno/uno/Output/8996461.amn-0001/112'}
2024-05-09 11:42:30 Feature encoding submodel for cell.rnaseq:
2024-05-09 11:42:30 Model: "cell.rnaseq"
2024-05-09 11:42:30 _________________________________________________________________
2024-05-09 11:42:30  Layer (type)                Output Shape              Param #   
2024-05-09 11:42:30 =================================================================
2024-05-09 11:42:30  input_1 (InputLayer)        [(None, 958)]             0         
2024-05-09 11:42:30                                                                  
2024-05-09 11:42:30  dense (Dense)               (None, 1000)              959000    
2024-05-09 11:42:30                                                                  
2024-05-09 11:42:30  permanent_dropout (Permane  (None, 1000)              0         
2024-05-09 11:42:30  ntDropout)                                                      
2024-05-09 11:42:30                                                                  
2024-05-09 11:42:30  dense_1 (Dense)             (None, 1000)              1001000   
2024-05-09 11:42:30                                                                  
2024-05-09 11:42:30  permanent_dropout_1 (Perma  (None, 1000)              0         
2024-05-09 11:42:30  nentDropout)                                                    
2024-05-09 11:42:30                                                                  
2024-05-09 11:42:30  dense_2 (Dense)             (None, 1000)              1001000   
2024-05-09 11:42:30                                                                  
2024-05-09 11:42:30  permanent_dropout_2 (Perma  (None, 1000)              0         
2024-05-09 11:42:30  nentDropout)                                                    
2024-05-09 11:42:30                                                                  
2024-05-09 11:42:30 =================================================================
2024-05-09 11:42:30 Total params: 2961000 (11.30 MB)
2024-05-09 11:42:30 Trainable params: 2961000 (11.30 MB)
2024-05-09 11:42:30 Non-trainable params: 0 (0.00 Byte)
2024-05-09 11:42:30 _________________________________________________________________
2024-05-09 11:42:30 Feature encoding submodel for drug.descriptors:
2024-05-09 11:42:30 Model: "drug.descriptors"
2024-05-09 11:42:30 _________________________________________________________________
2024-05-09 11:42:30  Layer (type)                Output Shape              Param #   
2024-05-09 11:42:30 =================================================================
2024-05-09 11:42:30  input_2 (InputLayer)        [(None, 1613)]            0         
2024-05-09 11:42:30                                                                  
2024-05-09 11:42:30  dense_3 (Dense)             (None, 1000)              1614000   
2024-05-09 11:42:30                                                                  
2024-05-09 11:42:30  permanent_dropout_3 (Perma  (None, 1000)              0         
2024-05-09 11:42:30  nentDropout)                                                    
2024-05-09 11:42:30                                                                  
2024-05-09 11:42:30  dense_4 (Dense)             (None, 1000)              1001000   
2024-05-09 11:42:30                                                                  
2024-05-09 11:42:30  permanent_dropout_4 (Perma  (None, 1000)              0         
2024-05-09 11:42:30  nentDropout)                                                    
2024-05-09 11:42:30                                                                  
2024-05-09 11:42:30  dense_5 (Dense)             (None, 1000)              1001000   
2024-05-09 11:42:30                                                                  
2024-05-09 11:42:30  permanent_dropout_5 (Perma  (None, 1000)              0         
2024-05-09 11:42:30  nentDropout)                                                    
2024-05-09 11:42:30                                                                  
2024-05-09 11:42:30 =================================================================
2024-05-09 11:42:30 Total params: 3616000 (13.79 MB)
2024-05-09 11:42:30 Trainable params: 3616000 (13.79 MB)
2024-05-09 11:42:30 Non-trainable params: 0 (0.00 Byte)
2024-05-09 11:42:30 _________________________________________________________________
2024-05-09 11:42:31 Combined model:
2024-05-09 11:42:31 Model: "model"
2024-05-09 11:42:31 __________________________________________________________________________________________________
2024-05-09 11:42:31  Layer (type)                Output Shape                 Param #   Connected to                  
2024-05-09 11:42:31 ==================================================================================================
2024-05-09 11:42:31  input.cell.rnaseq (InputLa  [(None, 958)]                0         []                            
2024-05-09 11:42:31  yer)                                                                                             
2024-05-09 11:42:31                                                                                                   
2024-05-09 11:42:31  input.drug1.descriptors (I  [(None, 1613)]               0         []                            
2024-05-09 11:42:31  nputLayer)                                                                                       
2024-05-09 11:42:31                                                                                                   
2024-05-09 11:42:31  cell.rnaseq (Functional)    (None, 1000)                 2961000   ['input.cell.rnaseq[0][0]']   
2024-05-09 11:42:31                                                                                                   
2024-05-09 11:42:31  drug.descriptors (Function  (None, 1000)                 3616000   ['input.drug1.descriptors[0][0
2024-05-09 11:42:31  al)                                                                ]']                           
2024-05-09 11:42:31                                                                                                   
2024-05-09 11:42:31  concatenate (Concatenate)   (None, 2000)                 0         ['cell.rnaseq[0][0]',         
2024-05-09 11:42:31                                                                      'drug.descriptors[0][0]']    
2024-05-09 11:42:31                                                                                                   
2024-05-09 11:42:31  dense_6 (Dense)             (None, 1000)                 2001000   ['concatenate[0][0]']         
2024-05-09 11:42:31                                                                                                   
2024-05-09 11:42:31  permanent_dropout_6 (Perma  (None, 1000)                 0         ['dense_6[0][0]']             
2024-05-09 11:42:31  nentDropout)                                                                                     
2024-05-09 11:42:31                                                                                                   
2024-05-09 11:42:31  dense_7 (Dense)             (None, 1000)                 1001000   ['permanent_dropout_6[0][0]'] 
2024-05-09 11:42:31                                                                                                   
2024-05-09 11:42:31  permanent_dropout_7 (Perma  (None, 1000)                 0         ['dense_7[0][0]']             
2024-05-09 11:42:31  nentDropout)                                                                                     
2024-05-09 11:42:31                                                                                                   
2024-05-09 11:42:31  dense_8 (Dense)             (None, 1000)                 1001000   ['permanent_dropout_7[0][0]'] 
2024-05-09 11:42:31                                                                                                   
2024-05-09 11:42:31  permanent_dropout_8 (Perma  (None, 1000)                 0         ['dense_8[0][0]']             
2024-05-09 11:42:31  nentDropout)                                                                                     
2024-05-09 11:42:31                                                                                                   
2024-05-09 11:42:31  dense_9 (Dense)             (None, 1000)                 1001000   ['permanent_dropout_8[0][0]'] 
2024-05-09 11:42:31                                                                                                   
2024-05-09 11:42:31  permanent_dropout_9 (Perma  (None, 1000)                 0         ['dense_9[0][0]']             
2024-05-09 11:42:31  nentDropout)                                                                                     
2024-05-09 11:42:31                                                                                                   
2024-05-09 11:42:31  dense_10 (Dense)            (None, 1000)                 1001000   ['permanent_dropout_9[0][0]'] 
2024-05-09 11:42:31                                                                                                   
2024-05-09 11:42:31  permanent_dropout_10 (Perm  (None, 1000)                 0         ['dense_10[0][0]']            
2024-05-09 11:42:31  anentDropout)                                                                                    
2024-05-09 11:42:31                                                                                                   
2024-05-09 11:42:31  dense_11 (Dense)            (None, 1)                    1001      ['permanent_dropout_10[0][0]']
2024-05-09 11:42:31                                                                                                   
2024-05-09 11:42:31 ==================================================================================================
2024-05-09 11:42:31 Total params: 12583001 (48.00 MB)
2024-05-09 11:42:31 Trainable params: 12583001 (48.00 MB)
2024-05-09 11:42:31 Non-trainable params: 0 (0.00 Byte)
2024-05-09 11:42:31 __________________________________________________________________________________________________
2024-05-09 11:42:31 CKPT CONSTRUCT...
2024-05-09 11:42:31 CKPT CONSTRUCT OK.
2024-05-09 11:42:31 template model: <keras.src.engine.functional.Functional object at 0x14d7980f1fa0>
2024-05-09 11:42:32 COMPILE
2024-05-09 11:42:32 Will save weights to: /dev/shm/Uno/save/8996461.amn-0001/112/2.0.model.h5
2024-05-09 11:42:49 Between random pairs in y_val:
2024-05-09 11:42:49   mse: 0.04688687
2024-05-09 11:42:49   mae: 0.15877547
2024-05-09 11:42:49   r2: -1.00228169
2024-05-09 11:42:49   corr: -0.00114085
2024-05-09 11:42:49 Data points per epoch: train = 470167, val = 117542, test = 566
2024-05-09 11:42:49 Steps per epoch: train = 14692, val = 3673, test = 17
2024-05-09 11:42:49 Epoch 0: lr=0.001
2024-05-09 11:44:02 [Epoch: 0] loss: 0.023747, mae: 0.079088, r2: 0.159439, val_loss: 0.009147, val_mae: 0.070075, val_r2: 0.551152
2024-05-09 11:44:03 Epoch 1: lr=0.00082
2024-05-09 11:45:14 [Epoch: 1] loss: 0.007991, mae: 0.063847, r2: 0.622221, val_loss: 0.007685, val_mae: 0.063284, val_r2: 0.633102
2024-05-09 11:45:14 Epoch 2: lr=0.00064
2024-05-09 11:46:26 [Epoch: 2] loss: 0.007316, mae: 0.060774, r2: 0.653295, val_loss: 0.007255, val_mae: 0.059678, val_r2: 0.648003
2024-05-09 11:46:26 Epoch 3: lr=0.00046
2024-05-09 11:47:37 [Epoch: 3] loss: 0.006853, mae: 0.058651, r2: 0.674036, val_loss: 0.006863, val_mae: 0.058765, val_r2: 0.667475
2024-05-09 11:47:38 Epoch 4: lr=0.00028
2024-05-09 11:48:49 [Epoch: 4] loss: 0.006473, mae: 0.056925, r2: 0.691650, val_loss: 0.006588, val_mae: 0.056820, val_r2: 0.680434
2024-05-09 11:48:49 Epoch 5: lr=0.0001
2024-05-09 11:50:01 [Epoch: 5] loss: 0.006135, mae: 0.055366, r2: 0.707353, val_loss: 0.006436, val_mae: 0.056461, val_r2: 0.687690
2024-05-09 11:50:01 Epoch 6: lr=0.0001
2024-05-09 11:51:13 [Epoch: 6] loss: 0.006027, mae: 0.054893, r2: 0.712155, val_loss: 0.006369, val_mae: 0.055968, val_r2: 0.689568
2024-05-09 11:51:13 Epoch 7: lr=0.0001
2024-05-09 11:52:25 [Epoch: 7] loss: 0.005947, mae: 0.054497, r2: 0.715886, val_loss: 0.006355, val_mae: 0.056113, val_r2: 0.691586
2024-05-09 11:52:25 Epoch 8: lr=0.0001
2024-05-09 11:53:37 [Epoch: 8] loss: 0.005879, mae: 0.054235, r2: 0.719004, val_loss: 0.006315, val_mae: 0.055669, val_r2: 0.693457
2024-05-09 11:53:37 Epoch 9: lr=0.0001
2024-05-09 11:54:48 [Epoch: 9] loss: 0.005817, mae: 0.053929, r2: 0.721918, val_loss: 0.006276, val_mae: 0.055676, val_r2: 0.695382
2024-05-09 11:54:49 Epoch 10: lr=0.0001
2024-05-09 11:56:00 [Epoch: 10] loss: 0.005747, mae: 0.053613, r2: 0.725202, val_loss: 0.006257, val_mae: 0.055624, val_r2: 0.694706
2024-05-09 11:56:00 Epoch 11: lr=0.0001
2024-05-09 11:57:12 [Epoch: 11] loss: 0.005688, mae: 0.053346, r2: 0.727797, val_loss: 0.006253, val_mae: 0.055402, val_r2: 0.695927
2024-05-09 11:57:12 Epoch 12: lr=0.0001
2024-05-09 11:58:24 [Epoch: 12] loss: 0.005624, mae: 0.053042, r2: 0.730955, val_loss: 0.006216, val_mae: 0.055644, val_r2: 0.697099
2024-05-09 11:58:24 Epoch 13: lr=0.0001
2024-05-09 11:59:36 [Epoch: 13] loss: 0.005571, mae: 0.052846, r2: 0.733250, val_loss: 0.006227, val_mae: 0.055462, val_r2: 0.698501
2024-05-09 11:59:36 Epoch 14: lr=5e-05
2024-05-09 12:00:48 [Epoch: 14] loss: 0.005446, mae: 0.052295, r2: 0.739115, val_loss: 0.006204, val_mae: 0.054918, val_r2: 0.698181
2024-05-09 12:00:48 Epoch 15: lr=5e-05
2024-05-09 12:02:00 [Epoch: 15] loss: 0.005414, mae: 0.052083, r2: 0.740496, val_loss: 0.006165, val_mae: 0.055063, val_r2: 0.699557
2024-05-09 12:02:00 Epoch 16: lr=5e-05
2024-05-09 12:03:12 [Epoch: 16] loss: 0.005379, mae: 0.051944, r2: 0.742273, val_loss: 0.006219, val_mae: 0.054662, val_r2: 0.696822
2024-05-09 12:03:12 Epoch 17: lr=5e-05
2024-05-09 12:04:24 [Epoch: 17] loss: 0.005340, mae: 0.051765, r2: 0.744230, val_loss: 0.006181, val_mae: 0.054700, val_r2: 0.698767
2024-05-09 12:04:24 Epoch 18: lr=5e-05
2024-05-09 12:05:35 [Epoch: 18] loss: 0.005307, mae: 0.051637, r2: 0.745604, val_loss: 0.006175, val_mae: 0.054870, val_r2: 0.699013
2024-05-09 12:05:36 Epoch 19: lr=5e-05
2024-05-09 12:06:47 [Epoch: 19] loss: 0.005282, mae: 0.051549, r2: 0.746771, val_loss: 0.006150, val_mae: 0.054710, val_r2: 0.700481
2024-05-09 12:06:47 Epoch 20: lr=2.5e-05
2024-05-09 12:07:59 [Epoch: 20] loss: 0.005215, mae: 0.051235, r2: 0.749804, val_loss: 0.006138, val_mae: 0.054690, val_r2: 0.700423
2024-05-09 12:07:59 Epoch 21: lr=2.5e-05
2024-05-09 12:09:11 [Epoch: 21] loss: 0.005207, mae: 0.051123, r2: 0.750284, val_loss: 0.006136, val_mae: 0.054576, val_r2: 0.701595
2024-05-09 12:09:11 Epoch 22: lr=2.5e-05
2024-05-09 12:10:23 [Epoch: 22] loss: 0.005182, mae: 0.051045, r2: 0.751383, val_loss: 0.006160, val_mae: 0.054769, val_r2: 0.699761
2024-05-09 12:10:23 Epoch 23: lr=2.5e-05
2024-05-09 12:11:35 [Epoch: 23] loss: 0.005158, mae: 0.050937, r2: 0.752448, val_loss: 0.006139, val_mae: 0.054715, val_r2: 0.700892
2024-05-09 12:11:35 Epoch 24: lr=2.5e-05
2024-05-09 12:12:47 [Epoch: 24] loss: 0.005153, mae: 0.050873, r2: 0.752684, val_loss: 0.006115, val_mae: 0.054678, val_r2: 0.702220
2024-05-09 12:12:47 Epoch 25: lr=1.25e-05
2024-05-09 12:13:59 [Epoch: 25] loss: 0.005120, mae: 0.050749, r2: 0.754316, val_loss: 0.006155, val_mae: 0.054477, val_r2: 0.699810
2024-05-09 12:13:59 Epoch 26: lr=1.25e-05
2024-05-09 12:15:10 [Epoch: 26] loss: 0.005108, mae: 0.050691, r2: 0.754773, val_loss: 0.006148, val_mae: 0.054698, val_r2: 0.700296
2024-05-09 12:15:11 Epoch 27: lr=1.25e-05
2024-05-09 12:16:22 [Epoch: 27] loss: 0.005112, mae: 0.050708, r2: 0.754674, val_loss: 0.006145, val_mae: 0.054689, val_r2: 0.700825
2024-05-09 12:16:23 Epoch 28: lr=1.25e-05
2024-05-09 12:17:34 [Epoch: 28] loss: 0.005099, mae: 0.050645, r2: 0.755225, val_loss: 0.006154, val_mae: 0.054534, val_r2: 0.700424
2024-05-09 12:17:34 Epoch 29: lr=1.25e-05
2024-05-09 12:18:46 [Epoch: 29] loss: 0.005083, mae: 0.050580, r2: 0.755992, val_loss: 0.006181, val_mae: 0.054616, val_r2: 0.698599
2024-05-09 12:18:47 history_length: 30
2024-05-09 12:18:47 stopping: complete
2024-05-09 12:18:47 Comparing y_true and y_pred:
2024-05-09 12:18:47   mse: 0.00098690
2024-05-09 12:18:47   mae: 0.02278164
2024-05-09 12:18:47   r2: -0.19481025
2024-05-09 12:18:47   corr: 0.10938940
