2024-05-18 17:28:38 UNO RUN ...
2024-05-18 17:28:38 Params: {'model_name': 'uno', 'train_sources': ['CCLE'], 'test_sources': ['train'], 'cell_types': None, 'cell_features': ['rnaseq'], 'drug_features': ['descriptors'], 'dense': [1000, 1000, 1000, 1000, 1000], 'dense_feature_layers': [1000, 1000, 1000], 'activation': 'relu', 'loss': 'mse', 'optimizer': 'adamax', 'scaling': 'std', 'dropout': 0.1, 'epochs': 75, 'batch_size': 32, 'val_split': 0.2, 'cv': 1, 'max_val_loss': 1.0, 'learning_rate': 0.0001, 'base_lr': None, 'agg_dose': 'AUC', 'residual': False, 'reduce_lr': True, 'warmup_lr': True, 'batch_normalization': False, 'feature_subsample': 0, 'rng_seed': 2018, 'no_gen': False, 'verbose': False, 'preprocess_rnaseq': 'source_scale', 'gpus': [0], 'use_landmark_genes': True, 'no_feature_source': True, 'no_response_source': True, 'save_path': '/dev/shm/Uno/save/8999189.amn-0001/17', 'single': True, 'on_memory_loader': True, 'ckpt_checksum': True, 'ckpt_save_interval': 0, 'timeout': -1, 'train_bool': True, 'profiling': False, 'experiment_id': '8999189.amn-0001', 'run_id': '17', 'logfile': '/dev/shm/Uno/save/8999189.amn-0001/17/python.log', 'shuffle': False, 'ckpt_restart_mode': 'off', 'ckpt_skip_epochs': 0, 'ckpt_directory': '/dev/shm/Uno/save/8999189.amn-0001/17', 'ckpt_save_best': True, 'ckpt_save_best_metric': 'val_loss', 'ckpt_save_weights_only': False, 'ckpt_keep_mode': 'linear', 'ckpt_keep_limit': 5, 'by_cell': None, 'by_drug': None, 'cell_subset_path': '', 'drug_subset_path': '', 'drug_median_response_min': -1, 'drug_median_response_max': 1, 'dense_cell_feature_layers': None, 'dense_drug_feature_layers': None, 'use_filtered_genes': False, 'feature_subset_path': '', 'cell_feature_subset_path': '', 'drug_feature_subset_path': '', 'es': True, 'cp': False, 'tb': False, 'tb_prefix': 'tb', 'partition_by': None, 'cache': None, 'export_csv': None, 'export_data': None, 'use_exported_data': '/dev/shm/Uno/x1922c2s5b0n0.17.merged.landmark.h5', 'growth_bins': 0, 'initial_weights': None, 'save_weights': '/dev/shm/Uno/save/8999189.amn-0001/17/2.1.model.h5', 'config_file': '/home/brettin/CSC249ADOA01_CNDA/brettin/Benchmarks/Pilot1/Uno/uno_auc_model.txt', 'data_type': <class 'numpy.float32'>, 'data_dir': '/dev/shm/Uno/uno/Data', 'output_dir': '/dev/shm/Uno/uno/Output/8999189.amn-0001/17'}
2024-05-18 17:28:38 Feature encoding submodel for cell.rnaseq:
2024-05-18 17:28:38 Model: "cell.rnaseq"
2024-05-18 17:28:38 _________________________________________________________________
2024-05-18 17:28:38  Layer (type)                Output Shape              Param #   
2024-05-18 17:28:38 =================================================================
2024-05-18 17:28:38  input_1 (InputLayer)        [(None, 958)]             0         
2024-05-18 17:28:38                                                                  
2024-05-18 17:28:38  dense (Dense)               (None, 1000)              959000    
2024-05-18 17:28:38                                                                  
2024-05-18 17:28:38  permanent_dropout (Permane  (None, 1000)              0         
2024-05-18 17:28:38  ntDropout)                                                      
2024-05-18 17:28:38                                                                  
2024-05-18 17:28:38  dense_1 (Dense)             (None, 1000)              1001000   
2024-05-18 17:28:38                                                                  
2024-05-18 17:28:38  permanent_dropout_1 (Perma  (None, 1000)              0         
2024-05-18 17:28:38  nentDropout)                                                    
2024-05-18 17:28:38                                                                  
2024-05-18 17:28:38  dense_2 (Dense)             (None, 1000)              1001000   
2024-05-18 17:28:38                                                                  
2024-05-18 17:28:38  permanent_dropout_2 (Perma  (None, 1000)              0         
2024-05-18 17:28:38  nentDropout)                                                    
2024-05-18 17:28:38                                                                  
2024-05-18 17:28:38 =================================================================
2024-05-18 17:28:38 Total params: 2961000 (11.30 MB)
2024-05-18 17:28:38 Trainable params: 2961000 (11.30 MB)
2024-05-18 17:28:38 Non-trainable params: 0 (0.00 Byte)
2024-05-18 17:28:38 _________________________________________________________________
2024-05-18 17:28:38 Feature encoding submodel for drug.descriptors:
2024-05-18 17:28:38 Model: "drug.descriptors"
2024-05-18 17:28:38 _________________________________________________________________
2024-05-18 17:28:38  Layer (type)                Output Shape              Param #   
2024-05-18 17:28:38 =================================================================
2024-05-18 17:28:38  input_2 (InputLayer)        [(None, 1613)]            0         
2024-05-18 17:28:38                                                                  
2024-05-18 17:28:38  dense_3 (Dense)             (None, 1000)              1614000   
2024-05-18 17:28:38                                                                  
2024-05-18 17:28:38  permanent_dropout_3 (Perma  (None, 1000)              0         
2024-05-18 17:28:38  nentDropout)                                                    
2024-05-18 17:28:38                                                                  
2024-05-18 17:28:38  dense_4 (Dense)             (None, 1000)              1001000   
2024-05-18 17:28:38                                                                  
2024-05-18 17:28:38  permanent_dropout_4 (Perma  (None, 1000)              0         
2024-05-18 17:28:38  nentDropout)                                                    
2024-05-18 17:28:38                                                                  
2024-05-18 17:28:38  dense_5 (Dense)             (None, 1000)              1001000   
2024-05-18 17:28:38                                                                  
2024-05-18 17:28:38  permanent_dropout_5 (Perma  (None, 1000)              0         
2024-05-18 17:28:38  nentDropout)                                                    
2024-05-18 17:28:38                                                                  
2024-05-18 17:28:38 =================================================================
2024-05-18 17:28:38 Total params: 3616000 (13.79 MB)
2024-05-18 17:28:38 Trainable params: 3616000 (13.79 MB)
2024-05-18 17:28:38 Non-trainable params: 0 (0.00 Byte)
2024-05-18 17:28:38 _________________________________________________________________
2024-05-18 17:28:38 Combined model:
2024-05-18 17:28:38 Model: "model"
2024-05-18 17:28:38 __________________________________________________________________________________________________
2024-05-18 17:28:38  Layer (type)                Output Shape                 Param #   Connected to                  
2024-05-18 17:28:38 ==================================================================================================
2024-05-18 17:28:38  input.cell.rnaseq (InputLa  [(None, 958)]                0         []                            
2024-05-18 17:28:38  yer)                                                                                             
2024-05-18 17:28:38                                                                                                   
2024-05-18 17:28:38  input.drug1.descriptors (I  [(None, 1613)]               0         []                            
2024-05-18 17:28:38  nputLayer)                                                                                       
2024-05-18 17:28:38                                                                                                   
2024-05-18 17:28:38  cell.rnaseq (Functional)    (None, 1000)                 2961000   ['input.cell.rnaseq[0][0]']   
2024-05-18 17:28:38                                                                                                   
2024-05-18 17:28:38  drug.descriptors (Function  (None, 1000)                 3616000   ['input.drug1.descriptors[0][0
2024-05-18 17:28:38  al)                                                                ]']                           
2024-05-18 17:28:38                                                                                                   
2024-05-18 17:28:38  concatenate (Concatenate)   (None, 2000)                 0         ['cell.rnaseq[0][0]',         
2024-05-18 17:28:38                                                                      'drug.descriptors[0][0]']    
2024-05-18 17:28:38                                                                                                   
2024-05-18 17:28:38  dense_6 (Dense)             (None, 1000)                 2001000   ['concatenate[0][0]']         
2024-05-18 17:28:38                                                                                                   
2024-05-18 17:28:38  permanent_dropout_6 (Perma  (None, 1000)                 0         ['dense_6[0][0]']             
2024-05-18 17:28:38  nentDropout)                                                                                     
2024-05-18 17:28:38                                                                                                   
2024-05-18 17:28:38  dense_7 (Dense)             (None, 1000)                 1001000   ['permanent_dropout_6[0][0]'] 
2024-05-18 17:28:38                                                                                                   
2024-05-18 17:28:38  permanent_dropout_7 (Perma  (None, 1000)                 0         ['dense_7[0][0]']             
2024-05-18 17:28:38  nentDropout)                                                                                     
2024-05-18 17:28:38                                                                                                   
2024-05-18 17:28:38  dense_8 (Dense)             (None, 1000)                 1001000   ['permanent_dropout_7[0][0]'] 
2024-05-18 17:28:38                                                                                                   
2024-05-18 17:28:38  permanent_dropout_8 (Perma  (None, 1000)                 0         ['dense_8[0][0]']             
2024-05-18 17:28:38  nentDropout)                                                                                     
2024-05-18 17:28:38                                                                                                   
2024-05-18 17:28:38  dense_9 (Dense)             (None, 1000)                 1001000   ['permanent_dropout_8[0][0]'] 
2024-05-18 17:28:38                                                                                                   
2024-05-18 17:28:38  permanent_dropout_9 (Perma  (None, 1000)                 0         ['dense_9[0][0]']             
2024-05-18 17:28:38  nentDropout)                                                                                     
2024-05-18 17:28:38                                                                                                   
2024-05-18 17:28:38  dense_10 (Dense)            (None, 1000)                 1001000   ['permanent_dropout_9[0][0]'] 
2024-05-18 17:28:38                                                                                                   
2024-05-18 17:28:38  permanent_dropout_10 (Perm  (None, 1000)                 0         ['dense_10[0][0]']            
2024-05-18 17:28:38  anentDropout)                                                                                    
2024-05-18 17:28:38                                                                                                   
2024-05-18 17:28:38  dense_11 (Dense)            (None, 1)                    1001      ['permanent_dropout_10[0][0]']
2024-05-18 17:28:38                                                                                                   
2024-05-18 17:28:38 ==================================================================================================
2024-05-18 17:28:38 Total params: 12583001 (48.00 MB)
2024-05-18 17:28:38 Trainable params: 12583001 (48.00 MB)
2024-05-18 17:28:38 Non-trainable params: 0 (0.00 Byte)
2024-05-18 17:28:38 __________________________________________________________________________________________________
2024-05-18 17:28:38 CKPT CONSTRUCT...
2024-05-18 17:28:38 CKPT CONSTRUCT OK.
2024-05-18 17:28:38 template model: <keras.src.engine.functional.Functional object at 0x154c6bbd2ca0>
2024-05-18 17:28:40 COMPILE
2024-05-18 17:28:40 Will save weights to: /dev/shm/Uno/save/8999189.amn-0001/17/2.1.model.h5
2024-05-18 17:28:57 Between random pairs in y_val:
2024-05-18 17:28:57   mse: 0.04766069
2024-05-18 17:28:57   mae: 0.16007312
2024-05-18 17:28:57   r2: -0.99664139
2024-05-18 17:28:57   corr: 0.00167930
2024-05-18 17:28:57 Data points per epoch: train = 469180, val = 117296, test = 1233
2024-05-18 17:28:57 Steps per epoch: train = 14661, val = 3665, test = 38
2024-05-18 17:28:57 Epoch 0: lr=0.001
2024-05-18 17:30:11 [Epoch: 0] loss: 0.024013, mae: 0.078540, r2: -0.516787, val_loss: 0.008582, val_mae: 0.065717, val_r2: 0.589649
2024-05-18 17:30:11 Epoch 1: lr=0.00082
2024-05-18 17:31:23 [Epoch: 1] loss: 0.007943, mae: 0.063741, r2: 0.623513, val_loss: 0.007705, val_mae: 0.061418, val_r2: 0.640157
2024-05-18 17:31:23 Epoch 2: lr=0.00064
2024-05-18 17:32:36 [Epoch: 2] loss: 0.007279, mae: 0.060649, r2: 0.653882, val_loss: 0.007345, val_mae: 0.062645, val_r2: 0.650913
2024-05-18 17:32:36 Epoch 3: lr=0.00046
2024-05-18 17:33:49 [Epoch: 3] loss: 0.006811, mae: 0.058541, r2: 0.675119, val_loss: 0.006856, val_mae: 0.058622, val_r2: 0.676445
2024-05-18 17:33:49 Epoch 4: lr=0.00028
2024-05-18 17:35:02 [Epoch: 4] loss: 0.006407, mae: 0.056646, r2: 0.693577, val_loss: 0.006619, val_mae: 0.057448, val_r2: 0.687501
2024-05-18 17:35:02 Epoch 5: lr=0.0001
2024-05-18 17:36:15 [Epoch: 5] loss: 0.006070, mae: 0.055075, r2: 0.709163, val_loss: 0.006446, val_mae: 0.055955, val_r2: 0.694125
2024-05-18 17:36:15 Epoch 6: lr=0.0001
2024-05-18 17:37:28 [Epoch: 6] loss: 0.005959, mae: 0.054567, r2: 0.714433, val_loss: 0.006400, val_mae: 0.056333, val_r2: 0.696139
2024-05-18 17:37:28 Epoch 7: lr=0.0001
2024-05-18 17:38:40 [Epoch: 7] loss: 0.005882, mae: 0.054264, r2: 0.717816, val_loss: 0.006374, val_mae: 0.056325, val_r2: 0.696393
2024-05-18 17:38:40 Epoch 8: lr=0.0001
2024-05-18 17:39:53 [Epoch: 8] loss: 0.005812, mae: 0.053898, r2: 0.721127, val_loss: 0.006326, val_mae: 0.055552, val_r2: 0.699556
2024-05-18 17:39:53 Epoch 9: lr=0.0001
2024-05-18 17:41:06 [Epoch: 9] loss: 0.005755, mae: 0.053688, r2: 0.723877, val_loss: 0.006295, val_mae: 0.055390, val_r2: 0.700192
2024-05-18 17:41:06 Epoch 10: lr=0.0001
2024-05-18 17:42:18 [Epoch: 10] loss: 0.005691, mae: 0.053357, r2: 0.726719, val_loss: 0.006298, val_mae: 0.055797, val_r2: 0.700952
2024-05-18 17:42:19 Epoch 11: lr=0.0001
2024-05-18 17:43:32 [Epoch: 11] loss: 0.005623, mae: 0.053101, r2: 0.729849, val_loss: 0.006277, val_mae: 0.055283, val_r2: 0.700633
2024-05-18 17:43:32 Epoch 12: lr=0.0001
2024-05-18 17:44:45 [Epoch: 12] loss: 0.005572, mae: 0.052822, r2: 0.732274, val_loss: 0.006256, val_mae: 0.055386, val_r2: 0.702532
2024-05-18 17:44:45 Epoch 13: lr=0.0001
2024-05-18 17:45:58 [Epoch: 13] loss: 0.005522, mae: 0.052607, r2: 0.734383, val_loss: 0.006219, val_mae: 0.054838, val_r2: 0.704483
2024-05-18 17:45:58 Epoch 14: lr=0.0001
2024-05-18 17:47:10 [Epoch: 14] loss: 0.005466, mae: 0.052346, r2: 0.737380, val_loss: 0.006211, val_mae: 0.054937, val_r2: 0.703639
2024-05-18 17:47:10 Epoch 15: lr=0.0001
2024-05-18 17:48:23 [Epoch: 15] loss: 0.005413, mae: 0.052093, r2: 0.739622, val_loss: 0.006177, val_mae: 0.054761, val_r2: 0.705631
2024-05-18 17:48:23 Epoch 16: lr=0.0001
2024-05-18 17:49:36 [Epoch: 16] loss: 0.005359, mae: 0.051837, r2: 0.742233, val_loss: 0.006179, val_mae: 0.055115, val_r2: 0.705427
2024-05-18 17:49:36 Epoch 17: lr=0.0001
2024-05-18 17:50:48 [Epoch: 17] loss: 0.005303, mae: 0.051605, r2: 0.744824, val_loss: 0.006200, val_mae: 0.054551, val_r2: 0.705830
2024-05-18 17:50:48 Epoch 18: lr=0.0001
2024-05-18 17:52:01 [Epoch: 18] loss: 0.005273, mae: 0.051446, r2: 0.746108, val_loss: 0.006148, val_mae: 0.054767, val_r2: 0.707342
2024-05-18 17:52:01 Epoch 19: lr=5e-05
2024-05-18 17:53:14 [Epoch: 19] loss: 0.005147, mae: 0.050849, r2: 0.752006, val_loss: 0.006128, val_mae: 0.054580, val_r2: 0.707844
2024-05-18 17:53:14 Epoch 20: lr=5e-05
2024-05-18 17:54:27 [Epoch: 20] loss: 0.005107, mae: 0.050653, r2: 0.753864, val_loss: 0.006158, val_mae: 0.054280, val_r2: 0.706442
2024-05-18 17:54:27 Epoch 21: lr=5e-05
2024-05-18 17:55:39 [Epoch: 21] loss: 0.005077, mae: 0.050515, r2: 0.755396, val_loss: 0.006119, val_mae: 0.054286, val_r2: 0.709077
2024-05-18 17:55:39 Epoch 22: lr=5e-05
2024-05-18 17:56:52 [Epoch: 22] loss: 0.005059, mae: 0.050406, r2: 0.755940, val_loss: 0.006116, val_mae: 0.054379, val_r2: 0.709066
2024-05-18 17:56:52 Epoch 23: lr=5e-05
2024-05-18 17:58:05 [Epoch: 23] loss: 0.005014, mae: 0.050232, r2: 0.758126, val_loss: 0.006117, val_mae: 0.054457, val_r2: 0.709828
2024-05-18 17:58:05 Epoch 24: lr=5e-05
2024-05-18 17:59:18 [Epoch: 24] loss: 0.005006, mae: 0.050121, r2: 0.758665, val_loss: 0.006112, val_mae: 0.054411, val_r2: 0.710425
2024-05-18 17:59:18 Epoch 25: lr=5e-05
2024-05-18 18:00:30 [Epoch: 25] loss: 0.004965, mae: 0.050011, r2: 0.760623, val_loss: 0.006129, val_mae: 0.054162, val_r2: 0.708673
2024-05-18 18:00:30 Epoch 26: lr=5e-05
2024-05-18 18:01:43 [Epoch: 26] loss: 0.004955, mae: 0.049930, r2: 0.760845, val_loss: 0.006095, val_mae: 0.054564, val_r2: 0.708935
2024-05-18 18:01:43 Epoch 27: lr=2.5e-05
2024-05-18 18:02:56 [Epoch: 27] loss: 0.004890, mae: 0.049610, r2: 0.763868, val_loss: 0.006099, val_mae: 0.054449, val_r2: 0.708982
2024-05-18 18:02:56 Epoch 28: lr=2.5e-05
2024-05-18 18:04:09 [Epoch: 28] loss: 0.004866, mae: 0.049507, r2: 0.765029, val_loss: 0.006096, val_mae: 0.054351, val_r2: 0.709296
2024-05-18 18:04:09 Epoch 29: lr=2.5e-05
2024-05-18 18:05:22 [Epoch: 29] loss: 0.004852, mae: 0.049447, r2: 0.765651, val_loss: 0.006095, val_mae: 0.054126, val_r2: 0.709706
2024-05-18 18:05:22 Epoch 30: lr=2.5e-05
2024-05-18 18:06:35 [Epoch: 30] loss: 0.004839, mae: 0.049400, r2: 0.766296, val_loss: 0.006114, val_mae: 0.054295, val_r2: 0.709087
2024-05-18 18:06:35 Epoch 31: lr=2.5e-05
2024-05-18 18:07:47 [Epoch: 31] loss: 0.004822, mae: 0.049298, r2: 0.767075, val_loss: 0.006124, val_mae: 0.054415, val_r2: 0.708589
2024-05-18 18:07:48 Epoch 32: lr=1.25e-05
2024-05-18 18:09:00 [Epoch: 32] loss: 0.004787, mae: 0.049139, r2: 0.768702, val_loss: 0.006126, val_mae: 0.054178, val_r2: 0.708479
2024-05-18 18:09:00 Epoch 33: lr=1.25e-05
2024-05-18 18:10:13 [Epoch: 33] loss: 0.004779, mae: 0.049080, r2: 0.769212, val_loss: 0.006079, val_mae: 0.054242, val_r2: 0.711079
2024-05-18 18:10:13 Epoch 34: lr=1.25e-05
2024-05-18 18:11:25 [Epoch: 34] loss: 0.004775, mae: 0.049065, r2: 0.769330, val_loss: 0.006132, val_mae: 0.054417, val_r2: 0.708428
2024-05-18 18:11:25 Epoch 35: lr=1.25e-05
2024-05-18 18:12:38 [Epoch: 35] loss: 0.004770, mae: 0.049037, r2: 0.769506, val_loss: 0.006112, val_mae: 0.054263, val_r2: 0.709009
2024-05-18 18:12:38 Epoch 36: lr=1.25e-05
2024-05-18 18:13:51 [Epoch: 36] loss: 0.004761, mae: 0.049006, r2: 0.769924, val_loss: 0.006110, val_mae: 0.054381, val_r2: 0.708952
2024-05-18 18:13:51 Epoch 37: lr=1e-05
2024-05-18 18:15:04 [Epoch: 37] loss: 0.004754, mae: 0.048974, r2: 0.770347, val_loss: 0.006113, val_mae: 0.054183, val_r2: 0.709325
2024-05-18 18:15:04 Epoch 38: lr=1e-05
2024-05-18 18:16:17 [Epoch: 38] loss: 0.004743, mae: 0.048903, r2: 0.771011, val_loss: 0.006119, val_mae: 0.054077, val_r2: 0.708950
2024-05-18 18:16:17 Epoch 39: lr=1e-05
2024-05-18 18:17:29 [Epoch: 39] loss: 0.004748, mae: 0.048920, r2: 0.770511, val_loss: 0.006118, val_mae: 0.054176, val_r2: 0.708663
2024-05-18 18:17:29 Epoch 40: lr=1e-05
2024-05-18 18:18:42 [Epoch: 40] loss: 0.004734, mae: 0.048830, r2: 0.771462, val_loss: 0.006099, val_mae: 0.054268, val_r2: 0.709954
2024-05-18 18:18:42 Epoch 41: lr=1e-05
2024-05-18 18:19:54 [Epoch: 41] loss: 0.004739, mae: 0.048885, r2: 0.770710, val_loss: 0.006111, val_mae: 0.054270, val_r2: 0.708745
2024-05-18 18:19:54 Epoch 42: lr=1e-05
2024-05-18 18:21:06 [Epoch: 42] loss: 0.004729, mae: 0.048831, r2: 0.771187, val_loss: 0.006104, val_mae: 0.054316, val_r2: 0.709041
2024-05-18 18:21:06 Epoch 43: lr=1e-05
2024-05-18 18:22:19 [Epoch: 43] loss: 0.004717, mae: 0.048797, r2: 0.772089, val_loss: 0.006096, val_mae: 0.054378, val_r2: 0.709385
2024-05-18 18:22:19 history_length: 44
2024-05-18 18:22:19 stopping: early
2024-05-18 18:22:19 Comparing y_true and y_pred:
2024-05-18 18:22:19   mse: 0.01905202
2024-05-18 18:22:19   mae: 0.10994527
2024-05-18 18:22:19   r2: -0.20490954
2024-05-18 18:22:19   corr: 0.19463126
