2024-05-21 14:10:17 UNO RUN ...
2024-05-21 14:10:17 Params: {'model_name': 'uno', 'train_sources': ['CCLE'], 'test_sources': ['train'], 'cell_types': None, 'cell_features': ['rnaseq'], 'drug_features': ['descriptors'], 'dense': [1000, 1000, 1000, 1000, 1000], 'dense_feature_layers': [1000, 1000, 1000], 'activation': 'relu', 'loss': 'mse', 'optimizer': 'adamax', 'scaling': 'std', 'dropout': 0.1, 'epochs': 50, 'batch_size': 32, 'val_split': 0.2, 'cv': 1, 'max_val_loss': 1.0, 'learning_rate': 0.0001, 'base_lr': None, 'agg_dose': 'AUC', 'residual': False, 'reduce_lr': True, 'warmup_lr': True, 'batch_normalization': False, 'feature_subsample': 0, 'rng_seed': 2018, 'no_gen': False, 'verbose': False, 'preprocess_rnaseq': 'source_scale', 'gpus': [0], 'use_landmark_genes': True, 'no_feature_source': True, 'no_response_source': True, 'save_path': '/dev/shm/Uno/save/8999967.amn-0001/111', 'single': True, 'on_memory_loader': True, 'ckpt_checksum': True, 'ckpt_save_interval': 0, 'timeout': -1, 'train_bool': True, 'profiling': False, 'experiment_id': '8999967.amn-0001', 'run_id': '111', 'logfile': '/dev/shm/Uno/save/8999967.amn-0001/111/python.log', 'shuffle': False, 'ckpt_restart_mode': 'off', 'ckpt_skip_epochs': 0, 'ckpt_directory': '/dev/shm/Uno/save/8999967.amn-0001/111', 'ckpt_save_best': True, 'ckpt_save_best_metric': 'val_loss', 'ckpt_save_weights_only': False, 'ckpt_keep_mode': 'linear', 'ckpt_keep_limit': 5, 'by_cell': None, 'by_drug': None, 'cell_subset_path': '', 'drug_subset_path': '', 'drug_median_response_min': -1, 'drug_median_response_max': 1, 'dense_cell_feature_layers': None, 'dense_drug_feature_layers': None, 'use_filtered_genes': False, 'feature_subset_path': '', 'cell_feature_subset_path': '', 'drug_feature_subset_path': '', 'es': True, 'cp': False, 'tb': False, 'tb_prefix': 'tb', 'partition_by': None, 'cache': None, 'export_csv': None, 'export_data': None, 'use_exported_data': '/dev/shm/Uno/x1922c7s0b0n0.111.merged.landmark.h5', 'growth_bins': 0, 'initial_weights': None, 'save_weights': '/dev/shm/Uno/save/8999967.amn-0001/111/1.1.model.h5', 'config_file': '/home/brettin/CSC249ADOA01_CNDA/brettin/Benchmarks/Pilot1/Uno/uno_auc_model.txt', 'data_type': <class 'numpy.float32'>, 'data_dir': '/dev/shm/Uno/uno/Data', 'output_dir': '/dev/shm/Uno/uno/Output/8999967.amn-0001/111'}
2024-05-21 14:10:17 Feature encoding submodel for cell.rnaseq:
2024-05-21 14:10:17 Model: "cell.rnaseq"
2024-05-21 14:10:17 _________________________________________________________________
2024-05-21 14:10:17  Layer (type)                Output Shape              Param #   
2024-05-21 14:10:17 =================================================================
2024-05-21 14:10:17  input_1 (InputLayer)        [(None, 958)]             0         
2024-05-21 14:10:17                                                                  
2024-05-21 14:10:17  dense (Dense)               (None, 1000)              959000    
2024-05-21 14:10:17                                                                  
2024-05-21 14:10:17  permanent_dropout (Permane  (None, 1000)              0         
2024-05-21 14:10:17  ntDropout)                                                      
2024-05-21 14:10:17                                                                  
2024-05-21 14:10:17  dense_1 (Dense)             (None, 1000)              1001000   
2024-05-21 14:10:17                                                                  
2024-05-21 14:10:17  permanent_dropout_1 (Perma  (None, 1000)              0         
2024-05-21 14:10:17  nentDropout)                                                    
2024-05-21 14:10:17                                                                  
2024-05-21 14:10:17  dense_2 (Dense)             (None, 1000)              1001000   
2024-05-21 14:10:17                                                                  
2024-05-21 14:10:17  permanent_dropout_2 (Perma  (None, 1000)              0         
2024-05-21 14:10:17  nentDropout)                                                    
2024-05-21 14:10:17                                                                  
2024-05-21 14:10:17 =================================================================
2024-05-21 14:10:17 Total params: 2961000 (11.30 MB)
2024-05-21 14:10:17 Trainable params: 2961000 (11.30 MB)
2024-05-21 14:10:17 Non-trainable params: 0 (0.00 Byte)
2024-05-21 14:10:17 _________________________________________________________________
2024-05-21 14:10:17 Feature encoding submodel for drug.descriptors:
2024-05-21 14:10:17 Model: "drug.descriptors"
2024-05-21 14:10:17 _________________________________________________________________
2024-05-21 14:10:17  Layer (type)                Output Shape              Param #   
2024-05-21 14:10:17 =================================================================
2024-05-21 14:10:17  input_2 (InputLayer)        [(None, 1613)]            0         
2024-05-21 14:10:17                                                                  
2024-05-21 14:10:17  dense_3 (Dense)             (None, 1000)              1614000   
2024-05-21 14:10:17                                                                  
2024-05-21 14:10:17  permanent_dropout_3 (Perma  (None, 1000)              0         
2024-05-21 14:10:17  nentDropout)                                                    
2024-05-21 14:10:17                                                                  
2024-05-21 14:10:17  dense_4 (Dense)             (None, 1000)              1001000   
2024-05-21 14:10:17                                                                  
2024-05-21 14:10:17  permanent_dropout_4 (Perma  (None, 1000)              0         
2024-05-21 14:10:17  nentDropout)                                                    
2024-05-21 14:10:17                                                                  
2024-05-21 14:10:17  dense_5 (Dense)             (None, 1000)              1001000   
2024-05-21 14:10:17                                                                  
2024-05-21 14:10:17  permanent_dropout_5 (Perma  (None, 1000)              0         
2024-05-21 14:10:17  nentDropout)                                                    
2024-05-21 14:10:17                                                                  
2024-05-21 14:10:17 =================================================================
2024-05-21 14:10:17 Total params: 3616000 (13.79 MB)
2024-05-21 14:10:17 Trainable params: 3616000 (13.79 MB)
2024-05-21 14:10:17 Non-trainable params: 0 (0.00 Byte)
2024-05-21 14:10:17 _________________________________________________________________
2024-05-21 14:10:17 Combined model:
2024-05-21 14:10:17 Model: "model"
2024-05-21 14:10:17 __________________________________________________________________________________________________
2024-05-21 14:10:17  Layer (type)                Output Shape                 Param #   Connected to                  
2024-05-21 14:10:17 ==================================================================================================
2024-05-21 14:10:17  input.cell.rnaseq (InputLa  [(None, 958)]                0         []                            
2024-05-21 14:10:17  yer)                                                                                             
2024-05-21 14:10:17                                                                                                   
2024-05-21 14:10:17  input.drug1.descriptors (I  [(None, 1613)]               0         []                            
2024-05-21 14:10:17  nputLayer)                                                                                       
2024-05-21 14:10:17                                                                                                   
2024-05-21 14:10:17  cell.rnaseq (Functional)    (None, 1000)                 2961000   ['input.cell.rnaseq[0][0]']   
2024-05-21 14:10:17                                                                                                   
2024-05-21 14:10:17  drug.descriptors (Function  (None, 1000)                 3616000   ['input.drug1.descriptors[0][0
2024-05-21 14:10:17  al)                                                                ]']                           
2024-05-21 14:10:17                                                                                                   
2024-05-21 14:10:17  concatenate (Concatenate)   (None, 2000)                 0         ['cell.rnaseq[0][0]',         
2024-05-21 14:10:17                                                                      'drug.descriptors[0][0]']    
2024-05-21 14:10:17                                                                                                   
2024-05-21 14:10:17  dense_6 (Dense)             (None, 1000)                 2001000   ['concatenate[0][0]']         
2024-05-21 14:10:17                                                                                                   
2024-05-21 14:10:17  permanent_dropout_6 (Perma  (None, 1000)                 0         ['dense_6[0][0]']             
2024-05-21 14:10:17  nentDropout)                                                                                     
2024-05-21 14:10:17                                                                                                   
2024-05-21 14:10:17  dense_7 (Dense)             (None, 1000)                 1001000   ['permanent_dropout_6[0][0]'] 
2024-05-21 14:10:17                                                                                                   
2024-05-21 14:10:17  permanent_dropout_7 (Perma  (None, 1000)                 0         ['dense_7[0][0]']             
2024-05-21 14:10:17  nentDropout)                                                                                     
2024-05-21 14:10:17                                                                                                   
2024-05-21 14:10:17  dense_8 (Dense)             (None, 1000)                 1001000   ['permanent_dropout_7[0][0]'] 
2024-05-21 14:10:17                                                                                                   
2024-05-21 14:10:17  permanent_dropout_8 (Perma  (None, 1000)                 0         ['dense_8[0][0]']             
2024-05-21 14:10:17  nentDropout)                                                                                     
2024-05-21 14:10:17                                                                                                   
2024-05-21 14:10:17  dense_9 (Dense)             (None, 1000)                 1001000   ['permanent_dropout_8[0][0]'] 
2024-05-21 14:10:17                                                                                                   
2024-05-21 14:10:17  permanent_dropout_9 (Perma  (None, 1000)                 0         ['dense_9[0][0]']             
2024-05-21 14:10:17  nentDropout)                                                                                     
2024-05-21 14:10:17                                                                                                   
2024-05-21 14:10:17  dense_10 (Dense)            (None, 1000)                 1001000   ['permanent_dropout_9[0][0]'] 
2024-05-21 14:10:17                                                                                                   
2024-05-21 14:10:17  permanent_dropout_10 (Perm  (None, 1000)                 0         ['dense_10[0][0]']            
2024-05-21 14:10:17  anentDropout)                                                                                    
2024-05-21 14:10:17                                                                                                   
2024-05-21 14:10:17  dense_11 (Dense)            (None, 1)                    1001      ['permanent_dropout_10[0][0]']
2024-05-21 14:10:17                                                                                                   
2024-05-21 14:10:17 ==================================================================================================
2024-05-21 14:10:17 Total params: 12583001 (48.00 MB)
2024-05-21 14:10:17 Trainable params: 12583001 (48.00 MB)
2024-05-21 14:10:17 Non-trainable params: 0 (0.00 Byte)
2024-05-21 14:10:17 __________________________________________________________________________________________________
2024-05-21 14:10:17 CKPT CONSTRUCT...
2024-05-21 14:10:17 CKPT CONSTRUCT OK.
2024-05-21 14:10:17 template model: <keras.src.engine.functional.Functional object at 0x150d6628cc10>
2024-05-21 14:10:19 COMPILE
2024-05-21 14:10:19 Will save weights to: /dev/shm/Uno/save/8999967.amn-0001/111/1.1.model.h5
2024-05-21 14:10:36 Between random pairs in y_val:
2024-05-21 14:10:36   mse: 0.04719054
2024-05-21 14:10:36   mae: 0.15932131
2024-05-21 14:10:36   r2: -0.99156884
2024-05-21 14:10:36   corr: 0.00421558
2024-05-21 14:10:36 Data points per epoch: train = 469647, val = 117412, test = 650
2024-05-21 14:10:36 Steps per epoch: train = 14676, val = 3669, test = 20
2024-05-21 14:10:36 Epoch 0: lr=0.001
2024-05-21 14:11:48 [Epoch: 0] loss: 0.028674, mae: 0.079498, r2: -0.442829, val_loss: 0.008777, val_mae: 0.066181, val_r2: 0.589828
2024-05-21 14:11:49 Epoch 1: lr=0.00082
2024-05-21 14:13:00 [Epoch: 1] loss: 0.007982, mae: 0.063909, r2: 0.621337, val_loss: 0.007740, val_mae: 0.063174, val_r2: 0.638302
2024-05-21 14:13:00 Epoch 2: lr=0.00064
2024-05-21 14:14:11 [Epoch: 2] loss: 0.007334, mae: 0.060865, r2: 0.651021, val_loss: 0.007211, val_mae: 0.059935, val_r2: 0.654282
2024-05-21 14:14:11 Epoch 3: lr=0.00046
2024-05-21 14:15:23 [Epoch: 3] loss: 0.006858, mae: 0.058711, r2: 0.672926, val_loss: 0.006910, val_mae: 0.058287, val_r2: 0.672328
2024-05-21 14:15:23 Epoch 4: lr=0.00028
2024-05-21 14:16:34 [Epoch: 4] loss: 0.006485, mae: 0.056994, r2: 0.690161, val_loss: 0.006677, val_mae: 0.056775, val_r2: 0.679054
2024-05-21 14:16:34 Epoch 5: lr=0.0001
2024-05-21 14:17:45 [Epoch: 5] loss: 0.006140, mae: 0.055376, r2: 0.705876, val_loss: 0.006467, val_mae: 0.056797, val_r2: 0.689934
2024-05-21 14:17:45 Epoch 6: lr=0.0001
2024-05-21 14:18:57 [Epoch: 6] loss: 0.006031, mae: 0.054922, r2: 0.711156, val_loss: 0.006415, val_mae: 0.056020, val_r2: 0.694450
2024-05-21 14:18:57 Epoch 7: lr=0.0001
2024-05-21 14:20:08 [Epoch: 7] loss: 0.005959, mae: 0.054585, r2: 0.714667, val_loss: 0.006361, val_mae: 0.055792, val_r2: 0.695835
2024-05-21 14:20:08 Epoch 8: lr=0.0001
2024-05-21 14:21:20 [Epoch: 8] loss: 0.005885, mae: 0.054246, r2: 0.717862, val_loss: 0.006305, val_mae: 0.056200, val_r2: 0.698998
2024-05-21 14:21:20 Epoch 9: lr=0.0001
2024-05-21 14:22:31 [Epoch: 9] loss: 0.005812, mae: 0.053944, r2: 0.721068, val_loss: 0.006294, val_mae: 0.055622, val_r2: 0.699062
2024-05-21 14:22:31 Epoch 10: lr=0.0001
2024-05-21 14:23:43 [Epoch: 10] loss: 0.005761, mae: 0.053705, r2: 0.723549, val_loss: 0.006313, val_mae: 0.055334, val_r2: 0.697110
2024-05-21 14:23:43 Epoch 11: lr=0.0001
2024-05-21 14:24:54 [Epoch: 11] loss: 0.005694, mae: 0.053379, r2: 0.726652, val_loss: 0.006234, val_mae: 0.055424, val_r2: 0.702471
2024-05-21 14:24:55 Epoch 12: lr=0.0001
2024-05-21 14:26:06 [Epoch: 12] loss: 0.005631, mae: 0.053107, r2: 0.729804, val_loss: 0.006304, val_mae: 0.055074, val_r2: 0.699029
2024-05-21 14:26:06 Epoch 13: lr=0.0001
2024-05-21 14:27:17 [Epoch: 13] loss: 0.005584, mae: 0.052880, r2: 0.731870, val_loss: 0.006239, val_mae: 0.054908, val_r2: 0.698962
2024-05-21 14:27:17 Epoch 14: lr=0.0001
2024-05-21 14:28:29 [Epoch: 14] loss: 0.005526, mae: 0.052629, r2: 0.734815, val_loss: 0.006202, val_mae: 0.054820, val_r2: 0.702674
2024-05-21 14:28:29 Epoch 15: lr=0.0001
2024-05-21 14:29:40 [Epoch: 15] loss: 0.005474, mae: 0.052389, r2: 0.736892, val_loss: 0.006190, val_mae: 0.055118, val_r2: 0.703923
2024-05-21 14:29:40 Epoch 16: lr=0.0001
2024-05-21 14:30:51 [Epoch: 16] loss: 0.005419, mae: 0.052149, r2: 0.739686, val_loss: 0.006160, val_mae: 0.054927, val_r2: 0.704901
2024-05-21 14:30:51 Epoch 17: lr=5e-05
2024-05-21 14:32:03 [Epoch: 17] loss: 0.005304, mae: 0.051603, r2: 0.745094, val_loss: 0.006183, val_mae: 0.054520, val_r2: 0.703602
2024-05-21 14:32:03 Epoch 18: lr=5e-05
2024-05-21 14:33:14 [Epoch: 18] loss: 0.005259, mae: 0.051377, r2: 0.747162, val_loss: 0.006135, val_mae: 0.054652, val_r2: 0.706572
2024-05-21 14:33:14 Epoch 19: lr=5e-05
2024-05-21 14:34:25 [Epoch: 19] loss: 0.005239, mae: 0.051289, r2: 0.748023, val_loss: 0.006143, val_mae: 0.054483, val_r2: 0.704975
2024-05-21 14:34:25 Epoch 20: lr=5e-05
2024-05-21 14:35:37 [Epoch: 20] loss: 0.005205, mae: 0.051130, r2: 0.749501, val_loss: 0.006136, val_mae: 0.054545, val_r2: 0.705701
2024-05-21 14:35:37 Epoch 21: lr=5e-05
2024-05-21 14:36:48 [Epoch: 21] loss: 0.005183, mae: 0.051049, r2: 0.750502, val_loss: 0.006125, val_mae: 0.054502, val_r2: 0.706647
2024-05-21 14:36:48 Epoch 22: lr=5e-05
2024-05-21 14:37:59 [Epoch: 22] loss: 0.005150, mae: 0.050891, r2: 0.752146, val_loss: 0.006188, val_mae: 0.054466, val_r2: 0.703503
2024-05-21 14:37:59 Epoch 23: lr=5e-05
2024-05-21 14:39:10 [Epoch: 23] loss: 0.005123, mae: 0.050740, r2: 0.753410, val_loss: 0.006133, val_mae: 0.054455, val_r2: 0.706059
2024-05-21 14:39:10 Epoch 24: lr=5e-05
2024-05-21 14:40:21 [Epoch: 24] loss: 0.005101, mae: 0.050671, r2: 0.754478, val_loss: 0.006122, val_mae: 0.054527, val_r2: 0.706209
2024-05-21 14:40:22 Epoch 25: lr=5e-05
2024-05-21 14:41:33 [Epoch: 25] loss: 0.005074, mae: 0.050565, r2: 0.755668, val_loss: 0.006133, val_mae: 0.054528, val_r2: 0.705156
2024-05-21 14:41:33 Epoch 26: lr=5e-05
2024-05-21 14:42:44 [Epoch: 26] loss: 0.005047, mae: 0.050381, r2: 0.757080, val_loss: 0.006155, val_mae: 0.054341, val_r2: 0.705924
2024-05-21 14:42:44 Epoch 27: lr=2.5e-05
2024-05-21 14:43:56 [Epoch: 27] loss: 0.004994, mae: 0.050169, r2: 0.759542, val_loss: 0.006084, val_mae: 0.054580, val_r2: 0.708585
2024-05-21 14:43:56 Epoch 28: lr=2.5e-05
2024-05-21 14:45:07 [Epoch: 28] loss: 0.004960, mae: 0.049986, r2: 0.761016, val_loss: 0.006130, val_mae: 0.054357, val_r2: 0.705740
2024-05-21 14:45:07 Epoch 29: lr=2.5e-05
2024-05-21 14:46:19 [Epoch: 29] loss: 0.004947, mae: 0.049905, r2: 0.761990, val_loss: 0.006124, val_mae: 0.054718, val_r2: 0.705412
2024-05-21 14:46:19 Epoch 30: lr=2.5e-05
2024-05-21 14:47:30 [Epoch: 30] loss: 0.004949, mae: 0.049901, r2: 0.761657, val_loss: 0.006093, val_mae: 0.054482, val_r2: 0.707883
2024-05-21 14:47:30 Epoch 31: lr=2.5e-05
2024-05-21 14:48:41 [Epoch: 31] loss: 0.004935, mae: 0.049861, r2: 0.762445, val_loss: 0.006133, val_mae: 0.054491, val_r2: 0.705337
2024-05-21 14:48:41 Epoch 32: lr=1.25e-05
2024-05-21 14:49:53 [Epoch: 32] loss: 0.004905, mae: 0.049685, r2: 0.763440, val_loss: 0.006121, val_mae: 0.054259, val_r2: 0.706450
2024-05-21 14:49:53 Epoch 33: lr=1.25e-05
2024-05-21 14:51:04 [Epoch: 33] loss: 0.004882, mae: 0.049634, r2: 0.764776, val_loss: 0.006131, val_mae: 0.054290, val_r2: 0.705638
2024-05-21 14:51:04 Epoch 34: lr=1.25e-05
2024-05-21 14:52:15 [Epoch: 34] loss: 0.004877, mae: 0.049597, r2: 0.764967, val_loss: 0.006112, val_mae: 0.054355, val_r2: 0.706349
2024-05-21 14:52:15 Epoch 35: lr=1.25e-05
2024-05-21 14:53:26 [Epoch: 35] loss: 0.004866, mae: 0.049569, r2: 0.765313, val_loss: 0.006099, val_mae: 0.054373, val_r2: 0.707359
2024-05-21 14:53:27 Epoch 36: lr=1.25e-05
2024-05-21 14:54:38 [Epoch: 36] loss: 0.004853, mae: 0.049515, r2: 0.765907, val_loss: 0.006096, val_mae: 0.054167, val_r2: 0.707514
2024-05-21 14:54:38 Epoch 37: lr=1e-05
2024-05-21 14:55:49 [Epoch: 37] loss: 0.004865, mae: 0.049528, r2: 0.765231, val_loss: 0.006105, val_mae: 0.054396, val_r2: 0.706955
2024-05-21 14:55:49 history_length: 38
2024-05-21 14:55:49 stopping: early
2024-05-21 14:55:49 Comparing y_true and y_pred:
2024-05-21 14:55:49   mse: 0.02397100
2024-05-21 14:55:49   mae: 0.13240222
2024-05-21 14:55:49   r2: -2.82563210
2024-05-21 14:55:49   corr: 0.24621891
