2024-05-21 14:10:17 UNO RUN ...
2024-05-21 14:10:17 Params: {'model_name': 'uno', 'train_sources': ['CCLE'], 'test_sources': ['train'], 'cell_types': None, 'cell_features': ['rnaseq'], 'drug_features': ['descriptors'], 'dense': [1000, 1000, 1000, 1000, 1000], 'dense_feature_layers': [1000, 1000, 1000], 'activation': 'relu', 'loss': 'mse', 'optimizer': 'adamax', 'scaling': 'std', 'dropout': 0.1, 'epochs': 50, 'batch_size': 32, 'val_split': 0.2, 'cv': 1, 'max_val_loss': 1.0, 'learning_rate': 0.0001, 'base_lr': None, 'agg_dose': 'AUC', 'residual': False, 'reduce_lr': True, 'warmup_lr': True, 'batch_normalization': False, 'feature_subsample': 0, 'rng_seed': 2018, 'no_gen': False, 'verbose': False, 'preprocess_rnaseq': 'source_scale', 'gpus': [0], 'use_landmark_genes': True, 'no_feature_source': True, 'no_response_source': True, 'save_path': '/dev/shm/Uno/save/8999967.amn-0001/47', 'single': True, 'on_memory_loader': True, 'ckpt_checksum': True, 'ckpt_save_interval': 0, 'timeout': -1, 'train_bool': True, 'profiling': False, 'experiment_id': '8999967.amn-0001', 'run_id': '47', 'logfile': '/dev/shm/Uno/save/8999967.amn-0001/47/python.log', 'shuffle': False, 'ckpt_restart_mode': 'off', 'ckpt_skip_epochs': 0, 'ckpt_directory': '/dev/shm/Uno/save/8999967.amn-0001/47', 'ckpt_save_best': True, 'ckpt_save_best_metric': 'val_loss', 'ckpt_save_weights_only': False, 'ckpt_keep_mode': 'linear', 'ckpt_keep_limit': 5, 'by_cell': None, 'by_drug': None, 'cell_subset_path': '', 'drug_subset_path': '', 'drug_median_response_min': -1, 'drug_median_response_max': 1, 'dense_cell_feature_layers': None, 'dense_drug_feature_layers': None, 'use_filtered_genes': False, 'feature_subset_path': '', 'cell_feature_subset_path': '', 'drug_feature_subset_path': '', 'es': True, 'cp': False, 'tb': False, 'tb_prefix': 'tb', 'partition_by': None, 'cache': None, 'export_csv': None, 'export_data': None, 'use_exported_data': '/dev/shm/Uno/x1922c5s4b0n0.47.merged.landmark.h5', 'growth_bins': 0, 'initial_weights': None, 'save_weights': '/dev/shm/Uno/save/8999967.amn-0001/47/5.1.model.h5', 'config_file': '/home/brettin/CSC249ADOA01_CNDA/brettin/Benchmarks/Pilot1/Uno/uno_auc_model.txt', 'data_type': <class 'numpy.float32'>, 'data_dir': '/dev/shm/Uno/uno/Data', 'output_dir': '/dev/shm/Uno/uno/Output/8999967.amn-0001/47'}
2024-05-21 14:10:17 Feature encoding submodel for cell.rnaseq:
2024-05-21 14:10:17 Model: "cell.rnaseq"
2024-05-21 14:10:17 _________________________________________________________________
2024-05-21 14:10:17  Layer (type)                Output Shape              Param #   
2024-05-21 14:10:17 =================================================================
2024-05-21 14:10:17  input_1 (InputLayer)        [(None, 958)]             0         
2024-05-21 14:10:17                                                                  
2024-05-21 14:10:17  dense (Dense)               (None, 1000)              959000    
2024-05-21 14:10:17                                                                  
2024-05-21 14:10:17  permanent_dropout (Permane  (None, 1000)              0         
2024-05-21 14:10:17  ntDropout)                                                      
2024-05-21 14:10:17                                                                  
2024-05-21 14:10:17  dense_1 (Dense)             (None, 1000)              1001000   
2024-05-21 14:10:17                                                                  
2024-05-21 14:10:17  permanent_dropout_1 (Perma  (None, 1000)              0         
2024-05-21 14:10:17  nentDropout)                                                    
2024-05-21 14:10:17                                                                  
2024-05-21 14:10:17  dense_2 (Dense)             (None, 1000)              1001000   
2024-05-21 14:10:17                                                                  
2024-05-21 14:10:17  permanent_dropout_2 (Perma  (None, 1000)              0         
2024-05-21 14:10:17  nentDropout)                                                    
2024-05-21 14:10:17                                                                  
2024-05-21 14:10:17 =================================================================
2024-05-21 14:10:17 Total params: 2961000 (11.30 MB)
2024-05-21 14:10:17 Trainable params: 2961000 (11.30 MB)
2024-05-21 14:10:17 Non-trainable params: 0 (0.00 Byte)
2024-05-21 14:10:17 _________________________________________________________________
2024-05-21 14:10:17 Feature encoding submodel for drug.descriptors:
2024-05-21 14:10:17 Model: "drug.descriptors"
2024-05-21 14:10:17 _________________________________________________________________
2024-05-21 14:10:17  Layer (type)                Output Shape              Param #   
2024-05-21 14:10:17 =================================================================
2024-05-21 14:10:17  input_2 (InputLayer)        [(None, 1613)]            0         
2024-05-21 14:10:17                                                                  
2024-05-21 14:10:17  dense_3 (Dense)             (None, 1000)              1614000   
2024-05-21 14:10:17                                                                  
2024-05-21 14:10:17  permanent_dropout_3 (Perma  (None, 1000)              0         
2024-05-21 14:10:17  nentDropout)                                                    
2024-05-21 14:10:17                                                                  
2024-05-21 14:10:17  dense_4 (Dense)             (None, 1000)              1001000   
2024-05-21 14:10:17                                                                  
2024-05-21 14:10:17  permanent_dropout_4 (Perma  (None, 1000)              0         
2024-05-21 14:10:17  nentDropout)                                                    
2024-05-21 14:10:17                                                                  
2024-05-21 14:10:17  dense_5 (Dense)             (None, 1000)              1001000   
2024-05-21 14:10:17                                                                  
2024-05-21 14:10:17  permanent_dropout_5 (Perma  (None, 1000)              0         
2024-05-21 14:10:17  nentDropout)                                                    
2024-05-21 14:10:17                                                                  
2024-05-21 14:10:17 =================================================================
2024-05-21 14:10:17 Total params: 3616000 (13.79 MB)
2024-05-21 14:10:17 Trainable params: 3616000 (13.79 MB)
2024-05-21 14:10:17 Non-trainable params: 0 (0.00 Byte)
2024-05-21 14:10:17 _________________________________________________________________
2024-05-21 14:10:17 Combined model:
2024-05-21 14:10:17 Model: "model"
2024-05-21 14:10:17 __________________________________________________________________________________________________
2024-05-21 14:10:17  Layer (type)                Output Shape                 Param #   Connected to                  
2024-05-21 14:10:17 ==================================================================================================
2024-05-21 14:10:17  input.cell.rnaseq (InputLa  [(None, 958)]                0         []                            
2024-05-21 14:10:17  yer)                                                                                             
2024-05-21 14:10:17                                                                                                   
2024-05-21 14:10:17  input.drug1.descriptors (I  [(None, 1613)]               0         []                            
2024-05-21 14:10:17  nputLayer)                                                                                       
2024-05-21 14:10:17                                                                                                   
2024-05-21 14:10:17  cell.rnaseq (Functional)    (None, 1000)                 2961000   ['input.cell.rnaseq[0][0]']   
2024-05-21 14:10:17                                                                                                   
2024-05-21 14:10:17  drug.descriptors (Function  (None, 1000)                 3616000   ['input.drug1.descriptors[0][0
2024-05-21 14:10:17  al)                                                                ]']                           
2024-05-21 14:10:17                                                                                                   
2024-05-21 14:10:17  concatenate (Concatenate)   (None, 2000)                 0         ['cell.rnaseq[0][0]',         
2024-05-21 14:10:17                                                                      'drug.descriptors[0][0]']    
2024-05-21 14:10:17                                                                                                   
2024-05-21 14:10:17  dense_6 (Dense)             (None, 1000)                 2001000   ['concatenate[0][0]']         
2024-05-21 14:10:17                                                                                                   
2024-05-21 14:10:17  permanent_dropout_6 (Perma  (None, 1000)                 0         ['dense_6[0][0]']             
2024-05-21 14:10:17  nentDropout)                                                                                     
2024-05-21 14:10:17                                                                                                   
2024-05-21 14:10:17  dense_7 (Dense)             (None, 1000)                 1001000   ['permanent_dropout_6[0][0]'] 
2024-05-21 14:10:17                                                                                                   
2024-05-21 14:10:17  permanent_dropout_7 (Perma  (None, 1000)                 0         ['dense_7[0][0]']             
2024-05-21 14:10:17  nentDropout)                                                                                     
2024-05-21 14:10:17                                                                                                   
2024-05-21 14:10:17  dense_8 (Dense)             (None, 1000)                 1001000   ['permanent_dropout_7[0][0]'] 
2024-05-21 14:10:17                                                                                                   
2024-05-21 14:10:17  permanent_dropout_8 (Perma  (None, 1000)                 0         ['dense_8[0][0]']             
2024-05-21 14:10:17  nentDropout)                                                                                     
2024-05-21 14:10:17                                                                                                   
2024-05-21 14:10:17  dense_9 (Dense)             (None, 1000)                 1001000   ['permanent_dropout_8[0][0]'] 
2024-05-21 14:10:17                                                                                                   
2024-05-21 14:10:17  permanent_dropout_9 (Perma  (None, 1000)                 0         ['dense_9[0][0]']             
2024-05-21 14:10:17  nentDropout)                                                                                     
2024-05-21 14:10:17                                                                                                   
2024-05-21 14:10:17  dense_10 (Dense)            (None, 1000)                 1001000   ['permanent_dropout_9[0][0]'] 
2024-05-21 14:10:17                                                                                                   
2024-05-21 14:10:17  permanent_dropout_10 (Perm  (None, 1000)                 0         ['dense_10[0][0]']            
2024-05-21 14:10:17  anentDropout)                                                                                    
2024-05-21 14:10:17                                                                                                   
2024-05-21 14:10:17  dense_11 (Dense)            (None, 1)                    1001      ['permanent_dropout_10[0][0]']
2024-05-21 14:10:17                                                                                                   
2024-05-21 14:10:17 ==================================================================================================
2024-05-21 14:10:17 Total params: 12583001 (48.00 MB)
2024-05-21 14:10:17 Trainable params: 12583001 (48.00 MB)
2024-05-21 14:10:17 Non-trainable params: 0 (0.00 Byte)
2024-05-21 14:10:17 __________________________________________________________________________________________________
2024-05-21 14:10:17 CKPT CONSTRUCT...
2024-05-21 14:10:17 CKPT CONSTRUCT OK.
2024-05-21 14:10:17 template model: <keras.src.engine.functional.Functional object at 0x153378845b50>
2024-05-21 14:10:19 COMPILE
2024-05-21 14:10:19 Will save weights to: /dev/shm/Uno/save/8999967.amn-0001/47/5.1.model.h5
2024-05-21 14:10:36 Between random pairs in y_val:
2024-05-21 14:10:36   mse: 0.04791399
2024-05-21 14:10:36   mae: 0.16038571
2024-05-21 14:10:36   r2: -1.00464335
2024-05-21 14:10:36   corr: -0.00232168
2024-05-21 14:10:36 Data points per epoch: train = 468743, val = 117186, test = 1780
2024-05-21 14:10:36 Steps per epoch: train = 14648, val = 3662, test = 55
2024-05-21 14:10:36 Epoch 0: lr=0.001
2024-05-21 14:11:48 [Epoch: 0] loss: 0.027312, mae: 0.079294, r2: -0.344696, val_loss: 0.008469, val_mae: 0.065840, val_r2: 0.599789
2024-05-21 14:11:48 Epoch 1: lr=0.00082
2024-05-21 14:12:59 [Epoch: 1] loss: 0.007966, mae: 0.063839, r2: 0.620649, val_loss: 0.007660, val_mae: 0.061797, val_r2: 0.634941
2024-05-21 14:12:59 Epoch 2: lr=0.00064
2024-05-21 14:14:09 [Epoch: 2] loss: 0.007275, mae: 0.060693, r2: 0.652300, val_loss: 0.007177, val_mae: 0.060374, val_r2: 0.655327
2024-05-21 14:14:09 Epoch 3: lr=0.00046
2024-05-21 14:15:19 [Epoch: 3] loss: 0.006815, mae: 0.058537, r2: 0.673377, val_loss: 0.007015, val_mae: 0.060736, val_r2: 0.664467
2024-05-21 14:15:19 Epoch 4: lr=0.00028
2024-05-21 14:16:30 [Epoch: 4] loss: 0.006414, mae: 0.056733, r2: 0.691734, val_loss: 0.006573, val_mae: 0.057250, val_r2: 0.684703
2024-05-21 14:16:30 Epoch 5: lr=0.0001
2024-05-21 14:17:40 [Epoch: 5] loss: 0.006087, mae: 0.055195, r2: 0.707038, val_loss: 0.006391, val_mae: 0.056447, val_r2: 0.692630
2024-05-21 14:17:41 Epoch 6: lr=0.0001
2024-05-21 14:18:52 [Epoch: 6] loss: 0.005979, mae: 0.054663, r2: 0.712169, val_loss: 0.006335, val_mae: 0.055970, val_r2: 0.697094
2024-05-21 14:18:52 Epoch 7: lr=0.0001
2024-05-21 14:20:02 [Epoch: 7] loss: 0.005887, mae: 0.054307, r2: 0.716205, val_loss: 0.006303, val_mae: 0.055554, val_r2: 0.698429
2024-05-21 14:20:02 Epoch 8: lr=0.0001
2024-05-21 14:21:12 [Epoch: 8] loss: 0.005827, mae: 0.053984, r2: 0.719446, val_loss: 0.006290, val_mae: 0.056050, val_r2: 0.698477
2024-05-21 14:21:12 Epoch 9: lr=0.0001
2024-05-21 14:22:23 [Epoch: 9] loss: 0.005753, mae: 0.053686, r2: 0.722729, val_loss: 0.006246, val_mae: 0.055349, val_r2: 0.702066
2024-05-21 14:22:23 Epoch 10: lr=0.0001
2024-05-21 14:23:33 [Epoch: 10] loss: 0.005680, mae: 0.053359, r2: 0.726147, val_loss: 0.006235, val_mae: 0.055486, val_r2: 0.700302
2024-05-21 14:23:34 Epoch 11: lr=0.0001
2024-05-21 14:24:45 [Epoch: 11] loss: 0.005636, mae: 0.053168, r2: 0.727957, val_loss: 0.006174, val_mae: 0.055520, val_r2: 0.705292
2024-05-21 14:24:45 Epoch 12: lr=0.0001
2024-05-21 14:25:55 [Epoch: 12] loss: 0.005566, mae: 0.052852, r2: 0.731536, val_loss: 0.006188, val_mae: 0.054893, val_r2: 0.703427
2024-05-21 14:25:55 Epoch 13: lr=0.0001
2024-05-21 14:27:05 [Epoch: 13] loss: 0.005515, mae: 0.052597, r2: 0.733843, val_loss: 0.006173, val_mae: 0.054842, val_r2: 0.705242
2024-05-21 14:27:05 Epoch 14: lr=0.0001
2024-05-21 14:28:16 [Epoch: 14] loss: 0.005465, mae: 0.052355, r2: 0.736238, val_loss: 0.006149, val_mae: 0.054738, val_r2: 0.705201
2024-05-21 14:28:16 Epoch 15: lr=0.0001
2024-05-21 14:29:27 [Epoch: 15] loss: 0.005411, mae: 0.052131, r2: 0.738630, val_loss: 0.006130, val_mae: 0.054880, val_r2: 0.706455
2024-05-21 14:29:27 Epoch 16: lr=0.0001
2024-05-21 14:30:37 [Epoch: 16] loss: 0.005355, mae: 0.051900, r2: 0.741227, val_loss: 0.006162, val_mae: 0.055426, val_r2: 0.704573
2024-05-21 14:30:38 Epoch 17: lr=5e-05
2024-05-21 14:31:48 [Epoch: 17] loss: 0.005252, mae: 0.051387, r2: 0.746270, val_loss: 0.006099, val_mae: 0.054574, val_r2: 0.708889
2024-05-21 14:31:49 Epoch 18: lr=5e-05
2024-05-21 14:32:59 [Epoch: 18] loss: 0.005193, mae: 0.051099, r2: 0.748986, val_loss: 0.006083, val_mae: 0.054722, val_r2: 0.708676
2024-05-21 14:32:59 Epoch 19: lr=5e-05
2024-05-21 14:34:09 [Epoch: 19] loss: 0.005165, mae: 0.050986, r2: 0.750194, val_loss: 0.006090, val_mae: 0.054336, val_r2: 0.708286
2024-05-21 14:34:09 Epoch 20: lr=5e-05
2024-05-21 14:35:19 [Epoch: 20] loss: 0.005131, mae: 0.050845, r2: 0.751767, val_loss: 0.006047, val_mae: 0.054477, val_r2: 0.710387
2024-05-21 14:35:19 Epoch 21: lr=5e-05
2024-05-21 14:36:29 [Epoch: 21] loss: 0.005108, mae: 0.050703, r2: 0.752884, val_loss: 0.006047, val_mae: 0.054522, val_r2: 0.710202
2024-05-21 14:36:30 Epoch 22: lr=5e-05
2024-05-21 14:37:40 [Epoch: 22] loss: 0.005088, mae: 0.050605, r2: 0.753648, val_loss: 0.006086, val_mae: 0.054270, val_r2: 0.708278
2024-05-21 14:37:40 Epoch 23: lr=5e-05
2024-05-21 14:38:51 [Epoch: 23] loss: 0.005049, mae: 0.050417, r2: 0.755524, val_loss: 0.006059, val_mae: 0.054369, val_r2: 0.709681
2024-05-21 14:38:51 Epoch 24: lr=5e-05
2024-05-21 14:40:02 [Epoch: 24] loss: 0.005026, mae: 0.050338, r2: 0.756656, val_loss: 0.006084, val_mae: 0.054474, val_r2: 0.707444
2024-05-21 14:40:02 Epoch 25: lr=5e-05
2024-05-21 14:41:12 [Epoch: 25] loss: 0.005016, mae: 0.050254, r2: 0.757262, val_loss: 0.006049, val_mae: 0.054526, val_r2: 0.710294
2024-05-21 14:41:12 Epoch 26: lr=2.5e-05
2024-05-21 14:42:23 [Epoch: 26] loss: 0.004945, mae: 0.049947, r2: 0.760515, val_loss: 0.006056, val_mae: 0.054237, val_r2: 0.709727
2024-05-21 14:42:23 Epoch 27: lr=2.5e-05
2024-05-21 14:43:33 [Epoch: 27] loss: 0.004923, mae: 0.049825, r2: 0.761496, val_loss: 0.006074, val_mae: 0.054343, val_r2: 0.708797
2024-05-21 14:43:33 Epoch 28: lr=2.5e-05
2024-05-21 14:44:44 [Epoch: 28] loss: 0.004909, mae: 0.049774, r2: 0.762076, val_loss: 0.006063, val_mae: 0.054247, val_r2: 0.709643
2024-05-21 14:44:44 Epoch 29: lr=2.5e-05
2024-05-21 14:45:54 [Epoch: 29] loss: 0.004898, mae: 0.049700, r2: 0.762832, val_loss: 0.006070, val_mae: 0.053979, val_r2: 0.710054
2024-05-21 14:45:54 Epoch 30: lr=2.5e-05
2024-05-21 14:47:05 [Epoch: 30] loss: 0.004889, mae: 0.049647, r2: 0.763118, val_loss: 0.006055, val_mae: 0.054147, val_r2: 0.709560
2024-05-21 14:47:05 Epoch 31: lr=1.25e-05
2024-05-21 14:48:15 [Epoch: 31] loss: 0.004852, mae: 0.049494, r2: 0.764831, val_loss: 0.006034, val_mae: 0.054317, val_r2: 0.711121
2024-05-21 14:48:15 Epoch 32: lr=1.25e-05
2024-05-21 14:49:25 [Epoch: 32] loss: 0.004846, mae: 0.049465, r2: 0.764978, val_loss: 0.006033, val_mae: 0.054386, val_r2: 0.710618
2024-05-21 14:49:25 Epoch 33: lr=1.25e-05
2024-05-21 14:50:36 [Epoch: 33] loss: 0.004829, mae: 0.049380, r2: 0.765648, val_loss: 0.006049, val_mae: 0.053955, val_r2: 0.710438
2024-05-21 14:50:36 Epoch 34: lr=1.25e-05
2024-05-21 14:51:47 [Epoch: 34] loss: 0.004821, mae: 0.049367, r2: 0.766291, val_loss: 0.006056, val_mae: 0.054185, val_r2: 0.709988
2024-05-21 14:51:47 Epoch 35: lr=1.25e-05
2024-05-21 14:52:57 [Epoch: 35] loss: 0.004822, mae: 0.049349, r2: 0.766171, val_loss: 0.006060, val_mae: 0.054033, val_r2: 0.709989
2024-05-21 14:52:57 Epoch 36: lr=1e-05
2024-05-21 14:54:07 [Epoch: 36] loss: 0.004807, mae: 0.049303, r2: 0.767047, val_loss: 0.006028, val_mae: 0.054092, val_r2: 0.710890
2024-05-21 14:54:08 Epoch 37: lr=1e-05
2024-05-21 14:55:18 [Epoch: 37] loss: 0.004808, mae: 0.049258, r2: 0.767085, val_loss: 0.006052, val_mae: 0.054009, val_r2: 0.709863
2024-05-21 14:55:18 Epoch 38: lr=1e-05
2024-05-21 14:56:28 [Epoch: 38] loss: 0.004803, mae: 0.049240, r2: 0.766889, val_loss: 0.006058, val_mae: 0.054351, val_r2: 0.710154
2024-05-21 14:56:28 Epoch 39: lr=1e-05
2024-05-21 14:57:39 [Epoch: 39] loss: 0.004791, mae: 0.049200, r2: 0.767846, val_loss: 0.006060, val_mae: 0.054057, val_r2: 0.709365
2024-05-21 14:57:39 Epoch 40: lr=1e-05
2024-05-21 14:58:49 [Epoch: 40] loss: 0.004796, mae: 0.049203, r2: 0.767440, val_loss: 0.006046, val_mae: 0.054218, val_r2: 0.710151
2024-05-21 14:58:49 Epoch 41: lr=1e-05
2024-05-21 14:59:59 [Epoch: 41] loss: 0.004783, mae: 0.049152, r2: 0.767810, val_loss: 0.006056, val_mae: 0.054161, val_r2: 0.709875
2024-05-21 14:59:59 Epoch 42: lr=1e-05
2024-05-21 15:01:10 [Epoch: 42] loss: 0.004779, mae: 0.049161, r2: 0.768226, val_loss: 0.006070, val_mae: 0.054154, val_r2: 0.708838
2024-05-21 15:01:10 Epoch 43: lr=1e-05
2024-05-21 15:02:20 [Epoch: 43] loss: 0.004766, mae: 0.049070, r2: 0.768891, val_loss: 0.006056, val_mae: 0.054109, val_r2: 0.710070
2024-05-21 15:02:20 Epoch 44: lr=1e-05
2024-05-21 15:03:30 [Epoch: 44] loss: 0.004771, mae: 0.049091, r2: 0.768586, val_loss: 0.006051, val_mae: 0.053978, val_r2: 0.710353
2024-05-21 15:03:30 Epoch 45: lr=1e-05
2024-05-21 15:04:40 [Epoch: 45] loss: 0.004771, mae: 0.049083, r2: 0.768676, val_loss: 0.006051, val_mae: 0.054088, val_r2: 0.710324
2024-05-21 15:04:40 Epoch 46: lr=1e-05
2024-05-21 15:05:51 [Epoch: 46] loss: 0.004752, mae: 0.048999, r2: 0.769462, val_loss: 0.006038, val_mae: 0.054038, val_r2: 0.710396
2024-05-21 15:05:51 history_length: 47
2024-05-21 15:05:51 stopping: early
2024-05-21 15:05:51 Comparing y_true and y_pred:
2024-05-21 15:05:51   mse: 0.06433956
2024-05-21 15:05:51   mae: 0.22286623
2024-05-21 15:05:51   r2: -3.10264608
2024-05-21 15:05:51   corr: 0.20372281
