2024-05-22 17:13:02 UNO RUN ...
2024-05-22 17:13:02 Params: {'model_name': 'uno', 'train_sources': ['CCLE'], 'test_sources': ['train'], 'cell_types': None, 'cell_features': ['rnaseq'], 'drug_features': ['descriptors'], 'dense': [1000, 1000, 1000, 1000, 1000], 'dense_feature_layers': [1000, 1000, 1000], 'activation': 'relu', 'loss': 'mse', 'optimizer': 'adamax', 'scaling': 'std', 'dropout': 0.1, 'epochs': 50, 'batch_size': 32, 'val_split': 0.2, 'cv': 1, 'max_val_loss': 1.0, 'learning_rate': 0.0001, 'base_lr': None, 'agg_dose': 'AUC', 'residual': False, 'reduce_lr': True, 'warmup_lr': True, 'batch_normalization': False, 'feature_subsample': 0, 'rng_seed': 2018, 'no_gen': False, 'verbose': False, 'preprocess_rnaseq': 'source_scale', 'gpus': [0], 'use_landmark_genes': True, 'no_feature_source': True, 'no_response_source': True, 'save_path': '/dev/shm/Uno/save/9000841.amn-0001/84', 'single': True, 'on_memory_loader': True, 'ckpt_checksum': True, 'ckpt_save_interval': 0, 'timeout': -1, 'train_bool': True, 'profiling': False, 'experiment_id': '9000841.amn-0001', 'run_id': '84', 'logfile': '/dev/shm/Uno/save/9000841.amn-0001/84/python.log', 'shuffle': False, 'ckpt_restart_mode': 'off', 'ckpt_skip_epochs': 0, 'ckpt_directory': '/dev/shm/Uno/save/9000841.amn-0001/84', 'ckpt_save_best': True, 'ckpt_save_best_metric': 'val_loss', 'ckpt_save_weights_only': False, 'ckpt_keep_mode': 'linear', 'ckpt_keep_limit': 5, 'by_cell': None, 'by_drug': None, 'cell_subset_path': '', 'drug_subset_path': '', 'drug_median_response_min': -1, 'drug_median_response_max': 1, 'dense_cell_feature_layers': None, 'dense_drug_feature_layers': None, 'use_filtered_genes': False, 'feature_subset_path': '', 'cell_feature_subset_path': '', 'drug_feature_subset_path': '', 'es': True, 'cp': False, 'tb': False, 'tb_prefix': 'tb', 'partition_by': None, 'cache': None, 'export_csv': None, 'export_data': None, 'use_exported_data': '/dev/shm/Uno/x1921c3s6b0n0.84.merged.landmark.h5', 'growth_bins': 0, 'initial_weights': None, 'save_weights': '/dev/shm/Uno/save/9000841.amn-0001/84/0.0.model.h5', 'config_file': '/home/brettin/CSC249ADOA01_CNDA/brettin/Benchmarks/Pilot1/Uno/uno_auc_model.txt', 'data_type': <class 'numpy.float32'>, 'data_dir': '/dev/shm/Uno/uno/Data', 'output_dir': '/dev/shm/Uno/uno/Output/9000841.amn-0001/84'}
2024-05-22 17:13:02 Feature encoding submodel for cell.rnaseq:
2024-05-22 17:13:02 Model: "cell.rnaseq"
2024-05-22 17:13:02 _________________________________________________________________
2024-05-22 17:13:02  Layer (type)                Output Shape              Param #   
2024-05-22 17:13:02 =================================================================
2024-05-22 17:13:02  input_1 (InputLayer)        [(None, 958)]             0         
2024-05-22 17:13:02                                                                  
2024-05-22 17:13:02  dense (Dense)               (None, 1000)              959000    
2024-05-22 17:13:02                                                                  
2024-05-22 17:13:02  permanent_dropout (Permane  (None, 1000)              0         
2024-05-22 17:13:02  ntDropout)                                                      
2024-05-22 17:13:02                                                                  
2024-05-22 17:13:02  dense_1 (Dense)             (None, 1000)              1001000   
2024-05-22 17:13:02                                                                  
2024-05-22 17:13:02  permanent_dropout_1 (Perma  (None, 1000)              0         
2024-05-22 17:13:02  nentDropout)                                                    
2024-05-22 17:13:02                                                                  
2024-05-22 17:13:02  dense_2 (Dense)             (None, 1000)              1001000   
2024-05-22 17:13:02                                                                  
2024-05-22 17:13:02  permanent_dropout_2 (Perma  (None, 1000)              0         
2024-05-22 17:13:02  nentDropout)                                                    
2024-05-22 17:13:02                                                                  
2024-05-22 17:13:02 =================================================================
2024-05-22 17:13:02 Total params: 2961000 (11.30 MB)
2024-05-22 17:13:02 Trainable params: 2961000 (11.30 MB)
2024-05-22 17:13:02 Non-trainable params: 0 (0.00 Byte)
2024-05-22 17:13:02 _________________________________________________________________
2024-05-22 17:13:02 Feature encoding submodel for drug.descriptors:
2024-05-22 17:13:02 Model: "drug.descriptors"
2024-05-22 17:13:02 _________________________________________________________________
2024-05-22 17:13:02  Layer (type)                Output Shape              Param #   
2024-05-22 17:13:02 =================================================================
2024-05-22 17:13:02  input_2 (InputLayer)        [(None, 1613)]            0         
2024-05-22 17:13:02                                                                  
2024-05-22 17:13:02  dense_3 (Dense)             (None, 1000)              1614000   
2024-05-22 17:13:02                                                                  
2024-05-22 17:13:02  permanent_dropout_3 (Perma  (None, 1000)              0         
2024-05-22 17:13:02  nentDropout)                                                    
2024-05-22 17:13:02                                                                  
2024-05-22 17:13:02  dense_4 (Dense)             (None, 1000)              1001000   
2024-05-22 17:13:02                                                                  
2024-05-22 17:13:02  permanent_dropout_4 (Perma  (None, 1000)              0         
2024-05-22 17:13:02  nentDropout)                                                    
2024-05-22 17:13:02                                                                  
2024-05-22 17:13:02  dense_5 (Dense)             (None, 1000)              1001000   
2024-05-22 17:13:02                                                                  
2024-05-22 17:13:02  permanent_dropout_5 (Perma  (None, 1000)              0         
2024-05-22 17:13:02  nentDropout)                                                    
2024-05-22 17:13:02                                                                  
2024-05-22 17:13:02 =================================================================
2024-05-22 17:13:02 Total params: 3616000 (13.79 MB)
2024-05-22 17:13:02 Trainable params: 3616000 (13.79 MB)
2024-05-22 17:13:02 Non-trainable params: 0 (0.00 Byte)
2024-05-22 17:13:02 _________________________________________________________________
2024-05-22 17:13:02 Combined model:
2024-05-22 17:13:02 Model: "model"
2024-05-22 17:13:02 __________________________________________________________________________________________________
2024-05-22 17:13:02  Layer (type)                Output Shape                 Param #   Connected to                  
2024-05-22 17:13:02 ==================================================================================================
2024-05-22 17:13:02  input.cell.rnaseq (InputLa  [(None, 958)]                0         []                            
2024-05-22 17:13:02  yer)                                                                                             
2024-05-22 17:13:02                                                                                                   
2024-05-22 17:13:02  input.drug1.descriptors (I  [(None, 1613)]               0         []                            
2024-05-22 17:13:02  nputLayer)                                                                                       
2024-05-22 17:13:02                                                                                                   
2024-05-22 17:13:02  cell.rnaseq (Functional)    (None, 1000)                 2961000   ['input.cell.rnaseq[0][0]']   
2024-05-22 17:13:02                                                                                                   
2024-05-22 17:13:02  drug.descriptors (Function  (None, 1000)                 3616000   ['input.drug1.descriptors[0][0
2024-05-22 17:13:02  al)                                                                ]']                           
2024-05-22 17:13:02                                                                                                   
2024-05-22 17:13:02  concatenate (Concatenate)   (None, 2000)                 0         ['cell.rnaseq[0][0]',         
2024-05-22 17:13:02                                                                      'drug.descriptors[0][0]']    
2024-05-22 17:13:02                                                                                                   
2024-05-22 17:13:02  dense_6 (Dense)             (None, 1000)                 2001000   ['concatenate[0][0]']         
2024-05-22 17:13:02                                                                                                   
2024-05-22 17:13:02  permanent_dropout_6 (Perma  (None, 1000)                 0         ['dense_6[0][0]']             
2024-05-22 17:13:02  nentDropout)                                                                                     
2024-05-22 17:13:02                                                                                                   
2024-05-22 17:13:02  dense_7 (Dense)             (None, 1000)                 1001000   ['permanent_dropout_6[0][0]'] 
2024-05-22 17:13:02                                                                                                   
2024-05-22 17:13:02  permanent_dropout_7 (Perma  (None, 1000)                 0         ['dense_7[0][0]']             
2024-05-22 17:13:02  nentDropout)                                                                                     
2024-05-22 17:13:02                                                                                                   
2024-05-22 17:13:02  dense_8 (Dense)             (None, 1000)                 1001000   ['permanent_dropout_7[0][0]'] 
2024-05-22 17:13:02                                                                                                   
2024-05-22 17:13:02  permanent_dropout_8 (Perma  (None, 1000)                 0         ['dense_8[0][0]']             
2024-05-22 17:13:02  nentDropout)                                                                                     
2024-05-22 17:13:02                                                                                                   
2024-05-22 17:13:02  dense_9 (Dense)             (None, 1000)                 1001000   ['permanent_dropout_8[0][0]'] 
2024-05-22 17:13:02                                                                                                   
2024-05-22 17:13:02  permanent_dropout_9 (Perma  (None, 1000)                 0         ['dense_9[0][0]']             
2024-05-22 17:13:02  nentDropout)                                                                                     
2024-05-22 17:13:02                                                                                                   
2024-05-22 17:13:02  dense_10 (Dense)            (None, 1000)                 1001000   ['permanent_dropout_9[0][0]'] 
2024-05-22 17:13:02                                                                                                   
2024-05-22 17:13:02  permanent_dropout_10 (Perm  (None, 1000)                 0         ['dense_10[0][0]']            
2024-05-22 17:13:02  anentDropout)                                                                                    
2024-05-22 17:13:02                                                                                                   
2024-05-22 17:13:02  dense_11 (Dense)            (None, 1)                    1001      ['permanent_dropout_10[0][0]']
2024-05-22 17:13:02                                                                                                   
2024-05-22 17:13:02 ==================================================================================================
2024-05-22 17:13:02 Total params: 12583001 (48.00 MB)
2024-05-22 17:13:02 Trainable params: 12583001 (48.00 MB)
2024-05-22 17:13:02 Non-trainable params: 0 (0.00 Byte)
2024-05-22 17:13:02 __________________________________________________________________________________________________
2024-05-22 17:13:03 CKPT CONSTRUCT...
2024-05-22 17:13:03 CKPT CONSTRUCT OK.
2024-05-22 17:13:03 template model: <keras.src.engine.functional.Functional object at 0x146784f09a00>
2024-05-22 17:13:04 COMPILE
2024-05-22 17:13:04 Will save weights to: /dev/shm/Uno/save/9000841.amn-0001/84/0.0.model.h5
2024-05-22 17:13:21 Between random pairs in y_val:
2024-05-22 17:13:21   mse: 0.04691196
2024-05-22 17:13:21   mae: 0.15873281
2024-05-22 17:13:21   r2: -0.99492858
2024-05-22 17:13:21   corr: 0.00253571
2024-05-22 17:13:21 Data points per epoch: train = 469252, val = 117313, test = 1144
2024-05-22 17:13:21 Steps per epoch: train = 14664, val = 3666, test = 35
2024-05-22 17:13:21 Epoch 0: lr=0.001
2024-05-22 17:14:35 [Epoch: 0] loss: 0.025256, mae: 0.079576, r2: -0.333857, val_loss: 0.008683, val_mae: 0.066815, val_r2: 0.586895
2024-05-22 17:14:35 Epoch 1: lr=0.00082
2024-05-22 17:15:47 [Epoch: 1] loss: 0.008000, mae: 0.063979, r2: 0.622890, val_loss: 0.007731, val_mae: 0.062377, val_r2: 0.634501
2024-05-22 17:15:47 Epoch 2: lr=0.00064
2024-05-22 17:17:00 [Epoch: 2] loss: 0.007336, mae: 0.060908, r2: 0.653198, val_loss: 0.007217, val_mae: 0.060980, val_r2: 0.654554
2024-05-22 17:17:00 Epoch 3: lr=0.00046
2024-05-22 17:18:12 [Epoch: 3] loss: 0.006851, mae: 0.058702, r2: 0.675313, val_loss: 0.006830, val_mae: 0.059009, val_r2: 0.671728
2024-05-22 17:18:12 Epoch 4: lr=0.00028
2024-05-22 17:19:24 [Epoch: 4] loss: 0.006465, mae: 0.056996, r2: 0.692836, val_loss: 0.006517, val_mae: 0.056882, val_r2: 0.684286
2024-05-22 17:19:24 Epoch 5: lr=0.0001
2024-05-22 17:20:36 [Epoch: 5] loss: 0.006133, mae: 0.055422, r2: 0.707982, val_loss: 0.006395, val_mae: 0.056840, val_r2: 0.690539
2024-05-22 17:20:36 Epoch 6: lr=0.0001
2024-05-22 17:21:48 [Epoch: 6] loss: 0.006018, mae: 0.054918, r2: 0.713318, val_loss: 0.006361, val_mae: 0.056526, val_r2: 0.690960
2024-05-22 17:21:48 Epoch 7: lr=0.0001
2024-05-22 17:23:00 [Epoch: 7] loss: 0.005939, mae: 0.054573, r2: 0.716920, val_loss: 0.006335, val_mae: 0.055689, val_r2: 0.691242
2024-05-22 17:23:00 Epoch 8: lr=0.0001
2024-05-22 17:24:13 [Epoch: 8] loss: 0.005868, mae: 0.054227, r2: 0.720247, val_loss: 0.006365, val_mae: 0.055456, val_r2: 0.692993
2024-05-22 17:24:13 Epoch 9: lr=0.0001
2024-05-22 17:25:25 [Epoch: 9] loss: 0.005813, mae: 0.053966, r2: 0.722732, val_loss: 0.006248, val_mae: 0.055402, val_r2: 0.697552
2024-05-22 17:25:25 Epoch 10: lr=0.0001
2024-05-22 17:26:37 [Epoch: 10] loss: 0.005741, mae: 0.053658, r2: 0.725913, val_loss: 0.006245, val_mae: 0.055447, val_r2: 0.697515
2024-05-22 17:26:37 Epoch 11: lr=0.0001
2024-05-22 17:27:49 [Epoch: 11] loss: 0.005694, mae: 0.053459, r2: 0.728152, val_loss: 0.006233, val_mae: 0.054907, val_r2: 0.698390
2024-05-22 17:27:49 Epoch 12: lr=0.0001
2024-05-22 17:29:01 [Epoch: 12] loss: 0.005626, mae: 0.053143, r2: 0.731100, val_loss: 0.006205, val_mae: 0.054896, val_r2: 0.699930
2024-05-22 17:29:01 Epoch 13: lr=0.0001
2024-05-22 17:30:13 [Epoch: 13] loss: 0.005570, mae: 0.052873, r2: 0.733842, val_loss: 0.006168, val_mae: 0.055074, val_r2: 0.700041
2024-05-22 17:30:13 Epoch 14: lr=0.0001
2024-05-22 17:31:26 [Epoch: 14] loss: 0.005514, mae: 0.052612, r2: 0.736568, val_loss: 0.006132, val_mae: 0.054832, val_r2: 0.703183
2024-05-22 17:31:26 Epoch 15: lr=0.0001
2024-05-22 17:32:38 [Epoch: 15] loss: 0.005463, mae: 0.052399, r2: 0.738722, val_loss: 0.006190, val_mae: 0.055593, val_r2: 0.699054
2024-05-22 17:32:38 Epoch 16: lr=0.0001
2024-05-22 17:33:50 [Epoch: 16] loss: 0.005415, mae: 0.052138, r2: 0.741390, val_loss: 0.006151, val_mae: 0.054607, val_r2: 0.701187
2024-05-22 17:33:50 Epoch 17: lr=0.0001
2024-05-22 17:35:02 [Epoch: 17] loss: 0.005362, mae: 0.051903, r2: 0.743798, val_loss: 0.006085, val_mae: 0.054847, val_r2: 0.704563
2024-05-22 17:35:02 Epoch 18: lr=0.0001
2024-05-22 17:36:14 [Epoch: 18] loss: 0.005314, mae: 0.051698, r2: 0.745704, val_loss: 0.006089, val_mae: 0.054671, val_r2: 0.703800
2024-05-22 17:36:14 Epoch 19: lr=0.0001
2024-05-22 17:37:26 [Epoch: 19] loss: 0.005272, mae: 0.051481, r2: 0.747666, val_loss: 0.006131, val_mae: 0.054326, val_r2: 0.701789
2024-05-22 17:37:26 Epoch 20: lr=5e-05
2024-05-22 17:38:38 [Epoch: 20] loss: 0.005144, mae: 0.050911, r2: 0.753568, val_loss: 0.006067, val_mae: 0.054410, val_r2: 0.705168
2024-05-22 17:38:38 Epoch 21: lr=5e-05
2024-05-22 17:39:50 [Epoch: 21] loss: 0.005115, mae: 0.050760, r2: 0.755016, val_loss: 0.006101, val_mae: 0.054529, val_r2: 0.701963
2024-05-22 17:39:50 Epoch 22: lr=5e-05
2024-05-22 17:41:02 [Epoch: 22] loss: 0.005082, mae: 0.050602, r2: 0.756470, val_loss: 0.006072, val_mae: 0.054160, val_r2: 0.704978
2024-05-22 17:41:03 Epoch 23: lr=5e-05
2024-05-22 17:42:15 [Epoch: 23] loss: 0.005060, mae: 0.050501, r2: 0.757530, val_loss: 0.006055, val_mae: 0.054008, val_r2: 0.706605
2024-05-22 17:42:15 Epoch 24: lr=5e-05
2024-05-22 17:43:27 [Epoch: 24] loss: 0.005035, mae: 0.050366, r2: 0.758523, val_loss: 0.006059, val_mae: 0.053942, val_r2: 0.706275
2024-05-22 17:43:27 Epoch 25: lr=2.5e-05
2024-05-22 17:44:39 [Epoch: 25] loss: 0.004969, mae: 0.050067, r2: 0.761825, val_loss: 0.006065, val_mae: 0.054300, val_r2: 0.704708
2024-05-22 17:44:39 Epoch 26: lr=2.5e-05
2024-05-22 17:45:51 [Epoch: 26] loss: 0.004948, mae: 0.049959, r2: 0.762744, val_loss: 0.006064, val_mae: 0.054145, val_r2: 0.704874
2024-05-22 17:45:51 Epoch 27: lr=2.5e-05
2024-05-22 17:47:03 [Epoch: 27] loss: 0.004935, mae: 0.049916, r2: 0.763306, val_loss: 0.006062, val_mae: 0.054171, val_r2: 0.705037
2024-05-22 17:47:03 Epoch 28: lr=2.5e-05
2024-05-22 17:48:15 [Epoch: 28] loss: 0.004921, mae: 0.049832, r2: 0.763995, val_loss: 0.006075, val_mae: 0.054341, val_r2: 0.704227
2024-05-22 17:48:15 Epoch 29: lr=2.5e-05
2024-05-22 17:49:27 [Epoch: 29] loss: 0.004899, mae: 0.049733, r2: 0.765024, val_loss: 0.006074, val_mae: 0.054029, val_r2: 0.704653
2024-05-22 17:49:28 Epoch 30: lr=1.25e-05
2024-05-22 17:50:40 [Epoch: 30] loss: 0.004876, mae: 0.049650, r2: 0.765868, val_loss: 0.006070, val_mae: 0.053937, val_r2: 0.704783
2024-05-22 17:50:40 Epoch 31: lr=1.25e-05
2024-05-22 17:51:52 [Epoch: 31] loss: 0.004860, mae: 0.049515, r2: 0.766893, val_loss: 0.006077, val_mae: 0.054224, val_r2: 0.704681
2024-05-22 17:51:52 Epoch 32: lr=1.25e-05
2024-05-22 17:53:04 [Epoch: 32] loss: 0.004858, mae: 0.049533, r2: 0.766725, val_loss: 0.006082, val_mae: 0.054126, val_r2: 0.704696
2024-05-22 17:53:04 Epoch 33: lr=1.25e-05
2024-05-22 17:54:16 [Epoch: 33] loss: 0.004852, mae: 0.049490, r2: 0.767195, val_loss: 0.006045, val_mae: 0.053985, val_r2: 0.706307
2024-05-22 17:54:16 Epoch 34: lr=1.25e-05
2024-05-22 17:55:28 [Epoch: 34] loss: 0.004846, mae: 0.049486, r2: 0.767563, val_loss: 0.006065, val_mae: 0.054159, val_r2: 0.704715
2024-05-22 17:55:28 Epoch 35: lr=1e-05
2024-05-22 17:56:40 [Epoch: 35] loss: 0.004831, mae: 0.049399, r2: 0.768160, val_loss: 0.006079, val_mae: 0.054025, val_r2: 0.704075
2024-05-22 17:56:40 Epoch 36: lr=1e-05
2024-05-22 17:57:52 [Epoch: 36] loss: 0.004818, mae: 0.049333, r2: 0.768654, val_loss: 0.006063, val_mae: 0.054117, val_r2: 0.704938
2024-05-22 17:57:52 Epoch 37: lr=1e-05
2024-05-22 17:59:04 [Epoch: 37] loss: 0.004819, mae: 0.049372, r2: 0.768653, val_loss: 0.006091, val_mae: 0.054366, val_r2: 0.704055
2024-05-22 17:59:04 Epoch 38: lr=1e-05
2024-05-22 18:00:16 [Epoch: 38] loss: 0.004812, mae: 0.049323, r2: 0.768997, val_loss: 0.006061, val_mae: 0.054153, val_r2: 0.704920
2024-05-22 18:00:16 Epoch 39: lr=1e-05
2024-05-22 18:01:28 [Epoch: 39] loss: 0.004808, mae: 0.049235, r2: 0.769227, val_loss: 0.006049, val_mae: 0.054007, val_r2: 0.706217
2024-05-22 18:01:28 Epoch 40: lr=1e-05
2024-05-22 18:02:40 [Epoch: 40] loss: 0.004806, mae: 0.049293, r2: 0.769495, val_loss: 0.006048, val_mae: 0.054145, val_r2: 0.705669
2024-05-22 18:02:40 Epoch 41: lr=1e-05
2024-05-22 18:03:51 [Epoch: 41] loss: 0.004798, mae: 0.049245, r2: 0.769659, val_loss: 0.006056, val_mae: 0.054095, val_r2: 0.706318
2024-05-22 18:03:51 Epoch 42: lr=1e-05
2024-05-22 18:05:03 [Epoch: 42] loss: 0.004784, mae: 0.049191, r2: 0.770136, val_loss: 0.006046, val_mae: 0.053971, val_r2: 0.706085
2024-05-22 18:05:03 Epoch 43: lr=1e-05
2024-05-22 18:06:14 [Epoch: 43] loss: 0.004789, mae: 0.049203, r2: 0.770146, val_loss: 0.006057, val_mae: 0.053955, val_r2: 0.705245
2024-05-22 18:06:15 history_length: 44
2024-05-22 18:06:15 stopping: early
2024-05-22 18:06:15 Comparing y_true and y_pred:
2024-05-22 18:06:15   mse: 0.00489740
2024-05-22 18:06:15   mae: 0.05448113
2024-05-22 18:06:15   r2: -0.29294314
2024-05-22 18:06:15   corr: 0.22906748
