2024-05-18 17:28:38 UNO RUN ...
2024-05-18 17:28:38 Params: {'model_name': 'uno', 'train_sources': ['CCLE'], 'test_sources': ['train'], 'cell_types': None, 'cell_features': ['rnaseq'], 'drug_features': ['descriptors'], 'dense': [1000, 1000, 1000, 1000, 1000], 'dense_feature_layers': [1000, 1000, 1000], 'activation': 'relu', 'loss': 'mse', 'optimizer': 'adamax', 'scaling': 'std', 'dropout': 0.1, 'epochs': 75, 'batch_size': 32, 'val_split': 0.2, 'cv': 1, 'max_val_loss': 1.0, 'learning_rate': 0.0001, 'base_lr': None, 'agg_dose': 'AUC', 'residual': False, 'reduce_lr': True, 'warmup_lr': True, 'batch_normalization': False, 'feature_subsample': 0, 'rng_seed': 2018, 'no_gen': False, 'verbose': False, 'preprocess_rnaseq': 'source_scale', 'gpus': [0], 'use_landmark_genes': True, 'no_feature_source': True, 'no_response_source': True, 'save_path': '/dev/shm/Uno/save/8999189.amn-0001/71', 'single': True, 'on_memory_loader': True, 'ckpt_checksum': True, 'ckpt_save_interval': 0, 'timeout': -1, 'train_bool': True, 'profiling': False, 'experiment_id': '8999189.amn-0001', 'run_id': '71', 'logfile': '/dev/shm/Uno/save/8999189.amn-0001/71/python.log', 'shuffle': False, 'ckpt_restart_mode': 'off', 'ckpt_skip_epochs': 0, 'ckpt_directory': '/dev/shm/Uno/save/8999189.amn-0001/71', 'ckpt_save_best': True, 'ckpt_save_best_metric': 'val_loss', 'ckpt_save_weights_only': False, 'ckpt_keep_mode': 'linear', 'ckpt_keep_limit': 5, 'by_cell': None, 'by_drug': None, 'cell_subset_path': '', 'drug_subset_path': '', 'drug_median_response_min': -1, 'drug_median_response_max': 1, 'dense_cell_feature_layers': None, 'dense_drug_feature_layers': None, 'use_filtered_genes': False, 'feature_subset_path': '', 'cell_feature_subset_path': '', 'drug_feature_subset_path': '', 'es': True, 'cp': False, 'tb': False, 'tb_prefix': 'tb', 'partition_by': None, 'cache': None, 'export_csv': None, 'export_data': None, 'use_exported_data': '/dev/shm/Uno/x1922c3s7b0n0.71.merged.landmark.h5', 'growth_bins': 0, 'initial_weights': None, 'save_weights': '/dev/shm/Uno/save/8999189.amn-0001/71/5.1.model.h5', 'config_file': '/home/brettin/CSC249ADOA01_CNDA/brettin/Benchmarks/Pilot1/Uno/uno_auc_model.txt', 'data_type': <class 'numpy.float32'>, 'data_dir': '/dev/shm/Uno/uno/Data', 'output_dir': '/dev/shm/Uno/uno/Output/8999189.amn-0001/71'}
2024-05-18 17:28:38 Feature encoding submodel for cell.rnaseq:
2024-05-18 17:28:38 Model: "cell.rnaseq"
2024-05-18 17:28:38 _________________________________________________________________
2024-05-18 17:28:38  Layer (type)                Output Shape              Param #   
2024-05-18 17:28:38 =================================================================
2024-05-18 17:28:38  input_1 (InputLayer)        [(None, 958)]             0         
2024-05-18 17:28:38                                                                  
2024-05-18 17:28:38  dense (Dense)               (None, 1000)              959000    
2024-05-18 17:28:38                                                                  
2024-05-18 17:28:38  permanent_dropout (Permane  (None, 1000)              0         
2024-05-18 17:28:38  ntDropout)                                                      
2024-05-18 17:28:38                                                                  
2024-05-18 17:28:38  dense_1 (Dense)             (None, 1000)              1001000   
2024-05-18 17:28:38                                                                  
2024-05-18 17:28:38  permanent_dropout_1 (Perma  (None, 1000)              0         
2024-05-18 17:28:38  nentDropout)                                                    
2024-05-18 17:28:38                                                                  
2024-05-18 17:28:38  dense_2 (Dense)             (None, 1000)              1001000   
2024-05-18 17:28:38                                                                  
2024-05-18 17:28:38  permanent_dropout_2 (Perma  (None, 1000)              0         
2024-05-18 17:28:38  nentDropout)                                                    
2024-05-18 17:28:38                                                                  
2024-05-18 17:28:38 =================================================================
2024-05-18 17:28:38 Total params: 2961000 (11.30 MB)
2024-05-18 17:28:38 Trainable params: 2961000 (11.30 MB)
2024-05-18 17:28:38 Non-trainable params: 0 (0.00 Byte)
2024-05-18 17:28:38 _________________________________________________________________
2024-05-18 17:28:38 Feature encoding submodel for drug.descriptors:
2024-05-18 17:28:38 Model: "drug.descriptors"
2024-05-18 17:28:38 _________________________________________________________________
2024-05-18 17:28:38  Layer (type)                Output Shape              Param #   
2024-05-18 17:28:38 =================================================================
2024-05-18 17:28:38  input_2 (InputLayer)        [(None, 1613)]            0         
2024-05-18 17:28:38                                                                  
2024-05-18 17:28:38  dense_3 (Dense)             (None, 1000)              1614000   
2024-05-18 17:28:38                                                                  
2024-05-18 17:28:38  permanent_dropout_3 (Perma  (None, 1000)              0         
2024-05-18 17:28:38  nentDropout)                                                    
2024-05-18 17:28:38                                                                  
2024-05-18 17:28:38  dense_4 (Dense)             (None, 1000)              1001000   
2024-05-18 17:28:38                                                                  
2024-05-18 17:28:38  permanent_dropout_4 (Perma  (None, 1000)              0         
2024-05-18 17:28:38  nentDropout)                                                    
2024-05-18 17:28:38                                                                  
2024-05-18 17:28:38  dense_5 (Dense)             (None, 1000)              1001000   
2024-05-18 17:28:38                                                                  
2024-05-18 17:28:38  permanent_dropout_5 (Perma  (None, 1000)              0         
2024-05-18 17:28:38  nentDropout)                                                    
2024-05-18 17:28:38                                                                  
2024-05-18 17:28:38 =================================================================
2024-05-18 17:28:38 Total params: 3616000 (13.79 MB)
2024-05-18 17:28:38 Trainable params: 3616000 (13.79 MB)
2024-05-18 17:28:38 Non-trainable params: 0 (0.00 Byte)
2024-05-18 17:28:38 _________________________________________________________________
2024-05-18 17:28:38 Combined model:
2024-05-18 17:28:38 Model: "model"
2024-05-18 17:28:38 __________________________________________________________________________________________________
2024-05-18 17:28:38  Layer (type)                Output Shape                 Param #   Connected to                  
2024-05-18 17:28:38 ==================================================================================================
2024-05-18 17:28:38  input.cell.rnaseq (InputLa  [(None, 958)]                0         []                            
2024-05-18 17:28:38  yer)                                                                                             
2024-05-18 17:28:38                                                                                                   
2024-05-18 17:28:38  input.drug1.descriptors (I  [(None, 1613)]               0         []                            
2024-05-18 17:28:38  nputLayer)                                                                                       
2024-05-18 17:28:38                                                                                                   
2024-05-18 17:28:38  cell.rnaseq (Functional)    (None, 1000)                 2961000   ['input.cell.rnaseq[0][0]']   
2024-05-18 17:28:38                                                                                                   
2024-05-18 17:28:38  drug.descriptors (Function  (None, 1000)                 3616000   ['input.drug1.descriptors[0][0
2024-05-18 17:28:38  al)                                                                ]']                           
2024-05-18 17:28:38                                                                                                   
2024-05-18 17:28:38  concatenate (Concatenate)   (None, 2000)                 0         ['cell.rnaseq[0][0]',         
2024-05-18 17:28:38                                                                      'drug.descriptors[0][0]']    
2024-05-18 17:28:38                                                                                                   
2024-05-18 17:28:38  dense_6 (Dense)             (None, 1000)                 2001000   ['concatenate[0][0]']         
2024-05-18 17:28:38                                                                                                   
2024-05-18 17:28:38  permanent_dropout_6 (Perma  (None, 1000)                 0         ['dense_6[0][0]']             
2024-05-18 17:28:38  nentDropout)                                                                                     
2024-05-18 17:28:38                                                                                                   
2024-05-18 17:28:38  dense_7 (Dense)             (None, 1000)                 1001000   ['permanent_dropout_6[0][0]'] 
2024-05-18 17:28:38                                                                                                   
2024-05-18 17:28:38  permanent_dropout_7 (Perma  (None, 1000)                 0         ['dense_7[0][0]']             
2024-05-18 17:28:38  nentDropout)                                                                                     
2024-05-18 17:28:38                                                                                                   
2024-05-18 17:28:38  dense_8 (Dense)             (None, 1000)                 1001000   ['permanent_dropout_7[0][0]'] 
2024-05-18 17:28:38                                                                                                   
2024-05-18 17:28:38  permanent_dropout_8 (Perma  (None, 1000)                 0         ['dense_8[0][0]']             
2024-05-18 17:28:38  nentDropout)                                                                                     
2024-05-18 17:28:38                                                                                                   
2024-05-18 17:28:38  dense_9 (Dense)             (None, 1000)                 1001000   ['permanent_dropout_8[0][0]'] 
2024-05-18 17:28:38                                                                                                   
2024-05-18 17:28:38  permanent_dropout_9 (Perma  (None, 1000)                 0         ['dense_9[0][0]']             
2024-05-18 17:28:38  nentDropout)                                                                                     
2024-05-18 17:28:38                                                                                                   
2024-05-18 17:28:38  dense_10 (Dense)            (None, 1000)                 1001000   ['permanent_dropout_9[0][0]'] 
2024-05-18 17:28:38                                                                                                   
2024-05-18 17:28:38  permanent_dropout_10 (Perm  (None, 1000)                 0         ['dense_10[0][0]']            
2024-05-18 17:28:38  anentDropout)                                                                                    
2024-05-18 17:28:38                                                                                                   
2024-05-18 17:28:38  dense_11 (Dense)            (None, 1)                    1001      ['permanent_dropout_10[0][0]']
2024-05-18 17:28:38                                                                                                   
2024-05-18 17:28:38 ==================================================================================================
2024-05-18 17:28:38 Total params: 12583001 (48.00 MB)
2024-05-18 17:28:38 Trainable params: 12583001 (48.00 MB)
2024-05-18 17:28:38 Non-trainable params: 0 (0.00 Byte)
2024-05-18 17:28:38 __________________________________________________________________________________________________
2024-05-18 17:28:38 CKPT CONSTRUCT...
2024-05-18 17:28:38 CKPT CONSTRUCT OK.
2024-05-18 17:28:38 template model: <keras.src.engine.functional.Functional object at 0x14b6b4d31a00>
2024-05-18 17:28:40 COMPILE
2024-05-18 17:28:40 Will save weights to: /dev/shm/Uno/save/8999189.amn-0001/71/5.1.model.h5
2024-05-18 17:28:56 Between random pairs in y_val:
2024-05-18 17:28:56   mse: 0.04766776
2024-05-18 17:28:56   mae: 0.15991829
2024-05-18 17:28:56   r2: -1.00455735
2024-05-18 17:28:56   corr: -0.00227867
2024-05-18 17:28:56 Data points per epoch: train = 469876, val = 117469, test = 364
2024-05-18 17:28:56 Steps per epoch: train = 14683, val = 3670, test = 11
2024-05-18 17:28:56 Epoch 0: lr=0.001
2024-05-18 17:30:09 [Epoch: 0] loss: 0.034194, mae: 0.079908, r2: -0.767758, val_loss: 0.008639, val_mae: 0.067151, val_r2: 0.600224
2024-05-18 17:30:10 Epoch 1: lr=0.00082
2024-05-18 17:31:21 [Epoch: 1] loss: 0.008006, mae: 0.064087, r2: 0.619699, val_loss: 0.008230, val_mae: 0.065915, val_r2: 0.599734
2024-05-18 17:31:21 Epoch 2: lr=0.00064
2024-05-18 17:32:32 [Epoch: 2] loss: 0.007310, mae: 0.060904, r2: 0.651824, val_loss: 0.007216, val_mae: 0.059656, val_r2: 0.658178
2024-05-18 17:32:32 Epoch 3: lr=0.00046
2024-05-18 17:33:43 [Epoch: 3] loss: 0.006843, mae: 0.058740, r2: 0.673477, val_loss: 0.006892, val_mae: 0.058623, val_r2: 0.669897
2024-05-18 17:33:43 Epoch 4: lr=0.00028
2024-05-18 17:34:55 [Epoch: 4] loss: 0.006453, mae: 0.056973, r2: 0.691211, val_loss: 0.006665, val_mae: 0.057698, val_r2: 0.682780
2024-05-18 17:34:55 Epoch 5: lr=0.0001
2024-05-18 17:36:06 [Epoch: 5] loss: 0.006108, mae: 0.055381, r2: 0.707125, val_loss: 0.006479, val_mae: 0.056089, val_r2: 0.690961
2024-05-18 17:36:06 Epoch 6: lr=0.0001
2024-05-18 17:37:18 [Epoch: 6] loss: 0.005997, mae: 0.054868, r2: 0.712357, val_loss: 0.006439, val_mae: 0.056340, val_r2: 0.692600
2024-05-18 17:37:18 Epoch 7: lr=0.0001
2024-05-18 17:38:29 [Epoch: 7] loss: 0.005928, mae: 0.054537, r2: 0.715431, val_loss: 0.006394, val_mae: 0.056078, val_r2: 0.694195
2024-05-18 17:38:29 Epoch 8: lr=0.0001
2024-05-18 17:39:40 [Epoch: 8] loss: 0.005851, mae: 0.054209, r2: 0.719128, val_loss: 0.006361, val_mae: 0.055526, val_r2: 0.695629
2024-05-18 17:39:40 Epoch 9: lr=0.0001
2024-05-18 17:40:52 [Epoch: 9] loss: 0.005794, mae: 0.053952, r2: 0.721451, val_loss: 0.006355, val_mae: 0.056020, val_r2: 0.696537
2024-05-18 17:40:52 Epoch 10: lr=0.0001
2024-05-18 17:42:03 [Epoch: 10] loss: 0.005717, mae: 0.053627, r2: 0.725415, val_loss: 0.006346, val_mae: 0.055196, val_r2: 0.697582
2024-05-18 17:42:04 Epoch 11: lr=0.0001
2024-05-18 17:43:15 [Epoch: 11] loss: 0.005663, mae: 0.053348, r2: 0.727923, val_loss: 0.006279, val_mae: 0.055167, val_r2: 0.699951
2024-05-18 17:43:15 Epoch 12: lr=0.0001
2024-05-18 17:44:26 [Epoch: 12] loss: 0.005616, mae: 0.053113, r2: 0.730226, val_loss: 0.006286, val_mae: 0.055737, val_r2: 0.698457
2024-05-18 17:44:26 Epoch 13: lr=0.0001
2024-05-18 17:45:37 [Epoch: 13] loss: 0.005554, mae: 0.052881, r2: 0.733081, val_loss: 0.006259, val_mae: 0.055625, val_r2: 0.700740
2024-05-18 17:45:37 Epoch 14: lr=0.0001
2024-05-18 17:46:49 [Epoch: 14] loss: 0.005497, mae: 0.052575, r2: 0.735754, val_loss: 0.006272, val_mae: 0.054995, val_r2: 0.699558
2024-05-18 17:46:49 Epoch 15: lr=0.0001
2024-05-18 17:48:00 [Epoch: 15] loss: 0.005440, mae: 0.052355, r2: 0.738231, val_loss: 0.006228, val_mae: 0.055300, val_r2: 0.702595
2024-05-18 17:48:00 Epoch 16: lr=0.0001
2024-05-18 17:49:11 [Epoch: 16] loss: 0.005394, mae: 0.052082, r2: 0.740515, val_loss: 0.006223, val_mae: 0.055675, val_r2: 0.703194
2024-05-18 17:49:11 Epoch 17: lr=0.0001
2024-05-18 17:50:22 [Epoch: 17] loss: 0.005351, mae: 0.051912, r2: 0.742622, val_loss: 0.006194, val_mae: 0.054890, val_r2: 0.702634
2024-05-18 17:50:22 Epoch 18: lr=0.0001
2024-05-18 17:51:34 [Epoch: 18] loss: 0.005307, mae: 0.051702, r2: 0.744531, val_loss: 0.006159, val_mae: 0.054606, val_r2: 0.705397
2024-05-18 17:51:34 Epoch 19: lr=5e-05
2024-05-18 17:52:45 [Epoch: 19] loss: 0.005180, mae: 0.051098, r2: 0.750664, val_loss: 0.006154, val_mae: 0.054621, val_r2: 0.705327
2024-05-18 17:52:45 Epoch 20: lr=5e-05
2024-05-18 17:53:56 [Epoch: 20] loss: 0.005144, mae: 0.050970, r2: 0.752407, val_loss: 0.006142, val_mae: 0.054641, val_r2: 0.706584
2024-05-18 17:53:57 Epoch 21: lr=5e-05
2024-05-18 17:55:08 [Epoch: 21] loss: 0.005107, mae: 0.050773, r2: 0.754108, val_loss: 0.006118, val_mae: 0.054382, val_r2: 0.706545
2024-05-18 17:55:08 Epoch 22: lr=5e-05
2024-05-18 17:56:19 [Epoch: 22] loss: 0.005080, mae: 0.050639, r2: 0.754980, val_loss: 0.006145, val_mae: 0.055155, val_r2: 0.705814
2024-05-18 17:56:19 Epoch 23: lr=5e-05
2024-05-18 17:57:31 [Epoch: 23] loss: 0.005056, mae: 0.050578, r2: 0.756429, val_loss: 0.006158, val_mae: 0.054612, val_r2: 0.705215
2024-05-18 17:57:31 Epoch 24: lr=5e-05
2024-05-18 17:58:42 [Epoch: 24] loss: 0.005027, mae: 0.050360, r2: 0.757719, val_loss: 0.006125, val_mae: 0.054652, val_r2: 0.706140
2024-05-18 17:58:42 Epoch 25: lr=2.5e-05
2024-05-18 17:59:53 [Epoch: 25] loss: 0.004956, mae: 0.050088, r2: 0.760846, val_loss: 0.006108, val_mae: 0.054449, val_r2: 0.707705
2024-05-18 17:59:53 Epoch 26: lr=2.5e-05
2024-05-18 18:01:04 [Epoch: 26] loss: 0.004944, mae: 0.049979, r2: 0.761528, val_loss: 0.006148, val_mae: 0.054260, val_r2: 0.705860
2024-05-18 18:01:05 Epoch 27: lr=2.5e-05
2024-05-18 18:02:15 [Epoch: 27] loss: 0.004925, mae: 0.049925, r2: 0.762586, val_loss: 0.006117, val_mae: 0.054658, val_r2: 0.706823
2024-05-18 18:02:16 Epoch 28: lr=2.5e-05
2024-05-18 18:03:27 [Epoch: 28] loss: 0.004915, mae: 0.049838, r2: 0.762993, val_loss: 0.006143, val_mae: 0.054371, val_r2: 0.705843
2024-05-18 18:03:27 Epoch 29: lr=2.5e-05
2024-05-18 18:04:38 [Epoch: 29] loss: 0.004895, mae: 0.049767, r2: 0.763931, val_loss: 0.006133, val_mae: 0.054563, val_r2: 0.705781
2024-05-18 18:04:38 Epoch 30: lr=1.25e-05
2024-05-18 18:05:49 [Epoch: 30] loss: 0.004870, mae: 0.049631, r2: 0.765064, val_loss: 0.006112, val_mae: 0.054491, val_r2: 0.707425
2024-05-18 18:05:49 Epoch 31: lr=1.25e-05
2024-05-18 18:07:01 [Epoch: 31] loss: 0.004854, mae: 0.049552, r2: 0.765882, val_loss: 0.006097, val_mae: 0.054279, val_r2: 0.706910
2024-05-18 18:07:01 Epoch 32: lr=1.25e-05
2024-05-18 18:08:12 [Epoch: 32] loss: 0.004847, mae: 0.049524, r2: 0.766052, val_loss: 0.006117, val_mae: 0.054532, val_r2: 0.706290
2024-05-18 18:08:12 Epoch 33: lr=1.25e-05
2024-05-18 18:09:24 [Epoch: 33] loss: 0.004842, mae: 0.049480, r2: 0.766330, val_loss: 0.006101, val_mae: 0.054153, val_r2: 0.707617
2024-05-18 18:09:24 Epoch 34: lr=1.25e-05
2024-05-18 18:10:35 [Epoch: 34] loss: 0.004838, mae: 0.049467, r2: 0.766562, val_loss: 0.006146, val_mae: 0.054392, val_r2: 0.705646
2024-05-18 18:10:35 Epoch 35: lr=1e-05
2024-05-18 18:11:47 [Epoch: 35] loss: 0.004832, mae: 0.049446, r2: 0.766780, val_loss: 0.006150, val_mae: 0.054437, val_r2: 0.704927
2024-05-18 18:11:47 Epoch 36: lr=1e-05
2024-05-18 18:12:58 [Epoch: 36] loss: 0.004822, mae: 0.049389, r2: 0.767200, val_loss: 0.006135, val_mae: 0.054188, val_r2: 0.706357
2024-05-18 18:12:58 Epoch 37: lr=1e-05
2024-05-18 18:14:10 [Epoch: 37] loss: 0.004819, mae: 0.049368, r2: 0.767386, val_loss: 0.006122, val_mae: 0.054271, val_r2: 0.706474
2024-05-18 18:14:10 Epoch 38: lr=1e-05
2024-05-18 18:15:20 [Epoch: 38] loss: 0.004812, mae: 0.049304, r2: 0.767578, val_loss: 0.006152, val_mae: 0.054469, val_r2: 0.705065
2024-05-18 18:15:20 Epoch 39: lr=1e-05
2024-05-18 18:16:31 [Epoch: 39] loss: 0.004809, mae: 0.049347, r2: 0.767923, val_loss: 0.006129, val_mae: 0.054296, val_r2: 0.706869
2024-05-18 18:16:31 Epoch 40: lr=1e-05
2024-05-18 18:17:43 [Epoch: 40] loss: 0.004805, mae: 0.049294, r2: 0.767783, val_loss: 0.006131, val_mae: 0.054303, val_r2: 0.706118
2024-05-18 18:17:43 Epoch 41: lr=1e-05
2024-05-18 18:18:54 [Epoch: 41] loss: 0.004790, mae: 0.049245, r2: 0.768706, val_loss: 0.006133, val_mae: 0.054325, val_r2: 0.705717
2024-05-18 18:18:54 history_length: 42
2024-05-18 18:18:54 stopping: early
2024-05-18 18:18:54 Comparing y_true and y_pred:
2024-05-18 18:18:54   mse: 0.00174921
2024-05-18 18:18:54   mae: 0.02761123
2024-05-18 18:18:54   r2: -0.11167169
2024-05-18 18:18:54   corr: 0.08792601
