2024-05-17 17:41:53 UNO RUN ...
2024-05-17 17:41:53 Params: {'model_name': 'uno', 'train_sources': ['CCLE'], 'test_sources': ['train'], 'cell_types': None, 'cell_features': ['rnaseq'], 'drug_features': ['descriptors'], 'dense': [1000, 1000, 1000, 1000, 1000], 'dense_feature_layers': [1000, 1000, 1000], 'activation': 'relu', 'loss': 'mse', 'optimizer': 'adamax', 'scaling': 'std', 'dropout': 0.1, 'epochs': 75, 'batch_size': 32, 'val_split': 0.2, 'cv': 1, 'max_val_loss': 1.0, 'learning_rate': 0.0001, 'base_lr': None, 'agg_dose': 'AUC', 'residual': False, 'reduce_lr': True, 'warmup_lr': True, 'batch_normalization': False, 'feature_subsample': 0, 'rng_seed': 2018, 'no_gen': False, 'verbose': False, 'preprocess_rnaseq': 'source_scale', 'gpus': [0], 'use_landmark_genes': True, 'no_feature_source': True, 'no_response_source': True, 'save_path': '/dev/shm/Uno/save/8998722.amn-0001/109', 'single': True, 'on_memory_loader': True, 'ckpt_checksum': True, 'ckpt_save_interval': 0, 'timeout': -1, 'train_bool': True, 'profiling': False, 'experiment_id': '8998722.amn-0001', 'run_id': '109', 'logfile': '/dev/shm/Uno/save/8998722.amn-0001/109/python.log', 'shuffle': False, 'ckpt_restart_mode': 'off', 'ckpt_skip_epochs': 0, 'ckpt_directory': '/dev/shm/Uno/save/8998722.amn-0001/109', 'ckpt_save_best': True, 'ckpt_save_best_metric': 'val_loss', 'ckpt_save_weights_only': False, 'ckpt_keep_mode': 'linear', 'ckpt_keep_limit': 5, 'by_cell': None, 'by_drug': None, 'cell_subset_path': '', 'drug_subset_path': '', 'drug_median_response_min': -1, 'drug_median_response_max': 1, 'dense_cell_feature_layers': None, 'dense_drug_feature_layers': None, 'use_filtered_genes': False, 'feature_subset_path': '', 'cell_feature_subset_path': '', 'drug_feature_subset_path': '', 'es': True, 'cp': False, 'tb': False, 'tb_prefix': 'tb', 'partition_by': None, 'cache': None, 'export_csv': None, 'export_data': None, 'use_exported_data': '/dev/shm/Uno/x1922c3s5b0n0.109.merged.landmark.h5', 'growth_bins': 0, 'initial_weights': None, 'save_weights': '/dev/shm/Uno/save/8998722.amn-0001/109/0.1.model.h5', 'config_file': '/home/brettin/CSC249ADOA01_CNDA/brettin/Benchmarks/Pilot1/Uno/uno_auc_model.txt', 'data_type': <class 'numpy.float32'>, 'data_dir': '/dev/shm/Uno/uno/Data', 'output_dir': '/dev/shm/Uno/uno/Output/8998722.amn-0001/109'}
2024-05-17 17:41:54 Feature encoding submodel for cell.rnaseq:
2024-05-17 17:41:54 Model: "cell.rnaseq"
2024-05-17 17:41:54 _________________________________________________________________
2024-05-17 17:41:54  Layer (type)                Output Shape              Param #   
2024-05-17 17:41:54 =================================================================
2024-05-17 17:41:54  input_1 (InputLayer)        [(None, 958)]             0         
2024-05-17 17:41:54                                                                  
2024-05-17 17:41:54  dense (Dense)               (None, 1000)              959000    
2024-05-17 17:41:54                                                                  
2024-05-17 17:41:54  permanent_dropout (Permane  (None, 1000)              0         
2024-05-17 17:41:54  ntDropout)                                                      
2024-05-17 17:41:54                                                                  
2024-05-17 17:41:54  dense_1 (Dense)             (None, 1000)              1001000   
2024-05-17 17:41:54                                                                  
2024-05-17 17:41:54  permanent_dropout_1 (Perma  (None, 1000)              0         
2024-05-17 17:41:54  nentDropout)                                                    
2024-05-17 17:41:54                                                                  
2024-05-17 17:41:54  dense_2 (Dense)             (None, 1000)              1001000   
2024-05-17 17:41:54                                                                  
2024-05-17 17:41:54  permanent_dropout_2 (Perma  (None, 1000)              0         
2024-05-17 17:41:54  nentDropout)                                                    
2024-05-17 17:41:54                                                                  
2024-05-17 17:41:54 =================================================================
2024-05-17 17:41:54 Total params: 2961000 (11.30 MB)
2024-05-17 17:41:54 Trainable params: 2961000 (11.30 MB)
2024-05-17 17:41:54 Non-trainable params: 0 (0.00 Byte)
2024-05-17 17:41:54 _________________________________________________________________
2024-05-17 17:41:54 Feature encoding submodel for drug.descriptors:
2024-05-17 17:41:54 Model: "drug.descriptors"
2024-05-17 17:41:54 _________________________________________________________________
2024-05-17 17:41:54  Layer (type)                Output Shape              Param #   
2024-05-17 17:41:54 =================================================================
2024-05-17 17:41:54  input_2 (InputLayer)        [(None, 1613)]            0         
2024-05-17 17:41:54                                                                  
2024-05-17 17:41:54  dense_3 (Dense)             (None, 1000)              1614000   
2024-05-17 17:41:54                                                                  
2024-05-17 17:41:54  permanent_dropout_3 (Perma  (None, 1000)              0         
2024-05-17 17:41:54  nentDropout)                                                    
2024-05-17 17:41:54                                                                  
2024-05-17 17:41:54  dense_4 (Dense)             (None, 1000)              1001000   
2024-05-17 17:41:54                                                                  
2024-05-17 17:41:54  permanent_dropout_4 (Perma  (None, 1000)              0         
2024-05-17 17:41:54  nentDropout)                                                    
2024-05-17 17:41:54                                                                  
2024-05-17 17:41:54  dense_5 (Dense)             (None, 1000)              1001000   
2024-05-17 17:41:54                                                                  
2024-05-17 17:41:54  permanent_dropout_5 (Perma  (None, 1000)              0         
2024-05-17 17:41:54  nentDropout)                                                    
2024-05-17 17:41:54                                                                  
2024-05-17 17:41:54 =================================================================
2024-05-17 17:41:54 Total params: 3616000 (13.79 MB)
2024-05-17 17:41:54 Trainable params: 3616000 (13.79 MB)
2024-05-17 17:41:54 Non-trainable params: 0 (0.00 Byte)
2024-05-17 17:41:54 _________________________________________________________________
2024-05-17 17:41:54 Combined model:
2024-05-17 17:41:54 Model: "model"
2024-05-17 17:41:54 __________________________________________________________________________________________________
2024-05-17 17:41:54  Layer (type)                Output Shape                 Param #   Connected to                  
2024-05-17 17:41:54 ==================================================================================================
2024-05-17 17:41:54  input.cell.rnaseq (InputLa  [(None, 958)]                0         []                            
2024-05-17 17:41:54  yer)                                                                                             
2024-05-17 17:41:54                                                                                                   
2024-05-17 17:41:54  input.drug1.descriptors (I  [(None, 1613)]               0         []                            
2024-05-17 17:41:54  nputLayer)                                                                                       
2024-05-17 17:41:54                                                                                                   
2024-05-17 17:41:54  cell.rnaseq (Functional)    (None, 1000)                 2961000   ['input.cell.rnaseq[0][0]']   
2024-05-17 17:41:54                                                                                                   
2024-05-17 17:41:54  drug.descriptors (Function  (None, 1000)                 3616000   ['input.drug1.descriptors[0][0
2024-05-17 17:41:54  al)                                                                ]']                           
2024-05-17 17:41:54                                                                                                   
2024-05-17 17:41:54  concatenate (Concatenate)   (None, 2000)                 0         ['cell.rnaseq[0][0]',         
2024-05-17 17:41:54                                                                      'drug.descriptors[0][0]']    
2024-05-17 17:41:54                                                                                                   
2024-05-17 17:41:54  dense_6 (Dense)             (None, 1000)                 2001000   ['concatenate[0][0]']         
2024-05-17 17:41:54                                                                                                   
2024-05-17 17:41:54  permanent_dropout_6 (Perma  (None, 1000)                 0         ['dense_6[0][0]']             
2024-05-17 17:41:54  nentDropout)                                                                                     
2024-05-17 17:41:54                                                                                                   
2024-05-17 17:41:54  dense_7 (Dense)             (None, 1000)                 1001000   ['permanent_dropout_6[0][0]'] 
2024-05-17 17:41:54                                                                                                   
2024-05-17 17:41:54  permanent_dropout_7 (Perma  (None, 1000)                 0         ['dense_7[0][0]']             
2024-05-17 17:41:54  nentDropout)                                                                                     
2024-05-17 17:41:54                                                                                                   
2024-05-17 17:41:54  dense_8 (Dense)             (None, 1000)                 1001000   ['permanent_dropout_7[0][0]'] 
2024-05-17 17:41:54                                                                                                   
2024-05-17 17:41:54  permanent_dropout_8 (Perma  (None, 1000)                 0         ['dense_8[0][0]']             
2024-05-17 17:41:54  nentDropout)                                                                                     
2024-05-17 17:41:54                                                                                                   
2024-05-17 17:41:54  dense_9 (Dense)             (None, 1000)                 1001000   ['permanent_dropout_8[0][0]'] 
2024-05-17 17:41:54                                                                                                   
2024-05-17 17:41:54  permanent_dropout_9 (Perma  (None, 1000)                 0         ['dense_9[0][0]']             
2024-05-17 17:41:54  nentDropout)                                                                                     
2024-05-17 17:41:54                                                                                                   
2024-05-17 17:41:54  dense_10 (Dense)            (None, 1000)                 1001000   ['permanent_dropout_9[0][0]'] 
2024-05-17 17:41:54                                                                                                   
2024-05-17 17:41:54  permanent_dropout_10 (Perm  (None, 1000)                 0         ['dense_10[0][0]']            
2024-05-17 17:41:54  anentDropout)                                                                                    
2024-05-17 17:41:54                                                                                                   
2024-05-17 17:41:54  dense_11 (Dense)            (None, 1)                    1001      ['permanent_dropout_10[0][0]']
2024-05-17 17:41:54                                                                                                   
2024-05-17 17:41:54 ==================================================================================================
2024-05-17 17:41:54 Total params: 12583001 (48.00 MB)
2024-05-17 17:41:54 Trainable params: 12583001 (48.00 MB)
2024-05-17 17:41:54 Non-trainable params: 0 (0.00 Byte)
2024-05-17 17:41:54 __________________________________________________________________________________________________
2024-05-17 17:41:54 CKPT CONSTRUCT...
2024-05-17 17:41:54 CKPT CONSTRUCT OK.
2024-05-17 17:41:54 template model: <keras.src.engine.functional.Functional object at 0x14fd8f1abee0>
2024-05-17 17:41:56 COMPILE
2024-05-17 17:41:56 Will save weights to: /dev/shm/Uno/save/8998722.amn-0001/109/0.1.model.h5
2024-05-17 17:42:11 Between random pairs in y_val:
2024-05-17 17:42:11   mse: 0.04724400
2024-05-17 17:42:11   mae: 0.15921956
2024-05-17 17:42:11   r2: -0.99350380
2024-05-17 17:42:11   corr: 0.00324810
2024-05-17 17:42:11 Data points per epoch: train = 469631, val = 117408, test = 670
2024-05-17 17:42:11 Steps per epoch: train = 14675, val = 3669, test = 20
2024-05-17 17:42:12 Epoch 0: lr=0.001
2024-05-17 17:43:22 [Epoch: 0] loss: 0.030014, mae: 0.079628, r2: -0.098585, val_loss: 0.008352, val_mae: 0.065077, val_r2: 0.607288
2024-05-17 17:43:23 Epoch 1: lr=0.00082
2024-05-17 17:44:33 [Epoch: 1] loss: 0.008011, mae: 0.064008, r2: 0.621264, val_loss: 0.007756, val_mae: 0.061640, val_r2: 0.627584
2024-05-17 17:44:33 Epoch 2: lr=0.00064
2024-05-17 17:45:43 [Epoch: 2] loss: 0.007314, mae: 0.060841, r2: 0.653146, val_loss: 0.007060, val_mae: 0.058958, val_r2: 0.662050
2024-05-17 17:45:43 Epoch 3: lr=0.00046
2024-05-17 17:46:53 [Epoch: 3] loss: 0.006852, mae: 0.058710, r2: 0.674151, val_loss: 0.007138, val_mae: 0.062386, val_r2: 0.653964
2024-05-17 17:46:53 Epoch 4: lr=0.00028
2024-05-17 17:48:03 [Epoch: 4] loss: 0.006457, mae: 0.056897, r2: 0.692446, val_loss: 0.006516, val_mae: 0.056384, val_r2: 0.685365
2024-05-17 17:48:03 Epoch 5: lr=0.0001
2024-05-17 17:49:13 [Epoch: 5] loss: 0.006116, mae: 0.055316, r2: 0.708159, val_loss: 0.006323, val_mae: 0.056323, val_r2: 0.695055
2024-05-17 17:49:13 Epoch 6: lr=0.0001
2024-05-17 17:50:23 [Epoch: 6] loss: 0.006003, mae: 0.054755, r2: 0.713788, val_loss: 0.006238, val_mae: 0.055492, val_r2: 0.699829
2024-05-17 17:50:23 Epoch 7: lr=0.0001
2024-05-17 17:51:32 [Epoch: 7] loss: 0.005924, mae: 0.054434, r2: 0.717149, val_loss: 0.006219, val_mae: 0.055606, val_r2: 0.701720
2024-05-17 17:51:33 Epoch 8: lr=0.0001
2024-05-17 17:52:42 [Epoch: 8] loss: 0.005862, mae: 0.054145, r2: 0.720056, val_loss: 0.006207, val_mae: 0.055523, val_r2: 0.701298
2024-05-17 17:52:42 Epoch 9: lr=0.0001
2024-05-17 17:53:52 [Epoch: 9] loss: 0.005800, mae: 0.053863, r2: 0.722816, val_loss: 0.006200, val_mae: 0.055031, val_r2: 0.702801
2024-05-17 17:53:52 Epoch 10: lr=0.0001
2024-05-17 17:55:02 [Epoch: 10] loss: 0.005723, mae: 0.053494, r2: 0.726667, val_loss: 0.006193, val_mae: 0.054813, val_r2: 0.701873
2024-05-17 17:55:02 Epoch 11: lr=0.0001
2024-05-17 17:56:12 [Epoch: 11] loss: 0.005662, mae: 0.053246, r2: 0.729434, val_loss: 0.006128, val_mae: 0.055047, val_r2: 0.705592
2024-05-17 17:56:12 Epoch 12: lr=0.0001
2024-05-17 17:57:22 [Epoch: 12] loss: 0.005615, mae: 0.053012, r2: 0.731609, val_loss: 0.006081, val_mae: 0.055077, val_r2: 0.707202
2024-05-17 17:57:22 Epoch 13: lr=0.0001
2024-05-17 17:58:32 [Epoch: 13] loss: 0.005550, mae: 0.052754, r2: 0.734744, val_loss: 0.006097, val_mae: 0.054693, val_r2: 0.706656
2024-05-17 17:58:32 Epoch 14: lr=0.0001
2024-05-17 17:59:42 [Epoch: 14] loss: 0.005499, mae: 0.052481, r2: 0.737003, val_loss: 0.006080, val_mae: 0.054517, val_r2: 0.708508
2024-05-17 17:59:42 Epoch 15: lr=0.0001
2024-05-17 18:00:52 [Epoch: 15] loss: 0.005445, mae: 0.052219, r2: 0.739857, val_loss: 0.006048, val_mae: 0.054572, val_r2: 0.709159
2024-05-17 18:00:52 Epoch 16: lr=0.0001
2024-05-17 18:02:02 [Epoch: 16] loss: 0.005394, mae: 0.051984, r2: 0.742231, val_loss: 0.006017, val_mae: 0.054641, val_r2: 0.711070
2024-05-17 18:02:02 Epoch 17: lr=0.0001
2024-05-17 18:03:12 [Epoch: 17] loss: 0.005351, mae: 0.051792, r2: 0.744023, val_loss: 0.006029, val_mae: 0.054219, val_r2: 0.710468
2024-05-17 18:03:12 Epoch 18: lr=5e-05
2024-05-17 18:04:22 [Epoch: 18] loss: 0.005232, mae: 0.051234, r2: 0.749561, val_loss: 0.006046, val_mae: 0.054148, val_r2: 0.709421
2024-05-17 18:04:22 Epoch 19: lr=5e-05
2024-05-17 18:05:32 [Epoch: 19] loss: 0.005194, mae: 0.051066, r2: 0.751212, val_loss: 0.006010, val_mae: 0.053969, val_r2: 0.710976
2024-05-17 18:05:32 Epoch 20: lr=5e-05
2024-05-17 18:06:42 [Epoch: 20] loss: 0.005152, mae: 0.050861, r2: 0.753237, val_loss: 0.006020, val_mae: 0.054210, val_r2: 0.710548
2024-05-17 18:06:42 Epoch 21: lr=5e-05
2024-05-17 18:07:51 [Epoch: 21] loss: 0.005125, mae: 0.050717, r2: 0.754511, val_loss: 0.006018, val_mae: 0.054654, val_r2: 0.709028
2024-05-17 18:07:51 Epoch 22: lr=5e-05
2024-05-17 18:09:01 [Epoch: 22] loss: 0.005102, mae: 0.050614, r2: 0.755450, val_loss: 0.006008, val_mae: 0.054262, val_r2: 0.710625
2024-05-17 18:09:01 Epoch 23: lr=2.5e-05
2024-05-17 18:10:11 [Epoch: 23] loss: 0.005034, mae: 0.050320, r2: 0.758868, val_loss: 0.006010, val_mae: 0.054353, val_r2: 0.710526
2024-05-17 18:10:11 Epoch 24: lr=2.5e-05
2024-05-17 18:11:22 [Epoch: 24] loss: 0.005016, mae: 0.050212, r2: 0.759594, val_loss: 0.005994, val_mae: 0.053966, val_r2: 0.711661
2024-05-17 18:11:22 Epoch 25: lr=2.5e-05
2024-05-17 18:12:32 [Epoch: 25] loss: 0.004999, mae: 0.050106, r2: 0.760546, val_loss: 0.005988, val_mae: 0.054480, val_r2: 0.711175
2024-05-17 18:12:32 Epoch 26: lr=2.5e-05
2024-05-17 18:13:42 [Epoch: 26] loss: 0.004985, mae: 0.050101, r2: 0.761064, val_loss: 0.005998, val_mae: 0.053976, val_r2: 0.711017
2024-05-17 18:13:42 Epoch 27: lr=2.5e-05
2024-05-17 18:14:52 [Epoch: 27] loss: 0.004967, mae: 0.049988, r2: 0.761984, val_loss: 0.005997, val_mae: 0.054070, val_r2: 0.711503
2024-05-17 18:14:52 Epoch 28: lr=1.25e-05
2024-05-17 18:16:02 [Epoch: 28] loss: 0.004948, mae: 0.049923, r2: 0.762937, val_loss: 0.005989, val_mae: 0.054048, val_r2: 0.711634
2024-05-17 18:16:02 Epoch 29: lr=1.25e-05
2024-05-17 18:17:11 [Epoch: 29] loss: 0.004933, mae: 0.049830, r2: 0.763572, val_loss: 0.006015, val_mae: 0.054052, val_r2: 0.710830
2024-05-17 18:17:12 Epoch 30: lr=1.25e-05
2024-05-17 18:18:21 [Epoch: 30] loss: 0.004923, mae: 0.049772, r2: 0.763788, val_loss: 0.006007, val_mae: 0.053973, val_r2: 0.710581
2024-05-17 18:18:21 Epoch 31: lr=1.25e-05
2024-05-17 18:19:31 [Epoch: 31] loss: 0.004906, mae: 0.049698, r2: 0.764645, val_loss: 0.005984, val_mae: 0.053914, val_r2: 0.711712
2024-05-17 18:19:31 Epoch 32: lr=1.25e-05
2024-05-17 18:20:41 [Epoch: 32] loss: 0.004904, mae: 0.049670, r2: 0.764850, val_loss: 0.005973, val_mae: 0.054001, val_r2: 0.712378
2024-05-17 18:20:41 Epoch 33: lr=1.25e-05
2024-05-17 18:21:51 [Epoch: 33] loss: 0.004900, mae: 0.049697, r2: 0.764984, val_loss: 0.006009, val_mae: 0.054101, val_r2: 0.710416
2024-05-17 18:21:51 Epoch 34: lr=1.25e-05
2024-05-17 18:23:00 [Epoch: 34] loss: 0.004895, mae: 0.049631, r2: 0.765240, val_loss: 0.006002, val_mae: 0.054113, val_r2: 0.710764
2024-05-17 18:23:01 Epoch 35: lr=1.25e-05
2024-05-17 18:24:11 [Epoch: 35] loss: 0.004884, mae: 0.049574, r2: 0.765551, val_loss: 0.005995, val_mae: 0.054182, val_r2: 0.710945
2024-05-17 18:24:11 Epoch 36: lr=1.25e-05
2024-05-17 18:25:21 [Epoch: 36] loss: 0.004871, mae: 0.049503, r2: 0.766455, val_loss: 0.005998, val_mae: 0.054071, val_r2: 0.711315
2024-05-17 18:25:21 Epoch 37: lr=1.25e-05
2024-05-17 18:26:31 [Epoch: 37] loss: 0.004869, mae: 0.049525, r2: 0.766343, val_loss: 0.006025, val_mae: 0.054144, val_r2: 0.709957
2024-05-17 18:26:31 Epoch 38: lr=1e-05
2024-05-17 18:27:41 [Epoch: 38] loss: 0.004863, mae: 0.049512, r2: 0.766821, val_loss: 0.005993, val_mae: 0.053986, val_r2: 0.711128
2024-05-17 18:27:41 Epoch 39: lr=1e-05
2024-05-17 18:28:51 [Epoch: 39] loss: 0.004864, mae: 0.049470, r2: 0.766741, val_loss: 0.005998, val_mae: 0.053971, val_r2: 0.711708
2024-05-17 18:28:51 Epoch 40: lr=1e-05
2024-05-17 18:30:00 [Epoch: 40] loss: 0.004858, mae: 0.049482, r2: 0.766984, val_loss: 0.005990, val_mae: 0.053957, val_r2: 0.711209
2024-05-17 18:30:00 Epoch 41: lr=1e-05
2024-05-17 18:31:10 [Epoch: 41] loss: 0.004847, mae: 0.049389, r2: 0.767485, val_loss: 0.005967, val_mae: 0.053971, val_r2: 0.712653
2024-05-17 18:31:10 Epoch 42: lr=1e-05
2024-05-17 18:32:20 [Epoch: 42] loss: 0.004849, mae: 0.049415, r2: 0.767446, val_loss: 0.006011, val_mae: 0.054358, val_r2: 0.710502
2024-05-17 18:32:20 Epoch 43: lr=1e-05
2024-05-17 18:33:30 [Epoch: 43] loss: 0.004843, mae: 0.049408, r2: 0.767568, val_loss: 0.005990, val_mae: 0.053928, val_r2: 0.711532
2024-05-17 18:33:30 Epoch 44: lr=1e-05
2024-05-17 18:34:39 [Epoch: 44] loss: 0.004827, mae: 0.049324, r2: 0.768345, val_loss: 0.005999, val_mae: 0.053879, val_r2: 0.711413
2024-05-17 18:34:39 Epoch 45: lr=1e-05
2024-05-17 18:35:49 [Epoch: 45] loss: 0.004831, mae: 0.049316, r2: 0.768040, val_loss: 0.005980, val_mae: 0.054020, val_r2: 0.712358
2024-05-17 18:35:49 Epoch 46: lr=1e-05
2024-05-17 18:36:58 [Epoch: 46] loss: 0.004814, mae: 0.049243, r2: 0.768927, val_loss: 0.005981, val_mae: 0.053936, val_r2: 0.712135
2024-05-17 18:36:58 Epoch 47: lr=1e-05
2024-05-17 18:38:08 [Epoch: 47] loss: 0.004811, mae: 0.049260, r2: 0.769011, val_loss: 0.006012, val_mae: 0.054053, val_r2: 0.710882
2024-05-17 18:38:08 Epoch 48: lr=1e-05
2024-05-17 18:39:18 [Epoch: 48] loss: 0.004814, mae: 0.049213, r2: 0.769019, val_loss: 0.005996, val_mae: 0.053887, val_r2: 0.711192
2024-05-17 18:39:18 Epoch 49: lr=1e-05
2024-05-17 18:40:28 [Epoch: 49] loss: 0.004800, mae: 0.049164, r2: 0.769829, val_loss: 0.005971, val_mae: 0.053910, val_r2: 0.712301
2024-05-17 18:40:28 Epoch 50: lr=1e-05
2024-05-17 18:41:38 [Epoch: 50] loss: 0.004800, mae: 0.049176, r2: 0.769492, val_loss: 0.005994, val_mae: 0.054054, val_r2: 0.710904
2024-05-17 18:41:38 Epoch 51: lr=1e-05
2024-05-17 18:42:47 [Epoch: 51] loss: 0.004799, mae: 0.049172, r2: 0.769788, val_loss: 0.006009, val_mae: 0.054055, val_r2: 0.710495
2024-05-17 18:42:48 history_length: 52
2024-05-17 18:42:48 stopping: early
2024-05-17 18:42:48 Comparing y_true and y_pred:
2024-05-17 18:42:48   mse: 0.03400994
2024-05-17 18:42:48   mae: 0.15313674
2024-05-17 18:42:48   r2: -1.01565681
2024-05-17 18:42:48   corr: 0.36208642
