2024-05-09 11:42:30 UNO RUN ...
2024-05-09 11:42:30 Params: {'model_name': 'uno', 'train_sources': ['CCLE'], 'test_sources': ['train'], 'cell_types': None, 'cell_features': ['rnaseq'], 'drug_features': ['descriptors'], 'dense': [1000, 1000, 1000, 1000, 1000], 'dense_feature_layers': [1000, 1000, 1000], 'activation': 'relu', 'loss': 'mse', 'optimizer': 'adamax', 'scaling': 'std', 'dropout': 0.1, 'epochs': 30, 'batch_size': 32, 'val_split': 0.2, 'cv': 1, 'max_val_loss': 1.0, 'learning_rate': 0.0001, 'base_lr': None, 'agg_dose': 'AUC', 'residual': False, 'reduce_lr': True, 'warmup_lr': True, 'batch_normalization': False, 'feature_subsample': 0, 'rng_seed': 2018, 'no_gen': False, 'verbose': False, 'preprocess_rnaseq': 'source_scale', 'gpus': [0], 'use_landmark_genes': True, 'no_feature_source': True, 'no_response_source': True, 'save_path': '/dev/shm/Uno/save/8996461.amn-0001/40', 'single': True, 'on_memory_loader': True, 'ckpt_checksum': True, 'ckpt_save_interval': 0, 'timeout': -1, 'train_bool': True, 'profiling': False, 'experiment_id': '8996461.amn-0001', 'run_id': '40', 'logfile': '/dev/shm/Uno/save/8996461.amn-0001/40/python.log', 'shuffle': False, 'ckpt_restart_mode': 'off', 'ckpt_skip_epochs': 0, 'ckpt_directory': '/dev/shm/Uno/save/8996461.amn-0001/40', 'ckpt_save_best': True, 'ckpt_save_best_metric': 'val_loss', 'ckpt_save_weights_only': False, 'ckpt_keep_mode': 'linear', 'ckpt_keep_limit': 5, 'by_cell': None, 'by_drug': None, 'cell_subset_path': '', 'drug_subset_path': '', 'drug_median_response_min': -1, 'drug_median_response_max': 1, 'dense_cell_feature_layers': None, 'dense_drug_feature_layers': None, 'use_filtered_genes': False, 'feature_subset_path': '', 'cell_feature_subset_path': '', 'drug_feature_subset_path': '', 'es': True, 'cp': False, 'tb': False, 'tb_prefix': 'tb', 'partition_by': None, 'cache': None, 'export_csv': None, 'export_data': None, 'use_exported_data': '/dev/shm/Uno/x1921c1s1b0n0.40.merged.landmark.h5', 'growth_bins': 0, 'initial_weights': None, 'save_weights': '/dev/shm/Uno/save/8996461.amn-0001/40/2.0.model.h5', 'config_file': '/home/brettin/CSC249ADOA01_CNDA/brettin/Benchmarks/Pilot1/Uno/uno_auc_model.txt', 'data_type': <class 'numpy.float32'>, 'data_dir': '/dev/shm/Uno/uno/Data', 'output_dir': '/dev/shm/Uno/uno/Output/8996461.amn-0001/40'}
2024-05-09 11:42:31 Feature encoding submodel for cell.rnaseq:
2024-05-09 11:42:31 Model: "cell.rnaseq"
2024-05-09 11:42:31 _________________________________________________________________
2024-05-09 11:42:31  Layer (type)                Output Shape              Param #   
2024-05-09 11:42:31 =================================================================
2024-05-09 11:42:31  input_1 (InputLayer)        [(None, 958)]             0         
2024-05-09 11:42:31                                                                  
2024-05-09 11:42:31  dense (Dense)               (None, 1000)              959000    
2024-05-09 11:42:31                                                                  
2024-05-09 11:42:31  permanent_dropout (Permane  (None, 1000)              0         
2024-05-09 11:42:31  ntDropout)                                                      
2024-05-09 11:42:31                                                                  
2024-05-09 11:42:31  dense_1 (Dense)             (None, 1000)              1001000   
2024-05-09 11:42:31                                                                  
2024-05-09 11:42:31  permanent_dropout_1 (Perma  (None, 1000)              0         
2024-05-09 11:42:31  nentDropout)                                                    
2024-05-09 11:42:31                                                                  
2024-05-09 11:42:31  dense_2 (Dense)             (None, 1000)              1001000   
2024-05-09 11:42:31                                                                  
2024-05-09 11:42:31  permanent_dropout_2 (Perma  (None, 1000)              0         
2024-05-09 11:42:31  nentDropout)                                                    
2024-05-09 11:42:31                                                                  
2024-05-09 11:42:31 =================================================================
2024-05-09 11:42:31 Total params: 2961000 (11.30 MB)
2024-05-09 11:42:31 Trainable params: 2961000 (11.30 MB)
2024-05-09 11:42:31 Non-trainable params: 0 (0.00 Byte)
2024-05-09 11:42:31 _________________________________________________________________
2024-05-09 11:42:31 Feature encoding submodel for drug.descriptors:
2024-05-09 11:42:31 Model: "drug.descriptors"
2024-05-09 11:42:31 _________________________________________________________________
2024-05-09 11:42:31  Layer (type)                Output Shape              Param #   
2024-05-09 11:42:31 =================================================================
2024-05-09 11:42:31  input_2 (InputLayer)        [(None, 1613)]            0         
2024-05-09 11:42:31                                                                  
2024-05-09 11:42:31  dense_3 (Dense)             (None, 1000)              1614000   
2024-05-09 11:42:31                                                                  
2024-05-09 11:42:31  permanent_dropout_3 (Perma  (None, 1000)              0         
2024-05-09 11:42:31  nentDropout)                                                    
2024-05-09 11:42:31                                                                  
2024-05-09 11:42:31  dense_4 (Dense)             (None, 1000)              1001000   
2024-05-09 11:42:31                                                                  
2024-05-09 11:42:31  permanent_dropout_4 (Perma  (None, 1000)              0         
2024-05-09 11:42:31  nentDropout)                                                    
2024-05-09 11:42:31                                                                  
2024-05-09 11:42:31  dense_5 (Dense)             (None, 1000)              1001000   
2024-05-09 11:42:31                                                                  
2024-05-09 11:42:31  permanent_dropout_5 (Perma  (None, 1000)              0         
2024-05-09 11:42:31  nentDropout)                                                    
2024-05-09 11:42:31                                                                  
2024-05-09 11:42:31 =================================================================
2024-05-09 11:42:31 Total params: 3616000 (13.79 MB)
2024-05-09 11:42:31 Trainable params: 3616000 (13.79 MB)
2024-05-09 11:42:31 Non-trainable params: 0 (0.00 Byte)
2024-05-09 11:42:31 _________________________________________________________________
2024-05-09 11:42:31 Combined model:
2024-05-09 11:42:31 Model: "model"
2024-05-09 11:42:31 __________________________________________________________________________________________________
2024-05-09 11:42:31  Layer (type)                Output Shape                 Param #   Connected to                  
2024-05-09 11:42:31 ==================================================================================================
2024-05-09 11:42:31  input.cell.rnaseq (InputLa  [(None, 958)]                0         []                            
2024-05-09 11:42:31  yer)                                                                                             
2024-05-09 11:42:31                                                                                                   
2024-05-09 11:42:31  input.drug1.descriptors (I  [(None, 1613)]               0         []                            
2024-05-09 11:42:31  nputLayer)                                                                                       
2024-05-09 11:42:31                                                                                                   
2024-05-09 11:42:31  cell.rnaseq (Functional)    (None, 1000)                 2961000   ['input.cell.rnaseq[0][0]']   
2024-05-09 11:42:31                                                                                                   
2024-05-09 11:42:31  drug.descriptors (Function  (None, 1000)                 3616000   ['input.drug1.descriptors[0][0
2024-05-09 11:42:31  al)                                                                ]']                           
2024-05-09 11:42:31                                                                                                   
2024-05-09 11:42:31  concatenate (Concatenate)   (None, 2000)                 0         ['cell.rnaseq[0][0]',         
2024-05-09 11:42:31                                                                      'drug.descriptors[0][0]']    
2024-05-09 11:42:31                                                                                                   
2024-05-09 11:42:31  dense_6 (Dense)             (None, 1000)                 2001000   ['concatenate[0][0]']         
2024-05-09 11:42:31                                                                                                   
2024-05-09 11:42:31  permanent_dropout_6 (Perma  (None, 1000)                 0         ['dense_6[0][0]']             
2024-05-09 11:42:31  nentDropout)                                                                                     
2024-05-09 11:42:31                                                                                                   
2024-05-09 11:42:31  dense_7 (Dense)             (None, 1000)                 1001000   ['permanent_dropout_6[0][0]'] 
2024-05-09 11:42:31                                                                                                   
2024-05-09 11:42:31  permanent_dropout_7 (Perma  (None, 1000)                 0         ['dense_7[0][0]']             
2024-05-09 11:42:31  nentDropout)                                                                                     
2024-05-09 11:42:31                                                                                                   
2024-05-09 11:42:31  dense_8 (Dense)             (None, 1000)                 1001000   ['permanent_dropout_7[0][0]'] 
2024-05-09 11:42:31                                                                                                   
2024-05-09 11:42:31  permanent_dropout_8 (Perma  (None, 1000)                 0         ['dense_8[0][0]']             
2024-05-09 11:42:31  nentDropout)                                                                                     
2024-05-09 11:42:31                                                                                                   
2024-05-09 11:42:31  dense_9 (Dense)             (None, 1000)                 1001000   ['permanent_dropout_8[0][0]'] 
2024-05-09 11:42:31                                                                                                   
2024-05-09 11:42:31  permanent_dropout_9 (Perma  (None, 1000)                 0         ['dense_9[0][0]']             
2024-05-09 11:42:31  nentDropout)                                                                                     
2024-05-09 11:42:31                                                                                                   
2024-05-09 11:42:31  dense_10 (Dense)            (None, 1000)                 1001000   ['permanent_dropout_9[0][0]'] 
2024-05-09 11:42:31                                                                                                   
2024-05-09 11:42:31  permanent_dropout_10 (Perm  (None, 1000)                 0         ['dense_10[0][0]']            
2024-05-09 11:42:31  anentDropout)                                                                                    
2024-05-09 11:42:31                                                                                                   
2024-05-09 11:42:31  dense_11 (Dense)            (None, 1)                    1001      ['permanent_dropout_10[0][0]']
2024-05-09 11:42:31                                                                                                   
2024-05-09 11:42:31 ==================================================================================================
2024-05-09 11:42:31 Total params: 12583001 (48.00 MB)
2024-05-09 11:42:31 Trainable params: 12583001 (48.00 MB)
2024-05-09 11:42:31 Non-trainable params: 0 (0.00 Byte)
2024-05-09 11:42:31 __________________________________________________________________________________________________
2024-05-09 11:42:31 CKPT CONSTRUCT...
2024-05-09 11:42:31 CKPT CONSTRUCT OK.
2024-05-09 11:42:31 template model: <keras.src.engine.functional.Functional object at 0x149684e296d0>
2024-05-09 11:42:33 COMPILE
2024-05-09 11:42:33 Will save weights to: /dev/shm/Uno/save/8996461.amn-0001/40/2.0.model.h5
2024-05-09 11:42:49 Between random pairs in y_val:
2024-05-09 11:42:49   mse: 0.04736497
2024-05-09 11:42:49   mae: 0.15922413
2024-05-09 11:42:49   r2: -0.99154543
2024-05-09 11:42:49   corr: 0.00422729
2024-05-09 11:42:49 Data points per epoch: train = 470167, val = 117542, test = 678
2024-05-09 11:42:49 Steps per epoch: train = 14692, val = 3673, test = 21
2024-05-09 11:42:49 Epoch 0: lr=0.001
2024-05-09 11:44:02 [Epoch: 0] loss: 0.026980, mae: 0.079231, r2: -0.091572, val_loss: 0.008430, val_mae: 0.066532, val_r2: 0.603973
2024-05-09 11:44:02 Epoch 1: lr=0.00082
2024-05-09 11:45:14 [Epoch: 1] loss: 0.008015, mae: 0.064024, r2: 0.619019, val_loss: 0.007398, val_mae: 0.061872, val_r2: 0.648932
2024-05-09 11:45:14 Epoch 2: lr=0.00064
2024-05-09 11:46:25 [Epoch: 2] loss: 0.007349, mae: 0.060951, r2: 0.649958, val_loss: 0.007182, val_mae: 0.059276, val_r2: 0.652846
2024-05-09 11:46:26 Epoch 3: lr=0.00046
2024-05-09 11:47:37 [Epoch: 3] loss: 0.006871, mae: 0.058776, r2: 0.672166, val_loss: 0.006921, val_mae: 0.058290, val_r2: 0.666565
2024-05-09 11:47:37 Epoch 4: lr=0.00028
2024-05-09 11:48:49 [Epoch: 4] loss: 0.006493, mae: 0.057099, r2: 0.689168, val_loss: 0.006514, val_mae: 0.056898, val_r2: 0.684753
2024-05-09 11:48:49 Epoch 5: lr=0.0001
2024-05-09 11:50:00 [Epoch: 5] loss: 0.006152, mae: 0.055530, r2: 0.705327, val_loss: 0.006332, val_mae: 0.055869, val_r2: 0.695672
2024-05-09 11:50:01 Epoch 6: lr=0.0001
2024-05-09 11:51:12 [Epoch: 6] loss: 0.006054, mae: 0.055050, r2: 0.709667, val_loss: 0.006306, val_mae: 0.056786, val_r2: 0.696947
2024-05-09 11:51:12 Epoch 7: lr=0.0001
2024-05-09 11:52:24 [Epoch: 7] loss: 0.005965, mae: 0.054663, r2: 0.713875, val_loss: 0.006287, val_mae: 0.055708, val_r2: 0.698624
2024-05-09 11:52:24 Epoch 8: lr=0.0001
2024-05-09 11:53:35 [Epoch: 8] loss: 0.005884, mae: 0.054291, r2: 0.717701, val_loss: 0.006217, val_mae: 0.055656, val_r2: 0.700936
2024-05-09 11:53:36 Epoch 9: lr=0.0001
2024-05-09 11:54:47 [Epoch: 9] loss: 0.005830, mae: 0.054042, r2: 0.720102, val_loss: 0.006206, val_mae: 0.055360, val_r2: 0.702004
2024-05-09 11:54:48 Epoch 10: lr=0.0001
2024-05-09 11:55:59 [Epoch: 10] loss: 0.005764, mae: 0.053752, r2: 0.723281, val_loss: 0.006166, val_mae: 0.055382, val_r2: 0.702823
2024-05-09 11:56:00 Epoch 11: lr=0.0001
2024-05-09 11:57:12 [Epoch: 11] loss: 0.005708, mae: 0.053523, r2: 0.725892, val_loss: 0.006142, val_mae: 0.055127, val_r2: 0.703812
2024-05-09 11:57:12 Epoch 12: lr=0.0001
2024-05-09 11:58:24 [Epoch: 12] loss: 0.005646, mae: 0.053221, r2: 0.728697, val_loss: 0.006128, val_mae: 0.054674, val_r2: 0.705014
2024-05-09 11:58:24 Epoch 13: lr=0.0001
2024-05-09 11:59:36 [Epoch: 13] loss: 0.005594, mae: 0.052972, r2: 0.730970, val_loss: 0.006113, val_mae: 0.055303, val_r2: 0.705029
2024-05-09 11:59:36 Epoch 14: lr=0.0001
2024-05-09 12:00:48 [Epoch: 14] loss: 0.005544, mae: 0.052723, r2: 0.733491, val_loss: 0.006070, val_mae: 0.054803, val_r2: 0.708084
2024-05-09 12:00:48 Epoch 15: lr=0.0001
2024-05-09 12:01:59 [Epoch: 15] loss: 0.005495, mae: 0.052519, r2: 0.735714, val_loss: 0.006046, val_mae: 0.054574, val_r2: 0.709325
2024-05-09 12:01:59 Epoch 16: lr=0.0001
2024-05-09 12:03:11 [Epoch: 16] loss: 0.005440, mae: 0.052254, r2: 0.738219, val_loss: 0.006034, val_mae: 0.054587, val_r2: 0.709662
2024-05-09 12:03:11 Epoch 17: lr=0.0001
2024-05-09 12:04:23 [Epoch: 17] loss: 0.005384, mae: 0.052006, r2: 0.740870, val_loss: 0.006038, val_mae: 0.054277, val_r2: 0.709185
2024-05-09 12:04:23 Epoch 18: lr=0.0001
2024-05-09 12:05:35 [Epoch: 18] loss: 0.005345, mae: 0.051825, r2: 0.742913, val_loss: 0.006037, val_mae: 0.054838, val_r2: 0.709377
2024-05-09 12:05:35 Epoch 19: lr=5e-05
2024-05-09 12:06:46 [Epoch: 19] loss: 0.005235, mae: 0.051288, r2: 0.747693, val_loss: 0.006029, val_mae: 0.054332, val_r2: 0.709426
2024-05-09 12:06:47 Epoch 20: lr=5e-05
2024-05-09 12:07:58 [Epoch: 20] loss: 0.005191, mae: 0.051082, r2: 0.749870, val_loss: 0.006034, val_mae: 0.053963, val_r2: 0.709340
2024-05-09 12:07:58 Epoch 21: lr=5e-05
2024-05-09 12:09:10 [Epoch: 21] loss: 0.005151, mae: 0.050910, r2: 0.751420, val_loss: 0.006013, val_mae: 0.054182, val_r2: 0.710515
2024-05-09 12:09:10 Epoch 22: lr=5e-05
2024-05-09 12:10:22 [Epoch: 22] loss: 0.005132, mae: 0.050823, r2: 0.752550, val_loss: 0.006020, val_mae: 0.054175, val_r2: 0.709562
2024-05-09 12:10:22 Epoch 23: lr=5e-05
2024-05-09 12:11:34 [Epoch: 23] loss: 0.005111, mae: 0.050695, r2: 0.753608, val_loss: 0.006021, val_mae: 0.054407, val_r2: 0.709588
2024-05-09 12:11:34 Epoch 24: lr=2.5e-05
2024-05-09 12:12:45 [Epoch: 24] loss: 0.005061, mae: 0.050481, r2: 0.755770, val_loss: 0.006039, val_mae: 0.053993, val_r2: 0.709253
2024-05-09 12:12:45 Epoch 25: lr=2.5e-05
2024-05-09 12:13:57 [Epoch: 25] loss: 0.005029, mae: 0.050351, r2: 0.757530, val_loss: 0.005994, val_mae: 0.054110, val_r2: 0.711340
2024-05-09 12:13:57 Epoch 26: lr=2.5e-05
2024-05-09 12:15:09 [Epoch: 26] loss: 0.005018, mae: 0.050289, r2: 0.757788, val_loss: 0.005988, val_mae: 0.054068, val_r2: 0.711213
2024-05-09 12:15:09 Epoch 27: lr=2.5e-05
2024-05-09 12:16:21 [Epoch: 27] loss: 0.005001, mae: 0.050161, r2: 0.758652, val_loss: 0.006015, val_mae: 0.054131, val_r2: 0.710728
2024-05-09 12:16:21 Epoch 28: lr=2.5e-05
2024-05-09 12:17:33 [Epoch: 28] loss: 0.004978, mae: 0.050102, r2: 0.759635, val_loss: 0.006021, val_mae: 0.054130, val_r2: 0.710327
2024-05-09 12:17:33 Epoch 29: lr=2.5e-05
2024-05-09 12:18:44 [Epoch: 29] loss: 0.004972, mae: 0.050078, r2: 0.760109, val_loss: 0.005988, val_mae: 0.053929, val_r2: 0.711960
2024-05-09 12:18:45 history_length: 30
2024-05-09 12:18:45 stopping: complete
2024-05-09 12:18:45 Comparing y_true and y_pred:
2024-05-09 12:18:45   mse: 0.00182462
2024-05-09 12:18:45   mae: 0.02920474
2024-05-09 12:18:45   r2: 0.22084377
2024-05-09 12:18:45   corr: 0.47234649
