2024-05-09 11:42:30 UNO RUN ...
2024-05-09 11:42:30 Params: {'model_name': 'uno', 'train_sources': ['CCLE'], 'test_sources': ['train'], 'cell_types': None, 'cell_features': ['rnaseq'], 'drug_features': ['descriptors'], 'dense': [1000, 1000, 1000, 1000, 1000], 'dense_feature_layers': [1000, 1000, 1000], 'activation': 'relu', 'loss': 'mse', 'optimizer': 'adamax', 'scaling': 'std', 'dropout': 0.1, 'epochs': 30, 'batch_size': 32, 'val_split': 0.2, 'cv': 1, 'max_val_loss': 1.0, 'learning_rate': 0.0001, 'base_lr': None, 'agg_dose': 'AUC', 'residual': False, 'reduce_lr': True, 'warmup_lr': True, 'batch_normalization': False, 'feature_subsample': 0, 'rng_seed': 2018, 'no_gen': False, 'verbose': False, 'preprocess_rnaseq': 'source_scale', 'gpus': [0], 'use_landmark_genes': True, 'no_feature_source': True, 'no_response_source': True, 'save_path': '/dev/shm/Uno/save/8996461.amn-0001/394', 'single': True, 'on_memory_loader': True, 'ckpt_checksum': True, 'ckpt_save_interval': 0, 'timeout': -1, 'train_bool': True, 'profiling': False, 'experiment_id': '8996461.amn-0001', 'run_id': '394', 'logfile': '/dev/shm/Uno/save/8996461.amn-0001/394/python.log', 'shuffle': False, 'ckpt_restart_mode': 'off', 'ckpt_skip_epochs': 0, 'ckpt_directory': '/dev/shm/Uno/save/8996461.amn-0001/394', 'ckpt_save_best': True, 'ckpt_save_best_metric': 'val_loss', 'ckpt_save_weights_only': False, 'ckpt_keep_mode': 'linear', 'ckpt_keep_limit': 5, 'by_cell': None, 'by_drug': None, 'cell_subset_path': '', 'drug_subset_path': '', 'drug_median_response_min': -1, 'drug_median_response_max': 1, 'dense_cell_feature_layers': None, 'dense_drug_feature_layers': None, 'use_filtered_genes': False, 'feature_subset_path': '', 'cell_feature_subset_path': '', 'drug_feature_subset_path': '', 'es': True, 'cp': False, 'tb': False, 'tb_prefix': 'tb', 'partition_by': None, 'cache': None, 'export_csv': None, 'export_data': None, 'use_exported_data': '/dev/shm/Uno/x1921c5s2b0n0.394.merged.landmark.h5', 'growth_bins': 0, 'initial_weights': None, 'save_weights': '/dev/shm/Uno/save/8996461.amn-0001/394/5.0.model.h5', 'config_file': '/home/brettin/CSC249ADOA01_CNDA/brettin/Benchmarks/Pilot1/Uno/uno_auc_model.txt', 'data_type': <class 'numpy.float32'>, 'data_dir': '/dev/shm/Uno/uno/Data', 'output_dir': '/dev/shm/Uno/uno/Output/8996461.amn-0001/394'}
2024-05-09 11:42:31 Feature encoding submodel for cell.rnaseq:
2024-05-09 11:42:31 Model: "cell.rnaseq"
2024-05-09 11:42:31 _________________________________________________________________
2024-05-09 11:42:31  Layer (type)                Output Shape              Param #   
2024-05-09 11:42:31 =================================================================
2024-05-09 11:42:31  input_1 (InputLayer)        [(None, 958)]             0         
2024-05-09 11:42:31                                                                  
2024-05-09 11:42:31  dense (Dense)               (None, 1000)              959000    
2024-05-09 11:42:31                                                                  
2024-05-09 11:42:31  permanent_dropout (Permane  (None, 1000)              0         
2024-05-09 11:42:31  ntDropout)                                                      
2024-05-09 11:42:31                                                                  
2024-05-09 11:42:31  dense_1 (Dense)             (None, 1000)              1001000   
2024-05-09 11:42:31                                                                  
2024-05-09 11:42:31  permanent_dropout_1 (Perma  (None, 1000)              0         
2024-05-09 11:42:31  nentDropout)                                                    
2024-05-09 11:42:31                                                                  
2024-05-09 11:42:31  dense_2 (Dense)             (None, 1000)              1001000   
2024-05-09 11:42:31                                                                  
2024-05-09 11:42:31  permanent_dropout_2 (Perma  (None, 1000)              0         
2024-05-09 11:42:31  nentDropout)                                                    
2024-05-09 11:42:31                                                                  
2024-05-09 11:42:31 =================================================================
2024-05-09 11:42:31 Total params: 2961000 (11.30 MB)
2024-05-09 11:42:31 Trainable params: 2961000 (11.30 MB)
2024-05-09 11:42:31 Non-trainable params: 0 (0.00 Byte)
2024-05-09 11:42:31 _________________________________________________________________
2024-05-09 11:42:31 Feature encoding submodel for drug.descriptors:
2024-05-09 11:42:31 Model: "drug.descriptors"
2024-05-09 11:42:31 _________________________________________________________________
2024-05-09 11:42:31  Layer (type)                Output Shape              Param #   
2024-05-09 11:42:31 =================================================================
2024-05-09 11:42:31  input_2 (InputLayer)        [(None, 1613)]            0         
2024-05-09 11:42:31                                                                  
2024-05-09 11:42:31  dense_3 (Dense)             (None, 1000)              1614000   
2024-05-09 11:42:31                                                                  
2024-05-09 11:42:31  permanent_dropout_3 (Perma  (None, 1000)              0         
2024-05-09 11:42:31  nentDropout)                                                    
2024-05-09 11:42:31                                                                  
2024-05-09 11:42:31  dense_4 (Dense)             (None, 1000)              1001000   
2024-05-09 11:42:31                                                                  
2024-05-09 11:42:31  permanent_dropout_4 (Perma  (None, 1000)              0         
2024-05-09 11:42:31  nentDropout)                                                    
2024-05-09 11:42:31                                                                  
2024-05-09 11:42:31  dense_5 (Dense)             (None, 1000)              1001000   
2024-05-09 11:42:31                                                                  
2024-05-09 11:42:31  permanent_dropout_5 (Perma  (None, 1000)              0         
2024-05-09 11:42:31  nentDropout)                                                    
2024-05-09 11:42:31                                                                  
2024-05-09 11:42:31 =================================================================
2024-05-09 11:42:31 Total params: 3616000 (13.79 MB)
2024-05-09 11:42:31 Trainable params: 3616000 (13.79 MB)
2024-05-09 11:42:31 Non-trainable params: 0 (0.00 Byte)
2024-05-09 11:42:31 _________________________________________________________________
2024-05-09 11:42:31 Combined model:
2024-05-09 11:42:31 Model: "model"
2024-05-09 11:42:31 __________________________________________________________________________________________________
2024-05-09 11:42:31  Layer (type)                Output Shape                 Param #   Connected to                  
2024-05-09 11:42:31 ==================================================================================================
2024-05-09 11:42:31  input.cell.rnaseq (InputLa  [(None, 958)]                0         []                            
2024-05-09 11:42:31  yer)                                                                                             
2024-05-09 11:42:31                                                                                                   
2024-05-09 11:42:31  input.drug1.descriptors (I  [(None, 1613)]               0         []                            
2024-05-09 11:42:31  nputLayer)                                                                                       
2024-05-09 11:42:31                                                                                                   
2024-05-09 11:42:31  cell.rnaseq (Functional)    (None, 1000)                 2961000   ['input.cell.rnaseq[0][0]']   
2024-05-09 11:42:31                                                                                                   
2024-05-09 11:42:31  drug.descriptors (Function  (None, 1000)                 3616000   ['input.drug1.descriptors[0][0
2024-05-09 11:42:31  al)                                                                ]']                           
2024-05-09 11:42:31                                                                                                   
2024-05-09 11:42:31  concatenate (Concatenate)   (None, 2000)                 0         ['cell.rnaseq[0][0]',         
2024-05-09 11:42:31                                                                      'drug.descriptors[0][0]']    
2024-05-09 11:42:31                                                                                                   
2024-05-09 11:42:31  dense_6 (Dense)             (None, 1000)                 2001000   ['concatenate[0][0]']         
2024-05-09 11:42:31                                                                                                   
2024-05-09 11:42:31  permanent_dropout_6 (Perma  (None, 1000)                 0         ['dense_6[0][0]']             
2024-05-09 11:42:31  nentDropout)                                                                                     
2024-05-09 11:42:31                                                                                                   
2024-05-09 11:42:31  dense_7 (Dense)             (None, 1000)                 1001000   ['permanent_dropout_6[0][0]'] 
2024-05-09 11:42:31                                                                                                   
2024-05-09 11:42:31  permanent_dropout_7 (Perma  (None, 1000)                 0         ['dense_7[0][0]']             
2024-05-09 11:42:31  nentDropout)                                                                                     
2024-05-09 11:42:31                                                                                                   
2024-05-09 11:42:31  dense_8 (Dense)             (None, 1000)                 1001000   ['permanent_dropout_7[0][0]'] 
2024-05-09 11:42:31                                                                                                   
2024-05-09 11:42:31  permanent_dropout_8 (Perma  (None, 1000)                 0         ['dense_8[0][0]']             
2024-05-09 11:42:31  nentDropout)                                                                                     
2024-05-09 11:42:31                                                                                                   
2024-05-09 11:42:31  dense_9 (Dense)             (None, 1000)                 1001000   ['permanent_dropout_8[0][0]'] 
2024-05-09 11:42:31                                                                                                   
2024-05-09 11:42:31  permanent_dropout_9 (Perma  (None, 1000)                 0         ['dense_9[0][0]']             
2024-05-09 11:42:31  nentDropout)                                                                                     
2024-05-09 11:42:31                                                                                                   
2024-05-09 11:42:31  dense_10 (Dense)            (None, 1000)                 1001000   ['permanent_dropout_9[0][0]'] 
2024-05-09 11:42:31                                                                                                   
2024-05-09 11:42:31  permanent_dropout_10 (Perm  (None, 1000)                 0         ['dense_10[0][0]']            
2024-05-09 11:42:31  anentDropout)                                                                                    
2024-05-09 11:42:31                                                                                                   
2024-05-09 11:42:31  dense_11 (Dense)            (None, 1)                    1001      ['permanent_dropout_10[0][0]']
2024-05-09 11:42:31                                                                                                   
2024-05-09 11:42:31 ==================================================================================================
2024-05-09 11:42:31 Total params: 12583001 (48.00 MB)
2024-05-09 11:42:31 Trainable params: 12583001 (48.00 MB)
2024-05-09 11:42:31 Non-trainable params: 0 (0.00 Byte)
2024-05-09 11:42:31 __________________________________________________________________________________________________
2024-05-09 11:42:31 CKPT CONSTRUCT...
2024-05-09 11:42:31 CKPT CONSTRUCT OK.
2024-05-09 11:42:31 template model: <keras.src.engine.functional.Functional object at 0x14d9d9abfb80>
2024-05-09 11:42:33 COMPILE
2024-05-09 11:42:33 Will save weights to: /dev/shm/Uno/save/8996461.amn-0001/394/5.0.model.h5
2024-05-09 11:42:49 Between random pairs in y_val:
2024-05-09 11:42:49   mse: 0.04727156
2024-05-09 11:42:49   mae: 0.15899052
2024-05-09 11:42:49   r2: -0.99650352
2024-05-09 11:42:49   corr: 0.00174824
2024-05-09 11:42:49 Data points per epoch: train = 470167, val = 117542, test = 474
2024-05-09 11:42:49 Steps per epoch: train = 14692, val = 3673, test = 14
2024-05-09 11:42:49 Epoch 0: lr=0.001
2024-05-09 11:44:02 [Epoch: 0] loss: 0.024549, mae: 0.079709, r2: -0.296570, val_loss: 0.008507, val_mae: 0.065868, val_r2: 0.587950
2024-05-09 11:44:03 Epoch 1: lr=0.00082
2024-05-09 11:45:15 [Epoch: 1] loss: 0.007976, mae: 0.063873, r2: 0.622108, val_loss: 0.007653, val_mae: 0.062177, val_r2: 0.633533
2024-05-09 11:45:15 Epoch 2: lr=0.00064
2024-05-09 11:46:27 [Epoch: 2] loss: 0.007318, mae: 0.060815, r2: 0.652488, val_loss: 0.007115, val_mae: 0.060419, val_r2: 0.658060
2024-05-09 11:46:27 Epoch 3: lr=0.00046
2024-05-09 11:47:39 [Epoch: 3] loss: 0.006818, mae: 0.058619, r2: 0.675417, val_loss: 0.006967, val_mae: 0.058170, val_r2: 0.664700
2024-05-09 11:47:39 Epoch 4: lr=0.00028
2024-05-09 11:48:51 [Epoch: 4] loss: 0.006413, mae: 0.056721, r2: 0.693810, val_loss: 0.006701, val_mae: 0.056953, val_r2: 0.676883
2024-05-09 11:48:51 Epoch 5: lr=0.0001
2024-05-09 11:50:04 [Epoch: 5] loss: 0.006085, mae: 0.055220, r2: 0.708948, val_loss: 0.006397, val_mae: 0.056046, val_r2: 0.689254
2024-05-09 11:50:04 Epoch 6: lr=0.0001
2024-05-09 11:51:16 [Epoch: 6] loss: 0.005976, mae: 0.054741, r2: 0.713915, val_loss: 0.006464, val_mae: 0.055954, val_r2: 0.688327
2024-05-09 11:51:16 Epoch 7: lr=0.0001
2024-05-09 11:52:28 [Epoch: 7] loss: 0.005899, mae: 0.054377, r2: 0.717447, val_loss: 0.006342, val_mae: 0.055608, val_r2: 0.693571
2024-05-09 11:52:28 Epoch 8: lr=0.0001
2024-05-09 11:53:40 [Epoch: 8] loss: 0.005834, mae: 0.054103, r2: 0.720657, val_loss: 0.006306, val_mae: 0.055665, val_r2: 0.694868
2024-05-09 11:53:40 Epoch 9: lr=0.0001
2024-05-09 11:54:52 [Epoch: 9] loss: 0.005762, mae: 0.053787, r2: 0.724132, val_loss: 0.006272, val_mae: 0.055615, val_r2: 0.697051
2024-05-09 11:54:52 Epoch 10: lr=0.0001
2024-05-09 11:56:05 [Epoch: 10] loss: 0.005704, mae: 0.053489, r2: 0.726776, val_loss: 0.006235, val_mae: 0.055481, val_r2: 0.698508
2024-05-09 11:56:05 Epoch 11: lr=0.0001
2024-05-09 11:57:17 [Epoch: 11] loss: 0.005648, mae: 0.053250, r2: 0.729307, val_loss: 0.006264, val_mae: 0.055017, val_r2: 0.696937
2024-05-09 11:57:17 Epoch 12: lr=0.0001
2024-05-09 11:58:29 [Epoch: 12] loss: 0.005586, mae: 0.052958, r2: 0.732100, val_loss: 0.006213, val_mae: 0.055080, val_r2: 0.699802
2024-05-09 11:58:29 Epoch 13: lr=0.0001
2024-05-09 11:59:42 [Epoch: 13] loss: 0.005547, mae: 0.052760, r2: 0.733849, val_loss: 0.006201, val_mae: 0.055267, val_r2: 0.699784
2024-05-09 11:59:42 Epoch 14: lr=0.0001
2024-05-09 12:00:54 [Epoch: 14] loss: 0.005487, mae: 0.052511, r2: 0.736706, val_loss: 0.006213, val_mae: 0.055413, val_r2: 0.698919
2024-05-09 12:00:54 Epoch 15: lr=5e-05
2024-05-09 12:02:06 [Epoch: 15] loss: 0.005371, mae: 0.051945, r2: 0.742101, val_loss: 0.006134, val_mae: 0.054859, val_r2: 0.702625
2024-05-09 12:02:06 Epoch 16: lr=5e-05
2024-05-09 12:03:18 [Epoch: 16] loss: 0.005333, mae: 0.051831, r2: 0.743569, val_loss: 0.006150, val_mae: 0.054719, val_r2: 0.702600
2024-05-09 12:03:18 Epoch 17: lr=5e-05
2024-05-09 12:04:30 [Epoch: 17] loss: 0.005294, mae: 0.051609, r2: 0.745569, val_loss: 0.006162, val_mae: 0.054587, val_r2: 0.701243
2024-05-09 12:04:30 Epoch 18: lr=5e-05
2024-05-09 12:05:42 [Epoch: 18] loss: 0.005271, mae: 0.051502, r2: 0.746734, val_loss: 0.006148, val_mae: 0.054858, val_r2: 0.702877
2024-05-09 12:05:42 Epoch 19: lr=5e-05
2024-05-09 12:06:54 [Epoch: 19] loss: 0.005239, mae: 0.051354, r2: 0.748182, val_loss: 0.006106, val_mae: 0.054583, val_r2: 0.705218
2024-05-09 12:06:54 Epoch 20: lr=5e-05
2024-05-09 12:08:06 [Epoch: 20] loss: 0.005222, mae: 0.051244, r2: 0.748794, val_loss: 0.006141, val_mae: 0.054724, val_r2: 0.702892
2024-05-09 12:08:06 Epoch 21: lr=2.5e-05
2024-05-09 12:09:18 [Epoch: 21] loss: 0.005149, mae: 0.050923, r2: 0.752211, val_loss: 0.006140, val_mae: 0.054790, val_r2: 0.702803
2024-05-09 12:09:18 Epoch 22: lr=2.5e-05
2024-05-09 12:10:30 [Epoch: 22] loss: 0.005132, mae: 0.050844, r2: 0.753161, val_loss: 0.006138, val_mae: 0.054496, val_r2: 0.702376
2024-05-09 12:10:30 Epoch 23: lr=2.5e-05
2024-05-09 12:11:43 [Epoch: 23] loss: 0.005120, mae: 0.050816, r2: 0.753868, val_loss: 0.006141, val_mae: 0.054416, val_r2: 0.703317
2024-05-09 12:11:43 Epoch 24: lr=2.5e-05
2024-05-09 12:12:55 [Epoch: 24] loss: 0.005115, mae: 0.050773, r2: 0.753900, val_loss: 0.006128, val_mae: 0.054391, val_r2: 0.703944
2024-05-09 12:12:55 Epoch 25: lr=2.5e-05
2024-05-09 12:14:07 [Epoch: 25] loss: 0.005093, mae: 0.050654, r2: 0.754786, val_loss: 0.006115, val_mae: 0.054644, val_r2: 0.703208
2024-05-09 12:14:07 Epoch 26: lr=1.25e-05
2024-05-09 12:15:19 [Epoch: 26] loss: 0.005059, mae: 0.050479, r2: 0.756355, val_loss: 0.006131, val_mae: 0.054604, val_r2: 0.702870
2024-05-09 12:15:19 Epoch 27: lr=1.25e-05
2024-05-09 12:16:31 [Epoch: 27] loss: 0.005044, mae: 0.050426, r2: 0.757198, val_loss: 0.006108, val_mae: 0.054418, val_r2: 0.704676
2024-05-09 12:16:31 Epoch 28: lr=1.25e-05
2024-05-09 12:17:44 [Epoch: 28] loss: 0.005034, mae: 0.050386, r2: 0.757444, val_loss: 0.006112, val_mae: 0.054335, val_r2: 0.704445
2024-05-09 12:17:44 Epoch 29: lr=1.25e-05
2024-05-09 12:18:56 [Epoch: 29] loss: 0.005033, mae: 0.050412, r2: 0.757756, val_loss: 0.006097, val_mae: 0.054435, val_r2: 0.704849
2024-05-09 12:18:56 history_length: 30
2024-05-09 12:18:56 stopping: complete
2024-05-09 12:18:56 Comparing y_true and y_pred:
2024-05-09 12:18:56   mse: 0.00149375
2024-05-09 12:18:56   mae: 0.02761320
2024-05-09 12:18:56   r2: -0.00281697
2024-05-09 12:18:56   corr: 0.16940145
