2024-05-22 13:29:36 UNO RUN ...
2024-05-22 13:29:36 Params: {'model_name': 'uno', 'train_sources': ['CCLE'], 'test_sources': ['train'], 'cell_types': None, 'cell_features': ['rnaseq'], 'drug_features': ['descriptors'], 'dense': [1000, 1000, 1000, 1000, 1000], 'dense_feature_layers': [1000, 1000, 1000], 'activation': 'relu', 'loss': 'mse', 'optimizer': 'adamax', 'scaling': 'std', 'dropout': 0.1, 'epochs': 50, 'batch_size': 32, 'val_split': 0.2, 'cv': 1, 'max_val_loss': 1.0, 'learning_rate': 0.0001, 'base_lr': None, 'agg_dose': 'AUC', 'residual': False, 'reduce_lr': True, 'warmup_lr': True, 'batch_normalization': False, 'feature_subsample': 0, 'rng_seed': 2018, 'no_gen': False, 'verbose': False, 'preprocess_rnaseq': 'source_scale', 'gpus': [0], 'use_landmark_genes': True, 'no_feature_source': True, 'no_response_source': True, 'save_path': '/dev/shm/Uno/save/9000732.amn-0001/34', 'single': True, 'on_memory_loader': True, 'ckpt_checksum': True, 'ckpt_save_interval': 0, 'timeout': -1, 'train_bool': True, 'profiling': False, 'experiment_id': '9000732.amn-0001', 'run_id': '34', 'logfile': '/dev/shm/Uno/save/9000732.amn-0001/34/python.log', 'shuffle': False, 'ckpt_restart_mode': 'off', 'ckpt_skip_epochs': 0, 'ckpt_directory': '/dev/shm/Uno/save/9000732.amn-0001/34', 'ckpt_save_best': True, 'ckpt_save_best_metric': 'val_loss', 'ckpt_save_weights_only': False, 'ckpt_keep_mode': 'linear', 'ckpt_keep_limit': 5, 'by_cell': None, 'by_drug': None, 'cell_subset_path': '', 'drug_subset_path': '', 'drug_median_response_min': -1, 'drug_median_response_max': 1, 'dense_cell_feature_layers': None, 'dense_drug_feature_layers': None, 'use_filtered_genes': False, 'feature_subset_path': '', 'cell_feature_subset_path': '', 'drug_feature_subset_path': '', 'es': True, 'cp': False, 'tb': False, 'tb_prefix': 'tb', 'partition_by': None, 'cache': None, 'export_csv': None, 'export_data': None, 'use_exported_data': '/dev/shm/Uno/x1921c2s7b0n0.34.merged.landmark.h5', 'growth_bins': 0, 'initial_weights': None, 'save_weights': '/dev/shm/Uno/save/9000732.amn-0001/34/5.0.model.h5', 'config_file': '/home/brettin/CSC249ADOA01_CNDA/brettin/Benchmarks/Pilot1/Uno/uno_auc_model.txt', 'data_type': <class 'numpy.float32'>, 'data_dir': '/dev/shm/Uno/uno/Data', 'output_dir': '/dev/shm/Uno/uno/Output/9000732.amn-0001/34'}
2024-05-22 13:29:36 Feature encoding submodel for cell.rnaseq:
2024-05-22 13:29:36 Model: "cell.rnaseq"
2024-05-22 13:29:36 _________________________________________________________________
2024-05-22 13:29:36  Layer (type)                Output Shape              Param #   
2024-05-22 13:29:36 =================================================================
2024-05-22 13:29:36  input_1 (InputLayer)        [(None, 958)]             0         
2024-05-22 13:29:36                                                                  
2024-05-22 13:29:36  dense (Dense)               (None, 1000)              959000    
2024-05-22 13:29:36                                                                  
2024-05-22 13:29:36  permanent_dropout (Permane  (None, 1000)              0         
2024-05-22 13:29:36  ntDropout)                                                      
2024-05-22 13:29:36                                                                  
2024-05-22 13:29:36  dense_1 (Dense)             (None, 1000)              1001000   
2024-05-22 13:29:36                                                                  
2024-05-22 13:29:36  permanent_dropout_1 (Perma  (None, 1000)              0         
2024-05-22 13:29:36  nentDropout)                                                    
2024-05-22 13:29:36                                                                  
2024-05-22 13:29:36  dense_2 (Dense)             (None, 1000)              1001000   
2024-05-22 13:29:36                                                                  
2024-05-22 13:29:36  permanent_dropout_2 (Perma  (None, 1000)              0         
2024-05-22 13:29:36  nentDropout)                                                    
2024-05-22 13:29:36                                                                  
2024-05-22 13:29:36 =================================================================
2024-05-22 13:29:36 Total params: 2961000 (11.30 MB)
2024-05-22 13:29:36 Trainable params: 2961000 (11.30 MB)
2024-05-22 13:29:36 Non-trainable params: 0 (0.00 Byte)
2024-05-22 13:29:36 _________________________________________________________________
2024-05-22 13:29:36 Feature encoding submodel for drug.descriptors:
2024-05-22 13:29:36 Model: "drug.descriptors"
2024-05-22 13:29:36 _________________________________________________________________
2024-05-22 13:29:36  Layer (type)                Output Shape              Param #   
2024-05-22 13:29:36 =================================================================
2024-05-22 13:29:36  input_2 (InputLayer)        [(None, 1613)]            0         
2024-05-22 13:29:36                                                                  
2024-05-22 13:29:36  dense_3 (Dense)             (None, 1000)              1614000   
2024-05-22 13:29:36                                                                  
2024-05-22 13:29:36  permanent_dropout_3 (Perma  (None, 1000)              0         
2024-05-22 13:29:36  nentDropout)                                                    
2024-05-22 13:29:36                                                                  
2024-05-22 13:29:36  dense_4 (Dense)             (None, 1000)              1001000   
2024-05-22 13:29:36                                                                  
2024-05-22 13:29:36  permanent_dropout_4 (Perma  (None, 1000)              0         
2024-05-22 13:29:36  nentDropout)                                                    
2024-05-22 13:29:36                                                                  
2024-05-22 13:29:36  dense_5 (Dense)             (None, 1000)              1001000   
2024-05-22 13:29:36                                                                  
2024-05-22 13:29:36  permanent_dropout_5 (Perma  (None, 1000)              0         
2024-05-22 13:29:36  nentDropout)                                                    
2024-05-22 13:29:36                                                                  
2024-05-22 13:29:36 =================================================================
2024-05-22 13:29:36 Total params: 3616000 (13.79 MB)
2024-05-22 13:29:36 Trainable params: 3616000 (13.79 MB)
2024-05-22 13:29:36 Non-trainable params: 0 (0.00 Byte)
2024-05-22 13:29:36 _________________________________________________________________
2024-05-22 13:29:36 Combined model:
2024-05-22 13:29:36 Model: "model"
2024-05-22 13:29:36 __________________________________________________________________________________________________
2024-05-22 13:29:36  Layer (type)                Output Shape                 Param #   Connected to                  
2024-05-22 13:29:36 ==================================================================================================
2024-05-22 13:29:36  input.cell.rnaseq (InputLa  [(None, 958)]                0         []                            
2024-05-22 13:29:36  yer)                                                                                             
2024-05-22 13:29:36                                                                                                   
2024-05-22 13:29:36  input.drug1.descriptors (I  [(None, 1613)]               0         []                            
2024-05-22 13:29:36  nputLayer)                                                                                       
2024-05-22 13:29:36                                                                                                   
2024-05-22 13:29:36  cell.rnaseq (Functional)    (None, 1000)                 2961000   ['input.cell.rnaseq[0][0]']   
2024-05-22 13:29:36                                                                                                   
2024-05-22 13:29:36  drug.descriptors (Function  (None, 1000)                 3616000   ['input.drug1.descriptors[0][0
2024-05-22 13:29:36  al)                                                                ]']                           
2024-05-22 13:29:36                                                                                                   
2024-05-22 13:29:36  concatenate (Concatenate)   (None, 2000)                 0         ['cell.rnaseq[0][0]',         
2024-05-22 13:29:36                                                                      'drug.descriptors[0][0]']    
2024-05-22 13:29:36                                                                                                   
2024-05-22 13:29:36  dense_6 (Dense)             (None, 1000)                 2001000   ['concatenate[0][0]']         
2024-05-22 13:29:36                                                                                                   
2024-05-22 13:29:36  permanent_dropout_6 (Perma  (None, 1000)                 0         ['dense_6[0][0]']             
2024-05-22 13:29:36  nentDropout)                                                                                     
2024-05-22 13:29:36                                                                                                   
2024-05-22 13:29:36  dense_7 (Dense)             (None, 1000)                 1001000   ['permanent_dropout_6[0][0]'] 
2024-05-22 13:29:36                                                                                                   
2024-05-22 13:29:36  permanent_dropout_7 (Perma  (None, 1000)                 0         ['dense_7[0][0]']             
2024-05-22 13:29:36  nentDropout)                                                                                     
2024-05-22 13:29:36                                                                                                   
2024-05-22 13:29:36  dense_8 (Dense)             (None, 1000)                 1001000   ['permanent_dropout_7[0][0]'] 
2024-05-22 13:29:36                                                                                                   
2024-05-22 13:29:36  permanent_dropout_8 (Perma  (None, 1000)                 0         ['dense_8[0][0]']             
2024-05-22 13:29:36  nentDropout)                                                                                     
2024-05-22 13:29:36                                                                                                   
2024-05-22 13:29:36  dense_9 (Dense)             (None, 1000)                 1001000   ['permanent_dropout_8[0][0]'] 
2024-05-22 13:29:36                                                                                                   
2024-05-22 13:29:36  permanent_dropout_9 (Perma  (None, 1000)                 0         ['dense_9[0][0]']             
2024-05-22 13:29:36  nentDropout)                                                                                     
2024-05-22 13:29:36                                                                                                   
2024-05-22 13:29:36  dense_10 (Dense)            (None, 1000)                 1001000   ['permanent_dropout_9[0][0]'] 
2024-05-22 13:29:36                                                                                                   
2024-05-22 13:29:36  permanent_dropout_10 (Perm  (None, 1000)                 0         ['dense_10[0][0]']            
2024-05-22 13:29:36  anentDropout)                                                                                    
2024-05-22 13:29:36                                                                                                   
2024-05-22 13:29:36  dense_11 (Dense)            (None, 1)                    1001      ['permanent_dropout_10[0][0]']
2024-05-22 13:29:36                                                                                                   
2024-05-22 13:29:36 ==================================================================================================
2024-05-22 13:29:36 Total params: 12583001 (48.00 MB)
2024-05-22 13:29:36 Trainable params: 12583001 (48.00 MB)
2024-05-22 13:29:36 Non-trainable params: 0 (0.00 Byte)
2024-05-22 13:29:36 __________________________________________________________________________________________________
2024-05-22 13:29:37 CKPT CONSTRUCT...
2024-05-22 13:29:37 CKPT CONSTRUCT OK.
2024-05-22 13:29:37 template model: <keras.src.engine.functional.Functional object at 0x145994388730>
2024-05-22 13:29:38 COMPILE
2024-05-22 13:29:38 Will save weights to: /dev/shm/Uno/save/9000732.amn-0001/34/5.0.model.h5
2024-05-22 13:29:55 Between random pairs in y_val:
2024-05-22 13:29:55   mse: 0.04760111
2024-05-22 13:29:55   mae: 0.15974016
2024-05-22 13:29:55   r2: -1.00059501
2024-05-22 13:29:55   corr: -0.00029751
2024-05-22 13:29:55 Data points per epoch: train = 469630, val = 117408, test = 671
2024-05-22 13:29:55 Steps per epoch: train = 14675, val = 3669, test = 20
2024-05-22 13:29:55 Epoch 0: lr=0.001
2024-05-22 13:31:07 [Epoch: 0] loss: 0.027068, mae: 0.079995, r2: -0.234873, val_loss: 0.008602, val_mae: 0.068029, val_r2: 0.583650
2024-05-22 13:31:07 Epoch 1: lr=0.00082
2024-05-22 13:32:18 [Epoch: 1] loss: 0.008049, mae: 0.064209, r2: 0.620069, val_loss: 0.007565, val_mae: 0.061348, val_r2: 0.637872
2024-05-22 13:32:18 Epoch 2: lr=0.00064
2024-05-22 13:33:29 [Epoch: 2] loss: 0.007378, mae: 0.061062, r2: 0.650530, val_loss: 0.007143, val_mae: 0.059402, val_r2: 0.661732
2024-05-22 13:33:29 Epoch 3: lr=0.00046
2024-05-22 13:34:39 [Epoch: 3] loss: 0.006881, mae: 0.058848, r2: 0.673029, val_loss: 0.006839, val_mae: 0.059338, val_r2: 0.673141
2024-05-22 13:34:39 Epoch 4: lr=0.00028
2024-05-22 13:35:50 [Epoch: 4] loss: 0.006491, mae: 0.057107, r2: 0.690938, val_loss: 0.006548, val_mae: 0.057342, val_r2: 0.686985
2024-05-22 13:35:50 Epoch 5: lr=0.0001
2024-05-22 13:37:00 [Epoch: 5] loss: 0.006177, mae: 0.055594, r2: 0.705557, val_loss: 0.006410, val_mae: 0.055756, val_r2: 0.694436
2024-05-22 13:37:00 Epoch 6: lr=0.0001
2024-05-22 13:38:12 [Epoch: 6] loss: 0.006052, mae: 0.055053, r2: 0.711166, val_loss: 0.006332, val_mae: 0.056212, val_r2: 0.695765
2024-05-22 13:38:12 Epoch 7: lr=0.0001
2024-05-22 13:39:22 [Epoch: 7] loss: 0.005967, mae: 0.054684, r2: 0.715203, val_loss: 0.006291, val_mae: 0.055788, val_r2: 0.698699
2024-05-22 13:39:22 Epoch 8: lr=0.0001
2024-05-22 13:40:33 [Epoch: 8] loss: 0.005897, mae: 0.054395, r2: 0.718457, val_loss: 0.006268, val_mae: 0.055767, val_r2: 0.700049
2024-05-22 13:40:33 Epoch 9: lr=0.0001
2024-05-22 13:41:44 [Epoch: 9] loss: 0.005837, mae: 0.054131, r2: 0.721057, val_loss: 0.006249, val_mae: 0.055813, val_r2: 0.700601
2024-05-22 13:41:44 Epoch 10: lr=0.0001
2024-05-22 13:42:55 [Epoch: 10] loss: 0.005771, mae: 0.053806, r2: 0.723991, val_loss: 0.006232, val_mae: 0.055470, val_r2: 0.703239
2024-05-22 13:42:55 Epoch 11: lr=0.0001
2024-05-22 13:44:06 [Epoch: 11] loss: 0.005705, mae: 0.053560, r2: 0.727098, val_loss: 0.006201, val_mae: 0.055210, val_r2: 0.703297
2024-05-22 13:44:06 Epoch 12: lr=0.0001
2024-05-22 13:45:17 [Epoch: 12] loss: 0.005647, mae: 0.053275, r2: 0.729973, val_loss: 0.006169, val_mae: 0.054884, val_r2: 0.705470
2024-05-22 13:45:17 Epoch 13: lr=0.0001
2024-05-22 13:46:27 [Epoch: 13] loss: 0.005587, mae: 0.052997, r2: 0.732806, val_loss: 0.006229, val_mae: 0.054979, val_r2: 0.702003
2024-05-22 13:46:28 Epoch 14: lr=0.0001
2024-05-22 13:47:38 [Epoch: 14] loss: 0.005536, mae: 0.052751, r2: 0.735126, val_loss: 0.006159, val_mae: 0.054731, val_r2: 0.705087
2024-05-22 13:47:38 Epoch 15: lr=0.0001
2024-05-22 13:48:49 [Epoch: 15] loss: 0.005473, mae: 0.052509, r2: 0.737918, val_loss: 0.006179, val_mae: 0.054803, val_r2: 0.704144
2024-05-22 13:48:49 Epoch 16: lr=0.0001
2024-05-22 13:50:00 [Epoch: 16] loss: 0.005417, mae: 0.052240, r2: 0.740577, val_loss: 0.006114, val_mae: 0.054749, val_r2: 0.708030
2024-05-22 13:50:00 Epoch 17: lr=0.0001
2024-05-22 13:51:11 [Epoch: 17] loss: 0.005370, mae: 0.051984, r2: 0.742573, val_loss: 0.006129, val_mae: 0.054705, val_r2: 0.705519
2024-05-22 13:51:11 Epoch 18: lr=5e-05
2024-05-22 13:52:22 [Epoch: 18] loss: 0.005254, mae: 0.051433, r2: 0.748203, val_loss: 0.006104, val_mae: 0.054696, val_r2: 0.707489
2024-05-22 13:52:22 Epoch 19: lr=5e-05
2024-05-22 13:53:33 [Epoch: 19] loss: 0.005215, mae: 0.051302, r2: 0.749952, val_loss: 0.006099, val_mae: 0.054506, val_r2: 0.707329
2024-05-22 13:53:34 Epoch 20: lr=5e-05
2024-05-22 13:54:44 [Epoch: 20] loss: 0.005180, mae: 0.051124, r2: 0.751550, val_loss: 0.006103, val_mae: 0.054606, val_r2: 0.706445
2024-05-22 13:54:44 Epoch 21: lr=5e-05
2024-05-22 13:55:55 [Epoch: 21] loss: 0.005140, mae: 0.050939, r2: 0.753712, val_loss: 0.006110, val_mae: 0.054864, val_r2: 0.706280
2024-05-22 13:55:55 Epoch 22: lr=5e-05
2024-05-22 13:57:06 [Epoch: 22] loss: 0.005127, mae: 0.050855, r2: 0.754322, val_loss: 0.006097, val_mae: 0.054375, val_r2: 0.708313
2024-05-22 13:57:06 Epoch 23: lr=2.5e-05
2024-05-22 13:58:17 [Epoch: 23] loss: 0.005073, mae: 0.050606, r2: 0.756715, val_loss: 0.006061, val_mae: 0.054447, val_r2: 0.709178
2024-05-22 13:58:17 Epoch 24: lr=2.5e-05
2024-05-22 13:59:28 [Epoch: 24] loss: 0.005046, mae: 0.050495, r2: 0.757794, val_loss: 0.006088, val_mae: 0.054328, val_r2: 0.708531
2024-05-22 13:59:28 Epoch 25: lr=2.5e-05
2024-05-22 14:00:38 [Epoch: 25] loss: 0.005025, mae: 0.050392, r2: 0.758724, val_loss: 0.006075, val_mae: 0.054178, val_r2: 0.708184
2024-05-22 14:00:38 Epoch 26: lr=2.5e-05
2024-05-22 14:01:49 [Epoch: 26] loss: 0.004997, mae: 0.050246, r2: 0.760135, val_loss: 0.006110, val_mae: 0.054354, val_r2: 0.708092
2024-05-22 14:01:49 Epoch 27: lr=2.5e-05
2024-05-22 14:03:00 [Epoch: 27] loss: 0.004997, mae: 0.050240, r2: 0.760164, val_loss: 0.006094, val_mae: 0.054716, val_r2: 0.707636
2024-05-22 14:03:00 Epoch 28: lr=2.5e-05
2024-05-22 14:04:10 [Epoch: 28] loss: 0.004986, mae: 0.050213, r2: 0.760630, val_loss: 0.006085, val_mae: 0.054279, val_r2: 0.709150
2024-05-22 14:04:11 Epoch 29: lr=1.25e-05
2024-05-22 14:05:21 [Epoch: 29] loss: 0.004948, mae: 0.050074, r2: 0.762335, val_loss: 0.006096, val_mae: 0.054325, val_r2: 0.708135
2024-05-22 14:05:21 Epoch 30: lr=1.25e-05
2024-05-22 14:06:32 [Epoch: 30] loss: 0.004943, mae: 0.050021, r2: 0.762551, val_loss: 0.006092, val_mae: 0.054346, val_r2: 0.707924
2024-05-22 14:06:32 Epoch 31: lr=1.25e-05
2024-05-22 14:07:43 [Epoch: 31] loss: 0.004935, mae: 0.049956, r2: 0.762941, val_loss: 0.006074, val_mae: 0.054280, val_r2: 0.708834
2024-05-22 14:07:43 Epoch 32: lr=1.25e-05
2024-05-22 14:08:54 [Epoch: 32] loss: 0.004919, mae: 0.049883, r2: 0.763868, val_loss: 0.006070, val_mae: 0.054155, val_r2: 0.708430
2024-05-22 14:08:54 Epoch 33: lr=1.25e-05
2024-05-22 14:10:05 [Epoch: 33] loss: 0.004912, mae: 0.049865, r2: 0.764152, val_loss: 0.006085, val_mae: 0.054281, val_r2: 0.707737
2024-05-22 14:10:05 history_length: 34
2024-05-22 14:10:05 stopping: early
2024-05-22 14:10:05 Comparing y_true and y_pred:
2024-05-22 14:10:05   mse: 0.00358129
2024-05-22 14:10:05   mae: 0.04360217
2024-05-22 14:10:05   r2: 0.03446611
2024-05-22 14:10:05   corr: 0.47167357
