2024-05-09 11:42:31 UNO RUN ...
2024-05-09 11:42:31 Params: {'model_name': 'uno', 'train_sources': ['CCLE'], 'test_sources': ['train'], 'cell_types': None, 'cell_features': ['rnaseq'], 'drug_features': ['descriptors'], 'dense': [1000, 1000, 1000, 1000, 1000], 'dense_feature_layers': [1000, 1000, 1000], 'activation': 'relu', 'loss': 'mse', 'optimizer': 'adamax', 'scaling': 'std', 'dropout': 0.1, 'epochs': 30, 'batch_size': 32, 'val_split': 0.2, 'cv': 1, 'max_val_loss': 1.0, 'learning_rate': 0.0001, 'base_lr': None, 'agg_dose': 'AUC', 'residual': False, 'reduce_lr': True, 'warmup_lr': True, 'batch_normalization': False, 'feature_subsample': 0, 'rng_seed': 2018, 'no_gen': False, 'verbose': False, 'preprocess_rnaseq': 'source_scale', 'gpus': [0], 'use_landmark_genes': True, 'no_feature_source': True, 'no_response_source': True, 'save_path': '/dev/shm/Uno/save/8996461.amn-0001/181', 'single': True, 'on_memory_loader': True, 'ckpt_checksum': True, 'ckpt_save_interval': 0, 'timeout': -1, 'train_bool': True, 'profiling': False, 'experiment_id': '8996461.amn-0001', 'run_id': '181', 'logfile': '/dev/shm/Uno/save/8996461.amn-0001/181/python.log', 'shuffle': False, 'ckpt_restart_mode': 'off', 'ckpt_skip_epochs': 0, 'ckpt_directory': '/dev/shm/Uno/save/8996461.amn-0001/181', 'ckpt_save_best': True, 'ckpt_save_best_metric': 'val_loss', 'ckpt_save_weights_only': False, 'ckpt_keep_mode': 'linear', 'ckpt_keep_limit': 5, 'by_cell': None, 'by_drug': None, 'cell_subset_path': '', 'drug_subset_path': '', 'drug_median_response_min': -1, 'drug_median_response_max': 1, 'dense_cell_feature_layers': None, 'dense_drug_feature_layers': None, 'use_filtered_genes': False, 'feature_subset_path': '', 'cell_feature_subset_path': '', 'drug_feature_subset_path': '', 'es': True, 'cp': False, 'tb': False, 'tb_prefix': 'tb', 'partition_by': None, 'cache': None, 'export_csv': None, 'export_data': None, 'use_exported_data': '/dev/shm/Uno/x1921c2s5b0n0.181.merged.landmark.h5', 'growth_bins': 0, 'initial_weights': None, 'save_weights': '/dev/shm/Uno/save/8996461.amn-0001/181/0.1.model.h5', 'config_file': '/home/brettin/CSC249ADOA01_CNDA/brettin/Benchmarks/Pilot1/Uno/uno_auc_model.txt', 'data_type': <class 'numpy.float32'>, 'data_dir': '/dev/shm/Uno/uno/Data', 'output_dir': '/dev/shm/Uno/uno/Output/8996461.amn-0001/181'}
2024-05-09 11:42:31 Feature encoding submodel for cell.rnaseq:
2024-05-09 11:42:31 Model: "cell.rnaseq"
2024-05-09 11:42:31 _________________________________________________________________
2024-05-09 11:42:31  Layer (type)                Output Shape              Param #   
2024-05-09 11:42:31 =================================================================
2024-05-09 11:42:31  input_1 (InputLayer)        [(None, 958)]             0         
2024-05-09 11:42:31                                                                  
2024-05-09 11:42:31  dense (Dense)               (None, 1000)              959000    
2024-05-09 11:42:31                                                                  
2024-05-09 11:42:31  permanent_dropout (Permane  (None, 1000)              0         
2024-05-09 11:42:31  ntDropout)                                                      
2024-05-09 11:42:31                                                                  
2024-05-09 11:42:31  dense_1 (Dense)             (None, 1000)              1001000   
2024-05-09 11:42:31                                                                  
2024-05-09 11:42:31  permanent_dropout_1 (Perma  (None, 1000)              0         
2024-05-09 11:42:31  nentDropout)                                                    
2024-05-09 11:42:31                                                                  
2024-05-09 11:42:31  dense_2 (Dense)             (None, 1000)              1001000   
2024-05-09 11:42:31                                                                  
2024-05-09 11:42:31  permanent_dropout_2 (Perma  (None, 1000)              0         
2024-05-09 11:42:31  nentDropout)                                                    
2024-05-09 11:42:31                                                                  
2024-05-09 11:42:31 =================================================================
2024-05-09 11:42:31 Total params: 2961000 (11.30 MB)
2024-05-09 11:42:31 Trainable params: 2961000 (11.30 MB)
2024-05-09 11:42:31 Non-trainable params: 0 (0.00 Byte)
2024-05-09 11:42:31 _________________________________________________________________
2024-05-09 11:42:31 Feature encoding submodel for drug.descriptors:
2024-05-09 11:42:31 Model: "drug.descriptors"
2024-05-09 11:42:31 _________________________________________________________________
2024-05-09 11:42:31  Layer (type)                Output Shape              Param #   
2024-05-09 11:42:31 =================================================================
2024-05-09 11:42:31  input_2 (InputLayer)        [(None, 1613)]            0         
2024-05-09 11:42:31                                                                  
2024-05-09 11:42:31  dense_3 (Dense)             (None, 1000)              1614000   
2024-05-09 11:42:31                                                                  
2024-05-09 11:42:31  permanent_dropout_3 (Perma  (None, 1000)              0         
2024-05-09 11:42:31  nentDropout)                                                    
2024-05-09 11:42:31                                                                  
2024-05-09 11:42:31  dense_4 (Dense)             (None, 1000)              1001000   
2024-05-09 11:42:31                                                                  
2024-05-09 11:42:31  permanent_dropout_4 (Perma  (None, 1000)              0         
2024-05-09 11:42:31  nentDropout)                                                    
2024-05-09 11:42:31                                                                  
2024-05-09 11:42:31  dense_5 (Dense)             (None, 1000)              1001000   
2024-05-09 11:42:31                                                                  
2024-05-09 11:42:31  permanent_dropout_5 (Perma  (None, 1000)              0         
2024-05-09 11:42:31  nentDropout)                                                    
2024-05-09 11:42:31                                                                  
2024-05-09 11:42:31 =================================================================
2024-05-09 11:42:31 Total params: 3616000 (13.79 MB)
2024-05-09 11:42:31 Trainable params: 3616000 (13.79 MB)
2024-05-09 11:42:31 Non-trainable params: 0 (0.00 Byte)
2024-05-09 11:42:31 _________________________________________________________________
2024-05-09 11:42:31 Combined model:
2024-05-09 11:42:31 Model: "model"
2024-05-09 11:42:31 __________________________________________________________________________________________________
2024-05-09 11:42:31  Layer (type)                Output Shape                 Param #   Connected to                  
2024-05-09 11:42:31 ==================================================================================================
2024-05-09 11:42:31  input.cell.rnaseq (InputLa  [(None, 958)]                0         []                            
2024-05-09 11:42:31  yer)                                                                                             
2024-05-09 11:42:31                                                                                                   
2024-05-09 11:42:31  input.drug1.descriptors (I  [(None, 1613)]               0         []                            
2024-05-09 11:42:31  nputLayer)                                                                                       
2024-05-09 11:42:31                                                                                                   
2024-05-09 11:42:31  cell.rnaseq (Functional)    (None, 1000)                 2961000   ['input.cell.rnaseq[0][0]']   
2024-05-09 11:42:31                                                                                                   
2024-05-09 11:42:31  drug.descriptors (Function  (None, 1000)                 3616000   ['input.drug1.descriptors[0][0
2024-05-09 11:42:31  al)                                                                ]']                           
2024-05-09 11:42:31                                                                                                   
2024-05-09 11:42:31  concatenate (Concatenate)   (None, 2000)                 0         ['cell.rnaseq[0][0]',         
2024-05-09 11:42:31                                                                      'drug.descriptors[0][0]']    
2024-05-09 11:42:31                                                                                                   
2024-05-09 11:42:31  dense_6 (Dense)             (None, 1000)                 2001000   ['concatenate[0][0]']         
2024-05-09 11:42:31                                                                                                   
2024-05-09 11:42:31  permanent_dropout_6 (Perma  (None, 1000)                 0         ['dense_6[0][0]']             
2024-05-09 11:42:31  nentDropout)                                                                                     
2024-05-09 11:42:31                                                                                                   
2024-05-09 11:42:31  dense_7 (Dense)             (None, 1000)                 1001000   ['permanent_dropout_6[0][0]'] 
2024-05-09 11:42:31                                                                                                   
2024-05-09 11:42:31  permanent_dropout_7 (Perma  (None, 1000)                 0         ['dense_7[0][0]']             
2024-05-09 11:42:31  nentDropout)                                                                                     
2024-05-09 11:42:31                                                                                                   
2024-05-09 11:42:31  dense_8 (Dense)             (None, 1000)                 1001000   ['permanent_dropout_7[0][0]'] 
2024-05-09 11:42:31                                                                                                   
2024-05-09 11:42:31  permanent_dropout_8 (Perma  (None, 1000)                 0         ['dense_8[0][0]']             
2024-05-09 11:42:31  nentDropout)                                                                                     
2024-05-09 11:42:31                                                                                                   
2024-05-09 11:42:31  dense_9 (Dense)             (None, 1000)                 1001000   ['permanent_dropout_8[0][0]'] 
2024-05-09 11:42:31                                                                                                   
2024-05-09 11:42:31  permanent_dropout_9 (Perma  (None, 1000)                 0         ['dense_9[0][0]']             
2024-05-09 11:42:31  nentDropout)                                                                                     
2024-05-09 11:42:31                                                                                                   
2024-05-09 11:42:31  dense_10 (Dense)            (None, 1000)                 1001000   ['permanent_dropout_9[0][0]'] 
2024-05-09 11:42:31                                                                                                   
2024-05-09 11:42:31  permanent_dropout_10 (Perm  (None, 1000)                 0         ['dense_10[0][0]']            
2024-05-09 11:42:31  anentDropout)                                                                                    
2024-05-09 11:42:31                                                                                                   
2024-05-09 11:42:31  dense_11 (Dense)            (None, 1)                    1001      ['permanent_dropout_10[0][0]']
2024-05-09 11:42:31                                                                                                   
2024-05-09 11:42:31 ==================================================================================================
2024-05-09 11:42:31 Total params: 12583001 (48.00 MB)
2024-05-09 11:42:31 Trainable params: 12583001 (48.00 MB)
2024-05-09 11:42:31 Non-trainable params: 0 (0.00 Byte)
2024-05-09 11:42:31 __________________________________________________________________________________________________
2024-05-09 11:42:31 CKPT CONSTRUCT...
2024-05-09 11:42:31 CKPT CONSTRUCT OK.
2024-05-09 11:42:31 template model: <keras.src.engine.functional.Functional object at 0x1537051c1af0>
2024-05-09 11:42:33 COMPILE
2024-05-09 11:42:33 Will save weights to: /dev/shm/Uno/save/8996461.amn-0001/181/0.1.model.h5
2024-05-09 11:42:49 Between random pairs in y_val:
2024-05-09 11:42:49   mse: 0.04787899
2024-05-09 11:42:49   mae: 0.16006765
2024-05-09 11:42:49   r2: -1.00194826
2024-05-09 11:42:49   corr: -0.00097413
2024-05-09 11:42:49 Data points per epoch: train = 470167, val = 117542, test = 726
2024-05-09 11:42:49 Steps per epoch: train = 14692, val = 3673, test = 22
2024-05-09 11:42:49 Epoch 0: lr=0.001
2024-05-09 11:44:01 [Epoch: 0] loss: 0.024669, mae: 0.079364, r2: -0.351908, val_loss: 0.008518, val_mae: 0.066416, val_r2: 0.595351
2024-05-09 11:44:01 Epoch 1: lr=0.00082
2024-05-09 11:45:11 [Epoch: 1] loss: 0.008004, mae: 0.064043, r2: 0.620133, val_loss: 0.007739, val_mae: 0.061957, val_r2: 0.633597
2024-05-09 11:45:11 Epoch 2: lr=0.00064
2024-05-09 11:46:22 [Epoch: 2] loss: 0.007323, mae: 0.060896, r2: 0.651028, val_loss: 0.007109, val_mae: 0.060213, val_r2: 0.663099
2024-05-09 11:46:22 Epoch 3: lr=0.00046
2024-05-09 11:47:32 [Epoch: 3] loss: 0.006837, mae: 0.058704, r2: 0.673373, val_loss: 0.006792, val_mae: 0.058722, val_r2: 0.678780
2024-05-09 11:47:32 Epoch 4: lr=0.00028
2024-05-09 11:48:42 [Epoch: 4] loss: 0.006456, mae: 0.056918, r2: 0.691304, val_loss: 0.006525, val_mae: 0.057161, val_r2: 0.689558
2024-05-09 11:48:42 Epoch 5: lr=0.0001
2024-05-09 11:49:53 [Epoch: 5] loss: 0.006120, mae: 0.055369, r2: 0.706524, val_loss: 0.006369, val_mae: 0.056252, val_r2: 0.696630
2024-05-09 11:49:53 Epoch 6: lr=0.0001
2024-05-09 11:51:03 [Epoch: 6] loss: 0.006013, mae: 0.054869, r2: 0.711597, val_loss: 0.006339, val_mae: 0.056735, val_r2: 0.698447
2024-05-09 11:51:03 Epoch 7: lr=0.0001
2024-05-09 11:52:14 [Epoch: 7] loss: 0.005945, mae: 0.054553, r2: 0.714665, val_loss: 0.006294, val_mae: 0.055857, val_r2: 0.699578
2024-05-09 11:52:14 Epoch 8: lr=0.0001
2024-05-09 11:53:24 [Epoch: 8] loss: 0.005873, mae: 0.054240, r2: 0.718074, val_loss: 0.006277, val_mae: 0.055968, val_r2: 0.700569
2024-05-09 11:53:24 Epoch 9: lr=0.0001
2024-05-09 11:54:34 [Epoch: 9] loss: 0.005812, mae: 0.053953, r2: 0.720818, val_loss: 0.006232, val_mae: 0.055326, val_r2: 0.702511
2024-05-09 11:54:34 Epoch 10: lr=0.0001
2024-05-09 11:55:45 [Epoch: 10] loss: 0.005749, mae: 0.053717, r2: 0.723927, val_loss: 0.006231, val_mae: 0.055163, val_r2: 0.702937
2024-05-09 11:55:45 Epoch 11: lr=0.0001
2024-05-09 11:56:55 [Epoch: 11] loss: 0.005687, mae: 0.053375, r2: 0.726960, val_loss: 0.006212, val_mae: 0.054986, val_r2: 0.704238
2024-05-09 11:56:55 Epoch 12: lr=0.0001
2024-05-09 11:58:05 [Epoch: 12] loss: 0.005633, mae: 0.053153, r2: 0.729236, val_loss: 0.006194, val_mae: 0.055156, val_r2: 0.703438
2024-05-09 11:58:05 Epoch 13: lr=0.0001
2024-05-09 11:59:16 [Epoch: 13] loss: 0.005575, mae: 0.052870, r2: 0.731826, val_loss: 0.006169, val_mae: 0.055541, val_r2: 0.705247
2024-05-09 11:59:16 Epoch 14: lr=0.0001
2024-05-09 12:00:26 [Epoch: 14] loss: 0.005522, mae: 0.052630, r2: 0.734417, val_loss: 0.006167, val_mae: 0.054788, val_r2: 0.705046
2024-05-09 12:00:26 Epoch 15: lr=5e-05
2024-05-09 12:01:37 [Epoch: 15] loss: 0.005405, mae: 0.052077, r2: 0.739587, val_loss: 0.006121, val_mae: 0.054720, val_r2: 0.707307
2024-05-09 12:01:37 Epoch 16: lr=5e-05
2024-05-09 12:02:47 [Epoch: 16] loss: 0.005370, mae: 0.051886, r2: 0.741517, val_loss: 0.006121, val_mae: 0.054493, val_r2: 0.707764
2024-05-09 12:02:47 Epoch 17: lr=5e-05
2024-05-09 12:03:58 [Epoch: 17] loss: 0.005340, mae: 0.051767, r2: 0.742585, val_loss: 0.006117, val_mae: 0.054643, val_r2: 0.707876
2024-05-09 12:03:58 Epoch 18: lr=5e-05
2024-05-09 12:05:08 [Epoch: 18] loss: 0.005310, mae: 0.051640, r2: 0.744061, val_loss: 0.006094, val_mae: 0.054410, val_r2: 0.710029
2024-05-09 12:05:08 Epoch 19: lr=5e-05
2024-05-09 12:06:19 [Epoch: 19] loss: 0.005272, mae: 0.051450, r2: 0.745975, val_loss: 0.006116, val_mae: 0.054360, val_r2: 0.707340
2024-05-09 12:06:19 Epoch 20: lr=5e-05
2024-05-09 12:07:29 [Epoch: 20] loss: 0.005249, mae: 0.051357, r2: 0.747178, val_loss: 0.006125, val_mae: 0.054920, val_r2: 0.706957
2024-05-09 12:07:29 Epoch 21: lr=2.5e-05
2024-05-09 12:08:39 [Epoch: 21] loss: 0.005177, mae: 0.051050, r2: 0.750261, val_loss: 0.006096, val_mae: 0.054372, val_r2: 0.708633
2024-05-09 12:08:39 Epoch 22: lr=2.5e-05
2024-05-09 12:09:49 [Epoch: 22] loss: 0.005165, mae: 0.050950, r2: 0.751029, val_loss: 0.006088, val_mae: 0.054249, val_r2: 0.709506
2024-05-09 12:09:50 Epoch 23: lr=2.5e-05
2024-05-09 12:11:00 [Epoch: 23] loss: 0.005155, mae: 0.050894, r2: 0.751358, val_loss: 0.006079, val_mae: 0.054411, val_r2: 0.709134
2024-05-09 12:11:00 Epoch 24: lr=2.5e-05
2024-05-09 12:12:10 [Epoch: 24] loss: 0.005132, mae: 0.050813, r2: 0.752476, val_loss: 0.006079, val_mae: 0.054450, val_r2: 0.709786
2024-05-09 12:12:10 Epoch 25: lr=2.5e-05
2024-05-09 12:13:21 [Epoch: 25] loss: 0.005115, mae: 0.050741, r2: 0.753196, val_loss: 0.006114, val_mae: 0.054552, val_r2: 0.707702
2024-05-09 12:13:21 Epoch 26: lr=1.25e-05
2024-05-09 12:14:31 [Epoch: 26] loss: 0.005089, mae: 0.050636, r2: 0.754507, val_loss: 0.006074, val_mae: 0.054185, val_r2: 0.709953
2024-05-09 12:14:31 Epoch 27: lr=1.25e-05
2024-05-09 12:15:41 [Epoch: 27] loss: 0.005071, mae: 0.050513, r2: 0.755106, val_loss: 0.006096, val_mae: 0.054309, val_r2: 0.708853
2024-05-09 12:15:41 Epoch 28: lr=1.25e-05
2024-05-09 12:16:52 [Epoch: 28] loss: 0.005077, mae: 0.050566, r2: 0.754845, val_loss: 0.006066, val_mae: 0.054415, val_r2: 0.710964
2024-05-09 12:16:52 Epoch 29: lr=1.25e-05
2024-05-09 12:18:02 [Epoch: 29] loss: 0.005063, mae: 0.050504, r2: 0.755930, val_loss: 0.006091, val_mae: 0.054255, val_r2: 0.709070
2024-05-09 12:18:03 history_length: 30
2024-05-09 12:18:03 stopping: complete
2024-05-09 12:18:03 Comparing y_true and y_pred:
2024-05-09 12:18:03   mse: 0.00197210
2024-05-09 12:18:03   mae: 0.03523310
2024-05-09 12:18:03   r2: 0.23819647
2024-05-09 12:18:03   corr: 0.49491955
