2024-05-22 17:13:02 UNO RUN ...
2024-05-22 17:13:02 Params: {'model_name': 'uno', 'train_sources': ['CCLE'], 'test_sources': ['train'], 'cell_types': None, 'cell_features': ['rnaseq'], 'drug_features': ['descriptors'], 'dense': [1000, 1000, 1000, 1000, 1000], 'dense_feature_layers': [1000, 1000, 1000], 'activation': 'relu', 'loss': 'mse', 'optimizer': 'adamax', 'scaling': 'std', 'dropout': 0.1, 'epochs': 50, 'batch_size': 32, 'val_split': 0.2, 'cv': 1, 'max_val_loss': 1.0, 'learning_rate': 0.0001, 'base_lr': None, 'agg_dose': 'AUC', 'residual': False, 'reduce_lr': True, 'warmup_lr': True, 'batch_normalization': False, 'feature_subsample': 0, 'rng_seed': 2018, 'no_gen': False, 'verbose': False, 'preprocess_rnaseq': 'source_scale', 'gpus': [0], 'use_landmark_genes': True, 'no_feature_source': True, 'no_response_source': True, 'save_path': '/dev/shm/Uno/save/9000841.amn-0001/15', 'single': True, 'on_memory_loader': True, 'ckpt_checksum': True, 'ckpt_save_interval': 0, 'timeout': -1, 'train_bool': True, 'profiling': False, 'experiment_id': '9000841.amn-0001', 'run_id': '15', 'logfile': '/dev/shm/Uno/save/9000841.amn-0001/15/python.log', 'shuffle': False, 'ckpt_restart_mode': 'off', 'ckpt_skip_epochs': 0, 'ckpt_directory': '/dev/shm/Uno/save/9000841.amn-0001/15', 'ckpt_save_best': True, 'ckpt_save_best_metric': 'val_loss', 'ckpt_save_weights_only': False, 'ckpt_keep_mode': 'linear', 'ckpt_keep_limit': 5, 'by_cell': None, 'by_drug': None, 'cell_subset_path': '', 'drug_subset_path': '', 'drug_median_response_min': -1, 'drug_median_response_max': 1, 'dense_cell_feature_layers': None, 'dense_drug_feature_layers': None, 'use_filtered_genes': False, 'feature_subset_path': '', 'cell_feature_subset_path': '', 'drug_feature_subset_path': '', 'es': True, 'cp': False, 'tb': False, 'tb_prefix': 'tb', 'partition_by': None, 'cache': None, 'export_csv': None, 'export_data': None, 'use_exported_data': '/dev/shm/Uno/x1921c2s4b0n0.15.merged.landmark.h5', 'growth_bins': 0, 'initial_weights': None, 'save_weights': '/dev/shm/Uno/save/9000841.amn-0001/15/1.1.model.h5', 'config_file': '/home/brettin/CSC249ADOA01_CNDA/brettin/Benchmarks/Pilot1/Uno/uno_auc_model.txt', 'data_type': <class 'numpy.float32'>, 'data_dir': '/dev/shm/Uno/uno/Data', 'output_dir': '/dev/shm/Uno/uno/Output/9000841.amn-0001/15'}
2024-05-22 17:13:02 Feature encoding submodel for cell.rnaseq:
2024-05-22 17:13:02 Model: "cell.rnaseq"
2024-05-22 17:13:02 _________________________________________________________________
2024-05-22 17:13:02  Layer (type)                Output Shape              Param #   
2024-05-22 17:13:02 =================================================================
2024-05-22 17:13:02  input_1 (InputLayer)        [(None, 958)]             0         
2024-05-22 17:13:02                                                                  
2024-05-22 17:13:02  dense (Dense)               (None, 1000)              959000    
2024-05-22 17:13:02                                                                  
2024-05-22 17:13:02  permanent_dropout (Permane  (None, 1000)              0         
2024-05-22 17:13:02  ntDropout)                                                      
2024-05-22 17:13:02                                                                  
2024-05-22 17:13:02  dense_1 (Dense)             (None, 1000)              1001000   
2024-05-22 17:13:02                                                                  
2024-05-22 17:13:02  permanent_dropout_1 (Perma  (None, 1000)              0         
2024-05-22 17:13:02  nentDropout)                                                    
2024-05-22 17:13:02                                                                  
2024-05-22 17:13:02  dense_2 (Dense)             (None, 1000)              1001000   
2024-05-22 17:13:02                                                                  
2024-05-22 17:13:02  permanent_dropout_2 (Perma  (None, 1000)              0         
2024-05-22 17:13:02  nentDropout)                                                    
2024-05-22 17:13:02                                                                  
2024-05-22 17:13:02 =================================================================
2024-05-22 17:13:02 Total params: 2961000 (11.30 MB)
2024-05-22 17:13:02 Trainable params: 2961000 (11.30 MB)
2024-05-22 17:13:02 Non-trainable params: 0 (0.00 Byte)
2024-05-22 17:13:02 _________________________________________________________________
2024-05-22 17:13:02 Feature encoding submodel for drug.descriptors:
2024-05-22 17:13:02 Model: "drug.descriptors"
2024-05-22 17:13:02 _________________________________________________________________
2024-05-22 17:13:02  Layer (type)                Output Shape              Param #   
2024-05-22 17:13:02 =================================================================
2024-05-22 17:13:02  input_2 (InputLayer)        [(None, 1613)]            0         
2024-05-22 17:13:02                                                                  
2024-05-22 17:13:02  dense_3 (Dense)             (None, 1000)              1614000   
2024-05-22 17:13:02                                                                  
2024-05-22 17:13:02  permanent_dropout_3 (Perma  (None, 1000)              0         
2024-05-22 17:13:02  nentDropout)                                                    
2024-05-22 17:13:02                                                                  
2024-05-22 17:13:02  dense_4 (Dense)             (None, 1000)              1001000   
2024-05-22 17:13:02                                                                  
2024-05-22 17:13:02  permanent_dropout_4 (Perma  (None, 1000)              0         
2024-05-22 17:13:02  nentDropout)                                                    
2024-05-22 17:13:02                                                                  
2024-05-22 17:13:02  dense_5 (Dense)             (None, 1000)              1001000   
2024-05-22 17:13:02                                                                  
2024-05-22 17:13:02  permanent_dropout_5 (Perma  (None, 1000)              0         
2024-05-22 17:13:02  nentDropout)                                                    
2024-05-22 17:13:02                                                                  
2024-05-22 17:13:02 =================================================================
2024-05-22 17:13:02 Total params: 3616000 (13.79 MB)
2024-05-22 17:13:02 Trainable params: 3616000 (13.79 MB)
2024-05-22 17:13:02 Non-trainable params: 0 (0.00 Byte)
2024-05-22 17:13:02 _________________________________________________________________
2024-05-22 17:13:02 Combined model:
2024-05-22 17:13:02 Model: "model"
2024-05-22 17:13:02 __________________________________________________________________________________________________
2024-05-22 17:13:02  Layer (type)                Output Shape                 Param #   Connected to                  
2024-05-22 17:13:02 ==================================================================================================
2024-05-22 17:13:02  input.cell.rnaseq (InputLa  [(None, 958)]                0         []                            
2024-05-22 17:13:02  yer)                                                                                             
2024-05-22 17:13:02                                                                                                   
2024-05-22 17:13:02  input.drug1.descriptors (I  [(None, 1613)]               0         []                            
2024-05-22 17:13:02  nputLayer)                                                                                       
2024-05-22 17:13:02                                                                                                   
2024-05-22 17:13:02  cell.rnaseq (Functional)    (None, 1000)                 2961000   ['input.cell.rnaseq[0][0]']   
2024-05-22 17:13:02                                                                                                   
2024-05-22 17:13:02  drug.descriptors (Function  (None, 1000)                 3616000   ['input.drug1.descriptors[0][0
2024-05-22 17:13:02  al)                                                                ]']                           
2024-05-22 17:13:02                                                                                                   
2024-05-22 17:13:02  concatenate (Concatenate)   (None, 2000)                 0         ['cell.rnaseq[0][0]',         
2024-05-22 17:13:02                                                                      'drug.descriptors[0][0]']    
2024-05-22 17:13:02                                                                                                   
2024-05-22 17:13:02  dense_6 (Dense)             (None, 1000)                 2001000   ['concatenate[0][0]']         
2024-05-22 17:13:02                                                                                                   
2024-05-22 17:13:02  permanent_dropout_6 (Perma  (None, 1000)                 0         ['dense_6[0][0]']             
2024-05-22 17:13:02  nentDropout)                                                                                     
2024-05-22 17:13:02                                                                                                   
2024-05-22 17:13:02  dense_7 (Dense)             (None, 1000)                 1001000   ['permanent_dropout_6[0][0]'] 
2024-05-22 17:13:02                                                                                                   
2024-05-22 17:13:02  permanent_dropout_7 (Perma  (None, 1000)                 0         ['dense_7[0][0]']             
2024-05-22 17:13:02  nentDropout)                                                                                     
2024-05-22 17:13:02                                                                                                   
2024-05-22 17:13:02  dense_8 (Dense)             (None, 1000)                 1001000   ['permanent_dropout_7[0][0]'] 
2024-05-22 17:13:02                                                                                                   
2024-05-22 17:13:02  permanent_dropout_8 (Perma  (None, 1000)                 0         ['dense_8[0][0]']             
2024-05-22 17:13:02  nentDropout)                                                                                     
2024-05-22 17:13:02                                                                                                   
2024-05-22 17:13:02  dense_9 (Dense)             (None, 1000)                 1001000   ['permanent_dropout_8[0][0]'] 
2024-05-22 17:13:02                                                                                                   
2024-05-22 17:13:02  permanent_dropout_9 (Perma  (None, 1000)                 0         ['dense_9[0][0]']             
2024-05-22 17:13:02  nentDropout)                                                                                     
2024-05-22 17:13:02                                                                                                   
2024-05-22 17:13:02  dense_10 (Dense)            (None, 1000)                 1001000   ['permanent_dropout_9[0][0]'] 
2024-05-22 17:13:02                                                                                                   
2024-05-22 17:13:02  permanent_dropout_10 (Perm  (None, 1000)                 0         ['dense_10[0][0]']            
2024-05-22 17:13:02  anentDropout)                                                                                    
2024-05-22 17:13:02                                                                                                   
2024-05-22 17:13:02  dense_11 (Dense)            (None, 1)                    1001      ['permanent_dropout_10[0][0]']
2024-05-22 17:13:02                                                                                                   
2024-05-22 17:13:02 ==================================================================================================
2024-05-22 17:13:02 Total params: 12583001 (48.00 MB)
2024-05-22 17:13:02 Trainable params: 12583001 (48.00 MB)
2024-05-22 17:13:02 Non-trainable params: 0 (0.00 Byte)
2024-05-22 17:13:02 __________________________________________________________________________________________________
2024-05-22 17:13:03 CKPT CONSTRUCT...
2024-05-22 17:13:03 CKPT CONSTRUCT OK.
2024-05-22 17:13:03 template model: <keras.src.engine.functional.Functional object at 0x1550a338d6a0>
2024-05-22 17:13:04 COMPILE
2024-05-22 17:13:04 Will save weights to: /dev/shm/Uno/save/9000841.amn-0001/15/1.1.model.h5
2024-05-22 17:13:21 Between random pairs in y_val:
2024-05-22 17:13:21   mse: 0.04787669
2024-05-22 17:13:21   mae: 0.16013218
2024-05-22 17:13:21   r2: -1.01033664
2024-05-22 17:13:21   corr: -0.00516832
2024-05-22 17:13:21 Data points per epoch: train = 469731, val = 117433, test = 545
2024-05-22 17:13:21 Steps per epoch: train = 14679, val = 3669, test = 17
2024-05-22 17:13:21 Epoch 0: lr=0.001
2024-05-22 17:14:34 [Epoch: 0] loss: 0.025509, mae: 0.078932, r2: -0.627213, val_loss: 0.008555, val_mae: 0.066553, val_r2: 0.603686
2024-05-22 17:14:35 Epoch 1: lr=0.00082
2024-05-22 17:15:46 [Epoch: 1] loss: 0.007977, mae: 0.063911, r2: 0.621238, val_loss: 0.007783, val_mae: 0.061911, val_r2: 0.632848
2024-05-22 17:15:46 Epoch 2: lr=0.00064
2024-05-22 17:16:57 [Epoch: 2] loss: 0.007318, mae: 0.060854, r2: 0.652048, val_loss: 0.007234, val_mae: 0.060737, val_r2: 0.657068
2024-05-22 17:16:57 Epoch 3: lr=0.00046
2024-05-22 17:18:09 [Epoch: 3] loss: 0.006833, mae: 0.058690, r2: 0.674123, val_loss: 0.006877, val_mae: 0.058061, val_r2: 0.674022
2024-05-22 17:18:09 Epoch 4: lr=0.00028
2024-05-22 17:19:20 [Epoch: 4] loss: 0.006448, mae: 0.056917, r2: 0.691882, val_loss: 0.006665, val_mae: 0.057695, val_r2: 0.682830
2024-05-22 17:19:20 Epoch 5: lr=0.0001
2024-05-22 17:20:32 [Epoch: 5] loss: 0.006112, mae: 0.055297, r2: 0.707362, val_loss: 0.006481, val_mae: 0.056269, val_r2: 0.692064
2024-05-22 17:20:32 Epoch 6: lr=0.0001
2024-05-22 17:21:43 [Epoch: 6] loss: 0.006000, mae: 0.054811, r2: 0.712499, val_loss: 0.006464, val_mae: 0.057170, val_r2: 0.693423
2024-05-22 17:21:44 Epoch 7: lr=0.0001
2024-05-22 17:22:55 [Epoch: 7] loss: 0.005920, mae: 0.054463, r2: 0.716424, val_loss: 0.006411, val_mae: 0.056430, val_r2: 0.695653
2024-05-22 17:22:55 Epoch 8: lr=0.0001
2024-05-22 17:24:07 [Epoch: 8] loss: 0.005868, mae: 0.054182, r2: 0.718608, val_loss: 0.006376, val_mae: 0.055534, val_r2: 0.696222
2024-05-22 17:24:07 Epoch 9: lr=0.0001
2024-05-22 17:25:18 [Epoch: 9] loss: 0.005799, mae: 0.053891, r2: 0.721797, val_loss: 0.006342, val_mae: 0.055750, val_r2: 0.699021
2024-05-22 17:25:18 Epoch 10: lr=0.0001
2024-05-22 17:26:30 [Epoch: 10] loss: 0.005729, mae: 0.053587, r2: 0.725226, val_loss: 0.006315, val_mae: 0.055532, val_r2: 0.698552
2024-05-22 17:26:30 Epoch 11: lr=0.0001
2024-05-22 17:27:42 [Epoch: 11] loss: 0.005674, mae: 0.053354, r2: 0.727768, val_loss: 0.006333, val_mae: 0.055285, val_r2: 0.698186
2024-05-22 17:27:42 Epoch 12: lr=0.0001
2024-05-22 17:28:53 [Epoch: 12] loss: 0.005611, mae: 0.053031, r2: 0.730605, val_loss: 0.006293, val_mae: 0.055312, val_r2: 0.700293
2024-05-22 17:28:53 Epoch 13: lr=0.0001
2024-05-22 17:30:05 [Epoch: 13] loss: 0.005556, mae: 0.052799, r2: 0.733434, val_loss: 0.006288, val_mae: 0.055046, val_r2: 0.699293
2024-05-22 17:30:05 Epoch 14: lr=5e-05
2024-05-22 17:31:16 [Epoch: 14] loss: 0.005432, mae: 0.052188, r2: 0.739173, val_loss: 0.006249, val_mae: 0.054941, val_r2: 0.701633
2024-05-22 17:31:16 Epoch 15: lr=5e-05
2024-05-22 17:32:28 [Epoch: 15] loss: 0.005395, mae: 0.051998, r2: 0.740713, val_loss: 0.006257, val_mae: 0.054952, val_r2: 0.701182
2024-05-22 17:32:28 Epoch 16: lr=5e-05
2024-05-22 17:33:40 [Epoch: 16] loss: 0.005371, mae: 0.051910, r2: 0.742136, val_loss: 0.006213, val_mae: 0.054961, val_r2: 0.703557
2024-05-22 17:33:40 Epoch 17: lr=5e-05
2024-05-22 17:34:51 [Epoch: 17] loss: 0.005330, mae: 0.051729, r2: 0.743770, val_loss: 0.006223, val_mae: 0.054913, val_r2: 0.703222
2024-05-22 17:34:51 Epoch 18: lr=5e-05
2024-05-22 17:36:03 [Epoch: 18] loss: 0.005297, mae: 0.051600, r2: 0.745345, val_loss: 0.006231, val_mae: 0.054983, val_r2: 0.702097
2024-05-22 17:36:03 Epoch 19: lr=5e-05
2024-05-22 17:37:15 [Epoch: 19] loss: 0.005271, mae: 0.051435, r2: 0.746445, val_loss: 0.006187, val_mae: 0.055045, val_r2: 0.704794
2024-05-22 17:37:15 Epoch 20: lr=2.5e-05
2024-05-22 17:38:27 [Epoch: 20] loss: 0.005206, mae: 0.051124, r2: 0.749605, val_loss: 0.006172, val_mae: 0.054652, val_r2: 0.705874
2024-05-22 17:38:27 Epoch 21: lr=2.5e-05
2024-05-22 17:39:38 [Epoch: 21] loss: 0.005193, mae: 0.051082, r2: 0.750226, val_loss: 0.006179, val_mae: 0.054725, val_r2: 0.705000
2024-05-22 17:39:38 Epoch 22: lr=2.5e-05
2024-05-22 17:40:50 [Epoch: 22] loss: 0.005176, mae: 0.051039, r2: 0.751033, val_loss: 0.006184, val_mae: 0.054717, val_r2: 0.704406
2024-05-22 17:40:50 Epoch 23: lr=2.5e-05
2024-05-22 17:42:01 [Epoch: 23] loss: 0.005159, mae: 0.050914, r2: 0.751692, val_loss: 0.006175, val_mae: 0.054773, val_r2: 0.705063
2024-05-22 17:42:02 Epoch 24: lr=2.5e-05
2024-05-22 17:43:13 [Epoch: 24] loss: 0.005150, mae: 0.050878, r2: 0.752023, val_loss: 0.006189, val_mae: 0.054972, val_r2: 0.704220
2024-05-22 17:43:13 Epoch 25: lr=1.25e-05
2024-05-22 17:44:25 [Epoch: 25] loss: 0.005106, mae: 0.050709, r2: 0.754248, val_loss: 0.006191, val_mae: 0.054748, val_r2: 0.704459
2024-05-22 17:44:25 Epoch 26: lr=1.25e-05
2024-05-22 17:45:37 [Epoch: 26] loss: 0.005099, mae: 0.050658, r2: 0.754695, val_loss: 0.006170, val_mae: 0.054746, val_r2: 0.705185
2024-05-22 17:45:37 Epoch 27: lr=1.25e-05
2024-05-22 17:46:48 [Epoch: 27] loss: 0.005082, mae: 0.050555, r2: 0.755547, val_loss: 0.006181, val_mae: 0.054605, val_r2: 0.704735
2024-05-22 17:46:48 Epoch 28: lr=1.25e-05
2024-05-22 17:48:00 [Epoch: 28] loss: 0.005090, mae: 0.050610, r2: 0.755077, val_loss: 0.006187, val_mae: 0.054762, val_r2: 0.704117
2024-05-22 17:48:00 Epoch 29: lr=1.25e-05
2024-05-22 17:49:12 [Epoch: 29] loss: 0.005084, mae: 0.050589, r2: 0.755444, val_loss: 0.006189, val_mae: 0.054861, val_r2: 0.703823
2024-05-22 17:49:12 Epoch 30: lr=1e-05
2024-05-22 17:50:23 [Epoch: 30] loss: 0.005069, mae: 0.050498, r2: 0.756141, val_loss: 0.006169, val_mae: 0.054639, val_r2: 0.705672
2024-05-22 17:50:24 Epoch 31: lr=1e-05
2024-05-22 17:51:35 [Epoch: 31] loss: 0.005053, mae: 0.050431, r2: 0.756738, val_loss: 0.006184, val_mae: 0.054762, val_r2: 0.703965
2024-05-22 17:51:35 Epoch 32: lr=1e-05
2024-05-22 17:52:47 [Epoch: 32] loss: 0.005053, mae: 0.050434, r2: 0.756831, val_loss: 0.006202, val_mae: 0.054590, val_r2: 0.703668
2024-05-22 17:52:47 Epoch 33: lr=1e-05
2024-05-22 17:53:58 [Epoch: 33] loss: 0.005048, mae: 0.050414, r2: 0.756898, val_loss: 0.006202, val_mae: 0.054568, val_r2: 0.703512
2024-05-22 17:53:58 Epoch 34: lr=1e-05
2024-05-22 17:55:10 [Epoch: 34] loss: 0.005041, mae: 0.050338, r2: 0.757260, val_loss: 0.006170, val_mae: 0.054671, val_r2: 0.705266
2024-05-22 17:55:10 Epoch 35: lr=1e-05
2024-05-22 17:56:21 [Epoch: 35] loss: 0.005037, mae: 0.050362, r2: 0.757627, val_loss: 0.006181, val_mae: 0.054683, val_r2: 0.704421
2024-05-22 17:56:22 Epoch 36: lr=1e-05
2024-05-22 17:57:34 [Epoch: 36] loss: 0.005027, mae: 0.050311, r2: 0.758054, val_loss: 0.006169, val_mae: 0.054624, val_r2: 0.705494
2024-05-22 17:57:34 Epoch 37: lr=1e-05
2024-05-22 17:58:45 [Epoch: 37] loss: 0.005021, mae: 0.050284, r2: 0.758186, val_loss: 0.006181, val_mae: 0.054692, val_r2: 0.704781
2024-05-22 17:58:45 Epoch 38: lr=1e-05
2024-05-22 17:59:57 [Epoch: 38] loss: 0.005023, mae: 0.050277, r2: 0.758184, val_loss: 0.006189, val_mae: 0.054516, val_r2: 0.704557
2024-05-22 17:59:57 Epoch 39: lr=1e-05
2024-05-22 18:01:09 [Epoch: 39] loss: 0.005008, mae: 0.050211, r2: 0.758740, val_loss: 0.006189, val_mae: 0.054831, val_r2: 0.703712
2024-05-22 18:01:09 Epoch 40: lr=1e-05
2024-05-22 18:02:20 [Epoch: 40] loss: 0.005005, mae: 0.050199, r2: 0.758841, val_loss: 0.006182, val_mae: 0.054527, val_r2: 0.704861
2024-05-22 18:02:21 Epoch 41: lr=1e-05
2024-05-22 18:03:32 [Epoch: 41] loss: 0.005016, mae: 0.050251, r2: 0.758703, val_loss: 0.006194, val_mae: 0.054791, val_r2: 0.703614
2024-05-22 18:03:32 Epoch 42: lr=1e-05
2024-05-22 18:04:43 [Epoch: 42] loss: 0.005003, mae: 0.050160, r2: 0.758963, val_loss: 0.006180, val_mae: 0.054653, val_r2: 0.704671
2024-05-22 18:04:43 Epoch 43: lr=1e-05
2024-05-22 18:05:55 [Epoch: 43] loss: 0.004987, mae: 0.050108, r2: 0.759684, val_loss: 0.006191, val_mae: 0.054621, val_r2: 0.703797
2024-05-22 18:05:55 Epoch 44: lr=1e-05
2024-05-22 18:07:06 [Epoch: 44] loss: 0.004990, mae: 0.050126, r2: 0.759705, val_loss: 0.006162, val_mae: 0.054579, val_r2: 0.705720
2024-05-22 18:07:06 Epoch 45: lr=1e-05
2024-05-22 18:08:17 [Epoch: 45] loss: 0.004981, mae: 0.050101, r2: 0.760177, val_loss: 0.006196, val_mae: 0.054539, val_r2: 0.704214
2024-05-22 18:08:17 Epoch 46: lr=1e-05
2024-05-22 18:09:29 [Epoch: 46] loss: 0.004984, mae: 0.050089, r2: 0.760048, val_loss: 0.006162, val_mae: 0.054616, val_r2: 0.705352
2024-05-22 18:09:29 Epoch 47: lr=1e-05
2024-05-22 18:10:41 [Epoch: 47] loss: 0.004977, mae: 0.050056, r2: 0.760234, val_loss: 0.006164, val_mae: 0.054647, val_r2: 0.704950
2024-05-22 18:10:41 Epoch 48: lr=1e-05
2024-05-22 18:11:52 [Epoch: 48] loss: 0.004970, mae: 0.050044, r2: 0.760706, val_loss: 0.006200, val_mae: 0.054543, val_r2: 0.703848
2024-05-22 18:11:52 Epoch 49: lr=1e-05
2024-05-22 18:13:04 [Epoch: 49] loss: 0.004951, mae: 0.049930, r2: 0.761478, val_loss: 0.006172, val_mae: 0.054743, val_r2: 0.705201
2024-05-22 18:13:04 history_length: 50
2024-05-22 18:13:04 stopping: complete
2024-05-22 18:13:04 Comparing y_true and y_pred:
2024-05-22 18:13:04   mse: 0.01672690
2024-05-22 18:13:04   mae: 0.10584028
2024-05-22 18:13:04   r2: -0.19369604
2024-05-22 18:13:04   corr: 0.50948808
