2024-05-09 11:42:30 UNO RUN ...
2024-05-09 11:42:30 Params: {'model_name': 'uno', 'train_sources': ['CCLE'], 'test_sources': ['train'], 'cell_types': None, 'cell_features': ['rnaseq'], 'drug_features': ['descriptors'], 'dense': [1000, 1000, 1000, 1000, 1000], 'dense_feature_layers': [1000, 1000, 1000], 'activation': 'relu', 'loss': 'mse', 'optimizer': 'adamax', 'scaling': 'std', 'dropout': 0.1, 'epochs': 30, 'batch_size': 32, 'val_split': 0.2, 'cv': 1, 'max_val_loss': 1.0, 'learning_rate': 0.0001, 'base_lr': None, 'agg_dose': 'AUC', 'residual': False, 'reduce_lr': True, 'warmup_lr': True, 'batch_normalization': False, 'feature_subsample': 0, 'rng_seed': 2018, 'no_gen': False, 'verbose': False, 'preprocess_rnaseq': 'source_scale', 'gpus': [0], 'use_landmark_genes': True, 'no_feature_source': True, 'no_response_source': True, 'save_path': '/dev/shm/Uno/save/8996461.amn-0001/270', 'single': True, 'on_memory_loader': True, 'ckpt_checksum': True, 'ckpt_save_interval': 0, 'timeout': -1, 'train_bool': True, 'profiling': False, 'experiment_id': '8996461.amn-0001', 'run_id': '270', 'logfile': '/dev/shm/Uno/save/8996461.amn-0001/270/python.log', 'shuffle': False, 'ckpt_restart_mode': 'off', 'ckpt_skip_epochs': 0, 'ckpt_directory': '/dev/shm/Uno/save/8996461.amn-0001/270', 'ckpt_save_best': True, 'ckpt_save_best_metric': 'val_loss', 'ckpt_save_weights_only': False, 'ckpt_keep_mode': 'linear', 'ckpt_keep_limit': 5, 'by_cell': None, 'by_drug': None, 'cell_subset_path': '', 'drug_subset_path': '', 'drug_median_response_min': -1, 'drug_median_response_max': 1, 'dense_cell_feature_layers': None, 'dense_drug_feature_layers': None, 'use_filtered_genes': False, 'feature_subset_path': '', 'cell_feature_subset_path': '', 'drug_feature_subset_path': '', 'es': True, 'cp': False, 'tb': False, 'tb_prefix': 'tb', 'partition_by': None, 'cache': None, 'export_csv': None, 'export_data': None, 'use_exported_data': '/dev/shm/Uno/x1921c3s4b0n0.270.merged.landmark.h5', 'growth_bins': 0, 'initial_weights': None, 'save_weights': '/dev/shm/Uno/save/8996461.amn-0001/270/3.0.model.h5', 'config_file': '/home/brettin/CSC249ADOA01_CNDA/brettin/Benchmarks/Pilot1/Uno/uno_auc_model.txt', 'data_type': <class 'numpy.float32'>, 'data_dir': '/dev/shm/Uno/uno/Data', 'output_dir': '/dev/shm/Uno/uno/Output/8996461.amn-0001/270'}
2024-05-09 11:42:31 Feature encoding submodel for cell.rnaseq:
2024-05-09 11:42:31 Model: "cell.rnaseq"
2024-05-09 11:42:31 _________________________________________________________________
2024-05-09 11:42:31  Layer (type)                Output Shape              Param #   
2024-05-09 11:42:31 =================================================================
2024-05-09 11:42:31  input_1 (InputLayer)        [(None, 958)]             0         
2024-05-09 11:42:31                                                                  
2024-05-09 11:42:31  dense (Dense)               (None, 1000)              959000    
2024-05-09 11:42:31                                                                  
2024-05-09 11:42:31  permanent_dropout (Permane  (None, 1000)              0         
2024-05-09 11:42:31  ntDropout)                                                      
2024-05-09 11:42:31                                                                  
2024-05-09 11:42:31  dense_1 (Dense)             (None, 1000)              1001000   
2024-05-09 11:42:31                                                                  
2024-05-09 11:42:31  permanent_dropout_1 (Perma  (None, 1000)              0         
2024-05-09 11:42:31  nentDropout)                                                    
2024-05-09 11:42:31                                                                  
2024-05-09 11:42:31  dense_2 (Dense)             (None, 1000)              1001000   
2024-05-09 11:42:31                                                                  
2024-05-09 11:42:31  permanent_dropout_2 (Perma  (None, 1000)              0         
2024-05-09 11:42:31  nentDropout)                                                    
2024-05-09 11:42:31                                                                  
2024-05-09 11:42:31 =================================================================
2024-05-09 11:42:31 Total params: 2961000 (11.30 MB)
2024-05-09 11:42:31 Trainable params: 2961000 (11.30 MB)
2024-05-09 11:42:31 Non-trainable params: 0 (0.00 Byte)
2024-05-09 11:42:31 _________________________________________________________________
2024-05-09 11:42:31 Feature encoding submodel for drug.descriptors:
2024-05-09 11:42:31 Model: "drug.descriptors"
2024-05-09 11:42:31 _________________________________________________________________
2024-05-09 11:42:31  Layer (type)                Output Shape              Param #   
2024-05-09 11:42:31 =================================================================
2024-05-09 11:42:31  input_2 (InputLayer)        [(None, 1613)]            0         
2024-05-09 11:42:31                                                                  
2024-05-09 11:42:31  dense_3 (Dense)             (None, 1000)              1614000   
2024-05-09 11:42:31                                                                  
2024-05-09 11:42:31  permanent_dropout_3 (Perma  (None, 1000)              0         
2024-05-09 11:42:31  nentDropout)                                                    
2024-05-09 11:42:31                                                                  
2024-05-09 11:42:31  dense_4 (Dense)             (None, 1000)              1001000   
2024-05-09 11:42:31                                                                  
2024-05-09 11:42:31  permanent_dropout_4 (Perma  (None, 1000)              0         
2024-05-09 11:42:31  nentDropout)                                                    
2024-05-09 11:42:31                                                                  
2024-05-09 11:42:31  dense_5 (Dense)             (None, 1000)              1001000   
2024-05-09 11:42:31                                                                  
2024-05-09 11:42:31  permanent_dropout_5 (Perma  (None, 1000)              0         
2024-05-09 11:42:31  nentDropout)                                                    
2024-05-09 11:42:31                                                                  
2024-05-09 11:42:31 =================================================================
2024-05-09 11:42:31 Total params: 3616000 (13.79 MB)
2024-05-09 11:42:31 Trainable params: 3616000 (13.79 MB)
2024-05-09 11:42:31 Non-trainable params: 0 (0.00 Byte)
2024-05-09 11:42:31 _________________________________________________________________
2024-05-09 11:42:31 Combined model:
2024-05-09 11:42:31 Model: "model"
2024-05-09 11:42:31 __________________________________________________________________________________________________
2024-05-09 11:42:31  Layer (type)                Output Shape                 Param #   Connected to                  
2024-05-09 11:42:31 ==================================================================================================
2024-05-09 11:42:31  input.cell.rnaseq (InputLa  [(None, 958)]                0         []                            
2024-05-09 11:42:31  yer)                                                                                             
2024-05-09 11:42:31                                                                                                   
2024-05-09 11:42:31  input.drug1.descriptors (I  [(None, 1613)]               0         []                            
2024-05-09 11:42:31  nputLayer)                                                                                       
2024-05-09 11:42:31                                                                                                   
2024-05-09 11:42:31  cell.rnaseq (Functional)    (None, 1000)                 2961000   ['input.cell.rnaseq[0][0]']   
2024-05-09 11:42:31                                                                                                   
2024-05-09 11:42:31  drug.descriptors (Function  (None, 1000)                 3616000   ['input.drug1.descriptors[0][0
2024-05-09 11:42:31  al)                                                                ]']                           
2024-05-09 11:42:31                                                                                                   
2024-05-09 11:42:31  concatenate (Concatenate)   (None, 2000)                 0         ['cell.rnaseq[0][0]',         
2024-05-09 11:42:31                                                                      'drug.descriptors[0][0]']    
2024-05-09 11:42:31                                                                                                   
2024-05-09 11:42:31  dense_6 (Dense)             (None, 1000)                 2001000   ['concatenate[0][0]']         
2024-05-09 11:42:31                                                                                                   
2024-05-09 11:42:31  permanent_dropout_6 (Perma  (None, 1000)                 0         ['dense_6[0][0]']             
2024-05-09 11:42:31  nentDropout)                                                                                     
2024-05-09 11:42:31                                                                                                   
2024-05-09 11:42:31  dense_7 (Dense)             (None, 1000)                 1001000   ['permanent_dropout_6[0][0]'] 
2024-05-09 11:42:31                                                                                                   
2024-05-09 11:42:31  permanent_dropout_7 (Perma  (None, 1000)                 0         ['dense_7[0][0]']             
2024-05-09 11:42:31  nentDropout)                                                                                     
2024-05-09 11:42:31                                                                                                   
2024-05-09 11:42:31  dense_8 (Dense)             (None, 1000)                 1001000   ['permanent_dropout_7[0][0]'] 
2024-05-09 11:42:31                                                                                                   
2024-05-09 11:42:31  permanent_dropout_8 (Perma  (None, 1000)                 0         ['dense_8[0][0]']             
2024-05-09 11:42:31  nentDropout)                                                                                     
2024-05-09 11:42:31                                                                                                   
2024-05-09 11:42:31  dense_9 (Dense)             (None, 1000)                 1001000   ['permanent_dropout_8[0][0]'] 
2024-05-09 11:42:31                                                                                                   
2024-05-09 11:42:31  permanent_dropout_9 (Perma  (None, 1000)                 0         ['dense_9[0][0]']             
2024-05-09 11:42:31  nentDropout)                                                                                     
2024-05-09 11:42:31                                                                                                   
2024-05-09 11:42:31  dense_10 (Dense)            (None, 1000)                 1001000   ['permanent_dropout_9[0][0]'] 
2024-05-09 11:42:31                                                                                                   
2024-05-09 11:42:31  permanent_dropout_10 (Perm  (None, 1000)                 0         ['dense_10[0][0]']            
2024-05-09 11:42:31  anentDropout)                                                                                    
2024-05-09 11:42:31                                                                                                   
2024-05-09 11:42:31  dense_11 (Dense)            (None, 1)                    1001      ['permanent_dropout_10[0][0]']
2024-05-09 11:42:31                                                                                                   
2024-05-09 11:42:31 ==================================================================================================
2024-05-09 11:42:31 Total params: 12583001 (48.00 MB)
2024-05-09 11:42:31 Trainable params: 12583001 (48.00 MB)
2024-05-09 11:42:31 Non-trainable params: 0 (0.00 Byte)
2024-05-09 11:42:31 __________________________________________________________________________________________________
2024-05-09 11:42:31 CKPT CONSTRUCT...
2024-05-09 11:42:31 CKPT CONSTRUCT OK.
2024-05-09 11:42:31 template model: <keras.src.engine.functional.Functional object at 0x14dc08e38fa0>
2024-05-09 11:42:33 COMPILE
2024-05-09 11:42:33 Will save weights to: /dev/shm/Uno/save/8996461.amn-0001/270/3.0.model.h5
2024-05-09 11:42:49 Between random pairs in y_val:
2024-05-09 11:42:49   mse: 0.04754852
2024-05-09 11:42:49   mae: 0.15959052
2024-05-09 11:42:49   r2: -1.00748523
2024-05-09 11:42:49   corr: -0.00374261
2024-05-09 11:42:49 Data points per epoch: train = 470167, val = 117542, test = 484
2024-05-09 11:42:49 Steps per epoch: train = 14692, val = 3673, test = 15
2024-05-09 11:42:50 Epoch 0: lr=0.001
2024-05-09 11:44:02 [Epoch: 0] loss: 0.030116, mae: 0.079474, r2: -0.357722, val_loss: 0.008641, val_mae: 0.066044, val_r2: 0.583185
2024-05-09 11:44:03 Epoch 1: lr=0.00082
2024-05-09 11:45:14 [Epoch: 1] loss: 0.008015, mae: 0.064022, r2: 0.620393, val_loss: 0.007850, val_mae: 0.062281, val_r2: 0.624998
2024-05-09 11:45:14 Epoch 2: lr=0.00064
2024-05-09 11:46:26 [Epoch: 2] loss: 0.007336, mae: 0.060918, r2: 0.651655, val_loss: 0.007259, val_mae: 0.061397, val_r2: 0.654994
2024-05-09 11:46:26 Epoch 3: lr=0.00046
2024-05-09 11:47:37 [Epoch: 3] loss: 0.006864, mae: 0.058791, r2: 0.673575, val_loss: 0.007010, val_mae: 0.060394, val_r2: 0.658447
2024-05-09 11:47:37 Epoch 4: lr=0.00028
2024-05-09 11:48:48 [Epoch: 4] loss: 0.006465, mae: 0.056956, r2: 0.691654, val_loss: 0.006550, val_mae: 0.057038, val_r2: 0.685413
2024-05-09 11:48:49 Epoch 5: lr=0.0001
2024-05-09 11:50:00 [Epoch: 5] loss: 0.006130, mae: 0.055389, r2: 0.707006, val_loss: 0.006415, val_mae: 0.056544, val_r2: 0.690781
2024-05-09 11:50:00 Epoch 6: lr=0.0001
2024-05-09 11:51:11 [Epoch: 6] loss: 0.006030, mae: 0.054943, r2: 0.711718, val_loss: 0.006407, val_mae: 0.055822, val_r2: 0.691565
2024-05-09 11:51:11 Epoch 7: lr=0.0001
2024-05-09 11:52:23 [Epoch: 7] loss: 0.005952, mae: 0.054581, r2: 0.715448, val_loss: 0.006350, val_mae: 0.055995, val_r2: 0.693525
2024-05-09 11:52:23 Epoch 8: lr=0.0001
2024-05-09 11:53:34 [Epoch: 8] loss: 0.005886, mae: 0.054286, r2: 0.718380, val_loss: 0.006329, val_mae: 0.056041, val_r2: 0.695220
2024-05-09 11:53:34 Epoch 9: lr=0.0001
2024-05-09 11:54:45 [Epoch: 9] loss: 0.005824, mae: 0.054015, r2: 0.721289, val_loss: 0.006263, val_mae: 0.055439, val_r2: 0.697444
2024-05-09 11:54:46 Epoch 10: lr=0.0001
2024-05-09 11:55:57 [Epoch: 10] loss: 0.005755, mae: 0.053714, r2: 0.724649, val_loss: 0.006263, val_mae: 0.055953, val_r2: 0.697107
2024-05-09 11:55:57 Epoch 11: lr=0.0001
2024-05-09 11:57:08 [Epoch: 11] loss: 0.005707, mae: 0.053483, r2: 0.726608, val_loss: 0.006244, val_mae: 0.055758, val_r2: 0.697400
2024-05-09 11:57:08 Epoch 12: lr=0.0001
2024-05-09 11:58:20 [Epoch: 12] loss: 0.005641, mae: 0.053195, r2: 0.729911, val_loss: 0.006227, val_mae: 0.055596, val_r2: 0.699132
2024-05-09 11:58:20 Epoch 13: lr=0.0001
2024-05-09 11:59:31 [Epoch: 13] loss: 0.005597, mae: 0.052973, r2: 0.731766, val_loss: 0.006213, val_mae: 0.055357, val_r2: 0.701036
2024-05-09 11:59:31 Epoch 14: lr=0.0001
2024-05-09 12:00:42 [Epoch: 14] loss: 0.005539, mae: 0.052720, r2: 0.734640, val_loss: 0.006188, val_mae: 0.055163, val_r2: 0.700238
2024-05-09 12:00:43 Epoch 15: lr=5e-05
2024-05-09 12:01:54 [Epoch: 15] loss: 0.005426, mae: 0.052145, r2: 0.739983, val_loss: 0.006155, val_mae: 0.055183, val_r2: 0.702645
2024-05-09 12:01:54 Epoch 16: lr=5e-05
2024-05-09 12:03:05 [Epoch: 16] loss: 0.005376, mae: 0.051953, r2: 0.742148, val_loss: 0.006184, val_mae: 0.054730, val_r2: 0.700715
2024-05-09 12:03:05 Epoch 17: lr=5e-05
2024-05-09 12:04:17 [Epoch: 17] loss: 0.005343, mae: 0.051829, r2: 0.743756, val_loss: 0.006147, val_mae: 0.054727, val_r2: 0.703192
2024-05-09 12:04:17 Epoch 18: lr=5e-05
2024-05-09 12:05:28 [Epoch: 18] loss: 0.005310, mae: 0.051666, r2: 0.745395, val_loss: 0.006153, val_mae: 0.054682, val_r2: 0.702447
2024-05-09 12:05:28 Epoch 19: lr=5e-05
2024-05-09 12:06:39 [Epoch: 19] loss: 0.005278, mae: 0.051495, r2: 0.746877, val_loss: 0.006137, val_mae: 0.054991, val_r2: 0.703027
2024-05-09 12:06:39 Epoch 20: lr=5e-05
2024-05-09 12:07:51 [Epoch: 20] loss: 0.005258, mae: 0.051403, r2: 0.747762, val_loss: 0.006118, val_mae: 0.054822, val_r2: 0.704671
2024-05-09 12:07:51 Epoch 21: lr=2.5e-05
2024-05-09 12:09:02 [Epoch: 21] loss: 0.005195, mae: 0.051146, r2: 0.750544, val_loss: 0.006098, val_mae: 0.054766, val_r2: 0.704164
2024-05-09 12:09:02 Epoch 22: lr=2.5e-05
2024-05-09 12:10:13 [Epoch: 22] loss: 0.005172, mae: 0.050994, r2: 0.751783, val_loss: 0.006141, val_mae: 0.055349, val_r2: 0.702541
2024-05-09 12:10:13 Epoch 23: lr=2.5e-05
2024-05-09 12:11:25 [Epoch: 23] loss: 0.005168, mae: 0.051010, r2: 0.751813, val_loss: 0.006113, val_mae: 0.055050, val_r2: 0.704374
2024-05-09 12:11:25 Epoch 24: lr=2.5e-05
2024-05-09 12:12:36 [Epoch: 24] loss: 0.005149, mae: 0.050894, r2: 0.752878, val_loss: 0.006140, val_mae: 0.054493, val_r2: 0.703094
2024-05-09 12:12:36 Epoch 25: lr=2.5e-05
2024-05-09 12:13:48 [Epoch: 25] loss: 0.005124, mae: 0.050793, r2: 0.753937, val_loss: 0.006130, val_mae: 0.054455, val_r2: 0.703240
2024-05-09 12:13:48 Epoch 26: lr=1.25e-05
2024-05-09 12:14:59 [Epoch: 26] loss: 0.005087, mae: 0.050580, r2: 0.755765, val_loss: 0.006082, val_mae: 0.054551, val_r2: 0.705592
2024-05-09 12:14:59 Epoch 27: lr=1.25e-05
2024-05-09 12:16:10 [Epoch: 27] loss: 0.005092, mae: 0.050587, r2: 0.755386, val_loss: 0.006105, val_mae: 0.054712, val_r2: 0.704523
2024-05-09 12:16:10 Epoch 28: lr=1.25e-05
2024-05-09 12:17:22 [Epoch: 28] loss: 0.005078, mae: 0.050540, r2: 0.756377, val_loss: 0.006105, val_mae: 0.054513, val_r2: 0.704131
2024-05-09 12:17:22 Epoch 29: lr=1.25e-05
2024-05-09 12:18:33 [Epoch: 29] loss: 0.005072, mae: 0.050518, r2: 0.756444, val_loss: 0.006096, val_mae: 0.054539, val_r2: 0.704840
2024-05-09 12:18:33 history_length: 30
2024-05-09 12:18:33 stopping: complete
2024-05-09 12:18:33 Comparing y_true and y_pred:
2024-05-09 12:18:33   mse: 0.00412105
2024-05-09 12:18:33   mae: 0.04991104
2024-05-09 12:18:33   r2: 0.41967135
2024-05-09 12:18:33   corr: 0.64951518
