2024-05-21 14:10:17 UNO RUN ...
2024-05-21 14:10:17 Params: {'model_name': 'uno', 'train_sources': ['CCLE'], 'test_sources': ['train'], 'cell_types': None, 'cell_features': ['rnaseq'], 'drug_features': ['descriptors'], 'dense': [1000, 1000, 1000, 1000, 1000], 'dense_feature_layers': [1000, 1000, 1000], 'activation': 'relu', 'loss': 'mse', 'optimizer': 'adamax', 'scaling': 'std', 'dropout': 0.1, 'epochs': 50, 'batch_size': 32, 'val_split': 0.2, 'cv': 1, 'max_val_loss': 1.0, 'learning_rate': 0.0001, 'base_lr': None, 'agg_dose': 'AUC', 'residual': False, 'reduce_lr': True, 'warmup_lr': True, 'batch_normalization': False, 'feature_subsample': 0, 'rng_seed': 2018, 'no_gen': False, 'verbose': False, 'preprocess_rnaseq': 'source_scale', 'gpus': [0], 'use_landmark_genes': True, 'no_feature_source': True, 'no_response_source': True, 'save_path': '/dev/shm/Uno/save/8999967.amn-0001/64', 'single': True, 'on_memory_loader': True, 'ckpt_checksum': True, 'ckpt_save_interval': 0, 'timeout': -1, 'train_bool': True, 'profiling': False, 'experiment_id': '8999967.amn-0001', 'run_id': '64', 'logfile': '/dev/shm/Uno/save/8999967.amn-0001/64/python.log', 'shuffle': False, 'ckpt_restart_mode': 'off', 'ckpt_skip_epochs': 0, 'ckpt_directory': '/dev/shm/Uno/save/8999967.amn-0001/64', 'ckpt_save_best': True, 'ckpt_save_best_metric': 'val_loss', 'ckpt_save_weights_only': False, 'ckpt_keep_mode': 'linear', 'ckpt_keep_limit': 5, 'by_cell': None, 'by_drug': None, 'cell_subset_path': '', 'drug_subset_path': '', 'drug_median_response_min': -1, 'drug_median_response_max': 1, 'dense_cell_feature_layers': None, 'dense_drug_feature_layers': None, 'use_filtered_genes': False, 'feature_subset_path': '', 'cell_feature_subset_path': '', 'drug_feature_subset_path': '', 'es': True, 'cp': False, 'tb': False, 'tb_prefix': 'tb', 'partition_by': None, 'cache': None, 'export_csv': None, 'export_data': None, 'use_exported_data': '/dev/shm/Uno/x1922c6s2b0n0.64.merged.landmark.h5', 'growth_bins': 0, 'initial_weights': None, 'save_weights': '/dev/shm/Uno/save/8999967.amn-0001/64/2.0.model.h5', 'config_file': '/home/brettin/CSC249ADOA01_CNDA/brettin/Benchmarks/Pilot1/Uno/uno_auc_model.txt', 'data_type': <class 'numpy.float32'>, 'data_dir': '/dev/shm/Uno/uno/Data', 'output_dir': '/dev/shm/Uno/uno/Output/8999967.amn-0001/64'}
2024-05-21 14:10:17 Feature encoding submodel for cell.rnaseq:
2024-05-21 14:10:17 Model: "cell.rnaseq"
2024-05-21 14:10:17 _________________________________________________________________
2024-05-21 14:10:17  Layer (type)                Output Shape              Param #   
2024-05-21 14:10:17 =================================================================
2024-05-21 14:10:17  input_1 (InputLayer)        [(None, 958)]             0         
2024-05-21 14:10:17                                                                  
2024-05-21 14:10:17  dense (Dense)               (None, 1000)              959000    
2024-05-21 14:10:17                                                                  
2024-05-21 14:10:17  permanent_dropout (Permane  (None, 1000)              0         
2024-05-21 14:10:17  ntDropout)                                                      
2024-05-21 14:10:17                                                                  
2024-05-21 14:10:17  dense_1 (Dense)             (None, 1000)              1001000   
2024-05-21 14:10:17                                                                  
2024-05-21 14:10:17  permanent_dropout_1 (Perma  (None, 1000)              0         
2024-05-21 14:10:17  nentDropout)                                                    
2024-05-21 14:10:17                                                                  
2024-05-21 14:10:17  dense_2 (Dense)             (None, 1000)              1001000   
2024-05-21 14:10:17                                                                  
2024-05-21 14:10:17  permanent_dropout_2 (Perma  (None, 1000)              0         
2024-05-21 14:10:17  nentDropout)                                                    
2024-05-21 14:10:17                                                                  
2024-05-21 14:10:17 =================================================================
2024-05-21 14:10:17 Total params: 2961000 (11.30 MB)
2024-05-21 14:10:17 Trainable params: 2961000 (11.30 MB)
2024-05-21 14:10:17 Non-trainable params: 0 (0.00 Byte)
2024-05-21 14:10:17 _________________________________________________________________
2024-05-21 14:10:17 Feature encoding submodel for drug.descriptors:
2024-05-21 14:10:17 Model: "drug.descriptors"
2024-05-21 14:10:17 _________________________________________________________________
2024-05-21 14:10:17  Layer (type)                Output Shape              Param #   
2024-05-21 14:10:17 =================================================================
2024-05-21 14:10:17  input_2 (InputLayer)        [(None, 1613)]            0         
2024-05-21 14:10:17                                                                  
2024-05-21 14:10:17  dense_3 (Dense)             (None, 1000)              1614000   
2024-05-21 14:10:17                                                                  
2024-05-21 14:10:17  permanent_dropout_3 (Perma  (None, 1000)              0         
2024-05-21 14:10:17  nentDropout)                                                    
2024-05-21 14:10:17                                                                  
2024-05-21 14:10:17  dense_4 (Dense)             (None, 1000)              1001000   
2024-05-21 14:10:17                                                                  
2024-05-21 14:10:17  permanent_dropout_4 (Perma  (None, 1000)              0         
2024-05-21 14:10:17  nentDropout)                                                    
2024-05-21 14:10:17                                                                  
2024-05-21 14:10:17  dense_5 (Dense)             (None, 1000)              1001000   
2024-05-21 14:10:17                                                                  
2024-05-21 14:10:17  permanent_dropout_5 (Perma  (None, 1000)              0         
2024-05-21 14:10:17  nentDropout)                                                    
2024-05-21 14:10:17                                                                  
2024-05-21 14:10:17 =================================================================
2024-05-21 14:10:17 Total params: 3616000 (13.79 MB)
2024-05-21 14:10:17 Trainable params: 3616000 (13.79 MB)
2024-05-21 14:10:17 Non-trainable params: 0 (0.00 Byte)
2024-05-21 14:10:17 _________________________________________________________________
2024-05-21 14:10:17 Combined model:
2024-05-21 14:10:17 Model: "model"
2024-05-21 14:10:17 __________________________________________________________________________________________________
2024-05-21 14:10:17  Layer (type)                Output Shape                 Param #   Connected to                  
2024-05-21 14:10:17 ==================================================================================================
2024-05-21 14:10:17  input.cell.rnaseq (InputLa  [(None, 958)]                0         []                            
2024-05-21 14:10:17  yer)                                                                                             
2024-05-21 14:10:17                                                                                                   
2024-05-21 14:10:17  input.drug1.descriptors (I  [(None, 1613)]               0         []                            
2024-05-21 14:10:17  nputLayer)                                                                                       
2024-05-21 14:10:17                                                                                                   
2024-05-21 14:10:17  cell.rnaseq (Functional)    (None, 1000)                 2961000   ['input.cell.rnaseq[0][0]']   
2024-05-21 14:10:17                                                                                                   
2024-05-21 14:10:17  drug.descriptors (Function  (None, 1000)                 3616000   ['input.drug1.descriptors[0][0
2024-05-21 14:10:17  al)                                                                ]']                           
2024-05-21 14:10:17                                                                                                   
2024-05-21 14:10:17  concatenate (Concatenate)   (None, 2000)                 0         ['cell.rnaseq[0][0]',         
2024-05-21 14:10:17                                                                      'drug.descriptors[0][0]']    
2024-05-21 14:10:17                                                                                                   
2024-05-21 14:10:17  dense_6 (Dense)             (None, 1000)                 2001000   ['concatenate[0][0]']         
2024-05-21 14:10:17                                                                                                   
2024-05-21 14:10:17  permanent_dropout_6 (Perma  (None, 1000)                 0         ['dense_6[0][0]']             
2024-05-21 14:10:17  nentDropout)                                                                                     
2024-05-21 14:10:17                                                                                                   
2024-05-21 14:10:17  dense_7 (Dense)             (None, 1000)                 1001000   ['permanent_dropout_6[0][0]'] 
2024-05-21 14:10:17                                                                                                   
2024-05-21 14:10:17  permanent_dropout_7 (Perma  (None, 1000)                 0         ['dense_7[0][0]']             
2024-05-21 14:10:17  nentDropout)                                                                                     
2024-05-21 14:10:17                                                                                                   
2024-05-21 14:10:17  dense_8 (Dense)             (None, 1000)                 1001000   ['permanent_dropout_7[0][0]'] 
2024-05-21 14:10:17                                                                                                   
2024-05-21 14:10:17  permanent_dropout_8 (Perma  (None, 1000)                 0         ['dense_8[0][0]']             
2024-05-21 14:10:17  nentDropout)                                                                                     
2024-05-21 14:10:17                                                                                                   
2024-05-21 14:10:17  dense_9 (Dense)             (None, 1000)                 1001000   ['permanent_dropout_8[0][0]'] 
2024-05-21 14:10:17                                                                                                   
2024-05-21 14:10:17  permanent_dropout_9 (Perma  (None, 1000)                 0         ['dense_9[0][0]']             
2024-05-21 14:10:17  nentDropout)                                                                                     
2024-05-21 14:10:17                                                                                                   
2024-05-21 14:10:17  dense_10 (Dense)            (None, 1000)                 1001000   ['permanent_dropout_9[0][0]'] 
2024-05-21 14:10:17                                                                                                   
2024-05-21 14:10:17  permanent_dropout_10 (Perm  (None, 1000)                 0         ['dense_10[0][0]']            
2024-05-21 14:10:17  anentDropout)                                                                                    
2024-05-21 14:10:17                                                                                                   
2024-05-21 14:10:17  dense_11 (Dense)            (None, 1)                    1001      ['permanent_dropout_10[0][0]']
2024-05-21 14:10:17                                                                                                   
2024-05-21 14:10:17 ==================================================================================================
2024-05-21 14:10:17 Total params: 12583001 (48.00 MB)
2024-05-21 14:10:17 Trainable params: 12583001 (48.00 MB)
2024-05-21 14:10:17 Non-trainable params: 0 (0.00 Byte)
2024-05-21 14:10:17 __________________________________________________________________________________________________
2024-05-21 14:10:17 CKPT CONSTRUCT...
2024-05-21 14:10:17 CKPT CONSTRUCT OK.
2024-05-21 14:10:17 template model: <keras.src.engine.functional.Functional object at 0x1525fa1c9880>
2024-05-21 14:10:19 COMPILE
2024-05-21 14:10:19 Will save weights to: /dev/shm/Uno/save/8999967.amn-0001/64/2.0.model.h5
2024-05-21 14:10:35 Between random pairs in y_val:
2024-05-21 14:10:35   mse: 0.04792644
2024-05-21 14:10:35   mae: 0.16035570
2024-05-21 14:10:35   r2: -1.00413624
2024-05-21 14:10:35   corr: -0.00206812
2024-05-21 14:10:35 Data points per epoch: train = 468629, val = 117158, test = 1922
2024-05-21 14:10:35 Steps per epoch: train = 14644, val = 3661, test = 60
2024-05-21 14:10:35 Epoch 0: lr=0.001
2024-05-21 14:11:49 [Epoch: 0] loss: 0.030983, mae: 0.079739, r2: -0.318657, val_loss: 0.008743, val_mae: 0.067813, val_r2: 0.585558
2024-05-21 14:11:50 Epoch 1: lr=0.00082
2024-05-21 14:13:03 [Epoch: 1] loss: 0.008004, mae: 0.064003, r2: 0.620364, val_loss: 0.007807, val_mae: 0.062214, val_r2: 0.627381
2024-05-21 14:13:03 Epoch 2: lr=0.00064
2024-05-21 14:14:15 [Epoch: 2] loss: 0.007336, mae: 0.060868, r2: 0.651200, val_loss: 0.007343, val_mae: 0.060024, val_r2: 0.657552
2024-05-21 14:14:15 Epoch 3: lr=0.00046
2024-05-21 14:15:28 [Epoch: 3] loss: 0.006879, mae: 0.058787, r2: 0.671870, val_loss: 0.006888, val_mae: 0.058256, val_r2: 0.674884
2024-05-21 14:15:28 Epoch 4: lr=0.00028
2024-05-21 14:16:40 [Epoch: 4] loss: 0.006494, mae: 0.057079, r2: 0.689318, val_loss: 0.006574, val_mae: 0.057557, val_r2: 0.689517
2024-05-21 14:16:40 Epoch 5: lr=0.0001
2024-05-21 14:17:52 [Epoch: 5] loss: 0.006150, mae: 0.055488, r2: 0.705154, val_loss: 0.006480, val_mae: 0.056986, val_r2: 0.690467
2024-05-21 14:17:52 Epoch 6: lr=0.0001
2024-05-21 14:19:05 [Epoch: 6] loss: 0.006052, mae: 0.055035, r2: 0.709654, val_loss: 0.006365, val_mae: 0.056038, val_r2: 0.697408
2024-05-21 14:19:05 Epoch 7: lr=0.0001
2024-05-21 14:20:18 [Epoch: 7] loss: 0.005958, mae: 0.054604, r2: 0.714210, val_loss: 0.006344, val_mae: 0.055853, val_r2: 0.699176
2024-05-21 14:20:18 Epoch 8: lr=0.0001
2024-05-21 14:21:31 [Epoch: 8] loss: 0.005901, mae: 0.054329, r2: 0.716812, val_loss: 0.006321, val_mae: 0.056151, val_r2: 0.698213
2024-05-21 14:21:31 Epoch 9: lr=0.0001
2024-05-21 14:22:43 [Epoch: 9] loss: 0.005831, mae: 0.054014, r2: 0.720008, val_loss: 0.006344, val_mae: 0.055638, val_r2: 0.698746
2024-05-21 14:22:43 Epoch 10: lr=0.0001
2024-05-21 14:23:56 [Epoch: 10] loss: 0.005768, mae: 0.053748, r2: 0.722925, val_loss: 0.006276, val_mae: 0.055613, val_r2: 0.701388
2024-05-21 14:23:56 Epoch 11: lr=0.0001
2024-05-21 14:25:09 [Epoch: 11] loss: 0.005705, mae: 0.053457, r2: 0.725926, val_loss: 0.006264, val_mae: 0.055338, val_r2: 0.701839
2024-05-21 14:25:09 Epoch 12: lr=0.0001
2024-05-21 14:26:21 [Epoch: 12] loss: 0.005640, mae: 0.053173, r2: 0.729151, val_loss: 0.006225, val_mae: 0.055467, val_r2: 0.704305
2024-05-21 14:26:22 Epoch 13: lr=0.0001
2024-05-21 14:27:34 [Epoch: 13] loss: 0.005595, mae: 0.052977, r2: 0.731458, val_loss: 0.006215, val_mae: 0.055463, val_r2: 0.703191
2024-05-21 14:27:34 Epoch 14: lr=0.0001
2024-05-21 14:28:47 [Epoch: 14] loss: 0.005534, mae: 0.052663, r2: 0.733936, val_loss: 0.006208, val_mae: 0.055125, val_r2: 0.705075
2024-05-21 14:28:47 Epoch 15: lr=0.0001
2024-05-21 14:30:00 [Epoch: 15] loss: 0.005497, mae: 0.052480, r2: 0.736015, val_loss: 0.006185, val_mae: 0.055270, val_r2: 0.707157
2024-05-21 14:30:00 Epoch 16: lr=0.0001
2024-05-21 14:31:12 [Epoch: 16] loss: 0.005444, mae: 0.052230, r2: 0.738403, val_loss: 0.006132, val_mae: 0.055103, val_r2: 0.709121
2024-05-21 14:31:12 Epoch 17: lr=0.0001
2024-05-21 14:32:25 [Epoch: 17] loss: 0.005385, mae: 0.051990, r2: 0.740737, val_loss: 0.006140, val_mae: 0.054798, val_r2: 0.707504
2024-05-21 14:32:25 Epoch 18: lr=0.0001
2024-05-21 14:33:38 [Epoch: 18] loss: 0.005337, mae: 0.051755, r2: 0.743277, val_loss: 0.006158, val_mae: 0.055420, val_r2: 0.707635
2024-05-21 14:33:38 Epoch 19: lr=0.0001
2024-05-21 14:34:51 [Epoch: 19] loss: 0.005292, mae: 0.051568, r2: 0.745473, val_loss: 0.006144, val_mae: 0.055003, val_r2: 0.708043
2024-05-21 14:34:51 Epoch 20: lr=0.0001
2024-05-21 14:36:04 [Epoch: 20] loss: 0.005236, mae: 0.051327, r2: 0.747862, val_loss: 0.006102, val_mae: 0.055101, val_r2: 0.709807
2024-05-21 14:36:04 Epoch 21: lr=0.0001
2024-05-21 14:37:16 [Epoch: 21] loss: 0.005201, mae: 0.051116, r2: 0.749456, val_loss: 0.006097, val_mae: 0.054921, val_r2: 0.710342
2024-05-21 14:37:17 Epoch 22: lr=5e-05
2024-05-21 14:38:29 [Epoch: 22] loss: 0.005082, mae: 0.050563, r2: 0.755133, val_loss: 0.006074, val_mae: 0.054505, val_r2: 0.711028
2024-05-21 14:38:29 Epoch 23: lr=5e-05
2024-05-21 14:39:42 [Epoch: 23] loss: 0.005046, mae: 0.050399, r2: 0.756706, val_loss: 0.006086, val_mae: 0.054419, val_r2: 0.711015
2024-05-21 14:39:42 Epoch 24: lr=5e-05
2024-05-21 14:40:55 [Epoch: 24] loss: 0.005017, mae: 0.050237, r2: 0.758340, val_loss: 0.006079, val_mae: 0.054422, val_r2: 0.710587
2024-05-21 14:40:55 Epoch 25: lr=5e-05
2024-05-21 14:42:07 [Epoch: 25] loss: 0.004996, mae: 0.050135, r2: 0.759111, val_loss: 0.006057, val_mae: 0.054636, val_r2: 0.712561
2024-05-21 14:42:07 Epoch 26: lr=5e-05
2024-05-21 14:43:20 [Epoch: 26] loss: 0.004969, mae: 0.050029, r2: 0.760451, val_loss: 0.006079, val_mae: 0.054501, val_r2: 0.711173
2024-05-21 14:43:20 Epoch 27: lr=2.5e-05
2024-05-21 14:44:33 [Epoch: 27] loss: 0.004910, mae: 0.049702, r2: 0.763180, val_loss: 0.006082, val_mae: 0.054328, val_r2: 0.709763
2024-05-21 14:44:33 Epoch 28: lr=2.5e-05
2024-05-21 14:45:46 [Epoch: 28] loss: 0.004884, mae: 0.049620, r2: 0.764094, val_loss: 0.006064, val_mae: 0.054399, val_r2: 0.711625
2024-05-21 14:45:46 Epoch 29: lr=2.5e-05
2024-05-21 14:46:59 [Epoch: 29] loss: 0.004871, mae: 0.049542, r2: 0.764841, val_loss: 0.006096, val_mae: 0.054370, val_r2: 0.710056
2024-05-21 14:46:59 Epoch 30: lr=2.5e-05
2024-05-21 14:48:12 [Epoch: 30] loss: 0.004856, mae: 0.049484, r2: 0.765882, val_loss: 0.006076, val_mae: 0.054251, val_r2: 0.710562
2024-05-21 14:48:12 Epoch 31: lr=2.5e-05
2024-05-21 14:49:25 [Epoch: 31] loss: 0.004841, mae: 0.049403, r2: 0.766377, val_loss: 0.006065, val_mae: 0.054360, val_r2: 0.711323
2024-05-21 14:49:25 Epoch 32: lr=1.25e-05
2024-05-21 14:50:37 [Epoch: 32] loss: 0.004824, mae: 0.049283, r2: 0.767349, val_loss: 0.006080, val_mae: 0.054257, val_r2: 0.710718
2024-05-21 14:50:37 Epoch 33: lr=1.25e-05
2024-05-21 14:51:49 [Epoch: 33] loss: 0.004803, mae: 0.049182, r2: 0.767992, val_loss: 0.006070, val_mae: 0.054306, val_r2: 0.710872
2024-05-21 14:51:49 Epoch 34: lr=1.25e-05
2024-05-21 14:53:01 [Epoch: 34] loss: 0.004791, mae: 0.049149, r2: 0.768837, val_loss: 0.006056, val_mae: 0.054380, val_r2: 0.711477
2024-05-21 14:53:01 Epoch 35: lr=1.25e-05
2024-05-21 14:54:14 [Epoch: 35] loss: 0.004786, mae: 0.049109, r2: 0.768633, val_loss: 0.006069, val_mae: 0.054343, val_r2: 0.711081
2024-05-21 14:54:14 Epoch 36: lr=1.25e-05
2024-05-21 14:55:27 [Epoch: 36] loss: 0.004795, mae: 0.049146, r2: 0.768649, val_loss: 0.006106, val_mae: 0.054359, val_r2: 0.709252
2024-05-21 14:55:27 Epoch 37: lr=1e-05
2024-05-21 14:56:39 [Epoch: 37] loss: 0.004771, mae: 0.049066, r2: 0.769700, val_loss: 0.006083, val_mae: 0.054533, val_r2: 0.710558
2024-05-21 14:56:39 Epoch 38: lr=1e-05
2024-05-21 14:57:51 [Epoch: 38] loss: 0.004766, mae: 0.049009, r2: 0.770066, val_loss: 0.006048, val_mae: 0.054365, val_r2: 0.711870
2024-05-21 14:57:51 Epoch 39: lr=1e-05
2024-05-21 14:59:03 [Epoch: 39] loss: 0.004765, mae: 0.049038, r2: 0.770074, val_loss: 0.006069, val_mae: 0.054457, val_r2: 0.711336
2024-05-21 14:59:03 Epoch 40: lr=1e-05
2024-05-21 15:00:15 [Epoch: 40] loss: 0.004753, mae: 0.048973, r2: 0.770598, val_loss: 0.006098, val_mae: 0.054508, val_r2: 0.710029
2024-05-21 15:00:15 Epoch 41: lr=1e-05
2024-05-21 15:01:27 [Epoch: 41] loss: 0.004747, mae: 0.048927, r2: 0.770947, val_loss: 0.006076, val_mae: 0.054317, val_r2: 0.709904
2024-05-21 15:01:27 Epoch 42: lr=1e-05
2024-05-21 15:02:39 [Epoch: 42] loss: 0.004750, mae: 0.048946, r2: 0.770688, val_loss: 0.006078, val_mae: 0.054342, val_r2: 0.710557
2024-05-21 15:02:39 Epoch 43: lr=1e-05
2024-05-21 15:03:52 [Epoch: 43] loss: 0.004730, mae: 0.048885, r2: 0.771573, val_loss: 0.006098, val_mae: 0.054443, val_r2: 0.709671
2024-05-21 15:03:52 Epoch 44: lr=1e-05
2024-05-21 15:05:04 [Epoch: 44] loss: 0.004745, mae: 0.048904, r2: 0.770859, val_loss: 0.006071, val_mae: 0.054125, val_r2: 0.711485
2024-05-21 15:05:04 Epoch 45: lr=1e-05
2024-05-21 15:06:16 [Epoch: 45] loss: 0.004735, mae: 0.048859, r2: 0.771192, val_loss: 0.006081, val_mae: 0.054506, val_r2: 0.710794
2024-05-21 15:06:16 Epoch 46: lr=1e-05
2024-05-21 15:07:28 [Epoch: 46] loss: 0.004719, mae: 0.048794, r2: 0.772247, val_loss: 0.006073, val_mae: 0.054255, val_r2: 0.710395
2024-05-21 15:07:28 Epoch 47: lr=1e-05
2024-05-21 15:08:40 [Epoch: 47] loss: 0.004728, mae: 0.048818, r2: 0.771785, val_loss: 0.006067, val_mae: 0.054210, val_r2: 0.711301
2024-05-21 15:08:41 Epoch 48: lr=1e-05
2024-05-21 15:09:53 [Epoch: 48] loss: 0.004713, mae: 0.048762, r2: 0.772298, val_loss: 0.006069, val_mae: 0.054384, val_r2: 0.710490
2024-05-21 15:09:53 history_length: 49
2024-05-21 15:09:53 stopping: early
2024-05-21 15:09:53 Comparing y_true and y_pred:
2024-05-21 15:09:53   mse: 0.01702097
2024-05-21 15:09:53   mae: 0.12072275
2024-05-21 15:09:53   r2: -5.22002132
2024-05-21 15:09:53   corr: 0.20708931
