2024-05-17 17:41:53 UNO RUN ...
2024-05-17 17:41:53 Params: {'model_name': 'uno', 'train_sources': ['CCLE'], 'test_sources': ['train'], 'cell_types': None, 'cell_features': ['rnaseq'], 'drug_features': ['descriptors'], 'dense': [1000, 1000, 1000, 1000, 1000], 'dense_feature_layers': [1000, 1000, 1000], 'activation': 'relu', 'loss': 'mse', 'optimizer': 'adamax', 'scaling': 'std', 'dropout': 0.1, 'epochs': 75, 'batch_size': 32, 'val_split': 0.2, 'cv': 1, 'max_val_loss': 1.0, 'learning_rate': 0.0001, 'base_lr': None, 'agg_dose': 'AUC', 'residual': False, 'reduce_lr': True, 'warmup_lr': True, 'batch_normalization': False, 'feature_subsample': 0, 'rng_seed': 2018, 'no_gen': False, 'verbose': False, 'preprocess_rnaseq': 'source_scale', 'gpus': [0], 'use_landmark_genes': True, 'no_feature_source': True, 'no_response_source': True, 'save_path': '/dev/shm/Uno/save/8998722.amn-0001/99', 'single': True, 'on_memory_loader': True, 'ckpt_checksum': True, 'ckpt_save_interval': 0, 'timeout': -1, 'train_bool': True, 'profiling': False, 'experiment_id': '8998722.amn-0001', 'run_id': '99', 'logfile': '/dev/shm/Uno/save/8998722.amn-0001/99/python.log', 'shuffle': False, 'ckpt_restart_mode': 'off', 'ckpt_skip_epochs': 0, 'ckpt_directory': '/dev/shm/Uno/save/8998722.amn-0001/99', 'ckpt_save_best': True, 'ckpt_save_best_metric': 'val_loss', 'ckpt_save_weights_only': False, 'ckpt_keep_mode': 'linear', 'ckpt_keep_limit': 5, 'by_cell': None, 'by_drug': None, 'cell_subset_path': '', 'drug_subset_path': '', 'drug_median_response_min': -1, 'drug_median_response_max': 1, 'dense_cell_feature_layers': None, 'dense_drug_feature_layers': None, 'use_filtered_genes': False, 'feature_subset_path': '', 'cell_feature_subset_path': '', 'drug_feature_subset_path': '', 'es': True, 'cp': False, 'tb': False, 'tb_prefix': 'tb', 'partition_by': None, 'cache': None, 'export_csv': None, 'export_data': None, 'use_exported_data': '/dev/shm/Uno/x1922c3s4b0n0.99.merged.landmark.h5', 'growth_bins': 0, 'initial_weights': None, 'save_weights': '/dev/shm/Uno/save/8998722.amn-0001/99/1.1.model.h5', 'config_file': '/home/brettin/CSC249ADOA01_CNDA/brettin/Benchmarks/Pilot1/Uno/uno_auc_model.txt', 'data_type': <class 'numpy.float32'>, 'data_dir': '/dev/shm/Uno/uno/Data', 'output_dir': '/dev/shm/Uno/uno/Output/8998722.amn-0001/99'}
2024-05-17 17:41:54 Feature encoding submodel for cell.rnaseq:
2024-05-17 17:41:54 Model: "cell.rnaseq"
2024-05-17 17:41:54 _________________________________________________________________
2024-05-17 17:41:54  Layer (type)                Output Shape              Param #   
2024-05-17 17:41:54 =================================================================
2024-05-17 17:41:54  input_1 (InputLayer)        [(None, 958)]             0         
2024-05-17 17:41:54                                                                  
2024-05-17 17:41:54  dense (Dense)               (None, 1000)              959000    
2024-05-17 17:41:54                                                                  
2024-05-17 17:41:54  permanent_dropout (Permane  (None, 1000)              0         
2024-05-17 17:41:54  ntDropout)                                                      
2024-05-17 17:41:54                                                                  
2024-05-17 17:41:54  dense_1 (Dense)             (None, 1000)              1001000   
2024-05-17 17:41:54                                                                  
2024-05-17 17:41:54  permanent_dropout_1 (Perma  (None, 1000)              0         
2024-05-17 17:41:54  nentDropout)                                                    
2024-05-17 17:41:54                                                                  
2024-05-17 17:41:54  dense_2 (Dense)             (None, 1000)              1001000   
2024-05-17 17:41:54                                                                  
2024-05-17 17:41:54  permanent_dropout_2 (Perma  (None, 1000)              0         
2024-05-17 17:41:54  nentDropout)                                                    
2024-05-17 17:41:54                                                                  
2024-05-17 17:41:54 =================================================================
2024-05-17 17:41:54 Total params: 2961000 (11.30 MB)
2024-05-17 17:41:54 Trainable params: 2961000 (11.30 MB)
2024-05-17 17:41:54 Non-trainable params: 0 (0.00 Byte)
2024-05-17 17:41:54 _________________________________________________________________
2024-05-17 17:41:54 Feature encoding submodel for drug.descriptors:
2024-05-17 17:41:54 Model: "drug.descriptors"
2024-05-17 17:41:54 _________________________________________________________________
2024-05-17 17:41:54  Layer (type)                Output Shape              Param #   
2024-05-17 17:41:54 =================================================================
2024-05-17 17:41:54  input_2 (InputLayer)        [(None, 1613)]            0         
2024-05-17 17:41:54                                                                  
2024-05-17 17:41:54  dense_3 (Dense)             (None, 1000)              1614000   
2024-05-17 17:41:54                                                                  
2024-05-17 17:41:54  permanent_dropout_3 (Perma  (None, 1000)              0         
2024-05-17 17:41:54  nentDropout)                                                    
2024-05-17 17:41:54                                                                  
2024-05-17 17:41:54  dense_4 (Dense)             (None, 1000)              1001000   
2024-05-17 17:41:54                                                                  
2024-05-17 17:41:54  permanent_dropout_4 (Perma  (None, 1000)              0         
2024-05-17 17:41:54  nentDropout)                                                    
2024-05-17 17:41:54                                                                  
2024-05-17 17:41:54  dense_5 (Dense)             (None, 1000)              1001000   
2024-05-17 17:41:54                                                                  
2024-05-17 17:41:54  permanent_dropout_5 (Perma  (None, 1000)              0         
2024-05-17 17:41:54  nentDropout)                                                    
2024-05-17 17:41:54                                                                  
2024-05-17 17:41:54 =================================================================
2024-05-17 17:41:54 Total params: 3616000 (13.79 MB)
2024-05-17 17:41:54 Trainable params: 3616000 (13.79 MB)
2024-05-17 17:41:54 Non-trainable params: 0 (0.00 Byte)
2024-05-17 17:41:54 _________________________________________________________________
2024-05-17 17:41:54 Combined model:
2024-05-17 17:41:54 Model: "model"
2024-05-17 17:41:54 __________________________________________________________________________________________________
2024-05-17 17:41:54  Layer (type)                Output Shape                 Param #   Connected to                  
2024-05-17 17:41:54 ==================================================================================================
2024-05-17 17:41:54  input.cell.rnaseq (InputLa  [(None, 958)]                0         []                            
2024-05-17 17:41:54  yer)                                                                                             
2024-05-17 17:41:54                                                                                                   
2024-05-17 17:41:54  input.drug1.descriptors (I  [(None, 1613)]               0         []                            
2024-05-17 17:41:54  nputLayer)                                                                                       
2024-05-17 17:41:54                                                                                                   
2024-05-17 17:41:54  cell.rnaseq (Functional)    (None, 1000)                 2961000   ['input.cell.rnaseq[0][0]']   
2024-05-17 17:41:54                                                                                                   
2024-05-17 17:41:54  drug.descriptors (Function  (None, 1000)                 3616000   ['input.drug1.descriptors[0][0
2024-05-17 17:41:54  al)                                                                ]']                           
2024-05-17 17:41:54                                                                                                   
2024-05-17 17:41:54  concatenate (Concatenate)   (None, 2000)                 0         ['cell.rnaseq[0][0]',         
2024-05-17 17:41:54                                                                      'drug.descriptors[0][0]']    
2024-05-17 17:41:54                                                                                                   
2024-05-17 17:41:54  dense_6 (Dense)             (None, 1000)                 2001000   ['concatenate[0][0]']         
2024-05-17 17:41:54                                                                                                   
2024-05-17 17:41:54  permanent_dropout_6 (Perma  (None, 1000)                 0         ['dense_6[0][0]']             
2024-05-17 17:41:54  nentDropout)                                                                                     
2024-05-17 17:41:54                                                                                                   
2024-05-17 17:41:54  dense_7 (Dense)             (None, 1000)                 1001000   ['permanent_dropout_6[0][0]'] 
2024-05-17 17:41:54                                                                                                   
2024-05-17 17:41:54  permanent_dropout_7 (Perma  (None, 1000)                 0         ['dense_7[0][0]']             
2024-05-17 17:41:54  nentDropout)                                                                                     
2024-05-17 17:41:54                                                                                                   
2024-05-17 17:41:54  dense_8 (Dense)             (None, 1000)                 1001000   ['permanent_dropout_7[0][0]'] 
2024-05-17 17:41:54                                                                                                   
2024-05-17 17:41:54  permanent_dropout_8 (Perma  (None, 1000)                 0         ['dense_8[0][0]']             
2024-05-17 17:41:54  nentDropout)                                                                                     
2024-05-17 17:41:54                                                                                                   
2024-05-17 17:41:54  dense_9 (Dense)             (None, 1000)                 1001000   ['permanent_dropout_8[0][0]'] 
2024-05-17 17:41:54                                                                                                   
2024-05-17 17:41:54  permanent_dropout_9 (Perma  (None, 1000)                 0         ['dense_9[0][0]']             
2024-05-17 17:41:54  nentDropout)                                                                                     
2024-05-17 17:41:54                                                                                                   
2024-05-17 17:41:54  dense_10 (Dense)            (None, 1000)                 1001000   ['permanent_dropout_9[0][0]'] 
2024-05-17 17:41:54                                                                                                   
2024-05-17 17:41:54  permanent_dropout_10 (Perm  (None, 1000)                 0         ['dense_10[0][0]']            
2024-05-17 17:41:54  anentDropout)                                                                                    
2024-05-17 17:41:54                                                                                                   
2024-05-17 17:41:54  dense_11 (Dense)            (None, 1)                    1001      ['permanent_dropout_10[0][0]']
2024-05-17 17:41:54                                                                                                   
2024-05-17 17:41:54 ==================================================================================================
2024-05-17 17:41:54 Total params: 12583001 (48.00 MB)
2024-05-17 17:41:54 Trainable params: 12583001 (48.00 MB)
2024-05-17 17:41:54 Non-trainable params: 0 (0.00 Byte)
2024-05-17 17:41:54 __________________________________________________________________________________________________
2024-05-17 17:41:54 CKPT CONSTRUCT...
2024-05-17 17:41:54 CKPT CONSTRUCT OK.
2024-05-17 17:41:54 template model: <keras.src.engine.functional.Functional object at 0x15085b80a6a0>
2024-05-17 17:41:56 COMPILE
2024-05-17 17:41:56 Will save weights to: /dev/shm/Uno/save/8998722.amn-0001/99/1.1.model.h5
2024-05-17 17:42:12 Between random pairs in y_val:
2024-05-17 17:42:12   mse: 0.04755137
2024-05-17 17:42:12   mae: 0.15942376
2024-05-17 17:42:12   r2: -0.99695564
2024-05-17 17:42:12   corr: 0.00152218
2024-05-17 17:42:12 Data points per epoch: train = 468868, val = 117217, test = 1624
2024-05-17 17:42:12 Steps per epoch: train = 14652, val = 3663, test = 50
2024-05-17 17:42:12 Epoch 0: lr=0.001
2024-05-17 17:43:25 [Epoch: 0] loss: 0.026067, mae: 0.079104, r2: -0.108089, val_loss: 0.008952, val_mae: 0.066706, val_r2: 0.575677
2024-05-17 17:43:25 Epoch 1: lr=0.00082
2024-05-17 17:44:36 [Epoch: 1] loss: 0.007998, mae: 0.063926, r2: 0.621368, val_loss: 0.007640, val_mae: 0.062612, val_r2: 0.636057
2024-05-17 17:44:36 Epoch 2: lr=0.00064
2024-05-17 17:45:47 [Epoch: 2] loss: 0.007313, mae: 0.060770, r2: 0.653281, val_loss: 0.007432, val_mae: 0.062599, val_r2: 0.641328
2024-05-17 17:45:47 Epoch 3: lr=0.00046
2024-05-17 17:46:58 [Epoch: 3] loss: 0.006831, mae: 0.058624, r2: 0.675531, val_loss: 0.006822, val_mae: 0.058092, val_r2: 0.677392
2024-05-17 17:46:58 Epoch 4: lr=0.00028
2024-05-17 17:48:09 [Epoch: 4] loss: 0.006446, mae: 0.056840, r2: 0.692941, val_loss: 0.006583, val_mae: 0.057796, val_r2: 0.688114
2024-05-17 17:48:09 Epoch 5: lr=0.0001
2024-05-17 17:49:20 [Epoch: 5] loss: 0.006123, mae: 0.055334, r2: 0.707778, val_loss: 0.006415, val_mae: 0.056731, val_r2: 0.693298
2024-05-17 17:49:20 Epoch 6: lr=0.0001
2024-05-17 17:50:31 [Epoch: 6] loss: 0.006010, mae: 0.054831, r2: 0.712770, val_loss: 0.006353, val_mae: 0.055851, val_r2: 0.696216
2024-05-17 17:50:31 Epoch 7: lr=0.0001
2024-05-17 17:51:42 [Epoch: 7] loss: 0.005934, mae: 0.054497, r2: 0.716250, val_loss: 0.006310, val_mae: 0.055526, val_r2: 0.697748
2024-05-17 17:51:42 Epoch 8: lr=0.0001
2024-05-17 17:52:53 [Epoch: 8] loss: 0.005873, mae: 0.054228, r2: 0.719391, val_loss: 0.006299, val_mae: 0.055719, val_r2: 0.697443
2024-05-17 17:52:53 Epoch 9: lr=0.0001
2024-05-17 17:54:05 [Epoch: 9] loss: 0.005815, mae: 0.053960, r2: 0.721879, val_loss: 0.006276, val_mae: 0.055927, val_r2: 0.698840
2024-05-17 17:54:05 Epoch 10: lr=0.0001
2024-05-17 17:55:16 [Epoch: 10] loss: 0.005744, mae: 0.053682, r2: 0.725282, val_loss: 0.006275, val_mae: 0.056301, val_r2: 0.699923
2024-05-17 17:55:16 Epoch 11: lr=0.0001
2024-05-17 17:56:27 [Epoch: 11] loss: 0.005690, mae: 0.053402, r2: 0.727718, val_loss: 0.006238, val_mae: 0.055928, val_r2: 0.701026
2024-05-17 17:56:27 Epoch 12: lr=0.0001
2024-05-17 17:57:38 [Epoch: 12] loss: 0.005639, mae: 0.053141, r2: 0.730369, val_loss: 0.006195, val_mae: 0.055672, val_r2: 0.703966
2024-05-17 17:57:39 Epoch 13: lr=0.0001
2024-05-17 17:58:49 [Epoch: 13] loss: 0.005577, mae: 0.052852, r2: 0.732996, val_loss: 0.006167, val_mae: 0.055686, val_r2: 0.704633
2024-05-17 17:58:50 Epoch 14: lr=0.0001
2024-05-17 18:00:00 [Epoch: 14] loss: 0.005530, mae: 0.052666, r2: 0.735295, val_loss: 0.006151, val_mae: 0.055411, val_r2: 0.705446
2024-05-17 18:00:01 Epoch 15: lr=0.0001
2024-05-17 18:01:11 [Epoch: 15] loss: 0.005481, mae: 0.052415, r2: 0.737508, val_loss: 0.006134, val_mae: 0.054721, val_r2: 0.706268
2024-05-17 18:01:11 Epoch 16: lr=0.0001
2024-05-17 18:02:22 [Epoch: 16] loss: 0.005422, mae: 0.052147, r2: 0.740284, val_loss: 0.006138, val_mae: 0.054613, val_r2: 0.706943
2024-05-17 18:02:22 Epoch 17: lr=0.0001
2024-05-17 18:03:34 [Epoch: 17] loss: 0.005379, mae: 0.051966, r2: 0.742109, val_loss: 0.006124, val_mae: 0.054449, val_r2: 0.706236
2024-05-17 18:03:34 Epoch 18: lr=5e-05
2024-05-17 18:04:45 [Epoch: 18] loss: 0.005261, mae: 0.051416, r2: 0.747633, val_loss: 0.006090, val_mae: 0.054431, val_r2: 0.708824
2024-05-17 18:04:45 Epoch 19: lr=5e-05
2024-05-17 18:05:56 [Epoch: 19] loss: 0.005215, mae: 0.051208, r2: 0.749826, val_loss: 0.006056, val_mae: 0.054113, val_r2: 0.710298
2024-05-17 18:05:57 Epoch 20: lr=5e-05
2024-05-17 18:07:08 [Epoch: 20] loss: 0.005197, mae: 0.051114, r2: 0.750648, val_loss: 0.006052, val_mae: 0.054481, val_r2: 0.710781
2024-05-17 18:07:08 Epoch 21: lr=5e-05
2024-05-17 18:08:19 [Epoch: 21] loss: 0.005165, mae: 0.050987, r2: 0.752094, val_loss: 0.006098, val_mae: 0.055014, val_r2: 0.708146
2024-05-17 18:08:19 Epoch 22: lr=5e-05
2024-05-17 18:09:30 [Epoch: 22] loss: 0.005129, mae: 0.050774, r2: 0.754083, val_loss: 0.006062, val_mae: 0.054366, val_r2: 0.710804
2024-05-17 18:09:30 Epoch 23: lr=5e-05
2024-05-17 18:10:41 [Epoch: 23] loss: 0.005107, mae: 0.050721, r2: 0.754763, val_loss: 0.006039, val_mae: 0.054469, val_r2: 0.710750
2024-05-17 18:10:41 Epoch 24: lr=2.5e-05
2024-05-17 18:11:52 [Epoch: 24] loss: 0.005052, mae: 0.050439, r2: 0.757303, val_loss: 0.006018, val_mae: 0.054142, val_r2: 0.711847
2024-05-17 18:11:52 Epoch 25: lr=2.5e-05
2024-05-17 18:13:03 [Epoch: 25] loss: 0.005032, mae: 0.050353, r2: 0.758243, val_loss: 0.006032, val_mae: 0.054157, val_r2: 0.711034
2024-05-17 18:13:03 Epoch 26: lr=2.5e-05
2024-05-17 18:14:14 [Epoch: 26] loss: 0.005033, mae: 0.050335, r2: 0.758189, val_loss: 0.006040, val_mae: 0.054205, val_r2: 0.711862
2024-05-17 18:14:14 Epoch 27: lr=2.5e-05
2024-05-17 18:15:25 [Epoch: 27] loss: 0.005009, mae: 0.050219, r2: 0.759521, val_loss: 0.006045, val_mae: 0.054232, val_r2: 0.710611
2024-05-17 18:15:25 Epoch 28: lr=2.5e-05
2024-05-17 18:16:36 [Epoch: 28] loss: 0.004982, mae: 0.050116, r2: 0.760425, val_loss: 0.006062, val_mae: 0.054348, val_r2: 0.709597
2024-05-17 18:16:36 Epoch 29: lr=1.25e-05
2024-05-17 18:17:47 [Epoch: 29] loss: 0.004958, mae: 0.049987, r2: 0.761530, val_loss: 0.006026, val_mae: 0.053955, val_r2: 0.711411
2024-05-17 18:17:47 Epoch 30: lr=1.25e-05
2024-05-17 18:18:59 [Epoch: 30] loss: 0.004950, mae: 0.049946, r2: 0.761948, val_loss: 0.006031, val_mae: 0.054171, val_r2: 0.711383
2024-05-17 18:18:59 Epoch 31: lr=1.25e-05
2024-05-17 18:20:10 [Epoch: 31] loss: 0.004941, mae: 0.049896, r2: 0.762542, val_loss: 0.006050, val_mae: 0.054213, val_r2: 0.710546
2024-05-17 18:20:10 Epoch 32: lr=1.25e-05
2024-05-17 18:21:21 [Epoch: 32] loss: 0.004940, mae: 0.049888, r2: 0.762558, val_loss: 0.006056, val_mae: 0.054151, val_r2: 0.709935
2024-05-17 18:21:21 Epoch 33: lr=1.25e-05
2024-05-17 18:22:32 [Epoch: 33] loss: 0.004927, mae: 0.049833, r2: 0.763146, val_loss: 0.006038, val_mae: 0.053992, val_r2: 0.711000
2024-05-17 18:22:32 Epoch 34: lr=1e-05
2024-05-17 18:23:43 [Epoch: 34] loss: 0.004923, mae: 0.049819, r2: 0.763220, val_loss: 0.006044, val_mae: 0.054181, val_r2: 0.710139
2024-05-17 18:23:44 history_length: 35
2024-05-17 18:23:44 stopping: early
2024-05-17 18:23:44 Comparing y_true and y_pred:
2024-05-17 18:23:44   mse: 0.01638232
2024-05-17 18:23:44   mae: 0.10365875
2024-05-17 18:23:44   r2: -0.23831580
2024-05-17 18:23:44   corr: 0.22679356
