2024-05-09 11:42:31 UNO RUN ...
2024-05-09 11:42:31 Params: {'model_name': 'uno', 'train_sources': ['CCLE'], 'test_sources': ['train'], 'cell_types': None, 'cell_features': ['rnaseq'], 'drug_features': ['descriptors'], 'dense': [1000, 1000, 1000, 1000, 1000], 'dense_feature_layers': [1000, 1000, 1000], 'activation': 'relu', 'loss': 'mse', 'optimizer': 'adamax', 'scaling': 'std', 'dropout': 0.1, 'epochs': 30, 'batch_size': 32, 'val_split': 0.2, 'cv': 1, 'max_val_loss': 1.0, 'learning_rate': 0.0001, 'base_lr': None, 'agg_dose': 'AUC', 'residual': False, 'reduce_lr': True, 'warmup_lr': True, 'batch_normalization': False, 'feature_subsample': 0, 'rng_seed': 2018, 'no_gen': False, 'verbose': False, 'preprocess_rnaseq': 'source_scale', 'gpus': [0], 'use_landmark_genes': True, 'no_feature_source': True, 'no_response_source': True, 'save_path': '/dev/shm/Uno/save/8996461.amn-0001/21', 'single': True, 'on_memory_loader': True, 'ckpt_checksum': True, 'ckpt_save_interval': 0, 'timeout': -1, 'train_bool': True, 'profiling': False, 'experiment_id': '8996461.amn-0001', 'run_id': '21', 'logfile': '/dev/shm/Uno/save/8996461.amn-0001/21/python.log', 'shuffle': False, 'ckpt_restart_mode': 'off', 'ckpt_skip_epochs': 0, 'ckpt_directory': '/dev/shm/Uno/save/8996461.amn-0001/21', 'ckpt_save_best': True, 'ckpt_save_best_metric': 'val_loss', 'ckpt_save_weights_only': False, 'ckpt_keep_mode': 'linear', 'ckpt_keep_limit': 5, 'by_cell': None, 'by_drug': None, 'cell_subset_path': '', 'drug_subset_path': '', 'drug_median_response_min': -1, 'drug_median_response_max': 1, 'dense_cell_feature_layers': None, 'dense_drug_feature_layers': None, 'use_filtered_genes': False, 'feature_subset_path': '', 'cell_feature_subset_path': '', 'drug_feature_subset_path': '', 'es': True, 'cp': False, 'tb': False, 'tb_prefix': 'tb', 'partition_by': None, 'cache': None, 'export_csv': None, 'export_data': None, 'use_exported_data': '/dev/shm/Uno/x1921c0s4b0n0.21.merged.landmark.h5', 'growth_bins': 0, 'initial_weights': None, 'save_weights': '/dev/shm/Uno/save/8996461.amn-0001/21/4.1.model.h5', 'config_file': '/home/brettin/CSC249ADOA01_CNDA/brettin/Benchmarks/Pilot1/Uno/uno_auc_model.txt', 'data_type': <class 'numpy.float32'>, 'data_dir': '/dev/shm/Uno/uno/Data', 'output_dir': '/dev/shm/Uno/uno/Output/8996461.amn-0001/21'}
2024-05-09 11:42:31 Feature encoding submodel for cell.rnaseq:
2024-05-09 11:42:31 Model: "cell.rnaseq"
2024-05-09 11:42:31 _________________________________________________________________
2024-05-09 11:42:31  Layer (type)                Output Shape              Param #   
2024-05-09 11:42:31 =================================================================
2024-05-09 11:42:31  input_1 (InputLayer)        [(None, 958)]             0         
2024-05-09 11:42:31                                                                  
2024-05-09 11:42:31  dense (Dense)               (None, 1000)              959000    
2024-05-09 11:42:31                                                                  
2024-05-09 11:42:31  permanent_dropout (Permane  (None, 1000)              0         
2024-05-09 11:42:31  ntDropout)                                                      
2024-05-09 11:42:31                                                                  
2024-05-09 11:42:31  dense_1 (Dense)             (None, 1000)              1001000   
2024-05-09 11:42:31                                                                  
2024-05-09 11:42:31  permanent_dropout_1 (Perma  (None, 1000)              0         
2024-05-09 11:42:31  nentDropout)                                                    
2024-05-09 11:42:31                                                                  
2024-05-09 11:42:31  dense_2 (Dense)             (None, 1000)              1001000   
2024-05-09 11:42:31                                                                  
2024-05-09 11:42:31  permanent_dropout_2 (Perma  (None, 1000)              0         
2024-05-09 11:42:31  nentDropout)                                                    
2024-05-09 11:42:31                                                                  
2024-05-09 11:42:31 =================================================================
2024-05-09 11:42:31 Total params: 2961000 (11.30 MB)
2024-05-09 11:42:31 Trainable params: 2961000 (11.30 MB)
2024-05-09 11:42:31 Non-trainable params: 0 (0.00 Byte)
2024-05-09 11:42:31 _________________________________________________________________
2024-05-09 11:42:31 Feature encoding submodel for drug.descriptors:
2024-05-09 11:42:31 Model: "drug.descriptors"
2024-05-09 11:42:31 _________________________________________________________________
2024-05-09 11:42:31  Layer (type)                Output Shape              Param #   
2024-05-09 11:42:31 =================================================================
2024-05-09 11:42:31  input_2 (InputLayer)        [(None, 1613)]            0         
2024-05-09 11:42:31                                                                  
2024-05-09 11:42:31  dense_3 (Dense)             (None, 1000)              1614000   
2024-05-09 11:42:31                                                                  
2024-05-09 11:42:31  permanent_dropout_3 (Perma  (None, 1000)              0         
2024-05-09 11:42:31  nentDropout)                                                    
2024-05-09 11:42:31                                                                  
2024-05-09 11:42:31  dense_4 (Dense)             (None, 1000)              1001000   
2024-05-09 11:42:31                                                                  
2024-05-09 11:42:31  permanent_dropout_4 (Perma  (None, 1000)              0         
2024-05-09 11:42:31  nentDropout)                                                    
2024-05-09 11:42:31                                                                  
2024-05-09 11:42:31  dense_5 (Dense)             (None, 1000)              1001000   
2024-05-09 11:42:31                                                                  
2024-05-09 11:42:31  permanent_dropout_5 (Perma  (None, 1000)              0         
2024-05-09 11:42:31  nentDropout)                                                    
2024-05-09 11:42:31                                                                  
2024-05-09 11:42:31 =================================================================
2024-05-09 11:42:31 Total params: 3616000 (13.79 MB)
2024-05-09 11:42:31 Trainable params: 3616000 (13.79 MB)
2024-05-09 11:42:31 Non-trainable params: 0 (0.00 Byte)
2024-05-09 11:42:31 _________________________________________________________________
2024-05-09 11:42:31 Combined model:
2024-05-09 11:42:31 Model: "model"
2024-05-09 11:42:31 __________________________________________________________________________________________________
2024-05-09 11:42:31  Layer (type)                Output Shape                 Param #   Connected to                  
2024-05-09 11:42:31 ==================================================================================================
2024-05-09 11:42:31  input.cell.rnaseq (InputLa  [(None, 958)]                0         []                            
2024-05-09 11:42:31  yer)                                                                                             
2024-05-09 11:42:31                                                                                                   
2024-05-09 11:42:31  input.drug1.descriptors (I  [(None, 1613)]               0         []                            
2024-05-09 11:42:31  nputLayer)                                                                                       
2024-05-09 11:42:31                                                                                                   
2024-05-09 11:42:31  cell.rnaseq (Functional)    (None, 1000)                 2961000   ['input.cell.rnaseq[0][0]']   
2024-05-09 11:42:31                                                                                                   
2024-05-09 11:42:31  drug.descriptors (Function  (None, 1000)                 3616000   ['input.drug1.descriptors[0][0
2024-05-09 11:42:31  al)                                                                ]']                           
2024-05-09 11:42:31                                                                                                   
2024-05-09 11:42:31  concatenate (Concatenate)   (None, 2000)                 0         ['cell.rnaseq[0][0]',         
2024-05-09 11:42:31                                                                      'drug.descriptors[0][0]']    
2024-05-09 11:42:31                                                                                                   
2024-05-09 11:42:31  dense_6 (Dense)             (None, 1000)                 2001000   ['concatenate[0][0]']         
2024-05-09 11:42:31                                                                                                   
2024-05-09 11:42:31  permanent_dropout_6 (Perma  (None, 1000)                 0         ['dense_6[0][0]']             
2024-05-09 11:42:31  nentDropout)                                                                                     
2024-05-09 11:42:31                                                                                                   
2024-05-09 11:42:31  dense_7 (Dense)             (None, 1000)                 1001000   ['permanent_dropout_6[0][0]'] 
2024-05-09 11:42:31                                                                                                   
2024-05-09 11:42:31  permanent_dropout_7 (Perma  (None, 1000)                 0         ['dense_7[0][0]']             
2024-05-09 11:42:31  nentDropout)                                                                                     
2024-05-09 11:42:31                                                                                                   
2024-05-09 11:42:31  dense_8 (Dense)             (None, 1000)                 1001000   ['permanent_dropout_7[0][0]'] 
2024-05-09 11:42:31                                                                                                   
2024-05-09 11:42:31  permanent_dropout_8 (Perma  (None, 1000)                 0         ['dense_8[0][0]']             
2024-05-09 11:42:31  nentDropout)                                                                                     
2024-05-09 11:42:31                                                                                                   
2024-05-09 11:42:31  dense_9 (Dense)             (None, 1000)                 1001000   ['permanent_dropout_8[0][0]'] 
2024-05-09 11:42:31                                                                                                   
2024-05-09 11:42:31  permanent_dropout_9 (Perma  (None, 1000)                 0         ['dense_9[0][0]']             
2024-05-09 11:42:31  nentDropout)                                                                                     
2024-05-09 11:42:31                                                                                                   
2024-05-09 11:42:31  dense_10 (Dense)            (None, 1000)                 1001000   ['permanent_dropout_9[0][0]'] 
2024-05-09 11:42:31                                                                                                   
2024-05-09 11:42:31  permanent_dropout_10 (Perm  (None, 1000)                 0         ['dense_10[0][0]']            
2024-05-09 11:42:31  anentDropout)                                                                                    
2024-05-09 11:42:31                                                                                                   
2024-05-09 11:42:31  dense_11 (Dense)            (None, 1)                    1001      ['permanent_dropout_10[0][0]']
2024-05-09 11:42:31                                                                                                   
2024-05-09 11:42:31 ==================================================================================================
2024-05-09 11:42:31 Total params: 12583001 (48.00 MB)
2024-05-09 11:42:31 Trainable params: 12583001 (48.00 MB)
2024-05-09 11:42:31 Non-trainable params: 0 (0.00 Byte)
2024-05-09 11:42:31 __________________________________________________________________________________________________
2024-05-09 11:42:31 CKPT CONSTRUCT...
2024-05-09 11:42:31 CKPT CONSTRUCT OK.
2024-05-09 11:42:31 template model: <keras.src.engine.functional.Functional object at 0x1493356be9d0>
2024-05-09 11:42:33 COMPILE
2024-05-09 11:42:33 Will save weights to: /dev/shm/Uno/save/8996461.amn-0001/21/4.1.model.h5
2024-05-09 11:42:49 Between random pairs in y_val:
2024-05-09 11:42:49   mse: 0.04789269
2024-05-09 11:42:49   mae: 0.16043996
2024-05-09 11:42:49   r2: -1.00808248
2024-05-09 11:42:49   corr: -0.00404124
2024-05-09 11:42:49 Data points per epoch: train = 470167, val = 117542, test = 1511
2024-05-09 11:42:49 Steps per epoch: train = 14692, val = 3673, test = 47
2024-05-09 11:42:49 Epoch 0: lr=0.001
2024-05-09 11:44:03 [Epoch: 0] loss: 0.032708, mae: 0.079559, r2: -1.233233, val_loss: 0.008589, val_mae: 0.065271, val_r2: 0.596174
2024-05-09 11:44:03 Epoch 1: lr=0.00082
2024-05-09 11:45:15 [Epoch: 1] loss: 0.007955, mae: 0.063793, r2: 0.623585, val_loss: 0.007745, val_mae: 0.061921, val_r2: 0.634463
2024-05-09 11:45:15 Epoch 2: lr=0.00064
2024-05-09 11:46:28 [Epoch: 2] loss: 0.007292, mae: 0.060772, r2: 0.654128, val_loss: 0.007252, val_mae: 0.059761, val_r2: 0.657256
2024-05-09 11:46:28 Epoch 3: lr=0.00046
2024-05-09 11:47:40 [Epoch: 3] loss: 0.006834, mae: 0.058684, r2: 0.674843, val_loss: 0.006953, val_mae: 0.058203, val_r2: 0.668557
2024-05-09 11:47:40 Epoch 4: lr=0.00028
2024-05-09 11:48:52 [Epoch: 4] loss: 0.006439, mae: 0.056829, r2: 0.692967, val_loss: 0.006691, val_mae: 0.058049, val_r2: 0.682052
2024-05-09 11:48:52 Epoch 5: lr=0.0001
2024-05-09 11:50:04 [Epoch: 5] loss: 0.006125, mae: 0.055374, r2: 0.707328, val_loss: 0.006503, val_mae: 0.056868, val_r2: 0.690022
2024-05-09 11:50:05 Epoch 6: lr=0.0001
2024-05-09 11:51:17 [Epoch: 6] loss: 0.006015, mae: 0.054877, r2: 0.712545, val_loss: 0.006464, val_mae: 0.056006, val_r2: 0.691950
2024-05-09 11:51:17 Epoch 7: lr=0.0001
2024-05-09 11:52:29 [Epoch: 7] loss: 0.005940, mae: 0.054574, r2: 0.715910, val_loss: 0.006451, val_mae: 0.056063, val_r2: 0.692345
2024-05-09 11:52:29 Epoch 8: lr=0.0001
2024-05-09 11:53:42 [Epoch: 8] loss: 0.005862, mae: 0.054171, r2: 0.719539, val_loss: 0.006366, val_mae: 0.055939, val_r2: 0.695969
2024-05-09 11:53:42 Epoch 9: lr=0.0001
2024-05-09 11:54:54 [Epoch: 9] loss: 0.005794, mae: 0.053928, r2: 0.722693, val_loss: 0.006366, val_mae: 0.055694, val_r2: 0.695909
2024-05-09 11:54:54 Epoch 10: lr=0.0001
2024-05-09 11:56:07 [Epoch: 10] loss: 0.005734, mae: 0.053629, r2: 0.725357, val_loss: 0.006336, val_mae: 0.056366, val_r2: 0.697029
2024-05-09 11:56:07 Epoch 11: lr=0.0001
2024-05-09 11:57:19 [Epoch: 11] loss: 0.005677, mae: 0.053348, r2: 0.728289, val_loss: 0.006296, val_mae: 0.055512, val_r2: 0.699131
2024-05-09 11:57:19 Epoch 12: lr=0.0001
2024-05-09 11:58:32 [Epoch: 12] loss: 0.005607, mae: 0.053068, r2: 0.731102, val_loss: 0.006285, val_mae: 0.055405, val_r2: 0.700577
2024-05-09 11:58:32 Epoch 13: lr=0.0001
2024-05-09 11:59:44 [Epoch: 13] loss: 0.005541, mae: 0.052741, r2: 0.734221, val_loss: 0.006296, val_mae: 0.055480, val_r2: 0.699307
2024-05-09 11:59:44 Epoch 14: lr=5e-05
2024-05-09 12:00:56 [Epoch: 14] loss: 0.005431, mae: 0.052239, r2: 0.739407, val_loss: 0.006262, val_mae: 0.055420, val_r2: 0.700039
2024-05-09 12:00:56 Epoch 15: lr=5e-05
2024-05-09 12:02:09 [Epoch: 15] loss: 0.005380, mae: 0.052017, r2: 0.741927, val_loss: 0.006253, val_mae: 0.055229, val_r2: 0.700575
2024-05-09 12:02:09 Epoch 16: lr=5e-05
2024-05-09 12:03:21 [Epoch: 16] loss: 0.005351, mae: 0.051846, r2: 0.743153, val_loss: 0.006243, val_mae: 0.054920, val_r2: 0.700394
2024-05-09 12:03:21 Epoch 17: lr=5e-05
2024-05-09 12:04:34 [Epoch: 17] loss: 0.005315, mae: 0.051708, r2: 0.744859, val_loss: 0.006257, val_mae: 0.055028, val_r2: 0.700623
2024-05-09 12:04:34 Epoch 18: lr=5e-05
2024-05-09 12:05:47 [Epoch: 18] loss: 0.005275, mae: 0.051513, r2: 0.746739, val_loss: 0.006210, val_mae: 0.054743, val_r2: 0.703847
2024-05-09 12:05:47 Epoch 19: lr=5e-05
2024-05-09 12:06:59 [Epoch: 19] loss: 0.005255, mae: 0.051393, r2: 0.747531, val_loss: 0.006242, val_mae: 0.054705, val_r2: 0.701291
2024-05-09 12:06:59 Epoch 20: lr=2.5e-05
2024-05-09 12:08:11 [Epoch: 20] loss: 0.005195, mae: 0.051108, r2: 0.750353, val_loss: 0.006192, val_mae: 0.054663, val_r2: 0.703508
2024-05-09 12:08:11 Epoch 21: lr=2.5e-05
2024-05-09 12:09:23 [Epoch: 21] loss: 0.005171, mae: 0.051008, r2: 0.751317, val_loss: 0.006201, val_mae: 0.054998, val_r2: 0.703344
2024-05-09 12:09:23 Epoch 22: lr=2.5e-05
2024-05-09 12:10:35 [Epoch: 22] loss: 0.005151, mae: 0.050892, r2: 0.752165, val_loss: 0.006178, val_mae: 0.054808, val_r2: 0.704687
2024-05-09 12:10:35 Epoch 23: lr=2.5e-05
2024-05-09 12:11:48 [Epoch: 23] loss: 0.005139, mae: 0.050845, r2: 0.752983, val_loss: 0.006217, val_mae: 0.055085, val_r2: 0.702669
2024-05-09 12:11:48 Epoch 24: lr=2.5e-05
2024-05-09 12:13:00 [Epoch: 24] loss: 0.005129, mae: 0.050826, r2: 0.753582, val_loss: 0.006185, val_mae: 0.054548, val_r2: 0.704089
2024-05-09 12:13:00 Epoch 25: lr=1.25e-05
2024-05-09 12:14:12 [Epoch: 25] loss: 0.005091, mae: 0.050652, r2: 0.755122, val_loss: 0.006181, val_mae: 0.054755, val_r2: 0.704312
2024-05-09 12:14:13 Epoch 26: lr=1.25e-05
2024-05-09 12:15:25 [Epoch: 26] loss: 0.005076, mae: 0.050552, r2: 0.755853, val_loss: 0.006182, val_mae: 0.054797, val_r2: 0.704476
2024-05-09 12:15:25 Epoch 27: lr=1.25e-05
2024-05-09 12:16:37 [Epoch: 27] loss: 0.005072, mae: 0.050551, r2: 0.755865, val_loss: 0.006185, val_mae: 0.054683, val_r2: 0.704075
2024-05-09 12:16:37 Epoch 28: lr=1.25e-05
2024-05-09 12:17:50 [Epoch: 28] loss: 0.005075, mae: 0.050557, r2: 0.755814, val_loss: 0.006204, val_mae: 0.054669, val_r2: 0.703676
2024-05-09 12:17:50 Epoch 29: lr=1.25e-05
2024-05-09 12:19:02 [Epoch: 29] loss: 0.005057, mae: 0.050477, r2: 0.756665, val_loss: 0.006206, val_mae: 0.054610, val_r2: 0.703145
2024-05-09 12:19:03 history_length: 30
2024-05-09 12:19:03 stopping: complete
2024-05-09 12:19:03 Comparing y_true and y_pred:
2024-05-09 12:19:03   mse: 0.01036145
2024-05-09 12:19:03   mae: 0.07865065
2024-05-09 12:19:03   r2: 0.25960856
2024-05-09 12:19:03   corr: 0.51174878
