2024-05-09 11:42:31 UNO RUN ...
2024-05-09 11:42:31 Params: {'model_name': 'uno', 'train_sources': ['CCLE'], 'test_sources': ['train'], 'cell_types': None, 'cell_features': ['rnaseq'], 'drug_features': ['descriptors'], 'dense': [1000, 1000, 1000, 1000, 1000], 'dense_feature_layers': [1000, 1000, 1000], 'activation': 'relu', 'loss': 'mse', 'optimizer': 'adamax', 'scaling': 'std', 'dropout': 0.1, 'epochs': 30, 'batch_size': 32, 'val_split': 0.2, 'cv': 1, 'max_val_loss': 1.0, 'learning_rate': 0.0001, 'base_lr': None, 'agg_dose': 'AUC', 'residual': False, 'reduce_lr': True, 'warmup_lr': True, 'batch_normalization': False, 'feature_subsample': 0, 'rng_seed': 2018, 'no_gen': False, 'verbose': False, 'preprocess_rnaseq': 'source_scale', 'gpus': [0], 'use_landmark_genes': True, 'no_feature_source': True, 'no_response_source': True, 'save_path': '/dev/shm/Uno/save/8996461.amn-0001/442', 'single': True, 'on_memory_loader': True, 'ckpt_checksum': True, 'ckpt_save_interval': 0, 'timeout': -1, 'train_bool': True, 'profiling': False, 'experiment_id': '8996461.amn-0001', 'run_id': '442', 'logfile': '/dev/shm/Uno/save/8996461.amn-0001/442/python.log', 'shuffle': False, 'ckpt_restart_mode': 'off', 'ckpt_skip_epochs': 0, 'ckpt_directory': '/dev/shm/Uno/save/8996461.amn-0001/442', 'ckpt_save_best': True, 'ckpt_save_best_metric': 'val_loss', 'ckpt_save_weights_only': False, 'ckpt_keep_mode': 'linear', 'ckpt_keep_limit': 5, 'by_cell': None, 'by_drug': None, 'cell_subset_path': '', 'drug_subset_path': '', 'drug_median_response_min': -1, 'drug_median_response_max': 1, 'dense_cell_feature_layers': None, 'dense_drug_feature_layers': None, 'use_filtered_genes': False, 'feature_subset_path': '', 'cell_feature_subset_path': '', 'drug_feature_subset_path': '', 'es': True, 'cp': False, 'tb': False, 'tb_prefix': 'tb', 'partition_by': None, 'cache': None, 'export_csv': None, 'export_data': None, 'use_exported_data': '/dev/shm/Uno/x1921c5s6b0n0.442.merged.landmark.h5', 'growth_bins': 0, 'initial_weights': None, 'save_weights': '/dev/shm/Uno/save/8996461.amn-0001/442/5.0.model.h5', 'config_file': '/home/brettin/CSC249ADOA01_CNDA/brettin/Benchmarks/Pilot1/Uno/uno_auc_model.txt', 'data_type': <class 'numpy.float32'>, 'data_dir': '/dev/shm/Uno/uno/Data', 'output_dir': '/dev/shm/Uno/uno/Output/8996461.amn-0001/442'}
2024-05-09 11:42:31 Feature encoding submodel for cell.rnaseq:
2024-05-09 11:42:31 Model: "cell.rnaseq"
2024-05-09 11:42:31 _________________________________________________________________
2024-05-09 11:42:31  Layer (type)                Output Shape              Param #   
2024-05-09 11:42:31 =================================================================
2024-05-09 11:42:31  input_1 (InputLayer)        [(None, 958)]             0         
2024-05-09 11:42:31                                                                  
2024-05-09 11:42:31  dense (Dense)               (None, 1000)              959000    
2024-05-09 11:42:31                                                                  
2024-05-09 11:42:31  permanent_dropout (Permane  (None, 1000)              0         
2024-05-09 11:42:31  ntDropout)                                                      
2024-05-09 11:42:31                                                                  
2024-05-09 11:42:31  dense_1 (Dense)             (None, 1000)              1001000   
2024-05-09 11:42:31                                                                  
2024-05-09 11:42:31  permanent_dropout_1 (Perma  (None, 1000)              0         
2024-05-09 11:42:31  nentDropout)                                                    
2024-05-09 11:42:31                                                                  
2024-05-09 11:42:31  dense_2 (Dense)             (None, 1000)              1001000   
2024-05-09 11:42:31                                                                  
2024-05-09 11:42:31  permanent_dropout_2 (Perma  (None, 1000)              0         
2024-05-09 11:42:31  nentDropout)                                                    
2024-05-09 11:42:31                                                                  
2024-05-09 11:42:31 =================================================================
2024-05-09 11:42:31 Total params: 2961000 (11.30 MB)
2024-05-09 11:42:31 Trainable params: 2961000 (11.30 MB)
2024-05-09 11:42:31 Non-trainable params: 0 (0.00 Byte)
2024-05-09 11:42:31 _________________________________________________________________
2024-05-09 11:42:31 Feature encoding submodel for drug.descriptors:
2024-05-09 11:42:31 Model: "drug.descriptors"
2024-05-09 11:42:31 _________________________________________________________________
2024-05-09 11:42:31  Layer (type)                Output Shape              Param #   
2024-05-09 11:42:31 =================================================================
2024-05-09 11:42:31  input_2 (InputLayer)        [(None, 1613)]            0         
2024-05-09 11:42:31                                                                  
2024-05-09 11:42:31  dense_3 (Dense)             (None, 1000)              1614000   
2024-05-09 11:42:31                                                                  
2024-05-09 11:42:31  permanent_dropout_3 (Perma  (None, 1000)              0         
2024-05-09 11:42:31  nentDropout)                                                    
2024-05-09 11:42:31                                                                  
2024-05-09 11:42:31  dense_4 (Dense)             (None, 1000)              1001000   
2024-05-09 11:42:31                                                                  
2024-05-09 11:42:31  permanent_dropout_4 (Perma  (None, 1000)              0         
2024-05-09 11:42:31  nentDropout)                                                    
2024-05-09 11:42:31                                                                  
2024-05-09 11:42:31  dense_5 (Dense)             (None, 1000)              1001000   
2024-05-09 11:42:31                                                                  
2024-05-09 11:42:31  permanent_dropout_5 (Perma  (None, 1000)              0         
2024-05-09 11:42:31  nentDropout)                                                    
2024-05-09 11:42:31                                                                  
2024-05-09 11:42:31 =================================================================
2024-05-09 11:42:31 Total params: 3616000 (13.79 MB)
2024-05-09 11:42:31 Trainable params: 3616000 (13.79 MB)
2024-05-09 11:42:31 Non-trainable params: 0 (0.00 Byte)
2024-05-09 11:42:31 _________________________________________________________________
2024-05-09 11:42:31 Combined model:
2024-05-09 11:42:31 Model: "model"
2024-05-09 11:42:31 __________________________________________________________________________________________________
2024-05-09 11:42:31  Layer (type)                Output Shape                 Param #   Connected to                  
2024-05-09 11:42:31 ==================================================================================================
2024-05-09 11:42:31  input.cell.rnaseq (InputLa  [(None, 958)]                0         []                            
2024-05-09 11:42:31  yer)                                                                                             
2024-05-09 11:42:31                                                                                                   
2024-05-09 11:42:31  input.drug1.descriptors (I  [(None, 1613)]               0         []                            
2024-05-09 11:42:31  nputLayer)                                                                                       
2024-05-09 11:42:31                                                                                                   
2024-05-09 11:42:31  cell.rnaseq (Functional)    (None, 1000)                 2961000   ['input.cell.rnaseq[0][0]']   
2024-05-09 11:42:31                                                                                                   
2024-05-09 11:42:31  drug.descriptors (Function  (None, 1000)                 3616000   ['input.drug1.descriptors[0][0
2024-05-09 11:42:31  al)                                                                ]']                           
2024-05-09 11:42:31                                                                                                   
2024-05-09 11:42:31  concatenate (Concatenate)   (None, 2000)                 0         ['cell.rnaseq[0][0]',         
2024-05-09 11:42:31                                                                      'drug.descriptors[0][0]']    
2024-05-09 11:42:31                                                                                                   
2024-05-09 11:42:31  dense_6 (Dense)             (None, 1000)                 2001000   ['concatenate[0][0]']         
2024-05-09 11:42:31                                                                                                   
2024-05-09 11:42:31  permanent_dropout_6 (Perma  (None, 1000)                 0         ['dense_6[0][0]']             
2024-05-09 11:42:31  nentDropout)                                                                                     
2024-05-09 11:42:31                                                                                                   
2024-05-09 11:42:31  dense_7 (Dense)             (None, 1000)                 1001000   ['permanent_dropout_6[0][0]'] 
2024-05-09 11:42:31                                                                                                   
2024-05-09 11:42:31  permanent_dropout_7 (Perma  (None, 1000)                 0         ['dense_7[0][0]']             
2024-05-09 11:42:31  nentDropout)                                                                                     
2024-05-09 11:42:31                                                                                                   
2024-05-09 11:42:31  dense_8 (Dense)             (None, 1000)                 1001000   ['permanent_dropout_7[0][0]'] 
2024-05-09 11:42:31                                                                                                   
2024-05-09 11:42:31  permanent_dropout_8 (Perma  (None, 1000)                 0         ['dense_8[0][0]']             
2024-05-09 11:42:31  nentDropout)                                                                                     
2024-05-09 11:42:31                                                                                                   
2024-05-09 11:42:31  dense_9 (Dense)             (None, 1000)                 1001000   ['permanent_dropout_8[0][0]'] 
2024-05-09 11:42:31                                                                                                   
2024-05-09 11:42:31  permanent_dropout_9 (Perma  (None, 1000)                 0         ['dense_9[0][0]']             
2024-05-09 11:42:31  nentDropout)                                                                                     
2024-05-09 11:42:31                                                                                                   
2024-05-09 11:42:31  dense_10 (Dense)            (None, 1000)                 1001000   ['permanent_dropout_9[0][0]'] 
2024-05-09 11:42:31                                                                                                   
2024-05-09 11:42:31  permanent_dropout_10 (Perm  (None, 1000)                 0         ['dense_10[0][0]']            
2024-05-09 11:42:31  anentDropout)                                                                                    
2024-05-09 11:42:31                                                                                                   
2024-05-09 11:42:31  dense_11 (Dense)            (None, 1)                    1001      ['permanent_dropout_10[0][0]']
2024-05-09 11:42:31                                                                                                   
2024-05-09 11:42:31 ==================================================================================================
2024-05-09 11:42:31 Total params: 12583001 (48.00 MB)
2024-05-09 11:42:31 Trainable params: 12583001 (48.00 MB)
2024-05-09 11:42:31 Non-trainable params: 0 (0.00 Byte)
2024-05-09 11:42:31 __________________________________________________________________________________________________
2024-05-09 11:42:31 CKPT CONSTRUCT...
2024-05-09 11:42:31 CKPT CONSTRUCT OK.
2024-05-09 11:42:31 template model: <keras.src.engine.functional.Functional object at 0x14cafcb7fac0>
2024-05-09 11:42:33 COMPILE
2024-05-09 11:42:33 Will save weights to: /dev/shm/Uno/save/8996461.amn-0001/442/5.0.model.h5
2024-05-09 11:42:49 Between random pairs in y_val:
2024-05-09 11:42:49   mse: 0.04675898
2024-05-09 11:42:49   mae: 0.15841263
2024-05-09 11:42:49   r2: -0.99455872
2024-05-09 11:42:49   corr: 0.00272064
2024-05-09 11:42:49 Data points per epoch: train = 470167, val = 117542, test = 187
2024-05-09 11:42:49 Steps per epoch: train = 14692, val = 3673, test = 5
2024-05-09 11:42:49 Epoch 0: lr=0.001
2024-05-09 11:44:03 [Epoch: 0] loss: 0.035613, mae: 0.079980, r2: -0.822791, val_loss: 0.009157, val_mae: 0.067574, val_r2: 0.545831
2024-05-09 11:44:04 Epoch 1: lr=0.00082
2024-05-09 11:45:16 [Epoch: 1] loss: 0.008009, mae: 0.063946, r2: 0.622444, val_loss: 0.007530, val_mae: 0.060949, val_r2: 0.634983
2024-05-09 11:45:16 Epoch 2: lr=0.00064
2024-05-09 11:46:29 [Epoch: 2] loss: 0.007329, mae: 0.060862, r2: 0.653627, val_loss: 0.007155, val_mae: 0.059310, val_r2: 0.652693
2024-05-09 11:46:29 Epoch 3: lr=0.00046
2024-05-09 11:47:42 [Epoch: 3] loss: 0.006862, mae: 0.058739, r2: 0.674823, val_loss: 0.006763, val_mae: 0.057891, val_r2: 0.671656
2024-05-09 11:47:42 Epoch 4: lr=0.00028
2024-05-09 11:48:54 [Epoch: 4] loss: 0.006458, mae: 0.056911, r2: 0.693223, val_loss: 0.006530, val_mae: 0.057496, val_r2: 0.681683
2024-05-09 11:48:54 Epoch 5: lr=0.0001
2024-05-09 11:50:07 [Epoch: 5] loss: 0.006131, mae: 0.055372, r2: 0.708384, val_loss: 0.006398, val_mae: 0.056637, val_r2: 0.687088
2024-05-09 11:50:07 Epoch 6: lr=0.0001
2024-05-09 11:51:19 [Epoch: 6] loss: 0.006013, mae: 0.054867, r2: 0.713453, val_loss: 0.006370, val_mae: 0.055954, val_r2: 0.688878
2024-05-09 11:51:19 Epoch 7: lr=0.0001
2024-05-09 11:52:32 [Epoch: 7] loss: 0.005936, mae: 0.054485, r2: 0.717116, val_loss: 0.006319, val_mae: 0.055588, val_r2: 0.691347
2024-05-09 11:52:32 Epoch 8: lr=0.0001
2024-05-09 11:53:45 [Epoch: 8] loss: 0.005858, mae: 0.054147, r2: 0.720917, val_loss: 0.006305, val_mae: 0.055991, val_r2: 0.692350
2024-05-09 11:53:45 Epoch 9: lr=0.0001
2024-05-09 11:54:58 [Epoch: 9] loss: 0.005806, mae: 0.053906, r2: 0.723368, val_loss: 0.006309, val_mae: 0.056497, val_r2: 0.690986
2024-05-09 11:54:58 Epoch 10: lr=0.0001
2024-05-09 11:56:10 [Epoch: 10] loss: 0.005738, mae: 0.053573, r2: 0.726382, val_loss: 0.006274, val_mae: 0.056134, val_r2: 0.693315
2024-05-09 11:56:10 Epoch 11: lr=0.0001
2024-05-09 11:57:23 [Epoch: 11] loss: 0.005682, mae: 0.053364, r2: 0.728826, val_loss: 0.006244, val_mae: 0.055821, val_r2: 0.693696
2024-05-09 11:57:23 Epoch 12: lr=0.0001
2024-05-09 11:58:36 [Epoch: 12] loss: 0.005612, mae: 0.053066, r2: 0.732112, val_loss: 0.006245, val_mae: 0.055187, val_r2: 0.694177
2024-05-09 11:58:36 Epoch 13: lr=0.0001
2024-05-09 11:59:49 [Epoch: 13] loss: 0.005562, mae: 0.052784, r2: 0.734571, val_loss: 0.006158, val_mae: 0.055165, val_r2: 0.699929
2024-05-09 11:59:49 Epoch 14: lr=0.0001
2024-05-09 12:01:02 [Epoch: 14] loss: 0.005507, mae: 0.052581, r2: 0.737004, val_loss: 0.006167, val_mae: 0.055162, val_r2: 0.698907
2024-05-09 12:01:02 Epoch 15: lr=0.0001
2024-05-09 12:02:14 [Epoch: 15] loss: 0.005456, mae: 0.052286, r2: 0.739384, val_loss: 0.006148, val_mae: 0.055148, val_r2: 0.699262
2024-05-09 12:02:15 Epoch 16: lr=0.0001
2024-05-09 12:03:27 [Epoch: 16] loss: 0.005407, mae: 0.052064, r2: 0.741639, val_loss: 0.006127, val_mae: 0.054595, val_r2: 0.700463
2024-05-09 12:03:27 Epoch 17: lr=0.0001
2024-05-09 12:04:39 [Epoch: 17] loss: 0.005344, mae: 0.051817, r2: 0.744443, val_loss: 0.006122, val_mae: 0.054884, val_r2: 0.701047
2024-05-09 12:04:40 Epoch 18: lr=0.0001
2024-05-09 12:05:52 [Epoch: 18] loss: 0.005304, mae: 0.051608, r2: 0.746468, val_loss: 0.006109, val_mae: 0.054797, val_r2: 0.702275
2024-05-09 12:05:52 Epoch 19: lr=5e-05
2024-05-09 12:07:05 [Epoch: 19] loss: 0.005189, mae: 0.051084, r2: 0.751687, val_loss: 0.006102, val_mae: 0.054569, val_r2: 0.701996
2024-05-09 12:07:05 Epoch 20: lr=5e-05
2024-05-09 12:08:18 [Epoch: 20] loss: 0.005147, mae: 0.050871, r2: 0.753521, val_loss: 0.006111, val_mae: 0.054382, val_r2: 0.700992
2024-05-09 12:08:18 Epoch 21: lr=5e-05
2024-05-09 12:09:31 [Epoch: 21] loss: 0.005115, mae: 0.050708, r2: 0.755196, val_loss: 0.006079, val_mae: 0.054291, val_r2: 0.702740
2024-05-09 12:09:31 Epoch 22: lr=5e-05
2024-05-09 12:10:44 [Epoch: 22] loss: 0.005090, mae: 0.050614, r2: 0.756435, val_loss: 0.006107, val_mae: 0.054417, val_r2: 0.701085
2024-05-09 12:10:44 Epoch 23: lr=5e-05
2024-05-09 12:11:56 [Epoch: 23] loss: 0.005059, mae: 0.050469, r2: 0.757732, val_loss: 0.006120, val_mae: 0.054384, val_r2: 0.700568
2024-05-09 12:11:56 Epoch 24: lr=2.5e-05
2024-05-09 12:13:09 [Epoch: 24] loss: 0.004994, mae: 0.050138, r2: 0.760601, val_loss: 0.006091, val_mae: 0.054394, val_r2: 0.701356
2024-05-09 12:13:09 Epoch 25: lr=2.5e-05
2024-05-09 12:14:22 [Epoch: 25] loss: 0.004981, mae: 0.050089, r2: 0.761436, val_loss: 0.006056, val_mae: 0.054310, val_r2: 0.703683
2024-05-09 12:14:22 Epoch 26: lr=2.5e-05
2024-05-09 12:15:35 [Epoch: 26] loss: 0.004964, mae: 0.049993, r2: 0.762115, val_loss: 0.006099, val_mae: 0.054313, val_r2: 0.701503
2024-05-09 12:15:35 Epoch 27: lr=2.5e-05
2024-05-09 12:16:47 [Epoch: 27] loss: 0.004959, mae: 0.049946, r2: 0.762199, val_loss: 0.006078, val_mae: 0.054328, val_r2: 0.702810
2024-05-09 12:16:48 Epoch 28: lr=2.5e-05
2024-05-09 12:18:00 [Epoch: 28] loss: 0.004938, mae: 0.049885, r2: 0.763196, val_loss: 0.006088, val_mae: 0.054368, val_r2: 0.702543
2024-05-09 12:18:00 Epoch 29: lr=2.5e-05
2024-05-09 12:19:12 [Epoch: 29] loss: 0.004918, mae: 0.049779, r2: 0.764207, val_loss: 0.006065, val_mae: 0.054107, val_r2: 0.702805
2024-05-09 12:19:13 history_length: 30
2024-05-09 12:19:13 stopping: complete
2024-05-09 12:19:13 Comparing y_true and y_pred:
2024-05-09 12:19:13   mse: 0.00096831
2024-05-09 12:19:13   mae: 0.02523511
2024-05-09 12:19:13   r2: -0.05816881
2024-05-09 12:19:13   corr: 0.15345073
