2024-05-17 17:41:53 UNO RUN ...
2024-05-17 17:41:53 Params: {'model_name': 'uno', 'train_sources': ['CCLE'], 'test_sources': ['train'], 'cell_types': None, 'cell_features': ['rnaseq'], 'drug_features': ['descriptors'], 'dense': [1000, 1000, 1000, 1000, 1000], 'dense_feature_layers': [1000, 1000, 1000], 'activation': 'relu', 'loss': 'mse', 'optimizer': 'adamax', 'scaling': 'std', 'dropout': 0.1, 'epochs': 75, 'batch_size': 32, 'val_split': 0.2, 'cv': 1, 'max_val_loss': 1.0, 'learning_rate': 0.0001, 'base_lr': None, 'agg_dose': 'AUC', 'residual': False, 'reduce_lr': True, 'warmup_lr': True, 'batch_normalization': False, 'feature_subsample': 0, 'rng_seed': 2018, 'no_gen': False, 'verbose': False, 'preprocess_rnaseq': 'source_scale', 'gpus': [0], 'use_landmark_genes': True, 'no_feature_source': True, 'no_response_source': True, 'save_path': '/dev/shm/Uno/save/8998722.amn-0001/10', 'single': True, 'on_memory_loader': True, 'ckpt_checksum': True, 'ckpt_save_interval': 0, 'timeout': -1, 'train_bool': True, 'profiling': False, 'experiment_id': '8998722.amn-0001', 'run_id': '10', 'logfile': '/dev/shm/Uno/save/8998722.amn-0001/10/python.log', 'shuffle': False, 'ckpt_restart_mode': 'off', 'ckpt_skip_epochs': 0, 'ckpt_directory': '/dev/shm/Uno/save/8998722.amn-0001/10', 'ckpt_save_best': True, 'ckpt_save_best_metric': 'val_loss', 'ckpt_save_weights_only': False, 'ckpt_keep_mode': 'linear', 'ckpt_keep_limit': 5, 'by_cell': None, 'by_drug': None, 'cell_subset_path': '', 'drug_subset_path': '', 'drug_median_response_min': -1, 'drug_median_response_max': 1, 'dense_cell_feature_layers': None, 'dense_drug_feature_layers': None, 'use_filtered_genes': False, 'feature_subset_path': '', 'cell_feature_subset_path': '', 'drug_feature_subset_path': '', 'es': True, 'cp': False, 'tb': False, 'tb_prefix': 'tb', 'partition_by': None, 'cache': None, 'export_csv': None, 'export_data': None, 'use_exported_data': '/dev/shm/Uno/x1922c2s0b0n0.10.merged.landmark.h5', 'growth_bins': 0, 'initial_weights': None, 'save_weights': '/dev/shm/Uno/save/8998722.amn-0001/10/5.0.model.h5', 'config_file': '/home/brettin/CSC249ADOA01_CNDA/brettin/Benchmarks/Pilot1/Uno/uno_auc_model.txt', 'data_type': <class 'numpy.float32'>, 'data_dir': '/dev/shm/Uno/uno/Data', 'output_dir': '/dev/shm/Uno/uno/Output/8998722.amn-0001/10'}
2024-05-17 17:41:54 Feature encoding submodel for cell.rnaseq:
2024-05-17 17:41:54 Model: "cell.rnaseq"
2024-05-17 17:41:54 _________________________________________________________________
2024-05-17 17:41:54  Layer (type)                Output Shape              Param #   
2024-05-17 17:41:54 =================================================================
2024-05-17 17:41:54  input_1 (InputLayer)        [(None, 958)]             0         
2024-05-17 17:41:54                                                                  
2024-05-17 17:41:54  dense (Dense)               (None, 1000)              959000    
2024-05-17 17:41:54                                                                  
2024-05-17 17:41:54  permanent_dropout (Permane  (None, 1000)              0         
2024-05-17 17:41:54  ntDropout)                                                      
2024-05-17 17:41:54                                                                  
2024-05-17 17:41:54  dense_1 (Dense)             (None, 1000)              1001000   
2024-05-17 17:41:54                                                                  
2024-05-17 17:41:54  permanent_dropout_1 (Perma  (None, 1000)              0         
2024-05-17 17:41:54  nentDropout)                                                    
2024-05-17 17:41:54                                                                  
2024-05-17 17:41:54  dense_2 (Dense)             (None, 1000)              1001000   
2024-05-17 17:41:54                                                                  
2024-05-17 17:41:54  permanent_dropout_2 (Perma  (None, 1000)              0         
2024-05-17 17:41:54  nentDropout)                                                    
2024-05-17 17:41:54                                                                  
2024-05-17 17:41:54 =================================================================
2024-05-17 17:41:54 Total params: 2961000 (11.30 MB)
2024-05-17 17:41:54 Trainable params: 2961000 (11.30 MB)
2024-05-17 17:41:54 Non-trainable params: 0 (0.00 Byte)
2024-05-17 17:41:54 _________________________________________________________________
2024-05-17 17:41:54 Feature encoding submodel for drug.descriptors:
2024-05-17 17:41:54 Model: "drug.descriptors"
2024-05-17 17:41:54 _________________________________________________________________
2024-05-17 17:41:54  Layer (type)                Output Shape              Param #   
2024-05-17 17:41:54 =================================================================
2024-05-17 17:41:54  input_2 (InputLayer)        [(None, 1613)]            0         
2024-05-17 17:41:54                                                                  
2024-05-17 17:41:54  dense_3 (Dense)             (None, 1000)              1614000   
2024-05-17 17:41:54                                                                  
2024-05-17 17:41:54  permanent_dropout_3 (Perma  (None, 1000)              0         
2024-05-17 17:41:54  nentDropout)                                                    
2024-05-17 17:41:54                                                                  
2024-05-17 17:41:54  dense_4 (Dense)             (None, 1000)              1001000   
2024-05-17 17:41:54                                                                  
2024-05-17 17:41:54  permanent_dropout_4 (Perma  (None, 1000)              0         
2024-05-17 17:41:54  nentDropout)                                                    
2024-05-17 17:41:54                                                                  
2024-05-17 17:41:54  dense_5 (Dense)             (None, 1000)              1001000   
2024-05-17 17:41:54                                                                  
2024-05-17 17:41:54  permanent_dropout_5 (Perma  (None, 1000)              0         
2024-05-17 17:41:54  nentDropout)                                                    
2024-05-17 17:41:54                                                                  
2024-05-17 17:41:54 =================================================================
2024-05-17 17:41:54 Total params: 3616000 (13.79 MB)
2024-05-17 17:41:54 Trainable params: 3616000 (13.79 MB)
2024-05-17 17:41:54 Non-trainable params: 0 (0.00 Byte)
2024-05-17 17:41:54 _________________________________________________________________
2024-05-17 17:41:54 Combined model:
2024-05-17 17:41:54 Model: "model"
2024-05-17 17:41:54 __________________________________________________________________________________________________
2024-05-17 17:41:54  Layer (type)                Output Shape                 Param #   Connected to                  
2024-05-17 17:41:54 ==================================================================================================
2024-05-17 17:41:54  input.cell.rnaseq (InputLa  [(None, 958)]                0         []                            
2024-05-17 17:41:54  yer)                                                                                             
2024-05-17 17:41:54                                                                                                   
2024-05-17 17:41:54  input.drug1.descriptors (I  [(None, 1613)]               0         []                            
2024-05-17 17:41:54  nputLayer)                                                                                       
2024-05-17 17:41:54                                                                                                   
2024-05-17 17:41:54  cell.rnaseq (Functional)    (None, 1000)                 2961000   ['input.cell.rnaseq[0][0]']   
2024-05-17 17:41:54                                                                                                   
2024-05-17 17:41:54  drug.descriptors (Function  (None, 1000)                 3616000   ['input.drug1.descriptors[0][0
2024-05-17 17:41:54  al)                                                                ]']                           
2024-05-17 17:41:54                                                                                                   
2024-05-17 17:41:54  concatenate (Concatenate)   (None, 2000)                 0         ['cell.rnaseq[0][0]',         
2024-05-17 17:41:54                                                                      'drug.descriptors[0][0]']    
2024-05-17 17:41:54                                                                                                   
2024-05-17 17:41:54  dense_6 (Dense)             (None, 1000)                 2001000   ['concatenate[0][0]']         
2024-05-17 17:41:54                                                                                                   
2024-05-17 17:41:54  permanent_dropout_6 (Perma  (None, 1000)                 0         ['dense_6[0][0]']             
2024-05-17 17:41:54  nentDropout)                                                                                     
2024-05-17 17:41:54                                                                                                   
2024-05-17 17:41:54  dense_7 (Dense)             (None, 1000)                 1001000   ['permanent_dropout_6[0][0]'] 
2024-05-17 17:41:54                                                                                                   
2024-05-17 17:41:54  permanent_dropout_7 (Perma  (None, 1000)                 0         ['dense_7[0][0]']             
2024-05-17 17:41:54  nentDropout)                                                                                     
2024-05-17 17:41:54                                                                                                   
2024-05-17 17:41:54  dense_8 (Dense)             (None, 1000)                 1001000   ['permanent_dropout_7[0][0]'] 
2024-05-17 17:41:54                                                                                                   
2024-05-17 17:41:54  permanent_dropout_8 (Perma  (None, 1000)                 0         ['dense_8[0][0]']             
2024-05-17 17:41:54  nentDropout)                                                                                     
2024-05-17 17:41:54                                                                                                   
2024-05-17 17:41:54  dense_9 (Dense)             (None, 1000)                 1001000   ['permanent_dropout_8[0][0]'] 
2024-05-17 17:41:54                                                                                                   
2024-05-17 17:41:54  permanent_dropout_9 (Perma  (None, 1000)                 0         ['dense_9[0][0]']             
2024-05-17 17:41:54  nentDropout)                                                                                     
2024-05-17 17:41:54                                                                                                   
2024-05-17 17:41:54  dense_10 (Dense)            (None, 1000)                 1001000   ['permanent_dropout_9[0][0]'] 
2024-05-17 17:41:54                                                                                                   
2024-05-17 17:41:54  permanent_dropout_10 (Perm  (None, 1000)                 0         ['dense_10[0][0]']            
2024-05-17 17:41:54  anentDropout)                                                                                    
2024-05-17 17:41:54                                                                                                   
2024-05-17 17:41:54  dense_11 (Dense)            (None, 1)                    1001      ['permanent_dropout_10[0][0]']
2024-05-17 17:41:54                                                                                                   
2024-05-17 17:41:54 ==================================================================================================
2024-05-17 17:41:54 Total params: 12583001 (48.00 MB)
2024-05-17 17:41:54 Trainable params: 12583001 (48.00 MB)
2024-05-17 17:41:54 Non-trainable params: 0 (0.00 Byte)
2024-05-17 17:41:54 __________________________________________________________________________________________________
2024-05-17 17:41:54 CKPT CONSTRUCT...
2024-05-17 17:41:54 CKPT CONSTRUCT OK.
2024-05-17 17:41:54 template model: <keras.src.engine.functional.Functional object at 0x14a9079a46a0>
2024-05-17 17:41:55 COMPILE
2024-05-17 17:41:56 Will save weights to: /dev/shm/Uno/save/8998722.amn-0001/10/5.0.model.h5
2024-05-17 17:42:13 Between random pairs in y_val:
2024-05-17 17:42:13   mse: 0.04786855
2024-05-17 17:42:13   mae: 0.16015213
2024-05-17 17:42:13   r2: -1.00206221
2024-05-17 17:42:13   corr: -0.00103110
2024-05-17 17:42:13 Data points per epoch: train = 469731, val = 117433, test = 545
2024-05-17 17:42:13 Steps per epoch: train = 14679, val = 3669, test = 17
2024-05-17 17:42:13 Epoch 0: lr=0.001
2024-05-17 17:43:26 [Epoch: 0] loss: 0.023941, mae: 0.079485, r2: -0.099911, val_loss: 0.008672, val_mae: 0.065969, val_r2: 0.600840
2024-05-17 17:43:26 Epoch 1: lr=0.00082
2024-05-17 17:44:38 [Epoch: 1] loss: 0.007985, mae: 0.063846, r2: 0.620277, val_loss: 0.007736, val_mae: 0.061898, val_r2: 0.637078
2024-05-17 17:44:38 Epoch 2: lr=0.00064
2024-05-17 17:45:50 [Epoch: 2] loss: 0.007329, mae: 0.060836, r2: 0.650647, val_loss: 0.007252, val_mae: 0.060628, val_r2: 0.653399
2024-05-17 17:45:50 Epoch 3: lr=0.00046
2024-05-17 17:47:02 [Epoch: 3] loss: 0.006864, mae: 0.058730, r2: 0.671860, val_loss: 0.006837, val_mae: 0.058403, val_r2: 0.674703
2024-05-17 17:47:02 Epoch 4: lr=0.00028
2024-05-17 17:48:14 [Epoch: 4] loss: 0.006476, mae: 0.056959, r2: 0.689579, val_loss: 0.006603, val_mae: 0.056957, val_r2: 0.684309
2024-05-17 17:48:14 Epoch 5: lr=0.0001
2024-05-17 17:49:26 [Epoch: 5] loss: 0.006140, mae: 0.055408, r2: 0.705327, val_loss: 0.006407, val_mae: 0.056516, val_r2: 0.693940
2024-05-17 17:49:26 Epoch 6: lr=0.0001
2024-05-17 17:50:38 [Epoch: 6] loss: 0.006026, mae: 0.054903, r2: 0.710680, val_loss: 0.006356, val_mae: 0.056419, val_r2: 0.695626
2024-05-17 17:50:38 Epoch 7: lr=0.0001
2024-05-17 17:51:50 [Epoch: 7] loss: 0.005947, mae: 0.054618, r2: 0.714163, val_loss: 0.006323, val_mae: 0.056185, val_r2: 0.696594
2024-05-17 17:51:50 Epoch 8: lr=0.0001
2024-05-17 17:53:02 [Epoch: 8] loss: 0.005872, mae: 0.054258, r2: 0.717585, val_loss: 0.006300, val_mae: 0.056006, val_r2: 0.697926
2024-05-17 17:53:02 Epoch 9: lr=0.0001
2024-05-17 17:54:14 [Epoch: 9] loss: 0.005822, mae: 0.054010, r2: 0.719932, val_loss: 0.006293, val_mae: 0.055482, val_r2: 0.698045
2024-05-17 17:54:14 Epoch 10: lr=0.0001
2024-05-17 17:55:26 [Epoch: 10] loss: 0.005751, mae: 0.053702, r2: 0.723075, val_loss: 0.006252, val_mae: 0.055952, val_r2: 0.700899
2024-05-17 17:55:26 Epoch 11: lr=0.0001
2024-05-17 17:56:37 [Epoch: 11] loss: 0.005695, mae: 0.053439, r2: 0.725696, val_loss: 0.006230, val_mae: 0.055997, val_r2: 0.702395
2024-05-17 17:56:38 Epoch 12: lr=0.0001
2024-05-17 17:57:49 [Epoch: 12] loss: 0.005633, mae: 0.053176, r2: 0.728641, val_loss: 0.006228, val_mae: 0.055440, val_r2: 0.700730
2024-05-17 17:57:50 Epoch 13: lr=0.0001
2024-05-17 17:59:01 [Epoch: 13] loss: 0.005569, mae: 0.052870, r2: 0.731789, val_loss: 0.006197, val_mae: 0.055251, val_r2: 0.702786
2024-05-17 17:59:02 Epoch 14: lr=0.0001
2024-05-17 18:00:13 [Epoch: 14] loss: 0.005519, mae: 0.052629, r2: 0.733977, val_loss: 0.006216, val_mae: 0.056237, val_r2: 0.702717
2024-05-17 18:00:13 Epoch 15: lr=0.0001
2024-05-17 18:01:25 [Epoch: 15] loss: 0.005474, mae: 0.052427, r2: 0.736144, val_loss: 0.006156, val_mae: 0.055181, val_r2: 0.704395
2024-05-17 18:01:25 Epoch 16: lr=0.0001
2024-05-17 18:02:37 [Epoch: 16] loss: 0.005420, mae: 0.052179, r2: 0.738605, val_loss: 0.006150, val_mae: 0.055180, val_r2: 0.706735
2024-05-17 18:02:37 Epoch 17: lr=0.0001
2024-05-17 18:03:49 [Epoch: 17] loss: 0.005368, mae: 0.051907, r2: 0.741095, val_loss: 0.006090, val_mae: 0.055176, val_r2: 0.708785
2024-05-17 18:03:49 Epoch 18: lr=0.0001
2024-05-17 18:05:01 [Epoch: 18] loss: 0.005322, mae: 0.051717, r2: 0.743191, val_loss: 0.006112, val_mae: 0.054648, val_r2: 0.708037
2024-05-17 18:05:01 Epoch 19: lr=0.0001
2024-05-17 18:06:13 [Epoch: 19] loss: 0.005280, mae: 0.051528, r2: 0.745013, val_loss: 0.006131, val_mae: 0.054476, val_r2: 0.706114
2024-05-17 18:06:13 Epoch 20: lr=0.0001
2024-05-17 18:07:25 [Epoch: 20] loss: 0.005239, mae: 0.051346, r2: 0.747119, val_loss: 0.006127, val_mae: 0.054557, val_r2: 0.706955
2024-05-17 18:07:25 Epoch 21: lr=0.0001
2024-05-17 18:08:37 [Epoch: 21] loss: 0.005192, mae: 0.051101, r2: 0.749163, val_loss: 0.006077, val_mae: 0.054565, val_r2: 0.709237
2024-05-17 18:08:37 Epoch 22: lr=0.0001
2024-05-17 18:09:49 [Epoch: 22] loss: 0.005149, mae: 0.050895, r2: 0.751413, val_loss: 0.006112, val_mae: 0.054307, val_r2: 0.706731
2024-05-17 18:09:49 Epoch 23: lr=5e-05
2024-05-17 18:11:01 [Epoch: 23] loss: 0.005020, mae: 0.050274, r2: 0.757305, val_loss: 0.006067, val_mae: 0.054553, val_r2: 0.709012
2024-05-17 18:11:01 Epoch 24: lr=5e-05
2024-05-17 18:12:13 [Epoch: 24] loss: 0.004993, mae: 0.050135, r2: 0.758557, val_loss: 0.006105, val_mae: 0.054590, val_r2: 0.707961
2024-05-17 18:12:13 Epoch 25: lr=5e-05
2024-05-17 18:13:25 [Epoch: 25] loss: 0.004968, mae: 0.050039, r2: 0.759543, val_loss: 0.006065, val_mae: 0.054564, val_r2: 0.710346
2024-05-17 18:13:25 Epoch 26: lr=5e-05
2024-05-17 18:14:37 [Epoch: 26] loss: 0.004941, mae: 0.049869, r2: 0.761000, val_loss: 0.006087, val_mae: 0.054130, val_r2: 0.709015
2024-05-17 18:14:37 Epoch 27: lr=5e-05
2024-05-17 18:15:49 [Epoch: 27] loss: 0.004913, mae: 0.049777, r2: 0.762243, val_loss: 0.006081, val_mae: 0.054203, val_r2: 0.708330
2024-05-17 18:15:49 Epoch 28: lr=2.5e-05
2024-05-17 18:17:01 [Epoch: 28] loss: 0.004847, mae: 0.049443, r2: 0.765347, val_loss: 0.006076, val_mae: 0.054325, val_r2: 0.708915
2024-05-17 18:17:01 Epoch 29: lr=2.5e-05
2024-05-17 18:18:13 [Epoch: 29] loss: 0.004833, mae: 0.049354, r2: 0.765881, val_loss: 0.006074, val_mae: 0.054204, val_r2: 0.709511
2024-05-17 18:18:13 Epoch 30: lr=2.5e-05
2024-05-17 18:19:25 [Epoch: 30] loss: 0.004821, mae: 0.049287, r2: 0.766693, val_loss: 0.006043, val_mae: 0.053961, val_r2: 0.710738
2024-05-17 18:19:25 Epoch 31: lr=2.5e-05
2024-05-17 18:20:37 [Epoch: 31] loss: 0.004807, mae: 0.049248, r2: 0.767183, val_loss: 0.006039, val_mae: 0.054303, val_r2: 0.711002
2024-05-17 18:20:37 Epoch 32: lr=2.5e-05
2024-05-17 18:21:49 [Epoch: 32] loss: 0.004794, mae: 0.049180, r2: 0.767718, val_loss: 0.006051, val_mae: 0.054058, val_r2: 0.709854
2024-05-17 18:21:49 Epoch 33: lr=1.25e-05
2024-05-17 18:23:01 [Epoch: 33] loss: 0.004760, mae: 0.048985, r2: 0.769520, val_loss: 0.006044, val_mae: 0.054112, val_r2: 0.710871
2024-05-17 18:23:01 Epoch 34: lr=1.25e-05
2024-05-17 18:24:13 [Epoch: 34] loss: 0.004750, mae: 0.048928, r2: 0.769730, val_loss: 0.006068, val_mae: 0.054165, val_r2: 0.708878
2024-05-17 18:24:13 Epoch 35: lr=1.25e-05
2024-05-17 18:25:25 [Epoch: 35] loss: 0.004747, mae: 0.048914, r2: 0.770028, val_loss: 0.006093, val_mae: 0.054283, val_r2: 0.708081
2024-05-17 18:25:25 Epoch 36: lr=1.25e-05
2024-05-17 18:26:37 [Epoch: 36] loss: 0.004740, mae: 0.048910, r2: 0.770211, val_loss: 0.006076, val_mae: 0.054374, val_r2: 0.709005
2024-05-17 18:26:37 Epoch 37: lr=1.25e-05
2024-05-17 18:27:49 [Epoch: 37] loss: 0.004723, mae: 0.048840, r2: 0.771013, val_loss: 0.006074, val_mae: 0.054116, val_r2: 0.708717
2024-05-17 18:27:49 Epoch 38: lr=1e-05
2024-05-17 18:29:01 [Epoch: 38] loss: 0.004723, mae: 0.048823, r2: 0.771172, val_loss: 0.006087, val_mae: 0.054205, val_r2: 0.708571
2024-05-17 18:29:01 Epoch 39: lr=1e-05
2024-05-17 18:30:13 [Epoch: 39] loss: 0.004708, mae: 0.048768, r2: 0.771765, val_loss: 0.006051, val_mae: 0.054122, val_r2: 0.710645
2024-05-17 18:30:13 Epoch 40: lr=1e-05
2024-05-17 18:31:25 [Epoch: 40] loss: 0.004701, mae: 0.048733, r2: 0.772058, val_loss: 0.006055, val_mae: 0.054225, val_r2: 0.710237
2024-05-17 18:31:25 Epoch 41: lr=1e-05
2024-05-17 18:32:36 [Epoch: 41] loss: 0.004706, mae: 0.048718, r2: 0.771844, val_loss: 0.006062, val_mae: 0.054230, val_r2: 0.708622
2024-05-17 18:32:37 history_length: 42
2024-05-17 18:32:37 stopping: early
2024-05-17 18:32:37 Comparing y_true and y_pred:
2024-05-17 18:32:37   mse: 0.00130036
2024-05-17 18:32:37   mae: 0.02413779
2024-05-17 18:32:37   r2: -0.14649612
2024-05-17 18:32:37   corr: 0.01701428
