2024-05-22 13:29:36 UNO RUN ...
2024-05-22 13:29:36 Params: {'model_name': 'uno', 'train_sources': ['CCLE'], 'test_sources': ['train'], 'cell_types': None, 'cell_features': ['rnaseq'], 'drug_features': ['descriptors'], 'dense': [1000, 1000, 1000, 1000, 1000], 'dense_feature_layers': [1000, 1000, 1000], 'activation': 'relu', 'loss': 'mse', 'optimizer': 'adamax', 'scaling': 'std', 'dropout': 0.1, 'epochs': 50, 'batch_size': 32, 'val_split': 0.2, 'cv': 1, 'max_val_loss': 1.0, 'learning_rate': 0.0001, 'base_lr': None, 'agg_dose': 'AUC', 'residual': False, 'reduce_lr': True, 'warmup_lr': True, 'batch_normalization': False, 'feature_subsample': 0, 'rng_seed': 2018, 'no_gen': False, 'verbose': False, 'preprocess_rnaseq': 'source_scale', 'gpus': [0], 'use_landmark_genes': True, 'no_feature_source': True, 'no_response_source': True, 'save_path': '/dev/shm/Uno/save/9000732.amn-0001/135', 'single': True, 'on_memory_loader': True, 'ckpt_checksum': True, 'ckpt_save_interval': 0, 'timeout': -1, 'train_bool': True, 'profiling': False, 'experiment_id': '9000732.amn-0001', 'run_id': '135', 'logfile': '/dev/shm/Uno/save/9000732.amn-0001/135/python.log', 'shuffle': False, 'ckpt_restart_mode': 'off', 'ckpt_skip_epochs': 0, 'ckpt_directory': '/dev/shm/Uno/save/9000732.amn-0001/135', 'ckpt_save_best': True, 'ckpt_save_best_metric': 'val_loss', 'ckpt_save_weights_only': False, 'ckpt_keep_mode': 'linear', 'ckpt_keep_limit': 5, 'by_cell': None, 'by_drug': None, 'cell_subset_path': '', 'drug_subset_path': '', 'drug_median_response_min': -1, 'drug_median_response_max': 1, 'dense_cell_feature_layers': None, 'dense_drug_feature_layers': None, 'use_filtered_genes': False, 'feature_subset_path': '', 'cell_feature_subset_path': '', 'drug_feature_subset_path': '', 'es': True, 'cp': False, 'tb': False, 'tb_prefix': 'tb', 'partition_by': None, 'cache': None, 'export_csv': None, 'export_data': None, 'use_exported_data': '/dev/shm/Uno/x1921c4s6b0n0.135.merged.landmark.h5', 'growth_bins': 0, 'initial_weights': None, 'save_weights': '/dev/shm/Uno/save/9000732.amn-0001/135/1.1.model.h5', 'config_file': '/home/brettin/CSC249ADOA01_CNDA/brettin/Benchmarks/Pilot1/Uno/uno_auc_model.txt', 'data_type': <class 'numpy.float32'>, 'data_dir': '/dev/shm/Uno/uno/Data', 'output_dir': '/dev/shm/Uno/uno/Output/9000732.amn-0001/135'}
2024-05-22 13:29:36 Feature encoding submodel for cell.rnaseq:
2024-05-22 13:29:36 Model: "cell.rnaseq"
2024-05-22 13:29:36 _________________________________________________________________
2024-05-22 13:29:36  Layer (type)                Output Shape              Param #   
2024-05-22 13:29:36 =================================================================
2024-05-22 13:29:36  input_1 (InputLayer)        [(None, 958)]             0         
2024-05-22 13:29:36                                                                  
2024-05-22 13:29:36  dense (Dense)               (None, 1000)              959000    
2024-05-22 13:29:36                                                                  
2024-05-22 13:29:36  permanent_dropout (Permane  (None, 1000)              0         
2024-05-22 13:29:36  ntDropout)                                                      
2024-05-22 13:29:36                                                                  
2024-05-22 13:29:36  dense_1 (Dense)             (None, 1000)              1001000   
2024-05-22 13:29:36                                                                  
2024-05-22 13:29:36  permanent_dropout_1 (Perma  (None, 1000)              0         
2024-05-22 13:29:36  nentDropout)                                                    
2024-05-22 13:29:36                                                                  
2024-05-22 13:29:36  dense_2 (Dense)             (None, 1000)              1001000   
2024-05-22 13:29:36                                                                  
2024-05-22 13:29:36  permanent_dropout_2 (Perma  (None, 1000)              0         
2024-05-22 13:29:36  nentDropout)                                                    
2024-05-22 13:29:36                                                                  
2024-05-22 13:29:36 =================================================================
2024-05-22 13:29:36 Total params: 2961000 (11.30 MB)
2024-05-22 13:29:36 Trainable params: 2961000 (11.30 MB)
2024-05-22 13:29:36 Non-trainable params: 0 (0.00 Byte)
2024-05-22 13:29:36 _________________________________________________________________
2024-05-22 13:29:36 Feature encoding submodel for drug.descriptors:
2024-05-22 13:29:36 Model: "drug.descriptors"
2024-05-22 13:29:36 _________________________________________________________________
2024-05-22 13:29:36  Layer (type)                Output Shape              Param #   
2024-05-22 13:29:36 =================================================================
2024-05-22 13:29:36  input_2 (InputLayer)        [(None, 1613)]            0         
2024-05-22 13:29:36                                                                  
2024-05-22 13:29:36  dense_3 (Dense)             (None, 1000)              1614000   
2024-05-22 13:29:36                                                                  
2024-05-22 13:29:36  permanent_dropout_3 (Perma  (None, 1000)              0         
2024-05-22 13:29:36  nentDropout)                                                    
2024-05-22 13:29:36                                                                  
2024-05-22 13:29:36  dense_4 (Dense)             (None, 1000)              1001000   
2024-05-22 13:29:36                                                                  
2024-05-22 13:29:36  permanent_dropout_4 (Perma  (None, 1000)              0         
2024-05-22 13:29:36  nentDropout)                                                    
2024-05-22 13:29:36                                                                  
2024-05-22 13:29:36  dense_5 (Dense)             (None, 1000)              1001000   
2024-05-22 13:29:36                                                                  
2024-05-22 13:29:36  permanent_dropout_5 (Perma  (None, 1000)              0         
2024-05-22 13:29:36  nentDropout)                                                    
2024-05-22 13:29:36                                                                  
2024-05-22 13:29:36 =================================================================
2024-05-22 13:29:36 Total params: 3616000 (13.79 MB)
2024-05-22 13:29:36 Trainable params: 3616000 (13.79 MB)
2024-05-22 13:29:36 Non-trainable params: 0 (0.00 Byte)
2024-05-22 13:29:36 _________________________________________________________________
2024-05-22 13:29:36 Combined model:
2024-05-22 13:29:36 Model: "model"
2024-05-22 13:29:36 __________________________________________________________________________________________________
2024-05-22 13:29:36  Layer (type)                Output Shape                 Param #   Connected to                  
2024-05-22 13:29:36 ==================================================================================================
2024-05-22 13:29:36  input.cell.rnaseq (InputLa  [(None, 958)]                0         []                            
2024-05-22 13:29:36  yer)                                                                                             
2024-05-22 13:29:36                                                                                                   
2024-05-22 13:29:36  input.drug1.descriptors (I  [(None, 1613)]               0         []                            
2024-05-22 13:29:36  nputLayer)                                                                                       
2024-05-22 13:29:36                                                                                                   
2024-05-22 13:29:36  cell.rnaseq (Functional)    (None, 1000)                 2961000   ['input.cell.rnaseq[0][0]']   
2024-05-22 13:29:36                                                                                                   
2024-05-22 13:29:36  drug.descriptors (Function  (None, 1000)                 3616000   ['input.drug1.descriptors[0][0
2024-05-22 13:29:36  al)                                                                ]']                           
2024-05-22 13:29:36                                                                                                   
2024-05-22 13:29:36  concatenate (Concatenate)   (None, 2000)                 0         ['cell.rnaseq[0][0]',         
2024-05-22 13:29:36                                                                      'drug.descriptors[0][0]']    
2024-05-22 13:29:36                                                                                                   
2024-05-22 13:29:36  dense_6 (Dense)             (None, 1000)                 2001000   ['concatenate[0][0]']         
2024-05-22 13:29:36                                                                                                   
2024-05-22 13:29:36  permanent_dropout_6 (Perma  (None, 1000)                 0         ['dense_6[0][0]']             
2024-05-22 13:29:36  nentDropout)                                                                                     
2024-05-22 13:29:36                                                                                                   
2024-05-22 13:29:36  dense_7 (Dense)             (None, 1000)                 1001000   ['permanent_dropout_6[0][0]'] 
2024-05-22 13:29:36                                                                                                   
2024-05-22 13:29:36  permanent_dropout_7 (Perma  (None, 1000)                 0         ['dense_7[0][0]']             
2024-05-22 13:29:36  nentDropout)                                                                                     
2024-05-22 13:29:36                                                                                                   
2024-05-22 13:29:36  dense_8 (Dense)             (None, 1000)                 1001000   ['permanent_dropout_7[0][0]'] 
2024-05-22 13:29:36                                                                                                   
2024-05-22 13:29:36  permanent_dropout_8 (Perma  (None, 1000)                 0         ['dense_8[0][0]']             
2024-05-22 13:29:36  nentDropout)                                                                                     
2024-05-22 13:29:36                                                                                                   
2024-05-22 13:29:36  dense_9 (Dense)             (None, 1000)                 1001000   ['permanent_dropout_8[0][0]'] 
2024-05-22 13:29:36                                                                                                   
2024-05-22 13:29:36  permanent_dropout_9 (Perma  (None, 1000)                 0         ['dense_9[0][0]']             
2024-05-22 13:29:36  nentDropout)                                                                                     
2024-05-22 13:29:36                                                                                                   
2024-05-22 13:29:36  dense_10 (Dense)            (None, 1000)                 1001000   ['permanent_dropout_9[0][0]'] 
2024-05-22 13:29:36                                                                                                   
2024-05-22 13:29:36  permanent_dropout_10 (Perm  (None, 1000)                 0         ['dense_10[0][0]']            
2024-05-22 13:29:36  anentDropout)                                                                                    
2024-05-22 13:29:36                                                                                                   
2024-05-22 13:29:36  dense_11 (Dense)            (None, 1)                    1001      ['permanent_dropout_10[0][0]']
2024-05-22 13:29:36                                                                                                   
2024-05-22 13:29:36 ==================================================================================================
2024-05-22 13:29:36 Total params: 12583001 (48.00 MB)
2024-05-22 13:29:36 Trainable params: 12583001 (48.00 MB)
2024-05-22 13:29:36 Non-trainable params: 0 (0.00 Byte)
2024-05-22 13:29:36 __________________________________________________________________________________________________
2024-05-22 13:29:37 CKPT CONSTRUCT...
2024-05-22 13:29:37 CKPT CONSTRUCT OK.
2024-05-22 13:29:37 template model: <keras.src.engine.functional.Functional object at 0x14c041f43d30>
2024-05-22 13:29:38 COMPILE
2024-05-22 13:29:38 Will save weights to: /dev/shm/Uno/save/9000732.amn-0001/135/1.1.model.h5
2024-05-22 13:29:55 Between random pairs in y_val:
2024-05-22 13:29:55   mse: 0.04723749
2024-05-22 13:29:55   mae: 0.15917426
2024-05-22 13:29:55   r2: -1.00527550
2024-05-22 13:29:55   corr: -0.00263775
2024-05-22 13:29:55 Data points per epoch: train = 469550, val = 117388, test = 771
2024-05-22 13:29:55 Steps per epoch: train = 14673, val = 3668, test = 24
2024-05-22 13:29:55 Epoch 0: lr=0.001
2024-05-22 13:31:08 [Epoch: 0] loss: 0.025333, mae: 0.079372, r2: 0.041647, val_loss: 0.008635, val_mae: 0.067860, val_r2: 0.580504
2024-05-22 13:31:09 Epoch 1: lr=0.00082
2024-05-22 13:32:20 [Epoch: 1] loss: 0.007997, mae: 0.063981, r2: 0.623052, val_loss: 0.007702, val_mae: 0.063322, val_r2: 0.628287
2024-05-22 13:32:20 Epoch 2: lr=0.00064
2024-05-22 13:33:31 [Epoch: 2] loss: 0.007331, mae: 0.060875, r2: 0.653485, val_loss: 0.007134, val_mae: 0.059463, val_r2: 0.660582
2024-05-22 13:33:31 Epoch 3: lr=0.00046
2024-05-22 13:34:42 [Epoch: 3] loss: 0.006868, mae: 0.058777, r2: 0.674899, val_loss: 0.006915, val_mae: 0.058217, val_r2: 0.668176
2024-05-22 13:34:42 Epoch 4: lr=0.00028
2024-05-22 13:35:54 [Epoch: 4] loss: 0.006482, mae: 0.057001, r2: 0.692308, val_loss: 0.006555, val_mae: 0.056933, val_r2: 0.685462
2024-05-22 13:35:54 Epoch 5: lr=0.0001
2024-05-22 13:37:05 [Epoch: 5] loss: 0.006151, mae: 0.055488, r2: 0.707672, val_loss: 0.006408, val_mae: 0.056246, val_r2: 0.690031
2024-05-22 13:37:05 Epoch 6: lr=0.0001
2024-05-22 13:38:16 [Epoch: 6] loss: 0.006037, mae: 0.054942, r2: 0.712677, val_loss: 0.006373, val_mae: 0.055886, val_r2: 0.692490
2024-05-22 13:38:16 Epoch 7: lr=0.0001
2024-05-22 13:39:28 [Epoch: 7] loss: 0.005951, mae: 0.054573, r2: 0.716761, val_loss: 0.006334, val_mae: 0.056232, val_r2: 0.693558
2024-05-22 13:39:28 Epoch 8: lr=0.0001
2024-05-22 13:40:39 [Epoch: 8] loss: 0.005892, mae: 0.054282, r2: 0.719394, val_loss: 0.006309, val_mae: 0.055565, val_r2: 0.694067
2024-05-22 13:40:39 Epoch 9: lr=0.0001
2024-05-22 13:41:50 [Epoch: 9] loss: 0.005823, mae: 0.054012, r2: 0.722713, val_loss: 0.006276, val_mae: 0.055511, val_r2: 0.696724
2024-05-22 13:41:51 Epoch 10: lr=0.0001
2024-05-22 13:43:02 [Epoch: 10] loss: 0.005761, mae: 0.053686, r2: 0.725519, val_loss: 0.006213, val_mae: 0.055483, val_r2: 0.699478
2024-05-22 13:43:02 Epoch 11: lr=0.0001
2024-05-22 13:44:13 [Epoch: 11] loss: 0.005710, mae: 0.053441, r2: 0.727637, val_loss: 0.006218, val_mae: 0.055034, val_r2: 0.699213
2024-05-22 13:44:14 Epoch 12: lr=0.0001
2024-05-22 13:45:25 [Epoch: 12] loss: 0.005641, mae: 0.053141, r2: 0.731136, val_loss: 0.006185, val_mae: 0.055133, val_r2: 0.701011
2024-05-22 13:45:25 Epoch 13: lr=0.0001
2024-05-22 13:46:36 [Epoch: 13] loss: 0.005584, mae: 0.052921, r2: 0.733875, val_loss: 0.006129, val_mae: 0.055097, val_r2: 0.702651
2024-05-22 13:46:36 Epoch 14: lr=0.0001
2024-05-22 13:47:48 [Epoch: 14] loss: 0.005527, mae: 0.052635, r2: 0.736450, val_loss: 0.006158, val_mae: 0.054983, val_r2: 0.701667
2024-05-22 13:47:48 Epoch 15: lr=0.0001
2024-05-22 13:48:59 [Epoch: 15] loss: 0.005471, mae: 0.052407, r2: 0.738556, val_loss: 0.006220, val_mae: 0.055770, val_r2: 0.697936
2024-05-22 13:48:59 Epoch 16: lr=0.0001
2024-05-22 13:50:11 [Epoch: 16] loss: 0.005429, mae: 0.052156, r2: 0.740878, val_loss: 0.006148, val_mae: 0.054626, val_r2: 0.703008
2024-05-22 13:50:11 Epoch 17: lr=0.0001
2024-05-22 13:51:22 [Epoch: 17] loss: 0.005384, mae: 0.051985, r2: 0.742982, val_loss: 0.006124, val_mae: 0.054437, val_r2: 0.704310
2024-05-22 13:51:22 Epoch 18: lr=0.0001
2024-05-22 13:52:34 [Epoch: 18] loss: 0.005321, mae: 0.051674, r2: 0.745802, val_loss: 0.006104, val_mae: 0.054474, val_r2: 0.704523
2024-05-22 13:52:34 Epoch 19: lr=5e-05
2024-05-22 13:53:45 [Epoch: 19] loss: 0.005220, mae: 0.051180, r2: 0.750332, val_loss: 0.006075, val_mae: 0.054178, val_r2: 0.705409
2024-05-22 13:53:45 Epoch 20: lr=5e-05
2024-05-22 13:54:56 [Epoch: 20] loss: 0.005168, mae: 0.050948, r2: 0.752926, val_loss: 0.006105, val_mae: 0.054496, val_r2: 0.704430
2024-05-22 13:54:56 Epoch 21: lr=5e-05
2024-05-22 13:56:08 [Epoch: 21] loss: 0.005144, mae: 0.050810, r2: 0.754033, val_loss: 0.006088, val_mae: 0.054528, val_r2: 0.705189
2024-05-22 13:56:08 Epoch 22: lr=5e-05
2024-05-22 13:57:19 [Epoch: 22] loss: 0.005122, mae: 0.050750, r2: 0.755018, val_loss: 0.006060, val_mae: 0.054134, val_r2: 0.706999
2024-05-22 13:57:19 Epoch 23: lr=5e-05
2024-05-22 13:58:30 [Epoch: 23] loss: 0.005095, mae: 0.050609, r2: 0.756246, val_loss: 0.006083, val_mae: 0.054149, val_r2: 0.704914
2024-05-22 13:58:30 Epoch 24: lr=2.5e-05
2024-05-22 13:59:41 [Epoch: 24] loss: 0.005024, mae: 0.050281, r2: 0.759508, val_loss: 0.006076, val_mae: 0.054346, val_r2: 0.704738
2024-05-22 13:59:41 Epoch 25: lr=2.5e-05
2024-05-22 14:00:52 [Epoch: 25] loss: 0.005006, mae: 0.050186, r2: 0.760293, val_loss: 0.006025, val_mae: 0.054248, val_r2: 0.708085
2024-05-22 14:00:53 Epoch 26: lr=2.5e-05
2024-05-22 14:02:04 [Epoch: 26] loss: 0.004993, mae: 0.050096, r2: 0.760956, val_loss: 0.006066, val_mae: 0.054311, val_r2: 0.706304
2024-05-22 14:02:04 Epoch 27: lr=2.5e-05
2024-05-22 14:03:15 [Epoch: 27] loss: 0.004977, mae: 0.050046, r2: 0.761769, val_loss: 0.006061, val_mae: 0.054501, val_r2: 0.705964
2024-05-22 14:03:15 Epoch 28: lr=2.5e-05
2024-05-22 14:04:27 [Epoch: 28] loss: 0.004963, mae: 0.049973, r2: 0.762354, val_loss: 0.006044, val_mae: 0.054046, val_r2: 0.706709
2024-05-22 14:04:27 Epoch 29: lr=2.5e-05
2024-05-22 14:05:38 [Epoch: 29] loss: 0.004952, mae: 0.049907, r2: 0.762768, val_loss: 0.006049, val_mae: 0.054012, val_r2: 0.705809
2024-05-22 14:05:38 Epoch 30: lr=2.5e-05
2024-05-22 14:06:49 [Epoch: 30] loss: 0.004940, mae: 0.049814, r2: 0.763421, val_loss: 0.006050, val_mae: 0.054236, val_r2: 0.707149
2024-05-22 14:06:49 Epoch 31: lr=1.25e-05
2024-05-22 14:08:00 [Epoch: 31] loss: 0.004892, mae: 0.049665, r2: 0.765655, val_loss: 0.006054, val_mae: 0.054258, val_r2: 0.706371
2024-05-22 14:08:00 Epoch 32: lr=1.25e-05
2024-05-22 14:09:12 [Epoch: 32] loss: 0.004899, mae: 0.049623, r2: 0.765337, val_loss: 0.006048, val_mae: 0.054166, val_r2: 0.706986
2024-05-22 14:09:12 Epoch 33: lr=1.25e-05
2024-05-22 14:10:23 [Epoch: 33] loss: 0.004892, mae: 0.049600, r2: 0.765607, val_loss: 0.006032, val_mae: 0.054267, val_r2: 0.706898
2024-05-22 14:10:23 Epoch 34: lr=1.25e-05
2024-05-22 14:11:34 [Epoch: 34] loss: 0.004891, mae: 0.049607, r2: 0.765591, val_loss: 0.006062, val_mae: 0.054175, val_r2: 0.705272
2024-05-22 14:11:34 Epoch 35: lr=1.25e-05
2024-05-22 14:12:45 [Epoch: 35] loss: 0.004877, mae: 0.049541, r2: 0.766335, val_loss: 0.006032, val_mae: 0.054144, val_r2: 0.707875
2024-05-22 14:12:46 history_length: 36
2024-05-22 14:12:46 stopping: early
2024-05-22 14:12:46 Comparing y_true and y_pred:
2024-05-22 14:12:46   mse: 0.04285023
2024-05-22 14:12:46   mae: 0.18745991
2024-05-22 14:12:46   r2: -4.12747781
2024-05-22 14:12:46   corr: 0.26510683
