2024-05-09 11:42:31 UNO RUN ...
2024-05-09 11:42:31 Params: {'model_name': 'uno', 'train_sources': ['CCLE'], 'test_sources': ['train'], 'cell_types': None, 'cell_features': ['rnaseq'], 'drug_features': ['descriptors'], 'dense': [1000, 1000, 1000, 1000, 1000], 'dense_feature_layers': [1000, 1000, 1000], 'activation': 'relu', 'loss': 'mse', 'optimizer': 'adamax', 'scaling': 'std', 'dropout': 0.1, 'epochs': 30, 'batch_size': 32, 'val_split': 0.2, 'cv': 1, 'max_val_loss': 1.0, 'learning_rate': 0.0001, 'base_lr': None, 'agg_dose': 'AUC', 'residual': False, 'reduce_lr': True, 'warmup_lr': True, 'batch_normalization': False, 'feature_subsample': 0, 'rng_seed': 2018, 'no_gen': False, 'verbose': False, 'preprocess_rnaseq': 'source_scale', 'gpus': [0], 'use_landmark_genes': True, 'no_feature_source': True, 'no_response_source': True, 'save_path': '/dev/shm/Uno/save/8996461.amn-0001/306', 'single': True, 'on_memory_loader': True, 'ckpt_checksum': True, 'ckpt_save_interval': 0, 'timeout': -1, 'train_bool': True, 'profiling': False, 'experiment_id': '8996461.amn-0001', 'run_id': '306', 'logfile': '/dev/shm/Uno/save/8996461.amn-0001/306/python.log', 'shuffle': False, 'ckpt_restart_mode': 'off', 'ckpt_skip_epochs': 0, 'ckpt_directory': '/dev/shm/Uno/save/8996461.amn-0001/306', 'ckpt_save_best': True, 'ckpt_save_best_metric': 'val_loss', 'ckpt_save_weights_only': False, 'ckpt_keep_mode': 'linear', 'ckpt_keep_limit': 5, 'by_cell': None, 'by_drug': None, 'cell_subset_path': '', 'drug_subset_path': '', 'drug_median_response_min': -1, 'drug_median_response_max': 1, 'dense_cell_feature_layers': None, 'dense_drug_feature_layers': None, 'use_filtered_genes': False, 'feature_subset_path': '', 'cell_feature_subset_path': '', 'drug_feature_subset_path': '', 'es': True, 'cp': False, 'tb': False, 'tb_prefix': 'tb', 'partition_by': None, 'cache': None, 'export_csv': None, 'export_data': None, 'use_exported_data': '/dev/shm/Uno/x1921c3s7b0n0.306.merged.landmark.h5', 'growth_bins': 0, 'initial_weights': None, 'save_weights': '/dev/shm/Uno/save/8996461.amn-0001/306/3.0.model.h5', 'config_file': '/home/brettin/CSC249ADOA01_CNDA/brettin/Benchmarks/Pilot1/Uno/uno_auc_model.txt', 'data_type': <class 'numpy.float32'>, 'data_dir': '/dev/shm/Uno/uno/Data', 'output_dir': '/dev/shm/Uno/uno/Output/8996461.amn-0001/306'}
2024-05-09 11:42:31 Feature encoding submodel for cell.rnaseq:
2024-05-09 11:42:31 Model: "cell.rnaseq"
2024-05-09 11:42:31 _________________________________________________________________
2024-05-09 11:42:31  Layer (type)                Output Shape              Param #   
2024-05-09 11:42:31 =================================================================
2024-05-09 11:42:31  input_1 (InputLayer)        [(None, 958)]             0         
2024-05-09 11:42:31                                                                  
2024-05-09 11:42:31  dense (Dense)               (None, 1000)              959000    
2024-05-09 11:42:31                                                                  
2024-05-09 11:42:31  permanent_dropout (Permane  (None, 1000)              0         
2024-05-09 11:42:31  ntDropout)                                                      
2024-05-09 11:42:31                                                                  
2024-05-09 11:42:31  dense_1 (Dense)             (None, 1000)              1001000   
2024-05-09 11:42:31                                                                  
2024-05-09 11:42:31  permanent_dropout_1 (Perma  (None, 1000)              0         
2024-05-09 11:42:31  nentDropout)                                                    
2024-05-09 11:42:31                                                                  
2024-05-09 11:42:31  dense_2 (Dense)             (None, 1000)              1001000   
2024-05-09 11:42:31                                                                  
2024-05-09 11:42:31  permanent_dropout_2 (Perma  (None, 1000)              0         
2024-05-09 11:42:31  nentDropout)                                                    
2024-05-09 11:42:31                                                                  
2024-05-09 11:42:31 =================================================================
2024-05-09 11:42:31 Total params: 2961000 (11.30 MB)
2024-05-09 11:42:31 Trainable params: 2961000 (11.30 MB)
2024-05-09 11:42:31 Non-trainable params: 0 (0.00 Byte)
2024-05-09 11:42:31 _________________________________________________________________
2024-05-09 11:42:31 Feature encoding submodel for drug.descriptors:
2024-05-09 11:42:31 Model: "drug.descriptors"
2024-05-09 11:42:31 _________________________________________________________________
2024-05-09 11:42:31  Layer (type)                Output Shape              Param #   
2024-05-09 11:42:31 =================================================================
2024-05-09 11:42:31  input_2 (InputLayer)        [(None, 1613)]            0         
2024-05-09 11:42:31                                                                  
2024-05-09 11:42:31  dense_3 (Dense)             (None, 1000)              1614000   
2024-05-09 11:42:31                                                                  
2024-05-09 11:42:31  permanent_dropout_3 (Perma  (None, 1000)              0         
2024-05-09 11:42:31  nentDropout)                                                    
2024-05-09 11:42:31                                                                  
2024-05-09 11:42:31  dense_4 (Dense)             (None, 1000)              1001000   
2024-05-09 11:42:31                                                                  
2024-05-09 11:42:31  permanent_dropout_4 (Perma  (None, 1000)              0         
2024-05-09 11:42:31  nentDropout)                                                    
2024-05-09 11:42:31                                                                  
2024-05-09 11:42:31  dense_5 (Dense)             (None, 1000)              1001000   
2024-05-09 11:42:31                                                                  
2024-05-09 11:42:31  permanent_dropout_5 (Perma  (None, 1000)              0         
2024-05-09 11:42:31  nentDropout)                                                    
2024-05-09 11:42:31                                                                  
2024-05-09 11:42:31 =================================================================
2024-05-09 11:42:31 Total params: 3616000 (13.79 MB)
2024-05-09 11:42:31 Trainable params: 3616000 (13.79 MB)
2024-05-09 11:42:31 Non-trainable params: 0 (0.00 Byte)
2024-05-09 11:42:31 _________________________________________________________________
2024-05-09 11:42:31 Combined model:
2024-05-09 11:42:31 Model: "model"
2024-05-09 11:42:31 __________________________________________________________________________________________________
2024-05-09 11:42:31  Layer (type)                Output Shape                 Param #   Connected to                  
2024-05-09 11:42:31 ==================================================================================================
2024-05-09 11:42:31  input.cell.rnaseq (InputLa  [(None, 958)]                0         []                            
2024-05-09 11:42:31  yer)                                                                                             
2024-05-09 11:42:31                                                                                                   
2024-05-09 11:42:31  input.drug1.descriptors (I  [(None, 1613)]               0         []                            
2024-05-09 11:42:31  nputLayer)                                                                                       
2024-05-09 11:42:31                                                                                                   
2024-05-09 11:42:31  cell.rnaseq (Functional)    (None, 1000)                 2961000   ['input.cell.rnaseq[0][0]']   
2024-05-09 11:42:31                                                                                                   
2024-05-09 11:42:31  drug.descriptors (Function  (None, 1000)                 3616000   ['input.drug1.descriptors[0][0
2024-05-09 11:42:31  al)                                                                ]']                           
2024-05-09 11:42:31                                                                                                   
2024-05-09 11:42:31  concatenate (Concatenate)   (None, 2000)                 0         ['cell.rnaseq[0][0]',         
2024-05-09 11:42:31                                                                      'drug.descriptors[0][0]']    
2024-05-09 11:42:31                                                                                                   
2024-05-09 11:42:31  dense_6 (Dense)             (None, 1000)                 2001000   ['concatenate[0][0]']         
2024-05-09 11:42:31                                                                                                   
2024-05-09 11:42:31  permanent_dropout_6 (Perma  (None, 1000)                 0         ['dense_6[0][0]']             
2024-05-09 11:42:31  nentDropout)                                                                                     
2024-05-09 11:42:31                                                                                                   
2024-05-09 11:42:31  dense_7 (Dense)             (None, 1000)                 1001000   ['permanent_dropout_6[0][0]'] 
2024-05-09 11:42:31                                                                                                   
2024-05-09 11:42:31  permanent_dropout_7 (Perma  (None, 1000)                 0         ['dense_7[0][0]']             
2024-05-09 11:42:31  nentDropout)                                                                                     
2024-05-09 11:42:31                                                                                                   
2024-05-09 11:42:31  dense_8 (Dense)             (None, 1000)                 1001000   ['permanent_dropout_7[0][0]'] 
2024-05-09 11:42:31                                                                                                   
2024-05-09 11:42:31  permanent_dropout_8 (Perma  (None, 1000)                 0         ['dense_8[0][0]']             
2024-05-09 11:42:31  nentDropout)                                                                                     
2024-05-09 11:42:31                                                                                                   
2024-05-09 11:42:31  dense_9 (Dense)             (None, 1000)                 1001000   ['permanent_dropout_8[0][0]'] 
2024-05-09 11:42:31                                                                                                   
2024-05-09 11:42:31  permanent_dropout_9 (Perma  (None, 1000)                 0         ['dense_9[0][0]']             
2024-05-09 11:42:31  nentDropout)                                                                                     
2024-05-09 11:42:31                                                                                                   
2024-05-09 11:42:31  dense_10 (Dense)            (None, 1000)                 1001000   ['permanent_dropout_9[0][0]'] 
2024-05-09 11:42:31                                                                                                   
2024-05-09 11:42:31  permanent_dropout_10 (Perm  (None, 1000)                 0         ['dense_10[0][0]']            
2024-05-09 11:42:31  anentDropout)                                                                                    
2024-05-09 11:42:31                                                                                                   
2024-05-09 11:42:31  dense_11 (Dense)            (None, 1)                    1001      ['permanent_dropout_10[0][0]']
2024-05-09 11:42:31                                                                                                   
2024-05-09 11:42:31 ==================================================================================================
2024-05-09 11:42:31 Total params: 12583001 (48.00 MB)
2024-05-09 11:42:31 Trainable params: 12583001 (48.00 MB)
2024-05-09 11:42:31 Non-trainable params: 0 (0.00 Byte)
2024-05-09 11:42:31 __________________________________________________________________________________________________
2024-05-09 11:42:31 CKPT CONSTRUCT...
2024-05-09 11:42:31 CKPT CONSTRUCT OK.
2024-05-09 11:42:31 template model: <keras.src.engine.functional.Functional object at 0x1471659dbfa0>
2024-05-09 11:42:33 COMPILE
2024-05-09 11:42:33 Will save weights to: /dev/shm/Uno/save/8996461.amn-0001/306/3.0.model.h5
2024-05-09 11:42:49 Between random pairs in y_val:
2024-05-09 11:42:49   mse: 0.04777998
2024-05-09 11:42:49   mae: 0.16014494
2024-05-09 11:42:49   r2: -0.99632275
2024-05-09 11:42:49   corr: 0.00183863
2024-05-09 11:42:49 Data points per epoch: train = 470167, val = 117542, test = 681
2024-05-09 11:42:49 Steps per epoch: train = 14692, val = 3673, test = 21
2024-05-09 11:42:49 Epoch 0: lr=0.001
2024-05-09 11:44:01 [Epoch: 0] loss: 0.026464, mae: 0.079245, r2: -0.045500, val_loss: 0.009136, val_mae: 0.066942, val_r2: 0.573918
2024-05-09 11:44:01 Epoch 1: lr=0.00082
2024-05-09 11:45:12 [Epoch: 1] loss: 0.008018, mae: 0.063975, r2: 0.619778, val_loss: 0.007548, val_mae: 0.061673, val_r2: 0.642854
2024-05-09 11:45:12 Epoch 2: lr=0.00064
2024-05-09 11:46:22 [Epoch: 2] loss: 0.007333, mae: 0.060961, r2: 0.651018, val_loss: 0.007135, val_mae: 0.060007, val_r2: 0.658080
2024-05-09 11:46:22 Epoch 3: lr=0.00046
2024-05-09 11:47:33 [Epoch: 3] loss: 0.006852, mae: 0.058729, r2: 0.672644, val_loss: 0.006895, val_mae: 0.058241, val_r2: 0.674101
2024-05-09 11:47:33 Epoch 4: lr=0.00028
2024-05-09 11:48:44 [Epoch: 4] loss: 0.006462, mae: 0.056940, r2: 0.690672, val_loss: 0.006525, val_mae: 0.057007, val_r2: 0.688156
2024-05-09 11:48:44 Epoch 5: lr=0.0001
2024-05-09 11:49:54 [Epoch: 5] loss: 0.006140, mae: 0.055439, r2: 0.705638, val_loss: 0.006407, val_mae: 0.056563, val_r2: 0.691702
2024-05-09 11:49:54 Epoch 6: lr=0.0001
2024-05-09 11:51:05 [Epoch: 6] loss: 0.006031, mae: 0.054980, r2: 0.710509, val_loss: 0.006334, val_mae: 0.055808, val_r2: 0.697093
2024-05-09 11:51:05 Epoch 7: lr=0.0001
2024-05-09 11:52:16 [Epoch: 7] loss: 0.005959, mae: 0.054621, r2: 0.713948, val_loss: 0.006308, val_mae: 0.055792, val_r2: 0.697663
2024-05-09 11:52:16 Epoch 8: lr=0.0001
2024-05-09 11:53:27 [Epoch: 8] loss: 0.005887, mae: 0.054332, r2: 0.717299, val_loss: 0.006269, val_mae: 0.055594, val_r2: 0.699120
2024-05-09 11:53:27 Epoch 9: lr=0.0001
2024-05-09 11:54:38 [Epoch: 9] loss: 0.005822, mae: 0.054031, r2: 0.720340, val_loss: 0.006239, val_mae: 0.055789, val_r2: 0.701596
2024-05-09 11:54:38 Epoch 10: lr=0.0001
2024-05-09 11:55:49 [Epoch: 10] loss: 0.005766, mae: 0.053750, r2: 0.723109, val_loss: 0.006256, val_mae: 0.055763, val_r2: 0.699866
2024-05-09 11:55:49 Epoch 11: lr=0.0001
2024-05-09 11:57:00 [Epoch: 11] loss: 0.005701, mae: 0.053506, r2: 0.725863, val_loss: 0.006178, val_mae: 0.055509, val_r2: 0.704524
2024-05-09 11:57:00 Epoch 12: lr=0.0001
2024-05-09 11:58:11 [Epoch: 12] loss: 0.005654, mae: 0.053235, r2: 0.728157, val_loss: 0.006189, val_mae: 0.054992, val_r2: 0.703984
2024-05-09 11:58:11 Epoch 13: lr=0.0001
2024-05-09 11:59:21 [Epoch: 13] loss: 0.005588, mae: 0.052990, r2: 0.731376, val_loss: 0.006127, val_mae: 0.055116, val_r2: 0.706573
2024-05-09 11:59:21 Epoch 14: lr=0.0001
2024-05-09 12:00:32 [Epoch: 14] loss: 0.005537, mae: 0.052714, r2: 0.733802, val_loss: 0.006142, val_mae: 0.055274, val_r2: 0.704958
2024-05-09 12:00:32 Epoch 15: lr=0.0001
2024-05-09 12:01:43 [Epoch: 15] loss: 0.005490, mae: 0.052483, r2: 0.735919, val_loss: 0.006118, val_mae: 0.054676, val_r2: 0.707628
2024-05-09 12:01:43 Epoch 16: lr=0.0001
2024-05-09 12:02:53 [Epoch: 16] loss: 0.005440, mae: 0.052254, r2: 0.738244, val_loss: 0.006110, val_mae: 0.054892, val_r2: 0.706469
2024-05-09 12:02:53 Epoch 17: lr=0.0001
2024-05-09 12:04:04 [Epoch: 17] loss: 0.005380, mae: 0.052012, r2: 0.740971, val_loss: 0.006084, val_mae: 0.054445, val_r2: 0.709235
2024-05-09 12:04:04 Epoch 18: lr=0.0001
2024-05-09 12:05:16 [Epoch: 18] loss: 0.005342, mae: 0.051810, r2: 0.742673, val_loss: 0.006084, val_mae: 0.054349, val_r2: 0.709112
2024-05-09 12:05:16 Epoch 19: lr=5e-05
2024-05-09 12:06:26 [Epoch: 19] loss: 0.005223, mae: 0.051236, r2: 0.748559, val_loss: 0.006101, val_mae: 0.054309, val_r2: 0.707241
2024-05-09 12:06:26 Epoch 20: lr=5e-05
2024-05-09 12:07:37 [Epoch: 20] loss: 0.005188, mae: 0.051072, r2: 0.750234, val_loss: 0.006050, val_mae: 0.054560, val_r2: 0.708955
2024-05-09 12:07:38 Epoch 21: lr=5e-05
2024-05-09 12:08:48 [Epoch: 21] loss: 0.005156, mae: 0.050889, r2: 0.751630, val_loss: 0.006093, val_mae: 0.054295, val_r2: 0.708286
2024-05-09 12:08:48 Epoch 22: lr=5e-05
2024-05-09 12:09:59 [Epoch: 22] loss: 0.005129, mae: 0.050790, r2: 0.752584, val_loss: 0.006059, val_mae: 0.054340, val_r2: 0.709483
2024-05-09 12:09:59 Epoch 23: lr=5e-05
2024-05-09 12:11:10 [Epoch: 23] loss: 0.005109, mae: 0.050717, r2: 0.753680, val_loss: 0.006097, val_mae: 0.054513, val_r2: 0.707274
2024-05-09 12:11:10 Epoch 24: lr=2.5e-05
2024-05-09 12:12:21 [Epoch: 24] loss: 0.005041, mae: 0.050359, r2: 0.757069, val_loss: 0.006041, val_mae: 0.054134, val_r2: 0.710009
2024-05-09 12:12:21 Epoch 25: lr=2.5e-05
2024-05-09 12:13:31 [Epoch: 25] loss: 0.005018, mae: 0.050260, r2: 0.757949, val_loss: 0.006052, val_mae: 0.054401, val_r2: 0.710192
2024-05-09 12:13:31 Epoch 26: lr=2.5e-05
2024-05-09 12:14:42 [Epoch: 26] loss: 0.005007, mae: 0.050220, r2: 0.758554, val_loss: 0.006030, val_mae: 0.054554, val_r2: 0.711034
2024-05-09 12:14:42 Epoch 27: lr=2.5e-05
2024-05-09 12:15:52 [Epoch: 27] loss: 0.004994, mae: 0.050139, r2: 0.759067, val_loss: 0.006031, val_mae: 0.053955, val_r2: 0.711637
2024-05-09 12:15:52 Epoch 28: lr=2.5e-05
2024-05-09 12:17:03 [Epoch: 28] loss: 0.004971, mae: 0.050021, r2: 0.760292, val_loss: 0.006071, val_mae: 0.054293, val_r2: 0.709330
2024-05-09 12:17:03 Epoch 29: lr=1.25e-05
2024-05-09 12:18:14 [Epoch: 29] loss: 0.004946, mae: 0.049902, r2: 0.761361, val_loss: 0.006045, val_mae: 0.054348, val_r2: 0.710090
2024-05-09 12:18:14 history_length: 30
2024-05-09 12:18:14 stopping: complete
2024-05-09 12:18:14 Comparing y_true and y_pred:
2024-05-09 12:18:14   mse: 0.00339310
2024-05-09 12:18:14   mae: 0.04501939
2024-05-09 12:18:14   r2: 0.69303236
2024-05-09 12:18:14   corr: 0.83292926
