2024-05-22 13:29:36 UNO RUN ...
2024-05-22 13:29:36 Params: {'model_name': 'uno', 'train_sources': ['CCLE'], 'test_sources': ['train'], 'cell_types': None, 'cell_features': ['rnaseq'], 'drug_features': ['descriptors'], 'dense': [1000, 1000, 1000, 1000, 1000], 'dense_feature_layers': [1000, 1000, 1000], 'activation': 'relu', 'loss': 'mse', 'optimizer': 'adamax', 'scaling': 'std', 'dropout': 0.1, 'epochs': 50, 'batch_size': 32, 'val_split': 0.2, 'cv': 1, 'max_val_loss': 1.0, 'learning_rate': 0.0001, 'base_lr': None, 'agg_dose': 'AUC', 'residual': False, 'reduce_lr': True, 'warmup_lr': True, 'batch_normalization': False, 'feature_subsample': 0, 'rng_seed': 2018, 'no_gen': False, 'verbose': False, 'preprocess_rnaseq': 'source_scale', 'gpus': [0], 'use_landmark_genes': True, 'no_feature_source': True, 'no_response_source': True, 'save_path': '/dev/shm/Uno/save/9000732.amn-0001/70', 'single': True, 'on_memory_loader': True, 'ckpt_checksum': True, 'ckpt_save_interval': 0, 'timeout': -1, 'train_bool': True, 'profiling': False, 'experiment_id': '9000732.amn-0001', 'run_id': '70', 'logfile': '/dev/shm/Uno/save/9000732.amn-0001/70/python.log', 'shuffle': False, 'ckpt_restart_mode': 'off', 'ckpt_skip_epochs': 0, 'ckpt_directory': '/dev/shm/Uno/save/9000732.amn-0001/70', 'ckpt_save_best': True, 'ckpt_save_best_metric': 'val_loss', 'ckpt_save_weights_only': False, 'ckpt_keep_mode': 'linear', 'ckpt_keep_limit': 5, 'by_cell': None, 'by_drug': None, 'cell_subset_path': '', 'drug_subset_path': '', 'drug_median_response_min': -1, 'drug_median_response_max': 1, 'dense_cell_feature_layers': None, 'dense_drug_feature_layers': None, 'use_filtered_genes': False, 'feature_subset_path': '', 'cell_feature_subset_path': '', 'drug_feature_subset_path': '', 'es': True, 'cp': False, 'tb': False, 'tb_prefix': 'tb', 'partition_by': None, 'cache': None, 'export_csv': None, 'export_data': None, 'use_exported_data': '/dev/shm/Uno/x1921c3s3b0n0.70.merged.landmark.h5', 'growth_bins': 0, 'initial_weights': None, 'save_weights': '/dev/shm/Uno/save/9000732.amn-0001/70/5.0.model.h5', 'config_file': '/home/brettin/CSC249ADOA01_CNDA/brettin/Benchmarks/Pilot1/Uno/uno_auc_model.txt', 'data_type': <class 'numpy.float32'>, 'data_dir': '/dev/shm/Uno/uno/Data', 'output_dir': '/dev/shm/Uno/uno/Output/9000732.amn-0001/70'}
2024-05-22 13:29:36 Feature encoding submodel for cell.rnaseq:
2024-05-22 13:29:36 Model: "cell.rnaseq"
2024-05-22 13:29:36 _________________________________________________________________
2024-05-22 13:29:36  Layer (type)                Output Shape              Param #   
2024-05-22 13:29:36 =================================================================
2024-05-22 13:29:36  input_1 (InputLayer)        [(None, 958)]             0         
2024-05-22 13:29:36                                                                  
2024-05-22 13:29:36  dense (Dense)               (None, 1000)              959000    
2024-05-22 13:29:36                                                                  
2024-05-22 13:29:36  permanent_dropout (Permane  (None, 1000)              0         
2024-05-22 13:29:36  ntDropout)                                                      
2024-05-22 13:29:36                                                                  
2024-05-22 13:29:36  dense_1 (Dense)             (None, 1000)              1001000   
2024-05-22 13:29:36                                                                  
2024-05-22 13:29:36  permanent_dropout_1 (Perma  (None, 1000)              0         
2024-05-22 13:29:36  nentDropout)                                                    
2024-05-22 13:29:36                                                                  
2024-05-22 13:29:36  dense_2 (Dense)             (None, 1000)              1001000   
2024-05-22 13:29:36                                                                  
2024-05-22 13:29:36  permanent_dropout_2 (Perma  (None, 1000)              0         
2024-05-22 13:29:36  nentDropout)                                                    
2024-05-22 13:29:36                                                                  
2024-05-22 13:29:36 =================================================================
2024-05-22 13:29:36 Total params: 2961000 (11.30 MB)
2024-05-22 13:29:36 Trainable params: 2961000 (11.30 MB)
2024-05-22 13:29:36 Non-trainable params: 0 (0.00 Byte)
2024-05-22 13:29:36 _________________________________________________________________
2024-05-22 13:29:36 Feature encoding submodel for drug.descriptors:
2024-05-22 13:29:36 Model: "drug.descriptors"
2024-05-22 13:29:36 _________________________________________________________________
2024-05-22 13:29:36  Layer (type)                Output Shape              Param #   
2024-05-22 13:29:36 =================================================================
2024-05-22 13:29:36  input_2 (InputLayer)        [(None, 1613)]            0         
2024-05-22 13:29:36                                                                  
2024-05-22 13:29:36  dense_3 (Dense)             (None, 1000)              1614000   
2024-05-22 13:29:36                                                                  
2024-05-22 13:29:36  permanent_dropout_3 (Perma  (None, 1000)              0         
2024-05-22 13:29:36  nentDropout)                                                    
2024-05-22 13:29:36                                                                  
2024-05-22 13:29:36  dense_4 (Dense)             (None, 1000)              1001000   
2024-05-22 13:29:36                                                                  
2024-05-22 13:29:36  permanent_dropout_4 (Perma  (None, 1000)              0         
2024-05-22 13:29:36  nentDropout)                                                    
2024-05-22 13:29:36                                                                  
2024-05-22 13:29:36  dense_5 (Dense)             (None, 1000)              1001000   
2024-05-22 13:29:36                                                                  
2024-05-22 13:29:36  permanent_dropout_5 (Perma  (None, 1000)              0         
2024-05-22 13:29:36  nentDropout)                                                    
2024-05-22 13:29:36                                                                  
2024-05-22 13:29:36 =================================================================
2024-05-22 13:29:36 Total params: 3616000 (13.79 MB)
2024-05-22 13:29:36 Trainable params: 3616000 (13.79 MB)
2024-05-22 13:29:36 Non-trainable params: 0 (0.00 Byte)
2024-05-22 13:29:36 _________________________________________________________________
2024-05-22 13:29:36 Combined model:
2024-05-22 13:29:36 Model: "model"
2024-05-22 13:29:36 __________________________________________________________________________________________________
2024-05-22 13:29:36  Layer (type)                Output Shape                 Param #   Connected to                  
2024-05-22 13:29:36 ==================================================================================================
2024-05-22 13:29:36  input.cell.rnaseq (InputLa  [(None, 958)]                0         []                            
2024-05-22 13:29:36  yer)                                                                                             
2024-05-22 13:29:36                                                                                                   
2024-05-22 13:29:36  input.drug1.descriptors (I  [(None, 1613)]               0         []                            
2024-05-22 13:29:36  nputLayer)                                                                                       
2024-05-22 13:29:36                                                                                                   
2024-05-22 13:29:36  cell.rnaseq (Functional)    (None, 1000)                 2961000   ['input.cell.rnaseq[0][0]']   
2024-05-22 13:29:36                                                                                                   
2024-05-22 13:29:36  drug.descriptors (Function  (None, 1000)                 3616000   ['input.drug1.descriptors[0][0
2024-05-22 13:29:36  al)                                                                ]']                           
2024-05-22 13:29:36                                                                                                   
2024-05-22 13:29:36  concatenate (Concatenate)   (None, 2000)                 0         ['cell.rnaseq[0][0]',         
2024-05-22 13:29:36                                                                      'drug.descriptors[0][0]']    
2024-05-22 13:29:36                                                                                                   
2024-05-22 13:29:36  dense_6 (Dense)             (None, 1000)                 2001000   ['concatenate[0][0]']         
2024-05-22 13:29:36                                                                                                   
2024-05-22 13:29:36  permanent_dropout_6 (Perma  (None, 1000)                 0         ['dense_6[0][0]']             
2024-05-22 13:29:36  nentDropout)                                                                                     
2024-05-22 13:29:36                                                                                                   
2024-05-22 13:29:36  dense_7 (Dense)             (None, 1000)                 1001000   ['permanent_dropout_6[0][0]'] 
2024-05-22 13:29:36                                                                                                   
2024-05-22 13:29:36  permanent_dropout_7 (Perma  (None, 1000)                 0         ['dense_7[0][0]']             
2024-05-22 13:29:36  nentDropout)                                                                                     
2024-05-22 13:29:36                                                                                                   
2024-05-22 13:29:36  dense_8 (Dense)             (None, 1000)                 1001000   ['permanent_dropout_7[0][0]'] 
2024-05-22 13:29:36                                                                                                   
2024-05-22 13:29:36  permanent_dropout_8 (Perma  (None, 1000)                 0         ['dense_8[0][0]']             
2024-05-22 13:29:36  nentDropout)                                                                                     
2024-05-22 13:29:36                                                                                                   
2024-05-22 13:29:36  dense_9 (Dense)             (None, 1000)                 1001000   ['permanent_dropout_8[0][0]'] 
2024-05-22 13:29:36                                                                                                   
2024-05-22 13:29:36  permanent_dropout_9 (Perma  (None, 1000)                 0         ['dense_9[0][0]']             
2024-05-22 13:29:36  nentDropout)                                                                                     
2024-05-22 13:29:36                                                                                                   
2024-05-22 13:29:36  dense_10 (Dense)            (None, 1000)                 1001000   ['permanent_dropout_9[0][0]'] 
2024-05-22 13:29:36                                                                                                   
2024-05-22 13:29:36  permanent_dropout_10 (Perm  (None, 1000)                 0         ['dense_10[0][0]']            
2024-05-22 13:29:36  anentDropout)                                                                                    
2024-05-22 13:29:36                                                                                                   
2024-05-22 13:29:36  dense_11 (Dense)            (None, 1)                    1001      ['permanent_dropout_10[0][0]']
2024-05-22 13:29:36                                                                                                   
2024-05-22 13:29:36 ==================================================================================================
2024-05-22 13:29:36 Total params: 12583001 (48.00 MB)
2024-05-22 13:29:36 Trainable params: 12583001 (48.00 MB)
2024-05-22 13:29:36 Non-trainable params: 0 (0.00 Byte)
2024-05-22 13:29:36 __________________________________________________________________________________________________
2024-05-22 13:29:37 CKPT CONSTRUCT...
2024-05-22 13:29:37 CKPT CONSTRUCT OK.
2024-05-22 13:29:37 template model: <keras.src.engine.functional.Functional object at 0x1533955e7a60>
2024-05-22 13:29:38 COMPILE
2024-05-22 13:29:38 Will save weights to: /dev/shm/Uno/save/9000732.amn-0001/70/5.0.model.h5
2024-05-22 13:29:55 Between random pairs in y_val:
2024-05-22 13:29:55   mse: 0.04777694
2024-05-22 13:29:55   mae: 0.16021864
2024-05-22 13:29:55   r2: -1.00710134
2024-05-22 13:29:55   corr: -0.00355067
2024-05-22 13:29:55 Data points per epoch: train = 469444, val = 117361, test = 904
2024-05-22 13:29:55 Steps per epoch: train = 14670, val = 3667, test = 28
2024-05-22 13:29:55 Epoch 0: lr=0.001
2024-05-22 13:31:08 [Epoch: 0] loss: 0.026098, mae: 0.079695, r2: -0.549487, val_loss: 0.008661, val_mae: 0.066859, val_r2: 0.580934
2024-05-22 13:31:08 Epoch 1: lr=0.00082
2024-05-22 13:32:20 [Epoch: 1] loss: 0.008003, mae: 0.063966, r2: 0.619075, val_loss: 0.007643, val_mae: 0.061391, val_r2: 0.637489
2024-05-22 13:32:20 Epoch 2: lr=0.00064
2024-05-22 13:33:31 [Epoch: 2] loss: 0.007330, mae: 0.060885, r2: 0.650468, val_loss: 0.007243, val_mae: 0.060168, val_r2: 0.653624
2024-05-22 13:33:32 Epoch 3: lr=0.00046
2024-05-22 13:34:43 [Epoch: 3] loss: 0.006844, mae: 0.058693, r2: 0.672753, val_loss: 0.006853, val_mae: 0.058372, val_r2: 0.674495
2024-05-22 13:34:43 Epoch 4: lr=0.00028
2024-05-22 13:35:55 [Epoch: 4] loss: 0.006458, mae: 0.056885, r2: 0.690868, val_loss: 0.006592, val_mae: 0.056983, val_r2: 0.685766
2024-05-22 13:35:55 Epoch 5: lr=0.0001
2024-05-22 13:37:07 [Epoch: 5] loss: 0.006127, mae: 0.055376, r2: 0.705969, val_loss: 0.006423, val_mae: 0.056676, val_r2: 0.692802
2024-05-22 13:37:07 Epoch 6: lr=0.0001
2024-05-22 13:38:18 [Epoch: 6] loss: 0.006018, mae: 0.054857, r2: 0.711138, val_loss: 0.006371, val_mae: 0.055912, val_r2: 0.696000
2024-05-22 13:38:18 Epoch 7: lr=0.0001
2024-05-22 13:39:29 [Epoch: 7] loss: 0.005928, mae: 0.054468, r2: 0.715307, val_loss: 0.006329, val_mae: 0.056070, val_r2: 0.696431
2024-05-22 13:39:29 Epoch 8: lr=0.0001
2024-05-22 13:40:41 [Epoch: 8] loss: 0.005862, mae: 0.054157, r2: 0.718334, val_loss: 0.006323, val_mae: 0.056157, val_r2: 0.695948
2024-05-22 13:40:41 Epoch 9: lr=0.0001
2024-05-22 13:41:53 [Epoch: 9] loss: 0.005798, mae: 0.053906, r2: 0.721299, val_loss: 0.006288, val_mae: 0.055793, val_r2: 0.697630
2024-05-22 13:41:53 Epoch 10: lr=0.0001
2024-05-22 13:43:04 [Epoch: 10] loss: 0.005728, mae: 0.053539, r2: 0.724683, val_loss: 0.006265, val_mae: 0.055535, val_r2: 0.699197
2024-05-22 13:43:05 Epoch 11: lr=0.0001
2024-05-22 13:44:16 [Epoch: 11] loss: 0.005672, mae: 0.053322, r2: 0.727185, val_loss: 0.006246, val_mae: 0.055097, val_r2: 0.700966
2024-05-22 13:44:16 Epoch 12: lr=0.0001
2024-05-22 13:45:28 [Epoch: 12] loss: 0.005611, mae: 0.053020, r2: 0.730114, val_loss: 0.006245, val_mae: 0.055033, val_r2: 0.701124
2024-05-22 13:45:28 Epoch 13: lr=0.0001
2024-05-22 13:46:39 [Epoch: 13] loss: 0.005567, mae: 0.052788, r2: 0.732197, val_loss: 0.006211, val_mae: 0.055636, val_r2: 0.702688
2024-05-22 13:46:40 Epoch 14: lr=0.0001
2024-05-22 13:47:51 [Epoch: 14] loss: 0.005508, mae: 0.052545, r2: 0.734836, val_loss: 0.006173, val_mae: 0.055046, val_r2: 0.703966
2024-05-22 13:47:51 Epoch 15: lr=0.0001
2024-05-22 13:49:03 [Epoch: 15] loss: 0.005457, mae: 0.052313, r2: 0.737151, val_loss: 0.006164, val_mae: 0.054797, val_r2: 0.704327
2024-05-22 13:49:03 Epoch 16: lr=0.0001
2024-05-22 13:50:15 [Epoch: 16] loss: 0.005406, mae: 0.052074, r2: 0.739769, val_loss: 0.006195, val_mae: 0.054627, val_r2: 0.702423
2024-05-22 13:50:15 Epoch 17: lr=0.0001
2024-05-22 13:51:26 [Epoch: 17] loss: 0.005361, mae: 0.051846, r2: 0.741588, val_loss: 0.006170, val_mae: 0.054995, val_r2: 0.705474
2024-05-22 13:51:26 Epoch 18: lr=0.0001
2024-05-22 13:52:38 [Epoch: 18] loss: 0.005317, mae: 0.051644, r2: 0.743954, val_loss: 0.006131, val_mae: 0.054739, val_r2: 0.706226
2024-05-22 13:52:38 Epoch 19: lr=5e-05
2024-05-22 13:53:49 [Epoch: 19] loss: 0.005187, mae: 0.051054, r2: 0.749944, val_loss: 0.006134, val_mae: 0.055130, val_r2: 0.705253
2024-05-22 13:53:49 Epoch 20: lr=5e-05
2024-05-22 13:55:00 [Epoch: 20] loss: 0.005150, mae: 0.050869, r2: 0.751555, val_loss: 0.006118, val_mae: 0.055199, val_r2: 0.706062
2024-05-22 13:55:00 Epoch 21: lr=5e-05
2024-05-22 13:56:12 [Epoch: 21] loss: 0.005125, mae: 0.050734, r2: 0.753031, val_loss: 0.006108, val_mae: 0.054485, val_r2: 0.706958
2024-05-22 13:56:12 Epoch 22: lr=5e-05
2024-05-22 13:57:24 [Epoch: 22] loss: 0.005094, mae: 0.050614, r2: 0.754314, val_loss: 0.006103, val_mae: 0.054440, val_r2: 0.706911
2024-05-22 13:57:24 Epoch 23: lr=5e-05
2024-05-22 13:58:36 [Epoch: 23] loss: 0.005070, mae: 0.050477, r2: 0.755461, val_loss: 0.006140, val_mae: 0.054484, val_r2: 0.705031
2024-05-22 13:58:36 Epoch 24: lr=5e-05
2024-05-22 13:59:47 [Epoch: 24] loss: 0.005048, mae: 0.050415, r2: 0.756237, val_loss: 0.006102, val_mae: 0.054583, val_r2: 0.707346
2024-05-22 13:59:47 Epoch 25: lr=5e-05
2024-05-22 14:00:59 [Epoch: 25] loss: 0.005026, mae: 0.050247, r2: 0.757630, val_loss: 0.006086, val_mae: 0.054739, val_r2: 0.707985
2024-05-22 14:00:59 Epoch 26: lr=5e-05
2024-05-22 14:02:11 [Epoch: 26] loss: 0.005001, mae: 0.050138, r2: 0.758491, val_loss: 0.006106, val_mae: 0.054501, val_r2: 0.707317
2024-05-22 14:02:11 Epoch 27: lr=2.5e-05
2024-05-22 14:03:23 [Epoch: 27] loss: 0.004934, mae: 0.049818, r2: 0.761732, val_loss: 0.006102, val_mae: 0.054423, val_r2: 0.706439
2024-05-22 14:03:23 Epoch 28: lr=2.5e-05
2024-05-22 14:04:34 [Epoch: 28] loss: 0.004914, mae: 0.049738, r2: 0.762775, val_loss: 0.006078, val_mae: 0.054392, val_r2: 0.707853
2024-05-22 14:04:34 Epoch 29: lr=2.5e-05
2024-05-22 14:05:46 [Epoch: 29] loss: 0.004894, mae: 0.049638, r2: 0.763746, val_loss: 0.006100, val_mae: 0.054550, val_r2: 0.707445
2024-05-22 14:05:46 Epoch 30: lr=2.5e-05
2024-05-22 14:06:58 [Epoch: 30] loss: 0.004887, mae: 0.049592, r2: 0.763913, val_loss: 0.006094, val_mae: 0.054391, val_r2: 0.707737
2024-05-22 14:06:58 Epoch 31: lr=2.5e-05
2024-05-22 14:08:09 [Epoch: 31] loss: 0.004871, mae: 0.049547, r2: 0.764511, val_loss: 0.006087, val_mae: 0.054490, val_r2: 0.707178
2024-05-22 14:08:09 Epoch 32: lr=1.25e-05
2024-05-22 14:09:21 [Epoch: 32] loss: 0.004845, mae: 0.049441, r2: 0.765651, val_loss: 0.006096, val_mae: 0.054447, val_r2: 0.707373
2024-05-22 14:09:21 Epoch 33: lr=1.25e-05
2024-05-22 14:10:32 [Epoch: 33] loss: 0.004827, mae: 0.049308, r2: 0.766669, val_loss: 0.006090, val_mae: 0.054369, val_r2: 0.707366
2024-05-22 14:10:32 Epoch 34: lr=1.25e-05
2024-05-22 14:11:43 [Epoch: 34] loss: 0.004820, mae: 0.049292, r2: 0.766969, val_loss: 0.006099, val_mae: 0.054492, val_r2: 0.707022
2024-05-22 14:11:44 Epoch 35: lr=1.25e-05
2024-05-22 14:12:55 [Epoch: 35] loss: 0.004825, mae: 0.049328, r2: 0.766683, val_loss: 0.006093, val_mae: 0.054365, val_r2: 0.706509
2024-05-22 14:12:55 Epoch 36: lr=1.25e-05
2024-05-22 14:14:07 [Epoch: 36] loss: 0.004817, mae: 0.049256, r2: 0.767231, val_loss: 0.006098, val_mae: 0.054262, val_r2: 0.706860
2024-05-22 14:14:07 Epoch 37: lr=1e-05
2024-05-22 14:15:18 [Epoch: 37] loss: 0.004798, mae: 0.049179, r2: 0.768134, val_loss: 0.006091, val_mae: 0.054436, val_r2: 0.707093
2024-05-22 14:15:18 Epoch 38: lr=1e-05
2024-05-22 14:16:30 [Epoch: 38] loss: 0.004787, mae: 0.049147, r2: 0.768433, val_loss: 0.006087, val_mae: 0.054303, val_r2: 0.707626
2024-05-22 14:16:30 history_length: 39
2024-05-22 14:16:30 stopping: early
2024-05-22 14:16:30 Comparing y_true and y_pred:
2024-05-22 14:16:30   mse: 0.03915608
2024-05-22 14:16:30   mae: 0.17620054
2024-05-22 14:16:30   r2: -1.98305569
2024-05-22 14:16:30   corr: 0.27065920
