2024-05-18 17:28:38 UNO RUN ...
2024-05-18 17:28:38 Params: {'model_name': 'uno', 'train_sources': ['CCLE'], 'test_sources': ['train'], 'cell_types': None, 'cell_features': ['rnaseq'], 'drug_features': ['descriptors'], 'dense': [1000, 1000, 1000, 1000, 1000], 'dense_feature_layers': [1000, 1000, 1000], 'activation': 'relu', 'loss': 'mse', 'optimizer': 'adamax', 'scaling': 'std', 'dropout': 0.1, 'epochs': 75, 'batch_size': 32, 'val_split': 0.2, 'cv': 1, 'max_val_loss': 1.0, 'learning_rate': 0.0001, 'base_lr': None, 'agg_dose': 'AUC', 'residual': False, 'reduce_lr': True, 'warmup_lr': True, 'batch_normalization': False, 'feature_subsample': 0, 'rng_seed': 2018, 'no_gen': False, 'verbose': False, 'preprocess_rnaseq': 'source_scale', 'gpus': [0], 'use_landmark_genes': True, 'no_feature_source': True, 'no_response_source': True, 'save_path': '/dev/shm/Uno/save/8999189.amn-0001/56', 'single': True, 'on_memory_loader': True, 'ckpt_checksum': True, 'ckpt_save_interval': 0, 'timeout': -1, 'train_bool': True, 'profiling': False, 'experiment_id': '8999189.amn-0001', 'run_id': '56', 'logfile': '/dev/shm/Uno/save/8999189.amn-0001/56/python.log', 'shuffle': False, 'ckpt_restart_mode': 'off', 'ckpt_skip_epochs': 0, 'ckpt_directory': '/dev/shm/Uno/save/8999189.amn-0001/56', 'ckpt_save_best': True, 'ckpt_save_best_metric': 'val_loss', 'ckpt_save_weights_only': False, 'ckpt_keep_mode': 'linear', 'ckpt_keep_limit': 5, 'by_cell': None, 'by_drug': None, 'cell_subset_path': '', 'drug_subset_path': '', 'drug_median_response_min': -1, 'drug_median_response_max': 1, 'dense_cell_feature_layers': None, 'dense_drug_feature_layers': None, 'use_filtered_genes': False, 'feature_subset_path': '', 'cell_feature_subset_path': '', 'drug_feature_subset_path': '', 'es': True, 'cp': False, 'tb': False, 'tb_prefix': 'tb', 'partition_by': None, 'cache': None, 'export_csv': None, 'export_data': None, 'use_exported_data': '/dev/shm/Uno/x1922c3s6b0n0.56.merged.landmark.h5', 'growth_bins': 0, 'initial_weights': None, 'save_weights': '/dev/shm/Uno/save/8999189.amn-0001/56/4.0.model.h5', 'config_file': '/home/brettin/CSC249ADOA01_CNDA/brettin/Benchmarks/Pilot1/Uno/uno_auc_model.txt', 'data_type': <class 'numpy.float32'>, 'data_dir': '/dev/shm/Uno/uno/Data', 'output_dir': '/dev/shm/Uno/uno/Output/8999189.amn-0001/56'}
2024-05-18 17:28:38 Feature encoding submodel for cell.rnaseq:
2024-05-18 17:28:38 Model: "cell.rnaseq"
2024-05-18 17:28:38 _________________________________________________________________
2024-05-18 17:28:38  Layer (type)                Output Shape              Param #   
2024-05-18 17:28:38 =================================================================
2024-05-18 17:28:38  input_1 (InputLayer)        [(None, 958)]             0         
2024-05-18 17:28:38                                                                  
2024-05-18 17:28:38  dense (Dense)               (None, 1000)              959000    
2024-05-18 17:28:38                                                                  
2024-05-18 17:28:38  permanent_dropout (Permane  (None, 1000)              0         
2024-05-18 17:28:38  ntDropout)                                                      
2024-05-18 17:28:38                                                                  
2024-05-18 17:28:38  dense_1 (Dense)             (None, 1000)              1001000   
2024-05-18 17:28:38                                                                  
2024-05-18 17:28:38  permanent_dropout_1 (Perma  (None, 1000)              0         
2024-05-18 17:28:38  nentDropout)                                                    
2024-05-18 17:28:38                                                                  
2024-05-18 17:28:38  dense_2 (Dense)             (None, 1000)              1001000   
2024-05-18 17:28:38                                                                  
2024-05-18 17:28:38  permanent_dropout_2 (Perma  (None, 1000)              0         
2024-05-18 17:28:38  nentDropout)                                                    
2024-05-18 17:28:38                                                                  
2024-05-18 17:28:38 =================================================================
2024-05-18 17:28:38 Total params: 2961000 (11.30 MB)
2024-05-18 17:28:38 Trainable params: 2961000 (11.30 MB)
2024-05-18 17:28:38 Non-trainable params: 0 (0.00 Byte)
2024-05-18 17:28:38 _________________________________________________________________
2024-05-18 17:28:38 Feature encoding submodel for drug.descriptors:
2024-05-18 17:28:38 Model: "drug.descriptors"
2024-05-18 17:28:38 _________________________________________________________________
2024-05-18 17:28:38  Layer (type)                Output Shape              Param #   
2024-05-18 17:28:38 =================================================================
2024-05-18 17:28:38  input_2 (InputLayer)        [(None, 1613)]            0         
2024-05-18 17:28:38                                                                  
2024-05-18 17:28:38  dense_3 (Dense)             (None, 1000)              1614000   
2024-05-18 17:28:38                                                                  
2024-05-18 17:28:38  permanent_dropout_3 (Perma  (None, 1000)              0         
2024-05-18 17:28:38  nentDropout)                                                    
2024-05-18 17:28:38                                                                  
2024-05-18 17:28:38  dense_4 (Dense)             (None, 1000)              1001000   
2024-05-18 17:28:38                                                                  
2024-05-18 17:28:38  permanent_dropout_4 (Perma  (None, 1000)              0         
2024-05-18 17:28:38  nentDropout)                                                    
2024-05-18 17:28:38                                                                  
2024-05-18 17:28:38  dense_5 (Dense)             (None, 1000)              1001000   
2024-05-18 17:28:38                                                                  
2024-05-18 17:28:38  permanent_dropout_5 (Perma  (None, 1000)              0         
2024-05-18 17:28:38  nentDropout)                                                    
2024-05-18 17:28:38                                                                  
2024-05-18 17:28:38 =================================================================
2024-05-18 17:28:38 Total params: 3616000 (13.79 MB)
2024-05-18 17:28:38 Trainable params: 3616000 (13.79 MB)
2024-05-18 17:28:38 Non-trainable params: 0 (0.00 Byte)
2024-05-18 17:28:38 _________________________________________________________________
2024-05-18 17:28:38 Combined model:
2024-05-18 17:28:38 Model: "model"
2024-05-18 17:28:38 __________________________________________________________________________________________________
2024-05-18 17:28:38  Layer (type)                Output Shape                 Param #   Connected to                  
2024-05-18 17:28:38 ==================================================================================================
2024-05-18 17:28:38  input.cell.rnaseq (InputLa  [(None, 958)]                0         []                            
2024-05-18 17:28:38  yer)                                                                                             
2024-05-18 17:28:38                                                                                                   
2024-05-18 17:28:38  input.drug1.descriptors (I  [(None, 1613)]               0         []                            
2024-05-18 17:28:38  nputLayer)                                                                                       
2024-05-18 17:28:38                                                                                                   
2024-05-18 17:28:38  cell.rnaseq (Functional)    (None, 1000)                 2961000   ['input.cell.rnaseq[0][0]']   
2024-05-18 17:28:38                                                                                                   
2024-05-18 17:28:38  drug.descriptors (Function  (None, 1000)                 3616000   ['input.drug1.descriptors[0][0
2024-05-18 17:28:38  al)                                                                ]']                           
2024-05-18 17:28:38                                                                                                   
2024-05-18 17:28:38  concatenate (Concatenate)   (None, 2000)                 0         ['cell.rnaseq[0][0]',         
2024-05-18 17:28:38                                                                      'drug.descriptors[0][0]']    
2024-05-18 17:28:38                                                                                                   
2024-05-18 17:28:38  dense_6 (Dense)             (None, 1000)                 2001000   ['concatenate[0][0]']         
2024-05-18 17:28:38                                                                                                   
2024-05-18 17:28:38  permanent_dropout_6 (Perma  (None, 1000)                 0         ['dense_6[0][0]']             
2024-05-18 17:28:38  nentDropout)                                                                                     
2024-05-18 17:28:38                                                                                                   
2024-05-18 17:28:38  dense_7 (Dense)             (None, 1000)                 1001000   ['permanent_dropout_6[0][0]'] 
2024-05-18 17:28:38                                                                                                   
2024-05-18 17:28:38  permanent_dropout_7 (Perma  (None, 1000)                 0         ['dense_7[0][0]']             
2024-05-18 17:28:38  nentDropout)                                                                                     
2024-05-18 17:28:38                                                                                                   
2024-05-18 17:28:38  dense_8 (Dense)             (None, 1000)                 1001000   ['permanent_dropout_7[0][0]'] 
2024-05-18 17:28:38                                                                                                   
2024-05-18 17:28:38  permanent_dropout_8 (Perma  (None, 1000)                 0         ['dense_8[0][0]']             
2024-05-18 17:28:38  nentDropout)                                                                                     
2024-05-18 17:28:38                                                                                                   
2024-05-18 17:28:38  dense_9 (Dense)             (None, 1000)                 1001000   ['permanent_dropout_8[0][0]'] 
2024-05-18 17:28:38                                                                                                   
2024-05-18 17:28:38  permanent_dropout_9 (Perma  (None, 1000)                 0         ['dense_9[0][0]']             
2024-05-18 17:28:38  nentDropout)                                                                                     
2024-05-18 17:28:38                                                                                                   
2024-05-18 17:28:38  dense_10 (Dense)            (None, 1000)                 1001000   ['permanent_dropout_9[0][0]'] 
2024-05-18 17:28:38                                                                                                   
2024-05-18 17:28:38  permanent_dropout_10 (Perm  (None, 1000)                 0         ['dense_10[0][0]']            
2024-05-18 17:28:38  anentDropout)                                                                                    
2024-05-18 17:28:38                                                                                                   
2024-05-18 17:28:38  dense_11 (Dense)            (None, 1)                    1001      ['permanent_dropout_10[0][0]']
2024-05-18 17:28:38                                                                                                   
2024-05-18 17:28:38 ==================================================================================================
2024-05-18 17:28:38 Total params: 12583001 (48.00 MB)
2024-05-18 17:28:38 Trainable params: 12583001 (48.00 MB)
2024-05-18 17:28:38 Non-trainable params: 0 (0.00 Byte)
2024-05-18 17:28:38 __________________________________________________________________________________________________
2024-05-18 17:28:38 CKPT CONSTRUCT...
2024-05-18 17:28:38 CKPT CONSTRUCT OK.
2024-05-18 17:28:38 template model: <keras.src.engine.functional.Functional object at 0x1476df485ee0>
2024-05-18 17:28:40 COMPILE
2024-05-18 17:28:40 Will save weights to: /dev/shm/Uno/save/8999189.amn-0001/56/4.0.model.h5
2024-05-18 17:28:57 Between random pairs in y_val:
2024-05-18 17:28:57   mse: 0.04754974
2024-05-18 17:28:57   mae: 0.15987426
2024-05-18 17:28:57   r2: -1.00181307
2024-05-18 17:28:57   corr: -0.00090654
2024-05-18 17:28:57 Data points per epoch: train = 469612, val = 117404, test = 693
2024-05-18 17:28:57 Steps per epoch: train = 14675, val = 3668, test = 21
2024-05-18 17:28:57 Epoch 0: lr=0.001
2024-05-18 17:30:11 [Epoch: 0] loss: 0.025841, mae: 0.079092, r2: 0.054050, val_loss: 0.008501, val_mae: 0.065102, val_r2: 0.596573
2024-05-18 17:30:11 Epoch 1: lr=0.00082
2024-05-18 17:31:25 [Epoch: 1] loss: 0.008006, mae: 0.063942, r2: 0.620708, val_loss: 0.007960, val_mae: 0.062720, val_r2: 0.625616
2024-05-18 17:31:25 Epoch 2: lr=0.00064
2024-05-18 17:32:38 [Epoch: 2] loss: 0.007339, mae: 0.060869, r2: 0.650951, val_loss: 0.007156, val_mae: 0.060391, val_r2: 0.658909
2024-05-18 17:32:38 Epoch 3: lr=0.00046
2024-05-18 17:33:52 [Epoch: 3] loss: 0.006869, mae: 0.058754, r2: 0.672671, val_loss: 0.006842, val_mae: 0.059210, val_r2: 0.671601
2024-05-18 17:33:52 Epoch 4: lr=0.00028
2024-05-18 17:35:06 [Epoch: 4] loss: 0.006469, mae: 0.056949, r2: 0.690815, val_loss: 0.006581, val_mae: 0.057328, val_r2: 0.683832
2024-05-18 17:35:06 Epoch 5: lr=0.0001
2024-05-18 17:36:20 [Epoch: 5] loss: 0.006144, mae: 0.055391, r2: 0.705744, val_loss: 0.006398, val_mae: 0.056227, val_r2: 0.692968
2024-05-18 17:36:20 Epoch 6: lr=0.0001
2024-05-18 17:37:33 [Epoch: 6] loss: 0.006031, mae: 0.054872, r2: 0.710987, val_loss: 0.006365, val_mae: 0.056015, val_r2: 0.692629
2024-05-18 17:37:33 Epoch 7: lr=0.0001
2024-05-18 17:38:46 [Epoch: 7] loss: 0.005961, mae: 0.054575, r2: 0.714258, val_loss: 0.006291, val_mae: 0.056147, val_r2: 0.697002
2024-05-18 17:38:47 Epoch 8: lr=0.0001
2024-05-18 17:40:00 [Epoch: 8] loss: 0.005888, mae: 0.054259, r2: 0.717637, val_loss: 0.006277, val_mae: 0.055901, val_r2: 0.696874
2024-05-18 17:40:00 Epoch 9: lr=0.0001
2024-05-18 17:41:13 [Epoch: 9] loss: 0.005832, mae: 0.054010, r2: 0.720427, val_loss: 0.006269, val_mae: 0.056031, val_r2: 0.697677
2024-05-18 17:41:13 Epoch 10: lr=0.0001
2024-05-18 17:42:26 [Epoch: 10] loss: 0.005768, mae: 0.053703, r2: 0.723270, val_loss: 0.006226, val_mae: 0.055540, val_r2: 0.699682
2024-05-18 17:42:26 Epoch 11: lr=0.0001
2024-05-18 17:43:39 [Epoch: 11] loss: 0.005702, mae: 0.053422, r2: 0.726633, val_loss: 0.006193, val_mae: 0.055155, val_r2: 0.700928
2024-05-18 17:43:39 Epoch 12: lr=0.0001
2024-05-18 17:44:52 [Epoch: 12] loss: 0.005646, mae: 0.053126, r2: 0.729014, val_loss: 0.006213, val_mae: 0.055051, val_r2: 0.699511
2024-05-18 17:44:52 Epoch 13: lr=5e-05
2024-05-18 17:46:05 [Epoch: 13] loss: 0.005526, mae: 0.052551, r2: 0.734421, val_loss: 0.006191, val_mae: 0.055172, val_r2: 0.700049
2024-05-18 17:46:06 Epoch 14: lr=5e-05
2024-05-18 17:47:19 [Epoch: 14] loss: 0.005482, mae: 0.052397, r2: 0.736783, val_loss: 0.006151, val_mae: 0.055036, val_r2: 0.702857
2024-05-18 17:47:19 Epoch 15: lr=5e-05
2024-05-18 17:48:32 [Epoch: 15] loss: 0.005446, mae: 0.052231, r2: 0.738387, val_loss: 0.006125, val_mae: 0.054817, val_r2: 0.704168
2024-05-18 17:48:32 Epoch 16: lr=5e-05
2024-05-18 17:49:45 [Epoch: 16] loss: 0.005411, mae: 0.052085, r2: 0.739776, val_loss: 0.006140, val_mae: 0.054829, val_r2: 0.703751
2024-05-18 17:49:45 Epoch 17: lr=5e-05
2024-05-18 17:50:58 [Epoch: 17] loss: 0.005395, mae: 0.052000, r2: 0.740681, val_loss: 0.006105, val_mae: 0.055203, val_r2: 0.704879
2024-05-18 17:50:58 Epoch 18: lr=5e-05
2024-05-18 17:52:11 [Epoch: 18] loss: 0.005357, mae: 0.051857, r2: 0.742515, val_loss: 0.006117, val_mae: 0.054634, val_r2: 0.705168
2024-05-18 17:52:12 Epoch 19: lr=2.5e-05
2024-05-18 17:53:25 [Epoch: 19] loss: 0.005294, mae: 0.051542, r2: 0.745569, val_loss: 0.006101, val_mae: 0.054789, val_r2: 0.704889
2024-05-18 17:53:25 Epoch 20: lr=2.5e-05
2024-05-18 17:54:38 [Epoch: 20] loss: 0.005276, mae: 0.051464, r2: 0.746310, val_loss: 0.006109, val_mae: 0.054745, val_r2: 0.704610
2024-05-18 17:54:38 Epoch 21: lr=2.5e-05
2024-05-18 17:55:51 [Epoch: 21] loss: 0.005249, mae: 0.051322, r2: 0.747697, val_loss: 0.006093, val_mae: 0.054541, val_r2: 0.705248
2024-05-18 17:55:51 Epoch 22: lr=2.5e-05
2024-05-18 17:57:04 [Epoch: 22] loss: 0.005235, mae: 0.051283, r2: 0.748214, val_loss: 0.006087, val_mae: 0.054448, val_r2: 0.705951
2024-05-18 17:57:04 Epoch 23: lr=2.5e-05
2024-05-18 17:58:17 [Epoch: 23] loss: 0.005216, mae: 0.051159, r2: 0.749198, val_loss: 0.006095, val_mae: 0.054743, val_r2: 0.705516
2024-05-18 17:58:17 Epoch 24: lr=2.5e-05
2024-05-18 17:59:31 [Epoch: 24] loss: 0.005219, mae: 0.051176, r2: 0.749050, val_loss: 0.006081, val_mae: 0.054701, val_r2: 0.705943
2024-05-18 17:59:31 Epoch 25: lr=2.5e-05
2024-05-18 18:00:44 [Epoch: 25] loss: 0.005192, mae: 0.051086, r2: 0.750223, val_loss: 0.006099, val_mae: 0.054705, val_r2: 0.705114
2024-05-18 18:00:44 Epoch 26: lr=2.5e-05
2024-05-18 18:01:57 [Epoch: 26] loss: 0.005182, mae: 0.051013, r2: 0.750677, val_loss: 0.006082, val_mae: 0.054954, val_r2: 0.705745
2024-05-18 18:01:57 Epoch 27: lr=2.5e-05
2024-05-18 18:03:10 [Epoch: 27] loss: 0.005156, mae: 0.050899, r2: 0.752064, val_loss: 0.006082, val_mae: 0.054559, val_r2: 0.705820
2024-05-18 18:03:10 Epoch 28: lr=1.25e-05
2024-05-18 18:04:23 [Epoch: 28] loss: 0.005124, mae: 0.050755, r2: 0.753297, val_loss: 0.006089, val_mae: 0.054556, val_r2: 0.705973
2024-05-18 18:04:23 Epoch 29: lr=1.25e-05
2024-05-18 18:05:36 [Epoch: 29] loss: 0.005126, mae: 0.050733, r2: 0.753583, val_loss: 0.006084, val_mae: 0.054554, val_r2: 0.705786
2024-05-18 18:05:36 Epoch 30: lr=1.25e-05
2024-05-18 18:06:50 [Epoch: 30] loss: 0.005122, mae: 0.050745, r2: 0.753855, val_loss: 0.006078, val_mae: 0.054578, val_r2: 0.706229
2024-05-18 18:06:50 Epoch 31: lr=1.25e-05
2024-05-18 18:08:03 [Epoch: 31] loss: 0.005102, mae: 0.050640, r2: 0.754541, val_loss: 0.006067, val_mae: 0.054495, val_r2: 0.706513
2024-05-18 18:08:03 Epoch 32: lr=1.25e-05
2024-05-18 18:09:16 [Epoch: 32] loss: 0.005093, mae: 0.050562, r2: 0.755115, val_loss: 0.006103, val_mae: 0.054545, val_r2: 0.704887
2024-05-18 18:09:16 Epoch 33: lr=1e-05
2024-05-18 18:10:29 [Epoch: 33] loss: 0.005095, mae: 0.050576, r2: 0.754969, val_loss: 0.006060, val_mae: 0.054612, val_r2: 0.707227
2024-05-18 18:10:29 Epoch 34: lr=1e-05
2024-05-18 18:11:42 [Epoch: 34] loss: 0.005077, mae: 0.050522, r2: 0.755838, val_loss: 0.006092, val_mae: 0.054440, val_r2: 0.705619
2024-05-18 18:11:42 Epoch 35: lr=1e-05
2024-05-18 18:12:56 [Epoch: 35] loss: 0.005084, mae: 0.050539, r2: 0.755508, val_loss: 0.006091, val_mae: 0.054654, val_r2: 0.706049
2024-05-18 18:12:56 Epoch 36: lr=1e-05
2024-05-18 18:14:09 [Epoch: 36] loss: 0.005074, mae: 0.050514, r2: 0.755745, val_loss: 0.006086, val_mae: 0.054623, val_r2: 0.705623
2024-05-18 18:14:09 Epoch 37: lr=1e-05
2024-05-18 18:15:22 [Epoch: 37] loss: 0.005059, mae: 0.050447, r2: 0.756676, val_loss: 0.006115, val_mae: 0.054575, val_r2: 0.704545
2024-05-18 18:15:22 Epoch 38: lr=1e-05
2024-05-18 18:16:35 [Epoch: 38] loss: 0.005067, mae: 0.050467, r2: 0.756073, val_loss: 0.006059, val_mae: 0.054602, val_r2: 0.707127
2024-05-18 18:16:35 Epoch 39: lr=1e-05
2024-05-18 18:17:48 [Epoch: 39] loss: 0.005047, mae: 0.050381, r2: 0.756939, val_loss: 0.006106, val_mae: 0.054521, val_r2: 0.704588
2024-05-18 18:17:48 Epoch 40: lr=1e-05
2024-05-18 18:19:01 [Epoch: 40] loss: 0.005042, mae: 0.050345, r2: 0.757316, val_loss: 0.006061, val_mae: 0.054406, val_r2: 0.707670
2024-05-18 18:19:02 Epoch 41: lr=1e-05
2024-05-18 18:20:15 [Epoch: 41] loss: 0.005036, mae: 0.050328, r2: 0.757610, val_loss: 0.006068, val_mae: 0.054449, val_r2: 0.706646
2024-05-18 18:20:15 Epoch 42: lr=1e-05
2024-05-18 18:21:28 [Epoch: 42] loss: 0.005040, mae: 0.050351, r2: 0.757488, val_loss: 0.006117, val_mae: 0.054781, val_r2: 0.704104
2024-05-18 18:21:28 Epoch 43: lr=1e-05
2024-05-18 18:22:41 [Epoch: 43] loss: 0.005033, mae: 0.050332, r2: 0.757836, val_loss: 0.006071, val_mae: 0.054635, val_r2: 0.706726
2024-05-18 18:22:41 Epoch 44: lr=1e-05
2024-05-18 18:23:54 [Epoch: 44] loss: 0.005010, mae: 0.050232, r2: 0.758816, val_loss: 0.006079, val_mae: 0.054425, val_r2: 0.705851
2024-05-18 18:23:54 Epoch 45: lr=1e-05
2024-05-18 18:25:07 [Epoch: 45] loss: 0.005021, mae: 0.050255, r2: 0.758510, val_loss: 0.006072, val_mae: 0.054544, val_r2: 0.706395
2024-05-18 18:25:07 Epoch 46: lr=1e-05
2024-05-18 18:26:20 [Epoch: 46] loss: 0.005016, mae: 0.050232, r2: 0.758635, val_loss: 0.006074, val_mae: 0.054494, val_r2: 0.706446
2024-05-18 18:26:20 Epoch 47: lr=1e-05
2024-05-18 18:27:33 [Epoch: 47] loss: 0.005007, mae: 0.050171, r2: 0.759043, val_loss: 0.006082, val_mae: 0.054500, val_r2: 0.706362
2024-05-18 18:27:33 Epoch 48: lr=1e-05
2024-05-18 18:28:46 [Epoch: 48] loss: 0.004994, mae: 0.050119, r2: 0.759648, val_loss: 0.006074, val_mae: 0.054417, val_r2: 0.706387
2024-05-18 18:28:47 history_length: 49
2024-05-18 18:28:47 stopping: early
2024-05-18 18:28:47 Comparing y_true and y_pred:
2024-05-18 18:28:47   mse: 0.00295417
2024-05-18 18:28:47   mae: 0.04341804
2024-05-18 18:28:47   r2: -0.12713920
2024-05-18 18:28:47   corr: 0.42735653
