2024-05-17 17:41:53 UNO RUN ...
2024-05-17 17:41:53 Params: {'model_name': 'uno', 'train_sources': ['CCLE'], 'test_sources': ['train'], 'cell_types': None, 'cell_features': ['rnaseq'], 'drug_features': ['descriptors'], 'dense': [1000, 1000, 1000, 1000, 1000], 'dense_feature_layers': [1000, 1000, 1000], 'activation': 'relu', 'loss': 'mse', 'optimizer': 'adamax', 'scaling': 'std', 'dropout': 0.1, 'epochs': 75, 'batch_size': 32, 'val_split': 0.2, 'cv': 1, 'max_val_loss': 1.0, 'learning_rate': 0.0001, 'base_lr': None, 'agg_dose': 'AUC', 'residual': False, 'reduce_lr': True, 'warmup_lr': True, 'batch_normalization': False, 'feature_subsample': 0, 'rng_seed': 2018, 'no_gen': False, 'verbose': False, 'preprocess_rnaseq': 'source_scale', 'gpus': [0], 'use_landmark_genes': True, 'no_feature_source': True, 'no_response_source': True, 'save_path': '/dev/shm/Uno/save/8998722.amn-0001/50', 'single': True, 'on_memory_loader': True, 'ckpt_checksum': True, 'ckpt_save_interval': 0, 'timeout': -1, 'train_bool': True, 'profiling': False, 'experiment_id': '8998722.amn-0001', 'run_id': '50', 'logfile': '/dev/shm/Uno/save/8998722.amn-0001/50/python.log', 'shuffle': False, 'ckpt_restart_mode': 'off', 'ckpt_skip_epochs': 0, 'ckpt_directory': '/dev/shm/Uno/save/8998722.amn-0001/50', 'ckpt_save_best': True, 'ckpt_save_best_metric': 'val_loss', 'ckpt_save_weights_only': False, 'ckpt_keep_mode': 'linear', 'ckpt_keep_limit': 5, 'by_cell': None, 'by_drug': None, 'cell_subset_path': '', 'drug_subset_path': '', 'drug_median_response_min': -1, 'drug_median_response_max': 1, 'dense_cell_feature_layers': None, 'dense_drug_feature_layers': None, 'use_filtered_genes': False, 'feature_subset_path': '', 'cell_feature_subset_path': '', 'drug_feature_subset_path': '', 'es': True, 'cp': False, 'tb': False, 'tb_prefix': 'tb', 'partition_by': None, 'cache': None, 'export_csv': None, 'export_data': None, 'use_exported_data': '/dev/shm/Uno/x1922c2s5b0n0.50.merged.landmark.h5', 'growth_bins': 0, 'initial_weights': None, 'save_weights': '/dev/shm/Uno/save/8998722.amn-0001/50/1.0.model.h5', 'config_file': '/home/brettin/CSC249ADOA01_CNDA/brettin/Benchmarks/Pilot1/Uno/uno_auc_model.txt', 'data_type': <class 'numpy.float32'>, 'data_dir': '/dev/shm/Uno/uno/Data', 'output_dir': '/dev/shm/Uno/uno/Output/8998722.amn-0001/50'}
2024-05-17 17:41:54 Feature encoding submodel for cell.rnaseq:
2024-05-17 17:41:54 Model: "cell.rnaseq"
2024-05-17 17:41:54 _________________________________________________________________
2024-05-17 17:41:54  Layer (type)                Output Shape              Param #   
2024-05-17 17:41:54 =================================================================
2024-05-17 17:41:54  input_1 (InputLayer)        [(None, 958)]             0         
2024-05-17 17:41:54                                                                  
2024-05-17 17:41:54  dense (Dense)               (None, 1000)              959000    
2024-05-17 17:41:54                                                                  
2024-05-17 17:41:54  permanent_dropout (Permane  (None, 1000)              0         
2024-05-17 17:41:54  ntDropout)                                                      
2024-05-17 17:41:54                                                                  
2024-05-17 17:41:54  dense_1 (Dense)             (None, 1000)              1001000   
2024-05-17 17:41:54                                                                  
2024-05-17 17:41:54  permanent_dropout_1 (Perma  (None, 1000)              0         
2024-05-17 17:41:54  nentDropout)                                                    
2024-05-17 17:41:54                                                                  
2024-05-17 17:41:54  dense_2 (Dense)             (None, 1000)              1001000   
2024-05-17 17:41:54                                                                  
2024-05-17 17:41:54  permanent_dropout_2 (Perma  (None, 1000)              0         
2024-05-17 17:41:54  nentDropout)                                                    
2024-05-17 17:41:54                                                                  
2024-05-17 17:41:54 =================================================================
2024-05-17 17:41:54 Total params: 2961000 (11.30 MB)
2024-05-17 17:41:54 Trainable params: 2961000 (11.30 MB)
2024-05-17 17:41:54 Non-trainable params: 0 (0.00 Byte)
2024-05-17 17:41:54 _________________________________________________________________
2024-05-17 17:41:54 Feature encoding submodel for drug.descriptors:
2024-05-17 17:41:54 Model: "drug.descriptors"
2024-05-17 17:41:54 _________________________________________________________________
2024-05-17 17:41:54  Layer (type)                Output Shape              Param #   
2024-05-17 17:41:54 =================================================================
2024-05-17 17:41:54  input_2 (InputLayer)        [(None, 1613)]            0         
2024-05-17 17:41:54                                                                  
2024-05-17 17:41:54  dense_3 (Dense)             (None, 1000)              1614000   
2024-05-17 17:41:54                                                                  
2024-05-17 17:41:54  permanent_dropout_3 (Perma  (None, 1000)              0         
2024-05-17 17:41:54  nentDropout)                                                    
2024-05-17 17:41:54                                                                  
2024-05-17 17:41:54  dense_4 (Dense)             (None, 1000)              1001000   
2024-05-17 17:41:54                                                                  
2024-05-17 17:41:54  permanent_dropout_4 (Perma  (None, 1000)              0         
2024-05-17 17:41:54  nentDropout)                                                    
2024-05-17 17:41:54                                                                  
2024-05-17 17:41:54  dense_5 (Dense)             (None, 1000)              1001000   
2024-05-17 17:41:54                                                                  
2024-05-17 17:41:54  permanent_dropout_5 (Perma  (None, 1000)              0         
2024-05-17 17:41:54  nentDropout)                                                    
2024-05-17 17:41:54                                                                  
2024-05-17 17:41:54 =================================================================
2024-05-17 17:41:54 Total params: 3616000 (13.79 MB)
2024-05-17 17:41:54 Trainable params: 3616000 (13.79 MB)
2024-05-17 17:41:54 Non-trainable params: 0 (0.00 Byte)
2024-05-17 17:41:54 _________________________________________________________________
2024-05-17 17:41:54 Combined model:
2024-05-17 17:41:54 Model: "model"
2024-05-17 17:41:54 __________________________________________________________________________________________________
2024-05-17 17:41:54  Layer (type)                Output Shape                 Param #   Connected to                  
2024-05-17 17:41:54 ==================================================================================================
2024-05-17 17:41:54  input.cell.rnaseq (InputLa  [(None, 958)]                0         []                            
2024-05-17 17:41:54  yer)                                                                                             
2024-05-17 17:41:54                                                                                                   
2024-05-17 17:41:54  input.drug1.descriptors (I  [(None, 1613)]               0         []                            
2024-05-17 17:41:54  nputLayer)                                                                                       
2024-05-17 17:41:54                                                                                                   
2024-05-17 17:41:54  cell.rnaseq (Functional)    (None, 1000)                 2961000   ['input.cell.rnaseq[0][0]']   
2024-05-17 17:41:54                                                                                                   
2024-05-17 17:41:54  drug.descriptors (Function  (None, 1000)                 3616000   ['input.drug1.descriptors[0][0
2024-05-17 17:41:54  al)                                                                ]']                           
2024-05-17 17:41:54                                                                                                   
2024-05-17 17:41:54  concatenate (Concatenate)   (None, 2000)                 0         ['cell.rnaseq[0][0]',         
2024-05-17 17:41:54                                                                      'drug.descriptors[0][0]']    
2024-05-17 17:41:54                                                                                                   
2024-05-17 17:41:54  dense_6 (Dense)             (None, 1000)                 2001000   ['concatenate[0][0]']         
2024-05-17 17:41:54                                                                                                   
2024-05-17 17:41:54  permanent_dropout_6 (Perma  (None, 1000)                 0         ['dense_6[0][0]']             
2024-05-17 17:41:54  nentDropout)                                                                                     
2024-05-17 17:41:54                                                                                                   
2024-05-17 17:41:54  dense_7 (Dense)             (None, 1000)                 1001000   ['permanent_dropout_6[0][0]'] 
2024-05-17 17:41:54                                                                                                   
2024-05-17 17:41:54  permanent_dropout_7 (Perma  (None, 1000)                 0         ['dense_7[0][0]']             
2024-05-17 17:41:54  nentDropout)                                                                                     
2024-05-17 17:41:54                                                                                                   
2024-05-17 17:41:54  dense_8 (Dense)             (None, 1000)                 1001000   ['permanent_dropout_7[0][0]'] 
2024-05-17 17:41:54                                                                                                   
2024-05-17 17:41:54  permanent_dropout_8 (Perma  (None, 1000)                 0         ['dense_8[0][0]']             
2024-05-17 17:41:54  nentDropout)                                                                                     
2024-05-17 17:41:54                                                                                                   
2024-05-17 17:41:54  dense_9 (Dense)             (None, 1000)                 1001000   ['permanent_dropout_8[0][0]'] 
2024-05-17 17:41:54                                                                                                   
2024-05-17 17:41:54  permanent_dropout_9 (Perma  (None, 1000)                 0         ['dense_9[0][0]']             
2024-05-17 17:41:54  nentDropout)                                                                                     
2024-05-17 17:41:54                                                                                                   
2024-05-17 17:41:54  dense_10 (Dense)            (None, 1000)                 1001000   ['permanent_dropout_9[0][0]'] 
2024-05-17 17:41:54                                                                                                   
2024-05-17 17:41:54  permanent_dropout_10 (Perm  (None, 1000)                 0         ['dense_10[0][0]']            
2024-05-17 17:41:54  anentDropout)                                                                                    
2024-05-17 17:41:54                                                                                                   
2024-05-17 17:41:54  dense_11 (Dense)            (None, 1)                    1001      ['permanent_dropout_10[0][0]']
2024-05-17 17:41:54                                                                                                   
2024-05-17 17:41:54 ==================================================================================================
2024-05-17 17:41:54 Total params: 12583001 (48.00 MB)
2024-05-17 17:41:54 Trainable params: 12583001 (48.00 MB)
2024-05-17 17:41:54 Non-trainable params: 0 (0.00 Byte)
2024-05-17 17:41:54 __________________________________________________________________________________________________
2024-05-17 17:41:54 CKPT CONSTRUCT...
2024-05-17 17:41:54 CKPT CONSTRUCT OK.
2024-05-17 17:41:54 template model: <keras.src.engine.functional.Functional object at 0x1484251efb80>
2024-05-17 17:41:56 COMPILE
2024-05-17 17:41:56 Will save weights to: /dev/shm/Uno/save/8998722.amn-0001/50/1.0.model.h5
2024-05-17 17:42:13 Between random pairs in y_val:
2024-05-17 17:42:13   mse: 0.04732465
2024-05-17 17:42:13   mae: 0.15947303
2024-05-17 17:42:13   r2: -1.00098075
2024-05-17 17:42:13   corr: -0.00049038
2024-05-17 17:42:13 Data points per epoch: train = 469756, val = 117439, test = 514
2024-05-17 17:42:13 Steps per epoch: train = 14679, val = 3669, test = 16
2024-05-17 17:42:13 Epoch 0: lr=0.001
2024-05-17 17:43:26 [Epoch: 0] loss: 0.030667, mae: 0.079883, r2: -0.396456, val_loss: 0.008169, val_mae: 0.064979, val_r2: 0.606527
2024-05-17 17:43:26 Epoch 1: lr=0.00082
2024-05-17 17:44:38 [Epoch: 1] loss: 0.008053, mae: 0.064221, r2: 0.618166, val_loss: 0.007615, val_mae: 0.061895, val_r2: 0.635957
2024-05-17 17:44:38 Epoch 2: lr=0.00064
2024-05-17 17:45:50 [Epoch: 2] loss: 0.007385, mae: 0.061180, r2: 0.649294, val_loss: 0.007058, val_mae: 0.059264, val_r2: 0.660909
2024-05-17 17:45:50 Epoch 3: lr=0.00046
2024-05-17 17:47:02 [Epoch: 3] loss: 0.006886, mae: 0.058875, r2: 0.672022, val_loss: 0.006728, val_mae: 0.058649, val_r2: 0.677404
2024-05-17 17:47:02 Epoch 4: lr=0.00028
2024-05-17 17:48:14 [Epoch: 4] loss: 0.006487, mae: 0.057084, r2: 0.690442, val_loss: 0.006490, val_mae: 0.056753, val_r2: 0.688456
2024-05-17 17:48:14 Epoch 5: lr=0.0001
2024-05-17 17:49:25 [Epoch: 5] loss: 0.006163, mae: 0.055562, r2: 0.705481, val_loss: 0.006310, val_mae: 0.055731, val_r2: 0.695845
2024-05-17 17:49:25 Epoch 6: lr=0.0001
2024-05-17 17:50:37 [Epoch: 6] loss: 0.006048, mae: 0.055079, r2: 0.710836, val_loss: 0.006275, val_mae: 0.055538, val_r2: 0.698202
2024-05-17 17:50:37 Epoch 7: lr=0.0001
2024-05-17 17:51:49 [Epoch: 7] loss: 0.005977, mae: 0.054759, r2: 0.714177, val_loss: 0.006217, val_mae: 0.055666, val_r2: 0.701222
2024-05-17 17:51:49 Epoch 8: lr=0.0001
2024-05-17 17:53:01 [Epoch: 8] loss: 0.005898, mae: 0.054374, r2: 0.718013, val_loss: 0.006211, val_mae: 0.055554, val_r2: 0.701209
2024-05-17 17:53:01 Epoch 9: lr=0.0001
2024-05-17 17:54:13 [Epoch: 9] loss: 0.005834, mae: 0.054078, r2: 0.720749, val_loss: 0.006181, val_mae: 0.054911, val_r2: 0.702252
2024-05-17 17:54:13 Epoch 10: lr=0.0001
2024-05-17 17:55:25 [Epoch: 10] loss: 0.005777, mae: 0.053851, r2: 0.723319, val_loss: 0.006150, val_mae: 0.054970, val_r2: 0.703344
2024-05-17 17:55:25 Epoch 11: lr=0.0001
2024-05-17 17:56:37 [Epoch: 11] loss: 0.005704, mae: 0.053524, r2: 0.726768, val_loss: 0.006106, val_mae: 0.055140, val_r2: 0.705356
2024-05-17 17:56:37 Epoch 12: lr=0.0001
2024-05-17 17:57:49 [Epoch: 12] loss: 0.005643, mae: 0.053257, r2: 0.729658, val_loss: 0.006092, val_mae: 0.054853, val_r2: 0.706136
2024-05-17 17:57:50 Epoch 13: lr=0.0001
2024-05-17 17:59:01 [Epoch: 13] loss: 0.005595, mae: 0.053052, r2: 0.731908, val_loss: 0.006068, val_mae: 0.055153, val_r2: 0.707265
2024-05-17 17:59:01 Epoch 14: lr=0.0001
2024-05-17 18:00:13 [Epoch: 14] loss: 0.005537, mae: 0.052756, r2: 0.734835, val_loss: 0.006131, val_mae: 0.054476, val_r2: 0.704734
2024-05-17 18:00:13 Epoch 15: lr=0.0001
2024-05-17 18:01:25 [Epoch: 15] loss: 0.005499, mae: 0.052586, r2: 0.736360, val_loss: 0.006059, val_mae: 0.054355, val_r2: 0.707217
2024-05-17 18:01:25 Epoch 16: lr=0.0001
2024-05-17 18:02:37 [Epoch: 16] loss: 0.005436, mae: 0.052291, r2: 0.739395, val_loss: 0.006085, val_mae: 0.054230, val_r2: 0.706224
2024-05-17 18:02:37 Epoch 17: lr=0.0001
2024-05-17 18:03:49 [Epoch: 17] loss: 0.005393, mae: 0.052086, r2: 0.741470, val_loss: 0.006035, val_mae: 0.054420, val_r2: 0.707589
2024-05-17 18:03:49 Epoch 18: lr=0.0001
2024-05-17 18:05:01 [Epoch: 18] loss: 0.005332, mae: 0.051837, r2: 0.744344, val_loss: 0.006012, val_mae: 0.054247, val_r2: 0.710194
2024-05-17 18:05:02 Epoch 19: lr=5e-05
2024-05-17 18:06:14 [Epoch: 19] loss: 0.005228, mae: 0.051318, r2: 0.748960, val_loss: 0.005979, val_mae: 0.054093, val_r2: 0.711214
2024-05-17 18:06:14 Epoch 20: lr=5e-05
2024-05-17 18:07:26 [Epoch: 20] loss: 0.005187, mae: 0.051102, r2: 0.750875, val_loss: 0.005986, val_mae: 0.054026, val_r2: 0.710207
2024-05-17 18:07:26 Epoch 21: lr=5e-05
2024-05-17 18:08:38 [Epoch: 21] loss: 0.005166, mae: 0.051048, r2: 0.752066, val_loss: 0.005953, val_mae: 0.054020, val_r2: 0.712079
2024-05-17 18:08:38 Epoch 22: lr=5e-05
2024-05-17 18:09:50 [Epoch: 22] loss: 0.005123, mae: 0.050833, r2: 0.753783, val_loss: 0.005957, val_mae: 0.054298, val_r2: 0.712452
2024-05-17 18:09:50 Epoch 23: lr=5e-05
2024-05-17 18:11:02 [Epoch: 23] loss: 0.005102, mae: 0.050737, r2: 0.754953, val_loss: 0.005996, val_mae: 0.054626, val_r2: 0.710266
2024-05-17 18:11:02 Epoch 24: lr=5e-05
2024-05-17 18:12:13 [Epoch: 24] loss: 0.005087, mae: 0.050630, r2: 0.755777, val_loss: 0.005977, val_mae: 0.053824, val_r2: 0.711773
2024-05-17 18:12:13 Epoch 25: lr=5e-05
2024-05-17 18:13:26 [Epoch: 25] loss: 0.005055, mae: 0.050510, r2: 0.757078, val_loss: 0.005960, val_mae: 0.053866, val_r2: 0.712975
2024-05-17 18:13:26 Epoch 26: lr=5e-05
2024-05-17 18:14:38 [Epoch: 26] loss: 0.005034, mae: 0.050370, r2: 0.758230, val_loss: 0.005977, val_mae: 0.053947, val_r2: 0.710845
2024-05-17 18:14:38 Epoch 27: lr=2.5e-05
2024-05-17 18:15:50 [Epoch: 27] loss: 0.004968, mae: 0.050073, r2: 0.761178, val_loss: 0.005962, val_mae: 0.053797, val_r2: 0.712111
2024-05-17 18:15:50 Epoch 28: lr=2.5e-05
2024-05-17 18:17:02 [Epoch: 28] loss: 0.004943, mae: 0.049982, r2: 0.762250, val_loss: 0.005968, val_mae: 0.053706, val_r2: 0.712261
2024-05-17 18:17:03 Epoch 29: lr=2.5e-05
2024-05-17 18:18:14 [Epoch: 29] loss: 0.004944, mae: 0.049992, r2: 0.762212, val_loss: 0.005983, val_mae: 0.054110, val_r2: 0.710652
2024-05-17 18:18:14 Epoch 30: lr=2.5e-05
2024-05-17 18:19:26 [Epoch: 30] loss: 0.004931, mae: 0.049917, r2: 0.762950, val_loss: 0.005978, val_mae: 0.053927, val_r2: 0.711411
2024-05-17 18:19:26 Epoch 31: lr=2.5e-05
2024-05-17 18:20:38 [Epoch: 31] loss: 0.004908, mae: 0.049791, r2: 0.763795, val_loss: 0.005961, val_mae: 0.053673, val_r2: 0.711398
2024-05-17 18:20:38 history_length: 32
2024-05-17 18:20:38 stopping: early
2024-05-17 18:20:38 Comparing y_true and y_pred:
2024-05-17 18:20:38   mse: 0.00937107
2024-05-17 18:20:38   mae: 0.08020448
2024-05-17 18:20:38   r2: -0.12960873
2024-05-17 18:20:38   corr: 0.12583081
