2024-05-18 17:28:38 UNO RUN ...
2024-05-18 17:28:38 Params: {'model_name': 'uno', 'train_sources': ['CCLE'], 'test_sources': ['train'], 'cell_types': None, 'cell_features': ['rnaseq'], 'drug_features': ['descriptors'], 'dense': [1000, 1000, 1000, 1000, 1000], 'dense_feature_layers': [1000, 1000, 1000], 'activation': 'relu', 'loss': 'mse', 'optimizer': 'adamax', 'scaling': 'std', 'dropout': 0.1, 'epochs': 75, 'batch_size': 32, 'val_split': 0.2, 'cv': 1, 'max_val_loss': 1.0, 'learning_rate': 0.0001, 'base_lr': None, 'agg_dose': 'AUC', 'residual': False, 'reduce_lr': True, 'warmup_lr': True, 'batch_normalization': False, 'feature_subsample': 0, 'rng_seed': 2018, 'no_gen': False, 'verbose': False, 'preprocess_rnaseq': 'source_scale', 'gpus': [0], 'use_landmark_genes': True, 'no_feature_source': True, 'no_response_source': True, 'save_path': '/dev/shm/Uno/save/8999189.amn-0001/11', 'single': True, 'on_memory_loader': True, 'ckpt_checksum': True, 'ckpt_save_interval': 0, 'timeout': -1, 'train_bool': True, 'profiling': False, 'experiment_id': '8999189.amn-0001', 'run_id': '11', 'logfile': '/dev/shm/Uno/save/8999189.amn-0001/11/python.log', 'shuffle': False, 'ckpt_restart_mode': 'off', 'ckpt_skip_epochs': 0, 'ckpt_directory': '/dev/shm/Uno/save/8999189.amn-0001/11', 'ckpt_save_best': True, 'ckpt_save_best_metric': 'val_loss', 'ckpt_save_weights_only': False, 'ckpt_keep_mode': 'linear', 'ckpt_keep_limit': 5, 'by_cell': None, 'by_drug': None, 'cell_subset_path': '', 'drug_subset_path': '', 'drug_median_response_min': -1, 'drug_median_response_max': 1, 'dense_cell_feature_layers': None, 'dense_drug_feature_layers': None, 'use_filtered_genes': False, 'feature_subset_path': '', 'cell_feature_subset_path': '', 'drug_feature_subset_path': '', 'es': True, 'cp': False, 'tb': False, 'tb_prefix': 'tb', 'partition_by': None, 'cache': None, 'export_csv': None, 'export_data': None, 'use_exported_data': '/dev/shm/Uno/x1922c2s3b0n0.11.merged.landmark.h5', 'growth_bins': 0, 'initial_weights': None, 'save_weights': '/dev/shm/Uno/save/8999189.amn-0001/11/5.1.model.h5', 'config_file': '/home/brettin/CSC249ADOA01_CNDA/brettin/Benchmarks/Pilot1/Uno/uno_auc_model.txt', 'data_type': <class 'numpy.float32'>, 'data_dir': '/dev/shm/Uno/uno/Data', 'output_dir': '/dev/shm/Uno/uno/Output/8999189.amn-0001/11'}
2024-05-18 17:28:38 Feature encoding submodel for cell.rnaseq:
2024-05-18 17:28:38 Model: "cell.rnaseq"
2024-05-18 17:28:38 _________________________________________________________________
2024-05-18 17:28:38  Layer (type)                Output Shape              Param #   
2024-05-18 17:28:38 =================================================================
2024-05-18 17:28:38  input_1 (InputLayer)        [(None, 958)]             0         
2024-05-18 17:28:38                                                                  
2024-05-18 17:28:38  dense (Dense)               (None, 1000)              959000    
2024-05-18 17:28:38                                                                  
2024-05-18 17:28:38  permanent_dropout (Permane  (None, 1000)              0         
2024-05-18 17:28:38  ntDropout)                                                      
2024-05-18 17:28:38                                                                  
2024-05-18 17:28:38  dense_1 (Dense)             (None, 1000)              1001000   
2024-05-18 17:28:38                                                                  
2024-05-18 17:28:38  permanent_dropout_1 (Perma  (None, 1000)              0         
2024-05-18 17:28:38  nentDropout)                                                    
2024-05-18 17:28:38                                                                  
2024-05-18 17:28:38  dense_2 (Dense)             (None, 1000)              1001000   
2024-05-18 17:28:38                                                                  
2024-05-18 17:28:38  permanent_dropout_2 (Perma  (None, 1000)              0         
2024-05-18 17:28:38  nentDropout)                                                    
2024-05-18 17:28:38                                                                  
2024-05-18 17:28:38 =================================================================
2024-05-18 17:28:38 Total params: 2961000 (11.30 MB)
2024-05-18 17:28:38 Trainable params: 2961000 (11.30 MB)
2024-05-18 17:28:38 Non-trainable params: 0 (0.00 Byte)
2024-05-18 17:28:38 _________________________________________________________________
2024-05-18 17:28:38 Feature encoding submodel for drug.descriptors:
2024-05-18 17:28:38 Model: "drug.descriptors"
2024-05-18 17:28:38 _________________________________________________________________
2024-05-18 17:28:38  Layer (type)                Output Shape              Param #   
2024-05-18 17:28:38 =================================================================
2024-05-18 17:28:38  input_2 (InputLayer)        [(None, 1613)]            0         
2024-05-18 17:28:38                                                                  
2024-05-18 17:28:38  dense_3 (Dense)             (None, 1000)              1614000   
2024-05-18 17:28:38                                                                  
2024-05-18 17:28:38  permanent_dropout_3 (Perma  (None, 1000)              0         
2024-05-18 17:28:38  nentDropout)                                                    
2024-05-18 17:28:38                                                                  
2024-05-18 17:28:38  dense_4 (Dense)             (None, 1000)              1001000   
2024-05-18 17:28:38                                                                  
2024-05-18 17:28:38  permanent_dropout_4 (Perma  (None, 1000)              0         
2024-05-18 17:28:38  nentDropout)                                                    
2024-05-18 17:28:38                                                                  
2024-05-18 17:28:38  dense_5 (Dense)             (None, 1000)              1001000   
2024-05-18 17:28:38                                                                  
2024-05-18 17:28:38  permanent_dropout_5 (Perma  (None, 1000)              0         
2024-05-18 17:28:38  nentDropout)                                                    
2024-05-18 17:28:38                                                                  
2024-05-18 17:28:38 =================================================================
2024-05-18 17:28:38 Total params: 3616000 (13.79 MB)
2024-05-18 17:28:38 Trainable params: 3616000 (13.79 MB)
2024-05-18 17:28:38 Non-trainable params: 0 (0.00 Byte)
2024-05-18 17:28:38 _________________________________________________________________
2024-05-18 17:28:38 Combined model:
2024-05-18 17:28:38 Model: "model"
2024-05-18 17:28:38 __________________________________________________________________________________________________
2024-05-18 17:28:38  Layer (type)                Output Shape                 Param #   Connected to                  
2024-05-18 17:28:38 ==================================================================================================
2024-05-18 17:28:38  input.cell.rnaseq (InputLa  [(None, 958)]                0         []                            
2024-05-18 17:28:38  yer)                                                                                             
2024-05-18 17:28:38                                                                                                   
2024-05-18 17:28:38  input.drug1.descriptors (I  [(None, 1613)]               0         []                            
2024-05-18 17:28:38  nputLayer)                                                                                       
2024-05-18 17:28:38                                                                                                   
2024-05-18 17:28:38  cell.rnaseq (Functional)    (None, 1000)                 2961000   ['input.cell.rnaseq[0][0]']   
2024-05-18 17:28:38                                                                                                   
2024-05-18 17:28:38  drug.descriptors (Function  (None, 1000)                 3616000   ['input.drug1.descriptors[0][0
2024-05-18 17:28:38  al)                                                                ]']                           
2024-05-18 17:28:38                                                                                                   
2024-05-18 17:28:38  concatenate (Concatenate)   (None, 2000)                 0         ['cell.rnaseq[0][0]',         
2024-05-18 17:28:38                                                                      'drug.descriptors[0][0]']    
2024-05-18 17:28:38                                                                                                   
2024-05-18 17:28:38  dense_6 (Dense)             (None, 1000)                 2001000   ['concatenate[0][0]']         
2024-05-18 17:28:38                                                                                                   
2024-05-18 17:28:38  permanent_dropout_6 (Perma  (None, 1000)                 0         ['dense_6[0][0]']             
2024-05-18 17:28:38  nentDropout)                                                                                     
2024-05-18 17:28:38                                                                                                   
2024-05-18 17:28:38  dense_7 (Dense)             (None, 1000)                 1001000   ['permanent_dropout_6[0][0]'] 
2024-05-18 17:28:38                                                                                                   
2024-05-18 17:28:38  permanent_dropout_7 (Perma  (None, 1000)                 0         ['dense_7[0][0]']             
2024-05-18 17:28:38  nentDropout)                                                                                     
2024-05-18 17:28:38                                                                                                   
2024-05-18 17:28:38  dense_8 (Dense)             (None, 1000)                 1001000   ['permanent_dropout_7[0][0]'] 
2024-05-18 17:28:38                                                                                                   
2024-05-18 17:28:38  permanent_dropout_8 (Perma  (None, 1000)                 0         ['dense_8[0][0]']             
2024-05-18 17:28:38  nentDropout)                                                                                     
2024-05-18 17:28:38                                                                                                   
2024-05-18 17:28:38  dense_9 (Dense)             (None, 1000)                 1001000   ['permanent_dropout_8[0][0]'] 
2024-05-18 17:28:38                                                                                                   
2024-05-18 17:28:38  permanent_dropout_9 (Perma  (None, 1000)                 0         ['dense_9[0][0]']             
2024-05-18 17:28:38  nentDropout)                                                                                     
2024-05-18 17:28:38                                                                                                   
2024-05-18 17:28:38  dense_10 (Dense)            (None, 1000)                 1001000   ['permanent_dropout_9[0][0]'] 
2024-05-18 17:28:38                                                                                                   
2024-05-18 17:28:38  permanent_dropout_10 (Perm  (None, 1000)                 0         ['dense_10[0][0]']            
2024-05-18 17:28:38  anentDropout)                                                                                    
2024-05-18 17:28:38                                                                                                   
2024-05-18 17:28:38  dense_11 (Dense)            (None, 1)                    1001      ['permanent_dropout_10[0][0]']
2024-05-18 17:28:38                                                                                                   
2024-05-18 17:28:38 ==================================================================================================
2024-05-18 17:28:38 Total params: 12583001 (48.00 MB)
2024-05-18 17:28:38 Trainable params: 12583001 (48.00 MB)
2024-05-18 17:28:38 Non-trainable params: 0 (0.00 Byte)
2024-05-18 17:28:38 __________________________________________________________________________________________________
2024-05-18 17:28:38 CKPT CONSTRUCT...
2024-05-18 17:28:38 CKPT CONSTRUCT OK.
2024-05-18 17:28:38 template model: <keras.src.engine.functional.Functional object at 0x1506a2325ca0>
2024-05-18 17:28:40 COMPILE
2024-05-18 17:28:40 Will save weights to: /dev/shm/Uno/save/8999189.amn-0001/11/5.1.model.h5
2024-05-18 17:28:56 Between random pairs in y_val:
2024-05-18 17:28:56   mse: 0.04757829
2024-05-18 17:28:56   mae: 0.16012448
2024-05-18 17:28:56   r2: -1.00784247
2024-05-18 17:28:56   corr: -0.00392123
2024-05-18 17:28:56 Data points per epoch: train = 469608, val = 117402, test = 699
2024-05-18 17:28:56 Steps per epoch: train = 14675, val = 3668, test = 21
2024-05-18 17:28:57 Epoch 0: lr=0.001
2024-05-18 17:30:09 [Epoch: 0] loss: 0.025121, mae: 0.079490, r2: -0.155786, val_loss: 0.008609, val_mae: 0.068312, val_r2: 0.588499
2024-05-18 17:30:09 Epoch 1: lr=0.00082
2024-05-18 17:31:20 [Epoch: 1] loss: 0.008000, mae: 0.063981, r2: 0.621405, val_loss: 0.007678, val_mae: 0.061689, val_r2: 0.636758
2024-05-18 17:31:20 Epoch 2: lr=0.00064
2024-05-18 17:32:31 [Epoch: 2] loss: 0.007316, mae: 0.060848, r2: 0.652943, val_loss: 0.007289, val_mae: 0.060523, val_r2: 0.648778
2024-05-18 17:32:31 Epoch 3: lr=0.00046
2024-05-18 17:33:42 [Epoch: 3] loss: 0.006841, mae: 0.058727, r2: 0.674538, val_loss: 0.006937, val_mae: 0.058215, val_r2: 0.670357
2024-05-18 17:33:42 Epoch 4: lr=0.00028
2024-05-18 17:34:53 [Epoch: 4] loss: 0.006448, mae: 0.056910, r2: 0.692542, val_loss: 0.006635, val_mae: 0.057137, val_r2: 0.685209
2024-05-18 17:34:53 Epoch 5: lr=0.0001
2024-05-18 17:36:04 [Epoch: 5] loss: 0.006110, mae: 0.055341, r2: 0.708134, val_loss: 0.006406, val_mae: 0.056738, val_r2: 0.693806
2024-05-18 17:36:04 Epoch 6: lr=0.0001
2024-05-18 17:37:15 [Epoch: 6] loss: 0.005993, mae: 0.054802, r2: 0.713646, val_loss: 0.006373, val_mae: 0.056035, val_r2: 0.694574
2024-05-18 17:37:15 Epoch 7: lr=0.0001
2024-05-18 17:38:26 [Epoch: 7] loss: 0.005909, mae: 0.054429, r2: 0.717595, val_loss: 0.006357, val_mae: 0.055894, val_r2: 0.696961
2024-05-18 17:38:27 Epoch 8: lr=0.0001
2024-05-18 17:39:38 [Epoch: 8] loss: 0.005840, mae: 0.054115, r2: 0.720657, val_loss: 0.006267, val_mae: 0.055670, val_r2: 0.700661
2024-05-18 17:39:38 Epoch 9: lr=0.0001
2024-05-18 17:40:49 [Epoch: 9] loss: 0.005773, mae: 0.053802, r2: 0.723956, val_loss: 0.006256, val_mae: 0.055886, val_r2: 0.699648
2024-05-18 17:40:49 Epoch 10: lr=0.0001
2024-05-18 17:42:00 [Epoch: 10] loss: 0.005709, mae: 0.053511, r2: 0.726693, val_loss: 0.006217, val_mae: 0.055410, val_r2: 0.702161
2024-05-18 17:42:00 Epoch 11: lr=0.0001
2024-05-18 17:43:10 [Epoch: 11] loss: 0.005643, mae: 0.053211, r2: 0.729777, val_loss: 0.006202, val_mae: 0.055704, val_r2: 0.704059
2024-05-18 17:43:11 Epoch 12: lr=0.0001
2024-05-18 17:44:21 [Epoch: 12] loss: 0.005593, mae: 0.052993, r2: 0.732306, val_loss: 0.006192, val_mae: 0.055545, val_r2: 0.704109
2024-05-18 17:44:22 Epoch 13: lr=0.0001
2024-05-18 17:45:32 [Epoch: 13] loss: 0.005532, mae: 0.052708, r2: 0.734926, val_loss: 0.006173, val_mae: 0.055125, val_r2: 0.704354
2024-05-18 17:45:32 Epoch 14: lr=5e-05
2024-05-18 17:46:44 [Epoch: 14] loss: 0.005423, mae: 0.052211, r2: 0.740234, val_loss: 0.006167, val_mae: 0.055394, val_r2: 0.704450
2024-05-18 17:46:44 Epoch 15: lr=5e-05
2024-05-18 17:47:55 [Epoch: 15] loss: 0.005369, mae: 0.051958, r2: 0.742531, val_loss: 0.006158, val_mae: 0.054934, val_r2: 0.704978
2024-05-18 17:47:55 Epoch 16: lr=5e-05
2024-05-18 17:49:06 [Epoch: 16] loss: 0.005339, mae: 0.051794, r2: 0.743913, val_loss: 0.006139, val_mae: 0.054657, val_r2: 0.706339
2024-05-18 17:49:07 Epoch 17: lr=5e-05
2024-05-18 17:50:18 [Epoch: 17] loss: 0.005300, mae: 0.051634, r2: 0.745847, val_loss: 0.006122, val_mae: 0.054854, val_r2: 0.706501
2024-05-18 17:50:18 Epoch 18: lr=5e-05
2024-05-18 17:51:29 [Epoch: 18] loss: 0.005265, mae: 0.051489, r2: 0.747385, val_loss: 0.006103, val_mae: 0.054501, val_r2: 0.708038
2024-05-18 17:51:29 Epoch 19: lr=5e-05
2024-05-18 17:52:40 [Epoch: 19] loss: 0.005249, mae: 0.051392, r2: 0.748230, val_loss: 0.006125, val_mae: 0.054600, val_r2: 0.707571
2024-05-18 17:52:40 Epoch 20: lr=5e-05
2024-05-18 17:53:51 [Epoch: 20] loss: 0.005215, mae: 0.051208, r2: 0.749657, val_loss: 0.006097, val_mae: 0.054476, val_r2: 0.709209
2024-05-18 17:53:51 Epoch 21: lr=2.5e-05
2024-05-18 17:55:02 [Epoch: 21] loss: 0.005152, mae: 0.050957, r2: 0.752783, val_loss: 0.006116, val_mae: 0.054529, val_r2: 0.707299
2024-05-18 17:55:02 Epoch 22: lr=2.5e-05
2024-05-18 17:56:13 [Epoch: 22] loss: 0.005136, mae: 0.050858, r2: 0.753438, val_loss: 0.006120, val_mae: 0.054566, val_r2: 0.707323
2024-05-18 17:56:13 Epoch 23: lr=2.5e-05
2024-05-18 17:57:24 [Epoch: 23] loss: 0.005129, mae: 0.050843, r2: 0.753855, val_loss: 0.006090, val_mae: 0.054476, val_r2: 0.708069
2024-05-18 17:57:24 Epoch 24: lr=2.5e-05
2024-05-18 17:58:35 [Epoch: 24] loss: 0.005109, mae: 0.050748, r2: 0.754712, val_loss: 0.006096, val_mae: 0.054458, val_r2: 0.708025
2024-05-18 17:58:35 Epoch 25: lr=2.5e-05
2024-05-18 17:59:46 [Epoch: 25] loss: 0.005097, mae: 0.050644, r2: 0.755078, val_loss: 0.006109, val_mae: 0.054926, val_r2: 0.706784
2024-05-18 17:59:47 Epoch 26: lr=1.25e-05
2024-05-18 18:00:58 [Epoch: 26] loss: 0.005060, mae: 0.050508, r2: 0.756810, val_loss: 0.006098, val_mae: 0.054429, val_r2: 0.708140
2024-05-18 18:00:58 Epoch 27: lr=1.25e-05
2024-05-18 18:02:09 [Epoch: 27] loss: 0.005050, mae: 0.050441, r2: 0.757120, val_loss: 0.006106, val_mae: 0.054756, val_r2: 0.707884
2024-05-18 18:02:09 Epoch 28: lr=1.25e-05
2024-05-18 18:03:20 [Epoch: 28] loss: 0.005041, mae: 0.050415, r2: 0.757892, val_loss: 0.006120, val_mae: 0.054477, val_r2: 0.706567
2024-05-18 18:03:20 Epoch 29: lr=1.25e-05
2024-05-18 18:04:31 [Epoch: 29] loss: 0.005038, mae: 0.050400, r2: 0.757829, val_loss: 0.006103, val_mae: 0.054475, val_r2: 0.707966
2024-05-18 18:04:31 Epoch 30: lr=1.25e-05
2024-05-18 18:05:42 [Epoch: 30] loss: 0.005025, mae: 0.050325, r2: 0.758620, val_loss: 0.006121, val_mae: 0.054510, val_r2: 0.707684
2024-05-18 18:05:42 Epoch 31: lr=1e-05
2024-05-18 18:06:53 [Epoch: 31] loss: 0.005011, mae: 0.050292, r2: 0.759111, val_loss: 0.006114, val_mae: 0.054570, val_r2: 0.707671
2024-05-18 18:06:53 Epoch 32: lr=1e-05
2024-05-18 18:08:04 [Epoch: 32] loss: 0.005008, mae: 0.050243, r2: 0.759347, val_loss: 0.006095, val_mae: 0.054542, val_r2: 0.708392
2024-05-18 18:08:04 Epoch 33: lr=1e-05
2024-05-18 18:09:15 [Epoch: 33] loss: 0.005001, mae: 0.050220, r2: 0.759666, val_loss: 0.006096, val_mae: 0.054527, val_r2: 0.707922
2024-05-18 18:09:15 history_length: 34
2024-05-18 18:09:15 stopping: early
2024-05-18 18:09:15 Comparing y_true and y_pred:
2024-05-18 18:09:15   mse: 0.01159695
2024-05-18 18:09:15   mae: 0.09972925
2024-05-18 18:09:15   r2: -9.97411066
2024-05-18 18:09:15   corr: 0.20680928
