2024-05-18 13:19:43 UNO RUN ...
2024-05-18 13:19:43 Params: {'model_name': 'uno', 'train_sources': ['CCLE'], 'test_sources': ['train'], 'cell_types': None, 'cell_features': ['rnaseq'], 'drug_features': ['descriptors'], 'dense': [1000, 1000, 1000, 1000, 1000], 'dense_feature_layers': [1000, 1000, 1000], 'activation': 'relu', 'loss': 'mse', 'optimizer': 'adamax', 'scaling': 'std', 'dropout': 0.1, 'epochs': 75, 'batch_size': 32, 'val_split': 0.2, 'cv': 1, 'max_val_loss': 1.0, 'learning_rate': 0.0001, 'base_lr': None, 'agg_dose': 'AUC', 'residual': False, 'reduce_lr': True, 'warmup_lr': True, 'batch_normalization': False, 'feature_subsample': 0, 'rng_seed': 2018, 'no_gen': False, 'verbose': False, 'preprocess_rnaseq': 'source_scale', 'gpus': [0], 'use_landmark_genes': True, 'no_feature_source': True, 'no_response_source': True, 'save_path': '/dev/shm/Uno/save/8999163.amn-0001/79', 'single': True, 'on_memory_loader': True, 'ckpt_checksum': True, 'ckpt_save_interval': 0, 'timeout': -1, 'train_bool': True, 'profiling': False, 'experiment_id': '8999163.amn-0001', 'run_id': '79', 'logfile': '/dev/shm/Uno/save/8999163.amn-0001/79/python.log', 'shuffle': False, 'ckpt_restart_mode': 'off', 'ckpt_skip_epochs': 0, 'ckpt_directory': '/dev/shm/Uno/save/8999163.amn-0001/79', 'ckpt_save_best': True, 'ckpt_save_best_metric': 'val_loss', 'ckpt_save_weights_only': False, 'ckpt_keep_mode': 'linear', 'ckpt_keep_limit': 5, 'by_cell': None, 'by_drug': None, 'cell_subset_path': '', 'drug_subset_path': '', 'drug_median_response_min': -1, 'drug_median_response_max': 1, 'dense_cell_feature_layers': None, 'dense_drug_feature_layers': None, 'use_filtered_genes': False, 'feature_subset_path': '', 'cell_feature_subset_path': '', 'drug_feature_subset_path': '', 'es': True, 'cp': False, 'tb': False, 'tb_prefix': 'tb', 'partition_by': None, 'cache': None, 'export_csv': None, 'export_data': None, 'use_exported_data': '/dev/shm/Uno/x1922c3s7b0n0.79.merged.landmark.h5', 'growth_bins': 0, 'initial_weights': None, 'save_weights': '/dev/shm/Uno/save/8999163.amn-0001/79/3.1.model.h5', 'config_file': '/home/brettin/CSC249ADOA01_CNDA/brettin/Benchmarks/Pilot1/Uno/uno_auc_model.txt', 'data_type': <class 'numpy.float32'>, 'data_dir': '/dev/shm/Uno/uno/Data', 'output_dir': '/dev/shm/Uno/uno/Output/8999163.amn-0001/79'}
2024-05-18 13:19:43 Feature encoding submodel for cell.rnaseq:
2024-05-18 13:19:43 Model: "cell.rnaseq"
2024-05-18 13:19:43 _________________________________________________________________
2024-05-18 13:19:43  Layer (type)                Output Shape              Param #   
2024-05-18 13:19:43 =================================================================
2024-05-18 13:19:43  input_1 (InputLayer)        [(None, 958)]             0         
2024-05-18 13:19:43                                                                  
2024-05-18 13:19:43  dense (Dense)               (None, 1000)              959000    
2024-05-18 13:19:43                                                                  
2024-05-18 13:19:43  permanent_dropout (Permane  (None, 1000)              0         
2024-05-18 13:19:43  ntDropout)                                                      
2024-05-18 13:19:43                                                                  
2024-05-18 13:19:43  dense_1 (Dense)             (None, 1000)              1001000   
2024-05-18 13:19:43                                                                  
2024-05-18 13:19:43  permanent_dropout_1 (Perma  (None, 1000)              0         
2024-05-18 13:19:43  nentDropout)                                                    
2024-05-18 13:19:43                                                                  
2024-05-18 13:19:43  dense_2 (Dense)             (None, 1000)              1001000   
2024-05-18 13:19:43                                                                  
2024-05-18 13:19:43  permanent_dropout_2 (Perma  (None, 1000)              0         
2024-05-18 13:19:43  nentDropout)                                                    
2024-05-18 13:19:43                                                                  
2024-05-18 13:19:43 =================================================================
2024-05-18 13:19:43 Total params: 2961000 (11.30 MB)
2024-05-18 13:19:43 Trainable params: 2961000 (11.30 MB)
2024-05-18 13:19:43 Non-trainable params: 0 (0.00 Byte)
2024-05-18 13:19:43 _________________________________________________________________
2024-05-18 13:19:43 Feature encoding submodel for drug.descriptors:
2024-05-18 13:19:43 Model: "drug.descriptors"
2024-05-18 13:19:43 _________________________________________________________________
2024-05-18 13:19:43  Layer (type)                Output Shape              Param #   
2024-05-18 13:19:43 =================================================================
2024-05-18 13:19:43  input_2 (InputLayer)        [(None, 1613)]            0         
2024-05-18 13:19:43                                                                  
2024-05-18 13:19:43  dense_3 (Dense)             (None, 1000)              1614000   
2024-05-18 13:19:43                                                                  
2024-05-18 13:19:43  permanent_dropout_3 (Perma  (None, 1000)              0         
2024-05-18 13:19:43  nentDropout)                                                    
2024-05-18 13:19:43                                                                  
2024-05-18 13:19:43  dense_4 (Dense)             (None, 1000)              1001000   
2024-05-18 13:19:43                                                                  
2024-05-18 13:19:43  permanent_dropout_4 (Perma  (None, 1000)              0         
2024-05-18 13:19:43  nentDropout)                                                    
2024-05-18 13:19:43                                                                  
2024-05-18 13:19:43  dense_5 (Dense)             (None, 1000)              1001000   
2024-05-18 13:19:43                                                                  
2024-05-18 13:19:43  permanent_dropout_5 (Perma  (None, 1000)              0         
2024-05-18 13:19:43  nentDropout)                                                    
2024-05-18 13:19:43                                                                  
2024-05-18 13:19:43 =================================================================
2024-05-18 13:19:43 Total params: 3616000 (13.79 MB)
2024-05-18 13:19:43 Trainable params: 3616000 (13.79 MB)
2024-05-18 13:19:43 Non-trainable params: 0 (0.00 Byte)
2024-05-18 13:19:43 _________________________________________________________________
2024-05-18 13:19:43 Combined model:
2024-05-18 13:19:43 Model: "model"
2024-05-18 13:19:43 __________________________________________________________________________________________________
2024-05-18 13:19:43  Layer (type)                Output Shape                 Param #   Connected to                  
2024-05-18 13:19:43 ==================================================================================================
2024-05-18 13:19:43  input.cell.rnaseq (InputLa  [(None, 958)]                0         []                            
2024-05-18 13:19:43  yer)                                                                                             
2024-05-18 13:19:43                                                                                                   
2024-05-18 13:19:43  input.drug1.descriptors (I  [(None, 1613)]               0         []                            
2024-05-18 13:19:43  nputLayer)                                                                                       
2024-05-18 13:19:43                                                                                                   
2024-05-18 13:19:43  cell.rnaseq (Functional)    (None, 1000)                 2961000   ['input.cell.rnaseq[0][0]']   
2024-05-18 13:19:43                                                                                                   
2024-05-18 13:19:43  drug.descriptors (Function  (None, 1000)                 3616000   ['input.drug1.descriptors[0][0
2024-05-18 13:19:43  al)                                                                ]']                           
2024-05-18 13:19:43                                                                                                   
2024-05-18 13:19:43  concatenate (Concatenate)   (None, 2000)                 0         ['cell.rnaseq[0][0]',         
2024-05-18 13:19:43                                                                      'drug.descriptors[0][0]']    
2024-05-18 13:19:43                                                                                                   
2024-05-18 13:19:43  dense_6 (Dense)             (None, 1000)                 2001000   ['concatenate[0][0]']         
2024-05-18 13:19:43                                                                                                   
2024-05-18 13:19:43  permanent_dropout_6 (Perma  (None, 1000)                 0         ['dense_6[0][0]']             
2024-05-18 13:19:43  nentDropout)                                                                                     
2024-05-18 13:19:43                                                                                                   
2024-05-18 13:19:43  dense_7 (Dense)             (None, 1000)                 1001000   ['permanent_dropout_6[0][0]'] 
2024-05-18 13:19:43                                                                                                   
2024-05-18 13:19:43  permanent_dropout_7 (Perma  (None, 1000)                 0         ['dense_7[0][0]']             
2024-05-18 13:19:43  nentDropout)                                                                                     
2024-05-18 13:19:43                                                                                                   
2024-05-18 13:19:43  dense_8 (Dense)             (None, 1000)                 1001000   ['permanent_dropout_7[0][0]'] 
2024-05-18 13:19:43                                                                                                   
2024-05-18 13:19:43  permanent_dropout_8 (Perma  (None, 1000)                 0         ['dense_8[0][0]']             
2024-05-18 13:19:43  nentDropout)                                                                                     
2024-05-18 13:19:43                                                                                                   
2024-05-18 13:19:43  dense_9 (Dense)             (None, 1000)                 1001000   ['permanent_dropout_8[0][0]'] 
2024-05-18 13:19:43                                                                                                   
2024-05-18 13:19:43  permanent_dropout_9 (Perma  (None, 1000)                 0         ['dense_9[0][0]']             
2024-05-18 13:19:43  nentDropout)                                                                                     
2024-05-18 13:19:43                                                                                                   
2024-05-18 13:19:43  dense_10 (Dense)            (None, 1000)                 1001000   ['permanent_dropout_9[0][0]'] 
2024-05-18 13:19:43                                                                                                   
2024-05-18 13:19:43  permanent_dropout_10 (Perm  (None, 1000)                 0         ['dense_10[0][0]']            
2024-05-18 13:19:43  anentDropout)                                                                                    
2024-05-18 13:19:43                                                                                                   
2024-05-18 13:19:43  dense_11 (Dense)            (None, 1)                    1001      ['permanent_dropout_10[0][0]']
2024-05-18 13:19:43                                                                                                   
2024-05-18 13:19:43 ==================================================================================================
2024-05-18 13:19:43 Total params: 12583001 (48.00 MB)
2024-05-18 13:19:43 Trainable params: 12583001 (48.00 MB)
2024-05-18 13:19:43 Non-trainable params: 0 (0.00 Byte)
2024-05-18 13:19:43 __________________________________________________________________________________________________
2024-05-18 13:19:44 CKPT CONSTRUCT...
2024-05-18 13:19:44 CKPT CONSTRUCT OK.
2024-05-18 13:19:44 template model: <keras.src.engine.functional.Functional object at 0x155264c29b50>
2024-05-18 13:19:45 COMPILE
2024-05-18 13:19:45 Will save weights to: /dev/shm/Uno/save/8999163.amn-0001/79/3.1.model.h5
2024-05-18 13:20:02 Between random pairs in y_val:
2024-05-18 13:20:02   mse: 0.04774181
2024-05-18 13:20:02   mae: 0.16023953
2024-05-18 13:20:02   r2: -1.00418313
2024-05-18 13:20:02   corr: -0.00209157
2024-05-18 13:20:02 Data points per epoch: train = 469186, val = 117297, test = 1226
2024-05-18 13:20:02 Steps per epoch: train = 14662, val = 3665, test = 38
2024-05-18 13:20:02 Epoch 0: lr=0.001
2024-05-18 13:21:15 [Epoch: 0] loss: 0.024895, mae: 0.079186, r2: -0.201685, val_loss: 0.008677, val_mae: 0.066429, val_r2: 0.596123
2024-05-18 13:21:16 Epoch 1: lr=0.00082
2024-05-18 13:22:27 [Epoch: 1] loss: 0.007983, mae: 0.063904, r2: 0.622235, val_loss: 0.007567, val_mae: 0.061837, val_r2: 0.643703
2024-05-18 13:22:28 Epoch 2: lr=0.00064
2024-05-18 13:23:40 [Epoch: 2] loss: 0.007313, mae: 0.060817, r2: 0.653278, val_loss: 0.007300, val_mae: 0.061832, val_r2: 0.654666
2024-05-18 13:23:40 Epoch 3: lr=0.00046
2024-05-18 13:24:51 [Epoch: 3] loss: 0.006849, mae: 0.058717, r2: 0.674265, val_loss: 0.006925, val_mae: 0.059297, val_r2: 0.670783
2024-05-18 13:24:52 Epoch 4: lr=0.00028
2024-05-18 13:26:04 [Epoch: 4] loss: 0.006457, mae: 0.056910, r2: 0.692240, val_loss: 0.006646, val_mae: 0.057010, val_r2: 0.686629
2024-05-18 13:26:04 Epoch 5: lr=0.0001
2024-05-18 13:27:16 [Epoch: 5] loss: 0.006119, mae: 0.055328, r2: 0.707792, val_loss: 0.006439, val_mae: 0.056236, val_r2: 0.693947
2024-05-18 13:27:16 Epoch 6: lr=0.0001
2024-05-18 13:28:29 [Epoch: 6] loss: 0.005998, mae: 0.054784, r2: 0.713443, val_loss: 0.006427, val_mae: 0.056477, val_r2: 0.694690
2024-05-18 13:28:29 Epoch 7: lr=0.0001
2024-05-18 13:29:40 [Epoch: 7] loss: 0.005936, mae: 0.054487, r2: 0.716194, val_loss: 0.006379, val_mae: 0.055707, val_r2: 0.696428
2024-05-18 13:29:41 Epoch 8: lr=0.0001
2024-05-18 13:30:53 [Epoch: 8] loss: 0.005861, mae: 0.054161, r2: 0.719567, val_loss: 0.006345, val_mae: 0.056051, val_r2: 0.697221
2024-05-18 13:30:53 Epoch 9: lr=0.0001
2024-05-18 13:32:05 [Epoch: 9] loss: 0.005794, mae: 0.053872, r2: 0.722460, val_loss: 0.006324, val_mae: 0.055947, val_r2: 0.697835
2024-05-18 13:32:05 Epoch 10: lr=0.0001
2024-05-18 13:33:17 [Epoch: 10] loss: 0.005727, mae: 0.053586, r2: 0.725615, val_loss: 0.006317, val_mae: 0.056153, val_r2: 0.699728
2024-05-18 13:33:18 Epoch 11: lr=0.0001
2024-05-18 13:34:30 [Epoch: 11] loss: 0.005676, mae: 0.053333, r2: 0.728239, val_loss: 0.006271, val_mae: 0.055213, val_r2: 0.702225
2024-05-18 13:34:30 Epoch 12: lr=0.0001
2024-05-18 13:35:42 [Epoch: 12] loss: 0.005608, mae: 0.053052, r2: 0.731565, val_loss: 0.006260, val_mae: 0.055725, val_r2: 0.701169
2024-05-18 13:35:42 Epoch 13: lr=0.0001
2024-05-18 13:36:54 [Epoch: 13] loss: 0.005558, mae: 0.052810, r2: 0.733670, val_loss: 0.006268, val_mae: 0.055223, val_r2: 0.699740
2024-05-18 13:36:54 Epoch 14: lr=0.0001
2024-05-18 13:38:07 [Epoch: 14] loss: 0.005489, mae: 0.052483, r2: 0.737000, val_loss: 0.006218, val_mae: 0.055873, val_r2: 0.703571
2024-05-18 13:38:07 Epoch 15: lr=0.0001
2024-05-18 13:39:19 [Epoch: 15] loss: 0.005459, mae: 0.052333, r2: 0.738242, val_loss: 0.006180, val_mae: 0.055017, val_r2: 0.705860
2024-05-18 13:39:19 Epoch 16: lr=0.0001
2024-05-18 13:40:31 [Epoch: 16] loss: 0.005392, mae: 0.052053, r2: 0.741450, val_loss: 0.006181, val_mae: 0.054678, val_r2: 0.706237
2024-05-18 13:40:31 Epoch 17: lr=0.0001
2024-05-18 13:41:43 [Epoch: 17] loss: 0.005351, mae: 0.051904, r2: 0.743419, val_loss: 0.006185, val_mae: 0.054469, val_r2: 0.704692
2024-05-18 13:41:43 Epoch 18: lr=0.0001
2024-05-18 13:42:55 [Epoch: 18] loss: 0.005305, mae: 0.051647, r2: 0.745363, val_loss: 0.006127, val_mae: 0.054378, val_r2: 0.708985
2024-05-18 13:42:55 Epoch 19: lr=0.0001
2024-05-18 13:44:08 [Epoch: 19] loss: 0.005263, mae: 0.051479, r2: 0.747404, val_loss: 0.006139, val_mae: 0.054886, val_r2: 0.707491
2024-05-18 13:44:08 Epoch 20: lr=5e-05
2024-05-18 13:45:20 [Epoch: 20] loss: 0.005146, mae: 0.050882, r2: 0.753059, val_loss: 0.006132, val_mae: 0.054613, val_r2: 0.707726
2024-05-18 13:45:20 Epoch 21: lr=5e-05
2024-05-18 13:46:32 [Epoch: 21] loss: 0.005101, mae: 0.050719, r2: 0.754887, val_loss: 0.006107, val_mae: 0.054596, val_r2: 0.708975
2024-05-18 13:46:32 Epoch 22: lr=5e-05
2024-05-18 13:47:44 [Epoch: 22] loss: 0.005075, mae: 0.050561, r2: 0.756109, val_loss: 0.006132, val_mae: 0.054657, val_r2: 0.707865
2024-05-18 13:47:44 Epoch 23: lr=5e-05
2024-05-18 13:48:57 [Epoch: 23] loss: 0.005056, mae: 0.050437, r2: 0.757171, val_loss: 0.006138, val_mae: 0.054146, val_r2: 0.706520
2024-05-18 13:48:57 Epoch 24: lr=5e-05
2024-05-18 13:50:09 [Epoch: 24] loss: 0.005031, mae: 0.050314, r2: 0.758097, val_loss: 0.006117, val_mae: 0.054427, val_r2: 0.708425
2024-05-18 13:50:09 Epoch 25: lr=5e-05
2024-05-18 13:51:21 [Epoch: 25] loss: 0.004998, mae: 0.050183, r2: 0.759926, val_loss: 0.006126, val_mae: 0.054233, val_r2: 0.707327
2024-05-18 13:51:21 Epoch 26: lr=5e-05
2024-05-18 13:52:33 [Epoch: 26] loss: 0.004971, mae: 0.050044, r2: 0.760807, val_loss: 0.006123, val_mae: 0.054758, val_r2: 0.707561
2024-05-18 13:52:33 Epoch 27: lr=2.5e-05
2024-05-18 13:53:46 [Epoch: 27] loss: 0.004914, mae: 0.049775, r2: 0.763477, val_loss: 0.006132, val_mae: 0.054241, val_r2: 0.707217
2024-05-18 13:53:46 Epoch 28: lr=2.5e-05
2024-05-18 13:54:58 [Epoch: 28] loss: 0.004891, mae: 0.049663, r2: 0.764710, val_loss: 0.006115, val_mae: 0.054017, val_r2: 0.708205
2024-05-18 13:54:58 Epoch 29: lr=2.5e-05
2024-05-18 13:56:10 [Epoch: 29] loss: 0.004881, mae: 0.049625, r2: 0.765269, val_loss: 0.006091, val_mae: 0.054195, val_r2: 0.709667
2024-05-18 13:56:10 Epoch 30: lr=2.5e-05
2024-05-18 13:57:22 [Epoch: 30] loss: 0.004868, mae: 0.049512, r2: 0.765992, val_loss: 0.006114, val_mae: 0.054410, val_r2: 0.708284
2024-05-18 13:57:22 Epoch 31: lr=2.5e-05
2024-05-18 13:58:34 [Epoch: 31] loss: 0.004859, mae: 0.049511, r2: 0.766454, val_loss: 0.006119, val_mae: 0.054280, val_r2: 0.708034
2024-05-18 13:58:34 Epoch 32: lr=1.25e-05
2024-05-18 13:59:46 [Epoch: 32] loss: 0.004821, mae: 0.049320, r2: 0.767939, val_loss: 0.006145, val_mae: 0.054091, val_r2: 0.706924
2024-05-18 13:59:46 Epoch 33: lr=1.25e-05
2024-05-18 14:00:58 [Epoch: 33] loss: 0.004818, mae: 0.049317, r2: 0.768027, val_loss: 0.006118, val_mae: 0.054172, val_r2: 0.707844
2024-05-18 14:00:58 Epoch 34: lr=1.25e-05
2024-05-18 14:02:10 [Epoch: 34] loss: 0.004811, mae: 0.049263, r2: 0.768710, val_loss: 0.006110, val_mae: 0.054278, val_r2: 0.707776
2024-05-18 14:02:11 Epoch 35: lr=1.25e-05
2024-05-18 14:03:23 [Epoch: 35] loss: 0.004800, mae: 0.049217, r2: 0.768864, val_loss: 0.006117, val_mae: 0.054131, val_r2: 0.707566
2024-05-18 14:03:23 Epoch 36: lr=1.25e-05
2024-05-18 14:04:35 [Epoch: 36] loss: 0.004799, mae: 0.049205, r2: 0.768953, val_loss: 0.006125, val_mae: 0.054125, val_r2: 0.707358
2024-05-18 14:04:35 Epoch 37: lr=1e-05
2024-05-18 14:05:47 [Epoch: 37] loss: 0.004775, mae: 0.049107, r2: 0.770082, val_loss: 0.006122, val_mae: 0.054164, val_r2: 0.707665
2024-05-18 14:05:47 Epoch 38: lr=1e-05
2024-05-18 14:07:00 [Epoch: 38] loss: 0.004784, mae: 0.049123, r2: 0.769754, val_loss: 0.006110, val_mae: 0.054065, val_r2: 0.708140
2024-05-18 14:07:00 Epoch 39: lr=1e-05
2024-05-18 14:08:12 [Epoch: 39] loss: 0.004777, mae: 0.049074, r2: 0.770090, val_loss: 0.006127, val_mae: 0.054182, val_r2: 0.707293
2024-05-18 14:08:12 history_length: 40
2024-05-18 14:08:12 stopping: early
2024-05-18 14:08:12 Comparing y_true and y_pred:
2024-05-18 14:08:12   mse: 0.00284418
2024-05-18 14:08:12   mae: 0.04129208
2024-05-18 14:08:12   r2: -0.11540184
2024-05-18 14:08:12   corr: 0.29007809
