2024-05-22 13:29:36 UNO RUN ...
2024-05-22 13:29:36 Params: {'model_name': 'uno', 'train_sources': ['CCLE'], 'test_sources': ['train'], 'cell_types': None, 'cell_features': ['rnaseq'], 'drug_features': ['descriptors'], 'dense': [1000, 1000, 1000, 1000, 1000], 'dense_feature_layers': [1000, 1000, 1000], 'activation': 'relu', 'loss': 'mse', 'optimizer': 'adamax', 'scaling': 'std', 'dropout': 0.1, 'epochs': 50, 'batch_size': 32, 'val_split': 0.2, 'cv': 1, 'max_val_loss': 1.0, 'learning_rate': 0.0001, 'base_lr': None, 'agg_dose': 'AUC', 'residual': False, 'reduce_lr': True, 'warmup_lr': True, 'batch_normalization': False, 'feature_subsample': 0, 'rng_seed': 2018, 'no_gen': False, 'verbose': False, 'preprocess_rnaseq': 'source_scale', 'gpus': [0], 'use_landmark_genes': True, 'no_feature_source': True, 'no_response_source': True, 'save_path': '/dev/shm/Uno/save/9000732.amn-0001/2', 'single': True, 'on_memory_loader': True, 'ckpt_checksum': True, 'ckpt_save_interval': 0, 'timeout': -1, 'train_bool': True, 'profiling': False, 'experiment_id': '9000732.amn-0001', 'run_id': '2', 'logfile': '/dev/shm/Uno/save/9000732.amn-0001/2/python.log', 'shuffle': False, 'ckpt_restart_mode': 'off', 'ckpt_skip_epochs': 0, 'ckpt_directory': '/dev/shm/Uno/save/9000732.amn-0001/2', 'ckpt_save_best': True, 'ckpt_save_best_metric': 'val_loss', 'ckpt_save_weights_only': False, 'ckpt_keep_mode': 'linear', 'ckpt_keep_limit': 5, 'by_cell': None, 'by_drug': None, 'cell_subset_path': '', 'drug_subset_path': '', 'drug_median_response_min': -1, 'drug_median_response_max': 1, 'dense_cell_feature_layers': None, 'dense_drug_feature_layers': None, 'use_filtered_genes': False, 'feature_subset_path': '', 'cell_feature_subset_path': '', 'drug_feature_subset_path': '', 'es': True, 'cp': False, 'tb': False, 'tb_prefix': 'tb', 'partition_by': None, 'cache': None, 'export_csv': None, 'export_data': None, 'use_exported_data': '/dev/shm/Uno/x1921c2s2b0n0.2.merged.landmark.h5', 'growth_bins': 0, 'initial_weights': None, 'save_weights': '/dev/shm/Uno/save/9000732.amn-0001/2/1.0.model.h5', 'config_file': '/home/brettin/CSC249ADOA01_CNDA/brettin/Benchmarks/Pilot1/Uno/uno_auc_model.txt', 'data_type': <class 'numpy.float32'>, 'data_dir': '/dev/shm/Uno/uno/Data', 'output_dir': '/dev/shm/Uno/uno/Output/9000732.amn-0001/2'}
2024-05-22 13:29:36 Feature encoding submodel for cell.rnaseq:
2024-05-22 13:29:36 Model: "cell.rnaseq"
2024-05-22 13:29:36 _________________________________________________________________
2024-05-22 13:29:36  Layer (type)                Output Shape              Param #   
2024-05-22 13:29:36 =================================================================
2024-05-22 13:29:36  input_1 (InputLayer)        [(None, 958)]             0         
2024-05-22 13:29:36                                                                  
2024-05-22 13:29:36  dense (Dense)               (None, 1000)              959000    
2024-05-22 13:29:36                                                                  
2024-05-22 13:29:36  permanent_dropout (Permane  (None, 1000)              0         
2024-05-22 13:29:36  ntDropout)                                                      
2024-05-22 13:29:36                                                                  
2024-05-22 13:29:36  dense_1 (Dense)             (None, 1000)              1001000   
2024-05-22 13:29:36                                                                  
2024-05-22 13:29:36  permanent_dropout_1 (Perma  (None, 1000)              0         
2024-05-22 13:29:36  nentDropout)                                                    
2024-05-22 13:29:36                                                                  
2024-05-22 13:29:36  dense_2 (Dense)             (None, 1000)              1001000   
2024-05-22 13:29:36                                                                  
2024-05-22 13:29:36  permanent_dropout_2 (Perma  (None, 1000)              0         
2024-05-22 13:29:36  nentDropout)                                                    
2024-05-22 13:29:36                                                                  
2024-05-22 13:29:36 =================================================================
2024-05-22 13:29:36 Total params: 2961000 (11.30 MB)
2024-05-22 13:29:36 Trainable params: 2961000 (11.30 MB)
2024-05-22 13:29:36 Non-trainable params: 0 (0.00 Byte)
2024-05-22 13:29:36 _________________________________________________________________
2024-05-22 13:29:36 Feature encoding submodel for drug.descriptors:
2024-05-22 13:29:36 Model: "drug.descriptors"
2024-05-22 13:29:36 _________________________________________________________________
2024-05-22 13:29:36  Layer (type)                Output Shape              Param #   
2024-05-22 13:29:36 =================================================================
2024-05-22 13:29:36  input_2 (InputLayer)        [(None, 1613)]            0         
2024-05-22 13:29:36                                                                  
2024-05-22 13:29:36  dense_3 (Dense)             (None, 1000)              1614000   
2024-05-22 13:29:36                                                                  
2024-05-22 13:29:36  permanent_dropout_3 (Perma  (None, 1000)              0         
2024-05-22 13:29:36  nentDropout)                                                    
2024-05-22 13:29:36                                                                  
2024-05-22 13:29:36  dense_4 (Dense)             (None, 1000)              1001000   
2024-05-22 13:29:36                                                                  
2024-05-22 13:29:36  permanent_dropout_4 (Perma  (None, 1000)              0         
2024-05-22 13:29:36  nentDropout)                                                    
2024-05-22 13:29:36                                                                  
2024-05-22 13:29:36  dense_5 (Dense)             (None, 1000)              1001000   
2024-05-22 13:29:36                                                                  
2024-05-22 13:29:36  permanent_dropout_5 (Perma  (None, 1000)              0         
2024-05-22 13:29:36  nentDropout)                                                    
2024-05-22 13:29:36                                                                  
2024-05-22 13:29:36 =================================================================
2024-05-22 13:29:36 Total params: 3616000 (13.79 MB)
2024-05-22 13:29:36 Trainable params: 3616000 (13.79 MB)
2024-05-22 13:29:36 Non-trainable params: 0 (0.00 Byte)
2024-05-22 13:29:36 _________________________________________________________________
2024-05-22 13:29:36 Combined model:
2024-05-22 13:29:36 Model: "model"
2024-05-22 13:29:36 __________________________________________________________________________________________________
2024-05-22 13:29:36  Layer (type)                Output Shape                 Param #   Connected to                  
2024-05-22 13:29:36 ==================================================================================================
2024-05-22 13:29:36  input.cell.rnaseq (InputLa  [(None, 958)]                0         []                            
2024-05-22 13:29:36  yer)                                                                                             
2024-05-22 13:29:36                                                                                                   
2024-05-22 13:29:36  input.drug1.descriptors (I  [(None, 1613)]               0         []                            
2024-05-22 13:29:36  nputLayer)                                                                                       
2024-05-22 13:29:36                                                                                                   
2024-05-22 13:29:36  cell.rnaseq (Functional)    (None, 1000)                 2961000   ['input.cell.rnaseq[0][0]']   
2024-05-22 13:29:36                                                                                                   
2024-05-22 13:29:36  drug.descriptors (Function  (None, 1000)                 3616000   ['input.drug1.descriptors[0][0
2024-05-22 13:29:36  al)                                                                ]']                           
2024-05-22 13:29:36                                                                                                   
2024-05-22 13:29:36  concatenate (Concatenate)   (None, 2000)                 0         ['cell.rnaseq[0][0]',         
2024-05-22 13:29:36                                                                      'drug.descriptors[0][0]']    
2024-05-22 13:29:36                                                                                                   
2024-05-22 13:29:36  dense_6 (Dense)             (None, 1000)                 2001000   ['concatenate[0][0]']         
2024-05-22 13:29:36                                                                                                   
2024-05-22 13:29:36  permanent_dropout_6 (Perma  (None, 1000)                 0         ['dense_6[0][0]']             
2024-05-22 13:29:36  nentDropout)                                                                                     
2024-05-22 13:29:36                                                                                                   
2024-05-22 13:29:36  dense_7 (Dense)             (None, 1000)                 1001000   ['permanent_dropout_6[0][0]'] 
2024-05-22 13:29:36                                                                                                   
2024-05-22 13:29:36  permanent_dropout_7 (Perma  (None, 1000)                 0         ['dense_7[0][0]']             
2024-05-22 13:29:36  nentDropout)                                                                                     
2024-05-22 13:29:36                                                                                                   
2024-05-22 13:29:36  dense_8 (Dense)             (None, 1000)                 1001000   ['permanent_dropout_7[0][0]'] 
2024-05-22 13:29:36                                                                                                   
2024-05-22 13:29:36  permanent_dropout_8 (Perma  (None, 1000)                 0         ['dense_8[0][0]']             
2024-05-22 13:29:36  nentDropout)                                                                                     
2024-05-22 13:29:36                                                                                                   
2024-05-22 13:29:36  dense_9 (Dense)             (None, 1000)                 1001000   ['permanent_dropout_8[0][0]'] 
2024-05-22 13:29:36                                                                                                   
2024-05-22 13:29:36  permanent_dropout_9 (Perma  (None, 1000)                 0         ['dense_9[0][0]']             
2024-05-22 13:29:36  nentDropout)                                                                                     
2024-05-22 13:29:36                                                                                                   
2024-05-22 13:29:36  dense_10 (Dense)            (None, 1000)                 1001000   ['permanent_dropout_9[0][0]'] 
2024-05-22 13:29:36                                                                                                   
2024-05-22 13:29:36  permanent_dropout_10 (Perm  (None, 1000)                 0         ['dense_10[0][0]']            
2024-05-22 13:29:36  anentDropout)                                                                                    
2024-05-22 13:29:36                                                                                                   
2024-05-22 13:29:36  dense_11 (Dense)            (None, 1)                    1001      ['permanent_dropout_10[0][0]']
2024-05-22 13:29:36                                                                                                   
2024-05-22 13:29:36 ==================================================================================================
2024-05-22 13:29:36 Total params: 12583001 (48.00 MB)
2024-05-22 13:29:36 Trainable params: 12583001 (48.00 MB)
2024-05-22 13:29:36 Non-trainable params: 0 (0.00 Byte)
2024-05-22 13:29:36 __________________________________________________________________________________________________
2024-05-22 13:29:37 CKPT CONSTRUCT...
2024-05-22 13:29:37 CKPT CONSTRUCT OK.
2024-05-22 13:29:37 template model: <keras.src.engine.functional.Functional object at 0x150cd098c8e0>
2024-05-22 13:29:38 COMPILE
2024-05-22 13:29:38 Will save weights to: /dev/shm/Uno/save/9000732.amn-0001/2/1.0.model.h5
2024-05-22 13:29:55 Between random pairs in y_val:
2024-05-22 13:29:55   mse: 0.04643020
2024-05-22 13:29:55   mae: 0.15794443
2024-05-22 13:29:55   r2: -0.98904470
2024-05-22 13:29:55   corr: 0.00547765
2024-05-22 13:29:55 Data points per epoch: train = 468646, val = 117162, test = 1901
2024-05-22 13:29:55 Steps per epoch: train = 14645, val = 3661, test = 59
2024-05-22 13:29:55 Epoch 0: lr=0.001
2024-05-22 13:31:08 [Epoch: 0] loss: 0.039756, mae: 0.079605, r2: -2.094279, val_loss: 0.008828, val_mae: 0.066488, val_r2: 0.572963
2024-05-22 13:31:09 Epoch 1: lr=0.00082
2024-05-22 13:32:20 [Epoch: 1] loss: 0.007938, mae: 0.063789, r2: 0.613669, val_loss: 0.007670, val_mae: 0.062387, val_r2: 0.629734
2024-05-22 13:32:21 Epoch 2: lr=0.00064
2024-05-22 13:33:33 [Epoch: 2] loss: 0.007275, mae: 0.060715, r2: 0.644762, val_loss: 0.007227, val_mae: 0.059786, val_r2: 0.647637
2024-05-22 13:33:33 Epoch 3: lr=0.00046
2024-05-22 13:34:45 [Epoch: 3] loss: 0.006812, mae: 0.058597, r2: 0.666269, val_loss: 0.006975, val_mae: 0.059782, val_r2: 0.659416
2024-05-22 13:34:45 Epoch 4: lr=0.00028
2024-05-22 13:35:56 [Epoch: 4] loss: 0.006400, mae: 0.056670, r2: 0.685843, val_loss: 0.006684, val_mae: 0.057088, val_r2: 0.674535
2024-05-22 13:35:57 Epoch 5: lr=0.0001
2024-05-22 13:37:08 [Epoch: 5] loss: 0.006075, mae: 0.055165, r2: 0.701149, val_loss: 0.006474, val_mae: 0.057227, val_r2: 0.684560
2024-05-22 13:37:08 Epoch 6: lr=0.0001
2024-05-22 13:38:20 [Epoch: 6] loss: 0.005959, mae: 0.054661, r2: 0.706573, val_loss: 0.006407, val_mae: 0.056535, val_r2: 0.687075
2024-05-22 13:38:20 Epoch 7: lr=0.0001
2024-05-22 13:39:32 [Epoch: 7] loss: 0.005881, mae: 0.054338, r2: 0.710137, val_loss: 0.006387, val_mae: 0.055862, val_r2: 0.688541
2024-05-22 13:39:32 Epoch 8: lr=0.0001
2024-05-22 13:40:44 [Epoch: 8] loss: 0.005813, mae: 0.053980, r2: 0.713406, val_loss: 0.006357, val_mae: 0.056086, val_r2: 0.688391
2024-05-22 13:40:44 Epoch 9: lr=0.0001
2024-05-22 13:41:55 [Epoch: 9] loss: 0.005755, mae: 0.053717, r2: 0.716297, val_loss: 0.006322, val_mae: 0.055688, val_r2: 0.690492
2024-05-22 13:41:56 Epoch 10: lr=0.0001
2024-05-22 13:43:08 [Epoch: 10] loss: 0.005681, mae: 0.053424, r2: 0.719694, val_loss: 0.006315, val_mae: 0.056244, val_r2: 0.691818
2024-05-22 13:43:08 Epoch 11: lr=0.0001
2024-05-22 13:44:20 [Epoch: 11] loss: 0.005629, mae: 0.053170, r2: 0.722481, val_loss: 0.006274, val_mae: 0.055603, val_r2: 0.692796
2024-05-22 13:44:20 Epoch 12: lr=0.0001
2024-05-22 13:45:32 [Epoch: 12] loss: 0.005568, mae: 0.052910, r2: 0.725218, val_loss: 0.006238, val_mae: 0.055520, val_r2: 0.695649
2024-05-22 13:45:32 Epoch 13: lr=0.0001
2024-05-22 13:46:43 [Epoch: 13] loss: 0.005506, mae: 0.052627, r2: 0.728085, val_loss: 0.006244, val_mae: 0.055343, val_r2: 0.694519
2024-05-22 13:46:44 Epoch 14: lr=0.0001
2024-05-22 13:47:56 [Epoch: 14] loss: 0.005460, mae: 0.052392, r2: 0.730431, val_loss: 0.006217, val_mae: 0.055338, val_r2: 0.695149
2024-05-22 13:47:56 Epoch 15: lr=0.0001
2024-05-22 13:49:08 [Epoch: 15] loss: 0.005402, mae: 0.052106, r2: 0.733290, val_loss: 0.006264, val_mae: 0.055095, val_r2: 0.693070
2024-05-22 13:49:08 Epoch 16: lr=0.0001
2024-05-22 13:50:19 [Epoch: 16] loss: 0.005353, mae: 0.051885, r2: 0.735785, val_loss: 0.006173, val_mae: 0.054844, val_r2: 0.698118
2024-05-22 13:50:19 Epoch 17: lr=0.0001
2024-05-22 13:51:31 [Epoch: 17] loss: 0.005317, mae: 0.051697, r2: 0.737418, val_loss: 0.006158, val_mae: 0.055344, val_r2: 0.699148
2024-05-22 13:51:31 Epoch 18: lr=5e-05
2024-05-22 13:52:42 [Epoch: 18] loss: 0.005191, mae: 0.051121, r2: 0.743576, val_loss: 0.006181, val_mae: 0.054842, val_r2: 0.697609
2024-05-22 13:52:42 Epoch 19: lr=5e-05
2024-05-22 13:53:54 [Epoch: 19] loss: 0.005147, mae: 0.050925, r2: 0.745326, val_loss: 0.006161, val_mae: 0.054635, val_r2: 0.698436
2024-05-22 13:53:54 Epoch 20: lr=5e-05
2024-05-22 13:55:06 [Epoch: 20] loss: 0.005123, mae: 0.050771, r2: 0.746549, val_loss: 0.006176, val_mae: 0.054799, val_r2: 0.698736
2024-05-22 13:55:06 Epoch 21: lr=5e-05
2024-05-22 13:56:18 [Epoch: 21] loss: 0.005097, mae: 0.050685, r2: 0.747951, val_loss: 0.006146, val_mae: 0.055066, val_r2: 0.700284
2024-05-22 13:56:18 Epoch 22: lr=5e-05
2024-05-22 13:57:30 [Epoch: 22] loss: 0.005060, mae: 0.050517, r2: 0.749608, val_loss: 0.006152, val_mae: 0.055027, val_r2: 0.698949
2024-05-22 13:57:30 Epoch 23: lr=2.5e-05
2024-05-22 13:58:42 [Epoch: 23] loss: 0.005002, mae: 0.050216, r2: 0.752525, val_loss: 0.006156, val_mae: 0.054561, val_r2: 0.699135
2024-05-22 13:58:42 Epoch 24: lr=2.5e-05
2024-05-22 13:59:54 [Epoch: 24] loss: 0.004976, mae: 0.050118, r2: 0.753461, val_loss: 0.006143, val_mae: 0.054904, val_r2: 0.700436
2024-05-22 13:59:54 Epoch 25: lr=2.5e-05
2024-05-22 14:01:06 [Epoch: 25] loss: 0.004973, mae: 0.050071, r2: 0.753856, val_loss: 0.006135, val_mae: 0.054745, val_r2: 0.700473
2024-05-22 14:01:06 Epoch 26: lr=2.5e-05
2024-05-22 14:02:18 [Epoch: 26] loss: 0.004961, mae: 0.050000, r2: 0.754533, val_loss: 0.006148, val_mae: 0.054564, val_r2: 0.699464
2024-05-22 14:02:18 Epoch 27: lr=2.5e-05
2024-05-22 14:03:29 [Epoch: 27] loss: 0.004944, mae: 0.049951, r2: 0.755431, val_loss: 0.006123, val_mae: 0.054763, val_r2: 0.700204
2024-05-22 14:03:29 Epoch 28: lr=2.5e-05
2024-05-22 14:04:41 [Epoch: 28] loss: 0.004934, mae: 0.049907, r2: 0.755638, val_loss: 0.006137, val_mae: 0.054465, val_r2: 0.699971
2024-05-22 14:04:42 Epoch 29: lr=2.5e-05
2024-05-22 14:05:54 [Epoch: 29] loss: 0.004913, mae: 0.049819, r2: 0.756611, val_loss: 0.006134, val_mae: 0.054773, val_r2: 0.700464
2024-05-22 14:05:54 Epoch 30: lr=2.5e-05
2024-05-22 14:07:06 [Epoch: 30] loss: 0.004908, mae: 0.049766, r2: 0.756989, val_loss: 0.006148, val_mae: 0.054591, val_r2: 0.699626
2024-05-22 14:07:06 Epoch 31: lr=1.25e-05
2024-05-22 14:08:17 [Epoch: 31] loss: 0.004879, mae: 0.049609, r2: 0.758245, val_loss: 0.006139, val_mae: 0.054665, val_r2: 0.700091
2024-05-22 14:08:17 Epoch 32: lr=1.25e-05
2024-05-22 14:09:29 [Epoch: 32] loss: 0.004868, mae: 0.049591, r2: 0.758816, val_loss: 0.006177, val_mae: 0.054469, val_r2: 0.698055
2024-05-22 14:09:29 Epoch 33: lr=1.25e-05
2024-05-22 14:10:40 [Epoch: 33] loss: 0.004852, mae: 0.049484, r2: 0.759497, val_loss: 0.006165, val_mae: 0.054635, val_r2: 0.698993
2024-05-22 14:10:41 Epoch 34: lr=1.25e-05
2024-05-22 14:11:52 [Epoch: 34] loss: 0.004851, mae: 0.049488, r2: 0.759601, val_loss: 0.006156, val_mae: 0.054506, val_r2: 0.699385
2024-05-22 14:11:53 Epoch 35: lr=1.25e-05
2024-05-22 14:13:04 [Epoch: 35] loss: 0.004842, mae: 0.049476, r2: 0.760211, val_loss: 0.006155, val_mae: 0.054763, val_r2: 0.699061
2024-05-22 14:13:04 Epoch 36: lr=1e-05
2024-05-22 14:14:16 [Epoch: 36] loss: 0.004830, mae: 0.049379, r2: 0.760683, val_loss: 0.006138, val_mae: 0.054323, val_r2: 0.700227
2024-05-22 14:14:16 Epoch 37: lr=1e-05
2024-05-22 14:15:28 [Epoch: 37] loss: 0.004824, mae: 0.049368, r2: 0.761106, val_loss: 0.006133, val_mae: 0.054478, val_r2: 0.700264
2024-05-22 14:15:29 history_length: 38
2024-05-22 14:15:29 stopping: early
2024-05-22 14:15:29 Comparing y_true and y_pred:
2024-05-22 14:15:29   mse: 0.30036985
2024-05-22 14:15:29   mae: 0.53204670
2024-05-22 14:15:29   r2: -15.89528486
2024-05-22 14:15:29   corr: 0.10052401
