2024-05-22 13:29:36 UNO RUN ...
2024-05-22 13:29:36 Params: {'model_name': 'uno', 'train_sources': ['CCLE'], 'test_sources': ['train'], 'cell_types': None, 'cell_features': ['rnaseq'], 'drug_features': ['descriptors'], 'dense': [1000, 1000, 1000, 1000, 1000], 'dense_feature_layers': [1000, 1000, 1000], 'activation': 'relu', 'loss': 'mse', 'optimizer': 'adamax', 'scaling': 'std', 'dropout': 0.1, 'epochs': 50, 'batch_size': 32, 'val_split': 0.2, 'cv': 1, 'max_val_loss': 1.0, 'learning_rate': 0.0001, 'base_lr': None, 'agg_dose': 'AUC', 'residual': False, 'reduce_lr': True, 'warmup_lr': True, 'batch_normalization': False, 'feature_subsample': 0, 'rng_seed': 2018, 'no_gen': False, 'verbose': False, 'preprocess_rnaseq': 'source_scale', 'gpus': [0], 'use_landmark_genes': True, 'no_feature_source': True, 'no_response_source': True, 'save_path': '/dev/shm/Uno/save/9000732.amn-0001/116', 'single': True, 'on_memory_loader': True, 'ckpt_checksum': True, 'ckpt_save_interval': 0, 'timeout': -1, 'train_bool': True, 'profiling': False, 'experiment_id': '9000732.amn-0001', 'run_id': '116', 'logfile': '/dev/shm/Uno/save/9000732.amn-0001/116/python.log', 'shuffle': False, 'ckpt_restart_mode': 'off', 'ckpt_skip_epochs': 0, 'ckpt_directory': '/dev/shm/Uno/save/9000732.amn-0001/116', 'ckpt_save_best': True, 'ckpt_save_best_metric': 'val_loss', 'ckpt_save_weights_only': False, 'ckpt_keep_mode': 'linear', 'ckpt_keep_limit': 5, 'by_cell': None, 'by_drug': None, 'cell_subset_path': '', 'drug_subset_path': '', 'drug_median_response_min': -1, 'drug_median_response_max': 1, 'dense_cell_feature_layers': None, 'dense_drug_feature_layers': None, 'use_filtered_genes': False, 'feature_subset_path': '', 'cell_feature_subset_path': '', 'drug_feature_subset_path': '', 'es': True, 'cp': False, 'tb': False, 'tb_prefix': 'tb', 'partition_by': None, 'cache': None, 'export_csv': None, 'export_data': None, 'use_exported_data': '/dev/shm/Uno/x1921c4s1b0n0.116.merged.landmark.h5', 'growth_bins': 0, 'initial_weights': None, 'save_weights': '/dev/shm/Uno/save/9000732.amn-0001/116/4.0.model.h5', 'config_file': '/home/brettin/CSC249ADOA01_CNDA/brettin/Benchmarks/Pilot1/Uno/uno_auc_model.txt', 'data_type': <class 'numpy.float32'>, 'data_dir': '/dev/shm/Uno/uno/Data', 'output_dir': '/dev/shm/Uno/uno/Output/9000732.amn-0001/116'}
2024-05-22 13:29:36 Feature encoding submodel for cell.rnaseq:
2024-05-22 13:29:36 Model: "cell.rnaseq"
2024-05-22 13:29:36 _________________________________________________________________
2024-05-22 13:29:36  Layer (type)                Output Shape              Param #   
2024-05-22 13:29:36 =================================================================
2024-05-22 13:29:36  input_1 (InputLayer)        [(None, 958)]             0         
2024-05-22 13:29:36                                                                  
2024-05-22 13:29:36  dense (Dense)               (None, 1000)              959000    
2024-05-22 13:29:36                                                                  
2024-05-22 13:29:36  permanent_dropout (Permane  (None, 1000)              0         
2024-05-22 13:29:36  ntDropout)                                                      
2024-05-22 13:29:36                                                                  
2024-05-22 13:29:36  dense_1 (Dense)             (None, 1000)              1001000   
2024-05-22 13:29:36                                                                  
2024-05-22 13:29:36  permanent_dropout_1 (Perma  (None, 1000)              0         
2024-05-22 13:29:36  nentDropout)                                                    
2024-05-22 13:29:36                                                                  
2024-05-22 13:29:36  dense_2 (Dense)             (None, 1000)              1001000   
2024-05-22 13:29:36                                                                  
2024-05-22 13:29:36  permanent_dropout_2 (Perma  (None, 1000)              0         
2024-05-22 13:29:36  nentDropout)                                                    
2024-05-22 13:29:36                                                                  
2024-05-22 13:29:36 =================================================================
2024-05-22 13:29:36 Total params: 2961000 (11.30 MB)
2024-05-22 13:29:36 Trainable params: 2961000 (11.30 MB)
2024-05-22 13:29:36 Non-trainable params: 0 (0.00 Byte)
2024-05-22 13:29:36 _________________________________________________________________
2024-05-22 13:29:36 Feature encoding submodel for drug.descriptors:
2024-05-22 13:29:36 Model: "drug.descriptors"
2024-05-22 13:29:36 _________________________________________________________________
2024-05-22 13:29:36  Layer (type)                Output Shape              Param #   
2024-05-22 13:29:36 =================================================================
2024-05-22 13:29:36  input_2 (InputLayer)        [(None, 1613)]            0         
2024-05-22 13:29:36                                                                  
2024-05-22 13:29:36  dense_3 (Dense)             (None, 1000)              1614000   
2024-05-22 13:29:36                                                                  
2024-05-22 13:29:36  permanent_dropout_3 (Perma  (None, 1000)              0         
2024-05-22 13:29:36  nentDropout)                                                    
2024-05-22 13:29:36                                                                  
2024-05-22 13:29:36  dense_4 (Dense)             (None, 1000)              1001000   
2024-05-22 13:29:36                                                                  
2024-05-22 13:29:36  permanent_dropout_4 (Perma  (None, 1000)              0         
2024-05-22 13:29:36  nentDropout)                                                    
2024-05-22 13:29:36                                                                  
2024-05-22 13:29:36  dense_5 (Dense)             (None, 1000)              1001000   
2024-05-22 13:29:36                                                                  
2024-05-22 13:29:36  permanent_dropout_5 (Perma  (None, 1000)              0         
2024-05-22 13:29:36  nentDropout)                                                    
2024-05-22 13:29:36                                                                  
2024-05-22 13:29:36 =================================================================
2024-05-22 13:29:36 Total params: 3616000 (13.79 MB)
2024-05-22 13:29:36 Trainable params: 3616000 (13.79 MB)
2024-05-22 13:29:36 Non-trainable params: 0 (0.00 Byte)
2024-05-22 13:29:36 _________________________________________________________________
2024-05-22 13:29:36 Combined model:
2024-05-22 13:29:36 Model: "model"
2024-05-22 13:29:36 __________________________________________________________________________________________________
2024-05-22 13:29:36  Layer (type)                Output Shape                 Param #   Connected to                  
2024-05-22 13:29:36 ==================================================================================================
2024-05-22 13:29:36  input.cell.rnaseq (InputLa  [(None, 958)]                0         []                            
2024-05-22 13:29:36  yer)                                                                                             
2024-05-22 13:29:36                                                                                                   
2024-05-22 13:29:36  input.drug1.descriptors (I  [(None, 1613)]               0         []                            
2024-05-22 13:29:36  nputLayer)                                                                                       
2024-05-22 13:29:36                                                                                                   
2024-05-22 13:29:36  cell.rnaseq (Functional)    (None, 1000)                 2961000   ['input.cell.rnaseq[0][0]']   
2024-05-22 13:29:36                                                                                                   
2024-05-22 13:29:36  drug.descriptors (Function  (None, 1000)                 3616000   ['input.drug1.descriptors[0][0
2024-05-22 13:29:36  al)                                                                ]']                           
2024-05-22 13:29:36                                                                                                   
2024-05-22 13:29:36  concatenate (Concatenate)   (None, 2000)                 0         ['cell.rnaseq[0][0]',         
2024-05-22 13:29:36                                                                      'drug.descriptors[0][0]']    
2024-05-22 13:29:36                                                                                                   
2024-05-22 13:29:36  dense_6 (Dense)             (None, 1000)                 2001000   ['concatenate[0][0]']         
2024-05-22 13:29:36                                                                                                   
2024-05-22 13:29:36  permanent_dropout_6 (Perma  (None, 1000)                 0         ['dense_6[0][0]']             
2024-05-22 13:29:36  nentDropout)                                                                                     
2024-05-22 13:29:36                                                                                                   
2024-05-22 13:29:36  dense_7 (Dense)             (None, 1000)                 1001000   ['permanent_dropout_6[0][0]'] 
2024-05-22 13:29:36                                                                                                   
2024-05-22 13:29:36  permanent_dropout_7 (Perma  (None, 1000)                 0         ['dense_7[0][0]']             
2024-05-22 13:29:36  nentDropout)                                                                                     
2024-05-22 13:29:36                                                                                                   
2024-05-22 13:29:36  dense_8 (Dense)             (None, 1000)                 1001000   ['permanent_dropout_7[0][0]'] 
2024-05-22 13:29:36                                                                                                   
2024-05-22 13:29:36  permanent_dropout_8 (Perma  (None, 1000)                 0         ['dense_8[0][0]']             
2024-05-22 13:29:36  nentDropout)                                                                                     
2024-05-22 13:29:36                                                                                                   
2024-05-22 13:29:36  dense_9 (Dense)             (None, 1000)                 1001000   ['permanent_dropout_8[0][0]'] 
2024-05-22 13:29:36                                                                                                   
2024-05-22 13:29:36  permanent_dropout_9 (Perma  (None, 1000)                 0         ['dense_9[0][0]']             
2024-05-22 13:29:36  nentDropout)                                                                                     
2024-05-22 13:29:36                                                                                                   
2024-05-22 13:29:36  dense_10 (Dense)            (None, 1000)                 1001000   ['permanent_dropout_9[0][0]'] 
2024-05-22 13:29:36                                                                                                   
2024-05-22 13:29:36  permanent_dropout_10 (Perm  (None, 1000)                 0         ['dense_10[0][0]']            
2024-05-22 13:29:36  anentDropout)                                                                                    
2024-05-22 13:29:36                                                                                                   
2024-05-22 13:29:36  dense_11 (Dense)            (None, 1)                    1001      ['permanent_dropout_10[0][0]']
2024-05-22 13:29:36                                                                                                   
2024-05-22 13:29:36 ==================================================================================================
2024-05-22 13:29:36 Total params: 12583001 (48.00 MB)
2024-05-22 13:29:36 Trainable params: 12583001 (48.00 MB)
2024-05-22 13:29:36 Non-trainable params: 0 (0.00 Byte)
2024-05-22 13:29:36 __________________________________________________________________________________________________
2024-05-22 13:29:37 CKPT CONSTRUCT...
2024-05-22 13:29:37 CKPT CONSTRUCT OK.
2024-05-22 13:29:37 template model: <keras.src.engine.functional.Functional object at 0x14a22b62ab80>
2024-05-22 13:29:38 COMPILE
2024-05-22 13:29:38 Will save weights to: /dev/shm/Uno/save/9000732.amn-0001/116/4.0.model.h5
2024-05-22 13:29:55 Between random pairs in y_val:
2024-05-22 13:29:55   mse: 0.04707991
2024-05-22 13:29:55   mae: 0.15887939
2024-05-22 13:29:55   r2: -1.00811426
2024-05-22 13:29:55   corr: -0.00405713
2024-05-22 13:29:55 Data points per epoch: train = 469600, val = 117401, test = 708
2024-05-22 13:29:55 Steps per epoch: train = 14675, val = 3668, test = 22
2024-05-22 13:29:55 Epoch 0: lr=0.001
2024-05-22 13:31:10 [Epoch: 0] loss: 0.023895, mae: 0.079077, r2: -0.320351, val_loss: 0.008452, val_mae: 0.065517, val_r2: 0.589679
2024-05-22 13:31:10 Epoch 1: lr=0.00082
2024-05-22 13:32:23 [Epoch: 1] loss: 0.007957, mae: 0.063790, r2: 0.620697, val_loss: 0.007598, val_mae: 0.062084, val_r2: 0.636289
2024-05-22 13:32:23 Epoch 2: lr=0.00064
2024-05-22 13:33:36 [Epoch: 2] loss: 0.007291, mae: 0.060708, r2: 0.651386, val_loss: 0.007251, val_mae: 0.059505, val_r2: 0.651268
2024-05-22 13:33:36 Epoch 3: lr=0.00046
2024-05-22 13:34:49 [Epoch: 3] loss: 0.006828, mae: 0.058545, r2: 0.672629, val_loss: 0.006846, val_mae: 0.058406, val_r2: 0.672853
2024-05-22 13:34:49 Epoch 4: lr=0.00028
2024-05-22 13:36:02 [Epoch: 4] loss: 0.006430, mae: 0.056725, r2: 0.690929, val_loss: 0.006557, val_mae: 0.057013, val_r2: 0.682617
2024-05-22 13:36:02 Epoch 5: lr=0.0001
2024-05-22 13:37:16 [Epoch: 5] loss: 0.006084, mae: 0.055160, r2: 0.707454, val_loss: 0.006447, val_mae: 0.056152, val_r2: 0.687531
2024-05-22 13:37:16 Epoch 6: lr=0.0001
2024-05-22 13:38:29 [Epoch: 6] loss: 0.005988, mae: 0.054716, r2: 0.711567, val_loss: 0.006384, val_mae: 0.056019, val_r2: 0.690679
2024-05-22 13:38:29 Epoch 7: lr=0.0001
2024-05-22 13:39:41 [Epoch: 7] loss: 0.005902, mae: 0.054324, r2: 0.715528, val_loss: 0.006340, val_mae: 0.056116, val_r2: 0.693170
2024-05-22 13:39:41 Epoch 8: lr=0.0001
2024-05-22 13:40:53 [Epoch: 8] loss: 0.005840, mae: 0.054036, r2: 0.718804, val_loss: 0.006315, val_mae: 0.055898, val_r2: 0.694203
2024-05-22 13:40:53 Epoch 9: lr=0.0001
2024-05-22 13:42:07 [Epoch: 9] loss: 0.005772, mae: 0.053730, r2: 0.721930, val_loss: 0.006282, val_mae: 0.055492, val_r2: 0.696594
2024-05-22 13:42:07 Epoch 10: lr=0.0001
2024-05-22 13:43:20 [Epoch: 10] loss: 0.005711, mae: 0.053477, r2: 0.724706, val_loss: 0.006268, val_mae: 0.055787, val_r2: 0.696562
2024-05-22 13:43:20 Epoch 11: lr=0.0001
2024-05-22 13:44:32 [Epoch: 11] loss: 0.005637, mae: 0.053119, r2: 0.728145, val_loss: 0.006250, val_mae: 0.055608, val_r2: 0.696841
2024-05-22 13:44:32 Epoch 12: lr=0.0001
2024-05-22 13:45:45 [Epoch: 12] loss: 0.005590, mae: 0.052885, r2: 0.730259, val_loss: 0.006210, val_mae: 0.055142, val_r2: 0.699217
2024-05-22 13:45:45 Epoch 13: lr=0.0001
2024-05-22 13:46:58 [Epoch: 13] loss: 0.005537, mae: 0.052667, r2: 0.732774, val_loss: 0.006210, val_mae: 0.054952, val_r2: 0.700567
2024-05-22 13:46:58 Epoch 14: lr=0.0001
2024-05-22 13:48:11 [Epoch: 14] loss: 0.005484, mae: 0.052436, r2: 0.735346, val_loss: 0.006181, val_mae: 0.055126, val_r2: 0.700391
2024-05-22 13:48:11 Epoch 15: lr=0.0001
2024-05-22 13:49:24 [Epoch: 15] loss: 0.005420, mae: 0.052116, r2: 0.738292, val_loss: 0.006145, val_mae: 0.055391, val_r2: 0.701718
2024-05-22 13:49:24 Epoch 16: lr=0.0001
2024-05-22 13:50:37 [Epoch: 16] loss: 0.005371, mae: 0.051918, r2: 0.740492, val_loss: 0.006179, val_mae: 0.055538, val_r2: 0.701548
2024-05-22 13:50:37 Epoch 17: lr=0.0001
2024-05-22 13:51:50 [Epoch: 17] loss: 0.005328, mae: 0.051685, r2: 0.742443, val_loss: 0.006135, val_mae: 0.054767, val_r2: 0.703179
2024-05-22 13:51:50 Epoch 18: lr=5e-05
2024-05-22 13:53:02 [Epoch: 18] loss: 0.005212, mae: 0.051159, r2: 0.747905, val_loss: 0.006117, val_mae: 0.054711, val_r2: 0.703670
2024-05-22 13:53:02 Epoch 19: lr=5e-05
2024-05-22 13:54:15 [Epoch: 19] loss: 0.005166, mae: 0.050906, r2: 0.750127, val_loss: 0.006116, val_mae: 0.054403, val_r2: 0.703797
2024-05-22 13:54:15 Epoch 20: lr=5e-05
2024-05-22 13:55:28 [Epoch: 20] loss: 0.005146, mae: 0.050828, r2: 0.751073, val_loss: 0.006099, val_mae: 0.054394, val_r2: 0.704691
2024-05-22 13:55:29 Epoch 21: lr=5e-05
2024-05-22 13:56:42 [Epoch: 21] loss: 0.005118, mae: 0.050708, r2: 0.752570, val_loss: 0.006124, val_mae: 0.054749, val_r2: 0.702843
2024-05-22 13:56:42 Epoch 22: lr=5e-05
2024-05-22 13:57:55 [Epoch: 22] loss: 0.005085, mae: 0.050568, r2: 0.753765, val_loss: 0.006103, val_mae: 0.054496, val_r2: 0.704982
2024-05-22 13:57:55 Epoch 23: lr=5e-05
2024-05-22 13:59:08 [Epoch: 23] loss: 0.005064, mae: 0.050454, r2: 0.754713, val_loss: 0.006115, val_mae: 0.054414, val_r2: 0.703506
2024-05-22 13:59:08 Epoch 24: lr=5e-05
2024-05-22 14:00:21 [Epoch: 24] loss: 0.005036, mae: 0.050361, r2: 0.756023, val_loss: 0.006093, val_mae: 0.054293, val_r2: 0.704985
2024-05-22 14:00:21 Epoch 25: lr=5e-05
2024-05-22 14:01:34 [Epoch: 25] loss: 0.005021, mae: 0.050267, r2: 0.756901, val_loss: 0.006098, val_mae: 0.054243, val_r2: 0.704710
2024-05-22 14:01:35 Epoch 26: lr=2.5e-05
2024-05-22 14:02:48 [Epoch: 26] loss: 0.004963, mae: 0.049978, r2: 0.759676, val_loss: 0.006082, val_mae: 0.054115, val_r2: 0.705820
2024-05-22 14:02:48 Epoch 27: lr=2.5e-05
2024-05-22 14:04:01 [Epoch: 27] loss: 0.004940, mae: 0.049848, r2: 0.760760, val_loss: 0.006106, val_mae: 0.054304, val_r2: 0.703952
2024-05-22 14:04:01 Epoch 28: lr=2.5e-05
2024-05-22 14:05:14 [Epoch: 28] loss: 0.004921, mae: 0.049755, r2: 0.761550, val_loss: 0.006074, val_mae: 0.054506, val_r2: 0.706010
2024-05-22 14:05:14 Epoch 29: lr=2.5e-05
2024-05-22 14:06:26 [Epoch: 29] loss: 0.004922, mae: 0.049791, r2: 0.761594, val_loss: 0.006099, val_mae: 0.054218, val_r2: 0.704232
2024-05-22 14:06:26 Epoch 30: lr=2.5e-05
2024-05-22 14:07:39 [Epoch: 30] loss: 0.004885, mae: 0.049613, r2: 0.763200, val_loss: 0.006071, val_mae: 0.054482, val_r2: 0.705526
2024-05-22 14:07:39 Epoch 31: lr=1.25e-05
2024-05-22 14:08:52 [Epoch: 31] loss: 0.004874, mae: 0.049541, r2: 0.763722, val_loss: 0.006097, val_mae: 0.054239, val_r2: 0.703895
2024-05-22 14:08:52 Epoch 32: lr=1.25e-05
2024-05-22 14:10:05 [Epoch: 32] loss: 0.004855, mae: 0.049473, r2: 0.764727, val_loss: 0.006093, val_mae: 0.054501, val_r2: 0.704189
2024-05-22 14:10:05 Epoch 33: lr=1.25e-05
2024-05-22 14:11:18 [Epoch: 33] loss: 0.004842, mae: 0.049414, r2: 0.765257, val_loss: 0.006083, val_mae: 0.054243, val_r2: 0.705060
2024-05-22 14:11:18 Epoch 34: lr=1.25e-05
2024-05-22 14:12:31 [Epoch: 34] loss: 0.004841, mae: 0.049393, r2: 0.765392, val_loss: 0.006099, val_mae: 0.054319, val_r2: 0.704399
2024-05-22 14:12:31 Epoch 35: lr=1.25e-05
2024-05-22 14:13:45 [Epoch: 35] loss: 0.004829, mae: 0.049335, r2: 0.765949, val_loss: 0.006087, val_mae: 0.054496, val_r2: 0.704983
2024-05-22 14:13:45 Epoch 36: lr=1e-05
2024-05-22 14:14:58 [Epoch: 36] loss: 0.004822, mae: 0.049286, r2: 0.766285, val_loss: 0.006065, val_mae: 0.054234, val_r2: 0.705759
2024-05-22 14:14:58 Epoch 37: lr=1e-05
2024-05-22 14:16:11 [Epoch: 37] loss: 0.004806, mae: 0.049209, r2: 0.766838, val_loss: 0.006069, val_mae: 0.054216, val_r2: 0.705411
2024-05-22 14:16:11 Epoch 38: lr=1e-05
2024-05-22 14:17:24 [Epoch: 38] loss: 0.004817, mae: 0.049280, r2: 0.766318, val_loss: 0.006082, val_mae: 0.054184, val_r2: 0.704799
2024-05-22 14:17:24 Epoch 39: lr=1e-05
2024-05-22 14:18:38 [Epoch: 39] loss: 0.004810, mae: 0.049240, r2: 0.766626, val_loss: 0.006101, val_mae: 0.054407, val_r2: 0.703615
2024-05-22 14:18:38 Epoch 40: lr=1e-05
2024-05-22 14:19:50 [Epoch: 40] loss: 0.004799, mae: 0.049176, r2: 0.767202, val_loss: 0.006098, val_mae: 0.054285, val_r2: 0.704395
2024-05-22 14:19:50 Epoch 41: lr=1e-05
2024-05-22 14:21:02 [Epoch: 41] loss: 0.004792, mae: 0.049149, r2: 0.767730, val_loss: 0.006095, val_mae: 0.054219, val_r2: 0.704236
2024-05-22 14:21:02 Epoch 42: lr=1e-05
2024-05-22 14:22:16 [Epoch: 42] loss: 0.004789, mae: 0.049146, r2: 0.767766, val_loss: 0.006092, val_mae: 0.054375, val_r2: 0.704085
2024-05-22 14:22:16 Epoch 43: lr=1e-05
2024-05-22 14:23:29 [Epoch: 43] loss: 0.004782, mae: 0.049125, r2: 0.767903, val_loss: 0.006104, val_mae: 0.054312, val_r2: 0.704042
2024-05-22 14:23:29 Epoch 44: lr=1e-05
2024-05-22 14:24:42 [Epoch: 44] loss: 0.004775, mae: 0.049098, r2: 0.768314, val_loss: 0.006094, val_mae: 0.054314, val_r2: 0.704691
2024-05-22 14:24:42 Epoch 45: lr=1e-05
2024-05-22 14:25:54 [Epoch: 45] loss: 0.004769, mae: 0.049027, r2: 0.768706, val_loss: 0.006103, val_mae: 0.054189, val_r2: 0.704540
2024-05-22 14:25:54 Epoch 46: lr=1e-05
2024-05-22 14:27:07 [Epoch: 46] loss: 0.004765, mae: 0.049027, r2: 0.768630, val_loss: 0.006093, val_mae: 0.054139, val_r2: 0.703955
2024-05-22 14:27:08 history_length: 47
2024-05-22 14:27:08 stopping: early
2024-05-22 14:27:08 Comparing y_true and y_pred:
2024-05-22 14:27:08   mse: 0.13257344
2024-05-22 14:27:08   mae: 0.31629341
2024-05-22 14:27:08   r2: -1.75020271
2024-05-22 14:27:08   corr: 0.51949808
