2024-05-21 14:10:17 UNO RUN ...
2024-05-21 14:10:17 Params: {'model_name': 'uno', 'train_sources': ['CCLE'], 'test_sources': ['train'], 'cell_types': None, 'cell_features': ['rnaseq'], 'drug_features': ['descriptors'], 'dense': [1000, 1000, 1000, 1000, 1000], 'dense_feature_layers': [1000, 1000, 1000], 'activation': 'relu', 'loss': 'mse', 'optimizer': 'adamax', 'scaling': 'std', 'dropout': 0.1, 'epochs': 50, 'batch_size': 32, 'val_split': 0.2, 'cv': 1, 'max_val_loss': 1.0, 'learning_rate': 0.0001, 'base_lr': None, 'agg_dose': 'AUC', 'residual': False, 'reduce_lr': True, 'warmup_lr': True, 'batch_normalization': False, 'feature_subsample': 0, 'rng_seed': 2018, 'no_gen': False, 'verbose': False, 'preprocess_rnaseq': 'source_scale', 'gpus': [0], 'use_landmark_genes': True, 'no_feature_source': True, 'no_response_source': True, 'save_path': '/dev/shm/Uno/save/8999967.amn-0001/9', 'single': True, 'on_memory_loader': True, 'ckpt_checksum': True, 'ckpt_save_interval': 0, 'timeout': -1, 'train_bool': True, 'profiling': False, 'experiment_id': '8999967.amn-0001', 'run_id': '9', 'logfile': '/dev/shm/Uno/save/8999967.amn-0001/9/python.log', 'shuffle': False, 'ckpt_restart_mode': 'off', 'ckpt_skip_epochs': 0, 'ckpt_directory': '/dev/shm/Uno/save/8999967.amn-0001/9', 'ckpt_save_best': True, 'ckpt_save_best_metric': 'val_loss', 'ckpt_save_weights_only': False, 'ckpt_keep_mode': 'linear', 'ckpt_keep_limit': 5, 'by_cell': None, 'by_drug': None, 'cell_subset_path': '', 'drug_subset_path': '', 'drug_median_response_min': -1, 'drug_median_response_max': 1, 'dense_cell_feature_layers': None, 'dense_drug_feature_layers': None, 'use_filtered_genes': False, 'feature_subset_path': '', 'cell_feature_subset_path': '', 'drug_feature_subset_path': '', 'es': True, 'cp': False, 'tb': False, 'tb_prefix': 'tb', 'partition_by': None, 'cache': None, 'export_csv': None, 'export_data': None, 'use_exported_data': '/dev/shm/Uno/x1922c3s7b0n0.9.merged.landmark.h5', 'growth_bins': 0, 'initial_weights': None, 'save_weights': '/dev/shm/Uno/save/8999967.amn-0001/9/4.1.model.h5', 'config_file': '/home/brettin/CSC249ADOA01_CNDA/brettin/Benchmarks/Pilot1/Uno/uno_auc_model.txt', 'data_type': <class 'numpy.float32'>, 'data_dir': '/dev/shm/Uno/uno/Data', 'output_dir': '/dev/shm/Uno/uno/Output/8999967.amn-0001/9'}
2024-05-21 14:10:17 Feature encoding submodel for cell.rnaseq:
2024-05-21 14:10:17 Model: "cell.rnaseq"
2024-05-21 14:10:17 _________________________________________________________________
2024-05-21 14:10:17  Layer (type)                Output Shape              Param #   
2024-05-21 14:10:17 =================================================================
2024-05-21 14:10:17  input_1 (InputLayer)        [(None, 958)]             0         
2024-05-21 14:10:17                                                                  
2024-05-21 14:10:17  dense (Dense)               (None, 1000)              959000    
2024-05-21 14:10:17                                                                  
2024-05-21 14:10:17  permanent_dropout (Permane  (None, 1000)              0         
2024-05-21 14:10:17  ntDropout)                                                      
2024-05-21 14:10:17                                                                  
2024-05-21 14:10:17  dense_1 (Dense)             (None, 1000)              1001000   
2024-05-21 14:10:17                                                                  
2024-05-21 14:10:17  permanent_dropout_1 (Perma  (None, 1000)              0         
2024-05-21 14:10:17  nentDropout)                                                    
2024-05-21 14:10:17                                                                  
2024-05-21 14:10:17  dense_2 (Dense)             (None, 1000)              1001000   
2024-05-21 14:10:17                                                                  
2024-05-21 14:10:17  permanent_dropout_2 (Perma  (None, 1000)              0         
2024-05-21 14:10:17  nentDropout)                                                    
2024-05-21 14:10:17                                                                  
2024-05-21 14:10:17 =================================================================
2024-05-21 14:10:17 Total params: 2961000 (11.30 MB)
2024-05-21 14:10:17 Trainable params: 2961000 (11.30 MB)
2024-05-21 14:10:17 Non-trainable params: 0 (0.00 Byte)
2024-05-21 14:10:17 _________________________________________________________________
2024-05-21 14:10:17 Feature encoding submodel for drug.descriptors:
2024-05-21 14:10:17 Model: "drug.descriptors"
2024-05-21 14:10:17 _________________________________________________________________
2024-05-21 14:10:17  Layer (type)                Output Shape              Param #   
2024-05-21 14:10:17 =================================================================
2024-05-21 14:10:17  input_2 (InputLayer)        [(None, 1613)]            0         
2024-05-21 14:10:17                                                                  
2024-05-21 14:10:17  dense_3 (Dense)             (None, 1000)              1614000   
2024-05-21 14:10:17                                                                  
2024-05-21 14:10:17  permanent_dropout_3 (Perma  (None, 1000)              0         
2024-05-21 14:10:17  nentDropout)                                                    
2024-05-21 14:10:17                                                                  
2024-05-21 14:10:17  dense_4 (Dense)             (None, 1000)              1001000   
2024-05-21 14:10:17                                                                  
2024-05-21 14:10:17  permanent_dropout_4 (Perma  (None, 1000)              0         
2024-05-21 14:10:17  nentDropout)                                                    
2024-05-21 14:10:17                                                                  
2024-05-21 14:10:17  dense_5 (Dense)             (None, 1000)              1001000   
2024-05-21 14:10:17                                                                  
2024-05-21 14:10:17  permanent_dropout_5 (Perma  (None, 1000)              0         
2024-05-21 14:10:17  nentDropout)                                                    
2024-05-21 14:10:17                                                                  
2024-05-21 14:10:17 =================================================================
2024-05-21 14:10:17 Total params: 3616000 (13.79 MB)
2024-05-21 14:10:17 Trainable params: 3616000 (13.79 MB)
2024-05-21 14:10:17 Non-trainable params: 0 (0.00 Byte)
2024-05-21 14:10:17 _________________________________________________________________
2024-05-21 14:10:17 Combined model:
2024-05-21 14:10:17 Model: "model"
2024-05-21 14:10:17 __________________________________________________________________________________________________
2024-05-21 14:10:17  Layer (type)                Output Shape                 Param #   Connected to                  
2024-05-21 14:10:17 ==================================================================================================
2024-05-21 14:10:17  input.cell.rnaseq (InputLa  [(None, 958)]                0         []                            
2024-05-21 14:10:17  yer)                                                                                             
2024-05-21 14:10:17                                                                                                   
2024-05-21 14:10:17  input.drug1.descriptors (I  [(None, 1613)]               0         []                            
2024-05-21 14:10:17  nputLayer)                                                                                       
2024-05-21 14:10:17                                                                                                   
2024-05-21 14:10:17  cell.rnaseq (Functional)    (None, 1000)                 2961000   ['input.cell.rnaseq[0][0]']   
2024-05-21 14:10:17                                                                                                   
2024-05-21 14:10:17  drug.descriptors (Function  (None, 1000)                 3616000   ['input.drug1.descriptors[0][0
2024-05-21 14:10:17  al)                                                                ]']                           
2024-05-21 14:10:17                                                                                                   
2024-05-21 14:10:17  concatenate (Concatenate)   (None, 2000)                 0         ['cell.rnaseq[0][0]',         
2024-05-21 14:10:17                                                                      'drug.descriptors[0][0]']    
2024-05-21 14:10:17                                                                                                   
2024-05-21 14:10:17  dense_6 (Dense)             (None, 1000)                 2001000   ['concatenate[0][0]']         
2024-05-21 14:10:17                                                                                                   
2024-05-21 14:10:17  permanent_dropout_6 (Perma  (None, 1000)                 0         ['dense_6[0][0]']             
2024-05-21 14:10:17  nentDropout)                                                                                     
2024-05-21 14:10:17                                                                                                   
2024-05-21 14:10:17  dense_7 (Dense)             (None, 1000)                 1001000   ['permanent_dropout_6[0][0]'] 
2024-05-21 14:10:17                                                                                                   
2024-05-21 14:10:17  permanent_dropout_7 (Perma  (None, 1000)                 0         ['dense_7[0][0]']             
2024-05-21 14:10:17  nentDropout)                                                                                     
2024-05-21 14:10:17                                                                                                   
2024-05-21 14:10:17  dense_8 (Dense)             (None, 1000)                 1001000   ['permanent_dropout_7[0][0]'] 
2024-05-21 14:10:17                                                                                                   
2024-05-21 14:10:17  permanent_dropout_8 (Perma  (None, 1000)                 0         ['dense_8[0][0]']             
2024-05-21 14:10:17  nentDropout)                                                                                     
2024-05-21 14:10:17                                                                                                   
2024-05-21 14:10:17  dense_9 (Dense)             (None, 1000)                 1001000   ['permanent_dropout_8[0][0]'] 
2024-05-21 14:10:17                                                                                                   
2024-05-21 14:10:17  permanent_dropout_9 (Perma  (None, 1000)                 0         ['dense_9[0][0]']             
2024-05-21 14:10:17  nentDropout)                                                                                     
2024-05-21 14:10:17                                                                                                   
2024-05-21 14:10:17  dense_10 (Dense)            (None, 1000)                 1001000   ['permanent_dropout_9[0][0]'] 
2024-05-21 14:10:17                                                                                                   
2024-05-21 14:10:17  permanent_dropout_10 (Perm  (None, 1000)                 0         ['dense_10[0][0]']            
2024-05-21 14:10:17  anentDropout)                                                                                    
2024-05-21 14:10:17                                                                                                   
2024-05-21 14:10:17  dense_11 (Dense)            (None, 1)                    1001      ['permanent_dropout_10[0][0]']
2024-05-21 14:10:17                                                                                                   
2024-05-21 14:10:17 ==================================================================================================
2024-05-21 14:10:17 Total params: 12583001 (48.00 MB)
2024-05-21 14:10:17 Trainable params: 12583001 (48.00 MB)
2024-05-21 14:10:17 Non-trainable params: 0 (0.00 Byte)
2024-05-21 14:10:17 __________________________________________________________________________________________________
2024-05-21 14:10:17 CKPT CONSTRUCT...
2024-05-21 14:10:17 CKPT CONSTRUCT OK.
2024-05-21 14:10:17 template model: <keras.src.engine.functional.Functional object at 0x147583e9fb80>
2024-05-21 14:10:19 COMPILE
2024-05-21 14:10:19 Will save weights to: /dev/shm/Uno/save/8999967.amn-0001/9/4.1.model.h5
2024-05-21 14:10:36 Between random pairs in y_val:
2024-05-21 14:10:36   mse: 0.04759717
2024-05-21 14:10:36   mae: 0.15987100
2024-05-21 14:10:36   r2: -1.00290043
2024-05-21 14:10:36   corr: -0.00145022
2024-05-21 14:10:36 Data points per epoch: train = 468327, val = 117082, test = 2300
2024-05-21 14:10:36 Steps per epoch: train = 14635, val = 3658, test = 71
2024-05-21 14:10:36 Epoch 0: lr=0.001
2024-05-21 14:11:49 [Epoch: 0] loss: 0.025334, mae: 0.079407, r2: -0.045933, val_loss: 0.008616, val_mae: 0.068404, val_r2: 0.589811
2024-05-21 14:11:49 Epoch 1: lr=0.00082
2024-05-21 14:13:01 [Epoch: 1] loss: 0.007996, mae: 0.063886, r2: 0.620627, val_loss: 0.007743, val_mae: 0.061460, val_r2: 0.636495
2024-05-21 14:13:01 Epoch 2: lr=0.00064
2024-05-21 14:14:12 [Epoch: 2] loss: 0.007328, mae: 0.060822, r2: 0.651062, val_loss: 0.007145, val_mae: 0.059474, val_r2: 0.663202
2024-05-21 14:14:12 Epoch 3: lr=0.00046
2024-05-21 14:15:24 [Epoch: 3] loss: 0.006843, mae: 0.058566, r2: 0.673597, val_loss: 0.006822, val_mae: 0.058603, val_r2: 0.672900
2024-05-21 14:15:24 Epoch 4: lr=0.00028
2024-05-21 14:16:35 [Epoch: 4] loss: 0.006428, mae: 0.056744, r2: 0.692468, val_loss: 0.006591, val_mae: 0.058268, val_r2: 0.683769
2024-05-21 14:16:35 Epoch 5: lr=0.0001
2024-05-21 14:17:47 [Epoch: 5] loss: 0.006129, mae: 0.055284, r2: 0.706230, val_loss: 0.006325, val_mae: 0.055618, val_r2: 0.697755
2024-05-21 14:17:47 Epoch 6: lr=0.0001
2024-05-21 14:18:59 [Epoch: 6] loss: 0.006008, mae: 0.054757, r2: 0.711736, val_loss: 0.006277, val_mae: 0.056169, val_r2: 0.700630
2024-05-21 14:18:59 Epoch 7: lr=0.0001
2024-05-21 14:20:10 [Epoch: 7] loss: 0.005931, mae: 0.054401, r2: 0.715581, val_loss: 0.006279, val_mae: 0.055780, val_r2: 0.699850
2024-05-21 14:20:11 Epoch 8: lr=0.0001
2024-05-21 14:21:22 [Epoch: 8] loss: 0.005858, mae: 0.054072, r2: 0.718746, val_loss: 0.006225, val_mae: 0.055157, val_r2: 0.703060
2024-05-21 14:21:22 Epoch 9: lr=0.0001
2024-05-21 14:22:33 [Epoch: 9] loss: 0.005805, mae: 0.053833, r2: 0.721397, val_loss: 0.006177, val_mae: 0.055391, val_r2: 0.704311
2024-05-21 14:22:33 Epoch 10: lr=0.0001
2024-05-21 14:23:44 [Epoch: 10] loss: 0.005736, mae: 0.053542, r2: 0.724849, val_loss: 0.006167, val_mae: 0.054933, val_r2: 0.705361
2024-05-21 14:23:44 Epoch 11: lr=0.0001
2024-05-21 14:24:56 [Epoch: 11] loss: 0.005670, mae: 0.053238, r2: 0.727712, val_loss: 0.006152, val_mae: 0.054762, val_r2: 0.706361
2024-05-21 14:24:56 Epoch 12: lr=0.0001
2024-05-21 14:26:07 [Epoch: 12] loss: 0.005606, mae: 0.052957, r2: 0.730811, val_loss: 0.006142, val_mae: 0.055184, val_r2: 0.706168
2024-05-21 14:26:07 Epoch 13: lr=0.0001
2024-05-21 14:27:19 [Epoch: 13] loss: 0.005564, mae: 0.052718, r2: 0.732834, val_loss: 0.006114, val_mae: 0.054476, val_r2: 0.708329
2024-05-21 14:27:19 Epoch 14: lr=0.0001
2024-05-21 14:28:30 [Epoch: 14] loss: 0.005499, mae: 0.052481, r2: 0.735884, val_loss: 0.006107, val_mae: 0.054877, val_r2: 0.706752
2024-05-21 14:28:31 Epoch 15: lr=0.0001
2024-05-21 14:29:41 [Epoch: 15] loss: 0.005452, mae: 0.052250, r2: 0.738091, val_loss: 0.006078, val_mae: 0.054158, val_r2: 0.709673
2024-05-21 14:29:42 Epoch 16: lr=0.0001
2024-05-21 14:30:53 [Epoch: 16] loss: 0.005407, mae: 0.051996, r2: 0.740155, val_loss: 0.006095, val_mae: 0.054446, val_r2: 0.708053
2024-05-21 14:30:53 Epoch 17: lr=0.0001
2024-05-21 14:32:04 [Epoch: 17] loss: 0.005351, mae: 0.051744, r2: 0.742859, val_loss: 0.006076, val_mae: 0.054951, val_r2: 0.709082
2024-05-21 14:32:05 Epoch 18: lr=0.0001
2024-05-21 14:33:16 [Epoch: 18] loss: 0.005303, mae: 0.051538, r2: 0.745058, val_loss: 0.006035, val_mae: 0.054502, val_r2: 0.711833
2024-05-21 14:33:16 Epoch 19: lr=5e-05
2024-05-21 14:34:27 [Epoch: 19] loss: 0.005189, mae: 0.051006, r2: 0.750317, val_loss: 0.006030, val_mae: 0.054150, val_r2: 0.711796
2024-05-21 14:34:27 Epoch 20: lr=5e-05
2024-05-21 14:35:38 [Epoch: 20] loss: 0.005135, mae: 0.050745, r2: 0.752731, val_loss: 0.005989, val_mae: 0.053903, val_r2: 0.713331
2024-05-21 14:35:38 Epoch 21: lr=5e-05
2024-05-21 14:36:50 [Epoch: 21] loss: 0.005113, mae: 0.050668, r2: 0.753849, val_loss: 0.006010, val_mae: 0.053831, val_r2: 0.711978
2024-05-21 14:36:50 Epoch 22: lr=5e-05
2024-05-21 14:38:01 [Epoch: 22] loss: 0.005081, mae: 0.050487, r2: 0.755378, val_loss: 0.006012, val_mae: 0.054081, val_r2: 0.712617
2024-05-21 14:38:01 Epoch 23: lr=5e-05
2024-05-21 14:39:13 [Epoch: 23] loss: 0.005059, mae: 0.050369, r2: 0.756432, val_loss: 0.006021, val_mae: 0.054371, val_r2: 0.711560
2024-05-21 14:39:13 Epoch 24: lr=5e-05
2024-05-21 14:40:24 [Epoch: 24] loss: 0.005027, mae: 0.050237, r2: 0.757854, val_loss: 0.005995, val_mae: 0.054061, val_r2: 0.712312
2024-05-21 14:40:24 Epoch 25: lr=5e-05
2024-05-21 14:41:36 [Epoch: 25] loss: 0.005009, mae: 0.050130, r2: 0.758874, val_loss: 0.006020, val_mae: 0.054296, val_r2: 0.711222
2024-05-21 14:41:36 Epoch 26: lr=2.5e-05
2024-05-21 14:42:47 [Epoch: 26] loss: 0.004946, mae: 0.049851, r2: 0.761549, val_loss: 0.006022, val_mae: 0.054154, val_r2: 0.711668
2024-05-21 14:42:47 Epoch 27: lr=2.5e-05
2024-05-21 14:43:59 [Epoch: 27] loss: 0.004924, mae: 0.049767, r2: 0.762581, val_loss: 0.005995, val_mae: 0.053953, val_r2: 0.712659
2024-05-21 14:43:59 Epoch 28: lr=2.5e-05
2024-05-21 14:45:10 [Epoch: 28] loss: 0.004916, mae: 0.049673, r2: 0.763103, val_loss: 0.006032, val_mae: 0.054419, val_r2: 0.711117
2024-05-21 14:45:10 Epoch 29: lr=2.5e-05
2024-05-21 14:46:22 [Epoch: 29] loss: 0.004906, mae: 0.049646, r2: 0.763516, val_loss: 0.006000, val_mae: 0.054081, val_r2: 0.712913
2024-05-21 14:46:22 Epoch 30: lr=2.5e-05
2024-05-21 14:47:33 [Epoch: 30] loss: 0.004887, mae: 0.049530, r2: 0.764261, val_loss: 0.006017, val_mae: 0.053879, val_r2: 0.711887
2024-05-21 14:47:34 history_length: 31
2024-05-21 14:47:34 stopping: early
2024-05-21 14:47:34 Comparing y_true and y_pred:
2024-05-21 14:47:34   mse: 0.01368178
2024-05-21 14:47:34   mae: 0.09517747
2024-05-21 14:47:34   r2: -0.35172981
2024-05-21 14:47:34   corr: 0.18445285
