2024-05-09 11:42:31 UNO RUN ...
2024-05-09 11:42:31 Params: {'model_name': 'uno', 'train_sources': ['CCLE'], 'test_sources': ['train'], 'cell_types': None, 'cell_features': ['rnaseq'], 'drug_features': ['descriptors'], 'dense': [1000, 1000, 1000, 1000, 1000], 'dense_feature_layers': [1000, 1000, 1000], 'activation': 'relu', 'loss': 'mse', 'optimizer': 'adamax', 'scaling': 'std', 'dropout': 0.1, 'epochs': 30, 'batch_size': 32, 'val_split': 0.2, 'cv': 1, 'max_val_loss': 1.0, 'learning_rate': 0.0001, 'base_lr': None, 'agg_dose': 'AUC', 'residual': False, 'reduce_lr': True, 'warmup_lr': True, 'batch_normalization': False, 'feature_subsample': 0, 'rng_seed': 2018, 'no_gen': False, 'verbose': False, 'preprocess_rnaseq': 'source_scale', 'gpus': [0], 'use_landmark_genes': True, 'no_feature_source': True, 'no_response_source': True, 'save_path': '/dev/shm/Uno/save/8996461.amn-0001/474', 'single': True, 'on_memory_loader': True, 'ckpt_checksum': True, 'ckpt_save_interval': 0, 'timeout': -1, 'train_bool': True, 'profiling': False, 'experiment_id': '8996461.amn-0001', 'run_id': '474', 'logfile': '/dev/shm/Uno/save/8996461.amn-0001/474/python.log', 'shuffle': False, 'ckpt_restart_mode': 'off', 'ckpt_skip_epochs': 0, 'ckpt_directory': '/dev/shm/Uno/save/8996461.amn-0001/474', 'ckpt_save_best': True, 'ckpt_save_best_metric': 'val_loss', 'ckpt_save_weights_only': False, 'ckpt_keep_mode': 'linear', 'ckpt_keep_limit': 5, 'by_cell': None, 'by_drug': None, 'cell_subset_path': '', 'drug_subset_path': '', 'drug_median_response_min': -1, 'drug_median_response_max': 1, 'dense_cell_feature_layers': None, 'dense_drug_feature_layers': None, 'use_filtered_genes': False, 'feature_subset_path': '', 'cell_feature_subset_path': '', 'drug_feature_subset_path': '', 'es': True, 'cp': False, 'tb': False, 'tb_prefix': 'tb', 'partition_by': None, 'cache': None, 'export_csv': None, 'export_data': None, 'use_exported_data': '/dev/shm/Uno/x1921c6s1b0n0.474.merged.landmark.h5', 'growth_bins': 0, 'initial_weights': None, 'save_weights': '/dev/shm/Uno/save/8996461.amn-0001/474/3.0.model.h5', 'config_file': '/home/brettin/CSC249ADOA01_CNDA/brettin/Benchmarks/Pilot1/Uno/uno_auc_model.txt', 'data_type': <class 'numpy.float32'>, 'data_dir': '/dev/shm/Uno/uno/Data', 'output_dir': '/dev/shm/Uno/uno/Output/8996461.amn-0001/474'}
2024-05-09 11:42:31 Feature encoding submodel for cell.rnaseq:
2024-05-09 11:42:31 Model: "cell.rnaseq"
2024-05-09 11:42:31 _________________________________________________________________
2024-05-09 11:42:31  Layer (type)                Output Shape              Param #   
2024-05-09 11:42:31 =================================================================
2024-05-09 11:42:31  input_1 (InputLayer)        [(None, 958)]             0         
2024-05-09 11:42:31                                                                  
2024-05-09 11:42:31  dense (Dense)               (None, 1000)              959000    
2024-05-09 11:42:31                                                                  
2024-05-09 11:42:31  permanent_dropout (Permane  (None, 1000)              0         
2024-05-09 11:42:31  ntDropout)                                                      
2024-05-09 11:42:31                                                                  
2024-05-09 11:42:31  dense_1 (Dense)             (None, 1000)              1001000   
2024-05-09 11:42:31                                                                  
2024-05-09 11:42:31  permanent_dropout_1 (Perma  (None, 1000)              0         
2024-05-09 11:42:31  nentDropout)                                                    
2024-05-09 11:42:31                                                                  
2024-05-09 11:42:31  dense_2 (Dense)             (None, 1000)              1001000   
2024-05-09 11:42:31                                                                  
2024-05-09 11:42:31  permanent_dropout_2 (Perma  (None, 1000)              0         
2024-05-09 11:42:31  nentDropout)                                                    
2024-05-09 11:42:31                                                                  
2024-05-09 11:42:31 =================================================================
2024-05-09 11:42:31 Total params: 2961000 (11.30 MB)
2024-05-09 11:42:31 Trainable params: 2961000 (11.30 MB)
2024-05-09 11:42:31 Non-trainable params: 0 (0.00 Byte)
2024-05-09 11:42:31 _________________________________________________________________
2024-05-09 11:42:31 Feature encoding submodel for drug.descriptors:
2024-05-09 11:42:31 Model: "drug.descriptors"
2024-05-09 11:42:31 _________________________________________________________________
2024-05-09 11:42:31  Layer (type)                Output Shape              Param #   
2024-05-09 11:42:31 =================================================================
2024-05-09 11:42:31  input_2 (InputLayer)        [(None, 1613)]            0         
2024-05-09 11:42:31                                                                  
2024-05-09 11:42:31  dense_3 (Dense)             (None, 1000)              1614000   
2024-05-09 11:42:31                                                                  
2024-05-09 11:42:31  permanent_dropout_3 (Perma  (None, 1000)              0         
2024-05-09 11:42:31  nentDropout)                                                    
2024-05-09 11:42:31                                                                  
2024-05-09 11:42:31  dense_4 (Dense)             (None, 1000)              1001000   
2024-05-09 11:42:31                                                                  
2024-05-09 11:42:31  permanent_dropout_4 (Perma  (None, 1000)              0         
2024-05-09 11:42:31  nentDropout)                                                    
2024-05-09 11:42:31                                                                  
2024-05-09 11:42:31  dense_5 (Dense)             (None, 1000)              1001000   
2024-05-09 11:42:31                                                                  
2024-05-09 11:42:31  permanent_dropout_5 (Perma  (None, 1000)              0         
2024-05-09 11:42:31  nentDropout)                                                    
2024-05-09 11:42:31                                                                  
2024-05-09 11:42:31 =================================================================
2024-05-09 11:42:31 Total params: 3616000 (13.79 MB)
2024-05-09 11:42:31 Trainable params: 3616000 (13.79 MB)
2024-05-09 11:42:31 Non-trainable params: 0 (0.00 Byte)
2024-05-09 11:42:31 _________________________________________________________________
2024-05-09 11:42:31 Combined model:
2024-05-09 11:42:31 Model: "model"
2024-05-09 11:42:31 __________________________________________________________________________________________________
2024-05-09 11:42:31  Layer (type)                Output Shape                 Param #   Connected to                  
2024-05-09 11:42:31 ==================================================================================================
2024-05-09 11:42:31  input.cell.rnaseq (InputLa  [(None, 958)]                0         []                            
2024-05-09 11:42:31  yer)                                                                                             
2024-05-09 11:42:31                                                                                                   
2024-05-09 11:42:31  input.drug1.descriptors (I  [(None, 1613)]               0         []                            
2024-05-09 11:42:31  nputLayer)                                                                                       
2024-05-09 11:42:31                                                                                                   
2024-05-09 11:42:31  cell.rnaseq (Functional)    (None, 1000)                 2961000   ['input.cell.rnaseq[0][0]']   
2024-05-09 11:42:31                                                                                                   
2024-05-09 11:42:31  drug.descriptors (Function  (None, 1000)                 3616000   ['input.drug1.descriptors[0][0
2024-05-09 11:42:31  al)                                                                ]']                           
2024-05-09 11:42:31                                                                                                   
2024-05-09 11:42:31  concatenate (Concatenate)   (None, 2000)                 0         ['cell.rnaseq[0][0]',         
2024-05-09 11:42:31                                                                      'drug.descriptors[0][0]']    
2024-05-09 11:42:31                                                                                                   
2024-05-09 11:42:31  dense_6 (Dense)             (None, 1000)                 2001000   ['concatenate[0][0]']         
2024-05-09 11:42:31                                                                                                   
2024-05-09 11:42:31  permanent_dropout_6 (Perma  (None, 1000)                 0         ['dense_6[0][0]']             
2024-05-09 11:42:31  nentDropout)                                                                                     
2024-05-09 11:42:31                                                                                                   
2024-05-09 11:42:31  dense_7 (Dense)             (None, 1000)                 1001000   ['permanent_dropout_6[0][0]'] 
2024-05-09 11:42:31                                                                                                   
2024-05-09 11:42:31  permanent_dropout_7 (Perma  (None, 1000)                 0         ['dense_7[0][0]']             
2024-05-09 11:42:31  nentDropout)                                                                                     
2024-05-09 11:42:31                                                                                                   
2024-05-09 11:42:31  dense_8 (Dense)             (None, 1000)                 1001000   ['permanent_dropout_7[0][0]'] 
2024-05-09 11:42:31                                                                                                   
2024-05-09 11:42:31  permanent_dropout_8 (Perma  (None, 1000)                 0         ['dense_8[0][0]']             
2024-05-09 11:42:31  nentDropout)                                                                                     
2024-05-09 11:42:31                                                                                                   
2024-05-09 11:42:31  dense_9 (Dense)             (None, 1000)                 1001000   ['permanent_dropout_8[0][0]'] 
2024-05-09 11:42:31                                                                                                   
2024-05-09 11:42:31  permanent_dropout_9 (Perma  (None, 1000)                 0         ['dense_9[0][0]']             
2024-05-09 11:42:31  nentDropout)                                                                                     
2024-05-09 11:42:31                                                                                                   
2024-05-09 11:42:31  dense_10 (Dense)            (None, 1000)                 1001000   ['permanent_dropout_9[0][0]'] 
2024-05-09 11:42:31                                                                                                   
2024-05-09 11:42:31  permanent_dropout_10 (Perm  (None, 1000)                 0         ['dense_10[0][0]']            
2024-05-09 11:42:31  anentDropout)                                                                                    
2024-05-09 11:42:31                                                                                                   
2024-05-09 11:42:31  dense_11 (Dense)            (None, 1)                    1001      ['permanent_dropout_10[0][0]']
2024-05-09 11:42:31                                                                                                   
2024-05-09 11:42:31 ==================================================================================================
2024-05-09 11:42:31 Total params: 12583001 (48.00 MB)
2024-05-09 11:42:31 Trainable params: 12583001 (48.00 MB)
2024-05-09 11:42:31 Non-trainable params: 0 (0.00 Byte)
2024-05-09 11:42:31 __________________________________________________________________________________________________
2024-05-09 11:42:31 CKPT CONSTRUCT...
2024-05-09 11:42:31 CKPT CONSTRUCT OK.
2024-05-09 11:42:31 template model: <keras.src.engine.functional.Functional object at 0x14706eb2a880>
2024-05-09 11:42:33 COMPILE
2024-05-09 11:42:33 Will save weights to: /dev/shm/Uno/save/8996461.amn-0001/474/3.0.model.h5
2024-05-09 11:42:49 Between random pairs in y_val:
2024-05-09 11:42:49   mse: 0.04773059
2024-05-09 11:42:49   mae: 0.16016771
2024-05-09 11:42:49   r2: -1.00843809
2024-05-09 11:42:49   corr: -0.00421904
2024-05-09 11:42:49 Data points per epoch: train = 470167, val = 117542, test = 545
2024-05-09 11:42:49 Steps per epoch: train = 14692, val = 3673, test = 17
2024-05-09 11:42:49 Epoch 0: lr=0.001
2024-05-09 11:44:01 [Epoch: 0] loss: 0.028397, mae: 0.079663, r2: -0.210257, val_loss: 0.008625, val_mae: 0.066556, val_r2: 0.599330
2024-05-09 11:44:01 Epoch 1: lr=0.00082
2024-05-09 11:45:12 [Epoch: 1] loss: 0.007993, mae: 0.063942, r2: 0.621454, val_loss: 0.007768, val_mae: 0.062040, val_r2: 0.636894
2024-05-09 11:45:12 Epoch 2: lr=0.00064
2024-05-09 11:46:22 [Epoch: 2] loss: 0.007310, mae: 0.060858, r2: 0.652525, val_loss: 0.007263, val_mae: 0.059647, val_r2: 0.656655
2024-05-09 11:46:22 Epoch 3: lr=0.00046
2024-05-09 11:47:33 [Epoch: 3] loss: 0.006827, mae: 0.058619, r2: 0.674672, val_loss: 0.006879, val_mae: 0.058638, val_r2: 0.672906
2024-05-09 11:47:33 Epoch 4: lr=0.00028
2024-05-09 11:48:43 [Epoch: 4] loss: 0.006435, mae: 0.056860, r2: 0.692608, val_loss: 0.006631, val_mae: 0.057051, val_r2: 0.684065
2024-05-09 11:48:43 Epoch 5: lr=0.0001
2024-05-09 11:49:53 [Epoch: 5] loss: 0.006102, mae: 0.055289, r2: 0.707835, val_loss: 0.006461, val_mae: 0.056349, val_r2: 0.693799
2024-05-09 11:49:53 Epoch 6: lr=0.0001
2024-05-09 11:51:04 [Epoch: 6] loss: 0.005991, mae: 0.054779, r2: 0.712962, val_loss: 0.006423, val_mae: 0.056388, val_r2: 0.693896
2024-05-09 11:51:04 Epoch 7: lr=0.0001
2024-05-09 11:52:14 [Epoch: 7] loss: 0.005912, mae: 0.054400, r2: 0.716529, val_loss: 0.006424, val_mae: 0.056105, val_r2: 0.694281
2024-05-09 11:52:14 Epoch 8: lr=0.0001
2024-05-09 11:53:25 [Epoch: 8] loss: 0.005843, mae: 0.054087, r2: 0.719988, val_loss: 0.006383, val_mae: 0.055687, val_r2: 0.696724
2024-05-09 11:53:26 Epoch 9: lr=0.0001
2024-05-09 11:54:36 [Epoch: 9] loss: 0.005780, mae: 0.053785, r2: 0.722819, val_loss: 0.006336, val_mae: 0.055632, val_r2: 0.699458
2024-05-09 11:54:36 Epoch 10: lr=0.0001
2024-05-09 11:55:47 [Epoch: 10] loss: 0.005722, mae: 0.053513, r2: 0.725511, val_loss: 0.006313, val_mae: 0.056316, val_r2: 0.700566
2024-05-09 11:55:47 Epoch 11: lr=0.0001
2024-05-09 11:56:58 [Epoch: 11] loss: 0.005663, mae: 0.053293, r2: 0.728386, val_loss: 0.006300, val_mae: 0.055441, val_r2: 0.700625
2024-05-09 11:56:58 Epoch 12: lr=0.0001
2024-05-09 11:58:08 [Epoch: 12] loss: 0.005601, mae: 0.053001, r2: 0.730981, val_loss: 0.006291, val_mae: 0.055559, val_r2: 0.701922
2024-05-09 11:58:08 Epoch 13: lr=0.0001
2024-05-09 11:59:19 [Epoch: 13] loss: 0.005546, mae: 0.052748, r2: 0.733808, val_loss: 0.006269, val_mae: 0.055615, val_r2: 0.702128
2024-05-09 11:59:19 Epoch 14: lr=0.0001
2024-05-09 12:00:29 [Epoch: 14] loss: 0.005497, mae: 0.052497, r2: 0.736069, val_loss: 0.006239, val_mae: 0.055388, val_r2: 0.703625
2024-05-09 12:00:30 Epoch 15: lr=5e-05
2024-05-09 12:01:40 [Epoch: 15] loss: 0.005372, mae: 0.051905, r2: 0.741740, val_loss: 0.006244, val_mae: 0.055140, val_r2: 0.702658
2024-05-09 12:01:40 Epoch 16: lr=5e-05
2024-05-09 12:02:50 [Epoch: 16] loss: 0.005331, mae: 0.051729, r2: 0.743805, val_loss: 0.006207, val_mae: 0.055036, val_r2: 0.705828
2024-05-09 12:02:50 Epoch 17: lr=5e-05
2024-05-09 12:04:00 [Epoch: 17] loss: 0.005293, mae: 0.051574, r2: 0.745549, val_loss: 0.006196, val_mae: 0.055063, val_r2: 0.705917
2024-05-09 12:04:01 Epoch 18: lr=5e-05
2024-05-09 12:05:11 [Epoch: 18] loss: 0.005271, mae: 0.051443, r2: 0.746585, val_loss: 0.006180, val_mae: 0.054795, val_r2: 0.705494
2024-05-09 12:05:12 Epoch 19: lr=5e-05
2024-05-09 12:06:22 [Epoch: 19] loss: 0.005242, mae: 0.051294, r2: 0.747972, val_loss: 0.006205, val_mae: 0.055016, val_r2: 0.705608
2024-05-09 12:06:22 Epoch 20: lr=5e-05
2024-05-09 12:07:33 [Epoch: 20] loss: 0.005208, mae: 0.051159, r2: 0.749530, val_loss: 0.006225, val_mae: 0.054774, val_r2: 0.704370
2024-05-09 12:07:33 Epoch 21: lr=5e-05
2024-05-09 12:08:43 [Epoch: 21] loss: 0.005194, mae: 0.051051, r2: 0.750056, val_loss: 0.006164, val_mae: 0.054706, val_r2: 0.706873
2024-05-09 12:08:43 Epoch 22: lr=2.5e-05
2024-05-09 12:09:54 [Epoch: 22] loss: 0.005128, mae: 0.050770, r2: 0.753152, val_loss: 0.006160, val_mae: 0.054806, val_r2: 0.706955
2024-05-09 12:09:54 Epoch 23: lr=2.5e-05
2024-05-09 12:11:05 [Epoch: 23] loss: 0.005089, mae: 0.050608, r2: 0.755022, val_loss: 0.006164, val_mae: 0.054726, val_r2: 0.706569
2024-05-09 12:11:05 Epoch 24: lr=2.5e-05
2024-05-09 12:12:15 [Epoch: 24] loss: 0.005081, mae: 0.050540, r2: 0.755328, val_loss: 0.006180, val_mae: 0.054640, val_r2: 0.706083
2024-05-09 12:12:16 Epoch 25: lr=2.5e-05
2024-05-09 12:13:26 [Epoch: 25] loss: 0.005082, mae: 0.050562, r2: 0.755376, val_loss: 0.006152, val_mae: 0.054806, val_r2: 0.708052
2024-05-09 12:13:26 Epoch 26: lr=2.5e-05
2024-05-09 12:14:36 [Epoch: 26] loss: 0.005058, mae: 0.050420, r2: 0.756507, val_loss: 0.006156, val_mae: 0.054733, val_r2: 0.707058
2024-05-09 12:14:37 Epoch 27: lr=1.25e-05
2024-05-09 12:15:47 [Epoch: 27] loss: 0.005015, mae: 0.050271, r2: 0.758432, val_loss: 0.006182, val_mae: 0.054655, val_r2: 0.705795
2024-05-09 12:15:47 Epoch 28: lr=1.25e-05
2024-05-09 12:16:57 [Epoch: 28] loss: 0.005024, mae: 0.050283, r2: 0.758092, val_loss: 0.006167, val_mae: 0.054704, val_r2: 0.706271
2024-05-09 12:16:57 Epoch 29: lr=1.25e-05
2024-05-09 12:18:08 [Epoch: 29] loss: 0.005014, mae: 0.050221, r2: 0.758382, val_loss: 0.006164, val_mae: 0.054725, val_r2: 0.706576
2024-05-09 12:18:08 history_length: 30
2024-05-09 12:18:08 stopping: complete
2024-05-09 12:18:08 Comparing y_true and y_pred:
2024-05-09 12:18:08   mse: 0.00850214
2024-05-09 12:18:08   mae: 0.07418225
2024-05-09 12:18:08   r2: 0.14525921
2024-05-09 12:18:08   corr: 0.38185051
