2024-04-29 10:35:23 UNO RUN ...
2024-04-29 10:35:23 Params: {'model_name': 'uno', 'train_sources': ['CCLE'], 'test_sources': ['train'], 'cell_types': None, 'cell_features': ['rnaseq'], 'drug_features': ['descriptors'], 'dense': [1000, 1000, 1000, 1000, 1000], 'dense_feature_layers': [1000, 1000, 1000], 'activation': 'relu', 'loss': 'mse', 'optimizer': 'adamax', 'scaling': 'std', 'dropout': 0.1, 'epochs': 30, 'batch_size': 32, 'val_split': 0.2, 'cv': 1, 'max_val_loss': 1.0, 'learning_rate': 0.0001, 'base_lr': None, 'agg_dose': 'AUC', 'residual': False, 'reduce_lr': True, 'warmup_lr': True, 'batch_normalization': False, 'feature_subsample': 0, 'rng_seed': 2018, 'no_gen': False, 'verbose': False, 'preprocess_rnaseq': 'source_scale', 'gpus': [0], 'use_landmark_genes': True, 'no_feature_source': True, 'no_response_source': True, 'save_path': '/dev/shm/Uno/save/8994056.amn-0001/109', 'single': True, 'on_memory_loader': True, 'ckpt_checksum': True, 'ckpt_save_interval': 0, 'timeout': -1, 'train_bool': True, 'profiling': False, 'experiment_id': '8994056.amn-0001', 'run_id': '109', 'logfile': '/dev/shm/Uno/save/8994056.amn-0001/109/python.log', 'shuffle': False, 'ckpt_restart_mode': 'off', 'ckpt_skip_epochs': 0, 'ckpt_directory': '/dev/shm/Uno/save/8994056.amn-0001/109', 'ckpt_save_best': True, 'ckpt_save_best_metric': 'val_loss', 'ckpt_save_weights_only': False, 'ckpt_keep_mode': 'linear', 'ckpt_keep_limit': 5, 'by_cell': None, 'by_drug': None, 'cell_subset_path': '', 'drug_subset_path': '', 'drug_median_response_min': -1, 'drug_median_response_max': 1, 'dense_cell_feature_layers': None, 'dense_drug_feature_layers': None, 'use_filtered_genes': False, 'feature_subset_path': '', 'cell_feature_subset_path': '', 'drug_feature_subset_path': '', 'es': True, 'cp': False, 'tb': False, 'tb_prefix': 'tb', 'partition_by': None, 'cache': None, 'export_csv': None, 'export_data': None, 'use_exported_data': '/dev/shm/Uno/x1922c0s0b0n0.109.merged.landmark.h5', 'growth_bins': 0, 'initial_weights': None, 'save_weights': '/dev/shm/Uno/save/8994056.amn-0001/109/0.1.model.h5', 'config_file': '/home/brettin/CSC249ADOA01_CNDA/brettin/Benchmarks/Pilot1/Uno/uno_auc_model.txt', 'data_type': <class 'numpy.float32'>, 'data_dir': '/dev/shm/Uno/uno/Data', 'output_dir': '/dev/shm/Uno/uno/Output/8994056.amn-0001/109'}
2024-04-29 10:35:24 Feature encoding submodel for cell.rnaseq:
2024-04-29 10:35:24 Model: "cell.rnaseq"
2024-04-29 10:35:24 _________________________________________________________________
2024-04-29 10:35:24  Layer (type)                Output Shape              Param #   
2024-04-29 10:35:24 =================================================================
2024-04-29 10:35:24  input_1 (InputLayer)        [(None, 958)]             0         
2024-04-29 10:35:24                                                                  
2024-04-29 10:35:24  dense (Dense)               (None, 1000)              959000    
2024-04-29 10:35:24                                                                  
2024-04-29 10:35:24  permanent_dropout (Permane  (None, 1000)              0         
2024-04-29 10:35:24  ntDropout)                                                      
2024-04-29 10:35:24                                                                  
2024-04-29 10:35:24  dense_1 (Dense)             (None, 1000)              1001000   
2024-04-29 10:35:24                                                                  
2024-04-29 10:35:24  permanent_dropout_1 (Perma  (None, 1000)              0         
2024-04-29 10:35:24  nentDropout)                                                    
2024-04-29 10:35:24                                                                  
2024-04-29 10:35:24  dense_2 (Dense)             (None, 1000)              1001000   
2024-04-29 10:35:24                                                                  
2024-04-29 10:35:24  permanent_dropout_2 (Perma  (None, 1000)              0         
2024-04-29 10:35:24  nentDropout)                                                    
2024-04-29 10:35:24                                                                  
2024-04-29 10:35:24 =================================================================
2024-04-29 10:35:24 Total params: 2961000 (11.30 MB)
2024-04-29 10:35:24 Trainable params: 2961000 (11.30 MB)
2024-04-29 10:35:24 Non-trainable params: 0 (0.00 Byte)
2024-04-29 10:35:24 _________________________________________________________________
2024-04-29 10:35:24 Feature encoding submodel for drug.descriptors:
2024-04-29 10:35:24 Model: "drug.descriptors"
2024-04-29 10:35:24 _________________________________________________________________
2024-04-29 10:35:24  Layer (type)                Output Shape              Param #   
2024-04-29 10:35:24 =================================================================
2024-04-29 10:35:24  input_2 (InputLayer)        [(None, 1613)]            0         
2024-04-29 10:35:24                                                                  
2024-04-29 10:35:24  dense_3 (Dense)             (None, 1000)              1614000   
2024-04-29 10:35:24                                                                  
2024-04-29 10:35:24  permanent_dropout_3 (Perma  (None, 1000)              0         
2024-04-29 10:35:24  nentDropout)                                                    
2024-04-29 10:35:24                                                                  
2024-04-29 10:35:24  dense_4 (Dense)             (None, 1000)              1001000   
2024-04-29 10:35:24                                                                  
2024-04-29 10:35:24  permanent_dropout_4 (Perma  (None, 1000)              0         
2024-04-29 10:35:24  nentDropout)                                                    
2024-04-29 10:35:24                                                                  
2024-04-29 10:35:24  dense_5 (Dense)             (None, 1000)              1001000   
2024-04-29 10:35:24                                                                  
2024-04-29 10:35:24  permanent_dropout_5 (Perma  (None, 1000)              0         
2024-04-29 10:35:24  nentDropout)                                                    
2024-04-29 10:35:24                                                                  
2024-04-29 10:35:24 =================================================================
2024-04-29 10:35:24 Total params: 3616000 (13.79 MB)
2024-04-29 10:35:24 Trainable params: 3616000 (13.79 MB)
2024-04-29 10:35:24 Non-trainable params: 0 (0.00 Byte)
2024-04-29 10:35:24 _________________________________________________________________
2024-04-29 10:35:24 Combined model:
2024-04-29 10:35:24 Model: "model"
2024-04-29 10:35:24 __________________________________________________________________________________________________
2024-04-29 10:35:24  Layer (type)                Output Shape                 Param #   Connected to                  
2024-04-29 10:35:24 ==================================================================================================
2024-04-29 10:35:24  input.cell.rnaseq (InputLa  [(None, 958)]                0         []                            
2024-04-29 10:35:24  yer)                                                                                             
2024-04-29 10:35:24                                                                                                   
2024-04-29 10:35:24  input.drug1.descriptors (I  [(None, 1613)]               0         []                            
2024-04-29 10:35:24  nputLayer)                                                                                       
2024-04-29 10:35:24                                                                                                   
2024-04-29 10:35:24  cell.rnaseq (Functional)    (None, 1000)                 2961000   ['input.cell.rnaseq[0][0]']   
2024-04-29 10:35:24                                                                                                   
2024-04-29 10:35:24  drug.descriptors (Function  (None, 1000)                 3616000   ['input.drug1.descriptors[0][0
2024-04-29 10:35:24  al)                                                                ]']                           
2024-04-29 10:35:24                                                                                                   
2024-04-29 10:35:24  concatenate (Concatenate)   (None, 2000)                 0         ['cell.rnaseq[0][0]',         
2024-04-29 10:35:24                                                                      'drug.descriptors[0][0]']    
2024-04-29 10:35:24                                                                                                   
2024-04-29 10:35:24  dense_6 (Dense)             (None, 1000)                 2001000   ['concatenate[0][0]']         
2024-04-29 10:35:24                                                                                                   
2024-04-29 10:35:24  permanent_dropout_6 (Perma  (None, 1000)                 0         ['dense_6[0][0]']             
2024-04-29 10:35:24  nentDropout)                                                                                     
2024-04-29 10:35:24                                                                                                   
2024-04-29 10:35:24  dense_7 (Dense)             (None, 1000)                 1001000   ['permanent_dropout_6[0][0]'] 
2024-04-29 10:35:24                                                                                                   
2024-04-29 10:35:24  permanent_dropout_7 (Perma  (None, 1000)                 0         ['dense_7[0][0]']             
2024-04-29 10:35:24  nentDropout)                                                                                     
2024-04-29 10:35:24                                                                                                   
2024-04-29 10:35:24  dense_8 (Dense)             (None, 1000)                 1001000   ['permanent_dropout_7[0][0]'] 
2024-04-29 10:35:24                                                                                                   
2024-04-29 10:35:24  permanent_dropout_8 (Perma  (None, 1000)                 0         ['dense_8[0][0]']             
2024-04-29 10:35:24  nentDropout)                                                                                     
2024-04-29 10:35:24                                                                                                   
2024-04-29 10:35:24  dense_9 (Dense)             (None, 1000)                 1001000   ['permanent_dropout_8[0][0]'] 
2024-04-29 10:35:24                                                                                                   
2024-04-29 10:35:24  permanent_dropout_9 (Perma  (None, 1000)                 0         ['dense_9[0][0]']             
2024-04-29 10:35:24  nentDropout)                                                                                     
2024-04-29 10:35:24                                                                                                   
2024-04-29 10:35:24  dense_10 (Dense)            (None, 1000)                 1001000   ['permanent_dropout_9[0][0]'] 
2024-04-29 10:35:24                                                                                                   
2024-04-29 10:35:24  permanent_dropout_10 (Perm  (None, 1000)                 0         ['dense_10[0][0]']            
2024-04-29 10:35:24  anentDropout)                                                                                    
2024-04-29 10:35:24                                                                                                   
2024-04-29 10:35:24  dense_11 (Dense)            (None, 1)                    1001      ['permanent_dropout_10[0][0]']
2024-04-29 10:35:24                                                                                                   
2024-04-29 10:35:24 ==================================================================================================
2024-04-29 10:35:24 Total params: 12583001 (48.00 MB)
2024-04-29 10:35:24 Trainable params: 12583001 (48.00 MB)
2024-04-29 10:35:24 Non-trainable params: 0 (0.00 Byte)
2024-04-29 10:35:24 __________________________________________________________________________________________________
2024-04-29 10:35:24 CKPT CONSTRUCT...
2024-04-29 10:35:24 CKPT CONSTRUCT OK.
2024-04-29 10:35:24 template model: <keras.src.engine.functional.Functional object at 0x1494df26eaf0>
2024-04-29 10:35:26 COMPILE
2024-04-29 10:35:26 Will save weights to: /dev/shm/Uno/save/8994056.amn-0001/109/0.1.model.h5
2024-04-29 10:35:43 Between random pairs in y_val:
2024-04-29 10:35:43   mse: 0.04774145
2024-04-29 10:35:43   mae: 0.16005400
2024-04-29 10:35:43   r2: -0.99740648
2024-04-29 10:35:43   corr: 0.00129676
2024-04-29 10:35:43 Data points per epoch: train = 470167, val = 117542, test = 577
2024-04-29 10:35:43 Steps per epoch: train = 14692, val = 3673, test = 18
2024-04-29 10:35:43 Epoch 0: lr=0.001
2024-04-29 10:36:55 [Epoch: 0] loss: 0.027792, mae: 0.079757, r2: -1.748566, val_loss: 0.008975, val_mae: 0.066681, val_r2: 0.578118
2024-04-29 10:36:55 Epoch 1: lr=0.00082
2024-04-29 10:38:05 [Epoch: 1] loss: 0.008013, mae: 0.064006, r2: 0.618919, val_loss: 0.007591, val_mae: 0.061727, val_r2: 0.642744
2024-04-29 10:38:06 Epoch 2: lr=0.00064
2024-04-29 10:39:17 [Epoch: 2] loss: 0.007315, mae: 0.060878, r2: 0.651296, val_loss: 0.007184, val_mae: 0.060825, val_r2: 0.661152
2024-04-29 10:39:17 Epoch 3: lr=0.00046
2024-04-29 10:40:28 [Epoch: 3] loss: 0.006814, mae: 0.058623, r2: 0.674062, val_loss: 0.006851, val_mae: 0.059035, val_r2: 0.674004
2024-04-29 10:40:28 Epoch 4: lr=0.00028
2024-04-29 10:41:38 [Epoch: 4] loss: 0.006420, mae: 0.056763, r2: 0.692319, val_loss: 0.006628, val_mae: 0.058659, val_r2: 0.687060
2024-04-29 10:41:39 Epoch 5: lr=0.0001
2024-04-29 10:42:49 [Epoch: 5] loss: 0.006081, mae: 0.055192, r2: 0.708173, val_loss: 0.006377, val_mae: 0.055932, val_r2: 0.698060
2024-04-29 10:42:49 Epoch 6: lr=0.0001
2024-04-29 10:44:00 [Epoch: 6] loss: 0.005972, mae: 0.054712, r2: 0.712971, val_loss: 0.006333, val_mae: 0.055827, val_r2: 0.700711
2024-04-29 10:44:00 Epoch 7: lr=0.0001
2024-04-29 10:45:11 [Epoch: 7] loss: 0.005883, mae: 0.054314, r2: 0.717265, val_loss: 0.006327, val_mae: 0.055938, val_r2: 0.699338
2024-04-29 10:45:11 Epoch 8: lr=0.0001
2024-04-29 10:46:21 [Epoch: 8] loss: 0.005828, mae: 0.054043, r2: 0.719734, val_loss: 0.006302, val_mae: 0.055889, val_r2: 0.701420
2024-04-29 10:46:22 Epoch 9: lr=0.0001
2024-04-29 10:47:32 [Epoch: 9] loss: 0.005756, mae: 0.053741, r2: 0.722869, val_loss: 0.006246, val_mae: 0.055417, val_r2: 0.703806
2024-04-29 10:47:32 Epoch 10: lr=0.0001
2024-04-29 10:48:43 [Epoch: 10] loss: 0.005695, mae: 0.053469, r2: 0.725834, val_loss: 0.006219, val_mae: 0.055653, val_r2: 0.705248
2024-04-29 10:48:43 Epoch 11: lr=0.0001
2024-04-29 10:49:54 [Epoch: 11] loss: 0.005630, mae: 0.053165, r2: 0.728801, val_loss: 0.006206, val_mae: 0.055505, val_r2: 0.706182
2024-04-29 10:49:54 Epoch 12: lr=0.0001
2024-04-29 10:51:04 [Epoch: 12] loss: 0.005580, mae: 0.052917, r2: 0.731334, val_loss: 0.006153, val_mae: 0.055088, val_r2: 0.708628
2024-04-29 10:51:04 Epoch 13: lr=0.0001
2024-04-29 10:52:15 [Epoch: 13] loss: 0.005519, mae: 0.052655, r2: 0.734094, val_loss: 0.006154, val_mae: 0.054786, val_r2: 0.708722
2024-04-29 10:52:15 Epoch 14: lr=0.0001
2024-04-29 10:53:26 [Epoch: 14] loss: 0.005468, mae: 0.052437, r2: 0.736504, val_loss: 0.006175, val_mae: 0.055306, val_r2: 0.707233
2024-04-29 10:53:26 Epoch 15: lr=5e-05
2024-04-29 10:54:37 [Epoch: 15] loss: 0.005347, mae: 0.051845, r2: 0.742361, val_loss: 0.006143, val_mae: 0.054687, val_r2: 0.708741
2024-04-29 10:54:37 Epoch 16: lr=5e-05
2024-04-29 10:55:48 [Epoch: 16] loss: 0.005301, mae: 0.051614, r2: 0.744432, val_loss: 0.006146, val_mae: 0.054695, val_r2: 0.709344
2024-04-29 10:55:48 Epoch 17: lr=5e-05
2024-04-29 10:56:59 [Epoch: 17] loss: 0.005284, mae: 0.051550, r2: 0.745306, val_loss: 0.006125, val_mae: 0.054886, val_r2: 0.709923
2024-04-29 10:56:59 Epoch 18: lr=5e-05
2024-04-29 10:58:09 [Epoch: 18] loss: 0.005245, mae: 0.051385, r2: 0.747099, val_loss: 0.006116, val_mae: 0.054808, val_r2: 0.710565
2024-04-29 10:58:09 Epoch 19: lr=5e-05
2024-04-29 10:59:20 [Epoch: 19] loss: 0.005227, mae: 0.051285, r2: 0.747788, val_loss: 0.006119, val_mae: 0.055141, val_r2: 0.710425
2024-04-29 10:59:20 Epoch 20: lr=5e-05
2024-04-29 11:00:31 [Epoch: 20] loss: 0.005184, mae: 0.051063, r2: 0.749760, val_loss: 0.006110, val_mae: 0.054640, val_r2: 0.710701
2024-04-29 11:00:31 Epoch 21: lr=2.5e-05
2024-04-29 11:01:41 [Epoch: 21] loss: 0.005122, mae: 0.050823, r2: 0.752807, val_loss: 0.006100, val_mae: 0.054264, val_r2: 0.711247
2024-04-29 11:01:42 Epoch 22: lr=2.5e-05
2024-04-29 11:02:52 [Epoch: 22] loss: 0.005113, mae: 0.050743, r2: 0.753126, val_loss: 0.006083, val_mae: 0.054283, val_r2: 0.711262
2024-04-29 11:02:52 Epoch 23: lr=2.5e-05
2024-04-29 11:04:03 [Epoch: 23] loss: 0.005098, mae: 0.050686, r2: 0.754059, val_loss: 0.006126, val_mae: 0.054496, val_r2: 0.709400
2024-04-29 11:04:03 Epoch 24: lr=2.5e-05
2024-04-29 11:05:13 [Epoch: 24] loss: 0.005079, mae: 0.050590, r2: 0.754921, val_loss: 0.006119, val_mae: 0.054401, val_r2: 0.709672
2024-04-29 11:05:13 Epoch 25: lr=2.5e-05
2024-04-29 11:06:24 [Epoch: 25] loss: 0.005067, mae: 0.050523, r2: 0.754954, val_loss: 0.006102, val_mae: 0.054540, val_r2: 0.710368
2024-04-29 11:06:24 Epoch 26: lr=1.25e-05
2024-04-29 11:07:35 [Epoch: 26] loss: 0.005033, mae: 0.050366, r2: 0.756898, val_loss: 0.006099, val_mae: 0.054372, val_r2: 0.710642
2024-04-29 11:07:35 Epoch 27: lr=1.25e-05
2024-04-29 11:08:45 [Epoch: 27] loss: 0.005033, mae: 0.050349, r2: 0.756790, val_loss: 0.006072, val_mae: 0.054213, val_r2: 0.712199
2024-04-29 11:08:46 Epoch 28: lr=1.25e-05
2024-04-29 11:09:56 [Epoch: 28] loss: 0.005016, mae: 0.050272, r2: 0.757723, val_loss: 0.006112, val_mae: 0.054588, val_r2: 0.710391
2024-04-29 11:09:56 Epoch 29: lr=1.25e-05
2024-04-29 11:11:07 [Epoch: 29] loss: 0.005005, mae: 0.050250, r2: 0.758080, val_loss: 0.006076, val_mae: 0.054398, val_r2: 0.711624
2024-04-29 11:11:07 history_length: 30
2024-04-29 11:11:07 stopping: complete
2024-04-29 11:11:07 Comparing y_true and y_pred:
2024-04-29 11:11:07   mse: 0.01070457
2024-04-29 11:11:07   mae: 0.07772475
2024-04-29 11:11:07   r2: 0.54420395
2024-04-29 11:11:07   corr: 0.73886821
