2024-04-29 10:35:23 UNO RUN ...
2024-04-29 10:35:23 Params: {'model_name': 'uno', 'train_sources': ['CCLE'], 'test_sources': ['train'], 'cell_types': None, 'cell_features': ['rnaseq'], 'drug_features': ['descriptors'], 'dense': [1000, 1000, 1000, 1000, 1000], 'dense_feature_layers': [1000, 1000, 1000], 'activation': 'relu', 'loss': 'mse', 'optimizer': 'adamax', 'scaling': 'std', 'dropout': 0.1, 'epochs': 30, 'batch_size': 32, 'val_split': 0.2, 'cv': 1, 'max_val_loss': 1.0, 'learning_rate': 0.0001, 'base_lr': None, 'agg_dose': 'AUC', 'residual': False, 'reduce_lr': True, 'warmup_lr': True, 'batch_normalization': False, 'feature_subsample': 0, 'rng_seed': 2018, 'no_gen': False, 'verbose': False, 'preprocess_rnaseq': 'source_scale', 'gpus': [0], 'use_landmark_genes': True, 'no_feature_source': True, 'no_response_source': True, 'save_path': '/dev/shm/Uno/save/8994056.amn-0001/136', 'single': True, 'on_memory_loader': True, 'ckpt_checksum': True, 'ckpt_save_interval': 0, 'timeout': -1, 'train_bool': True, 'profiling': False, 'experiment_id': '8994056.amn-0001', 'run_id': '136', 'logfile': '/dev/shm/Uno/save/8994056.amn-0001/136/python.log', 'shuffle': False, 'ckpt_restart_mode': 'off', 'ckpt_skip_epochs': 0, 'ckpt_directory': '/dev/shm/Uno/save/8994056.amn-0001/136', 'ckpt_save_best': True, 'ckpt_save_best_metric': 'val_loss', 'ckpt_save_weights_only': False, 'ckpt_keep_mode': 'linear', 'ckpt_keep_limit': 5, 'by_cell': None, 'by_drug': None, 'cell_subset_path': '', 'drug_subset_path': '', 'drug_median_response_min': -1, 'drug_median_response_max': 1, 'dense_cell_feature_layers': None, 'dense_drug_feature_layers': None, 'use_filtered_genes': False, 'feature_subset_path': '', 'cell_feature_subset_path': '', 'drug_feature_subset_path': '', 'es': True, 'cp': False, 'tb': False, 'tb_prefix': 'tb', 'partition_by': None, 'cache': None, 'export_csv': None, 'export_data': None, 'use_exported_data': '/dev/shm/Uno/x1922c0s2b0n0.136.merged.landmark.h5', 'growth_bins': 0, 'initial_weights': None, 'save_weights': '/dev/shm/Uno/save/8994056.amn-0001/136/2.0.model.h5', 'config_file': '/home/brettin/CSC249ADOA01_CNDA/brettin/Benchmarks/Pilot1/Uno/uno_auc_model.txt', 'data_type': <class 'numpy.float32'>, 'data_dir': '/dev/shm/Uno/uno/Data', 'output_dir': '/dev/shm/Uno/uno/Output/8994056.amn-0001/136'}
2024-04-29 10:35:24 Feature encoding submodel for cell.rnaseq:
2024-04-29 10:35:24 Model: "cell.rnaseq"
2024-04-29 10:35:24 _________________________________________________________________
2024-04-29 10:35:24  Layer (type)                Output Shape              Param #   
2024-04-29 10:35:24 =================================================================
2024-04-29 10:35:24  input_1 (InputLayer)        [(None, 958)]             0         
2024-04-29 10:35:24                                                                  
2024-04-29 10:35:24  dense (Dense)               (None, 1000)              959000    
2024-04-29 10:35:24                                                                  
2024-04-29 10:35:24  permanent_dropout (Permane  (None, 1000)              0         
2024-04-29 10:35:24  ntDropout)                                                      
2024-04-29 10:35:24                                                                  
2024-04-29 10:35:24  dense_1 (Dense)             (None, 1000)              1001000   
2024-04-29 10:35:24                                                                  
2024-04-29 10:35:24  permanent_dropout_1 (Perma  (None, 1000)              0         
2024-04-29 10:35:24  nentDropout)                                                    
2024-04-29 10:35:24                                                                  
2024-04-29 10:35:24  dense_2 (Dense)             (None, 1000)              1001000   
2024-04-29 10:35:24                                                                  
2024-04-29 10:35:24  permanent_dropout_2 (Perma  (None, 1000)              0         
2024-04-29 10:35:24  nentDropout)                                                    
2024-04-29 10:35:24                                                                  
2024-04-29 10:35:24 =================================================================
2024-04-29 10:35:24 Total params: 2961000 (11.30 MB)
2024-04-29 10:35:24 Trainable params: 2961000 (11.30 MB)
2024-04-29 10:35:24 Non-trainable params: 0 (0.00 Byte)
2024-04-29 10:35:24 _________________________________________________________________
2024-04-29 10:35:24 Feature encoding submodel for drug.descriptors:
2024-04-29 10:35:24 Model: "drug.descriptors"
2024-04-29 10:35:24 _________________________________________________________________
2024-04-29 10:35:24  Layer (type)                Output Shape              Param #   
2024-04-29 10:35:24 =================================================================
2024-04-29 10:35:24  input_2 (InputLayer)        [(None, 1613)]            0         
2024-04-29 10:35:24                                                                  
2024-04-29 10:35:24  dense_3 (Dense)             (None, 1000)              1614000   
2024-04-29 10:35:24                                                                  
2024-04-29 10:35:24  permanent_dropout_3 (Perma  (None, 1000)              0         
2024-04-29 10:35:24  nentDropout)                                                    
2024-04-29 10:35:24                                                                  
2024-04-29 10:35:24  dense_4 (Dense)             (None, 1000)              1001000   
2024-04-29 10:35:24                                                                  
2024-04-29 10:35:24  permanent_dropout_4 (Perma  (None, 1000)              0         
2024-04-29 10:35:24  nentDropout)                                                    
2024-04-29 10:35:24                                                                  
2024-04-29 10:35:24  dense_5 (Dense)             (None, 1000)              1001000   
2024-04-29 10:35:24                                                                  
2024-04-29 10:35:24  permanent_dropout_5 (Perma  (None, 1000)              0         
2024-04-29 10:35:24  nentDropout)                                                    
2024-04-29 10:35:24                                                                  
2024-04-29 10:35:24 =================================================================
2024-04-29 10:35:24 Total params: 3616000 (13.79 MB)
2024-04-29 10:35:24 Trainable params: 3616000 (13.79 MB)
2024-04-29 10:35:24 Non-trainable params: 0 (0.00 Byte)
2024-04-29 10:35:24 _________________________________________________________________
2024-04-29 10:35:24 Combined model:
2024-04-29 10:35:24 Model: "model"
2024-04-29 10:35:24 __________________________________________________________________________________________________
2024-04-29 10:35:24  Layer (type)                Output Shape                 Param #   Connected to                  
2024-04-29 10:35:24 ==================================================================================================
2024-04-29 10:35:24  input.cell.rnaseq (InputLa  [(None, 958)]                0         []                            
2024-04-29 10:35:24  yer)                                                                                             
2024-04-29 10:35:24                                                                                                   
2024-04-29 10:35:24  input.drug1.descriptors (I  [(None, 1613)]               0         []                            
2024-04-29 10:35:24  nputLayer)                                                                                       
2024-04-29 10:35:24                                                                                                   
2024-04-29 10:35:24  cell.rnaseq (Functional)    (None, 1000)                 2961000   ['input.cell.rnaseq[0][0]']   
2024-04-29 10:35:24                                                                                                   
2024-04-29 10:35:24  drug.descriptors (Function  (None, 1000)                 3616000   ['input.drug1.descriptors[0][0
2024-04-29 10:35:24  al)                                                                ]']                           
2024-04-29 10:35:24                                                                                                   
2024-04-29 10:35:24  concatenate (Concatenate)   (None, 2000)                 0         ['cell.rnaseq[0][0]',         
2024-04-29 10:35:24                                                                      'drug.descriptors[0][0]']    
2024-04-29 10:35:24                                                                                                   
2024-04-29 10:35:24  dense_6 (Dense)             (None, 1000)                 2001000   ['concatenate[0][0]']         
2024-04-29 10:35:24                                                                                                   
2024-04-29 10:35:24  permanent_dropout_6 (Perma  (None, 1000)                 0         ['dense_6[0][0]']             
2024-04-29 10:35:24  nentDropout)                                                                                     
2024-04-29 10:35:24                                                                                                   
2024-04-29 10:35:24  dense_7 (Dense)             (None, 1000)                 1001000   ['permanent_dropout_6[0][0]'] 
2024-04-29 10:35:24                                                                                                   
2024-04-29 10:35:24  permanent_dropout_7 (Perma  (None, 1000)                 0         ['dense_7[0][0]']             
2024-04-29 10:35:24  nentDropout)                                                                                     
2024-04-29 10:35:24                                                                                                   
2024-04-29 10:35:24  dense_8 (Dense)             (None, 1000)                 1001000   ['permanent_dropout_7[0][0]'] 
2024-04-29 10:35:24                                                                                                   
2024-04-29 10:35:24  permanent_dropout_8 (Perma  (None, 1000)                 0         ['dense_8[0][0]']             
2024-04-29 10:35:24  nentDropout)                                                                                     
2024-04-29 10:35:24                                                                                                   
2024-04-29 10:35:24  dense_9 (Dense)             (None, 1000)                 1001000   ['permanent_dropout_8[0][0]'] 
2024-04-29 10:35:24                                                                                                   
2024-04-29 10:35:24  permanent_dropout_9 (Perma  (None, 1000)                 0         ['dense_9[0][0]']             
2024-04-29 10:35:24  nentDropout)                                                                                     
2024-04-29 10:35:24                                                                                                   
2024-04-29 10:35:24  dense_10 (Dense)            (None, 1000)                 1001000   ['permanent_dropout_9[0][0]'] 
2024-04-29 10:35:24                                                                                                   
2024-04-29 10:35:24  permanent_dropout_10 (Perm  (None, 1000)                 0         ['dense_10[0][0]']            
2024-04-29 10:35:24  anentDropout)                                                                                    
2024-04-29 10:35:24                                                                                                   
2024-04-29 10:35:24  dense_11 (Dense)            (None, 1)                    1001      ['permanent_dropout_10[0][0]']
2024-04-29 10:35:24                                                                                                   
2024-04-29 10:35:24 ==================================================================================================
2024-04-29 10:35:24 Total params: 12583001 (48.00 MB)
2024-04-29 10:35:24 Trainable params: 12583001 (48.00 MB)
2024-04-29 10:35:24 Non-trainable params: 0 (0.00 Byte)
2024-04-29 10:35:24 __________________________________________________________________________________________________
2024-04-29 10:35:24 CKPT CONSTRUCT...
2024-04-29 10:35:24 CKPT CONSTRUCT OK.
2024-04-29 10:35:24 template model: <keras.src.engine.functional.Functional object at 0x14ebb585afa0>
2024-04-29 10:35:26 COMPILE
2024-04-29 10:35:26 Will save weights to: /dev/shm/Uno/save/8994056.amn-0001/136/2.0.model.h5
2024-04-29 10:35:43 Between random pairs in y_val:
2024-04-29 10:35:43   mse: 0.04811904
2024-04-29 10:35:43   mae: 0.16090705
2024-04-29 10:35:43   r2: -1.01031108
2024-04-29 10:35:43   corr: -0.00515554
2024-04-29 10:35:43 Data points per epoch: train = 470167, val = 117542, test = 657
2024-04-29 10:35:43 Steps per epoch: train = 14692, val = 3673, test = 20
2024-04-29 10:35:43 Epoch 0: lr=0.001
2024-04-29 10:36:56 [Epoch: 0] loss: 0.027426, mae: 0.079627, r2: -0.289730, val_loss: 0.008335, val_mae: 0.066242, val_r2: 0.610940
2024-04-29 10:36:56 Epoch 1: lr=0.00082
2024-04-29 10:38:08 [Epoch: 1] loss: 0.008028, mae: 0.064044, r2: 0.618266, val_loss: 0.007509, val_mae: 0.062339, val_r2: 0.649309
2024-04-29 10:38:08 Epoch 2: lr=0.00064
2024-04-29 10:39:19 [Epoch: 2] loss: 0.007307, mae: 0.060794, r2: 0.651450, val_loss: 0.007195, val_mae: 0.059662, val_r2: 0.660665
2024-04-29 10:39:20 Epoch 3: lr=0.00046
2024-04-29 10:40:31 [Epoch: 3] loss: 0.006812, mae: 0.058573, r2: 0.674219, val_loss: 0.006762, val_mae: 0.058649, val_r2: 0.677876
2024-04-29 10:40:31 Epoch 4: lr=0.00028
2024-04-29 10:41:43 [Epoch: 4] loss: 0.006432, mae: 0.056821, r2: 0.691506, val_loss: 0.006477, val_mae: 0.056911, val_r2: 0.693005
2024-04-29 10:41:43 Epoch 5: lr=0.0001
2024-04-29 10:42:55 [Epoch: 5] loss: 0.006088, mae: 0.055199, r2: 0.707554, val_loss: 0.006367, val_mae: 0.056795, val_r2: 0.697549
2024-04-29 10:42:55 Epoch 6: lr=0.0001
2024-04-29 10:44:07 [Epoch: 6] loss: 0.005985, mae: 0.054733, r2: 0.712364, val_loss: 0.006270, val_mae: 0.055671, val_r2: 0.703357
2024-04-29 10:44:07 Epoch 7: lr=0.0001
2024-04-29 10:45:19 [Epoch: 7] loss: 0.005906, mae: 0.054337, r2: 0.716069, val_loss: 0.006232, val_mae: 0.055637, val_r2: 0.704535
2024-04-29 10:45:19 Epoch 8: lr=0.0001
2024-04-29 10:46:30 [Epoch: 8] loss: 0.005838, mae: 0.054079, r2: 0.719183, val_loss: 0.006206, val_mae: 0.055393, val_r2: 0.704650
2024-04-29 10:46:30 Epoch 9: lr=0.0001
2024-04-29 10:47:42 [Epoch: 9] loss: 0.005765, mae: 0.053745, r2: 0.722650, val_loss: 0.006197, val_mae: 0.055332, val_r2: 0.705279
2024-04-29 10:47:42 Epoch 10: lr=0.0001
2024-04-29 10:48:54 [Epoch: 10] loss: 0.005704, mae: 0.053434, r2: 0.725471, val_loss: 0.006161, val_mae: 0.055064, val_r2: 0.708202
2024-04-29 10:48:54 Epoch 11: lr=0.0001
2024-04-29 10:50:06 [Epoch: 11] loss: 0.005647, mae: 0.053214, r2: 0.728399, val_loss: 0.006142, val_mae: 0.055108, val_r2: 0.708052
2024-04-29 10:50:06 Epoch 12: lr=0.0001
2024-04-29 10:51:17 [Epoch: 12] loss: 0.005588, mae: 0.052912, r2: 0.731158, val_loss: 0.006137, val_mae: 0.055131, val_r2: 0.708556
2024-04-29 10:51:17 Epoch 13: lr=5e-05
2024-04-29 10:52:29 [Epoch: 13] loss: 0.005464, mae: 0.052334, r2: 0.736824, val_loss: 0.006081, val_mae: 0.054954, val_r2: 0.712099
2024-04-29 10:52:29 Epoch 14: lr=5e-05
2024-04-29 10:53:41 [Epoch: 14] loss: 0.005421, mae: 0.052132, r2: 0.738668, val_loss: 0.006084, val_mae: 0.055113, val_r2: 0.711153
2024-04-29 10:53:41 Epoch 15: lr=5e-05
2024-04-29 10:54:53 [Epoch: 15] loss: 0.005382, mae: 0.051980, r2: 0.740568, val_loss: 0.006090, val_mae: 0.055098, val_r2: 0.710689
2024-04-29 10:54:53 Epoch 16: lr=5e-05
2024-04-29 10:56:05 [Epoch: 16] loss: 0.005354, mae: 0.051856, r2: 0.741962, val_loss: 0.006112, val_mae: 0.054611, val_r2: 0.710836
2024-04-29 10:56:05 Epoch 17: lr=5e-05
2024-04-29 10:57:16 [Epoch: 17] loss: 0.005326, mae: 0.051692, r2: 0.743162, val_loss: 0.006074, val_mae: 0.054377, val_r2: 0.711215
2024-04-29 10:57:16 Epoch 18: lr=5e-05
2024-04-29 10:58:28 [Epoch: 18] loss: 0.005303, mae: 0.051592, r2: 0.744400, val_loss: 0.006060, val_mae: 0.054623, val_r2: 0.712450
2024-04-29 10:58:28 Epoch 19: lr=2.5e-05
2024-04-29 10:59:40 [Epoch: 19] loss: 0.005234, mae: 0.051283, r2: 0.747410, val_loss: 0.006063, val_mae: 0.054625, val_r2: 0.711235
2024-04-29 10:59:40 Epoch 20: lr=2.5e-05
2024-04-29 11:00:52 [Epoch: 20] loss: 0.005219, mae: 0.051216, r2: 0.748191, val_loss: 0.006067, val_mae: 0.054420, val_r2: 0.711952
2024-04-29 11:00:52 Epoch 21: lr=2.5e-05
2024-04-29 11:02:03 [Epoch: 21] loss: 0.005206, mae: 0.051158, r2: 0.748919, val_loss: 0.006052, val_mae: 0.054459, val_r2: 0.712594
2024-04-29 11:02:03 Epoch 22: lr=2.5e-05
2024-04-29 11:03:15 [Epoch: 22] loss: 0.005181, mae: 0.051040, r2: 0.750087, val_loss: 0.006041, val_mae: 0.054577, val_r2: 0.713407
2024-04-29 11:03:15 Epoch 23: lr=2.5e-05
2024-04-29 11:04:27 [Epoch: 23] loss: 0.005180, mae: 0.051013, r2: 0.750144, val_loss: 0.006011, val_mae: 0.054394, val_r2: 0.714675
2024-04-29 11:04:27 Epoch 24: lr=1.25e-05
2024-04-29 11:05:39 [Epoch: 24] loss: 0.005124, mae: 0.050773, r2: 0.752507, val_loss: 0.006058, val_mae: 0.054605, val_r2: 0.712004
2024-04-29 11:05:39 Epoch 25: lr=1.25e-05
2024-04-29 11:06:51 [Epoch: 25] loss: 0.005118, mae: 0.050749, r2: 0.752908, val_loss: 0.006008, val_mae: 0.054323, val_r2: 0.714672
2024-04-29 11:06:51 Epoch 26: lr=1.25e-05
2024-04-29 11:08:02 [Epoch: 26] loss: 0.005122, mae: 0.050755, r2: 0.752879, val_loss: 0.006047, val_mae: 0.054373, val_r2: 0.712960
2024-04-29 11:08:02 Epoch 27: lr=1.25e-05
2024-04-29 11:09:14 [Epoch: 27] loss: 0.005103, mae: 0.050654, r2: 0.753554, val_loss: 0.006033, val_mae: 0.054262, val_r2: 0.713795
2024-04-29 11:09:14 Epoch 28: lr=1.25e-05
2024-04-29 11:10:26 [Epoch: 28] loss: 0.005092, mae: 0.050618, r2: 0.754115, val_loss: 0.006027, val_mae: 0.054389, val_r2: 0.714070
2024-04-29 11:10:26 Epoch 29: lr=1e-05
2024-04-29 11:11:38 [Epoch: 29] loss: 0.005091, mae: 0.050587, r2: 0.754448, val_loss: 0.006042, val_mae: 0.054481, val_r2: 0.712568
2024-04-29 11:11:38 history_length: 30
2024-04-29 11:11:38 stopping: complete
2024-04-29 11:11:38 Comparing y_true and y_pred:
2024-04-29 11:11:38   mse: 0.00184383
2024-04-29 11:11:38   mae: 0.02793817
2024-04-29 11:11:38   r2: -0.07123077
2024-04-29 11:11:38   corr: 0.10897120
