2024-05-18 13:19:43 UNO RUN ...
2024-05-18 13:19:43 Params: {'model_name': 'uno', 'train_sources': ['CCLE'], 'test_sources': ['train'], 'cell_types': None, 'cell_features': ['rnaseq'], 'drug_features': ['descriptors'], 'dense': [1000, 1000, 1000, 1000, 1000], 'dense_feature_layers': [1000, 1000, 1000], 'activation': 'relu', 'loss': 'mse', 'optimizer': 'adamax', 'scaling': 'std', 'dropout': 0.1, 'epochs': 75, 'batch_size': 32, 'val_split': 0.2, 'cv': 1, 'max_val_loss': 1.0, 'learning_rate': 0.0001, 'base_lr': None, 'agg_dose': 'AUC', 'residual': False, 'reduce_lr': True, 'warmup_lr': True, 'batch_normalization': False, 'feature_subsample': 0, 'rng_seed': 2018, 'no_gen': False, 'verbose': False, 'preprocess_rnaseq': 'source_scale', 'gpus': [0], 'use_landmark_genes': True, 'no_feature_source': True, 'no_response_source': True, 'save_path': '/dev/shm/Uno/save/8999163.amn-0001/133', 'single': True, 'on_memory_loader': True, 'ckpt_checksum': True, 'ckpt_save_interval': 0, 'timeout': -1, 'train_bool': True, 'profiling': False, 'experiment_id': '8999163.amn-0001', 'run_id': '133', 'logfile': '/dev/shm/Uno/save/8999163.amn-0001/133/python.log', 'shuffle': False, 'ckpt_restart_mode': 'off', 'ckpt_skip_epochs': 0, 'ckpt_directory': '/dev/shm/Uno/save/8999163.amn-0001/133', 'ckpt_save_best': True, 'ckpt_save_best_metric': 'val_loss', 'ckpt_save_weights_only': False, 'ckpt_keep_mode': 'linear', 'ckpt_keep_limit': 5, 'by_cell': None, 'by_drug': None, 'cell_subset_path': '', 'drug_subset_path': '', 'drug_median_response_min': -1, 'drug_median_response_max': 1, 'dense_cell_feature_layers': None, 'dense_drug_feature_layers': None, 'use_filtered_genes': False, 'feature_subset_path': '', 'cell_feature_subset_path': '', 'drug_feature_subset_path': '', 'es': True, 'cp': False, 'tb': False, 'tb_prefix': 'tb', 'partition_by': None, 'cache': None, 'export_csv': None, 'export_data': None, 'use_exported_data': '/dev/shm/Uno/x1922c6s2b0n0.133.merged.landmark.h5', 'growth_bins': 0, 'initial_weights': None, 'save_weights': '/dev/shm/Uno/save/8999163.amn-0001/133/0.1.model.h5', 'config_file': '/home/brettin/CSC249ADOA01_CNDA/brettin/Benchmarks/Pilot1/Uno/uno_auc_model.txt', 'data_type': <class 'numpy.float32'>, 'data_dir': '/dev/shm/Uno/uno/Data', 'output_dir': '/dev/shm/Uno/uno/Output/8999163.amn-0001/133'}
2024-05-18 13:19:43 Feature encoding submodel for cell.rnaseq:
2024-05-18 13:19:43 Model: "cell.rnaseq"
2024-05-18 13:19:43 _________________________________________________________________
2024-05-18 13:19:43  Layer (type)                Output Shape              Param #   
2024-05-18 13:19:43 =================================================================
2024-05-18 13:19:43  input_1 (InputLayer)        [(None, 958)]             0         
2024-05-18 13:19:43                                                                  
2024-05-18 13:19:43  dense (Dense)               (None, 1000)              959000    
2024-05-18 13:19:43                                                                  
2024-05-18 13:19:43  permanent_dropout (Permane  (None, 1000)              0         
2024-05-18 13:19:43  ntDropout)                                                      
2024-05-18 13:19:43                                                                  
2024-05-18 13:19:43  dense_1 (Dense)             (None, 1000)              1001000   
2024-05-18 13:19:43                                                                  
2024-05-18 13:19:43  permanent_dropout_1 (Perma  (None, 1000)              0         
2024-05-18 13:19:43  nentDropout)                                                    
2024-05-18 13:19:43                                                                  
2024-05-18 13:19:43  dense_2 (Dense)             (None, 1000)              1001000   
2024-05-18 13:19:43                                                                  
2024-05-18 13:19:43  permanent_dropout_2 (Perma  (None, 1000)              0         
2024-05-18 13:19:43  nentDropout)                                                    
2024-05-18 13:19:43                                                                  
2024-05-18 13:19:43 =================================================================
2024-05-18 13:19:43 Total params: 2961000 (11.30 MB)
2024-05-18 13:19:43 Trainable params: 2961000 (11.30 MB)
2024-05-18 13:19:43 Non-trainable params: 0 (0.00 Byte)
2024-05-18 13:19:43 _________________________________________________________________
2024-05-18 13:19:43 Feature encoding submodel for drug.descriptors:
2024-05-18 13:19:43 Model: "drug.descriptors"
2024-05-18 13:19:43 _________________________________________________________________
2024-05-18 13:19:43  Layer (type)                Output Shape              Param #   
2024-05-18 13:19:43 =================================================================
2024-05-18 13:19:43  input_2 (InputLayer)        [(None, 1613)]            0         
2024-05-18 13:19:43                                                                  
2024-05-18 13:19:43  dense_3 (Dense)             (None, 1000)              1614000   
2024-05-18 13:19:43                                                                  
2024-05-18 13:19:43  permanent_dropout_3 (Perma  (None, 1000)              0         
2024-05-18 13:19:43  nentDropout)                                                    
2024-05-18 13:19:43                                                                  
2024-05-18 13:19:43  dense_4 (Dense)             (None, 1000)              1001000   
2024-05-18 13:19:43                                                                  
2024-05-18 13:19:43  permanent_dropout_4 (Perma  (None, 1000)              0         
2024-05-18 13:19:43  nentDropout)                                                    
2024-05-18 13:19:43                                                                  
2024-05-18 13:19:43  dense_5 (Dense)             (None, 1000)              1001000   
2024-05-18 13:19:43                                                                  
2024-05-18 13:19:43  permanent_dropout_5 (Perma  (None, 1000)              0         
2024-05-18 13:19:43  nentDropout)                                                    
2024-05-18 13:19:43                                                                  
2024-05-18 13:19:43 =================================================================
2024-05-18 13:19:43 Total params: 3616000 (13.79 MB)
2024-05-18 13:19:43 Trainable params: 3616000 (13.79 MB)
2024-05-18 13:19:43 Non-trainable params: 0 (0.00 Byte)
2024-05-18 13:19:43 _________________________________________________________________
2024-05-18 13:19:43 Combined model:
2024-05-18 13:19:43 Model: "model"
2024-05-18 13:19:43 __________________________________________________________________________________________________
2024-05-18 13:19:43  Layer (type)                Output Shape                 Param #   Connected to                  
2024-05-18 13:19:43 ==================================================================================================
2024-05-18 13:19:43  input.cell.rnaseq (InputLa  [(None, 958)]                0         []                            
2024-05-18 13:19:43  yer)                                                                                             
2024-05-18 13:19:43                                                                                                   
2024-05-18 13:19:43  input.drug1.descriptors (I  [(None, 1613)]               0         []                            
2024-05-18 13:19:43  nputLayer)                                                                                       
2024-05-18 13:19:43                                                                                                   
2024-05-18 13:19:43  cell.rnaseq (Functional)    (None, 1000)                 2961000   ['input.cell.rnaseq[0][0]']   
2024-05-18 13:19:43                                                                                                   
2024-05-18 13:19:43  drug.descriptors (Function  (None, 1000)                 3616000   ['input.drug1.descriptors[0][0
2024-05-18 13:19:43  al)                                                                ]']                           
2024-05-18 13:19:43                                                                                                   
2024-05-18 13:19:43  concatenate (Concatenate)   (None, 2000)                 0         ['cell.rnaseq[0][0]',         
2024-05-18 13:19:43                                                                      'drug.descriptors[0][0]']    
2024-05-18 13:19:43                                                                                                   
2024-05-18 13:19:43  dense_6 (Dense)             (None, 1000)                 2001000   ['concatenate[0][0]']         
2024-05-18 13:19:43                                                                                                   
2024-05-18 13:19:43  permanent_dropout_6 (Perma  (None, 1000)                 0         ['dense_6[0][0]']             
2024-05-18 13:19:43  nentDropout)                                                                                     
2024-05-18 13:19:43                                                                                                   
2024-05-18 13:19:43  dense_7 (Dense)             (None, 1000)                 1001000   ['permanent_dropout_6[0][0]'] 
2024-05-18 13:19:43                                                                                                   
2024-05-18 13:19:43  permanent_dropout_7 (Perma  (None, 1000)                 0         ['dense_7[0][0]']             
2024-05-18 13:19:43  nentDropout)                                                                                     
2024-05-18 13:19:43                                                                                                   
2024-05-18 13:19:43  dense_8 (Dense)             (None, 1000)                 1001000   ['permanent_dropout_7[0][0]'] 
2024-05-18 13:19:43                                                                                                   
2024-05-18 13:19:43  permanent_dropout_8 (Perma  (None, 1000)                 0         ['dense_8[0][0]']             
2024-05-18 13:19:43  nentDropout)                                                                                     
2024-05-18 13:19:43                                                                                                   
2024-05-18 13:19:43  dense_9 (Dense)             (None, 1000)                 1001000   ['permanent_dropout_8[0][0]'] 
2024-05-18 13:19:43                                                                                                   
2024-05-18 13:19:43  permanent_dropout_9 (Perma  (None, 1000)                 0         ['dense_9[0][0]']             
2024-05-18 13:19:43  nentDropout)                                                                                     
2024-05-18 13:19:43                                                                                                   
2024-05-18 13:19:43  dense_10 (Dense)            (None, 1000)                 1001000   ['permanent_dropout_9[0][0]'] 
2024-05-18 13:19:43                                                                                                   
2024-05-18 13:19:43  permanent_dropout_10 (Perm  (None, 1000)                 0         ['dense_10[0][0]']            
2024-05-18 13:19:43  anentDropout)                                                                                    
2024-05-18 13:19:43                                                                                                   
2024-05-18 13:19:43  dense_11 (Dense)            (None, 1)                    1001      ['permanent_dropout_10[0][0]']
2024-05-18 13:19:43                                                                                                   
2024-05-18 13:19:43 ==================================================================================================
2024-05-18 13:19:43 Total params: 12583001 (48.00 MB)
2024-05-18 13:19:43 Trainable params: 12583001 (48.00 MB)
2024-05-18 13:19:43 Non-trainable params: 0 (0.00 Byte)
2024-05-18 13:19:43 __________________________________________________________________________________________________
2024-05-18 13:19:44 CKPT CONSTRUCT...
2024-05-18 13:19:44 CKPT CONSTRUCT OK.
2024-05-18 13:19:44 template model: <keras.src.engine.functional.Functional object at 0x14552738a880>
2024-05-18 13:19:45 COMPILE
2024-05-18 13:19:45 Will save weights to: /dev/shm/Uno/save/8999163.amn-0001/133/0.1.model.h5
2024-05-18 13:20:02 Between random pairs in y_val:
2024-05-18 13:20:02   mse: 0.04789364
2024-05-18 13:20:02   mae: 0.16028651
2024-05-18 13:20:02   r2: -1.01036946
2024-05-18 13:20:02   corr: -0.00518473
2024-05-18 13:20:02 Data points per epoch: train = 469620, val = 117405, test = 684
2024-05-18 13:20:02 Steps per epoch: train = 14675, val = 3668, test = 21
2024-05-18 13:20:02 Epoch 0: lr=0.001
2024-05-18 13:21:13 [Epoch: 0] loss: 0.026560, mae: 0.079533, r2: -0.455110, val_loss: 0.008535, val_mae: 0.066477, val_r2: 0.590346
2024-05-18 13:21:14 Epoch 1: lr=0.00082
2024-05-18 13:22:24 [Epoch: 1] loss: 0.008001, mae: 0.063982, r2: 0.621044, val_loss: 0.007674, val_mae: 0.061696, val_r2: 0.634290
2024-05-18 13:22:24 Epoch 2: lr=0.00064
2024-05-18 13:23:34 [Epoch: 2] loss: 0.007318, mae: 0.060842, r2: 0.652201, val_loss: 0.007105, val_mae: 0.059461, val_r2: 0.660314
2024-05-18 13:23:34 Epoch 3: lr=0.00046
2024-05-18 13:24:45 [Epoch: 3] loss: 0.006824, mae: 0.058610, r2: 0.674844, val_loss: 0.006835, val_mae: 0.058711, val_r2: 0.672525
2024-05-18 13:24:45 Epoch 4: lr=0.00028
2024-05-18 13:25:55 [Epoch: 4] loss: 0.006424, mae: 0.056825, r2: 0.693508, val_loss: 0.006576, val_mae: 0.057087, val_r2: 0.685441
2024-05-18 13:25:55 Epoch 5: lr=0.0001
2024-05-18 13:27:05 [Epoch: 5] loss: 0.006087, mae: 0.055192, r2: 0.709077, val_loss: 0.006413, val_mae: 0.055959, val_r2: 0.693417
2024-05-18 13:27:06 Epoch 6: lr=0.0001
2024-05-18 13:28:16 [Epoch: 6] loss: 0.005977, mae: 0.054699, r2: 0.714054, val_loss: 0.006389, val_mae: 0.056148, val_r2: 0.692469
2024-05-18 13:28:16 Epoch 7: lr=0.0001
2024-05-18 13:29:27 [Epoch: 7] loss: 0.005895, mae: 0.054349, r2: 0.717909, val_loss: 0.006360, val_mae: 0.055909, val_r2: 0.695694
2024-05-18 13:29:27 Epoch 8: lr=0.0001
2024-05-18 13:30:37 [Epoch: 8] loss: 0.005823, mae: 0.054012, r2: 0.721095, val_loss: 0.006326, val_mae: 0.055609, val_r2: 0.696456
2024-05-18 13:30:37 Epoch 9: lr=0.0001
2024-05-18 13:31:47 [Epoch: 9] loss: 0.005763, mae: 0.053749, r2: 0.723567, val_loss: 0.006338, val_mae: 0.056335, val_r2: 0.694515
2024-05-18 13:31:47 Epoch 10: lr=0.0001
2024-05-18 13:32:58 [Epoch: 10] loss: 0.005689, mae: 0.053433, r2: 0.727305, val_loss: 0.006287, val_mae: 0.055968, val_r2: 0.698004
2024-05-18 13:32:58 Epoch 11: lr=0.0001
2024-05-18 13:34:08 [Epoch: 11] loss: 0.005635, mae: 0.053160, r2: 0.729849, val_loss: 0.006227, val_mae: 0.055426, val_r2: 0.700820
2024-05-18 13:34:08 Epoch 12: lr=0.0001
2024-05-18 13:35:18 [Epoch: 12] loss: 0.005578, mae: 0.052910, r2: 0.732387, val_loss: 0.006244, val_mae: 0.055001, val_r2: 0.699789
2024-05-18 13:35:19 Epoch 13: lr=0.0001
2024-05-18 13:36:29 [Epoch: 13] loss: 0.005511, mae: 0.052633, r2: 0.735409, val_loss: 0.006222, val_mae: 0.055861, val_r2: 0.702096
2024-05-18 13:36:29 Epoch 14: lr=0.0001
2024-05-18 13:37:39 [Epoch: 14] loss: 0.005476, mae: 0.052431, r2: 0.736927, val_loss: 0.006200, val_mae: 0.054998, val_r2: 0.702337
2024-05-18 13:37:39 Epoch 15: lr=0.0001
2024-05-18 13:38:49 [Epoch: 15] loss: 0.005415, mae: 0.052176, r2: 0.739936, val_loss: 0.006202, val_mae: 0.055486, val_r2: 0.702485
2024-05-18 13:38:49 Epoch 16: lr=5e-05
2024-05-18 13:39:59 [Epoch: 16] loss: 0.005287, mae: 0.051588, r2: 0.745719, val_loss: 0.006170, val_mae: 0.055088, val_r2: 0.703723
2024-05-18 13:40:00 Epoch 17: lr=5e-05
2024-05-18 13:41:10 [Epoch: 17] loss: 0.005243, mae: 0.051368, r2: 0.748058, val_loss: 0.006147, val_mae: 0.054401, val_r2: 0.704351
2024-05-18 13:41:10 Epoch 18: lr=5e-05
2024-05-18 13:42:20 [Epoch: 18] loss: 0.005222, mae: 0.051262, r2: 0.748783, val_loss: 0.006116, val_mae: 0.054661, val_r2: 0.706203
2024-05-18 13:42:20 Epoch 19: lr=5e-05
2024-05-18 13:43:30 [Epoch: 19] loss: 0.005189, mae: 0.051095, r2: 0.750525, val_loss: 0.006165, val_mae: 0.054473, val_r2: 0.704206
2024-05-18 13:43:30 Epoch 20: lr=5e-05
2024-05-18 13:44:41 [Epoch: 20] loss: 0.005161, mae: 0.050978, r2: 0.751544, val_loss: 0.006149, val_mae: 0.054612, val_r2: 0.704647
2024-05-18 13:44:41 Epoch 21: lr=5e-05
2024-05-18 13:45:51 [Epoch: 21] loss: 0.005140, mae: 0.050883, r2: 0.752842, val_loss: 0.006146, val_mae: 0.054801, val_r2: 0.704357
2024-05-18 13:45:51 Epoch 22: lr=2.5e-05
2024-05-18 13:47:02 [Epoch: 22] loss: 0.005067, mae: 0.050534, r2: 0.755820, val_loss: 0.006137, val_mae: 0.054582, val_r2: 0.705201
2024-05-18 13:47:02 Epoch 23: lr=2.5e-05
2024-05-18 13:48:12 [Epoch: 23] loss: 0.005044, mae: 0.050437, r2: 0.757042, val_loss: 0.006131, val_mae: 0.054751, val_r2: 0.705765
2024-05-18 13:48:12 Epoch 24: lr=2.5e-05
2024-05-18 13:49:22 [Epoch: 24] loss: 0.005035, mae: 0.050369, r2: 0.757497, val_loss: 0.006119, val_mae: 0.054273, val_r2: 0.706247
2024-05-18 13:49:22 Epoch 25: lr=2.5e-05
2024-05-18 13:50:33 [Epoch: 25] loss: 0.005015, mae: 0.050298, r2: 0.758445, val_loss: 0.006136, val_mae: 0.054815, val_r2: 0.704927
2024-05-18 13:50:33 Epoch 26: lr=2.5e-05
2024-05-18 13:51:43 [Epoch: 26] loss: 0.005000, mae: 0.050204, r2: 0.759224, val_loss: 0.006115, val_mae: 0.054440, val_r2: 0.706272
2024-05-18 13:51:43 Epoch 27: lr=1.25e-05
2024-05-18 13:52:54 [Epoch: 27] loss: 0.004965, mae: 0.050044, r2: 0.760951, val_loss: 0.006132, val_mae: 0.054490, val_r2: 0.706058
2024-05-18 13:52:54 Epoch 28: lr=1.25e-05
2024-05-18 13:54:04 [Epoch: 28] loss: 0.004945, mae: 0.049944, r2: 0.761782, val_loss: 0.006132, val_mae: 0.054574, val_r2: 0.705732
2024-05-18 13:54:04 Epoch 29: lr=1.25e-05
2024-05-18 13:55:15 [Epoch: 29] loss: 0.004962, mae: 0.050050, r2: 0.761113, val_loss: 0.006129, val_mae: 0.054424, val_r2: 0.705648
2024-05-18 13:55:15 Epoch 30: lr=1.25e-05
2024-05-18 13:56:25 [Epoch: 30] loss: 0.004950, mae: 0.049960, r2: 0.761569, val_loss: 0.006146, val_mae: 0.054521, val_r2: 0.704840
2024-05-18 13:56:26 Epoch 31: lr=1.25e-05
2024-05-18 13:57:37 [Epoch: 31] loss: 0.004933, mae: 0.049894, r2: 0.762063, val_loss: 0.006130, val_mae: 0.054625, val_r2: 0.704794
2024-05-18 13:57:37 Epoch 32: lr=1e-05
2024-05-18 13:58:47 [Epoch: 32] loss: 0.004929, mae: 0.049855, r2: 0.762462, val_loss: 0.006131, val_mae: 0.054329, val_r2: 0.705893
2024-05-18 13:58:47 Epoch 33: lr=1e-05
2024-05-18 13:59:57 [Epoch: 33] loss: 0.004928, mae: 0.049853, r2: 0.762622, val_loss: 0.006123, val_mae: 0.054601, val_r2: 0.705788
2024-05-18 13:59:57 Epoch 34: lr=1e-05
2024-05-18 14:01:08 [Epoch: 34] loss: 0.004907, mae: 0.049766, r2: 0.763282, val_loss: 0.006140, val_mae: 0.054604, val_r2: 0.704416
2024-05-18 14:01:08 Epoch 35: lr=1e-05
2024-05-18 14:02:19 [Epoch: 35] loss: 0.004906, mae: 0.049738, r2: 0.763378, val_loss: 0.006134, val_mae: 0.054587, val_r2: 0.705828
2024-05-18 14:02:19 Epoch 36: lr=1e-05
2024-05-18 14:03:29 [Epoch: 36] loss: 0.004908, mae: 0.049801, r2: 0.763308, val_loss: 0.006116, val_mae: 0.054480, val_r2: 0.706265
2024-05-18 14:03:29 history_length: 37
2024-05-18 14:03:29 stopping: early
2024-05-18 14:03:29 Comparing y_true and y_pred:
2024-05-18 14:03:29   mse: 0.00540178
2024-05-18 14:03:29   mae: 0.06385010
2024-05-18 14:03:29   r2: -0.41789742
2024-05-18 14:03:29   corr: 0.24509830
