2024-05-18 13:19:43 UNO RUN ...
2024-05-18 13:19:43 Params: {'model_name': 'uno', 'train_sources': ['CCLE'], 'test_sources': ['train'], 'cell_types': None, 'cell_features': ['rnaseq'], 'drug_features': ['descriptors'], 'dense': [1000, 1000, 1000, 1000, 1000], 'dense_feature_layers': [1000, 1000, 1000], 'activation': 'relu', 'loss': 'mse', 'optimizer': 'adamax', 'scaling': 'std', 'dropout': 0.1, 'epochs': 75, 'batch_size': 32, 'val_split': 0.2, 'cv': 1, 'max_val_loss': 1.0, 'learning_rate': 0.0001, 'base_lr': None, 'agg_dose': 'AUC', 'residual': False, 'reduce_lr': True, 'warmup_lr': True, 'batch_normalization': False, 'feature_subsample': 0, 'rng_seed': 2018, 'no_gen': False, 'verbose': False, 'preprocess_rnaseq': 'source_scale', 'gpus': [0], 'use_landmark_genes': True, 'no_feature_source': True, 'no_response_source': True, 'save_path': '/dev/shm/Uno/save/8999163.amn-0001/137', 'single': True, 'on_memory_loader': True, 'ckpt_checksum': True, 'ckpt_save_interval': 0, 'timeout': -1, 'train_bool': True, 'profiling': False, 'experiment_id': '8999163.amn-0001', 'run_id': '137', 'logfile': '/dev/shm/Uno/save/8999163.amn-0001/137/python.log', 'shuffle': False, 'ckpt_restart_mode': 'off', 'ckpt_skip_epochs': 0, 'ckpt_directory': '/dev/shm/Uno/save/8999163.amn-0001/137', 'ckpt_save_best': True, 'ckpt_save_best_metric': 'val_loss', 'ckpt_save_weights_only': False, 'ckpt_keep_mode': 'linear', 'ckpt_keep_limit': 5, 'by_cell': None, 'by_drug': None, 'cell_subset_path': '', 'drug_subset_path': '', 'drug_median_response_min': -1, 'drug_median_response_max': 1, 'dense_cell_feature_layers': None, 'dense_drug_feature_layers': None, 'use_filtered_genes': False, 'feature_subset_path': '', 'cell_feature_subset_path': '', 'drug_feature_subset_path': '', 'es': True, 'cp': False, 'tb': False, 'tb_prefix': 'tb', 'partition_by': None, 'cache': None, 'export_csv': None, 'export_data': None, 'use_exported_data': '/dev/shm/Uno/x1922c6s2b0n0.137.merged.landmark.h5', 'growth_bins': 0, 'initial_weights': None, 'save_weights': '/dev/shm/Uno/save/8999163.amn-0001/137/2.1.model.h5', 'config_file': '/home/brettin/CSC249ADOA01_CNDA/brettin/Benchmarks/Pilot1/Uno/uno_auc_model.txt', 'data_type': <class 'numpy.float32'>, 'data_dir': '/dev/shm/Uno/uno/Data', 'output_dir': '/dev/shm/Uno/uno/Output/8999163.amn-0001/137'}
2024-05-18 13:19:43 Feature encoding submodel for cell.rnaseq:
2024-05-18 13:19:43 Model: "cell.rnaseq"
2024-05-18 13:19:43 _________________________________________________________________
2024-05-18 13:19:43  Layer (type)                Output Shape              Param #   
2024-05-18 13:19:43 =================================================================
2024-05-18 13:19:43  input_1 (InputLayer)        [(None, 958)]             0         
2024-05-18 13:19:43                                                                  
2024-05-18 13:19:43  dense (Dense)               (None, 1000)              959000    
2024-05-18 13:19:43                                                                  
2024-05-18 13:19:43  permanent_dropout (Permane  (None, 1000)              0         
2024-05-18 13:19:43  ntDropout)                                                      
2024-05-18 13:19:43                                                                  
2024-05-18 13:19:43  dense_1 (Dense)             (None, 1000)              1001000   
2024-05-18 13:19:43                                                                  
2024-05-18 13:19:43  permanent_dropout_1 (Perma  (None, 1000)              0         
2024-05-18 13:19:43  nentDropout)                                                    
2024-05-18 13:19:43                                                                  
2024-05-18 13:19:43  dense_2 (Dense)             (None, 1000)              1001000   
2024-05-18 13:19:43                                                                  
2024-05-18 13:19:43  permanent_dropout_2 (Perma  (None, 1000)              0         
2024-05-18 13:19:43  nentDropout)                                                    
2024-05-18 13:19:43                                                                  
2024-05-18 13:19:43 =================================================================
2024-05-18 13:19:43 Total params: 2961000 (11.30 MB)
2024-05-18 13:19:43 Trainable params: 2961000 (11.30 MB)
2024-05-18 13:19:43 Non-trainable params: 0 (0.00 Byte)
2024-05-18 13:19:43 _________________________________________________________________
2024-05-18 13:19:43 Feature encoding submodel for drug.descriptors:
2024-05-18 13:19:43 Model: "drug.descriptors"
2024-05-18 13:19:43 _________________________________________________________________
2024-05-18 13:19:43  Layer (type)                Output Shape              Param #   
2024-05-18 13:19:43 =================================================================
2024-05-18 13:19:43  input_2 (InputLayer)        [(None, 1613)]            0         
2024-05-18 13:19:43                                                                  
2024-05-18 13:19:43  dense_3 (Dense)             (None, 1000)              1614000   
2024-05-18 13:19:43                                                                  
2024-05-18 13:19:43  permanent_dropout_3 (Perma  (None, 1000)              0         
2024-05-18 13:19:43  nentDropout)                                                    
2024-05-18 13:19:43                                                                  
2024-05-18 13:19:43  dense_4 (Dense)             (None, 1000)              1001000   
2024-05-18 13:19:43                                                                  
2024-05-18 13:19:43  permanent_dropout_4 (Perma  (None, 1000)              0         
2024-05-18 13:19:43  nentDropout)                                                    
2024-05-18 13:19:43                                                                  
2024-05-18 13:19:43  dense_5 (Dense)             (None, 1000)              1001000   
2024-05-18 13:19:43                                                                  
2024-05-18 13:19:43  permanent_dropout_5 (Perma  (None, 1000)              0         
2024-05-18 13:19:43  nentDropout)                                                    
2024-05-18 13:19:43                                                                  
2024-05-18 13:19:43 =================================================================
2024-05-18 13:19:43 Total params: 3616000 (13.79 MB)
2024-05-18 13:19:43 Trainable params: 3616000 (13.79 MB)
2024-05-18 13:19:43 Non-trainable params: 0 (0.00 Byte)
2024-05-18 13:19:43 _________________________________________________________________
2024-05-18 13:19:43 Combined model:
2024-05-18 13:19:43 Model: "model"
2024-05-18 13:19:43 __________________________________________________________________________________________________
2024-05-18 13:19:43  Layer (type)                Output Shape                 Param #   Connected to                  
2024-05-18 13:19:43 ==================================================================================================
2024-05-18 13:19:43  input.cell.rnaseq (InputLa  [(None, 958)]                0         []                            
2024-05-18 13:19:43  yer)                                                                                             
2024-05-18 13:19:43                                                                                                   
2024-05-18 13:19:43  input.drug1.descriptors (I  [(None, 1613)]               0         []                            
2024-05-18 13:19:43  nputLayer)                                                                                       
2024-05-18 13:19:43                                                                                                   
2024-05-18 13:19:43  cell.rnaseq (Functional)    (None, 1000)                 2961000   ['input.cell.rnaseq[0][0]']   
2024-05-18 13:19:43                                                                                                   
2024-05-18 13:19:43  drug.descriptors (Function  (None, 1000)                 3616000   ['input.drug1.descriptors[0][0
2024-05-18 13:19:43  al)                                                                ]']                           
2024-05-18 13:19:43                                                                                                   
2024-05-18 13:19:43  concatenate (Concatenate)   (None, 2000)                 0         ['cell.rnaseq[0][0]',         
2024-05-18 13:19:43                                                                      'drug.descriptors[0][0]']    
2024-05-18 13:19:43                                                                                                   
2024-05-18 13:19:43  dense_6 (Dense)             (None, 1000)                 2001000   ['concatenate[0][0]']         
2024-05-18 13:19:43                                                                                                   
2024-05-18 13:19:43  permanent_dropout_6 (Perma  (None, 1000)                 0         ['dense_6[0][0]']             
2024-05-18 13:19:43  nentDropout)                                                                                     
2024-05-18 13:19:43                                                                                                   
2024-05-18 13:19:43  dense_7 (Dense)             (None, 1000)                 1001000   ['permanent_dropout_6[0][0]'] 
2024-05-18 13:19:43                                                                                                   
2024-05-18 13:19:43  permanent_dropout_7 (Perma  (None, 1000)                 0         ['dense_7[0][0]']             
2024-05-18 13:19:43  nentDropout)                                                                                     
2024-05-18 13:19:43                                                                                                   
2024-05-18 13:19:43  dense_8 (Dense)             (None, 1000)                 1001000   ['permanent_dropout_7[0][0]'] 
2024-05-18 13:19:43                                                                                                   
2024-05-18 13:19:43  permanent_dropout_8 (Perma  (None, 1000)                 0         ['dense_8[0][0]']             
2024-05-18 13:19:43  nentDropout)                                                                                     
2024-05-18 13:19:43                                                                                                   
2024-05-18 13:19:43  dense_9 (Dense)             (None, 1000)                 1001000   ['permanent_dropout_8[0][0]'] 
2024-05-18 13:19:43                                                                                                   
2024-05-18 13:19:43  permanent_dropout_9 (Perma  (None, 1000)                 0         ['dense_9[0][0]']             
2024-05-18 13:19:43  nentDropout)                                                                                     
2024-05-18 13:19:43                                                                                                   
2024-05-18 13:19:43  dense_10 (Dense)            (None, 1000)                 1001000   ['permanent_dropout_9[0][0]'] 
2024-05-18 13:19:43                                                                                                   
2024-05-18 13:19:43  permanent_dropout_10 (Perm  (None, 1000)                 0         ['dense_10[0][0]']            
2024-05-18 13:19:43  anentDropout)                                                                                    
2024-05-18 13:19:43                                                                                                   
2024-05-18 13:19:43  dense_11 (Dense)            (None, 1)                    1001      ['permanent_dropout_10[0][0]']
2024-05-18 13:19:43                                                                                                   
2024-05-18 13:19:43 ==================================================================================================
2024-05-18 13:19:43 Total params: 12583001 (48.00 MB)
2024-05-18 13:19:43 Trainable params: 12583001 (48.00 MB)
2024-05-18 13:19:43 Non-trainable params: 0 (0.00 Byte)
2024-05-18 13:19:43 __________________________________________________________________________________________________
2024-05-18 13:19:44 CKPT CONSTRUCT...
2024-05-18 13:19:44 CKPT CONSTRUCT OK.
2024-05-18 13:19:44 template model: <keras.src.engine.functional.Functional object at 0x154249856850>
2024-05-18 13:19:45 COMPILE
2024-05-18 13:19:45 Will save weights to: /dev/shm/Uno/save/8999163.amn-0001/137/2.1.model.h5
2024-05-18 13:20:02 Between random pairs in y_val:
2024-05-18 13:20:02   mse: 0.04752557
2024-05-18 13:20:02   mae: 0.15971811
2024-05-18 13:20:02   r2: -0.99481663
2024-05-18 13:20:02   corr: 0.00259168
2024-05-18 13:20:02 Data points per epoch: train = 469607, val = 117402, test = 700
2024-05-18 13:20:02 Steps per epoch: train = 14675, val = 3668, test = 21
2024-05-18 13:20:02 Epoch 0: lr=0.001
2024-05-18 13:21:17 [Epoch: 0] loss: 0.029570, mae: 0.079546, r2: -0.439346, val_loss: 0.008782, val_mae: 0.067230, val_r2: 0.589754
2024-05-18 13:21:17 Epoch 1: lr=0.00082
2024-05-18 13:22:30 [Epoch: 1] loss: 0.007965, mae: 0.063855, r2: 0.619645, val_loss: 0.007600, val_mae: 0.061808, val_r2: 0.638533
2024-05-18 13:22:30 Epoch 2: lr=0.00064
2024-05-18 13:23:43 [Epoch: 2] loss: 0.007271, mae: 0.060676, r2: 0.651708, val_loss: 0.007439, val_mae: 0.060521, val_r2: 0.641261
2024-05-18 13:23:43 Epoch 3: lr=0.00046
2024-05-18 13:24:56 [Epoch: 3] loss: 0.006832, mae: 0.058659, r2: 0.671878, val_loss: 0.006861, val_mae: 0.058481, val_r2: 0.670411
2024-05-18 13:24:56 Epoch 4: lr=0.00028
2024-05-18 13:26:09 [Epoch: 4] loss: 0.006454, mae: 0.056900, r2: 0.689456, val_loss: 0.006673, val_mae: 0.057362, val_r2: 0.680073
2024-05-18 13:26:10 Epoch 5: lr=0.0001
2024-05-18 13:27:23 [Epoch: 5] loss: 0.006123, mae: 0.055349, r2: 0.704685, val_loss: 0.006458, val_mae: 0.056508, val_r2: 0.691263
2024-05-18 13:27:23 Epoch 6: lr=0.0001
2024-05-18 13:28:36 [Epoch: 6] loss: 0.006027, mae: 0.054880, r2: 0.708989, val_loss: 0.006450, val_mae: 0.056161, val_r2: 0.692905
2024-05-18 13:28:36 Epoch 7: lr=0.0001
2024-05-18 13:29:49 [Epoch: 7] loss: 0.005944, mae: 0.054539, r2: 0.712860, val_loss: 0.006410, val_mae: 0.056070, val_r2: 0.694514
2024-05-18 13:29:49 Epoch 8: lr=0.0001
2024-05-18 13:31:03 [Epoch: 8] loss: 0.005877, mae: 0.054215, r2: 0.716011, val_loss: 0.006350, val_mae: 0.056047, val_r2: 0.695848
2024-05-18 13:31:03 Epoch 9: lr=0.0001
2024-05-18 13:32:16 [Epoch: 9] loss: 0.005801, mae: 0.053893, r2: 0.719478, val_loss: 0.006360, val_mae: 0.055393, val_r2: 0.695615
2024-05-18 13:32:16 Epoch 10: lr=0.0001
2024-05-18 13:33:29 [Epoch: 10] loss: 0.005735, mae: 0.053616, r2: 0.722692, val_loss: 0.006300, val_mae: 0.055541, val_r2: 0.698796
2024-05-18 13:33:29 Epoch 11: lr=0.0001
2024-05-18 13:34:42 [Epoch: 11] loss: 0.005687, mae: 0.053388, r2: 0.724762, val_loss: 0.006272, val_mae: 0.055573, val_r2: 0.699937
2024-05-18 13:34:43 Epoch 12: lr=0.0001
2024-05-18 13:35:56 [Epoch: 12] loss: 0.005623, mae: 0.053130, r2: 0.727697, val_loss: 0.006276, val_mae: 0.055892, val_r2: 0.699257
2024-05-18 13:35:56 Epoch 13: lr=0.0001
2024-05-18 13:37:09 [Epoch: 13] loss: 0.005574, mae: 0.052870, r2: 0.730291, val_loss: 0.006213, val_mae: 0.055433, val_r2: 0.704154
2024-05-18 13:37:09 Epoch 14: lr=0.0001
2024-05-18 13:38:22 [Epoch: 14] loss: 0.005519, mae: 0.052645, r2: 0.732761, val_loss: 0.006209, val_mae: 0.055310, val_r2: 0.703250
2024-05-18 13:38:22 Epoch 15: lr=0.0001
2024-05-18 13:39:36 [Epoch: 15] loss: 0.005474, mae: 0.052395, r2: 0.734775, val_loss: 0.006244, val_mae: 0.055659, val_r2: 0.700964
2024-05-18 13:39:36 Epoch 16: lr=0.0001
2024-05-18 13:40:49 [Epoch: 16] loss: 0.005434, mae: 0.052197, r2: 0.736898, val_loss: 0.006183, val_mae: 0.054877, val_r2: 0.704329
2024-05-18 13:40:49 Epoch 17: lr=0.0001
2024-05-18 13:42:03 [Epoch: 17] loss: 0.005374, mae: 0.051928, r2: 0.739521, val_loss: 0.006163, val_mae: 0.055013, val_r2: 0.704948
2024-05-18 13:42:03 Epoch 18: lr=0.0001
2024-05-18 13:43:17 [Epoch: 18] loss: 0.005329, mae: 0.051705, r2: 0.742003, val_loss: 0.006174, val_mae: 0.055226, val_r2: 0.705911
2024-05-18 13:43:17 Epoch 19: lr=5e-05
2024-05-18 13:44:30 [Epoch: 19] loss: 0.005217, mae: 0.051184, r2: 0.747036, val_loss: 0.006140, val_mae: 0.054804, val_r2: 0.705827
2024-05-18 13:44:30 Epoch 20: lr=5e-05
2024-05-18 13:45:44 [Epoch: 20] loss: 0.005170, mae: 0.050948, r2: 0.749337, val_loss: 0.006177, val_mae: 0.055069, val_r2: 0.704628
2024-05-18 13:45:44 Epoch 21: lr=5e-05
2024-05-18 13:46:57 [Epoch: 21] loss: 0.005145, mae: 0.050833, r2: 0.750620, val_loss: 0.006141, val_mae: 0.054596, val_r2: 0.706354
2024-05-18 13:46:57 Epoch 22: lr=5e-05
2024-05-18 13:48:10 [Epoch: 22] loss: 0.005122, mae: 0.050709, r2: 0.751408, val_loss: 0.006163, val_mae: 0.054333, val_r2: 0.705450
2024-05-18 13:48:10 Epoch 23: lr=5e-05
2024-05-18 13:49:24 [Epoch: 23] loss: 0.005088, mae: 0.050539, r2: 0.753291, val_loss: 0.006137, val_mae: 0.054658, val_r2: 0.705812
2024-05-18 13:49:24 Epoch 24: lr=2.5e-05
2024-05-18 13:50:37 [Epoch: 24] loss: 0.005027, mae: 0.050248, r2: 0.756103, val_loss: 0.006132, val_mae: 0.054681, val_r2: 0.706151
2024-05-18 13:50:37 Epoch 25: lr=2.5e-05
2024-05-18 13:51:50 [Epoch: 25] loss: 0.005011, mae: 0.050198, r2: 0.756487, val_loss: 0.006124, val_mae: 0.054789, val_r2: 0.707171
2024-05-18 13:51:50 Epoch 26: lr=2.5e-05
2024-05-18 13:53:04 [Epoch: 26] loss: 0.004999, mae: 0.050129, r2: 0.757268, val_loss: 0.006133, val_mae: 0.054506, val_r2: 0.706545
2024-05-18 13:53:04 Epoch 27: lr=2.5e-05
2024-05-18 13:54:17 [Epoch: 27] loss: 0.004984, mae: 0.050070, r2: 0.757901, val_loss: 0.006126, val_mae: 0.054363, val_r2: 0.706630
2024-05-18 13:54:17 Epoch 28: lr=2.5e-05
2024-05-18 13:55:30 [Epoch: 28] loss: 0.004965, mae: 0.049970, r2: 0.758809, val_loss: 0.006143, val_mae: 0.054410, val_r2: 0.706171
2024-05-18 13:55:30 Epoch 29: lr=1.25e-05
2024-05-18 13:56:44 [Epoch: 29] loss: 0.004935, mae: 0.049824, r2: 0.760254, val_loss: 0.006136, val_mae: 0.054428, val_r2: 0.706461
2024-05-18 13:56:44 Epoch 30: lr=1.25e-05
2024-05-18 13:57:58 [Epoch: 30] loss: 0.004942, mae: 0.049830, r2: 0.759851, val_loss: 0.006103, val_mae: 0.054534, val_r2: 0.707686
2024-05-18 13:57:58 Epoch 31: lr=1.25e-05
2024-05-18 13:59:11 [Epoch: 31] loss: 0.004923, mae: 0.049762, r2: 0.760685, val_loss: 0.006124, val_mae: 0.054415, val_r2: 0.707352
2024-05-18 13:59:11 Epoch 32: lr=1.25e-05
2024-05-18 14:00:24 [Epoch: 32] loss: 0.004916, mae: 0.049765, r2: 0.761061, val_loss: 0.006147, val_mae: 0.054506, val_r2: 0.705643
2024-05-18 14:00:25 Epoch 33: lr=1.25e-05
2024-05-18 14:01:38 [Epoch: 33] loss: 0.004914, mae: 0.049726, r2: 0.761293, val_loss: 0.006126, val_mae: 0.054547, val_r2: 0.706610
2024-05-18 14:01:38 Epoch 34: lr=1.25e-05
2024-05-18 14:02:51 [Epoch: 34] loss: 0.004898, mae: 0.049648, r2: 0.761942, val_loss: 0.006149, val_mae: 0.054466, val_r2: 0.705396
2024-05-18 14:02:51 Epoch 35: lr=1.25e-05
2024-05-18 14:04:04 [Epoch: 35] loss: 0.004899, mae: 0.049670, r2: 0.762012, val_loss: 0.006129, val_mae: 0.054434, val_r2: 0.706526
2024-05-18 14:04:04 Epoch 36: lr=1e-05
2024-05-18 14:05:18 [Epoch: 36] loss: 0.004893, mae: 0.049597, r2: 0.762393, val_loss: 0.006127, val_mae: 0.054484, val_r2: 0.706349
2024-05-18 14:05:18 Epoch 37: lr=1e-05
2024-05-18 14:06:31 [Epoch: 37] loss: 0.004870, mae: 0.049507, r2: 0.763370, val_loss: 0.006131, val_mae: 0.054302, val_r2: 0.706466
2024-05-18 14:06:31 Epoch 38: lr=1e-05
2024-05-18 14:07:44 [Epoch: 38] loss: 0.004875, mae: 0.049543, r2: 0.763121, val_loss: 0.006126, val_mae: 0.054389, val_r2: 0.706926
2024-05-18 14:07:44 Epoch 39: lr=1e-05
2024-05-18 14:08:58 [Epoch: 39] loss: 0.004858, mae: 0.049468, r2: 0.763820, val_loss: 0.006124, val_mae: 0.054340, val_r2: 0.706799
2024-05-18 14:08:58 Epoch 40: lr=1e-05
2024-05-18 14:10:11 [Epoch: 40] loss: 0.004862, mae: 0.049455, r2: 0.763385, val_loss: 0.006122, val_mae: 0.054460, val_r2: 0.707078
2024-05-18 14:10:11 history_length: 41
2024-05-18 14:10:11 stopping: early
2024-05-18 14:10:11 Comparing y_true and y_pred:
2024-05-18 14:10:11   mse: 0.01579758
2024-05-18 14:10:11   mae: 0.10306472
2024-05-18 14:10:11   r2: 0.34426723
2024-05-18 14:10:11   corr: 0.78866114
