2024-04-28 19:36:47 UNO RUN ...
2024-04-28 19:36:47 Params: {'model_name': 'uno', 'train_sources': ['CCLE'], 'test_sources': ['train'], 'cell_types': None, 'cell_features': ['rnaseq'], 'drug_features': ['descriptors'], 'dense': [1000, 1000, 1000, 1000, 1000], 'dense_feature_layers': [1000, 1000, 1000], 'activation': 'relu', 'loss': 'mse', 'optimizer': 'adamax', 'scaling': 'std', 'dropout': 0.1, 'epochs': 30, 'batch_size': 32, 'val_split': 0.2, 'cv': 1, 'max_val_loss': 1.0, 'learning_rate': 0.0001, 'base_lr': None, 'agg_dose': 'AUC', 'residual': False, 'reduce_lr': True, 'warmup_lr': True, 'batch_normalization': False, 'feature_subsample': 0, 'rng_seed': 2018, 'no_gen': False, 'verbose': False, 'preprocess_rnaseq': 'source_scale', 'gpus': [0], 'use_landmark_genes': True, 'no_feature_source': True, 'no_response_source': True, 'save_path': '/dev/shm/Uno/save/8993982.amn-0001/6', 'single': True, 'on_memory_loader': True, 'ckpt_checksum': True, 'ckpt_save_interval': 0, 'timeout': -1, 'train_bool': True, 'profiling': False, 'experiment_id': '8993982.amn-0001', 'run_id': '6', 'logfile': '/dev/shm/Uno/save/8993982.amn-0001/6/python.log', 'shuffle': False, 'ckpt_restart_mode': 'off', 'ckpt_skip_epochs': 0, 'ckpt_directory': '/dev/shm/Uno/save/8993982.amn-0001/6', 'ckpt_save_best': True, 'ckpt_save_best_metric': 'val_loss', 'ckpt_save_weights_only': False, 'ckpt_keep_mode': 'linear', 'ckpt_keep_limit': 5, 'by_cell': None, 'by_drug': None, 'cell_subset_path': '', 'drug_subset_path': '', 'drug_median_response_min': -1, 'drug_median_response_max': 1, 'dense_cell_feature_layers': None, 'dense_drug_feature_layers': None, 'use_filtered_genes': False, 'feature_subset_path': '', 'cell_feature_subset_path': '', 'drug_feature_subset_path': '', 'es': True, 'cp': False, 'tb': False, 'tb_prefix': 'tb', 'partition_by': None, 'cache': None, 'export_csv': None, 'export_data': None, 'use_exported_data': '/dev/shm/Uno/x1921c1s6b0n0.6.merged.landmark.h5', 'growth_bins': 0, 'initial_weights': None, 'save_weights': '/dev/shm/Uno/save/8993982.amn-0001/6/3.0.model.h5', 'config_file': '/home/brettin/CSC249ADOA01_CNDA/brettin/Benchmarks/Pilot1/Uno/uno_auc_model.txt', 'data_type': <class 'numpy.float32'>, 'data_dir': '/dev/shm/Uno/uno/Data', 'output_dir': '/dev/shm/Uno/uno/Output/8993982.amn-0001/6'}
2024-04-28 19:36:48 Feature encoding submodel for cell.rnaseq:
2024-04-28 19:36:48 Model: "cell.rnaseq"
2024-04-28 19:36:48 _________________________________________________________________
2024-04-28 19:36:48  Layer (type)                Output Shape              Param #   
2024-04-28 19:36:48 =================================================================
2024-04-28 19:36:48  input_1 (InputLayer)        [(None, 958)]             0         
2024-04-28 19:36:48                                                                  
2024-04-28 19:36:48  dense (Dense)               (None, 1000)              959000    
2024-04-28 19:36:48                                                                  
2024-04-28 19:36:48  permanent_dropout (Permane  (None, 1000)              0         
2024-04-28 19:36:48  ntDropout)                                                      
2024-04-28 19:36:48                                                                  
2024-04-28 19:36:48  dense_1 (Dense)             (None, 1000)              1001000   
2024-04-28 19:36:48                                                                  
2024-04-28 19:36:48  permanent_dropout_1 (Perma  (None, 1000)              0         
2024-04-28 19:36:48  nentDropout)                                                    
2024-04-28 19:36:48                                                                  
2024-04-28 19:36:48  dense_2 (Dense)             (None, 1000)              1001000   
2024-04-28 19:36:48                                                                  
2024-04-28 19:36:48  permanent_dropout_2 (Perma  (None, 1000)              0         
2024-04-28 19:36:48  nentDropout)                                                    
2024-04-28 19:36:48                                                                  
2024-04-28 19:36:48 =================================================================
2024-04-28 19:36:48 Total params: 2961000 (11.30 MB)
2024-04-28 19:36:48 Trainable params: 2961000 (11.30 MB)
2024-04-28 19:36:48 Non-trainable params: 0 (0.00 Byte)
2024-04-28 19:36:48 _________________________________________________________________
2024-04-28 19:36:48 Feature encoding submodel for drug.descriptors:
2024-04-28 19:36:48 Model: "drug.descriptors"
2024-04-28 19:36:48 _________________________________________________________________
2024-04-28 19:36:48  Layer (type)                Output Shape              Param #   
2024-04-28 19:36:48 =================================================================
2024-04-28 19:36:48  input_2 (InputLayer)        [(None, 1613)]            0         
2024-04-28 19:36:48                                                                  
2024-04-28 19:36:48  dense_3 (Dense)             (None, 1000)              1614000   
2024-04-28 19:36:48                                                                  
2024-04-28 19:36:48  permanent_dropout_3 (Perma  (None, 1000)              0         
2024-04-28 19:36:48  nentDropout)                                                    
2024-04-28 19:36:48                                                                  
2024-04-28 19:36:48  dense_4 (Dense)             (None, 1000)              1001000   
2024-04-28 19:36:48                                                                  
2024-04-28 19:36:48  permanent_dropout_4 (Perma  (None, 1000)              0         
2024-04-28 19:36:48  nentDropout)                                                    
2024-04-28 19:36:48                                                                  
2024-04-28 19:36:48  dense_5 (Dense)             (None, 1000)              1001000   
2024-04-28 19:36:48                                                                  
2024-04-28 19:36:48  permanent_dropout_5 (Perma  (None, 1000)              0         
2024-04-28 19:36:48  nentDropout)                                                    
2024-04-28 19:36:48                                                                  
2024-04-28 19:36:48 =================================================================
2024-04-28 19:36:48 Total params: 3616000 (13.79 MB)
2024-04-28 19:36:48 Trainable params: 3616000 (13.79 MB)
2024-04-28 19:36:48 Non-trainable params: 0 (0.00 Byte)
2024-04-28 19:36:48 _________________________________________________________________
2024-04-28 19:36:48 Combined model:
2024-04-28 19:36:48 Model: "model"
2024-04-28 19:36:48 __________________________________________________________________________________________________
2024-04-28 19:36:48  Layer (type)                Output Shape                 Param #   Connected to                  
2024-04-28 19:36:48 ==================================================================================================
2024-04-28 19:36:48  input.cell.rnaseq (InputLa  [(None, 958)]                0         []                            
2024-04-28 19:36:48  yer)                                                                                             
2024-04-28 19:36:48                                                                                                   
2024-04-28 19:36:48  input.drug1.descriptors (I  [(None, 1613)]               0         []                            
2024-04-28 19:36:48  nputLayer)                                                                                       
2024-04-28 19:36:48                                                                                                   
2024-04-28 19:36:48  cell.rnaseq (Functional)    (None, 1000)                 2961000   ['input.cell.rnaseq[0][0]']   
2024-04-28 19:36:48                                                                                                   
2024-04-28 19:36:48  drug.descriptors (Function  (None, 1000)                 3616000   ['input.drug1.descriptors[0][0
2024-04-28 19:36:48  al)                                                                ]']                           
2024-04-28 19:36:48                                                                                                   
2024-04-28 19:36:48  concatenate (Concatenate)   (None, 2000)                 0         ['cell.rnaseq[0][0]',         
2024-04-28 19:36:48                                                                      'drug.descriptors[0][0]']    
2024-04-28 19:36:48                                                                                                   
2024-04-28 19:36:48  dense_6 (Dense)             (None, 1000)                 2001000   ['concatenate[0][0]']         
2024-04-28 19:36:48                                                                                                   
2024-04-28 19:36:48  permanent_dropout_6 (Perma  (None, 1000)                 0         ['dense_6[0][0]']             
2024-04-28 19:36:48  nentDropout)                                                                                     
2024-04-28 19:36:48                                                                                                   
2024-04-28 19:36:48  dense_7 (Dense)             (None, 1000)                 1001000   ['permanent_dropout_6[0][0]'] 
2024-04-28 19:36:48                                                                                                   
2024-04-28 19:36:48  permanent_dropout_7 (Perma  (None, 1000)                 0         ['dense_7[0][0]']             
2024-04-28 19:36:48  nentDropout)                                                                                     
2024-04-28 19:36:48                                                                                                   
2024-04-28 19:36:48  dense_8 (Dense)             (None, 1000)                 1001000   ['permanent_dropout_7[0][0]'] 
2024-04-28 19:36:48                                                                                                   
2024-04-28 19:36:48  permanent_dropout_8 (Perma  (None, 1000)                 0         ['dense_8[0][0]']             
2024-04-28 19:36:48  nentDropout)                                                                                     
2024-04-28 19:36:48                                                                                                   
2024-04-28 19:36:48  dense_9 (Dense)             (None, 1000)                 1001000   ['permanent_dropout_8[0][0]'] 
2024-04-28 19:36:48                                                                                                   
2024-04-28 19:36:48  permanent_dropout_9 (Perma  (None, 1000)                 0         ['dense_9[0][0]']             
2024-04-28 19:36:48  nentDropout)                                                                                     
2024-04-28 19:36:48                                                                                                   
2024-04-28 19:36:48  dense_10 (Dense)            (None, 1000)                 1001000   ['permanent_dropout_9[0][0]'] 
2024-04-28 19:36:48                                                                                                   
2024-04-28 19:36:48  permanent_dropout_10 (Perm  (None, 1000)                 0         ['dense_10[0][0]']            
2024-04-28 19:36:48  anentDropout)                                                                                    
2024-04-28 19:36:48                                                                                                   
2024-04-28 19:36:48  dense_11 (Dense)            (None, 1)                    1001      ['permanent_dropout_10[0][0]']
2024-04-28 19:36:48                                                                                                   
2024-04-28 19:36:48 ==================================================================================================
2024-04-28 19:36:48 Total params: 12583001 (48.00 MB)
2024-04-28 19:36:48 Trainable params: 12583001 (48.00 MB)
2024-04-28 19:36:48 Non-trainable params: 0 (0.00 Byte)
2024-04-28 19:36:48 __________________________________________________________________________________________________
2024-04-28 19:36:48 CKPT CONSTRUCT...
2024-04-28 19:36:48 CKPT CONSTRUCT OK.
2024-04-28 19:36:48 template model: <keras.src.engine.functional.Functional object at 0x14c9bc0426a0>
2024-04-28 19:36:50 COMPILE
2024-04-28 19:36:50 Will save weights to: /dev/shm/Uno/save/8993982.amn-0001/6/3.0.model.h5
2024-04-28 19:37:06 Between random pairs in y_val:
2024-04-28 19:37:06   mse: 0.04703636
2024-04-28 19:37:06   mae: 0.15918105
2024-04-28 19:37:06   r2: -0.98635353
2024-04-28 19:37:06   corr: 0.00682324
2024-04-28 19:37:06 Data points per epoch: train = 470167, val = 117542, test = 3060
2024-04-28 19:37:06 Steps per epoch: train = 14692, val = 3673, test = 95
2024-04-28 19:37:06 Epoch 0: lr=0.001
2024-04-28 19:38:18 [Epoch: 0] loss: 0.028415, mae: 0.079356, r2: 0.009338, val_loss: 0.008402, val_mae: 0.065323, val_r2: 0.594700
2024-04-28 19:38:18 Epoch 1: lr=0.00082
2024-04-28 19:39:28 [Epoch: 1] loss: 0.008008, mae: 0.063996, r2: 0.620659, val_loss: 0.007600, val_mae: 0.062229, val_r2: 0.636492
2024-04-28 19:39:28 Epoch 2: lr=0.00064
2024-04-28 19:40:39 [Epoch: 2] loss: 0.007334, mae: 0.060951, r2: 0.651387, val_loss: 0.007192, val_mae: 0.059691, val_r2: 0.657297
2024-04-28 19:40:39 Epoch 3: lr=0.00046
2024-04-28 19:41:49 [Epoch: 3] loss: 0.006852, mae: 0.058762, r2: 0.673445, val_loss: 0.006931, val_mae: 0.058283, val_r2: 0.666952
2024-04-28 19:41:49 Epoch 4: lr=0.00028
2024-04-28 19:42:59 [Epoch: 4] loss: 0.006440, mae: 0.056826, r2: 0.692167, val_loss: 0.006653, val_mae: 0.056912, val_r2: 0.682301
2024-04-28 19:42:59 Epoch 5: lr=0.0001
2024-04-28 19:44:10 [Epoch: 5] loss: 0.006120, mae: 0.055328, r2: 0.707094, val_loss: 0.006367, val_mae: 0.056279, val_r2: 0.693537
2024-04-28 19:44:10 Epoch 6: lr=0.0001
2024-04-28 19:45:20 [Epoch: 6] loss: 0.006006, mae: 0.054827, r2: 0.712386, val_loss: 0.006318, val_mae: 0.056082, val_r2: 0.696172
2024-04-28 19:45:21 Epoch 7: lr=0.0001
2024-04-28 19:46:31 [Epoch: 7] loss: 0.005925, mae: 0.054455, r2: 0.716255, val_loss: 0.006304, val_mae: 0.055650, val_r2: 0.695802
2024-04-28 19:46:31 Epoch 8: lr=0.0001
2024-04-28 19:47:42 [Epoch: 8] loss: 0.005860, mae: 0.054155, r2: 0.719091, val_loss: 0.006259, val_mae: 0.055767, val_r2: 0.699011
2024-04-28 19:47:42 Epoch 9: lr=0.0001
2024-04-28 19:48:52 [Epoch: 9] loss: 0.005784, mae: 0.053831, r2: 0.722828, val_loss: 0.006247, val_mae: 0.055179, val_r2: 0.698685
2024-04-28 19:48:52 Epoch 10: lr=0.0001
2024-04-28 19:50:03 [Epoch: 10] loss: 0.005733, mae: 0.053551, r2: 0.725189, val_loss: 0.006222, val_mae: 0.055970, val_r2: 0.700864
2024-04-28 19:50:03 Epoch 11: lr=0.0001
2024-04-28 19:51:13 [Epoch: 11] loss: 0.005672, mae: 0.053301, r2: 0.727927, val_loss: 0.006205, val_mae: 0.055856, val_r2: 0.700724
2024-04-28 19:51:13 Epoch 12: lr=0.0001
2024-04-28 19:52:24 [Epoch: 12] loss: 0.005618, mae: 0.053064, r2: 0.730480, val_loss: 0.006166, val_mae: 0.055423, val_r2: 0.702530
2024-04-28 19:52:24 Epoch 13: lr=0.0001
2024-04-28 19:53:34 [Epoch: 13] loss: 0.005550, mae: 0.052753, r2: 0.733607, val_loss: 0.006155, val_mae: 0.054887, val_r2: 0.704134
2024-04-28 19:53:34 Epoch 14: lr=0.0001
2024-04-28 19:54:44 [Epoch: 14] loss: 0.005508, mae: 0.052550, r2: 0.735336, val_loss: 0.006135, val_mae: 0.054725, val_r2: 0.704336
2024-04-28 19:54:44 Epoch 15: lr=0.0001
2024-04-28 19:55:55 [Epoch: 15] loss: 0.005445, mae: 0.052272, r2: 0.738477, val_loss: 0.006140, val_mae: 0.054997, val_r2: 0.703289
2024-04-28 19:55:55 Epoch 16: lr=0.0001
2024-04-28 19:57:05 [Epoch: 16] loss: 0.005407, mae: 0.052098, r2: 0.740193, val_loss: 0.006110, val_mae: 0.054728, val_r2: 0.705114
2024-04-28 19:57:05 Epoch 17: lr=0.0001
2024-04-28 19:58:16 [Epoch: 17] loss: 0.005356, mae: 0.051886, r2: 0.742744, val_loss: 0.006088, val_mae: 0.054382, val_r2: 0.706431
2024-04-28 19:58:16 Epoch 18: lr=0.0001
2024-04-28 19:59:26 [Epoch: 18] loss: 0.005306, mae: 0.051625, r2: 0.744863, val_loss: 0.006098, val_mae: 0.055136, val_r2: 0.706906
2024-04-28 19:59:26 Epoch 19: lr=5e-05
2024-04-28 20:00:36 [Epoch: 19] loss: 0.005177, mae: 0.051071, r2: 0.750810, val_loss: 0.006039, val_mae: 0.054517, val_r2: 0.708216
2024-04-28 20:00:36 Epoch 20: lr=5e-05
2024-04-28 20:01:46 [Epoch: 20] loss: 0.005149, mae: 0.050917, r2: 0.752033, val_loss: 0.006065, val_mae: 0.054453, val_r2: 0.707699
2024-04-28 20:01:47 Epoch 21: lr=5e-05
2024-04-28 20:02:57 [Epoch: 21] loss: 0.005113, mae: 0.050738, r2: 0.753660, val_loss: 0.006044, val_mae: 0.054449, val_r2: 0.708186
2024-04-28 20:02:57 Epoch 22: lr=5e-05
2024-04-28 20:04:07 [Epoch: 22] loss: 0.005091, mae: 0.050604, r2: 0.755029, val_loss: 0.006058, val_mae: 0.054282, val_r2: 0.707623
2024-04-28 20:04:07 Epoch 23: lr=5e-05
2024-04-28 20:05:17 [Epoch: 23] loss: 0.005065, mae: 0.050524, r2: 0.756192, val_loss: 0.006044, val_mae: 0.054521, val_r2: 0.708307
2024-04-28 20:05:17 Epoch 24: lr=5e-05
2024-04-28 20:06:28 [Epoch: 24] loss: 0.005056, mae: 0.050422, r2: 0.756433, val_loss: 0.006056, val_mae: 0.054327, val_r2: 0.707346
2024-04-28 20:06:28 Epoch 25: lr=2.5e-05
2024-04-28 20:07:38 [Epoch: 25] loss: 0.004982, mae: 0.050114, r2: 0.759802, val_loss: 0.006039, val_mae: 0.053951, val_r2: 0.708339
2024-04-28 20:07:38 Epoch 26: lr=2.5e-05
2024-04-28 20:08:48 [Epoch: 26] loss: 0.004958, mae: 0.049966, r2: 0.761064, val_loss: 0.006046, val_mae: 0.054394, val_r2: 0.708136
2024-04-28 20:08:48 Epoch 27: lr=2.5e-05
2024-04-28 20:09:58 [Epoch: 27] loss: 0.004946, mae: 0.049953, r2: 0.761359, val_loss: 0.006077, val_mae: 0.054276, val_r2: 0.707193
2024-04-28 20:09:58 Epoch 28: lr=2.5e-05
2024-04-28 20:11:09 [Epoch: 28] loss: 0.004937, mae: 0.049871, r2: 0.761910, val_loss: 0.006039, val_mae: 0.054089, val_r2: 0.708816
2024-04-28 20:11:09 Epoch 29: lr=2.5e-05
2024-04-28 20:12:20 [Epoch: 29] loss: 0.004928, mae: 0.049838, r2: 0.762563, val_loss: 0.006046, val_mae: 0.054140, val_r2: 0.708460
2024-04-28 20:12:20 history_length: 30
2024-04-28 20:12:20 stopping: complete
2024-04-28 20:12:20 Comparing y_true and y_pred:
2024-04-28 20:12:20   mse: 0.00292686
2024-04-28 20:12:20   mae: 0.04239008
2024-04-28 20:12:20   r2: 0.33790155
2024-04-28 20:12:20   corr: 0.58377225
