2024-04-29 10:35:23 UNO RUN ...
2024-04-29 10:35:23 Params: {'model_name': 'uno', 'train_sources': ['CCLE'], 'test_sources': ['train'], 'cell_types': None, 'cell_features': ['rnaseq'], 'drug_features': ['descriptors'], 'dense': [1000, 1000, 1000, 1000, 1000], 'dense_feature_layers': [1000, 1000, 1000], 'activation': 'relu', 'loss': 'mse', 'optimizer': 'adamax', 'scaling': 'std', 'dropout': 0.1, 'epochs': 30, 'batch_size': 32, 'val_split': 0.2, 'cv': 1, 'max_val_loss': 1.0, 'learning_rate': 0.0001, 'base_lr': None, 'agg_dose': 'AUC', 'residual': False, 'reduce_lr': True, 'warmup_lr': True, 'batch_normalization': False, 'feature_subsample': 0, 'rng_seed': 2018, 'no_gen': False, 'verbose': False, 'preprocess_rnaseq': 'source_scale', 'gpus': [0], 'use_landmark_genes': True, 'no_feature_source': True, 'no_response_source': True, 'save_path': '/dev/shm/Uno/save/8994056.amn-0001/97', 'single': True, 'on_memory_loader': True, 'ckpt_checksum': True, 'ckpt_save_interval': 0, 'timeout': -1, 'train_bool': True, 'profiling': False, 'experiment_id': '8994056.amn-0001', 'run_id': '97', 'logfile': '/dev/shm/Uno/save/8994056.amn-0001/97/python.log', 'shuffle': False, 'ckpt_restart_mode': 'off', 'ckpt_skip_epochs': 0, 'ckpt_directory': '/dev/shm/Uno/save/8994056.amn-0001/97', 'ckpt_save_best': True, 'ckpt_save_best_metric': 'val_loss', 'ckpt_save_weights_only': False, 'ckpt_keep_mode': 'linear', 'ckpt_keep_limit': 5, 'by_cell': None, 'by_drug': None, 'cell_subset_path': '', 'drug_subset_path': '', 'drug_median_response_min': -1, 'drug_median_response_max': 1, 'dense_cell_feature_layers': None, 'dense_drug_feature_layers': None, 'use_filtered_genes': False, 'feature_subset_path': '', 'cell_feature_subset_path': '', 'drug_feature_subset_path': '', 'es': True, 'cp': False, 'tb': False, 'tb_prefix': 'tb', 'partition_by': None, 'cache': None, 'export_csv': None, 'export_data': None, 'use_exported_data': '/dev/shm/Uno/x1921c7s7b0n0.97.merged.landmark.h5', 'growth_bins': 0, 'initial_weights': None, 'save_weights': '/dev/shm/Uno/save/8994056.amn-0001/97/0.1.model.h5', 'config_file': '/home/brettin/CSC249ADOA01_CNDA/brettin/Benchmarks/Pilot1/Uno/uno_auc_model.txt', 'data_type': <class 'numpy.float32'>, 'data_dir': '/dev/shm/Uno/uno/Data', 'output_dir': '/dev/shm/Uno/uno/Output/8994056.amn-0001/97'}
2024-04-29 10:35:24 Feature encoding submodel for cell.rnaseq:
2024-04-29 10:35:24 Model: "cell.rnaseq"
2024-04-29 10:35:24 _________________________________________________________________
2024-04-29 10:35:24  Layer (type)                Output Shape              Param #   
2024-04-29 10:35:24 =================================================================
2024-04-29 10:35:24  input_1 (InputLayer)        [(None, 958)]             0         
2024-04-29 10:35:24                                                                  
2024-04-29 10:35:24  dense (Dense)               (None, 1000)              959000    
2024-04-29 10:35:24                                                                  
2024-04-29 10:35:24  permanent_dropout (Permane  (None, 1000)              0         
2024-04-29 10:35:24  ntDropout)                                                      
2024-04-29 10:35:24                                                                  
2024-04-29 10:35:24  dense_1 (Dense)             (None, 1000)              1001000   
2024-04-29 10:35:24                                                                  
2024-04-29 10:35:24  permanent_dropout_1 (Perma  (None, 1000)              0         
2024-04-29 10:35:24  nentDropout)                                                    
2024-04-29 10:35:24                                                                  
2024-04-29 10:35:24  dense_2 (Dense)             (None, 1000)              1001000   
2024-04-29 10:35:24                                                                  
2024-04-29 10:35:24  permanent_dropout_2 (Perma  (None, 1000)              0         
2024-04-29 10:35:24  nentDropout)                                                    
2024-04-29 10:35:24                                                                  
2024-04-29 10:35:24 =================================================================
2024-04-29 10:35:24 Total params: 2961000 (11.30 MB)
2024-04-29 10:35:24 Trainable params: 2961000 (11.30 MB)
2024-04-29 10:35:24 Non-trainable params: 0 (0.00 Byte)
2024-04-29 10:35:24 _________________________________________________________________
2024-04-29 10:35:24 Feature encoding submodel for drug.descriptors:
2024-04-29 10:35:24 Model: "drug.descriptors"
2024-04-29 10:35:24 _________________________________________________________________
2024-04-29 10:35:24  Layer (type)                Output Shape              Param #   
2024-04-29 10:35:24 =================================================================
2024-04-29 10:35:24  input_2 (InputLayer)        [(None, 1613)]            0         
2024-04-29 10:35:24                                                                  
2024-04-29 10:35:24  dense_3 (Dense)             (None, 1000)              1614000   
2024-04-29 10:35:24                                                                  
2024-04-29 10:35:24  permanent_dropout_3 (Perma  (None, 1000)              0         
2024-04-29 10:35:24  nentDropout)                                                    
2024-04-29 10:35:24                                                                  
2024-04-29 10:35:24  dense_4 (Dense)             (None, 1000)              1001000   
2024-04-29 10:35:24                                                                  
2024-04-29 10:35:24  permanent_dropout_4 (Perma  (None, 1000)              0         
2024-04-29 10:35:24  nentDropout)                                                    
2024-04-29 10:35:24                                                                  
2024-04-29 10:35:24  dense_5 (Dense)             (None, 1000)              1001000   
2024-04-29 10:35:24                                                                  
2024-04-29 10:35:24  permanent_dropout_5 (Perma  (None, 1000)              0         
2024-04-29 10:35:24  nentDropout)                                                    
2024-04-29 10:35:24                                                                  
2024-04-29 10:35:24 =================================================================
2024-04-29 10:35:24 Total params: 3616000 (13.79 MB)
2024-04-29 10:35:24 Trainable params: 3616000 (13.79 MB)
2024-04-29 10:35:24 Non-trainable params: 0 (0.00 Byte)
2024-04-29 10:35:24 _________________________________________________________________
2024-04-29 10:35:24 Combined model:
2024-04-29 10:35:24 Model: "model"
2024-04-29 10:35:24 __________________________________________________________________________________________________
2024-04-29 10:35:24  Layer (type)                Output Shape                 Param #   Connected to                  
2024-04-29 10:35:24 ==================================================================================================
2024-04-29 10:35:24  input.cell.rnaseq (InputLa  [(None, 958)]                0         []                            
2024-04-29 10:35:24  yer)                                                                                             
2024-04-29 10:35:24                                                                                                   
2024-04-29 10:35:24  input.drug1.descriptors (I  [(None, 1613)]               0         []                            
2024-04-29 10:35:24  nputLayer)                                                                                       
2024-04-29 10:35:24                                                                                                   
2024-04-29 10:35:24  cell.rnaseq (Functional)    (None, 1000)                 2961000   ['input.cell.rnaseq[0][0]']   
2024-04-29 10:35:24                                                                                                   
2024-04-29 10:35:24  drug.descriptors (Function  (None, 1000)                 3616000   ['input.drug1.descriptors[0][0
2024-04-29 10:35:24  al)                                                                ]']                           
2024-04-29 10:35:24                                                                                                   
2024-04-29 10:35:24  concatenate (Concatenate)   (None, 2000)                 0         ['cell.rnaseq[0][0]',         
2024-04-29 10:35:24                                                                      'drug.descriptors[0][0]']    
2024-04-29 10:35:24                                                                                                   
2024-04-29 10:35:24  dense_6 (Dense)             (None, 1000)                 2001000   ['concatenate[0][0]']         
2024-04-29 10:35:24                                                                                                   
2024-04-29 10:35:24  permanent_dropout_6 (Perma  (None, 1000)                 0         ['dense_6[0][0]']             
2024-04-29 10:35:24  nentDropout)                                                                                     
2024-04-29 10:35:24                                                                                                   
2024-04-29 10:35:24  dense_7 (Dense)             (None, 1000)                 1001000   ['permanent_dropout_6[0][0]'] 
2024-04-29 10:35:24                                                                                                   
2024-04-29 10:35:24  permanent_dropout_7 (Perma  (None, 1000)                 0         ['dense_7[0][0]']             
2024-04-29 10:35:24  nentDropout)                                                                                     
2024-04-29 10:35:24                                                                                                   
2024-04-29 10:35:24  dense_8 (Dense)             (None, 1000)                 1001000   ['permanent_dropout_7[0][0]'] 
2024-04-29 10:35:24                                                                                                   
2024-04-29 10:35:24  permanent_dropout_8 (Perma  (None, 1000)                 0         ['dense_8[0][0]']             
2024-04-29 10:35:24  nentDropout)                                                                                     
2024-04-29 10:35:24                                                                                                   
2024-04-29 10:35:24  dense_9 (Dense)             (None, 1000)                 1001000   ['permanent_dropout_8[0][0]'] 
2024-04-29 10:35:24                                                                                                   
2024-04-29 10:35:24  permanent_dropout_9 (Perma  (None, 1000)                 0         ['dense_9[0][0]']             
2024-04-29 10:35:24  nentDropout)                                                                                     
2024-04-29 10:35:24                                                                                                   
2024-04-29 10:35:24  dense_10 (Dense)            (None, 1000)                 1001000   ['permanent_dropout_9[0][0]'] 
2024-04-29 10:35:24                                                                                                   
2024-04-29 10:35:24  permanent_dropout_10 (Perm  (None, 1000)                 0         ['dense_10[0][0]']            
2024-04-29 10:35:24  anentDropout)                                                                                    
2024-04-29 10:35:24                                                                                                   
2024-04-29 10:35:24  dense_11 (Dense)            (None, 1)                    1001      ['permanent_dropout_10[0][0]']
2024-04-29 10:35:24                                                                                                   
2024-04-29 10:35:24 ==================================================================================================
2024-04-29 10:35:24 Total params: 12583001 (48.00 MB)
2024-04-29 10:35:24 Trainable params: 12583001 (48.00 MB)
2024-04-29 10:35:24 Non-trainable params: 0 (0.00 Byte)
2024-04-29 10:35:24 __________________________________________________________________________________________________
2024-04-29 10:35:24 CKPT CONSTRUCT...
2024-04-29 10:35:24 CKPT CONSTRUCT OK.
2024-04-29 10:35:24 template model: <keras.src.engine.functional.Functional object at 0x14c1444c67f0>
2024-04-29 10:35:26 COMPILE
2024-04-29 10:35:26 Will save weights to: /dev/shm/Uno/save/8994056.amn-0001/97/0.1.model.h5
2024-04-29 10:35:43 Between random pairs in y_val:
2024-04-29 10:35:43   mse: 0.04777339
2024-04-29 10:35:43   mae: 0.16009142
2024-04-29 10:35:43   r2: -0.99773828
2024-04-29 10:35:43   corr: 0.00113086
2024-04-29 10:35:43 Data points per epoch: train = 470167, val = 117542, test = 726
2024-04-29 10:35:43 Steps per epoch: train = 14692, val = 3673, test = 22
2024-04-29 10:35:43 Epoch 0: lr=0.001
2024-04-29 10:36:55 [Epoch: 0] loss: 0.023549, mae: 0.079288, r2: 0.070200, val_loss: 0.008755, val_mae: 0.066209, val_r2: 0.588146
2024-04-29 10:36:55 Epoch 1: lr=0.00082
2024-04-29 10:38:05 [Epoch: 1] loss: 0.008029, mae: 0.064041, r2: 0.620566, val_loss: 0.007824, val_mae: 0.062208, val_r2: 0.631985
2024-04-29 10:38:05 Epoch 2: lr=0.00064
2024-04-29 10:39:16 [Epoch: 2] loss: 0.007329, mae: 0.060876, r2: 0.652824, val_loss: 0.007297, val_mae: 0.059693, val_r2: 0.654250
2024-04-29 10:39:16 Epoch 3: lr=0.00046
2024-04-29 10:40:26 [Epoch: 3] loss: 0.006850, mae: 0.058635, r2: 0.674340, val_loss: 0.006747, val_mae: 0.057923, val_r2: 0.677828
2024-04-29 10:40:26 Epoch 4: lr=0.00028
2024-04-29 10:41:36 [Epoch: 4] loss: 0.006446, mae: 0.056853, r2: 0.692440, val_loss: 0.006584, val_mae: 0.057674, val_r2: 0.682582
2024-04-29 10:41:36 Epoch 5: lr=0.0001
2024-04-29 10:42:46 [Epoch: 5] loss: 0.006113, mae: 0.055291, r2: 0.707693, val_loss: 0.006385, val_mae: 0.056362, val_r2: 0.694795
2024-04-29 10:42:46 Epoch 6: lr=0.0001
2024-04-29 10:43:56 [Epoch: 6] loss: 0.006003, mae: 0.054780, r2: 0.713004, val_loss: 0.006366, val_mae: 0.055825, val_r2: 0.694285
2024-04-29 10:43:56 Epoch 7: lr=0.0001
2024-04-29 10:45:06 [Epoch: 7] loss: 0.005932, mae: 0.054444, r2: 0.716211, val_loss: 0.006293, val_mae: 0.055818, val_r2: 0.697577
2024-04-29 10:45:06 Epoch 8: lr=0.0001
2024-04-29 10:46:17 [Epoch: 8] loss: 0.005860, mae: 0.054103, r2: 0.719638, val_loss: 0.006297, val_mae: 0.056137, val_r2: 0.698418
2024-04-29 10:46:17 Epoch 9: lr=0.0001
2024-04-29 10:47:28 [Epoch: 9] loss: 0.005803, mae: 0.053856, r2: 0.722018, val_loss: 0.006260, val_mae: 0.055504, val_r2: 0.698822
2024-04-29 10:47:28 Epoch 10: lr=0.0001
2024-04-29 10:48:38 [Epoch: 10] loss: 0.005725, mae: 0.053520, r2: 0.725995, val_loss: 0.006275, val_mae: 0.055364, val_r2: 0.699233
2024-04-29 10:48:38 Epoch 11: lr=0.0001
2024-04-29 10:49:49 [Epoch: 11] loss: 0.005672, mae: 0.053244, r2: 0.728312, val_loss: 0.006205, val_mae: 0.055215, val_r2: 0.702302
2024-04-29 10:49:49 Epoch 12: lr=0.0001
2024-04-29 10:50:59 [Epoch: 12] loss: 0.005623, mae: 0.053068, r2: 0.730528, val_loss: 0.006199, val_mae: 0.055062, val_r2: 0.702875
2024-04-29 10:50:59 Epoch 13: lr=0.0001
2024-04-29 10:52:09 [Epoch: 13] loss: 0.005567, mae: 0.052800, r2: 0.733122, val_loss: 0.006142, val_mae: 0.055092, val_r2: 0.704390
2024-04-29 10:52:09 Epoch 14: lr=0.0001
2024-04-29 10:53:19 [Epoch: 14] loss: 0.005505, mae: 0.052496, r2: 0.735988, val_loss: 0.006137, val_mae: 0.055128, val_r2: 0.704926
2024-04-29 10:53:19 Epoch 15: lr=0.0001
2024-04-29 10:54:30 [Epoch: 15] loss: 0.005456, mae: 0.052298, r2: 0.738511, val_loss: 0.006120, val_mae: 0.054799, val_r2: 0.705539
2024-04-29 10:54:30 Epoch 16: lr=0.0001
2024-04-29 10:55:40 [Epoch: 16] loss: 0.005409, mae: 0.052072, r2: 0.740626, val_loss: 0.006105, val_mae: 0.054991, val_r2: 0.707299
2024-04-29 10:55:40 Epoch 17: lr=0.0001
2024-04-29 10:56:50 [Epoch: 17] loss: 0.005358, mae: 0.051865, r2: 0.742800, val_loss: 0.006114, val_mae: 0.055004, val_r2: 0.706187
2024-04-29 10:56:50 Epoch 18: lr=0.0001
2024-04-29 10:58:00 [Epoch: 18] loss: 0.005319, mae: 0.051645, r2: 0.744870, val_loss: 0.006146, val_mae: 0.054557, val_r2: 0.704350
2024-04-29 10:58:00 Epoch 19: lr=5e-05
2024-04-29 10:59:10 [Epoch: 19] loss: 0.005194, mae: 0.051083, r2: 0.750457, val_loss: 0.006105, val_mae: 0.054523, val_r2: 0.706801
2024-04-29 10:59:10 Epoch 20: lr=5e-05
2024-04-29 11:00:20 [Epoch: 20] loss: 0.005154, mae: 0.050877, r2: 0.752285, val_loss: 0.006086, val_mae: 0.054520, val_r2: 0.707492
2024-04-29 11:00:20 Epoch 21: lr=5e-05
2024-04-29 11:01:30 [Epoch: 21] loss: 0.005131, mae: 0.050773, r2: 0.753354, val_loss: 0.006083, val_mae: 0.054300, val_r2: 0.706506
2024-04-29 11:01:30 Epoch 22: lr=5e-05
2024-04-29 11:02:40 [Epoch: 22] loss: 0.005096, mae: 0.050595, r2: 0.754856, val_loss: 0.006056, val_mae: 0.054458, val_r2: 0.708184
2024-04-29 11:02:40 Epoch 23: lr=5e-05
2024-04-29 11:03:51 [Epoch: 23] loss: 0.005081, mae: 0.050550, r2: 0.755674, val_loss: 0.006048, val_mae: 0.054709, val_r2: 0.709091
2024-04-29 11:03:51 Epoch 24: lr=2.5e-05
2024-04-29 11:05:01 [Epoch: 24] loss: 0.005008, mae: 0.050189, r2: 0.759031, val_loss: 0.006081, val_mae: 0.054247, val_r2: 0.707385
2024-04-29 11:05:01 Epoch 25: lr=2.5e-05
2024-04-29 11:06:11 [Epoch: 25] loss: 0.004996, mae: 0.050116, r2: 0.759765, val_loss: 0.006075, val_mae: 0.054544, val_r2: 0.707076
2024-04-29 11:06:11 Epoch 26: lr=2.5e-05
2024-04-29 11:07:21 [Epoch: 26] loss: 0.004976, mae: 0.050048, r2: 0.760593, val_loss: 0.006082, val_mae: 0.054188, val_r2: 0.707799
2024-04-29 11:07:22 Epoch 27: lr=2.5e-05
2024-04-29 11:08:32 [Epoch: 27] loss: 0.004956, mae: 0.049947, r2: 0.761474, val_loss: 0.006074, val_mae: 0.054379, val_r2: 0.707723
2024-04-29 11:08:32 Epoch 28: lr=2.5e-05
2024-04-29 11:09:42 [Epoch: 28] loss: 0.004954, mae: 0.049904, r2: 0.761608, val_loss: 0.006067, val_mae: 0.054587, val_r2: 0.707931
2024-04-29 11:09:42 Epoch 29: lr=1.25e-05
2024-04-29 11:10:52 [Epoch: 29] loss: 0.004923, mae: 0.049782, r2: 0.763103, val_loss: 0.006091, val_mae: 0.054472, val_r2: 0.706537
2024-04-29 11:10:52 history_length: 30
2024-04-29 11:10:52 stopping: complete
2024-04-29 11:10:52 Comparing y_true and y_pred:
2024-04-29 11:10:52   mse: 0.00685947
2024-04-29 11:10:52   mae: 0.06435759
2024-04-29 11:10:52   r2: 0.20915853
2024-04-29 11:10:52   corr: 0.46096756
