2024-05-21 14:10:17 UNO RUN ...
2024-05-21 14:10:17 Params: {'model_name': 'uno', 'train_sources': ['CCLE'], 'test_sources': ['train'], 'cell_types': None, 'cell_features': ['rnaseq'], 'drug_features': ['descriptors'], 'dense': [1000, 1000, 1000, 1000, 1000], 'dense_feature_layers': [1000, 1000, 1000], 'activation': 'relu', 'loss': 'mse', 'optimizer': 'adamax', 'scaling': 'std', 'dropout': 0.1, 'epochs': 50, 'batch_size': 32, 'val_split': 0.2, 'cv': 1, 'max_val_loss': 1.0, 'learning_rate': 0.0001, 'base_lr': None, 'agg_dose': 'AUC', 'residual': False, 'reduce_lr': True, 'warmup_lr': True, 'batch_normalization': False, 'feature_subsample': 0, 'rng_seed': 2018, 'no_gen': False, 'verbose': False, 'preprocess_rnaseq': 'source_scale', 'gpus': [0], 'use_landmark_genes': True, 'no_feature_source': True, 'no_response_source': True, 'save_path': '/dev/shm/Uno/save/8999967.amn-0001/98', 'single': True, 'on_memory_loader': True, 'ckpt_checksum': True, 'ckpt_save_interval': 0, 'timeout': -1, 'train_bool': True, 'profiling': False, 'experiment_id': '8999967.amn-0001', 'run_id': '98', 'logfile': '/dev/shm/Uno/save/8999967.amn-0001/98/python.log', 'shuffle': False, 'ckpt_restart_mode': 'off', 'ckpt_skip_epochs': 0, 'ckpt_directory': '/dev/shm/Uno/save/8999967.amn-0001/98', 'ckpt_save_best': True, 'ckpt_save_best_metric': 'val_loss', 'ckpt_save_weights_only': False, 'ckpt_keep_mode': 'linear', 'ckpt_keep_limit': 5, 'by_cell': None, 'by_drug': None, 'cell_subset_path': '', 'drug_subset_path': '', 'drug_median_response_min': -1, 'drug_median_response_max': 1, 'dense_cell_feature_layers': None, 'dense_drug_feature_layers': None, 'use_filtered_genes': False, 'feature_subset_path': '', 'cell_feature_subset_path': '', 'drug_feature_subset_path': '', 'es': True, 'cp': False, 'tb': False, 'tb_prefix': 'tb', 'partition_by': None, 'cache': None, 'export_csv': None, 'export_data': None, 'use_exported_data': '/dev/shm/Uno/x1922c6s5b0n0.98.merged.landmark.h5', 'growth_bins': 0, 'initial_weights': None, 'save_weights': '/dev/shm/Uno/save/8999967.amn-0001/98/1.0.model.h5', 'config_file': '/home/brettin/CSC249ADOA01_CNDA/brettin/Benchmarks/Pilot1/Uno/uno_auc_model.txt', 'data_type': <class 'numpy.float32'>, 'data_dir': '/dev/shm/Uno/uno/Data', 'output_dir': '/dev/shm/Uno/uno/Output/8999967.amn-0001/98'}
2024-05-21 14:10:17 Feature encoding submodel for cell.rnaseq:
2024-05-21 14:10:17 Model: "cell.rnaseq"
2024-05-21 14:10:17 _________________________________________________________________
2024-05-21 14:10:17  Layer (type)                Output Shape              Param #   
2024-05-21 14:10:17 =================================================================
2024-05-21 14:10:17  input_1 (InputLayer)        [(None, 958)]             0         
2024-05-21 14:10:17                                                                  
2024-05-21 14:10:17  dense (Dense)               (None, 1000)              959000    
2024-05-21 14:10:17                                                                  
2024-05-21 14:10:17  permanent_dropout (Permane  (None, 1000)              0         
2024-05-21 14:10:17  ntDropout)                                                      
2024-05-21 14:10:17                                                                  
2024-05-21 14:10:17  dense_1 (Dense)             (None, 1000)              1001000   
2024-05-21 14:10:17                                                                  
2024-05-21 14:10:17  permanent_dropout_1 (Perma  (None, 1000)              0         
2024-05-21 14:10:17  nentDropout)                                                    
2024-05-21 14:10:17                                                                  
2024-05-21 14:10:17  dense_2 (Dense)             (None, 1000)              1001000   
2024-05-21 14:10:17                                                                  
2024-05-21 14:10:17  permanent_dropout_2 (Perma  (None, 1000)              0         
2024-05-21 14:10:17  nentDropout)                                                    
2024-05-21 14:10:17                                                                  
2024-05-21 14:10:17 =================================================================
2024-05-21 14:10:17 Total params: 2961000 (11.30 MB)
2024-05-21 14:10:17 Trainable params: 2961000 (11.30 MB)
2024-05-21 14:10:17 Non-trainable params: 0 (0.00 Byte)
2024-05-21 14:10:17 _________________________________________________________________
2024-05-21 14:10:17 Feature encoding submodel for drug.descriptors:
2024-05-21 14:10:17 Model: "drug.descriptors"
2024-05-21 14:10:17 _________________________________________________________________
2024-05-21 14:10:17  Layer (type)                Output Shape              Param #   
2024-05-21 14:10:17 =================================================================
2024-05-21 14:10:17  input_2 (InputLayer)        [(None, 1613)]            0         
2024-05-21 14:10:17                                                                  
2024-05-21 14:10:17  dense_3 (Dense)             (None, 1000)              1614000   
2024-05-21 14:10:17                                                                  
2024-05-21 14:10:17  permanent_dropout_3 (Perma  (None, 1000)              0         
2024-05-21 14:10:17  nentDropout)                                                    
2024-05-21 14:10:17                                                                  
2024-05-21 14:10:17  dense_4 (Dense)             (None, 1000)              1001000   
2024-05-21 14:10:17                                                                  
2024-05-21 14:10:17  permanent_dropout_4 (Perma  (None, 1000)              0         
2024-05-21 14:10:17  nentDropout)                                                    
2024-05-21 14:10:17                                                                  
2024-05-21 14:10:17  dense_5 (Dense)             (None, 1000)              1001000   
2024-05-21 14:10:17                                                                  
2024-05-21 14:10:17  permanent_dropout_5 (Perma  (None, 1000)              0         
2024-05-21 14:10:17  nentDropout)                                                    
2024-05-21 14:10:17                                                                  
2024-05-21 14:10:17 =================================================================
2024-05-21 14:10:17 Total params: 3616000 (13.79 MB)
2024-05-21 14:10:17 Trainable params: 3616000 (13.79 MB)
2024-05-21 14:10:17 Non-trainable params: 0 (0.00 Byte)
2024-05-21 14:10:17 _________________________________________________________________
2024-05-21 14:10:17 Combined model:
2024-05-21 14:10:17 Model: "model"
2024-05-21 14:10:17 __________________________________________________________________________________________________
2024-05-21 14:10:17  Layer (type)                Output Shape                 Param #   Connected to                  
2024-05-21 14:10:17 ==================================================================================================
2024-05-21 14:10:17  input.cell.rnaseq (InputLa  [(None, 958)]                0         []                            
2024-05-21 14:10:17  yer)                                                                                             
2024-05-21 14:10:17                                                                                                   
2024-05-21 14:10:17  input.drug1.descriptors (I  [(None, 1613)]               0         []                            
2024-05-21 14:10:17  nputLayer)                                                                                       
2024-05-21 14:10:17                                                                                                   
2024-05-21 14:10:17  cell.rnaseq (Functional)    (None, 1000)                 2961000   ['input.cell.rnaseq[0][0]']   
2024-05-21 14:10:17                                                                                                   
2024-05-21 14:10:17  drug.descriptors (Function  (None, 1000)                 3616000   ['input.drug1.descriptors[0][0
2024-05-21 14:10:17  al)                                                                ]']                           
2024-05-21 14:10:17                                                                                                   
2024-05-21 14:10:17  concatenate (Concatenate)   (None, 2000)                 0         ['cell.rnaseq[0][0]',         
2024-05-21 14:10:17                                                                      'drug.descriptors[0][0]']    
2024-05-21 14:10:17                                                                                                   
2024-05-21 14:10:17  dense_6 (Dense)             (None, 1000)                 2001000   ['concatenate[0][0]']         
2024-05-21 14:10:17                                                                                                   
2024-05-21 14:10:17  permanent_dropout_6 (Perma  (None, 1000)                 0         ['dense_6[0][0]']             
2024-05-21 14:10:17  nentDropout)                                                                                     
2024-05-21 14:10:17                                                                                                   
2024-05-21 14:10:17  dense_7 (Dense)             (None, 1000)                 1001000   ['permanent_dropout_6[0][0]'] 
2024-05-21 14:10:17                                                                                                   
2024-05-21 14:10:17  permanent_dropout_7 (Perma  (None, 1000)                 0         ['dense_7[0][0]']             
2024-05-21 14:10:17  nentDropout)                                                                                     
2024-05-21 14:10:17                                                                                                   
2024-05-21 14:10:17  dense_8 (Dense)             (None, 1000)                 1001000   ['permanent_dropout_7[0][0]'] 
2024-05-21 14:10:17                                                                                                   
2024-05-21 14:10:17  permanent_dropout_8 (Perma  (None, 1000)                 0         ['dense_8[0][0]']             
2024-05-21 14:10:17  nentDropout)                                                                                     
2024-05-21 14:10:17                                                                                                   
2024-05-21 14:10:17  dense_9 (Dense)             (None, 1000)                 1001000   ['permanent_dropout_8[0][0]'] 
2024-05-21 14:10:17                                                                                                   
2024-05-21 14:10:17  permanent_dropout_9 (Perma  (None, 1000)                 0         ['dense_9[0][0]']             
2024-05-21 14:10:17  nentDropout)                                                                                     
2024-05-21 14:10:17                                                                                                   
2024-05-21 14:10:17  dense_10 (Dense)            (None, 1000)                 1001000   ['permanent_dropout_9[0][0]'] 
2024-05-21 14:10:17                                                                                                   
2024-05-21 14:10:17  permanent_dropout_10 (Perm  (None, 1000)                 0         ['dense_10[0][0]']            
2024-05-21 14:10:17  anentDropout)                                                                                    
2024-05-21 14:10:17                                                                                                   
2024-05-21 14:10:17  dense_11 (Dense)            (None, 1)                    1001      ['permanent_dropout_10[0][0]']
2024-05-21 14:10:17                                                                                                   
2024-05-21 14:10:17 ==================================================================================================
2024-05-21 14:10:17 Total params: 12583001 (48.00 MB)
2024-05-21 14:10:17 Trainable params: 12583001 (48.00 MB)
2024-05-21 14:10:17 Non-trainable params: 0 (0.00 Byte)
2024-05-21 14:10:17 __________________________________________________________________________________________________
2024-05-21 14:10:17 CKPT CONSTRUCT...
2024-05-21 14:10:17 CKPT CONSTRUCT OK.
2024-05-21 14:10:17 template model: <keras.src.engine.functional.Functional object at 0x152b9bab2f70>
2024-05-21 14:10:19 COMPILE
2024-05-21 14:10:19 Will save weights to: /dev/shm/Uno/save/8999967.amn-0001/98/1.0.model.h5
2024-05-21 14:10:37 Between random pairs in y_val:
2024-05-21 14:10:37   mse: 0.04745496
2024-05-21 14:10:37   mae: 0.15961029
2024-05-21 14:10:37   r2: -1.00190720
2024-05-21 14:10:37   corr: -0.00095360
2024-05-21 14:10:37 Data points per epoch: train = 468701, val = 117176, test = 1832
2024-05-21 14:10:37 Steps per epoch: train = 14646, val = 3661, test = 57
2024-05-21 14:10:37 Epoch 0: lr=0.001
2024-05-21 14:11:49 [Epoch: 0] loss: 0.025610, mae: 0.079449, r2: -0.270989, val_loss: 0.008438, val_mae: 0.065446, val_r2: 0.597797
2024-05-21 14:11:49 Epoch 1: lr=0.00082
2024-05-21 14:13:00 [Epoch: 1] loss: 0.007946, mae: 0.063714, r2: 0.623409, val_loss: 0.007502, val_mae: 0.061121, val_r2: 0.645147
2024-05-21 14:13:01 Epoch 2: lr=0.00064
2024-05-21 14:14:12 [Epoch: 2] loss: 0.007256, mae: 0.060581, r2: 0.654748, val_loss: 0.007420, val_mae: 0.063799, val_r2: 0.645502
2024-05-21 14:14:12 Epoch 3: lr=0.00046
2024-05-21 14:15:23 [Epoch: 3] loss: 0.006791, mae: 0.058495, r2: 0.676309, val_loss: 0.006753, val_mae: 0.058188, val_r2: 0.674594
2024-05-21 14:15:23 Epoch 4: lr=0.00028
2024-05-21 14:16:34 [Epoch: 4] loss: 0.006409, mae: 0.056695, r2: 0.693723, val_loss: 0.006512, val_mae: 0.056781, val_r2: 0.689695
2024-05-21 14:16:34 Epoch 5: lr=0.0001
2024-05-21 14:17:45 [Epoch: 5] loss: 0.006100, mae: 0.055267, r2: 0.708273, val_loss: 0.006352, val_mae: 0.056073, val_r2: 0.695430
2024-05-21 14:17:45 Epoch 6: lr=0.0001
2024-05-21 14:18:56 [Epoch: 6] loss: 0.005976, mae: 0.054687, r2: 0.714104, val_loss: 0.006310, val_mae: 0.055527, val_r2: 0.698074
2024-05-21 14:18:56 Epoch 7: lr=0.0001
2024-05-21 14:20:07 [Epoch: 7] loss: 0.005908, mae: 0.054381, r2: 0.717276, val_loss: 0.006275, val_mae: 0.055625, val_r2: 0.698445
2024-05-21 14:20:07 Epoch 8: lr=0.0001
2024-05-21 14:21:18 [Epoch: 8] loss: 0.005826, mae: 0.054005, r2: 0.720892, val_loss: 0.006233, val_mae: 0.055545, val_r2: 0.701584
2024-05-21 14:21:19 Epoch 9: lr=0.0001
2024-05-21 14:22:29 [Epoch: 9] loss: 0.005771, mae: 0.053753, r2: 0.723456, val_loss: 0.006221, val_mae: 0.055324, val_r2: 0.701657
2024-05-21 14:22:30 Epoch 10: lr=0.0001
2024-05-21 14:23:41 [Epoch: 10] loss: 0.005708, mae: 0.053451, r2: 0.726347, val_loss: 0.006232, val_mae: 0.055307, val_r2: 0.700756
2024-05-21 14:23:41 Epoch 11: lr=0.0001
2024-05-21 14:24:52 [Epoch: 11] loss: 0.005651, mae: 0.053167, r2: 0.728878, val_loss: 0.006181, val_mae: 0.055005, val_r2: 0.703239
2024-05-21 14:24:52 Epoch 12: lr=0.0001
2024-05-21 14:26:03 [Epoch: 12] loss: 0.005598, mae: 0.052955, r2: 0.731475, val_loss: 0.006154, val_mae: 0.055253, val_r2: 0.704703
2024-05-21 14:26:03 Epoch 13: lr=0.0001
2024-05-21 14:27:14 [Epoch: 13] loss: 0.005548, mae: 0.052716, r2: 0.733816, val_loss: 0.006118, val_mae: 0.055271, val_r2: 0.707543
2024-05-21 14:27:14 Epoch 14: lr=0.0001
2024-05-21 14:28:25 [Epoch: 14] loss: 0.005488, mae: 0.052469, r2: 0.736824, val_loss: 0.006111, val_mae: 0.054819, val_r2: 0.705859
2024-05-21 14:28:25 Epoch 15: lr=0.0001
2024-05-21 14:29:36 [Epoch: 15] loss: 0.005434, mae: 0.052231, r2: 0.739045, val_loss: 0.006159, val_mae: 0.054651, val_r2: 0.705494
2024-05-21 14:29:36 Epoch 16: lr=0.0001
2024-05-21 14:30:47 [Epoch: 16] loss: 0.005393, mae: 0.052007, r2: 0.741228, val_loss: 0.006109, val_mae: 0.054452, val_r2: 0.706549
2024-05-21 14:30:47 Epoch 17: lr=0.0001
2024-05-21 14:31:58 [Epoch: 17] loss: 0.005331, mae: 0.051724, r2: 0.744163, val_loss: 0.006104, val_mae: 0.054662, val_r2: 0.706908
2024-05-21 14:31:58 Epoch 18: lr=0.0001
2024-05-21 14:33:09 [Epoch: 18] loss: 0.005293, mae: 0.051546, r2: 0.745808, val_loss: 0.006069, val_mae: 0.054541, val_r2: 0.709032
2024-05-21 14:33:09 Epoch 19: lr=5e-05
2024-05-21 14:34:20 [Epoch: 19] loss: 0.005171, mae: 0.050986, r2: 0.751609, val_loss: 0.006073, val_mae: 0.054745, val_r2: 0.708528
2024-05-21 14:34:20 Epoch 20: lr=5e-05
2024-05-21 14:35:31 [Epoch: 20] loss: 0.005131, mae: 0.050775, r2: 0.753186, val_loss: 0.006073, val_mae: 0.054905, val_r2: 0.707536
2024-05-21 14:35:31 Epoch 21: lr=5e-05
2024-05-21 14:36:42 [Epoch: 21] loss: 0.005101, mae: 0.050634, r2: 0.754622, val_loss: 0.006077, val_mae: 0.054632, val_r2: 0.707858
2024-05-21 14:36:42 Epoch 22: lr=5e-05
2024-05-21 14:37:53 [Epoch: 22] loss: 0.005077, mae: 0.050554, r2: 0.755637, val_loss: 0.006048, val_mae: 0.054444, val_r2: 0.709845
2024-05-21 14:37:54 Epoch 23: lr=5e-05
2024-05-21 14:39:04 [Epoch: 23] loss: 0.005051, mae: 0.050404, r2: 0.757000, val_loss: 0.006032, val_mae: 0.054468, val_r2: 0.709920
2024-05-21 14:39:04 Epoch 24: lr=2.5e-05
2024-05-21 14:40:15 [Epoch: 24] loss: 0.004988, mae: 0.050086, r2: 0.759901, val_loss: 0.006045, val_mae: 0.054389, val_r2: 0.709284
2024-05-21 14:40:16 Epoch 25: lr=2.5e-05
2024-05-21 14:41:27 [Epoch: 25] loss: 0.004974, mae: 0.050052, r2: 0.760556, val_loss: 0.006029, val_mae: 0.054239, val_r2: 0.710456
2024-05-21 14:41:27 Epoch 26: lr=2.5e-05
2024-05-21 14:42:38 [Epoch: 26] loss: 0.004959, mae: 0.049954, r2: 0.761465, val_loss: 0.006025, val_mae: 0.054142, val_r2: 0.710909
2024-05-21 14:42:38 Epoch 27: lr=2.5e-05
2024-05-21 14:43:49 [Epoch: 27] loss: 0.004946, mae: 0.049912, r2: 0.761862, val_loss: 0.006055, val_mae: 0.054325, val_r2: 0.709624
2024-05-21 14:43:49 Epoch 28: lr=2.5e-05
2024-05-21 14:45:00 [Epoch: 28] loss: 0.004934, mae: 0.049852, r2: 0.762381, val_loss: 0.006044, val_mae: 0.054052, val_r2: 0.709689
2024-05-21 14:45:00 Epoch 29: lr=1.25e-05
2024-05-21 14:46:11 [Epoch: 29] loss: 0.004896, mae: 0.049664, r2: 0.763968, val_loss: 0.006074, val_mae: 0.054260, val_r2: 0.708738
2024-05-21 14:46:11 Epoch 30: lr=1.25e-05
2024-05-21 14:47:22 [Epoch: 30] loss: 0.004887, mae: 0.049635, r2: 0.764632, val_loss: 0.006021, val_mae: 0.054262, val_r2: 0.710707
2024-05-21 14:47:22 Epoch 31: lr=1.25e-05
2024-05-21 14:48:33 [Epoch: 31] loss: 0.004881, mae: 0.049596, r2: 0.764720, val_loss: 0.006056, val_mae: 0.054150, val_r2: 0.709709
2024-05-21 14:48:34 Epoch 32: lr=1.25e-05
2024-05-21 14:49:44 [Epoch: 32] loss: 0.004870, mae: 0.049533, r2: 0.765557, val_loss: 0.006068, val_mae: 0.054090, val_r2: 0.708996
2024-05-21 14:49:45 Epoch 33: lr=1.25e-05
2024-05-21 14:50:56 [Epoch: 33] loss: 0.004863, mae: 0.049477, r2: 0.765672, val_loss: 0.006044, val_mae: 0.054234, val_r2: 0.709626
2024-05-21 14:50:56 Epoch 34: lr=1e-05
2024-05-21 14:52:07 [Epoch: 34] loss: 0.004841, mae: 0.049416, r2: 0.766505, val_loss: 0.006025, val_mae: 0.054178, val_r2: 0.709958
2024-05-21 14:52:07 Epoch 35: lr=1e-05
2024-05-21 14:53:18 [Epoch: 35] loss: 0.004852, mae: 0.049455, r2: 0.766128, val_loss: 0.006047, val_mae: 0.054222, val_r2: 0.709641
2024-05-21 14:53:18 Epoch 36: lr=1e-05
2024-05-21 14:54:29 [Epoch: 36] loss: 0.004846, mae: 0.049451, r2: 0.766412, val_loss: 0.006064, val_mae: 0.054242, val_r2: 0.708761
2024-05-21 14:54:29 Epoch 37: lr=1e-05
2024-05-21 14:55:40 [Epoch: 37] loss: 0.004835, mae: 0.049377, r2: 0.766939, val_loss: 0.006037, val_mae: 0.054126, val_r2: 0.710704
2024-05-21 14:55:40 Epoch 38: lr=1e-05
2024-05-21 14:56:51 [Epoch: 38] loss: 0.004833, mae: 0.049373, r2: 0.767381, val_loss: 0.006060, val_mae: 0.054144, val_r2: 0.708908
2024-05-21 14:56:51 Epoch 39: lr=1e-05
2024-05-21 14:58:02 [Epoch: 39] loss: 0.004825, mae: 0.049295, r2: 0.767576, val_loss: 0.006020, val_mae: 0.054129, val_r2: 0.710848
2024-05-21 14:58:02 Epoch 40: lr=1e-05
2024-05-21 14:59:12 [Epoch: 40] loss: 0.004831, mae: 0.049336, r2: 0.767053, val_loss: 0.006054, val_mae: 0.054100, val_r2: 0.709507
2024-05-21 14:59:13 Epoch 41: lr=1e-05
2024-05-21 15:00:23 [Epoch: 41] loss: 0.004819, mae: 0.049302, r2: 0.767644, val_loss: 0.006025, val_mae: 0.054130, val_r2: 0.710170
2024-05-21 15:00:23 Epoch 42: lr=1e-05
2024-05-21 15:01:34 [Epoch: 42] loss: 0.004814, mae: 0.049239, r2: 0.768270, val_loss: 0.006045, val_mae: 0.054231, val_r2: 0.709953
2024-05-21 15:01:34 Epoch 43: lr=1e-05
2024-05-21 15:02:45 [Epoch: 43] loss: 0.004807, mae: 0.049240, r2: 0.768441, val_loss: 0.006056, val_mae: 0.054232, val_r2: 0.709390
2024-05-21 15:02:45 Epoch 44: lr=1e-05
2024-05-21 15:03:56 [Epoch: 44] loss: 0.004802, mae: 0.049179, r2: 0.768555, val_loss: 0.006035, val_mae: 0.054288, val_r2: 0.710051
2024-05-21 15:03:56 Epoch 45: lr=1e-05
2024-05-21 15:05:06 [Epoch: 45] loss: 0.004804, mae: 0.049254, r2: 0.768468, val_loss: 0.006038, val_mae: 0.054136, val_r2: 0.710188
2024-05-21 15:05:06 Epoch 46: lr=1e-05
2024-05-21 15:06:17 [Epoch: 46] loss: 0.004790, mae: 0.049137, r2: 0.768934, val_loss: 0.006048, val_mae: 0.054192, val_r2: 0.710166
2024-05-21 15:06:17 Epoch 47: lr=1e-05
2024-05-21 15:07:28 [Epoch: 47] loss: 0.004777, mae: 0.049104, r2: 0.769634, val_loss: 0.006084, val_mae: 0.054174, val_r2: 0.708337
2024-05-21 15:07:28 Epoch 48: lr=1e-05
2024-05-21 15:08:39 [Epoch: 48] loss: 0.004776, mae: 0.049100, r2: 0.769652, val_loss: 0.006044, val_mae: 0.054244, val_r2: 0.710013
2024-05-21 15:08:39 Epoch 49: lr=1e-05
2024-05-21 15:09:49 [Epoch: 49] loss: 0.004779, mae: 0.049116, r2: 0.769652, val_loss: 0.006047, val_mae: 0.054036, val_r2: 0.709681
2024-05-21 15:09:50 history_length: 50
2024-05-21 15:09:50 stopping: complete
2024-05-21 15:09:50 Comparing y_true and y_pred:
2024-05-21 15:09:50   mse: 0.02885649
2024-05-21 15:09:50   mae: 0.13716579
2024-05-21 15:09:50   r2: -0.16704233
2024-05-21 15:09:50   corr: 0.34965574
