2024-04-29 10:35:23 UNO RUN ...
2024-04-29 10:35:23 Params: {'model_name': 'uno', 'train_sources': ['CCLE'], 'test_sources': ['train'], 'cell_types': None, 'cell_features': ['rnaseq'], 'drug_features': ['descriptors'], 'dense': [1000, 1000, 1000, 1000, 1000], 'dense_feature_layers': [1000, 1000, 1000], 'activation': 'relu', 'loss': 'mse', 'optimizer': 'adamax', 'scaling': 'std', 'dropout': 0.1, 'epochs': 30, 'batch_size': 32, 'val_split': 0.2, 'cv': 1, 'max_val_loss': 1.0, 'learning_rate': 0.0001, 'base_lr': None, 'agg_dose': 'AUC', 'residual': False, 'reduce_lr': True, 'warmup_lr': True, 'batch_normalization': False, 'feature_subsample': 0, 'rng_seed': 2018, 'no_gen': False, 'verbose': False, 'preprocess_rnaseq': 'source_scale', 'gpus': [0], 'use_landmark_genes': True, 'no_feature_source': True, 'no_response_source': True, 'save_path': '/dev/shm/Uno/save/8994056.amn-0001/221', 'single': True, 'on_memory_loader': True, 'ckpt_checksum': True, 'ckpt_save_interval': 0, 'timeout': -1, 'train_bool': True, 'profiling': False, 'experiment_id': '8994056.amn-0001', 'run_id': '221', 'logfile': '/dev/shm/Uno/save/8994056.amn-0001/221/python.log', 'shuffle': False, 'ckpt_restart_mode': 'off', 'ckpt_skip_epochs': 0, 'ckpt_directory': '/dev/shm/Uno/save/8994056.amn-0001/221', 'ckpt_save_best': True, 'ckpt_save_best_metric': 'val_loss', 'ckpt_save_weights_only': False, 'ckpt_keep_mode': 'linear', 'ckpt_keep_limit': 5, 'by_cell': None, 'by_drug': None, 'cell_subset_path': '', 'drug_subset_path': '', 'drug_median_response_min': -1, 'drug_median_response_max': 1, 'dense_cell_feature_layers': None, 'dense_drug_feature_layers': None, 'use_filtered_genes': False, 'feature_subset_path': '', 'cell_feature_subset_path': '', 'drug_feature_subset_path': '', 'es': True, 'cp': False, 'tb': False, 'tb_prefix': 'tb', 'partition_by': None, 'cache': None, 'export_csv': None, 'export_data': None, 'use_exported_data': '/dev/shm/Uno/x1922c1s2b0n0.221.merged.landmark.h5', 'growth_bins': 0, 'initial_weights': None, 'save_weights': '/dev/shm/Uno/save/8994056.amn-0001/221/2.1.model.h5', 'config_file': '/home/brettin/CSC249ADOA01_CNDA/brettin/Benchmarks/Pilot1/Uno/uno_auc_model.txt', 'data_type': <class 'numpy.float32'>, 'data_dir': '/dev/shm/Uno/uno/Data', 'output_dir': '/dev/shm/Uno/uno/Output/8994056.amn-0001/221'}
2024-04-29 10:35:24 Feature encoding submodel for cell.rnaseq:
2024-04-29 10:35:24 Model: "cell.rnaseq"
2024-04-29 10:35:24 _________________________________________________________________
2024-04-29 10:35:24  Layer (type)                Output Shape              Param #   
2024-04-29 10:35:24 =================================================================
2024-04-29 10:35:24  input_1 (InputLayer)        [(None, 958)]             0         
2024-04-29 10:35:24                                                                  
2024-04-29 10:35:24  dense (Dense)               (None, 1000)              959000    
2024-04-29 10:35:24                                                                  
2024-04-29 10:35:24  permanent_dropout (Permane  (None, 1000)              0         
2024-04-29 10:35:24  ntDropout)                                                      
2024-04-29 10:35:24                                                                  
2024-04-29 10:35:24  dense_1 (Dense)             (None, 1000)              1001000   
2024-04-29 10:35:24                                                                  
2024-04-29 10:35:24  permanent_dropout_1 (Perma  (None, 1000)              0         
2024-04-29 10:35:24  nentDropout)                                                    
2024-04-29 10:35:24                                                                  
2024-04-29 10:35:24  dense_2 (Dense)             (None, 1000)              1001000   
2024-04-29 10:35:24                                                                  
2024-04-29 10:35:24  permanent_dropout_2 (Perma  (None, 1000)              0         
2024-04-29 10:35:24  nentDropout)                                                    
2024-04-29 10:35:24                                                                  
2024-04-29 10:35:24 =================================================================
2024-04-29 10:35:24 Total params: 2961000 (11.30 MB)
2024-04-29 10:35:24 Trainable params: 2961000 (11.30 MB)
2024-04-29 10:35:24 Non-trainable params: 0 (0.00 Byte)
2024-04-29 10:35:24 _________________________________________________________________
2024-04-29 10:35:24 Feature encoding submodel for drug.descriptors:
2024-04-29 10:35:24 Model: "drug.descriptors"
2024-04-29 10:35:24 _________________________________________________________________
2024-04-29 10:35:24  Layer (type)                Output Shape              Param #   
2024-04-29 10:35:24 =================================================================
2024-04-29 10:35:24  input_2 (InputLayer)        [(None, 1613)]            0         
2024-04-29 10:35:24                                                                  
2024-04-29 10:35:24  dense_3 (Dense)             (None, 1000)              1614000   
2024-04-29 10:35:24                                                                  
2024-04-29 10:35:24  permanent_dropout_3 (Perma  (None, 1000)              0         
2024-04-29 10:35:24  nentDropout)                                                    
2024-04-29 10:35:24                                                                  
2024-04-29 10:35:24  dense_4 (Dense)             (None, 1000)              1001000   
2024-04-29 10:35:24                                                                  
2024-04-29 10:35:24  permanent_dropout_4 (Perma  (None, 1000)              0         
2024-04-29 10:35:24  nentDropout)                                                    
2024-04-29 10:35:24                                                                  
2024-04-29 10:35:24  dense_5 (Dense)             (None, 1000)              1001000   
2024-04-29 10:35:24                                                                  
2024-04-29 10:35:24  permanent_dropout_5 (Perma  (None, 1000)              0         
2024-04-29 10:35:24  nentDropout)                                                    
2024-04-29 10:35:24                                                                  
2024-04-29 10:35:24 =================================================================
2024-04-29 10:35:24 Total params: 3616000 (13.79 MB)
2024-04-29 10:35:24 Trainable params: 3616000 (13.79 MB)
2024-04-29 10:35:24 Non-trainable params: 0 (0.00 Byte)
2024-04-29 10:35:24 _________________________________________________________________
2024-04-29 10:35:24 Combined model:
2024-04-29 10:35:24 Model: "model"
2024-04-29 10:35:24 __________________________________________________________________________________________________
2024-04-29 10:35:24  Layer (type)                Output Shape                 Param #   Connected to                  
2024-04-29 10:35:24 ==================================================================================================
2024-04-29 10:35:24  input.cell.rnaseq (InputLa  [(None, 958)]                0         []                            
2024-04-29 10:35:24  yer)                                                                                             
2024-04-29 10:35:24                                                                                                   
2024-04-29 10:35:24  input.drug1.descriptors (I  [(None, 1613)]               0         []                            
2024-04-29 10:35:24  nputLayer)                                                                                       
2024-04-29 10:35:24                                                                                                   
2024-04-29 10:35:24  cell.rnaseq (Functional)    (None, 1000)                 2961000   ['input.cell.rnaseq[0][0]']   
2024-04-29 10:35:24                                                                                                   
2024-04-29 10:35:24  drug.descriptors (Function  (None, 1000)                 3616000   ['input.drug1.descriptors[0][0
2024-04-29 10:35:24  al)                                                                ]']                           
2024-04-29 10:35:24                                                                                                   
2024-04-29 10:35:24  concatenate (Concatenate)   (None, 2000)                 0         ['cell.rnaseq[0][0]',         
2024-04-29 10:35:24                                                                      'drug.descriptors[0][0]']    
2024-04-29 10:35:24                                                                                                   
2024-04-29 10:35:24  dense_6 (Dense)             (None, 1000)                 2001000   ['concatenate[0][0]']         
2024-04-29 10:35:24                                                                                                   
2024-04-29 10:35:24  permanent_dropout_6 (Perma  (None, 1000)                 0         ['dense_6[0][0]']             
2024-04-29 10:35:24  nentDropout)                                                                                     
2024-04-29 10:35:24                                                                                                   
2024-04-29 10:35:24  dense_7 (Dense)             (None, 1000)                 1001000   ['permanent_dropout_6[0][0]'] 
2024-04-29 10:35:24                                                                                                   
2024-04-29 10:35:24  permanent_dropout_7 (Perma  (None, 1000)                 0         ['dense_7[0][0]']             
2024-04-29 10:35:24  nentDropout)                                                                                     
2024-04-29 10:35:24                                                                                                   
2024-04-29 10:35:24  dense_8 (Dense)             (None, 1000)                 1001000   ['permanent_dropout_7[0][0]'] 
2024-04-29 10:35:24                                                                                                   
2024-04-29 10:35:24  permanent_dropout_8 (Perma  (None, 1000)                 0         ['dense_8[0][0]']             
2024-04-29 10:35:24  nentDropout)                                                                                     
2024-04-29 10:35:24                                                                                                   
2024-04-29 10:35:24  dense_9 (Dense)             (None, 1000)                 1001000   ['permanent_dropout_8[0][0]'] 
2024-04-29 10:35:24                                                                                                   
2024-04-29 10:35:24  permanent_dropout_9 (Perma  (None, 1000)                 0         ['dense_9[0][0]']             
2024-04-29 10:35:24  nentDropout)                                                                                     
2024-04-29 10:35:24                                                                                                   
2024-04-29 10:35:24  dense_10 (Dense)            (None, 1000)                 1001000   ['permanent_dropout_9[0][0]'] 
2024-04-29 10:35:24                                                                                                   
2024-04-29 10:35:24  permanent_dropout_10 (Perm  (None, 1000)                 0         ['dense_10[0][0]']            
2024-04-29 10:35:24  anentDropout)                                                                                    
2024-04-29 10:35:24                                                                                                   
2024-04-29 10:35:24  dense_11 (Dense)            (None, 1)                    1001      ['permanent_dropout_10[0][0]']
2024-04-29 10:35:24                                                                                                   
2024-04-29 10:35:24 ==================================================================================================
2024-04-29 10:35:24 Total params: 12583001 (48.00 MB)
2024-04-29 10:35:24 Trainable params: 12583001 (48.00 MB)
2024-04-29 10:35:24 Non-trainable params: 0 (0.00 Byte)
2024-04-29 10:35:24 __________________________________________________________________________________________________
2024-04-29 10:35:24 CKPT CONSTRUCT...
2024-04-29 10:35:24 CKPT CONSTRUCT OK.
2024-04-29 10:35:24 template model: <keras.src.engine.functional.Functional object at 0x14799eb27640>
2024-04-29 10:35:26 COMPILE
2024-04-29 10:35:26 Will save weights to: /dev/shm/Uno/save/8994056.amn-0001/221/2.1.model.h5
2024-04-29 10:35:43 Between random pairs in y_val:
2024-04-29 10:35:43   mse: 0.04755751
2024-04-29 10:35:43   mae: 0.15965791
2024-04-29 10:35:43   r2: -0.99821436
2024-04-29 10:35:43   corr: 0.00089282
2024-04-29 10:35:43 Data points per epoch: train = 470167, val = 117542, test = 1271
2024-04-29 10:35:43 Steps per epoch: train = 14692, val = 3673, test = 39
2024-04-29 10:35:43 Epoch 0: lr=0.001
2024-04-29 10:36:58 [Epoch: 0] loss: 0.025392, mae: 0.079522, r2: -0.434210, val_loss: 0.008777, val_mae: 0.066515, val_r2: 0.582310
2024-04-29 10:36:58 Epoch 1: lr=0.00082
2024-04-29 10:38:11 [Epoch: 1] loss: 0.007964, mae: 0.063895, r2: 0.622197, val_loss: 0.007830, val_mae: 0.062107, val_r2: 0.623511
2024-04-29 10:38:11 Epoch 2: lr=0.00064
2024-04-29 10:39:24 [Epoch: 2] loss: 0.007280, mae: 0.060668, r2: 0.653404, val_loss: 0.007284, val_mae: 0.061277, val_r2: 0.652234
2024-04-29 10:39:24 Epoch 3: lr=0.00046
2024-04-29 10:40:37 [Epoch: 3] loss: 0.006814, mae: 0.058547, r2: 0.674879, val_loss: 0.006883, val_mae: 0.058611, val_r2: 0.670483
2024-04-29 10:40:37 Epoch 4: lr=0.00028
2024-04-29 10:41:50 [Epoch: 4] loss: 0.006413, mae: 0.056678, r2: 0.693386, val_loss: 0.006646, val_mae: 0.058153, val_r2: 0.683108
2024-04-29 10:41:50 Epoch 5: lr=0.0001
2024-04-29 10:43:03 [Epoch: 5] loss: 0.006091, mae: 0.055192, r2: 0.708352, val_loss: 0.006472, val_mae: 0.056363, val_r2: 0.691681
2024-04-29 10:43:03 Epoch 6: lr=0.0001
2024-04-29 10:44:16 [Epoch: 6] loss: 0.005978, mae: 0.054656, r2: 0.713766, val_loss: 0.006383, val_mae: 0.056015, val_r2: 0.695805
2024-04-29 10:44:16 Epoch 7: lr=0.0001
2024-04-29 10:45:29 [Epoch: 7] loss: 0.005898, mae: 0.054327, r2: 0.717270, val_loss: 0.006388, val_mae: 0.056693, val_r2: 0.694718
2024-04-29 10:45:29 Epoch 8: lr=0.0001
2024-04-29 10:46:43 [Epoch: 8] loss: 0.005828, mae: 0.053997, r2: 0.720603, val_loss: 0.006321, val_mae: 0.055689, val_r2: 0.699231
2024-04-29 10:46:43 Epoch 9: lr=0.0001
2024-04-29 10:47:56 [Epoch: 9] loss: 0.005761, mae: 0.053703, r2: 0.723705, val_loss: 0.006308, val_mae: 0.055898, val_r2: 0.699352
2024-04-29 10:47:56 Epoch 10: lr=0.0001
2024-04-29 10:49:09 [Epoch: 10] loss: 0.005704, mae: 0.053446, r2: 0.726429, val_loss: 0.006278, val_mae: 0.055697, val_r2: 0.698978
2024-04-29 10:49:09 Epoch 11: lr=0.0001
2024-04-29 10:50:22 [Epoch: 11] loss: 0.005640, mae: 0.053161, r2: 0.729308, val_loss: 0.006228, val_mae: 0.055732, val_r2: 0.702953
2024-04-29 10:50:22 Epoch 12: lr=0.0001
2024-04-29 10:51:35 [Epoch: 12] loss: 0.005589, mae: 0.052941, r2: 0.731688, val_loss: 0.006221, val_mae: 0.055682, val_r2: 0.703413
2024-04-29 10:51:36 Epoch 13: lr=0.0001
2024-04-29 10:52:49 [Epoch: 13] loss: 0.005547, mae: 0.052705, r2: 0.733773, val_loss: 0.006228, val_mae: 0.055359, val_r2: 0.701817
2024-04-29 10:52:49 Epoch 14: lr=5e-05
2024-04-29 10:54:02 [Epoch: 14] loss: 0.005430, mae: 0.052152, r2: 0.738950, val_loss: 0.006184, val_mae: 0.055247, val_r2: 0.704261
2024-04-29 10:54:02 Epoch 15: lr=5e-05
2024-04-29 10:55:16 [Epoch: 15] loss: 0.005385, mae: 0.051979, r2: 0.741175, val_loss: 0.006180, val_mae: 0.054878, val_r2: 0.704394
2024-04-29 10:55:16 Epoch 16: lr=5e-05
2024-04-29 10:56:29 [Epoch: 16] loss: 0.005344, mae: 0.051742, r2: 0.743027, val_loss: 0.006186, val_mae: 0.055719, val_r2: 0.703042
2024-04-29 10:56:29 Epoch 17: lr=5e-05
2024-04-29 10:57:42 [Epoch: 17] loss: 0.005322, mae: 0.051663, r2: 0.744159, val_loss: 0.006183, val_mae: 0.055142, val_r2: 0.704428
2024-04-29 10:57:42 Epoch 18: lr=5e-05
2024-04-29 10:58:55 [Epoch: 18] loss: 0.005294, mae: 0.051532, r2: 0.745391, val_loss: 0.006149, val_mae: 0.055295, val_r2: 0.705468
2024-04-29 10:58:55 Epoch 19: lr=5e-05
2024-04-29 11:00:08 [Epoch: 19] loss: 0.005272, mae: 0.051421, r2: 0.746536, val_loss: 0.006186, val_mae: 0.054941, val_r2: 0.705335
2024-04-29 11:00:08 Epoch 20: lr=2.5e-05
2024-04-29 11:01:22 [Epoch: 20] loss: 0.005210, mae: 0.051149, r2: 0.749485, val_loss: 0.006157, val_mae: 0.054923, val_r2: 0.705431
2024-04-29 11:01:22 Epoch 21: lr=2.5e-05
2024-04-29 11:02:35 [Epoch: 21] loss: 0.005181, mae: 0.051045, r2: 0.750631, val_loss: 0.006135, val_mae: 0.054811, val_r2: 0.706149
2024-04-29 11:02:36 Epoch 22: lr=2.5e-05
2024-04-29 11:03:49 [Epoch: 22] loss: 0.005165, mae: 0.050920, r2: 0.751387, val_loss: 0.006128, val_mae: 0.054894, val_r2: 0.707547
2024-04-29 11:03:49 Epoch 23: lr=2.5e-05
2024-04-29 11:05:02 [Epoch: 23] loss: 0.005143, mae: 0.050850, r2: 0.752568, val_loss: 0.006123, val_mae: 0.054966, val_r2: 0.706501
2024-04-29 11:05:02 Epoch 24: lr=2.5e-05
2024-04-29 11:06:15 [Epoch: 24] loss: 0.005138, mae: 0.050812, r2: 0.752885, val_loss: 0.006154, val_mae: 0.054791, val_r2: 0.705525
2024-04-29 11:06:15 Epoch 25: lr=1.25e-05
2024-04-29 11:07:28 [Epoch: 25] loss: 0.005103, mae: 0.050657, r2: 0.754432, val_loss: 0.006131, val_mae: 0.054890, val_r2: 0.706601
2024-04-29 11:07:28 Epoch 26: lr=1.25e-05
2024-04-29 11:08:41 [Epoch: 26] loss: 0.005097, mae: 0.050612, r2: 0.754469, val_loss: 0.006124, val_mae: 0.054725, val_r2: 0.707047
2024-04-29 11:08:41 Epoch 27: lr=1.25e-05
2024-04-29 11:09:55 [Epoch: 27] loss: 0.005085, mae: 0.050590, r2: 0.755117, val_loss: 0.006122, val_mae: 0.054748, val_r2: 0.707076
2024-04-29 11:09:55 Epoch 28: lr=1.25e-05
2024-04-29 11:11:08 [Epoch: 28] loss: 0.005065, mae: 0.050483, r2: 0.756216, val_loss: 0.006136, val_mae: 0.054812, val_r2: 0.706130
2024-04-29 11:11:08 Epoch 29: lr=1.25e-05
2024-04-29 11:12:21 [Epoch: 29] loss: 0.005062, mae: 0.050457, r2: 0.756083, val_loss: 0.006140, val_mae: 0.054801, val_r2: 0.706793
2024-04-29 11:12:21 history_length: 30
2024-04-29 11:12:21 stopping: complete
2024-04-29 11:12:21 Comparing y_true and y_pred:
2024-04-29 11:12:21   mse: 0.00611288
2024-04-29 11:12:21   mae: 0.06352419
2024-04-29 11:12:21   r2: 0.26195408
2024-04-29 11:12:21   corr: 0.51228980
