2024-04-29 10:35:23 UNO RUN ...
2024-04-29 10:35:23 Params: {'model_name': 'uno', 'train_sources': ['CCLE'], 'test_sources': ['train'], 'cell_types': None, 'cell_features': ['rnaseq'], 'drug_features': ['descriptors'], 'dense': [1000, 1000, 1000, 1000, 1000], 'dense_feature_layers': [1000, 1000, 1000], 'activation': 'relu', 'loss': 'mse', 'optimizer': 'adamax', 'scaling': 'std', 'dropout': 0.1, 'epochs': 30, 'batch_size': 32, 'val_split': 0.2, 'cv': 1, 'max_val_loss': 1.0, 'learning_rate': 0.0001, 'base_lr': None, 'agg_dose': 'AUC', 'residual': False, 'reduce_lr': True, 'warmup_lr': True, 'batch_normalization': False, 'feature_subsample': 0, 'rng_seed': 2018, 'no_gen': False, 'verbose': False, 'preprocess_rnaseq': 'source_scale', 'gpus': [0], 'use_landmark_genes': True, 'no_feature_source': True, 'no_response_source': True, 'save_path': '/dev/shm/Uno/save/8994056.amn-0001/222', 'single': True, 'on_memory_loader': True, 'ckpt_checksum': True, 'ckpt_save_interval': 0, 'timeout': -1, 'train_bool': True, 'profiling': False, 'experiment_id': '8994056.amn-0001', 'run_id': '222', 'logfile': '/dev/shm/Uno/save/8994056.amn-0001/222/python.log', 'shuffle': False, 'ckpt_restart_mode': 'off', 'ckpt_skip_epochs': 0, 'ckpt_directory': '/dev/shm/Uno/save/8994056.amn-0001/222', 'ckpt_save_best': True, 'ckpt_save_best_metric': 'val_loss', 'ckpt_save_weights_only': False, 'ckpt_keep_mode': 'linear', 'ckpt_keep_limit': 5, 'by_cell': None, 'by_drug': None, 'cell_subset_path': '', 'drug_subset_path': '', 'drug_median_response_min': -1, 'drug_median_response_max': 1, 'dense_cell_feature_layers': None, 'dense_drug_feature_layers': None, 'use_filtered_genes': False, 'feature_subset_path': '', 'cell_feature_subset_path': '', 'drug_feature_subset_path': '', 'es': True, 'cp': False, 'tb': False, 'tb_prefix': 'tb', 'partition_by': None, 'cache': None, 'export_csv': None, 'export_data': None, 'use_exported_data': '/dev/shm/Uno/x1922c1s2b0n0.222.merged.landmark.h5', 'growth_bins': 0, 'initial_weights': None, 'save_weights': '/dev/shm/Uno/save/8994056.amn-0001/222/3.0.model.h5', 'config_file': '/home/brettin/CSC249ADOA01_CNDA/brettin/Benchmarks/Pilot1/Uno/uno_auc_model.txt', 'data_type': <class 'numpy.float32'>, 'data_dir': '/dev/shm/Uno/uno/Data', 'output_dir': '/dev/shm/Uno/uno/Output/8994056.amn-0001/222'}
2024-04-29 10:35:24 Feature encoding submodel for cell.rnaseq:
2024-04-29 10:35:24 Model: "cell.rnaseq"
2024-04-29 10:35:24 _________________________________________________________________
2024-04-29 10:35:24  Layer (type)                Output Shape              Param #   
2024-04-29 10:35:24 =================================================================
2024-04-29 10:35:24  input_1 (InputLayer)        [(None, 958)]             0         
2024-04-29 10:35:24                                                                  
2024-04-29 10:35:24  dense (Dense)               (None, 1000)              959000    
2024-04-29 10:35:24                                                                  
2024-04-29 10:35:24  permanent_dropout (Permane  (None, 1000)              0         
2024-04-29 10:35:24  ntDropout)                                                      
2024-04-29 10:35:24                                                                  
2024-04-29 10:35:24  dense_1 (Dense)             (None, 1000)              1001000   
2024-04-29 10:35:24                                                                  
2024-04-29 10:35:24  permanent_dropout_1 (Perma  (None, 1000)              0         
2024-04-29 10:35:24  nentDropout)                                                    
2024-04-29 10:35:24                                                                  
2024-04-29 10:35:24  dense_2 (Dense)             (None, 1000)              1001000   
2024-04-29 10:35:24                                                                  
2024-04-29 10:35:24  permanent_dropout_2 (Perma  (None, 1000)              0         
2024-04-29 10:35:24  nentDropout)                                                    
2024-04-29 10:35:24                                                                  
2024-04-29 10:35:24 =================================================================
2024-04-29 10:35:24 Total params: 2961000 (11.30 MB)
2024-04-29 10:35:24 Trainable params: 2961000 (11.30 MB)
2024-04-29 10:35:24 Non-trainable params: 0 (0.00 Byte)
2024-04-29 10:35:24 _________________________________________________________________
2024-04-29 10:35:24 Feature encoding submodel for drug.descriptors:
2024-04-29 10:35:24 Model: "drug.descriptors"
2024-04-29 10:35:24 _________________________________________________________________
2024-04-29 10:35:24  Layer (type)                Output Shape              Param #   
2024-04-29 10:35:24 =================================================================
2024-04-29 10:35:24  input_2 (InputLayer)        [(None, 1613)]            0         
2024-04-29 10:35:24                                                                  
2024-04-29 10:35:24  dense_3 (Dense)             (None, 1000)              1614000   
2024-04-29 10:35:24                                                                  
2024-04-29 10:35:24  permanent_dropout_3 (Perma  (None, 1000)              0         
2024-04-29 10:35:24  nentDropout)                                                    
2024-04-29 10:35:24                                                                  
2024-04-29 10:35:24  dense_4 (Dense)             (None, 1000)              1001000   
2024-04-29 10:35:24                                                                  
2024-04-29 10:35:24  permanent_dropout_4 (Perma  (None, 1000)              0         
2024-04-29 10:35:24  nentDropout)                                                    
2024-04-29 10:35:24                                                                  
2024-04-29 10:35:24  dense_5 (Dense)             (None, 1000)              1001000   
2024-04-29 10:35:24                                                                  
2024-04-29 10:35:24  permanent_dropout_5 (Perma  (None, 1000)              0         
2024-04-29 10:35:24  nentDropout)                                                    
2024-04-29 10:35:24                                                                  
2024-04-29 10:35:24 =================================================================
2024-04-29 10:35:24 Total params: 3616000 (13.79 MB)
2024-04-29 10:35:24 Trainable params: 3616000 (13.79 MB)
2024-04-29 10:35:24 Non-trainable params: 0 (0.00 Byte)
2024-04-29 10:35:24 _________________________________________________________________
2024-04-29 10:35:24 Combined model:
2024-04-29 10:35:24 Model: "model"
2024-04-29 10:35:24 __________________________________________________________________________________________________
2024-04-29 10:35:24  Layer (type)                Output Shape                 Param #   Connected to                  
2024-04-29 10:35:24 ==================================================================================================
2024-04-29 10:35:24  input.cell.rnaseq (InputLa  [(None, 958)]                0         []                            
2024-04-29 10:35:24  yer)                                                                                             
2024-04-29 10:35:24                                                                                                   
2024-04-29 10:35:24  input.drug1.descriptors (I  [(None, 1613)]               0         []                            
2024-04-29 10:35:24  nputLayer)                                                                                       
2024-04-29 10:35:24                                                                                                   
2024-04-29 10:35:24  cell.rnaseq (Functional)    (None, 1000)                 2961000   ['input.cell.rnaseq[0][0]']   
2024-04-29 10:35:24                                                                                                   
2024-04-29 10:35:24  drug.descriptors (Function  (None, 1000)                 3616000   ['input.drug1.descriptors[0][0
2024-04-29 10:35:24  al)                                                                ]']                           
2024-04-29 10:35:24                                                                                                   
2024-04-29 10:35:24  concatenate (Concatenate)   (None, 2000)                 0         ['cell.rnaseq[0][0]',         
2024-04-29 10:35:24                                                                      'drug.descriptors[0][0]']    
2024-04-29 10:35:24                                                                                                   
2024-04-29 10:35:24  dense_6 (Dense)             (None, 1000)                 2001000   ['concatenate[0][0]']         
2024-04-29 10:35:24                                                                                                   
2024-04-29 10:35:24  permanent_dropout_6 (Perma  (None, 1000)                 0         ['dense_6[0][0]']             
2024-04-29 10:35:24  nentDropout)                                                                                     
2024-04-29 10:35:24                                                                                                   
2024-04-29 10:35:24  dense_7 (Dense)             (None, 1000)                 1001000   ['permanent_dropout_6[0][0]'] 
2024-04-29 10:35:24                                                                                                   
2024-04-29 10:35:24  permanent_dropout_7 (Perma  (None, 1000)                 0         ['dense_7[0][0]']             
2024-04-29 10:35:24  nentDropout)                                                                                     
2024-04-29 10:35:24                                                                                                   
2024-04-29 10:35:24  dense_8 (Dense)             (None, 1000)                 1001000   ['permanent_dropout_7[0][0]'] 
2024-04-29 10:35:24                                                                                                   
2024-04-29 10:35:24  permanent_dropout_8 (Perma  (None, 1000)                 0         ['dense_8[0][0]']             
2024-04-29 10:35:24  nentDropout)                                                                                     
2024-04-29 10:35:24                                                                                                   
2024-04-29 10:35:24  dense_9 (Dense)             (None, 1000)                 1001000   ['permanent_dropout_8[0][0]'] 
2024-04-29 10:35:24                                                                                                   
2024-04-29 10:35:24  permanent_dropout_9 (Perma  (None, 1000)                 0         ['dense_9[0][0]']             
2024-04-29 10:35:24  nentDropout)                                                                                     
2024-04-29 10:35:24                                                                                                   
2024-04-29 10:35:24  dense_10 (Dense)            (None, 1000)                 1001000   ['permanent_dropout_9[0][0]'] 
2024-04-29 10:35:24                                                                                                   
2024-04-29 10:35:24  permanent_dropout_10 (Perm  (None, 1000)                 0         ['dense_10[0][0]']            
2024-04-29 10:35:24  anentDropout)                                                                                    
2024-04-29 10:35:24                                                                                                   
2024-04-29 10:35:24  dense_11 (Dense)            (None, 1)                    1001      ['permanent_dropout_10[0][0]']
2024-04-29 10:35:24                                                                                                   
2024-04-29 10:35:24 ==================================================================================================
2024-04-29 10:35:24 Total params: 12583001 (48.00 MB)
2024-04-29 10:35:24 Trainable params: 12583001 (48.00 MB)
2024-04-29 10:35:24 Non-trainable params: 0 (0.00 Byte)
2024-04-29 10:35:24 __________________________________________________________________________________________________
2024-04-29 10:35:24 CKPT CONSTRUCT...
2024-04-29 10:35:24 CKPT CONSTRUCT OK.
2024-04-29 10:35:24 template model: <keras.src.engine.functional.Functional object at 0x15324199e9d0>
2024-04-29 10:35:26 COMPILE
2024-04-29 10:35:26 Will save weights to: /dev/shm/Uno/save/8994056.amn-0001/222/3.0.model.h5
2024-04-29 10:35:43 Between random pairs in y_val:
2024-04-29 10:35:43   mse: 0.04783574
2024-04-29 10:35:43   mae: 0.16016646
2024-04-29 10:35:43   r2: -0.99995231
2024-04-29 10:35:43   corr: 0.00002384
2024-04-29 10:35:43 Data points per epoch: train = 470167, val = 117542, test = 2711
2024-04-29 10:35:43 Steps per epoch: train = 14692, val = 3673, test = 84
2024-04-29 10:35:43 Epoch 0: lr=0.001
2024-04-29 10:36:54 [Epoch: 0] loss: 0.024032, mae: 0.079357, r2: -0.154925, val_loss: 0.008449, val_mae: 0.065599, val_r2: 0.603460
2024-04-29 10:36:54 Epoch 1: lr=0.00082
2024-04-29 10:38:04 [Epoch: 1] loss: 0.007988, mae: 0.063899, r2: 0.620226, val_loss: 0.007690, val_mae: 0.062777, val_r2: 0.637893
2024-04-29 10:38:04 Epoch 2: lr=0.00064
2024-04-29 10:39:14 [Epoch: 2] loss: 0.007327, mae: 0.060866, r2: 0.650496, val_loss: 0.007278, val_mae: 0.059858, val_r2: 0.656566
2024-04-29 10:39:14 Epoch 3: lr=0.00046
2024-04-29 10:40:24 [Epoch: 3] loss: 0.006867, mae: 0.058769, r2: 0.671803, val_loss: 0.006920, val_mae: 0.058119, val_r2: 0.666547
2024-04-29 10:40:24 Epoch 4: lr=0.00028
2024-04-29 10:41:34 [Epoch: 4] loss: 0.006473, mae: 0.056928, r2: 0.689699, val_loss: 0.006545, val_mae: 0.057086, val_r2: 0.688070
2024-04-29 10:41:34 Epoch 5: lr=0.0001
2024-04-29 10:42:44 [Epoch: 5] loss: 0.006147, mae: 0.055411, r2: 0.704783, val_loss: 0.006406, val_mae: 0.056077, val_r2: 0.692024
2024-04-29 10:42:44 Epoch 6: lr=0.0001
2024-04-29 10:43:54 [Epoch: 6] loss: 0.006024, mae: 0.054885, r2: 0.710431, val_loss: 0.006386, val_mae: 0.055781, val_r2: 0.694485
2024-04-29 10:43:54 Epoch 7: lr=0.0001
2024-04-29 10:45:03 [Epoch: 7] loss: 0.005960, mae: 0.054597, r2: 0.713677, val_loss: 0.006328, val_mae: 0.056178, val_r2: 0.696027
2024-04-29 10:45:04 Epoch 8: lr=0.0001
2024-04-29 10:46:14 [Epoch: 8] loss: 0.005881, mae: 0.054239, r2: 0.717238, val_loss: 0.006279, val_mae: 0.055751, val_r2: 0.699610
2024-04-29 10:46:14 Epoch 9: lr=0.0001
2024-04-29 10:47:23 [Epoch: 9] loss: 0.005826, mae: 0.053983, r2: 0.719818, val_loss: 0.006266, val_mae: 0.055533, val_r2: 0.698403
2024-04-29 10:47:23 Epoch 10: lr=0.0001
2024-04-29 10:48:33 [Epoch: 10] loss: 0.005751, mae: 0.053667, r2: 0.723043, val_loss: 0.006213, val_mae: 0.055296, val_r2: 0.702166
2024-04-29 10:48:33 Epoch 11: lr=0.0001
2024-04-29 10:49:43 [Epoch: 11] loss: 0.005698, mae: 0.053435, r2: 0.725619, val_loss: 0.006197, val_mae: 0.055034, val_r2: 0.703070
2024-04-29 10:49:44 Epoch 12: lr=0.0001
2024-04-29 10:50:53 [Epoch: 12] loss: 0.005640, mae: 0.053161, r2: 0.728242, val_loss: 0.006188, val_mae: 0.054867, val_r2: 0.704518
2024-04-29 10:50:53 Epoch 13: lr=0.0001
2024-04-29 10:52:03 [Epoch: 13] loss: 0.005584, mae: 0.052884, r2: 0.731047, val_loss: 0.006156, val_mae: 0.054954, val_r2: 0.703857
2024-04-29 10:52:03 Epoch 14: lr=0.0001
2024-04-29 10:53:13 [Epoch: 14] loss: 0.005524, mae: 0.052641, r2: 0.733715, val_loss: 0.006163, val_mae: 0.054927, val_r2: 0.704714
2024-04-29 10:53:13 Epoch 15: lr=0.0001
2024-04-29 10:54:23 [Epoch: 15] loss: 0.005467, mae: 0.052348, r2: 0.736392, val_loss: 0.006121, val_mae: 0.054828, val_r2: 0.707118
2024-04-29 10:54:23 Epoch 16: lr=0.0001
2024-04-29 10:55:33 [Epoch: 16] loss: 0.005423, mae: 0.052175, r2: 0.738404, val_loss: 0.006099, val_mae: 0.054899, val_r2: 0.707738
2024-04-29 10:55:33 Epoch 17: lr=0.0001
2024-04-29 10:56:43 [Epoch: 17] loss: 0.005379, mae: 0.051934, r2: 0.740762, val_loss: 0.006120, val_mae: 0.054816, val_r2: 0.705780
2024-04-29 10:56:43 Epoch 18: lr=0.0001
2024-04-29 10:57:53 [Epoch: 18] loss: 0.005326, mae: 0.051688, r2: 0.742928, val_loss: 0.006105, val_mae: 0.055141, val_r2: 0.706209
2024-04-29 10:57:53 Epoch 19: lr=5e-05
2024-04-29 10:59:03 [Epoch: 19] loss: 0.005212, mae: 0.051192, r2: 0.748328, val_loss: 0.006071, val_mae: 0.054420, val_r2: 0.707239
2024-04-29 10:59:03 Epoch 20: lr=5e-05
2024-04-29 11:00:13 [Epoch: 20] loss: 0.005172, mae: 0.050960, r2: 0.750126, val_loss: 0.006056, val_mae: 0.054598, val_r2: 0.708723
2024-04-29 11:00:13 Epoch 21: lr=5e-05
2024-04-29 11:01:23 [Epoch: 21] loss: 0.005129, mae: 0.050788, r2: 0.752107, val_loss: 0.006097, val_mae: 0.054217, val_r2: 0.706969
2024-04-29 11:01:23 Epoch 22: lr=5e-05
2024-04-29 11:02:33 [Epoch: 22] loss: 0.005094, mae: 0.050632, r2: 0.753647, val_loss: 0.006050, val_mae: 0.054226, val_r2: 0.710423
2024-04-29 11:02:33 Epoch 23: lr=5e-05
2024-04-29 11:03:43 [Epoch: 23] loss: 0.005075, mae: 0.050523, r2: 0.754769, val_loss: 0.006038, val_mae: 0.054112, val_r2: 0.709937
2024-04-29 11:03:43 Epoch 24: lr=5e-05
2024-04-29 11:04:53 [Epoch: 24] loss: 0.005056, mae: 0.050433, r2: 0.755749, val_loss: 0.006044, val_mae: 0.054148, val_r2: 0.709550
2024-04-29 11:04:53 Epoch 25: lr=5e-05
2024-04-29 11:06:03 [Epoch: 25] loss: 0.005026, mae: 0.050285, r2: 0.756741, val_loss: 0.006067, val_mae: 0.054049, val_r2: 0.708818
2024-04-29 11:06:03 Epoch 26: lr=5e-05
2024-04-29 11:07:13 [Epoch: 26] loss: 0.004988, mae: 0.050124, r2: 0.758720, val_loss: 0.006040, val_mae: 0.054337, val_r2: 0.710054
2024-04-29 11:07:13 Epoch 27: lr=5e-05
2024-04-29 11:08:23 [Epoch: 27] loss: 0.004992, mae: 0.050099, r2: 0.758633, val_loss: 0.006041, val_mae: 0.054333, val_r2: 0.710301
2024-04-29 11:08:23 Epoch 28: lr=2.5e-05
2024-04-29 11:09:33 [Epoch: 28] loss: 0.004921, mae: 0.049785, r2: 0.761993, val_loss: 0.006042, val_mae: 0.054123, val_r2: 0.709819
2024-04-29 11:09:33 Epoch 29: lr=2.5e-05
2024-04-29 11:10:43 [Epoch: 29] loss: 0.004906, mae: 0.049692, r2: 0.762673, val_loss: 0.006028, val_mae: 0.054297, val_r2: 0.709946
2024-04-29 11:10:44 history_length: 30
2024-04-29 11:10:44 stopping: complete
2024-04-29 11:10:44 Comparing y_true and y_pred:
2024-04-29 11:10:44   mse: 0.01697935
2024-04-29 11:10:44   mae: 0.09960379
2024-04-29 11:10:44   r2: 0.55406531
2024-04-29 11:10:44   corr: 0.74471118
