2024-05-22 19:47:05 UNO RUN ...
2024-05-22 19:47:05 Params: {'model_name': 'uno', 'train_sources': ['CCLE'], 'test_sources': ['train'], 'cell_types': None, 'cell_features': ['rnaseq'], 'drug_features': ['descriptors'], 'dense': [1000, 1000, 1000, 1000, 1000], 'dense_feature_layers': [1000, 1000, 1000], 'activation': 'relu', 'loss': 'mse', 'optimizer': 'adamax', 'scaling': 'std', 'dropout': 0.1, 'epochs': 50, 'batch_size': 32, 'val_split': 0.2, 'cv': 1, 'max_val_loss': 1.0, 'learning_rate': 0.0001, 'base_lr': None, 'agg_dose': 'AUC', 'residual': False, 'reduce_lr': True, 'warmup_lr': True, 'batch_normalization': False, 'feature_subsample': 0, 'rng_seed': 2018, 'no_gen': False, 'verbose': False, 'preprocess_rnaseq': 'source_scale', 'gpus': [0], 'use_landmark_genes': True, 'no_feature_source': True, 'no_response_source': True, 'save_path': '/dev/shm/Uno/save/9000896.amn-0001/10', 'single': True, 'on_memory_loader': True, 'ckpt_checksum': True, 'ckpt_save_interval': 0, 'timeout': -1, 'train_bool': True, 'profiling': False, 'experiment_id': '9000896.amn-0001', 'run_id': '10', 'logfile': '/dev/shm/Uno/save/9000896.amn-0001/10/python.log', 'shuffle': False, 'ckpt_restart_mode': 'off', 'ckpt_skip_epochs': 0, 'ckpt_directory': '/dev/shm/Uno/save/9000896.amn-0001/10', 'ckpt_save_best': True, 'ckpt_save_best_metric': 'val_loss', 'ckpt_save_weights_only': False, 'ckpt_keep_mode': 'linear', 'ckpt_keep_limit': 5, 'by_cell': None, 'by_drug': None, 'cell_subset_path': '', 'drug_subset_path': '', 'drug_median_response_min': -1, 'drug_median_response_max': 1, 'dense_cell_feature_layers': None, 'dense_drug_feature_layers': None, 'use_filtered_genes': False, 'feature_subset_path': '', 'cell_feature_subset_path': '', 'drug_feature_subset_path': '', 'es': True, 'cp': False, 'tb': False, 'tb_prefix': 'tb', 'partition_by': None, 'cache': None, 'export_csv': None, 'export_data': None, 'use_exported_data': '/dev/shm/Uno/x1922c5s2b0n0.10.merged.landmark.h5', 'growth_bins': 0, 'initial_weights': None, 'save_weights': '/dev/shm/Uno/save/9000896.amn-0001/10/5.0.model.h5', 'config_file': '/home/brettin/CSC249ADOA01_CNDA/brettin/Benchmarks/Pilot1/Uno/uno_auc_model.txt', 'data_type': <class 'numpy.float32'>, 'data_dir': '/dev/shm/Uno/uno/Data', 'output_dir': '/dev/shm/Uno/uno/Output/9000896.amn-0001/10'}
2024-05-22 19:47:05 Feature encoding submodel for cell.rnaseq:
2024-05-22 19:47:05 Model: "cell.rnaseq"
2024-05-22 19:47:05 _________________________________________________________________
2024-05-22 19:47:05  Layer (type)                Output Shape              Param #   
2024-05-22 19:47:05 =================================================================
2024-05-22 19:47:05  input_1 (InputLayer)        [(None, 958)]             0         
2024-05-22 19:47:05                                                                  
2024-05-22 19:47:05  dense (Dense)               (None, 1000)              959000    
2024-05-22 19:47:05                                                                  
2024-05-22 19:47:05  permanent_dropout (Permane  (None, 1000)              0         
2024-05-22 19:47:05  ntDropout)                                                      
2024-05-22 19:47:05                                                                  
2024-05-22 19:47:05  dense_1 (Dense)             (None, 1000)              1001000   
2024-05-22 19:47:05                                                                  
2024-05-22 19:47:05  permanent_dropout_1 (Perma  (None, 1000)              0         
2024-05-22 19:47:05  nentDropout)                                                    
2024-05-22 19:47:05                                                                  
2024-05-22 19:47:05  dense_2 (Dense)             (None, 1000)              1001000   
2024-05-22 19:47:05                                                                  
2024-05-22 19:47:05  permanent_dropout_2 (Perma  (None, 1000)              0         
2024-05-22 19:47:05  nentDropout)                                                    
2024-05-22 19:47:05                                                                  
2024-05-22 19:47:05 =================================================================
2024-05-22 19:47:05 Total params: 2961000 (11.30 MB)
2024-05-22 19:47:05 Trainable params: 2961000 (11.30 MB)
2024-05-22 19:47:05 Non-trainable params: 0 (0.00 Byte)
2024-05-22 19:47:05 _________________________________________________________________
2024-05-22 19:47:05 Feature encoding submodel for drug.descriptors:
2024-05-22 19:47:05 Model: "drug.descriptors"
2024-05-22 19:47:05 _________________________________________________________________
2024-05-22 19:47:05  Layer (type)                Output Shape              Param #   
2024-05-22 19:47:05 =================================================================
2024-05-22 19:47:05  input_2 (InputLayer)        [(None, 1613)]            0         
2024-05-22 19:47:05                                                                  
2024-05-22 19:47:05  dense_3 (Dense)             (None, 1000)              1614000   
2024-05-22 19:47:05                                                                  
2024-05-22 19:47:05  permanent_dropout_3 (Perma  (None, 1000)              0         
2024-05-22 19:47:05  nentDropout)                                                    
2024-05-22 19:47:05                                                                  
2024-05-22 19:47:05  dense_4 (Dense)             (None, 1000)              1001000   
2024-05-22 19:47:05                                                                  
2024-05-22 19:47:05  permanent_dropout_4 (Perma  (None, 1000)              0         
2024-05-22 19:47:05  nentDropout)                                                    
2024-05-22 19:47:05                                                                  
2024-05-22 19:47:05  dense_5 (Dense)             (None, 1000)              1001000   
2024-05-22 19:47:05                                                                  
2024-05-22 19:47:05  permanent_dropout_5 (Perma  (None, 1000)              0         
2024-05-22 19:47:05  nentDropout)                                                    
2024-05-22 19:47:05                                                                  
2024-05-22 19:47:05 =================================================================
2024-05-22 19:47:05 Total params: 3616000 (13.79 MB)
2024-05-22 19:47:05 Trainable params: 3616000 (13.79 MB)
2024-05-22 19:47:05 Non-trainable params: 0 (0.00 Byte)
2024-05-22 19:47:05 _________________________________________________________________
2024-05-22 19:47:05 Combined model:
2024-05-22 19:47:05 Model: "model"
2024-05-22 19:47:05 __________________________________________________________________________________________________
2024-05-22 19:47:05  Layer (type)                Output Shape                 Param #   Connected to                  
2024-05-22 19:47:05 ==================================================================================================
2024-05-22 19:47:05  input.cell.rnaseq (InputLa  [(None, 958)]                0         []                            
2024-05-22 19:47:05  yer)                                                                                             
2024-05-22 19:47:05                                                                                                   
2024-05-22 19:47:05  input.drug1.descriptors (I  [(None, 1613)]               0         []                            
2024-05-22 19:47:05  nputLayer)                                                                                       
2024-05-22 19:47:05                                                                                                   
2024-05-22 19:47:05  cell.rnaseq (Functional)    (None, 1000)                 2961000   ['input.cell.rnaseq[0][0]']   
2024-05-22 19:47:05                                                                                                   
2024-05-22 19:47:05  drug.descriptors (Function  (None, 1000)                 3616000   ['input.drug1.descriptors[0][0
2024-05-22 19:47:05  al)                                                                ]']                           
2024-05-22 19:47:05                                                                                                   
2024-05-22 19:47:05  concatenate (Concatenate)   (None, 2000)                 0         ['cell.rnaseq[0][0]',         
2024-05-22 19:47:05                                                                      'drug.descriptors[0][0]']    
2024-05-22 19:47:05                                                                                                   
2024-05-22 19:47:05  dense_6 (Dense)             (None, 1000)                 2001000   ['concatenate[0][0]']         
2024-05-22 19:47:05                                                                                                   
2024-05-22 19:47:05  permanent_dropout_6 (Perma  (None, 1000)                 0         ['dense_6[0][0]']             
2024-05-22 19:47:05  nentDropout)                                                                                     
2024-05-22 19:47:05                                                                                                   
2024-05-22 19:47:05  dense_7 (Dense)             (None, 1000)                 1001000   ['permanent_dropout_6[0][0]'] 
2024-05-22 19:47:05                                                                                                   
2024-05-22 19:47:05  permanent_dropout_7 (Perma  (None, 1000)                 0         ['dense_7[0][0]']             
2024-05-22 19:47:05  nentDropout)                                                                                     
2024-05-22 19:47:05                                                                                                   
2024-05-22 19:47:05  dense_8 (Dense)             (None, 1000)                 1001000   ['permanent_dropout_7[0][0]'] 
2024-05-22 19:47:05                                                                                                   
2024-05-22 19:47:05  permanent_dropout_8 (Perma  (None, 1000)                 0         ['dense_8[0][0]']             
2024-05-22 19:47:05  nentDropout)                                                                                     
2024-05-22 19:47:05                                                                                                   
2024-05-22 19:47:05  dense_9 (Dense)             (None, 1000)                 1001000   ['permanent_dropout_8[0][0]'] 
2024-05-22 19:47:05                                                                                                   
2024-05-22 19:47:05  permanent_dropout_9 (Perma  (None, 1000)                 0         ['dense_9[0][0]']             
2024-05-22 19:47:05  nentDropout)                                                                                     
2024-05-22 19:47:05                                                                                                   
2024-05-22 19:47:05  dense_10 (Dense)            (None, 1000)                 1001000   ['permanent_dropout_9[0][0]'] 
2024-05-22 19:47:05                                                                                                   
2024-05-22 19:47:05  permanent_dropout_10 (Perm  (None, 1000)                 0         ['dense_10[0][0]']            
2024-05-22 19:47:05  anentDropout)                                                                                    
2024-05-22 19:47:05                                                                                                   
2024-05-22 19:47:05  dense_11 (Dense)            (None, 1)                    1001      ['permanent_dropout_10[0][0]']
2024-05-22 19:47:05                                                                                                   
2024-05-22 19:47:05 ==================================================================================================
2024-05-22 19:47:05 Total params: 12583001 (48.00 MB)
2024-05-22 19:47:05 Trainable params: 12583001 (48.00 MB)
2024-05-22 19:47:05 Non-trainable params: 0 (0.00 Byte)
2024-05-22 19:47:05 __________________________________________________________________________________________________
2024-05-22 19:47:05 CKPT CONSTRUCT...
2024-05-22 19:47:05 CKPT CONSTRUCT OK.
2024-05-22 19:47:05 template model: <keras.src.engine.functional.Functional object at 0x14dff33f4b50>
2024-05-22 19:47:07 COMPILE
2024-05-22 19:47:07 Will save weights to: /dev/shm/Uno/save/9000896.amn-0001/10/5.0.model.h5
2024-05-22 19:47:24 Between random pairs in y_val:
2024-05-22 19:47:24   mse: 0.04752440
2024-05-22 19:47:24   mae: 0.15968652
2024-05-22 19:47:24   r2: -1.00486901
2024-05-22 19:47:24   corr: -0.00243450
2024-05-22 19:47:24 Data points per epoch: train = 469731, val = 117433, test = 545
2024-05-22 19:47:24 Steps per epoch: train = 14679, val = 3669, test = 17
2024-05-22 19:47:24 Epoch 0: lr=0.001
2024-05-22 19:48:38 [Epoch: 0] loss: 0.023358, mae: 0.079138, r2: -0.020681, val_loss: 0.008576, val_mae: 0.067780, val_r2: 0.596050
2024-05-22 19:48:38 Epoch 1: lr=0.00082
2024-05-22 19:49:51 [Epoch: 1] loss: 0.007963, mae: 0.063830, r2: 0.622175, val_loss: 0.007643, val_mae: 0.061248, val_r2: 0.637646
2024-05-22 19:49:51 Epoch 2: lr=0.00064
2024-05-22 19:51:04 [Epoch: 2] loss: 0.007291, mae: 0.060711, r2: 0.652569, val_loss: 0.007278, val_mae: 0.059822, val_r2: 0.656046
2024-05-22 19:51:04 Epoch 3: lr=0.00046
2024-05-22 19:52:17 [Epoch: 3] loss: 0.006815, mae: 0.058617, r2: 0.674354, val_loss: 0.006901, val_mae: 0.059291, val_r2: 0.667121
2024-05-22 19:52:17 Epoch 4: lr=0.00028
2024-05-22 19:53:30 [Epoch: 4] loss: 0.006439, mae: 0.056840, r2: 0.691804, val_loss: 0.006663, val_mae: 0.056985, val_r2: 0.682140
2024-05-22 19:53:30 Epoch 5: lr=0.0001
2024-05-22 19:54:43 [Epoch: 5] loss: 0.006101, mae: 0.055261, r2: 0.707623, val_loss: 0.006453, val_mae: 0.056220, val_r2: 0.689717
2024-05-22 19:54:43 Epoch 6: lr=0.0001
2024-05-22 19:55:56 [Epoch: 6] loss: 0.005994, mae: 0.054806, r2: 0.712271, val_loss: 0.006384, val_mae: 0.056117, val_r2: 0.693124
2024-05-22 19:55:56 Epoch 7: lr=0.0001
2024-05-22 19:57:09 [Epoch: 7] loss: 0.005922, mae: 0.054449, r2: 0.715736, val_loss: 0.006343, val_mae: 0.055793, val_r2: 0.694589
2024-05-22 19:57:09 Epoch 8: lr=0.0001
2024-05-22 19:58:21 [Epoch: 8] loss: 0.005841, mae: 0.054073, r2: 0.719324, val_loss: 0.006372, val_mae: 0.057309, val_r2: 0.692754
2024-05-22 19:58:21 Epoch 9: lr=0.0001
2024-05-22 19:59:34 [Epoch: 9] loss: 0.005790, mae: 0.053832, r2: 0.721853, val_loss: 0.006291, val_mae: 0.056181, val_r2: 0.696923
2024-05-22 19:59:34 Epoch 10: lr=0.0001
2024-05-22 20:00:47 [Epoch: 10] loss: 0.005718, mae: 0.053507, r2: 0.725246, val_loss: 0.006236, val_mae: 0.055616, val_r2: 0.700550
2024-05-22 20:00:47 Epoch 11: lr=0.0001
2024-05-22 20:01:59 [Epoch: 11] loss: 0.005668, mae: 0.053294, r2: 0.727535, val_loss: 0.006223, val_mae: 0.055422, val_r2: 0.701753
2024-05-22 20:01:59 Epoch 12: lr=0.0001
2024-05-22 20:03:12 [Epoch: 12] loss: 0.005604, mae: 0.053027, r2: 0.730578, val_loss: 0.006249, val_mae: 0.056410, val_r2: 0.699552
2024-05-22 20:03:12 Epoch 13: lr=0.0001
2024-05-22 20:04:25 [Epoch: 13] loss: 0.005554, mae: 0.052774, r2: 0.732786, val_loss: 0.006185, val_mae: 0.055055, val_r2: 0.704061
2024-05-22 20:04:25 Epoch 14: lr=0.0001
2024-05-22 20:05:37 [Epoch: 14] loss: 0.005491, mae: 0.052516, r2: 0.735934, val_loss: 0.006157, val_mae: 0.055201, val_r2: 0.705119
2024-05-22 20:05:37 Epoch 15: lr=0.0001
2024-05-22 20:06:51 [Epoch: 15] loss: 0.005451, mae: 0.052291, r2: 0.737830, val_loss: 0.006171, val_mae: 0.055041, val_r2: 0.703714
2024-05-22 20:06:51 Epoch 16: lr=5e-05
2024-05-22 20:08:03 [Epoch: 16] loss: 0.005334, mae: 0.051727, r2: 0.743230, val_loss: 0.006124, val_mae: 0.054812, val_r2: 0.706301
2024-05-22 20:08:03 Epoch 17: lr=5e-05
2024-05-22 20:09:16 [Epoch: 17] loss: 0.005288, mae: 0.051521, r2: 0.744979, val_loss: 0.006142, val_mae: 0.055061, val_r2: 0.704664
2024-05-22 20:09:16 Epoch 18: lr=5e-05
2024-05-22 20:10:29 [Epoch: 18] loss: 0.005264, mae: 0.051382, r2: 0.746288, val_loss: 0.006123, val_mae: 0.054629, val_r2: 0.705917
2024-05-22 20:10:29 Epoch 19: lr=5e-05
2024-05-22 20:11:42 [Epoch: 19] loss: 0.005224, mae: 0.051222, r2: 0.748079, val_loss: 0.006105, val_mae: 0.054502, val_r2: 0.705574
2024-05-22 20:11:42 Epoch 20: lr=5e-05
2024-05-22 20:12:54 [Epoch: 20] loss: 0.005199, mae: 0.051104, r2: 0.749300, val_loss: 0.006117, val_mae: 0.055079, val_r2: 0.705380
2024-05-22 20:12:54 Epoch 21: lr=5e-05
2024-05-22 20:14:07 [Epoch: 21] loss: 0.005174, mae: 0.050987, r2: 0.750589, val_loss: 0.006114, val_mae: 0.054535, val_r2: 0.706058
2024-05-22 20:14:07 Epoch 22: lr=2.5e-05
2024-05-22 20:15:20 [Epoch: 22] loss: 0.005105, mae: 0.050655, r2: 0.753697, val_loss: 0.006069, val_mae: 0.054583, val_r2: 0.707754
2024-05-22 20:15:20 Epoch 23: lr=2.5e-05
2024-05-22 20:16:33 [Epoch: 23] loss: 0.005090, mae: 0.050598, r2: 0.754460, val_loss: 0.006090, val_mae: 0.054840, val_r2: 0.707101
2024-05-22 20:16:33 Epoch 24: lr=2.5e-05
2024-05-22 20:17:47 [Epoch: 24] loss: 0.005066, mae: 0.050486, r2: 0.755437, val_loss: 0.006120, val_mae: 0.054773, val_r2: 0.705713
2024-05-22 20:17:47 Epoch 25: lr=2.5e-05
2024-05-22 20:18:59 [Epoch: 25] loss: 0.005048, mae: 0.050412, r2: 0.756338, val_loss: 0.006087, val_mae: 0.054849, val_r2: 0.707260
2024-05-22 20:18:59 Epoch 26: lr=2.5e-05
2024-05-22 20:20:12 [Epoch: 26] loss: 0.005038, mae: 0.050373, r2: 0.756659, val_loss: 0.006110, val_mae: 0.054808, val_r2: 0.705736
2024-05-22 20:20:12 Epoch 27: lr=1.25e-05
2024-05-22 20:21:26 [Epoch: 27] loss: 0.005009, mae: 0.050165, r2: 0.758207, val_loss: 0.006072, val_mae: 0.054444, val_r2: 0.707830
2024-05-22 20:21:26 Epoch 28: lr=1.25e-05
2024-05-22 20:22:38 [Epoch: 28] loss: 0.005009, mae: 0.050185, r2: 0.758265, val_loss: 0.006076, val_mae: 0.054461, val_r2: 0.707865
2024-05-22 20:22:38 Epoch 29: lr=1.25e-05
2024-05-22 20:23:51 [Epoch: 29] loss: 0.004982, mae: 0.050081, r2: 0.759840, val_loss: 0.006077, val_mae: 0.054357, val_r2: 0.707399
2024-05-22 20:23:51 Epoch 30: lr=1.25e-05
2024-05-22 20:25:04 [Epoch: 30] loss: 0.004981, mae: 0.050070, r2: 0.759406, val_loss: 0.006080, val_mae: 0.054578, val_r2: 0.707407
2024-05-22 20:25:04 Epoch 31: lr=1.25e-05
2024-05-22 20:26:17 [Epoch: 31] loss: 0.004985, mae: 0.050109, r2: 0.759171, val_loss: 0.006059, val_mae: 0.054421, val_r2: 0.708897
2024-05-22 20:26:17 Epoch 32: lr=1e-05
2024-05-22 20:27:30 [Epoch: 32] loss: 0.004966, mae: 0.050019, r2: 0.760026, val_loss: 0.006067, val_mae: 0.054547, val_r2: 0.708268
2024-05-22 20:27:30 Epoch 33: lr=1e-05
2024-05-22 20:28:43 [Epoch: 33] loss: 0.004961, mae: 0.049980, r2: 0.760142, val_loss: 0.006073, val_mae: 0.054308, val_r2: 0.707956
2024-05-22 20:28:43 Epoch 34: lr=1e-05
2024-05-22 20:29:56 [Epoch: 34] loss: 0.004955, mae: 0.049955, r2: 0.760845, val_loss: 0.006089, val_mae: 0.054543, val_r2: 0.706446
2024-05-22 20:29:56 Epoch 35: lr=1e-05
2024-05-22 20:31:09 [Epoch: 35] loss: 0.004946, mae: 0.049895, r2: 0.760766, val_loss: 0.006095, val_mae: 0.054658, val_r2: 0.706121
2024-05-22 20:31:09 Epoch 36: lr=1e-05
2024-05-22 20:32:22 [Epoch: 36] loss: 0.004931, mae: 0.049846, r2: 0.761683, val_loss: 0.006082, val_mae: 0.054396, val_r2: 0.707478
2024-05-22 20:32:22 Epoch 37: lr=1e-05
2024-05-22 20:33:35 [Epoch: 37] loss: 0.004937, mae: 0.049874, r2: 0.761671, val_loss: 0.006079, val_mae: 0.054462, val_r2: 0.707312
2024-05-22 20:33:35 Epoch 38: lr=1e-05
2024-05-22 20:34:47 [Epoch: 38] loss: 0.004928, mae: 0.049836, r2: 0.762012, val_loss: 0.006083, val_mae: 0.054497, val_r2: 0.707009
2024-05-22 20:34:48 Epoch 39: lr=1e-05
2024-05-22 20:36:00 [Epoch: 39] loss: 0.004925, mae: 0.049799, r2: 0.762049, val_loss: 0.006066, val_mae: 0.054307, val_r2: 0.708190
2024-05-22 20:36:01 Epoch 40: lr=1e-05
2024-05-22 20:37:13 [Epoch: 40] loss: 0.004912, mae: 0.049744, r2: 0.762688, val_loss: 0.006092, val_mae: 0.054421, val_r2: 0.707310
2024-05-22 20:37:13 Epoch 41: lr=1e-05
2024-05-22 20:38:26 [Epoch: 41] loss: 0.004907, mae: 0.049712, r2: 0.762731, val_loss: 0.006075, val_mae: 0.054399, val_r2: 0.707379
2024-05-22 20:38:26 history_length: 42
2024-05-22 20:38:26 stopping: early
2024-05-22 20:38:26 Comparing y_true and y_pred:
2024-05-22 20:38:26   mse: 0.00130390
2024-05-22 20:38:26   mae: 0.02372712
2024-05-22 20:38:26   r2: -0.14961931
2024-05-22 20:38:26   corr: 0.05132121
