2024-04-29 10:35:23 UNO RUN ...
2024-04-29 10:35:23 Params: {'model_name': 'uno', 'train_sources': ['CCLE'], 'test_sources': ['train'], 'cell_types': None, 'cell_features': ['rnaseq'], 'drug_features': ['descriptors'], 'dense': [1000, 1000, 1000, 1000, 1000], 'dense_feature_layers': [1000, 1000, 1000], 'activation': 'relu', 'loss': 'mse', 'optimizer': 'adamax', 'scaling': 'std', 'dropout': 0.1, 'epochs': 30, 'batch_size': 32, 'val_split': 0.2, 'cv': 1, 'max_val_loss': 1.0, 'learning_rate': 0.0001, 'base_lr': None, 'agg_dose': 'AUC', 'residual': False, 'reduce_lr': True, 'warmup_lr': True, 'batch_normalization': False, 'feature_subsample': 0, 'rng_seed': 2018, 'no_gen': False, 'verbose': False, 'preprocess_rnaseq': 'source_scale', 'gpus': [0], 'use_landmark_genes': True, 'no_feature_source': True, 'no_response_source': True, 'save_path': '/dev/shm/Uno/save/8994056.amn-0001/49', 'single': True, 'on_memory_loader': True, 'ckpt_checksum': True, 'ckpt_save_interval': 0, 'timeout': -1, 'train_bool': True, 'profiling': False, 'experiment_id': '8994056.amn-0001', 'run_id': '49', 'logfile': '/dev/shm/Uno/save/8994056.amn-0001/49/python.log', 'shuffle': False, 'ckpt_restart_mode': 'off', 'ckpt_skip_epochs': 0, 'ckpt_directory': '/dev/shm/Uno/save/8994056.amn-0001/49', 'ckpt_save_best': True, 'ckpt_save_best_metric': 'val_loss', 'ckpt_save_weights_only': False, 'ckpt_keep_mode': 'linear', 'ckpt_keep_limit': 5, 'by_cell': None, 'by_drug': None, 'cell_subset_path': '', 'drug_subset_path': '', 'drug_median_response_min': -1, 'drug_median_response_max': 1, 'dense_cell_feature_layers': None, 'dense_drug_feature_layers': None, 'use_filtered_genes': False, 'feature_subset_path': '', 'cell_feature_subset_path': '', 'drug_feature_subset_path': '', 'es': True, 'cp': False, 'tb': False, 'tb_prefix': 'tb', 'partition_by': None, 'cache': None, 'export_csv': None, 'export_data': None, 'use_exported_data': '/dev/shm/Uno/x1921c7s1b0n0.49.merged.landmark.h5', 'growth_bins': 0, 'initial_weights': None, 'save_weights': '/dev/shm/Uno/save/8994056.amn-0001/49/0.1.model.h5', 'config_file': '/home/brettin/CSC249ADOA01_CNDA/brettin/Benchmarks/Pilot1/Uno/uno_auc_model.txt', 'data_type': <class 'numpy.float32'>, 'data_dir': '/dev/shm/Uno/uno/Data', 'output_dir': '/dev/shm/Uno/uno/Output/8994056.amn-0001/49'}
2024-04-29 10:35:24 Feature encoding submodel for cell.rnaseq:
2024-04-29 10:35:24 Model: "cell.rnaseq"
2024-04-29 10:35:24 _________________________________________________________________
2024-04-29 10:35:24  Layer (type)                Output Shape              Param #   
2024-04-29 10:35:24 =================================================================
2024-04-29 10:35:24  input_1 (InputLayer)        [(None, 958)]             0         
2024-04-29 10:35:24                                                                  
2024-04-29 10:35:24  dense (Dense)               (None, 1000)              959000    
2024-04-29 10:35:24                                                                  
2024-04-29 10:35:24  permanent_dropout (Permane  (None, 1000)              0         
2024-04-29 10:35:24  ntDropout)                                                      
2024-04-29 10:35:24                                                                  
2024-04-29 10:35:24  dense_1 (Dense)             (None, 1000)              1001000   
2024-04-29 10:35:24                                                                  
2024-04-29 10:35:24  permanent_dropout_1 (Perma  (None, 1000)              0         
2024-04-29 10:35:24  nentDropout)                                                    
2024-04-29 10:35:24                                                                  
2024-04-29 10:35:24  dense_2 (Dense)             (None, 1000)              1001000   
2024-04-29 10:35:24                                                                  
2024-04-29 10:35:24  permanent_dropout_2 (Perma  (None, 1000)              0         
2024-04-29 10:35:24  nentDropout)                                                    
2024-04-29 10:35:24                                                                  
2024-04-29 10:35:24 =================================================================
2024-04-29 10:35:24 Total params: 2961000 (11.30 MB)
2024-04-29 10:35:24 Trainable params: 2961000 (11.30 MB)
2024-04-29 10:35:24 Non-trainable params: 0 (0.00 Byte)
2024-04-29 10:35:24 _________________________________________________________________
2024-04-29 10:35:24 Feature encoding submodel for drug.descriptors:
2024-04-29 10:35:24 Model: "drug.descriptors"
2024-04-29 10:35:24 _________________________________________________________________
2024-04-29 10:35:24  Layer (type)                Output Shape              Param #   
2024-04-29 10:35:24 =================================================================
2024-04-29 10:35:24  input_2 (InputLayer)        [(None, 1613)]            0         
2024-04-29 10:35:24                                                                  
2024-04-29 10:35:24  dense_3 (Dense)             (None, 1000)              1614000   
2024-04-29 10:35:24                                                                  
2024-04-29 10:35:24  permanent_dropout_3 (Perma  (None, 1000)              0         
2024-04-29 10:35:24  nentDropout)                                                    
2024-04-29 10:35:24                                                                  
2024-04-29 10:35:24  dense_4 (Dense)             (None, 1000)              1001000   
2024-04-29 10:35:24                                                                  
2024-04-29 10:35:24  permanent_dropout_4 (Perma  (None, 1000)              0         
2024-04-29 10:35:24  nentDropout)                                                    
2024-04-29 10:35:24                                                                  
2024-04-29 10:35:24  dense_5 (Dense)             (None, 1000)              1001000   
2024-04-29 10:35:24                                                                  
2024-04-29 10:35:24  permanent_dropout_5 (Perma  (None, 1000)              0         
2024-04-29 10:35:24  nentDropout)                                                    
2024-04-29 10:35:24                                                                  
2024-04-29 10:35:24 =================================================================
2024-04-29 10:35:24 Total params: 3616000 (13.79 MB)
2024-04-29 10:35:24 Trainable params: 3616000 (13.79 MB)
2024-04-29 10:35:24 Non-trainable params: 0 (0.00 Byte)
2024-04-29 10:35:24 _________________________________________________________________
2024-04-29 10:35:24 Combined model:
2024-04-29 10:35:24 Model: "model"
2024-04-29 10:35:24 __________________________________________________________________________________________________
2024-04-29 10:35:24  Layer (type)                Output Shape                 Param #   Connected to                  
2024-04-29 10:35:24 ==================================================================================================
2024-04-29 10:35:24  input.cell.rnaseq (InputLa  [(None, 958)]                0         []                            
2024-04-29 10:35:24  yer)                                                                                             
2024-04-29 10:35:24                                                                                                   
2024-04-29 10:35:24  input.drug1.descriptors (I  [(None, 1613)]               0         []                            
2024-04-29 10:35:24  nputLayer)                                                                                       
2024-04-29 10:35:24                                                                                                   
2024-04-29 10:35:24  cell.rnaseq (Functional)    (None, 1000)                 2961000   ['input.cell.rnaseq[0][0]']   
2024-04-29 10:35:24                                                                                                   
2024-04-29 10:35:24  drug.descriptors (Function  (None, 1000)                 3616000   ['input.drug1.descriptors[0][0
2024-04-29 10:35:24  al)                                                                ]']                           
2024-04-29 10:35:24                                                                                                   
2024-04-29 10:35:24  concatenate (Concatenate)   (None, 2000)                 0         ['cell.rnaseq[0][0]',         
2024-04-29 10:35:24                                                                      'drug.descriptors[0][0]']    
2024-04-29 10:35:24                                                                                                   
2024-04-29 10:35:24  dense_6 (Dense)             (None, 1000)                 2001000   ['concatenate[0][0]']         
2024-04-29 10:35:24                                                                                                   
2024-04-29 10:35:24  permanent_dropout_6 (Perma  (None, 1000)                 0         ['dense_6[0][0]']             
2024-04-29 10:35:24  nentDropout)                                                                                     
2024-04-29 10:35:24                                                                                                   
2024-04-29 10:35:24  dense_7 (Dense)             (None, 1000)                 1001000   ['permanent_dropout_6[0][0]'] 
2024-04-29 10:35:24                                                                                                   
2024-04-29 10:35:24  permanent_dropout_7 (Perma  (None, 1000)                 0         ['dense_7[0][0]']             
2024-04-29 10:35:24  nentDropout)                                                                                     
2024-04-29 10:35:24                                                                                                   
2024-04-29 10:35:24  dense_8 (Dense)             (None, 1000)                 1001000   ['permanent_dropout_7[0][0]'] 
2024-04-29 10:35:24                                                                                                   
2024-04-29 10:35:24  permanent_dropout_8 (Perma  (None, 1000)                 0         ['dense_8[0][0]']             
2024-04-29 10:35:24  nentDropout)                                                                                     
2024-04-29 10:35:24                                                                                                   
2024-04-29 10:35:24  dense_9 (Dense)             (None, 1000)                 1001000   ['permanent_dropout_8[0][0]'] 
2024-04-29 10:35:24                                                                                                   
2024-04-29 10:35:24  permanent_dropout_9 (Perma  (None, 1000)                 0         ['dense_9[0][0]']             
2024-04-29 10:35:24  nentDropout)                                                                                     
2024-04-29 10:35:24                                                                                                   
2024-04-29 10:35:24  dense_10 (Dense)            (None, 1000)                 1001000   ['permanent_dropout_9[0][0]'] 
2024-04-29 10:35:24                                                                                                   
2024-04-29 10:35:24  permanent_dropout_10 (Perm  (None, 1000)                 0         ['dense_10[0][0]']            
2024-04-29 10:35:24  anentDropout)                                                                                    
2024-04-29 10:35:24                                                                                                   
2024-04-29 10:35:24  dense_11 (Dense)            (None, 1)                    1001      ['permanent_dropout_10[0][0]']
2024-04-29 10:35:24                                                                                                   
2024-04-29 10:35:24 ==================================================================================================
2024-04-29 10:35:24 Total params: 12583001 (48.00 MB)
2024-04-29 10:35:24 Trainable params: 12583001 (48.00 MB)
2024-04-29 10:35:24 Non-trainable params: 0 (0.00 Byte)
2024-04-29 10:35:24 __________________________________________________________________________________________________
2024-04-29 10:35:24 CKPT CONSTRUCT...
2024-04-29 10:35:24 CKPT CONSTRUCT OK.
2024-04-29 10:35:24 template model: <keras.src.engine.functional.Functional object at 0x1485c2368970>
2024-04-29 10:35:26 COMPILE
2024-04-29 10:35:26 Will save weights to: /dev/shm/Uno/save/8994056.amn-0001/49/0.1.model.h5
2024-04-29 10:35:41 Between random pairs in y_val:
2024-04-29 10:35:41   mse: 0.04697267
2024-04-29 10:35:41   mae: 0.15884141
2024-04-29 10:35:41   r2: -0.99725167
2024-04-29 10:35:41   corr: 0.00137416
2024-04-29 10:35:41 Data points per epoch: train = 470167, val = 117542, test = 1263
2024-04-29 10:35:41 Steps per epoch: train = 14692, val = 3673, test = 39
2024-04-29 10:35:42 Epoch 0: lr=0.001
2024-04-29 10:36:53 [Epoch: 0] loss: 0.025702, mae: 0.079441, r2: -0.198924, val_loss: 0.008603, val_mae: 0.066238, val_r2: 0.585991
2024-04-29 10:36:54 Epoch 1: lr=0.00082
2024-04-29 10:38:04 [Epoch: 1] loss: 0.007987, mae: 0.063964, r2: 0.622286, val_loss: 0.007558, val_mae: 0.061571, val_r2: 0.633711
2024-04-29 10:38:04 Epoch 2: lr=0.00064
2024-04-29 10:39:14 [Epoch: 2] loss: 0.007325, mae: 0.060897, r2: 0.652676, val_loss: 0.007164, val_mae: 0.060464, val_r2: 0.656421
2024-04-29 10:39:14 Epoch 3: lr=0.00046
2024-04-29 10:40:24 [Epoch: 3] loss: 0.006844, mae: 0.058777, r2: 0.674532, val_loss: 0.006850, val_mae: 0.057647, val_r2: 0.670106
2024-04-29 10:40:24 Epoch 4: lr=0.00028
2024-04-29 10:41:34 [Epoch: 4] loss: 0.006456, mae: 0.056938, r2: 0.692077, val_loss: 0.006789, val_mae: 0.057530, val_r2: 0.671546
2024-04-29 10:41:34 Epoch 5: lr=0.0001
2024-04-29 10:42:44 [Epoch: 5] loss: 0.006129, mae: 0.055372, r2: 0.707251, val_loss: 0.006403, val_mae: 0.056161, val_r2: 0.691576
2024-04-29 10:42:44 Epoch 6: lr=0.0001
2024-04-29 10:43:54 [Epoch: 6] loss: 0.006020, mae: 0.054915, r2: 0.712287, val_loss: 0.006333, val_mae: 0.055948, val_r2: 0.693502
2024-04-29 10:43:54 Epoch 7: lr=0.0001
2024-04-29 10:45:04 [Epoch: 7] loss: 0.005936, mae: 0.054529, r2: 0.716053, val_loss: 0.006321, val_mae: 0.055813, val_r2: 0.693562
2024-04-29 10:45:04 Epoch 8: lr=0.0001
2024-04-29 10:46:14 [Epoch: 8] loss: 0.005876, mae: 0.054273, r2: 0.719087, val_loss: 0.006294, val_mae: 0.055521, val_r2: 0.693515
2024-04-29 10:46:14 Epoch 9: lr=0.0001
2024-04-29 10:47:24 [Epoch: 9] loss: 0.005812, mae: 0.053973, r2: 0.721816, val_loss: 0.006249, val_mae: 0.055977, val_r2: 0.695436
2024-04-29 10:47:24 Epoch 10: lr=0.0001
2024-04-29 10:48:35 [Epoch: 10] loss: 0.005746, mae: 0.053683, r2: 0.724907, val_loss: 0.006263, val_mae: 0.055871, val_r2: 0.694993
2024-04-29 10:48:35 Epoch 11: lr=0.0001
2024-04-29 10:49:45 [Epoch: 11] loss: 0.005682, mae: 0.053380, r2: 0.728166, val_loss: 0.006255, val_mae: 0.054979, val_r2: 0.696152
2024-04-29 10:49:45 Epoch 12: lr=0.0001
2024-04-29 10:50:54 [Epoch: 12] loss: 0.005631, mae: 0.053160, r2: 0.730227, val_loss: 0.006187, val_mae: 0.055621, val_r2: 0.699049
2024-04-29 10:50:54 Epoch 13: lr=0.0001
2024-04-29 10:52:05 [Epoch: 13] loss: 0.005565, mae: 0.052861, r2: 0.733497, val_loss: 0.006146, val_mae: 0.055327, val_r2: 0.701302
2024-04-29 10:52:05 Epoch 14: lr=0.0001
2024-04-29 10:53:14 [Epoch: 14] loss: 0.005518, mae: 0.052645, r2: 0.735720, val_loss: 0.006120, val_mae: 0.054859, val_r2: 0.702451
2024-04-29 10:53:14 Epoch 15: lr=0.0001
2024-04-29 10:54:24 [Epoch: 15] loss: 0.005475, mae: 0.052410, r2: 0.737460, val_loss: 0.006107, val_mae: 0.054649, val_r2: 0.703928
2024-04-29 10:54:24 Epoch 16: lr=0.0001
2024-04-29 10:55:34 [Epoch: 16] loss: 0.005418, mae: 0.052156, r2: 0.740251, val_loss: 0.006102, val_mae: 0.054973, val_r2: 0.704004
2024-04-29 10:55:34 Epoch 17: lr=0.0001
2024-04-29 10:56:45 [Epoch: 17] loss: 0.005375, mae: 0.051970, r2: 0.742048, val_loss: 0.006095, val_mae: 0.054462, val_r2: 0.703862
2024-04-29 10:56:45 Epoch 18: lr=5e-05
2024-04-29 10:57:55 [Epoch: 18] loss: 0.005249, mae: 0.051388, r2: 0.747826, val_loss: 0.006070, val_mae: 0.054433, val_r2: 0.705014
2024-04-29 10:57:55 Epoch 19: lr=5e-05
2024-04-29 10:59:04 [Epoch: 19] loss: 0.005214, mae: 0.051189, r2: 0.749611, val_loss: 0.006087, val_mae: 0.054330, val_r2: 0.703437
2024-04-29 10:59:05 Epoch 20: lr=5e-05
2024-04-29 11:00:14 [Epoch: 20] loss: 0.005186, mae: 0.051039, r2: 0.751106, val_loss: 0.006084, val_mae: 0.054749, val_r2: 0.704430
2024-04-29 11:00:14 Epoch 21: lr=5e-05
2024-04-29 11:01:24 [Epoch: 21] loss: 0.005155, mae: 0.050889, r2: 0.752527, val_loss: 0.006085, val_mae: 0.054161, val_r2: 0.704585
2024-04-29 11:01:24 Epoch 22: lr=5e-05
2024-04-29 11:02:35 [Epoch: 22] loss: 0.005135, mae: 0.050821, r2: 0.753421, val_loss: 0.006064, val_mae: 0.054709, val_r2: 0.705613
2024-04-29 11:02:35 Epoch 23: lr=5e-05
2024-04-29 11:03:44 [Epoch: 23] loss: 0.005109, mae: 0.050703, r2: 0.754214, val_loss: 0.006056, val_mae: 0.054311, val_r2: 0.705624
2024-04-29 11:03:44 Epoch 24: lr=2.5e-05
2024-04-29 11:04:54 [Epoch: 24] loss: 0.005054, mae: 0.050465, r2: 0.756892, val_loss: 0.006048, val_mae: 0.054388, val_r2: 0.706276
2024-04-29 11:04:54 Epoch 25: lr=2.5e-05
2024-04-29 11:06:04 [Epoch: 25] loss: 0.005032, mae: 0.050321, r2: 0.758079, val_loss: 0.006017, val_mae: 0.054053, val_r2: 0.707868
2024-04-29 11:06:04 Epoch 26: lr=2.5e-05
2024-04-29 11:07:14 [Epoch: 26] loss: 0.005006, mae: 0.050182, r2: 0.759233, val_loss: 0.006056, val_mae: 0.054123, val_r2: 0.705744
2024-04-29 11:07:14 Epoch 27: lr=2.5e-05
2024-04-29 11:08:25 [Epoch: 27] loss: 0.005006, mae: 0.050219, r2: 0.759492, val_loss: 0.006057, val_mae: 0.054232, val_r2: 0.705742
2024-04-29 11:08:25 Epoch 28: lr=2.5e-05
2024-04-29 11:09:35 [Epoch: 28] loss: 0.004989, mae: 0.050128, r2: 0.760140, val_loss: 0.006022, val_mae: 0.053959, val_r2: 0.707403
2024-04-29 11:09:35 Epoch 29: lr=1.25e-05
2024-04-29 11:10:44 [Epoch: 29] loss: 0.004952, mae: 0.049925, r2: 0.761687, val_loss: 0.006033, val_mae: 0.054022, val_r2: 0.707047
2024-04-29 11:10:45 history_length: 30
2024-04-29 11:10:45 stopping: complete
2024-04-29 11:10:45 Comparing y_true and y_pred:
2024-04-29 11:10:45   mse: 0.00573171
2024-04-29 11:10:45   mae: 0.05681386
2024-04-29 11:10:45   r2: 0.69052650
2024-04-29 11:10:45   corr: 0.83173000
