2024-05-21 14:10:17 UNO RUN ...
2024-05-21 14:10:17 Params: {'model_name': 'uno', 'train_sources': ['CCLE'], 'test_sources': ['train'], 'cell_types': None, 'cell_features': ['rnaseq'], 'drug_features': ['descriptors'], 'dense': [1000, 1000, 1000, 1000, 1000], 'dense_feature_layers': [1000, 1000, 1000], 'activation': 'relu', 'loss': 'mse', 'optimizer': 'adamax', 'scaling': 'std', 'dropout': 0.1, 'epochs': 50, 'batch_size': 32, 'val_split': 0.2, 'cv': 1, 'max_val_loss': 1.0, 'learning_rate': 0.0001, 'base_lr': None, 'agg_dose': 'AUC', 'residual': False, 'reduce_lr': True, 'warmup_lr': True, 'batch_normalization': False, 'feature_subsample': 0, 'rng_seed': 2018, 'no_gen': False, 'verbose': False, 'preprocess_rnaseq': 'source_scale', 'gpus': [0], 'use_landmark_genes': True, 'no_feature_source': True, 'no_response_source': True, 'save_path': '/dev/shm/Uno/save/8999967.amn-0001/121', 'single': True, 'on_memory_loader': True, 'ckpt_checksum': True, 'ckpt_save_interval': 0, 'timeout': -1, 'train_bool': True, 'profiling': False, 'experiment_id': '8999967.amn-0001', 'run_id': '121', 'logfile': '/dev/shm/Uno/save/8999967.amn-0001/121/python.log', 'shuffle': False, 'ckpt_restart_mode': 'off', 'ckpt_skip_epochs': 0, 'ckpt_directory': '/dev/shm/Uno/save/8999967.amn-0001/121', 'ckpt_save_best': True, 'ckpt_save_best_metric': 'val_loss', 'ckpt_save_weights_only': False, 'ckpt_keep_mode': 'linear', 'ckpt_keep_limit': 5, 'by_cell': None, 'by_drug': None, 'cell_subset_path': '', 'drug_subset_path': '', 'drug_median_response_min': -1, 'drug_median_response_max': 1, 'dense_cell_feature_layers': None, 'dense_drug_feature_layers': None, 'use_filtered_genes': False, 'feature_subset_path': '', 'cell_feature_subset_path': '', 'drug_feature_subset_path': '', 'es': True, 'cp': False, 'tb': False, 'tb_prefix': 'tb', 'partition_by': None, 'cache': None, 'export_csv': None, 'export_data': None, 'use_exported_data': '/dev/shm/Uno/x1922c7s2b0n0.121.merged.landmark.h5', 'growth_bins': 0, 'initial_weights': None, 'save_weights': '/dev/shm/Uno/save/8999967.amn-0001/121/0.1.model.h5', 'config_file': '/home/brettin/CSC249ADOA01_CNDA/brettin/Benchmarks/Pilot1/Uno/uno_auc_model.txt', 'data_type': <class 'numpy.float32'>, 'data_dir': '/dev/shm/Uno/uno/Data', 'output_dir': '/dev/shm/Uno/uno/Output/8999967.amn-0001/121'}
2024-05-21 14:10:17 Feature encoding submodel for cell.rnaseq:
2024-05-21 14:10:17 Model: "cell.rnaseq"
2024-05-21 14:10:17 _________________________________________________________________
2024-05-21 14:10:17  Layer (type)                Output Shape              Param #   
2024-05-21 14:10:17 =================================================================
2024-05-21 14:10:17  input_1 (InputLayer)        [(None, 958)]             0         
2024-05-21 14:10:17                                                                  
2024-05-21 14:10:17  dense (Dense)               (None, 1000)              959000    
2024-05-21 14:10:17                                                                  
2024-05-21 14:10:17  permanent_dropout (Permane  (None, 1000)              0         
2024-05-21 14:10:17  ntDropout)                                                      
2024-05-21 14:10:17                                                                  
2024-05-21 14:10:17  dense_1 (Dense)             (None, 1000)              1001000   
2024-05-21 14:10:17                                                                  
2024-05-21 14:10:17  permanent_dropout_1 (Perma  (None, 1000)              0         
2024-05-21 14:10:17  nentDropout)                                                    
2024-05-21 14:10:17                                                                  
2024-05-21 14:10:17  dense_2 (Dense)             (None, 1000)              1001000   
2024-05-21 14:10:17                                                                  
2024-05-21 14:10:17  permanent_dropout_2 (Perma  (None, 1000)              0         
2024-05-21 14:10:17  nentDropout)                                                    
2024-05-21 14:10:17                                                                  
2024-05-21 14:10:17 =================================================================
2024-05-21 14:10:17 Total params: 2961000 (11.30 MB)
2024-05-21 14:10:17 Trainable params: 2961000 (11.30 MB)
2024-05-21 14:10:17 Non-trainable params: 0 (0.00 Byte)
2024-05-21 14:10:17 _________________________________________________________________
2024-05-21 14:10:17 Feature encoding submodel for drug.descriptors:
2024-05-21 14:10:17 Model: "drug.descriptors"
2024-05-21 14:10:17 _________________________________________________________________
2024-05-21 14:10:17  Layer (type)                Output Shape              Param #   
2024-05-21 14:10:17 =================================================================
2024-05-21 14:10:17  input_2 (InputLayer)        [(None, 1613)]            0         
2024-05-21 14:10:17                                                                  
2024-05-21 14:10:17  dense_3 (Dense)             (None, 1000)              1614000   
2024-05-21 14:10:17                                                                  
2024-05-21 14:10:17  permanent_dropout_3 (Perma  (None, 1000)              0         
2024-05-21 14:10:17  nentDropout)                                                    
2024-05-21 14:10:17                                                                  
2024-05-21 14:10:17  dense_4 (Dense)             (None, 1000)              1001000   
2024-05-21 14:10:17                                                                  
2024-05-21 14:10:17  permanent_dropout_4 (Perma  (None, 1000)              0         
2024-05-21 14:10:17  nentDropout)                                                    
2024-05-21 14:10:17                                                                  
2024-05-21 14:10:17  dense_5 (Dense)             (None, 1000)              1001000   
2024-05-21 14:10:17                                                                  
2024-05-21 14:10:17  permanent_dropout_5 (Perma  (None, 1000)              0         
2024-05-21 14:10:17  nentDropout)                                                    
2024-05-21 14:10:17                                                                  
2024-05-21 14:10:17 =================================================================
2024-05-21 14:10:17 Total params: 3616000 (13.79 MB)
2024-05-21 14:10:17 Trainable params: 3616000 (13.79 MB)
2024-05-21 14:10:17 Non-trainable params: 0 (0.00 Byte)
2024-05-21 14:10:17 _________________________________________________________________
2024-05-21 14:10:17 Combined model:
2024-05-21 14:10:17 Model: "model"
2024-05-21 14:10:17 __________________________________________________________________________________________________
2024-05-21 14:10:17  Layer (type)                Output Shape                 Param #   Connected to                  
2024-05-21 14:10:17 ==================================================================================================
2024-05-21 14:10:17  input.cell.rnaseq (InputLa  [(None, 958)]                0         []                            
2024-05-21 14:10:17  yer)                                                                                             
2024-05-21 14:10:17                                                                                                   
2024-05-21 14:10:17  input.drug1.descriptors (I  [(None, 1613)]               0         []                            
2024-05-21 14:10:17  nputLayer)                                                                                       
2024-05-21 14:10:17                                                                                                   
2024-05-21 14:10:17  cell.rnaseq (Functional)    (None, 1000)                 2961000   ['input.cell.rnaseq[0][0]']   
2024-05-21 14:10:17                                                                                                   
2024-05-21 14:10:17  drug.descriptors (Function  (None, 1000)                 3616000   ['input.drug1.descriptors[0][0
2024-05-21 14:10:17  al)                                                                ]']                           
2024-05-21 14:10:17                                                                                                   
2024-05-21 14:10:17  concatenate (Concatenate)   (None, 2000)                 0         ['cell.rnaseq[0][0]',         
2024-05-21 14:10:17                                                                      'drug.descriptors[0][0]']    
2024-05-21 14:10:17                                                                                                   
2024-05-21 14:10:17  dense_6 (Dense)             (None, 1000)                 2001000   ['concatenate[0][0]']         
2024-05-21 14:10:17                                                                                                   
2024-05-21 14:10:17  permanent_dropout_6 (Perma  (None, 1000)                 0         ['dense_6[0][0]']             
2024-05-21 14:10:17  nentDropout)                                                                                     
2024-05-21 14:10:17                                                                                                   
2024-05-21 14:10:17  dense_7 (Dense)             (None, 1000)                 1001000   ['permanent_dropout_6[0][0]'] 
2024-05-21 14:10:17                                                                                                   
2024-05-21 14:10:17  permanent_dropout_7 (Perma  (None, 1000)                 0         ['dense_7[0][0]']             
2024-05-21 14:10:17  nentDropout)                                                                                     
2024-05-21 14:10:17                                                                                                   
2024-05-21 14:10:17  dense_8 (Dense)             (None, 1000)                 1001000   ['permanent_dropout_7[0][0]'] 
2024-05-21 14:10:17                                                                                                   
2024-05-21 14:10:17  permanent_dropout_8 (Perma  (None, 1000)                 0         ['dense_8[0][0]']             
2024-05-21 14:10:17  nentDropout)                                                                                     
2024-05-21 14:10:17                                                                                                   
2024-05-21 14:10:17  dense_9 (Dense)             (None, 1000)                 1001000   ['permanent_dropout_8[0][0]'] 
2024-05-21 14:10:17                                                                                                   
2024-05-21 14:10:17  permanent_dropout_9 (Perma  (None, 1000)                 0         ['dense_9[0][0]']             
2024-05-21 14:10:17  nentDropout)                                                                                     
2024-05-21 14:10:17                                                                                                   
2024-05-21 14:10:17  dense_10 (Dense)            (None, 1000)                 1001000   ['permanent_dropout_9[0][0]'] 
2024-05-21 14:10:17                                                                                                   
2024-05-21 14:10:17  permanent_dropout_10 (Perm  (None, 1000)                 0         ['dense_10[0][0]']            
2024-05-21 14:10:17  anentDropout)                                                                                    
2024-05-21 14:10:17                                                                                                   
2024-05-21 14:10:17  dense_11 (Dense)            (None, 1)                    1001      ['permanent_dropout_10[0][0]']
2024-05-21 14:10:17                                                                                                   
2024-05-21 14:10:17 ==================================================================================================
2024-05-21 14:10:17 Total params: 12583001 (48.00 MB)
2024-05-21 14:10:17 Trainable params: 12583001 (48.00 MB)
2024-05-21 14:10:17 Non-trainable params: 0 (0.00 Byte)
2024-05-21 14:10:17 __________________________________________________________________________________________________
2024-05-21 14:10:17 CKPT CONSTRUCT...
2024-05-21 14:10:17 CKPT CONSTRUCT OK.
2024-05-21 14:10:17 template model: <keras.src.engine.functional.Functional object at 0x14ff54e84910>
2024-05-21 14:10:19 COMPILE
2024-05-21 14:10:19 Will save weights to: /dev/shm/Uno/save/8999967.amn-0001/121/0.1.model.h5
2024-05-21 14:10:35 Between random pairs in y_val:
2024-05-21 14:10:35   mse: 0.04755677
2024-05-21 14:10:35   mae: 0.15966911
2024-05-21 14:10:35   r2: -1.00240335
2024-05-21 14:10:35   corr: -0.00120167
2024-05-21 14:10:35 Data points per epoch: train = 469685, val = 117422, test = 602
2024-05-21 14:10:35 Steps per epoch: train = 14677, val = 3669, test = 18
2024-05-21 14:10:35 Epoch 0: lr=0.001
2024-05-21 14:11:46 [Epoch: 0] loss: 0.025912, mae: 0.079201, r2: -0.073833, val_loss: 0.009638, val_mae: 0.070039, val_r2: 0.543886
2024-05-21 14:11:46 Epoch 1: lr=0.00082
2024-05-21 14:12:56 [Epoch: 1] loss: 0.008026, mae: 0.064011, r2: 0.620427, val_loss: 0.007780, val_mae: 0.061699, val_r2: 0.630758
2024-05-21 14:12:56 Epoch 2: lr=0.00064
2024-05-21 14:14:06 [Epoch: 2] loss: 0.007312, mae: 0.060774, r2: 0.653286, val_loss: 0.007145, val_mae: 0.059321, val_r2: 0.663028
2024-05-21 14:14:06 Epoch 3: lr=0.00046
2024-05-21 14:15:16 [Epoch: 3] loss: 0.006831, mae: 0.058653, r2: 0.675100, val_loss: 0.006708, val_mae: 0.058065, val_r2: 0.680914
2024-05-21 14:15:16 Epoch 4: lr=0.00028
2024-05-21 14:16:26 [Epoch: 4] loss: 0.006435, mae: 0.056822, r2: 0.693359, val_loss: 0.006573, val_mae: 0.057987, val_r2: 0.687475
2024-05-21 14:16:26 Epoch 5: lr=0.0001
2024-05-21 14:17:35 [Epoch: 5] loss: 0.006092, mae: 0.055231, r2: 0.708996, val_loss: 0.006365, val_mae: 0.056381, val_r2: 0.696744
2024-05-21 14:17:36 Epoch 6: lr=0.0001
2024-05-21 14:18:46 [Epoch: 6] loss: 0.005993, mae: 0.054761, r2: 0.713795, val_loss: 0.006354, val_mae: 0.055832, val_r2: 0.696525
2024-05-21 14:18:46 Epoch 7: lr=0.0001
2024-05-21 14:19:55 [Epoch: 7] loss: 0.005909, mae: 0.054406, r2: 0.717454, val_loss: 0.006296, val_mae: 0.056433, val_r2: 0.699196
2024-05-21 14:19:55 Epoch 8: lr=0.0001
2024-05-21 14:21:05 [Epoch: 8] loss: 0.005853, mae: 0.054116, r2: 0.720489, val_loss: 0.006286, val_mae: 0.055702, val_r2: 0.699404
2024-05-21 14:21:05 Epoch 9: lr=0.0001
2024-05-21 14:22:15 [Epoch: 9] loss: 0.005770, mae: 0.053760, r2: 0.724149, val_loss: 0.006268, val_mae: 0.055277, val_r2: 0.700893
2024-05-21 14:22:15 Epoch 10: lr=0.0001
2024-05-21 14:23:25 [Epoch: 10] loss: 0.005719, mae: 0.053515, r2: 0.726509, val_loss: 0.006223, val_mae: 0.055585, val_r2: 0.703998
2024-05-21 14:23:25 Epoch 11: lr=0.0001
2024-05-21 14:24:35 [Epoch: 11] loss: 0.005657, mae: 0.053291, r2: 0.729204, val_loss: 0.006202, val_mae: 0.055687, val_r2: 0.704664
2024-05-21 14:24:35 Epoch 12: lr=0.0001
2024-05-21 14:25:45 [Epoch: 12] loss: 0.005611, mae: 0.053060, r2: 0.731368, val_loss: 0.006249, val_mae: 0.056769, val_r2: 0.701572
2024-05-21 14:25:45 Epoch 13: lr=0.0001
2024-05-21 14:26:55 [Epoch: 13] loss: 0.005547, mae: 0.052753, r2: 0.734605, val_loss: 0.006165, val_mae: 0.054877, val_r2: 0.705612
2024-05-21 14:26:55 Epoch 14: lr=0.0001
2024-05-21 14:28:04 [Epoch: 14] loss: 0.005500, mae: 0.052548, r2: 0.736608, val_loss: 0.006179, val_mae: 0.054920, val_r2: 0.704591
2024-05-21 14:28:04 Epoch 15: lr=0.0001
2024-05-21 14:29:14 [Epoch: 15] loss: 0.005456, mae: 0.052340, r2: 0.738612, val_loss: 0.006132, val_mae: 0.054742, val_r2: 0.707132
2024-05-21 14:29:15 Epoch 16: lr=5e-05
2024-05-21 14:30:24 [Epoch: 16] loss: 0.005331, mae: 0.051712, r2: 0.744675, val_loss: 0.006137, val_mae: 0.054851, val_r2: 0.707291
2024-05-21 14:30:24 Epoch 17: lr=5e-05
2024-05-21 14:31:35 [Epoch: 17] loss: 0.005291, mae: 0.051557, r2: 0.746343, val_loss: 0.006119, val_mae: 0.054604, val_r2: 0.707270
2024-05-21 14:31:35 Epoch 18: lr=5e-05
2024-05-21 14:32:45 [Epoch: 18] loss: 0.005259, mae: 0.051373, r2: 0.747690, val_loss: 0.006117, val_mae: 0.054678, val_r2: 0.708496
2024-05-21 14:32:45 Epoch 19: lr=5e-05
2024-05-21 14:33:55 [Epoch: 19] loss: 0.005236, mae: 0.051286, r2: 0.748947, val_loss: 0.006109, val_mae: 0.054851, val_r2: 0.708600
2024-05-21 14:33:55 Epoch 20: lr=5e-05
2024-05-21 14:35:05 [Epoch: 20] loss: 0.005211, mae: 0.051177, r2: 0.750172, val_loss: 0.006112, val_mae: 0.054390, val_r2: 0.707823
2024-05-21 14:35:05 Epoch 21: lr=5e-05
2024-05-21 14:36:15 [Epoch: 21] loss: 0.005190, mae: 0.051044, r2: 0.751191, val_loss: 0.006094, val_mae: 0.054498, val_r2: 0.707696
2024-05-21 14:36:15 Epoch 22: lr=5e-05
2024-05-21 14:37:25 [Epoch: 22] loss: 0.005155, mae: 0.050915, r2: 0.752775, val_loss: 0.006099, val_mae: 0.054504, val_r2: 0.708784
2024-05-21 14:37:25 Epoch 23: lr=2.5e-05
2024-05-21 14:38:35 [Epoch: 23] loss: 0.005094, mae: 0.050620, r2: 0.755604, val_loss: 0.006110, val_mae: 0.054610, val_r2: 0.707305
2024-05-21 14:38:35 Epoch 24: lr=2.5e-05
2024-05-21 14:39:45 [Epoch: 24] loss: 0.005078, mae: 0.050522, r2: 0.756222, val_loss: 0.006081, val_mae: 0.054358, val_r2: 0.709924
2024-05-21 14:39:45 Epoch 25: lr=2.5e-05
2024-05-21 14:40:55 [Epoch: 25] loss: 0.005061, mae: 0.050448, r2: 0.757198, val_loss: 0.006070, val_mae: 0.054318, val_r2: 0.710898
2024-05-21 14:40:55 Epoch 26: lr=2.5e-05
2024-05-21 14:42:05 [Epoch: 26] loss: 0.005049, mae: 0.050381, r2: 0.757760, val_loss: 0.006090, val_mae: 0.054322, val_r2: 0.709043
2024-05-21 14:42:05 Epoch 27: lr=2.5e-05
2024-05-21 14:43:15 [Epoch: 27] loss: 0.005021, mae: 0.050271, r2: 0.759103, val_loss: 0.006124, val_mae: 0.054249, val_r2: 0.706441
2024-05-21 14:43:15 Epoch 28: lr=1.25e-05
2024-05-21 14:44:25 [Epoch: 28] loss: 0.004994, mae: 0.050156, r2: 0.760134, val_loss: 0.006088, val_mae: 0.054350, val_r2: 0.708747
2024-05-21 14:44:25 Epoch 29: lr=1.25e-05
2024-05-21 14:45:34 [Epoch: 29] loss: 0.004993, mae: 0.050127, r2: 0.760437, val_loss: 0.006083, val_mae: 0.054386, val_r2: 0.709210
2024-05-21 14:45:35 Epoch 30: lr=1.25e-05
2024-05-21 14:46:44 [Epoch: 30] loss: 0.004983, mae: 0.050099, r2: 0.760788, val_loss: 0.006106, val_mae: 0.054583, val_r2: 0.707341
2024-05-21 14:46:45 Epoch 31: lr=1.25e-05
2024-05-21 14:47:54 [Epoch: 31] loss: 0.004980, mae: 0.050075, r2: 0.760761, val_loss: 0.006107, val_mae: 0.054476, val_r2: 0.707805
2024-05-21 14:47:54 Epoch 32: lr=1.25e-05
2024-05-21 14:49:04 [Epoch: 32] loss: 0.004959, mae: 0.049969, r2: 0.761964, val_loss: 0.006085, val_mae: 0.054373, val_r2: 0.709157
2024-05-21 14:49:04 Epoch 33: lr=1e-05
2024-05-21 14:50:14 [Epoch: 33] loss: 0.004948, mae: 0.049900, r2: 0.762353, val_loss: 0.006103, val_mae: 0.054358, val_r2: 0.708170
2024-05-21 14:50:14 Epoch 34: lr=1e-05
2024-05-21 14:51:24 [Epoch: 34] loss: 0.004941, mae: 0.049910, r2: 0.762547, val_loss: 0.006089, val_mae: 0.054448, val_r2: 0.709251
2024-05-21 14:51:24 Epoch 35: lr=1e-05
2024-05-21 14:52:34 [Epoch: 35] loss: 0.004933, mae: 0.049861, r2: 0.762990, val_loss: 0.006104, val_mae: 0.054408, val_r2: 0.708711
2024-05-21 14:52:34 history_length: 36
2024-05-21 14:52:34 stopping: early
2024-05-21 14:52:34 Comparing y_true and y_pred:
2024-05-21 14:52:34   mse: 0.00740810
2024-05-21 14:52:34   mae: 0.06450367
2024-05-21 14:52:34   r2: -0.64777540
2024-05-21 14:52:34   corr: 0.56293719
