2024-05-22 19:47:05 UNO RUN ...
2024-05-22 19:47:05 Params: {'model_name': 'uno', 'train_sources': ['CCLE'], 'test_sources': ['train'], 'cell_types': None, 'cell_features': ['rnaseq'], 'drug_features': ['descriptors'], 'dense': [1000, 1000, 1000, 1000, 1000], 'dense_feature_layers': [1000, 1000, 1000], 'activation': 'relu', 'loss': 'mse', 'optimizer': 'adamax', 'scaling': 'std', 'dropout': 0.1, 'epochs': 50, 'batch_size': 32, 'val_split': 0.2, 'cv': 1, 'max_val_loss': 1.0, 'learning_rate': 0.0001, 'base_lr': None, 'agg_dose': 'AUC', 'residual': False, 'reduce_lr': True, 'warmup_lr': True, 'batch_normalization': False, 'feature_subsample': 0, 'rng_seed': 2018, 'no_gen': False, 'verbose': False, 'preprocess_rnaseq': 'source_scale', 'gpus': [0], 'use_landmark_genes': True, 'no_feature_source': True, 'no_response_source': True, 'save_path': '/dev/shm/Uno/save/9000896.amn-0001/71', 'single': True, 'on_memory_loader': True, 'ckpt_checksum': True, 'ckpt_save_interval': 0, 'timeout': -1, 'train_bool': True, 'profiling': False, 'experiment_id': '9000896.amn-0001', 'run_id': '71', 'logfile': '/dev/shm/Uno/save/9000896.amn-0001/71/python.log', 'shuffle': False, 'ckpt_restart_mode': 'off', 'ckpt_skip_epochs': 0, 'ckpt_directory': '/dev/shm/Uno/save/9000896.amn-0001/71', 'ckpt_save_best': True, 'ckpt_save_best_metric': 'val_loss', 'ckpt_save_weights_only': False, 'ckpt_keep_mode': 'linear', 'ckpt_keep_limit': 5, 'by_cell': None, 'by_drug': None, 'cell_subset_path': '', 'drug_subset_path': '', 'drug_median_response_min': -1, 'drug_median_response_max': 1, 'dense_cell_feature_layers': None, 'dense_drug_feature_layers': None, 'use_filtered_genes': False, 'feature_subset_path': '', 'cell_feature_subset_path': '', 'drug_feature_subset_path': '', 'es': True, 'cp': False, 'tb': False, 'tb_prefix': 'tb', 'partition_by': None, 'cache': None, 'export_csv': None, 'export_data': None, 'use_exported_data': '/dev/shm/Uno/x1922c6s4b0n0.71.merged.landmark.h5', 'growth_bins': 0, 'initial_weights': None, 'save_weights': '/dev/shm/Uno/save/9000896.amn-0001/71/5.1.model.h5', 'config_file': '/home/brettin/CSC249ADOA01_CNDA/brettin/Benchmarks/Pilot1/Uno/uno_auc_model.txt', 'data_type': <class 'numpy.float32'>, 'data_dir': '/dev/shm/Uno/uno/Data', 'output_dir': '/dev/shm/Uno/uno/Output/9000896.amn-0001/71'}
2024-05-22 19:47:05 Feature encoding submodel for cell.rnaseq:
2024-05-22 19:47:05 Model: "cell.rnaseq"
2024-05-22 19:47:05 _________________________________________________________________
2024-05-22 19:47:05  Layer (type)                Output Shape              Param #   
2024-05-22 19:47:05 =================================================================
2024-05-22 19:47:05  input_1 (InputLayer)        [(None, 958)]             0         
2024-05-22 19:47:05                                                                  
2024-05-22 19:47:05  dense (Dense)               (None, 1000)              959000    
2024-05-22 19:47:05                                                                  
2024-05-22 19:47:05  permanent_dropout (Permane  (None, 1000)              0         
2024-05-22 19:47:05  ntDropout)                                                      
2024-05-22 19:47:05                                                                  
2024-05-22 19:47:05  dense_1 (Dense)             (None, 1000)              1001000   
2024-05-22 19:47:05                                                                  
2024-05-22 19:47:05  permanent_dropout_1 (Perma  (None, 1000)              0         
2024-05-22 19:47:05  nentDropout)                                                    
2024-05-22 19:47:05                                                                  
2024-05-22 19:47:05  dense_2 (Dense)             (None, 1000)              1001000   
2024-05-22 19:47:05                                                                  
2024-05-22 19:47:05  permanent_dropout_2 (Perma  (None, 1000)              0         
2024-05-22 19:47:05  nentDropout)                                                    
2024-05-22 19:47:05                                                                  
2024-05-22 19:47:05 =================================================================
2024-05-22 19:47:05 Total params: 2961000 (11.30 MB)
2024-05-22 19:47:05 Trainable params: 2961000 (11.30 MB)
2024-05-22 19:47:05 Non-trainable params: 0 (0.00 Byte)
2024-05-22 19:47:05 _________________________________________________________________
2024-05-22 19:47:05 Feature encoding submodel for drug.descriptors:
2024-05-22 19:47:05 Model: "drug.descriptors"
2024-05-22 19:47:05 _________________________________________________________________
2024-05-22 19:47:05  Layer (type)                Output Shape              Param #   
2024-05-22 19:47:05 =================================================================
2024-05-22 19:47:05  input_2 (InputLayer)        [(None, 1613)]            0         
2024-05-22 19:47:05                                                                  
2024-05-22 19:47:05  dense_3 (Dense)             (None, 1000)              1614000   
2024-05-22 19:47:05                                                                  
2024-05-22 19:47:05  permanent_dropout_3 (Perma  (None, 1000)              0         
2024-05-22 19:47:05  nentDropout)                                                    
2024-05-22 19:47:05                                                                  
2024-05-22 19:47:05  dense_4 (Dense)             (None, 1000)              1001000   
2024-05-22 19:47:05                                                                  
2024-05-22 19:47:05  permanent_dropout_4 (Perma  (None, 1000)              0         
2024-05-22 19:47:05  nentDropout)                                                    
2024-05-22 19:47:05                                                                  
2024-05-22 19:47:05  dense_5 (Dense)             (None, 1000)              1001000   
2024-05-22 19:47:05                                                                  
2024-05-22 19:47:05  permanent_dropout_5 (Perma  (None, 1000)              0         
2024-05-22 19:47:05  nentDropout)                                                    
2024-05-22 19:47:05                                                                  
2024-05-22 19:47:05 =================================================================
2024-05-22 19:47:05 Total params: 3616000 (13.79 MB)
2024-05-22 19:47:05 Trainable params: 3616000 (13.79 MB)
2024-05-22 19:47:05 Non-trainable params: 0 (0.00 Byte)
2024-05-22 19:47:05 _________________________________________________________________
2024-05-22 19:47:05 Combined model:
2024-05-22 19:47:05 Model: "model"
2024-05-22 19:47:05 __________________________________________________________________________________________________
2024-05-22 19:47:05  Layer (type)                Output Shape                 Param #   Connected to                  
2024-05-22 19:47:05 ==================================================================================================
2024-05-22 19:47:05  input.cell.rnaseq (InputLa  [(None, 958)]                0         []                            
2024-05-22 19:47:05  yer)                                                                                             
2024-05-22 19:47:05                                                                                                   
2024-05-22 19:47:05  input.drug1.descriptors (I  [(None, 1613)]               0         []                            
2024-05-22 19:47:05  nputLayer)                                                                                       
2024-05-22 19:47:05                                                                                                   
2024-05-22 19:47:05  cell.rnaseq (Functional)    (None, 1000)                 2961000   ['input.cell.rnaseq[0][0]']   
2024-05-22 19:47:05                                                                                                   
2024-05-22 19:47:05  drug.descriptors (Function  (None, 1000)                 3616000   ['input.drug1.descriptors[0][0
2024-05-22 19:47:05  al)                                                                ]']                           
2024-05-22 19:47:05                                                                                                   
2024-05-22 19:47:05  concatenate (Concatenate)   (None, 2000)                 0         ['cell.rnaseq[0][0]',         
2024-05-22 19:47:05                                                                      'drug.descriptors[0][0]']    
2024-05-22 19:47:05                                                                                                   
2024-05-22 19:47:05  dense_6 (Dense)             (None, 1000)                 2001000   ['concatenate[0][0]']         
2024-05-22 19:47:05                                                                                                   
2024-05-22 19:47:05  permanent_dropout_6 (Perma  (None, 1000)                 0         ['dense_6[0][0]']             
2024-05-22 19:47:05  nentDropout)                                                                                     
2024-05-22 19:47:05                                                                                                   
2024-05-22 19:47:05  dense_7 (Dense)             (None, 1000)                 1001000   ['permanent_dropout_6[0][0]'] 
2024-05-22 19:47:05                                                                                                   
2024-05-22 19:47:05  permanent_dropout_7 (Perma  (None, 1000)                 0         ['dense_7[0][0]']             
2024-05-22 19:47:05  nentDropout)                                                                                     
2024-05-22 19:47:05                                                                                                   
2024-05-22 19:47:05  dense_8 (Dense)             (None, 1000)                 1001000   ['permanent_dropout_7[0][0]'] 
2024-05-22 19:47:05                                                                                                   
2024-05-22 19:47:05  permanent_dropout_8 (Perma  (None, 1000)                 0         ['dense_8[0][0]']             
2024-05-22 19:47:05  nentDropout)                                                                                     
2024-05-22 19:47:05                                                                                                   
2024-05-22 19:47:05  dense_9 (Dense)             (None, 1000)                 1001000   ['permanent_dropout_8[0][0]'] 
2024-05-22 19:47:05                                                                                                   
2024-05-22 19:47:05  permanent_dropout_9 (Perma  (None, 1000)                 0         ['dense_9[0][0]']             
2024-05-22 19:47:05  nentDropout)                                                                                     
2024-05-22 19:47:05                                                                                                   
2024-05-22 19:47:05  dense_10 (Dense)            (None, 1000)                 1001000   ['permanent_dropout_9[0][0]'] 
2024-05-22 19:47:05                                                                                                   
2024-05-22 19:47:05  permanent_dropout_10 (Perm  (None, 1000)                 0         ['dense_10[0][0]']            
2024-05-22 19:47:05  anentDropout)                                                                                    
2024-05-22 19:47:05                                                                                                   
2024-05-22 19:47:05  dense_11 (Dense)            (None, 1)                    1001      ['permanent_dropout_10[0][0]']
2024-05-22 19:47:05                                                                                                   
2024-05-22 19:47:05 ==================================================================================================
2024-05-22 19:47:05 Total params: 12583001 (48.00 MB)
2024-05-22 19:47:05 Trainable params: 12583001 (48.00 MB)
2024-05-22 19:47:05 Non-trainable params: 0 (0.00 Byte)
2024-05-22 19:47:05 __________________________________________________________________________________________________
2024-05-22 19:47:05 CKPT CONSTRUCT...
2024-05-22 19:47:05 CKPT CONSTRUCT OK.
2024-05-22 19:47:05 template model: <keras.src.engine.functional.Functional object at 0x14f88a148b50>
2024-05-22 19:47:07 COMPILE
2024-05-22 19:47:07 Will save weights to: /dev/shm/Uno/save/9000896.amn-0001/71/5.1.model.h5
2024-05-22 19:47:23 Between random pairs in y_val:
2024-05-22 19:47:23   mse: 0.04755251
2024-05-22 19:47:23   mae: 0.15985472
2024-05-22 19:47:23   r2: -0.99392771
2024-05-22 19:47:23   corr: 0.00303615
2024-05-22 19:47:23 Data points per epoch: train = 469876, val = 117469, test = 364
2024-05-22 19:47:23 Steps per epoch: train = 14683, val = 3670, test = 11
2024-05-22 19:47:23 Epoch 0: lr=0.001
2024-05-22 19:48:36 [Epoch: 0] loss: 0.030273, mae: 0.079643, r2: -0.612239, val_loss: 0.008539, val_mae: 0.065955, val_r2: 0.596503
2024-05-22 19:48:36 Epoch 1: lr=0.00082
2024-05-22 19:49:47 [Epoch: 1] loss: 0.007983, mae: 0.063908, r2: 0.620698, val_loss: 0.007647, val_mae: 0.061697, val_r2: 0.636641
2024-05-22 19:49:47 Epoch 2: lr=0.00064
2024-05-22 19:50:58 [Epoch: 2] loss: 0.007329, mae: 0.060891, r2: 0.650701, val_loss: 0.007239, val_mae: 0.060227, val_r2: 0.655850
2024-05-22 19:50:58 Epoch 3: lr=0.00046
2024-05-22 19:52:08 [Epoch: 3] loss: 0.006855, mae: 0.058792, r2: 0.672033, val_loss: 0.006942, val_mae: 0.058509, val_r2: 0.669782
2024-05-22 19:52:08 Epoch 4: lr=0.00028
2024-05-22 19:53:19 [Epoch: 4] loss: 0.006465, mae: 0.056965, r2: 0.690297, val_loss: 0.006622, val_mae: 0.058009, val_r2: 0.680554
2024-05-22 19:53:19 Epoch 5: lr=0.0001
2024-05-22 19:54:30 [Epoch: 5] loss: 0.006111, mae: 0.055297, r2: 0.706579, val_loss: 0.006436, val_mae: 0.056578, val_r2: 0.690843
2024-05-22 19:54:30 Epoch 6: lr=0.0001
2024-05-22 19:55:41 [Epoch: 6] loss: 0.006002, mae: 0.054814, r2: 0.711620, val_loss: 0.006406, val_mae: 0.056015, val_r2: 0.694559
2024-05-22 19:55:41 Epoch 7: lr=0.0001
2024-05-22 19:56:52 [Epoch: 7] loss: 0.005937, mae: 0.054518, r2: 0.714692, val_loss: 0.006378, val_mae: 0.055665, val_r2: 0.695723
2024-05-22 19:56:52 Epoch 8: lr=0.0001
2024-05-22 19:58:03 [Epoch: 8] loss: 0.005860, mae: 0.054147, r2: 0.718372, val_loss: 0.006309, val_mae: 0.055787, val_r2: 0.697237
2024-05-22 19:58:03 Epoch 9: lr=0.0001
2024-05-22 19:59:14 [Epoch: 9] loss: 0.005795, mae: 0.053879, r2: 0.721296, val_loss: 0.006286, val_mae: 0.055442, val_r2: 0.697465
2024-05-22 19:59:14 Epoch 10: lr=0.0001
2024-05-22 20:00:26 [Epoch: 10] loss: 0.005729, mae: 0.053558, r2: 0.724421, val_loss: 0.006288, val_mae: 0.055456, val_r2: 0.697720
2024-05-22 20:00:26 Epoch 11: lr=0.0001
2024-05-22 20:01:37 [Epoch: 11] loss: 0.005666, mae: 0.053295, r2: 0.727303, val_loss: 0.006273, val_mae: 0.055414, val_r2: 0.697172
2024-05-22 20:01:37 Epoch 12: lr=0.0001
2024-05-22 20:02:48 [Epoch: 12] loss: 0.005614, mae: 0.053062, r2: 0.729765, val_loss: 0.006264, val_mae: 0.055107, val_r2: 0.699081
2024-05-22 20:02:48 Epoch 13: lr=0.0001
2024-05-22 20:03:58 [Epoch: 13] loss: 0.005551, mae: 0.052747, r2: 0.732960, val_loss: 0.006241, val_mae: 0.055451, val_r2: 0.699147
2024-05-22 20:03:58 Epoch 14: lr=5e-05
2024-05-22 20:05:09 [Epoch: 14] loss: 0.005439, mae: 0.052249, r2: 0.738021, val_loss: 0.006218, val_mae: 0.055120, val_r2: 0.699829
2024-05-22 20:05:09 Epoch 15: lr=5e-05
2024-05-22 20:06:20 [Epoch: 15] loss: 0.005394, mae: 0.052031, r2: 0.740105, val_loss: 0.006209, val_mae: 0.054980, val_r2: 0.700866
2024-05-22 20:06:21 Epoch 16: lr=5e-05
2024-05-22 20:07:32 [Epoch: 16] loss: 0.005353, mae: 0.051852, r2: 0.741906, val_loss: 0.006193, val_mae: 0.054881, val_r2: 0.702543
2024-05-22 20:07:32 Epoch 17: lr=5e-05
2024-05-22 20:08:43 [Epoch: 17] loss: 0.005323, mae: 0.051693, r2: 0.743457, val_loss: 0.006175, val_mae: 0.054945, val_r2: 0.703348
2024-05-22 20:08:43 Epoch 18: lr=5e-05
2024-05-22 20:09:54 [Epoch: 18] loss: 0.005291, mae: 0.051567, r2: 0.745015, val_loss: 0.006160, val_mae: 0.054812, val_r2: 0.703374
2024-05-22 20:09:54 Epoch 19: lr=5e-05
2024-05-22 20:11:05 [Epoch: 19] loss: 0.005267, mae: 0.051469, r2: 0.746090, val_loss: 0.006192, val_mae: 0.055196, val_r2: 0.700912
2024-05-22 20:11:05 Epoch 20: lr=5e-05
2024-05-22 20:12:16 [Epoch: 20] loss: 0.005244, mae: 0.051325, r2: 0.747226, val_loss: 0.006182, val_mae: 0.054597, val_r2: 0.702021
2024-05-22 20:12:16 Epoch 21: lr=2.5e-05
2024-05-22 20:13:27 [Epoch: 21] loss: 0.005182, mae: 0.051058, r2: 0.750043, val_loss: 0.006150, val_mae: 0.054805, val_r2: 0.704417
2024-05-22 20:13:27 Epoch 22: lr=2.5e-05
2024-05-22 20:14:38 [Epoch: 22] loss: 0.005157, mae: 0.050934, r2: 0.751189, val_loss: 0.006134, val_mae: 0.054690, val_r2: 0.704577
2024-05-22 20:14:38 Epoch 23: lr=2.5e-05
2024-05-22 20:15:48 [Epoch: 23] loss: 0.005128, mae: 0.050814, r2: 0.752538, val_loss: 0.006152, val_mae: 0.054772, val_r2: 0.704369
2024-05-22 20:15:49 Epoch 24: lr=2.5e-05
2024-05-22 20:16:59 [Epoch: 24] loss: 0.005136, mae: 0.050845, r2: 0.752144, val_loss: 0.006146, val_mae: 0.054461, val_r2: 0.703838
2024-05-22 20:17:00 Epoch 25: lr=2.5e-05
2024-05-22 20:18:11 [Epoch: 25] loss: 0.005105, mae: 0.050690, r2: 0.753601, val_loss: 0.006140, val_mae: 0.054797, val_r2: 0.705075
2024-05-22 20:18:11 Epoch 26: lr=1.25e-05
2024-05-22 20:19:22 [Epoch: 26] loss: 0.005070, mae: 0.050530, r2: 0.755357, val_loss: 0.006150, val_mae: 0.054639, val_r2: 0.704021
2024-05-22 20:19:22 Epoch 27: lr=1.25e-05
2024-05-22 20:20:34 [Epoch: 27] loss: 0.005066, mae: 0.050507, r2: 0.755517, val_loss: 0.006148, val_mae: 0.054496, val_r2: 0.703685
2024-05-22 20:20:34 Epoch 28: lr=1.25e-05
2024-05-22 20:21:45 [Epoch: 28] loss: 0.005054, mae: 0.050428, r2: 0.756168, val_loss: 0.006153, val_mae: 0.054706, val_r2: 0.703676
2024-05-22 20:21:45 Epoch 29: lr=1.25e-05
2024-05-22 20:22:55 [Epoch: 29] loss: 0.005050, mae: 0.050462, r2: 0.756201, val_loss: 0.006140, val_mae: 0.054597, val_r2: 0.704739
2024-05-22 20:22:56 Epoch 30: lr=1.25e-05
2024-05-22 20:24:06 [Epoch: 30] loss: 0.005041, mae: 0.050396, r2: 0.756531, val_loss: 0.006153, val_mae: 0.054543, val_r2: 0.704312
2024-05-22 20:24:06 Epoch 31: lr=1e-05
2024-05-22 20:25:18 [Epoch: 31] loss: 0.005022, mae: 0.050344, r2: 0.757502, val_loss: 0.006134, val_mae: 0.054568, val_r2: 0.704963
2024-05-22 20:25:18 Epoch 32: lr=1e-05
2024-05-22 20:26:29 [Epoch: 32] loss: 0.005019, mae: 0.050300, r2: 0.757679, val_loss: 0.006153, val_mae: 0.054441, val_r2: 0.704359
2024-05-22 20:26:29 Epoch 33: lr=1e-05
2024-05-22 20:27:40 [Epoch: 33] loss: 0.005012, mae: 0.050263, r2: 0.758031, val_loss: 0.006159, val_mae: 0.054369, val_r2: 0.703683
2024-05-22 20:27:40 Epoch 34: lr=1e-05
2024-05-22 20:28:50 [Epoch: 34] loss: 0.005009, mae: 0.050262, r2: 0.758230, val_loss: 0.006135, val_mae: 0.054573, val_r2: 0.705013
2024-05-22 20:28:51 Epoch 35: lr=1e-05
2024-05-22 20:30:01 [Epoch: 35] loss: 0.005000, mae: 0.050187, r2: 0.758462, val_loss: 0.006149, val_mae: 0.054570, val_r2: 0.703730
2024-05-22 20:30:01 Epoch 36: lr=1e-05
2024-05-22 20:31:12 [Epoch: 36] loss: 0.004983, mae: 0.050137, r2: 0.759191, val_loss: 0.006147, val_mae: 0.054457, val_r2: 0.704949
2024-05-22 20:31:12 Epoch 37: lr=1e-05
2024-05-22 20:32:23 [Epoch: 37] loss: 0.004999, mae: 0.050169, r2: 0.758693, val_loss: 0.006161, val_mae: 0.054546, val_r2: 0.704614
2024-05-22 20:32:23 Epoch 38: lr=1e-05
2024-05-22 20:33:34 [Epoch: 38] loss: 0.004977, mae: 0.050123, r2: 0.759601, val_loss: 0.006134, val_mae: 0.054453, val_r2: 0.705574
2024-05-22 20:33:34 Epoch 39: lr=1e-05
2024-05-22 20:34:44 [Epoch: 39] loss: 0.004975, mae: 0.050063, r2: 0.759597, val_loss: 0.006166, val_mae: 0.054534, val_r2: 0.703384
2024-05-22 20:34:44 Epoch 40: lr=1e-05
2024-05-22 20:35:55 [Epoch: 40] loss: 0.004964, mae: 0.050038, r2: 0.760182, val_loss: 0.006174, val_mae: 0.054548, val_r2: 0.702798
2024-05-22 20:35:55 Epoch 41: lr=1e-05
2024-05-22 20:37:06 [Epoch: 41] loss: 0.004974, mae: 0.050097, r2: 0.759577, val_loss: 0.006157, val_mae: 0.054463, val_r2: 0.704199
2024-05-22 20:37:06 history_length: 42
2024-05-22 20:37:06 stopping: early
2024-05-22 20:37:06 Comparing y_true and y_pred:
2024-05-22 20:37:06   mse: 0.00182999
2024-05-22 20:37:06   mae: 0.02765457
2024-05-22 20:37:06   r2: -0.16300977
2024-05-22 20:37:06   corr: 0.03395116
