2024-05-17 17:41:53 UNO RUN ...
2024-05-17 17:41:53 Params: {'model_name': 'uno', 'train_sources': ['CCLE'], 'test_sources': ['train'], 'cell_types': None, 'cell_features': ['rnaseq'], 'drug_features': ['descriptors'], 'dense': [1000, 1000, 1000, 1000, 1000], 'dense_feature_layers': [1000, 1000, 1000], 'activation': 'relu', 'loss': 'mse', 'optimizer': 'adamax', 'scaling': 'std', 'dropout': 0.1, 'epochs': 75, 'batch_size': 32, 'val_split': 0.2, 'cv': 1, 'max_val_loss': 1.0, 'learning_rate': 0.0001, 'base_lr': None, 'agg_dose': 'AUC', 'residual': False, 'reduce_lr': True, 'warmup_lr': True, 'batch_normalization': False, 'feature_subsample': 0, 'rng_seed': 2018, 'no_gen': False, 'verbose': False, 'preprocess_rnaseq': 'source_scale', 'gpus': [0], 'use_landmark_genes': True, 'no_feature_source': True, 'no_response_source': True, 'save_path': '/dev/shm/Uno/save/8998722.amn-0001/55', 'single': True, 'on_memory_loader': True, 'ckpt_checksum': True, 'ckpt_save_interval': 0, 'timeout': -1, 'train_bool': True, 'profiling': False, 'experiment_id': '8998722.amn-0001', 'run_id': '55', 'logfile': '/dev/shm/Uno/save/8998722.amn-0001/55/python.log', 'shuffle': False, 'ckpt_restart_mode': 'off', 'ckpt_skip_epochs': 0, 'ckpt_directory': '/dev/shm/Uno/save/8998722.amn-0001/55', 'ckpt_save_best': True, 'ckpt_save_best_metric': 'val_loss', 'ckpt_save_weights_only': False, 'ckpt_keep_mode': 'linear', 'ckpt_keep_limit': 5, 'by_cell': None, 'by_drug': None, 'cell_subset_path': '', 'drug_subset_path': '', 'drug_median_response_min': -1, 'drug_median_response_max': 1, 'dense_cell_feature_layers': None, 'dense_drug_feature_layers': None, 'use_filtered_genes': False, 'feature_subset_path': '', 'cell_feature_subset_path': '', 'drug_feature_subset_path': '', 'es': True, 'cp': False, 'tb': False, 'tb_prefix': 'tb', 'partition_by': None, 'cache': None, 'export_csv': None, 'export_data': None, 'use_exported_data': '/dev/shm/Uno/x1922c2s5b0n0.55.merged.landmark.h5', 'growth_bins': 0, 'initial_weights': None, 'save_weights': '/dev/shm/Uno/save/8998722.amn-0001/55/3.1.model.h5', 'config_file': '/home/brettin/CSC249ADOA01_CNDA/brettin/Benchmarks/Pilot1/Uno/uno_auc_model.txt', 'data_type': <class 'numpy.float32'>, 'data_dir': '/dev/shm/Uno/uno/Data', 'output_dir': '/dev/shm/Uno/uno/Output/8998722.amn-0001/55'}
2024-05-17 17:41:54 Feature encoding submodel for cell.rnaseq:
2024-05-17 17:41:54 Model: "cell.rnaseq"
2024-05-17 17:41:54 _________________________________________________________________
2024-05-17 17:41:54  Layer (type)                Output Shape              Param #   
2024-05-17 17:41:54 =================================================================
2024-05-17 17:41:54  input_1 (InputLayer)        [(None, 958)]             0         
2024-05-17 17:41:54                                                                  
2024-05-17 17:41:54  dense (Dense)               (None, 1000)              959000    
2024-05-17 17:41:54                                                                  
2024-05-17 17:41:54  permanent_dropout (Permane  (None, 1000)              0         
2024-05-17 17:41:54  ntDropout)                                                      
2024-05-17 17:41:54                                                                  
2024-05-17 17:41:54  dense_1 (Dense)             (None, 1000)              1001000   
2024-05-17 17:41:54                                                                  
2024-05-17 17:41:54  permanent_dropout_1 (Perma  (None, 1000)              0         
2024-05-17 17:41:54  nentDropout)                                                    
2024-05-17 17:41:54                                                                  
2024-05-17 17:41:54  dense_2 (Dense)             (None, 1000)              1001000   
2024-05-17 17:41:54                                                                  
2024-05-17 17:41:54  permanent_dropout_2 (Perma  (None, 1000)              0         
2024-05-17 17:41:54  nentDropout)                                                    
2024-05-17 17:41:54                                                                  
2024-05-17 17:41:54 =================================================================
2024-05-17 17:41:54 Total params: 2961000 (11.30 MB)
2024-05-17 17:41:54 Trainable params: 2961000 (11.30 MB)
2024-05-17 17:41:54 Non-trainable params: 0 (0.00 Byte)
2024-05-17 17:41:54 _________________________________________________________________
2024-05-17 17:41:54 Feature encoding submodel for drug.descriptors:
2024-05-17 17:41:54 Model: "drug.descriptors"
2024-05-17 17:41:54 _________________________________________________________________
2024-05-17 17:41:54  Layer (type)                Output Shape              Param #   
2024-05-17 17:41:54 =================================================================
2024-05-17 17:41:54  input_2 (InputLayer)        [(None, 1613)]            0         
2024-05-17 17:41:54                                                                  
2024-05-17 17:41:54  dense_3 (Dense)             (None, 1000)              1614000   
2024-05-17 17:41:54                                                                  
2024-05-17 17:41:54  permanent_dropout_3 (Perma  (None, 1000)              0         
2024-05-17 17:41:54  nentDropout)                                                    
2024-05-17 17:41:54                                                                  
2024-05-17 17:41:54  dense_4 (Dense)             (None, 1000)              1001000   
2024-05-17 17:41:54                                                                  
2024-05-17 17:41:54  permanent_dropout_4 (Perma  (None, 1000)              0         
2024-05-17 17:41:54  nentDropout)                                                    
2024-05-17 17:41:54                                                                  
2024-05-17 17:41:54  dense_5 (Dense)             (None, 1000)              1001000   
2024-05-17 17:41:54                                                                  
2024-05-17 17:41:54  permanent_dropout_5 (Perma  (None, 1000)              0         
2024-05-17 17:41:54  nentDropout)                                                    
2024-05-17 17:41:54                                                                  
2024-05-17 17:41:54 =================================================================
2024-05-17 17:41:54 Total params: 3616000 (13.79 MB)
2024-05-17 17:41:54 Trainable params: 3616000 (13.79 MB)
2024-05-17 17:41:54 Non-trainable params: 0 (0.00 Byte)
2024-05-17 17:41:54 _________________________________________________________________
2024-05-17 17:41:54 Combined model:
2024-05-17 17:41:54 Model: "model"
2024-05-17 17:41:54 __________________________________________________________________________________________________
2024-05-17 17:41:54  Layer (type)                Output Shape                 Param #   Connected to                  
2024-05-17 17:41:54 ==================================================================================================
2024-05-17 17:41:54  input.cell.rnaseq (InputLa  [(None, 958)]                0         []                            
2024-05-17 17:41:54  yer)                                                                                             
2024-05-17 17:41:54                                                                                                   
2024-05-17 17:41:54  input.drug1.descriptors (I  [(None, 1613)]               0         []                            
2024-05-17 17:41:54  nputLayer)                                                                                       
2024-05-17 17:41:54                                                                                                   
2024-05-17 17:41:54  cell.rnaseq (Functional)    (None, 1000)                 2961000   ['input.cell.rnaseq[0][0]']   
2024-05-17 17:41:54                                                                                                   
2024-05-17 17:41:54  drug.descriptors (Function  (None, 1000)                 3616000   ['input.drug1.descriptors[0][0
2024-05-17 17:41:54  al)                                                                ]']                           
2024-05-17 17:41:54                                                                                                   
2024-05-17 17:41:54  concatenate (Concatenate)   (None, 2000)                 0         ['cell.rnaseq[0][0]',         
2024-05-17 17:41:54                                                                      'drug.descriptors[0][0]']    
2024-05-17 17:41:54                                                                                                   
2024-05-17 17:41:54  dense_6 (Dense)             (None, 1000)                 2001000   ['concatenate[0][0]']         
2024-05-17 17:41:54                                                                                                   
2024-05-17 17:41:54  permanent_dropout_6 (Perma  (None, 1000)                 0         ['dense_6[0][0]']             
2024-05-17 17:41:54  nentDropout)                                                                                     
2024-05-17 17:41:54                                                                                                   
2024-05-17 17:41:54  dense_7 (Dense)             (None, 1000)                 1001000   ['permanent_dropout_6[0][0]'] 
2024-05-17 17:41:54                                                                                                   
2024-05-17 17:41:54  permanent_dropout_7 (Perma  (None, 1000)                 0         ['dense_7[0][0]']             
2024-05-17 17:41:54  nentDropout)                                                                                     
2024-05-17 17:41:54                                                                                                   
2024-05-17 17:41:54  dense_8 (Dense)             (None, 1000)                 1001000   ['permanent_dropout_7[0][0]'] 
2024-05-17 17:41:54                                                                                                   
2024-05-17 17:41:54  permanent_dropout_8 (Perma  (None, 1000)                 0         ['dense_8[0][0]']             
2024-05-17 17:41:54  nentDropout)                                                                                     
2024-05-17 17:41:54                                                                                                   
2024-05-17 17:41:54  dense_9 (Dense)             (None, 1000)                 1001000   ['permanent_dropout_8[0][0]'] 
2024-05-17 17:41:54                                                                                                   
2024-05-17 17:41:54  permanent_dropout_9 (Perma  (None, 1000)                 0         ['dense_9[0][0]']             
2024-05-17 17:41:54  nentDropout)                                                                                     
2024-05-17 17:41:54                                                                                                   
2024-05-17 17:41:54  dense_10 (Dense)            (None, 1000)                 1001000   ['permanent_dropout_9[0][0]'] 
2024-05-17 17:41:54                                                                                                   
2024-05-17 17:41:54  permanent_dropout_10 (Perm  (None, 1000)                 0         ['dense_10[0][0]']            
2024-05-17 17:41:54  anentDropout)                                                                                    
2024-05-17 17:41:54                                                                                                   
2024-05-17 17:41:54  dense_11 (Dense)            (None, 1)                    1001      ['permanent_dropout_10[0][0]']
2024-05-17 17:41:54                                                                                                   
2024-05-17 17:41:54 ==================================================================================================
2024-05-17 17:41:54 Total params: 12583001 (48.00 MB)
2024-05-17 17:41:54 Trainable params: 12583001 (48.00 MB)
2024-05-17 17:41:54 Non-trainable params: 0 (0.00 Byte)
2024-05-17 17:41:54 __________________________________________________________________________________________________
2024-05-17 17:41:54 CKPT CONSTRUCT...
2024-05-17 17:41:54 CKPT CONSTRUCT OK.
2024-05-17 17:41:54 template model: <keras.src.engine.functional.Functional object at 0x14c507408ac0>
2024-05-17 17:41:56 COMPILE
2024-05-17 17:41:56 Will save weights to: /dev/shm/Uno/save/8998722.amn-0001/55/3.1.model.h5
2024-05-17 17:42:12 Between random pairs in y_val:
2024-05-17 17:42:12   mse: 0.04758526
2024-05-17 17:42:12   mae: 0.15976297
2024-05-17 17:42:12   r2: -0.99526315
2024-05-17 17:42:12   corr: 0.00236843
2024-05-17 17:42:12 Data points per epoch: train = 469614, val = 117404, test = 691
2024-05-17 17:42:12 Steps per epoch: train = 14675, val = 3668, test = 21
2024-05-17 17:42:12 Epoch 0: lr=0.001
2024-05-17 17:43:26 [Epoch: 0] loss: 0.023953, mae: 0.079293, r2: -0.314663, val_loss: 0.008350, val_mae: 0.066197, val_r2: 0.604843
2024-05-17 17:43:27 Epoch 1: lr=0.00082
2024-05-17 17:44:39 [Epoch: 1] loss: 0.007998, mae: 0.063995, r2: 0.620601, val_loss: 0.007680, val_mae: 0.061582, val_r2: 0.632131
2024-05-17 17:44:39 Epoch 2: lr=0.00064
2024-05-17 17:45:52 [Epoch: 2] loss: 0.007343, mae: 0.060936, r2: 0.650470, val_loss: 0.007295, val_mae: 0.059980, val_r2: 0.653140
2024-05-17 17:45:52 Epoch 3: lr=0.00046
2024-05-17 17:47:04 [Epoch: 3] loss: 0.006869, mae: 0.058812, r2: 0.672259, val_loss: 0.006894, val_mae: 0.057962, val_r2: 0.671071
2024-05-17 17:47:04 Epoch 4: lr=0.00028
2024-05-17 17:48:16 [Epoch: 4] loss: 0.006477, mae: 0.057021, r2: 0.690247, val_loss: 0.006524, val_mae: 0.056691, val_r2: 0.689888
2024-05-17 17:48:16 Epoch 5: lr=0.0001
2024-05-17 17:49:29 [Epoch: 5] loss: 0.006139, mae: 0.055433, r2: 0.705762, val_loss: 0.006370, val_mae: 0.056751, val_r2: 0.694635
2024-05-17 17:49:29 Epoch 6: lr=0.0001
2024-05-17 17:50:41 [Epoch: 6] loss: 0.006032, mae: 0.054924, r2: 0.710750, val_loss: 0.006314, val_mae: 0.055871, val_r2: 0.698420
2024-05-17 17:50:41 Epoch 7: lr=0.0001
2024-05-17 17:51:54 [Epoch: 7] loss: 0.005964, mae: 0.054584, r2: 0.714106, val_loss: 0.006283, val_mae: 0.056068, val_r2: 0.698192
2024-05-17 17:51:54 Epoch 8: lr=0.0001
2024-05-17 17:53:06 [Epoch: 8] loss: 0.005890, mae: 0.054302, r2: 0.717466, val_loss: 0.006251, val_mae: 0.055253, val_r2: 0.701074
2024-05-17 17:53:07 Epoch 9: lr=0.0001
2024-05-17 17:54:19 [Epoch: 9] loss: 0.005816, mae: 0.053961, r2: 0.720870, val_loss: 0.006224, val_mae: 0.055416, val_r2: 0.701296
2024-05-17 17:54:19 Epoch 10: lr=0.0001
2024-05-17 17:55:32 [Epoch: 10] loss: 0.005755, mae: 0.053702, r2: 0.723618, val_loss: 0.006182, val_mae: 0.054953, val_r2: 0.704040
2024-05-17 17:55:32 Epoch 11: lr=0.0001
2024-05-17 17:56:44 [Epoch: 11] loss: 0.005696, mae: 0.053418, r2: 0.726466, val_loss: 0.006164, val_mae: 0.055492, val_r2: 0.704431
2024-05-17 17:56:45 Epoch 12: lr=0.0001
2024-05-17 17:57:57 [Epoch: 12] loss: 0.005637, mae: 0.053153, r2: 0.729210, val_loss: 0.006155, val_mae: 0.055871, val_r2: 0.705263
2024-05-17 17:57:57 Epoch 13: lr=0.0001
2024-05-17 17:59:09 [Epoch: 13] loss: 0.005573, mae: 0.052849, r2: 0.731981, val_loss: 0.006106, val_mae: 0.054871, val_r2: 0.708089
2024-05-17 17:59:09 Epoch 14: lr=0.0001
2024-05-17 18:00:22 [Epoch: 14] loss: 0.005527, mae: 0.052683, r2: 0.734433, val_loss: 0.006115, val_mae: 0.055631, val_r2: 0.706698
2024-05-17 18:00:22 Epoch 15: lr=0.0001
2024-05-17 18:01:34 [Epoch: 15] loss: 0.005468, mae: 0.052387, r2: 0.737016, val_loss: 0.006091, val_mae: 0.054630, val_r2: 0.707790
2024-05-17 18:01:35 Epoch 16: lr=0.0001
2024-05-17 18:02:47 [Epoch: 16] loss: 0.005420, mae: 0.052204, r2: 0.739306, val_loss: 0.006074, val_mae: 0.054501, val_r2: 0.709235
2024-05-17 18:02:47 Epoch 17: lr=0.0001
2024-05-17 18:04:00 [Epoch: 17] loss: 0.005375, mae: 0.051962, r2: 0.741381, val_loss: 0.006078, val_mae: 0.054649, val_r2: 0.709479
2024-05-17 18:04:00 Epoch 18: lr=0.0001
2024-05-17 18:05:12 [Epoch: 18] loss: 0.005321, mae: 0.051718, r2: 0.743907, val_loss: 0.006057, val_mae: 0.054774, val_r2: 0.709344
2024-05-17 18:05:12 Epoch 19: lr=5e-05
2024-05-17 18:06:25 [Epoch: 19] loss: 0.005206, mae: 0.051173, r2: 0.749421, val_loss: 0.006031, val_mae: 0.054432, val_r2: 0.711067
2024-05-17 18:06:25 Epoch 20: lr=5e-05
2024-05-17 18:07:37 [Epoch: 20] loss: 0.005148, mae: 0.050902, r2: 0.752015, val_loss: 0.006032, val_mae: 0.054187, val_r2: 0.710413
2024-05-17 18:07:37 Epoch 21: lr=5e-05
2024-05-17 18:08:50 [Epoch: 21] loss: 0.005130, mae: 0.050804, r2: 0.752697, val_loss: 0.006023, val_mae: 0.053928, val_r2: 0.711251
2024-05-17 18:08:50 Epoch 22: lr=5e-05
2024-05-17 18:10:02 [Epoch: 22] loss: 0.005108, mae: 0.050713, r2: 0.753907, val_loss: 0.006049, val_mae: 0.054054, val_r2: 0.710549
2024-05-17 18:10:02 Epoch 23: lr=5e-05
2024-05-17 18:11:14 [Epoch: 23] loss: 0.005088, mae: 0.050628, r2: 0.754790, val_loss: 0.006041, val_mae: 0.054346, val_r2: 0.711307
2024-05-17 18:11:15 Epoch 24: lr=2.5e-05
2024-05-17 18:12:27 [Epoch: 24] loss: 0.005004, mae: 0.050225, r2: 0.758787, val_loss: 0.006037, val_mae: 0.054413, val_r2: 0.710267
2024-05-17 18:12:27 Epoch 25: lr=2.5e-05
2024-05-17 18:13:40 [Epoch: 25] loss: 0.005003, mae: 0.050188, r2: 0.758715, val_loss: 0.006012, val_mae: 0.054227, val_r2: 0.711564
2024-05-17 18:13:40 Epoch 26: lr=2.5e-05
2024-05-17 18:14:52 [Epoch: 26] loss: 0.004984, mae: 0.050119, r2: 0.759857, val_loss: 0.006009, val_mae: 0.054526, val_r2: 0.711351
2024-05-17 18:14:53 Epoch 27: lr=2.5e-05
2024-05-17 18:16:05 [Epoch: 27] loss: 0.004961, mae: 0.050021, r2: 0.760647, val_loss: 0.006044, val_mae: 0.054062, val_r2: 0.709883
2024-05-17 18:16:05 Epoch 28: lr=2.5e-05
2024-05-17 18:17:18 [Epoch: 28] loss: 0.004947, mae: 0.049925, r2: 0.761222, val_loss: 0.006028, val_mae: 0.053973, val_r2: 0.711834
2024-05-17 18:17:18 Epoch 29: lr=1.25e-05
2024-05-17 18:18:30 [Epoch: 29] loss: 0.004917, mae: 0.049806, r2: 0.762566, val_loss: 0.006016, val_mae: 0.054066, val_r2: 0.711241
2024-05-17 18:18:30 Epoch 30: lr=1.25e-05
2024-05-17 18:19:42 [Epoch: 30] loss: 0.004917, mae: 0.049772, r2: 0.762738, val_loss: 0.006005, val_mae: 0.053992, val_r2: 0.711527
2024-05-17 18:19:42 Epoch 31: lr=1.25e-05
2024-05-17 18:20:55 [Epoch: 31] loss: 0.004913, mae: 0.049778, r2: 0.762910, val_loss: 0.006032, val_mae: 0.054055, val_r2: 0.710916
2024-05-17 18:20:55 Epoch 32: lr=1.25e-05
2024-05-17 18:22:08 [Epoch: 32] loss: 0.004900, mae: 0.049683, r2: 0.763337, val_loss: 0.005995, val_mae: 0.053973, val_r2: 0.712085
2024-05-17 18:22:08 Epoch 33: lr=1.25e-05
2024-05-17 18:23:20 [Epoch: 33] loss: 0.004894, mae: 0.049665, r2: 0.763744, val_loss: 0.006044, val_mae: 0.053995, val_r2: 0.710259
2024-05-17 18:23:20 Epoch 34: lr=1.25e-05
2024-05-17 18:24:33 [Epoch: 34] loss: 0.004894, mae: 0.049676, r2: 0.763823, val_loss: 0.006028, val_mae: 0.053984, val_r2: 0.710675
2024-05-17 18:24:33 Epoch 35: lr=1.25e-05
2024-05-17 18:25:45 [Epoch: 35] loss: 0.004881, mae: 0.049611, r2: 0.764409, val_loss: 0.006019, val_mae: 0.053890, val_r2: 0.711338
2024-05-17 18:25:45 Epoch 36: lr=1e-05
2024-05-17 18:26:58 [Epoch: 36] loss: 0.004870, mae: 0.049541, r2: 0.764940, val_loss: 0.006019, val_mae: 0.054121, val_r2: 0.710614
2024-05-17 18:26:58 Epoch 37: lr=1e-05
2024-05-17 18:28:10 [Epoch: 37] loss: 0.004851, mae: 0.049484, r2: 0.765960, val_loss: 0.006025, val_mae: 0.053948, val_r2: 0.711259
2024-05-17 18:28:10 Epoch 38: lr=1e-05
2024-05-17 18:29:23 [Epoch: 38] loss: 0.004853, mae: 0.049434, r2: 0.765623, val_loss: 0.006000, val_mae: 0.053942, val_r2: 0.712454
2024-05-17 18:29:23 Epoch 39: lr=1e-05
2024-05-17 18:30:35 [Epoch: 39] loss: 0.004852, mae: 0.049484, r2: 0.765852, val_loss: 0.006002, val_mae: 0.053959, val_r2: 0.711711
2024-05-17 18:30:35 Epoch 40: lr=1e-05
2024-05-17 18:31:48 [Epoch: 40] loss: 0.004850, mae: 0.049471, r2: 0.765873, val_loss: 0.006043, val_mae: 0.054276, val_r2: 0.710075
2024-05-17 18:31:48 Epoch 41: lr=1e-05
2024-05-17 18:33:00 [Epoch: 41] loss: 0.004842, mae: 0.049422, r2: 0.766239, val_loss: 0.006006, val_mae: 0.053790, val_r2: 0.712091
2024-05-17 18:33:01 Epoch 42: lr=1e-05
2024-05-17 18:34:13 [Epoch: 42] loss: 0.004830, mae: 0.049384, r2: 0.766693, val_loss: 0.006017, val_mae: 0.054224, val_r2: 0.711927
2024-05-17 18:34:13 history_length: 43
2024-05-17 18:34:13 stopping: early
2024-05-17 18:34:13 Comparing y_true and y_pred:
2024-05-17 18:34:13   mse: 0.01054710
2024-05-17 18:34:13   mae: 0.07648733
2024-05-17 18:34:13   r2: -0.17213345
2024-05-17 18:34:13   corr: -0.00857815
