2024-05-17 17:41:53 UNO RUN ...
2024-05-17 17:41:53 Params: {'model_name': 'uno', 'train_sources': ['CCLE'], 'test_sources': ['train'], 'cell_types': None, 'cell_features': ['rnaseq'], 'drug_features': ['descriptors'], 'dense': [1000, 1000, 1000, 1000, 1000], 'dense_feature_layers': [1000, 1000, 1000], 'activation': 'relu', 'loss': 'mse', 'optimizer': 'adamax', 'scaling': 'std', 'dropout': 0.1, 'epochs': 75, 'batch_size': 32, 'val_split': 0.2, 'cv': 1, 'max_val_loss': 1.0, 'learning_rate': 0.0001, 'base_lr': None, 'agg_dose': 'AUC', 'residual': False, 'reduce_lr': True, 'warmup_lr': True, 'batch_normalization': False, 'feature_subsample': 0, 'rng_seed': 2018, 'no_gen': False, 'verbose': False, 'preprocess_rnaseq': 'source_scale', 'gpus': [0], 'use_landmark_genes': True, 'no_feature_source': True, 'no_response_source': True, 'save_path': '/dev/shm/Uno/save/8998722.amn-0001/48', 'single': True, 'on_memory_loader': True, 'ckpt_checksum': True, 'ckpt_save_interval': 0, 'timeout': -1, 'train_bool': True, 'profiling': False, 'experiment_id': '8998722.amn-0001', 'run_id': '48', 'logfile': '/dev/shm/Uno/save/8998722.amn-0001/48/python.log', 'shuffle': False, 'ckpt_restart_mode': 'off', 'ckpt_skip_epochs': 0, 'ckpt_directory': '/dev/shm/Uno/save/8998722.amn-0001/48', 'ckpt_save_best': True, 'ckpt_save_best_metric': 'val_loss', 'ckpt_save_weights_only': False, 'ckpt_keep_mode': 'linear', 'ckpt_keep_limit': 5, 'by_cell': None, 'by_drug': None, 'cell_subset_path': '', 'drug_subset_path': '', 'drug_median_response_min': -1, 'drug_median_response_max': 1, 'dense_cell_feature_layers': None, 'dense_drug_feature_layers': None, 'use_filtered_genes': False, 'feature_subset_path': '', 'cell_feature_subset_path': '', 'drug_feature_subset_path': '', 'es': True, 'cp': False, 'tb': False, 'tb_prefix': 'tb', 'partition_by': None, 'cache': None, 'export_csv': None, 'export_data': None, 'use_exported_data': '/dev/shm/Uno/x1922c2s5b0n0.48.merged.landmark.h5', 'growth_bins': 0, 'initial_weights': None, 'save_weights': '/dev/shm/Uno/save/8998722.amn-0001/48/0.0.model.h5', 'config_file': '/home/brettin/CSC249ADOA01_CNDA/brettin/Benchmarks/Pilot1/Uno/uno_auc_model.txt', 'data_type': <class 'numpy.float32'>, 'data_dir': '/dev/shm/Uno/uno/Data', 'output_dir': '/dev/shm/Uno/uno/Output/8998722.amn-0001/48'}
2024-05-17 17:41:54 Feature encoding submodel for cell.rnaseq:
2024-05-17 17:41:54 Model: "cell.rnaseq"
2024-05-17 17:41:54 _________________________________________________________________
2024-05-17 17:41:54  Layer (type)                Output Shape              Param #   
2024-05-17 17:41:54 =================================================================
2024-05-17 17:41:54  input_1 (InputLayer)        [(None, 958)]             0         
2024-05-17 17:41:54                                                                  
2024-05-17 17:41:54  dense (Dense)               (None, 1000)              959000    
2024-05-17 17:41:54                                                                  
2024-05-17 17:41:54  permanent_dropout (Permane  (None, 1000)              0         
2024-05-17 17:41:54  ntDropout)                                                      
2024-05-17 17:41:54                                                                  
2024-05-17 17:41:54  dense_1 (Dense)             (None, 1000)              1001000   
2024-05-17 17:41:54                                                                  
2024-05-17 17:41:54  permanent_dropout_1 (Perma  (None, 1000)              0         
2024-05-17 17:41:54  nentDropout)                                                    
2024-05-17 17:41:54                                                                  
2024-05-17 17:41:54  dense_2 (Dense)             (None, 1000)              1001000   
2024-05-17 17:41:54                                                                  
2024-05-17 17:41:54  permanent_dropout_2 (Perma  (None, 1000)              0         
2024-05-17 17:41:54  nentDropout)                                                    
2024-05-17 17:41:54                                                                  
2024-05-17 17:41:54 =================================================================
2024-05-17 17:41:54 Total params: 2961000 (11.30 MB)
2024-05-17 17:41:54 Trainable params: 2961000 (11.30 MB)
2024-05-17 17:41:54 Non-trainable params: 0 (0.00 Byte)
2024-05-17 17:41:54 _________________________________________________________________
2024-05-17 17:41:54 Feature encoding submodel for drug.descriptors:
2024-05-17 17:41:54 Model: "drug.descriptors"
2024-05-17 17:41:54 _________________________________________________________________
2024-05-17 17:41:54  Layer (type)                Output Shape              Param #   
2024-05-17 17:41:54 =================================================================
2024-05-17 17:41:54  input_2 (InputLayer)        [(None, 1613)]            0         
2024-05-17 17:41:54                                                                  
2024-05-17 17:41:54  dense_3 (Dense)             (None, 1000)              1614000   
2024-05-17 17:41:54                                                                  
2024-05-17 17:41:54  permanent_dropout_3 (Perma  (None, 1000)              0         
2024-05-17 17:41:54  nentDropout)                                                    
2024-05-17 17:41:54                                                                  
2024-05-17 17:41:54  dense_4 (Dense)             (None, 1000)              1001000   
2024-05-17 17:41:54                                                                  
2024-05-17 17:41:54  permanent_dropout_4 (Perma  (None, 1000)              0         
2024-05-17 17:41:54  nentDropout)                                                    
2024-05-17 17:41:54                                                                  
2024-05-17 17:41:54  dense_5 (Dense)             (None, 1000)              1001000   
2024-05-17 17:41:54                                                                  
2024-05-17 17:41:54  permanent_dropout_5 (Perma  (None, 1000)              0         
2024-05-17 17:41:54  nentDropout)                                                    
2024-05-17 17:41:54                                                                  
2024-05-17 17:41:54 =================================================================
2024-05-17 17:41:54 Total params: 3616000 (13.79 MB)
2024-05-17 17:41:54 Trainable params: 3616000 (13.79 MB)
2024-05-17 17:41:54 Non-trainable params: 0 (0.00 Byte)
2024-05-17 17:41:54 _________________________________________________________________
2024-05-17 17:41:54 Combined model:
2024-05-17 17:41:54 Model: "model"
2024-05-17 17:41:54 __________________________________________________________________________________________________
2024-05-17 17:41:54  Layer (type)                Output Shape                 Param #   Connected to                  
2024-05-17 17:41:54 ==================================================================================================
2024-05-17 17:41:54  input.cell.rnaseq (InputLa  [(None, 958)]                0         []                            
2024-05-17 17:41:54  yer)                                                                                             
2024-05-17 17:41:54                                                                                                   
2024-05-17 17:41:54  input.drug1.descriptors (I  [(None, 1613)]               0         []                            
2024-05-17 17:41:54  nputLayer)                                                                                       
2024-05-17 17:41:54                                                                                                   
2024-05-17 17:41:54  cell.rnaseq (Functional)    (None, 1000)                 2961000   ['input.cell.rnaseq[0][0]']   
2024-05-17 17:41:54                                                                                                   
2024-05-17 17:41:54  drug.descriptors (Function  (None, 1000)                 3616000   ['input.drug1.descriptors[0][0
2024-05-17 17:41:54  al)                                                                ]']                           
2024-05-17 17:41:54                                                                                                   
2024-05-17 17:41:54  concatenate (Concatenate)   (None, 2000)                 0         ['cell.rnaseq[0][0]',         
2024-05-17 17:41:54                                                                      'drug.descriptors[0][0]']    
2024-05-17 17:41:54                                                                                                   
2024-05-17 17:41:54  dense_6 (Dense)             (None, 1000)                 2001000   ['concatenate[0][0]']         
2024-05-17 17:41:54                                                                                                   
2024-05-17 17:41:54  permanent_dropout_6 (Perma  (None, 1000)                 0         ['dense_6[0][0]']             
2024-05-17 17:41:54  nentDropout)                                                                                     
2024-05-17 17:41:54                                                                                                   
2024-05-17 17:41:54  dense_7 (Dense)             (None, 1000)                 1001000   ['permanent_dropout_6[0][0]'] 
2024-05-17 17:41:54                                                                                                   
2024-05-17 17:41:54  permanent_dropout_7 (Perma  (None, 1000)                 0         ['dense_7[0][0]']             
2024-05-17 17:41:54  nentDropout)                                                                                     
2024-05-17 17:41:54                                                                                                   
2024-05-17 17:41:54  dense_8 (Dense)             (None, 1000)                 1001000   ['permanent_dropout_7[0][0]'] 
2024-05-17 17:41:54                                                                                                   
2024-05-17 17:41:54  permanent_dropout_8 (Perma  (None, 1000)                 0         ['dense_8[0][0]']             
2024-05-17 17:41:54  nentDropout)                                                                                     
2024-05-17 17:41:54                                                                                                   
2024-05-17 17:41:54  dense_9 (Dense)             (None, 1000)                 1001000   ['permanent_dropout_8[0][0]'] 
2024-05-17 17:41:54                                                                                                   
2024-05-17 17:41:54  permanent_dropout_9 (Perma  (None, 1000)                 0         ['dense_9[0][0]']             
2024-05-17 17:41:54  nentDropout)                                                                                     
2024-05-17 17:41:54                                                                                                   
2024-05-17 17:41:54  dense_10 (Dense)            (None, 1000)                 1001000   ['permanent_dropout_9[0][0]'] 
2024-05-17 17:41:54                                                                                                   
2024-05-17 17:41:54  permanent_dropout_10 (Perm  (None, 1000)                 0         ['dense_10[0][0]']            
2024-05-17 17:41:54  anentDropout)                                                                                    
2024-05-17 17:41:54                                                                                                   
2024-05-17 17:41:54  dense_11 (Dense)            (None, 1)                    1001      ['permanent_dropout_10[0][0]']
2024-05-17 17:41:54                                                                                                   
2024-05-17 17:41:54 ==================================================================================================
2024-05-17 17:41:54 Total params: 12583001 (48.00 MB)
2024-05-17 17:41:54 Trainable params: 12583001 (48.00 MB)
2024-05-17 17:41:54 Non-trainable params: 0 (0.00 Byte)
2024-05-17 17:41:54 __________________________________________________________________________________________________
2024-05-17 17:41:54 CKPT CONSTRUCT...
2024-05-17 17:41:54 CKPT CONSTRUCT OK.
2024-05-17 17:41:54 template model: <keras.src.engine.functional.Functional object at 0x1531561dcb20>
2024-05-17 17:41:56 COMPILE
2024-05-17 17:41:56 Will save weights to: /dev/shm/Uno/save/8998722.amn-0001/48/0.0.model.h5
2024-05-17 17:42:13 Between random pairs in y_val:
2024-05-17 17:42:13   mse: 0.04815211
2024-05-17 17:42:13   mae: 0.16022440
2024-05-17 17:42:13   r2: -1.00791400
2024-05-17 17:42:13   corr: -0.00395700
2024-05-17 17:42:13 Data points per epoch: train = 468861, val = 117216, test = 1632
2024-05-17 17:42:13 Steps per epoch: train = 14651, val = 3663, test = 51
2024-05-17 17:42:13 Epoch 0: lr=0.001
2024-05-17 17:43:26 [Epoch: 0] loss: 0.036419, mae: 0.079799, r2: -0.167737, val_loss: 0.008768, val_mae: 0.066975, val_r2: 0.581500
2024-05-17 17:43:26 Epoch 1: lr=0.00082
2024-05-17 17:44:38 [Epoch: 1] loss: 0.007978, mae: 0.063873, r2: 0.619279, val_loss: 0.007940, val_mae: 0.062716, val_r2: 0.628457
2024-05-17 17:44:38 Epoch 2: lr=0.00064
2024-05-17 17:45:50 [Epoch: 2] loss: 0.007297, mae: 0.060773, r2: 0.650387, val_loss: 0.007291, val_mae: 0.061229, val_r2: 0.650499
2024-05-17 17:45:50 Epoch 3: lr=0.00046
2024-05-17 17:47:01 [Epoch: 3] loss: 0.006852, mae: 0.058704, r2: 0.671219, val_loss: 0.006888, val_mae: 0.058270, val_r2: 0.670644
2024-05-17 17:47:01 Epoch 4: lr=0.00028
2024-05-17 17:48:13 [Epoch: 4] loss: 0.006459, mae: 0.056916, r2: 0.689414, val_loss: 0.006756, val_mae: 0.057352, val_r2: 0.681645
2024-05-17 17:48:13 Epoch 5: lr=0.0001
2024-05-17 17:49:25 [Epoch: 5] loss: 0.006124, mae: 0.055348, r2: 0.704902, val_loss: 0.006551, val_mae: 0.057405, val_r2: 0.687441
2024-05-17 17:49:25 Epoch 6: lr=0.0001
2024-05-17 17:50:36 [Epoch: 6] loss: 0.006029, mae: 0.054916, r2: 0.709328, val_loss: 0.006518, val_mae: 0.056366, val_r2: 0.689268
2024-05-17 17:50:36 Epoch 7: lr=0.0001
2024-05-17 17:51:48 [Epoch: 7] loss: 0.005960, mae: 0.054592, r2: 0.712450, val_loss: 0.006477, val_mae: 0.056227, val_r2: 0.692393
2024-05-17 17:51:48 Epoch 8: lr=0.0001
2024-05-17 17:53:00 [Epoch: 8] loss: 0.005885, mae: 0.054257, r2: 0.716212, val_loss: 0.006413, val_mae: 0.055864, val_r2: 0.693854
2024-05-17 17:53:00 Epoch 9: lr=0.0001
2024-05-17 17:54:11 [Epoch: 9] loss: 0.005817, mae: 0.053979, r2: 0.719318, val_loss: 0.006404, val_mae: 0.055732, val_r2: 0.695113
2024-05-17 17:54:12 Epoch 10: lr=0.0001
2024-05-17 17:55:23 [Epoch: 10] loss: 0.005757, mae: 0.053697, r2: 0.722085, val_loss: 0.006370, val_mae: 0.055680, val_r2: 0.696247
2024-05-17 17:55:23 Epoch 11: lr=0.0001
2024-05-17 17:56:35 [Epoch: 11] loss: 0.005692, mae: 0.053412, r2: 0.725131, val_loss: 0.006350, val_mae: 0.055734, val_r2: 0.697021
2024-05-17 17:56:35 Epoch 12: lr=0.0001
2024-05-17 17:57:47 [Epoch: 12] loss: 0.005638, mae: 0.053155, r2: 0.727616, val_loss: 0.006348, val_mae: 0.055588, val_r2: 0.695956
2024-05-17 17:57:47 Epoch 13: lr=0.0001
2024-05-17 17:58:58 [Epoch: 13] loss: 0.005589, mae: 0.052902, r2: 0.729869, val_loss: 0.006325, val_mae: 0.055751, val_r2: 0.697965
2024-05-17 17:58:58 Epoch 14: lr=5e-05
2024-05-17 18:00:10 [Epoch: 14] loss: 0.005471, mae: 0.052349, r2: 0.735506, val_loss: 0.006310, val_mae: 0.055497, val_r2: 0.697845
2024-05-17 18:00:10 Epoch 15: lr=5e-05
2024-05-17 18:01:22 [Epoch: 15] loss: 0.005426, mae: 0.052177, r2: 0.737470, val_loss: 0.006295, val_mae: 0.055119, val_r2: 0.698968
2024-05-17 18:01:22 Epoch 16: lr=5e-05
2024-05-17 18:02:33 [Epoch: 16] loss: 0.005398, mae: 0.052022, r2: 0.739125, val_loss: 0.006280, val_mae: 0.055285, val_r2: 0.699021
2024-05-17 18:02:34 Epoch 17: lr=5e-05
2024-05-17 18:03:45 [Epoch: 17] loss: 0.005366, mae: 0.051886, r2: 0.740466, val_loss: 0.006266, val_mae: 0.055259, val_r2: 0.700173
2024-05-17 18:03:45 Epoch 18: lr=5e-05
2024-05-17 18:04:57 [Epoch: 18] loss: 0.005327, mae: 0.051708, r2: 0.742420, val_loss: 0.006252, val_mae: 0.054940, val_r2: 0.700977
2024-05-17 18:04:57 Epoch 19: lr=5e-05
2024-05-17 18:06:09 [Epoch: 19] loss: 0.005310, mae: 0.051638, r2: 0.743254, val_loss: 0.006273, val_mae: 0.055375, val_r2: 0.699803
2024-05-17 18:06:09 Epoch 20: lr=2.5e-05
2024-05-17 18:07:20 [Epoch: 20] loss: 0.005247, mae: 0.051319, r2: 0.745976, val_loss: 0.006258, val_mae: 0.055123, val_r2: 0.701071
2024-05-17 18:07:21 Epoch 21: lr=2.5e-05
2024-05-17 18:08:32 [Epoch: 21] loss: 0.005220, mae: 0.051226, r2: 0.747239, val_loss: 0.006254, val_mae: 0.055128, val_r2: 0.701066
2024-05-17 18:08:32 Epoch 22: lr=2.5e-05
2024-05-17 18:09:44 [Epoch: 22] loss: 0.005206, mae: 0.051130, r2: 0.748013, val_loss: 0.006268, val_mae: 0.054925, val_r2: 0.700825
2024-05-17 18:09:44 Epoch 23: lr=2.5e-05
2024-05-17 18:10:56 [Epoch: 23] loss: 0.005187, mae: 0.051038, r2: 0.748891, val_loss: 0.006255, val_mae: 0.054836, val_r2: 0.700425
2024-05-17 18:10:56 Epoch 24: lr=2.5e-05
2024-05-17 18:12:07 [Epoch: 24] loss: 0.005180, mae: 0.051011, r2: 0.749201, val_loss: 0.006236, val_mae: 0.054884, val_r2: 0.702312
2024-05-17 18:12:07 Epoch 25: lr=1.25e-05
2024-05-17 18:13:19 [Epoch: 25] loss: 0.005138, mae: 0.050835, r2: 0.751152, val_loss: 0.006258, val_mae: 0.054912, val_r2: 0.701208
2024-05-17 18:13:19 Epoch 26: lr=1.25e-05
2024-05-17 18:14:31 [Epoch: 26] loss: 0.005135, mae: 0.050839, r2: 0.751336, val_loss: 0.006237, val_mae: 0.054811, val_r2: 0.702365
2024-05-17 18:14:31 Epoch 27: lr=1.25e-05
2024-05-17 18:15:43 [Epoch: 27] loss: 0.005127, mae: 0.050783, r2: 0.751881, val_loss: 0.006234, val_mae: 0.054946, val_r2: 0.702051
2024-05-17 18:15:43 Epoch 28: lr=1.25e-05
2024-05-17 18:16:54 [Epoch: 28] loss: 0.005111, mae: 0.050714, r2: 0.752595, val_loss: 0.006247, val_mae: 0.054862, val_r2: 0.701323
2024-05-17 18:16:55 Epoch 29: lr=1.25e-05
2024-05-17 18:18:06 [Epoch: 29] loss: 0.005105, mae: 0.050679, r2: 0.752605, val_loss: 0.006263, val_mae: 0.054804, val_r2: 0.700898
2024-05-17 18:18:06 Epoch 30: lr=1e-05
2024-05-17 18:19:18 [Epoch: 30] loss: 0.005102, mae: 0.050640, r2: 0.752878, val_loss: 0.006230, val_mae: 0.054860, val_r2: 0.701513
2024-05-17 18:19:18 Epoch 31: lr=1e-05
2024-05-17 18:20:30 [Epoch: 31] loss: 0.005096, mae: 0.050633, r2: 0.753389, val_loss: 0.006226, val_mae: 0.055028, val_r2: 0.703240
2024-05-17 18:20:30 Epoch 32: lr=1e-05
2024-05-17 18:21:41 [Epoch: 32] loss: 0.005081, mae: 0.050576, r2: 0.753843, val_loss: 0.006243, val_mae: 0.054905, val_r2: 0.700954
2024-05-17 18:21:41 Epoch 33: lr=1e-05
2024-05-17 18:22:53 [Epoch: 33] loss: 0.005081, mae: 0.050549, r2: 0.753966, val_loss: 0.006269, val_mae: 0.054930, val_r2: 0.700135
2024-05-17 18:22:53 Epoch 34: lr=1e-05
2024-05-17 18:24:05 [Epoch: 34] loss: 0.005075, mae: 0.050527, r2: 0.754411, val_loss: 0.006228, val_mae: 0.054817, val_r2: 0.703054
2024-05-17 18:24:05 Epoch 35: lr=1e-05
2024-05-17 18:25:16 [Epoch: 35] loss: 0.005066, mae: 0.050491, r2: 0.754553, val_loss: 0.006238, val_mae: 0.054687, val_r2: 0.701922
2024-05-17 18:25:16 Epoch 36: lr=1e-05
2024-05-17 18:26:28 [Epoch: 36] loss: 0.005058, mae: 0.050454, r2: 0.755026, val_loss: 0.006248, val_mae: 0.054800, val_r2: 0.701468
2024-05-17 18:26:28 Epoch 37: lr=1e-05
2024-05-17 18:27:40 [Epoch: 37] loss: 0.005059, mae: 0.050461, r2: 0.754922, val_loss: 0.006242, val_mae: 0.054768, val_r2: 0.701526
2024-05-17 18:27:40 Epoch 38: lr=1e-05
2024-05-17 18:28:51 [Epoch: 38] loss: 0.005050, mae: 0.050391, r2: 0.755271, val_loss: 0.006231, val_mae: 0.054799, val_r2: 0.701728
2024-05-17 18:28:51 Epoch 39: lr=1e-05
2024-05-17 18:30:02 [Epoch: 39] loss: 0.005041, mae: 0.050371, r2: 0.755711, val_loss: 0.006222, val_mae: 0.054782, val_r2: 0.702697
2024-05-17 18:30:02 Epoch 40: lr=1e-05
2024-05-17 18:31:14 [Epoch: 40] loss: 0.005032, mae: 0.050353, r2: 0.756395, val_loss: 0.006229, val_mae: 0.054709, val_r2: 0.702253
2024-05-17 18:31:14 Epoch 41: lr=1e-05
2024-05-17 18:32:25 [Epoch: 41] loss: 0.005037, mae: 0.050338, r2: 0.756139, val_loss: 0.006232, val_mae: 0.054912, val_r2: 0.701852
2024-05-17 18:32:25 Epoch 42: lr=1e-05
2024-05-17 18:33:36 [Epoch: 42] loss: 0.005028, mae: 0.050312, r2: 0.756322, val_loss: 0.006263, val_mae: 0.054755, val_r2: 0.700520
2024-05-17 18:33:36 Epoch 43: lr=1e-05
2024-05-17 18:34:46 [Epoch: 43] loss: 0.005026, mae: 0.050311, r2: 0.756245, val_loss: 0.006218, val_mae: 0.054762, val_r2: 0.702895
2024-05-17 18:34:47 Epoch 44: lr=1e-05
2024-05-17 18:35:57 [Epoch: 44] loss: 0.005013, mae: 0.050232, r2: 0.757074, val_loss: 0.006242, val_mae: 0.054905, val_r2: 0.701590
2024-05-17 18:35:57 Epoch 45: lr=1e-05
2024-05-17 18:37:07 [Epoch: 45] loss: 0.005013, mae: 0.050240, r2: 0.756927, val_loss: 0.006231, val_mae: 0.054720, val_r2: 0.701975
2024-05-17 18:37:08 Epoch 46: lr=1e-05
2024-05-17 18:38:18 [Epoch: 46] loss: 0.005015, mae: 0.050237, r2: 0.756792, val_loss: 0.006235, val_mae: 0.054764, val_r2: 0.701899
2024-05-17 18:38:18 Epoch 47: lr=1e-05
2024-05-17 18:39:28 [Epoch: 47] loss: 0.005004, mae: 0.050189, r2: 0.757390, val_loss: 0.006215, val_mae: 0.054771, val_r2: 0.703119
2024-05-17 18:39:29 Epoch 48: lr=1e-05
2024-05-17 18:40:39 [Epoch: 48] loss: 0.004991, mae: 0.050130, r2: 0.758119, val_loss: 0.006234, val_mae: 0.054635, val_r2: 0.702286
2024-05-17 18:40:39 Epoch 49: lr=1e-05
2024-05-17 18:41:50 [Epoch: 49] loss: 0.004987, mae: 0.050123, r2: 0.758427, val_loss: 0.006254, val_mae: 0.054800, val_r2: 0.700537
2024-05-17 18:41:50 Epoch 50: lr=1e-05
2024-05-17 18:43:00 [Epoch: 50] loss: 0.004995, mae: 0.050151, r2: 0.757952, val_loss: 0.006225, val_mae: 0.054799, val_r2: 0.702662
2024-05-17 18:43:00 Epoch 51: lr=1e-05
2024-05-17 18:44:10 [Epoch: 51] loss: 0.004974, mae: 0.050051, r2: 0.758849, val_loss: 0.006230, val_mae: 0.054714, val_r2: 0.701812
2024-05-17 18:44:10 Epoch 52: lr=1e-05
2024-05-17 18:45:20 [Epoch: 52] loss: 0.004969, mae: 0.050029, r2: 0.759232, val_loss: 0.006255, val_mae: 0.054996, val_r2: 0.700912
2024-05-17 18:45:21 Epoch 53: lr=1e-05
2024-05-17 18:46:31 [Epoch: 53] loss: 0.004967, mae: 0.050017, r2: 0.759278, val_loss: 0.006232, val_mae: 0.054707, val_r2: 0.701684
2024-05-17 18:46:31 Epoch 54: lr=1e-05
2024-05-17 18:47:41 [Epoch: 54] loss: 0.004966, mae: 0.050018, r2: 0.759183, val_loss: 0.006249, val_mae: 0.054673, val_r2: 0.700778
2024-05-17 18:47:41 Epoch 55: lr=1e-05
2024-05-17 18:48:51 [Epoch: 55] loss: 0.004949, mae: 0.049951, r2: 0.760038, val_loss: 0.006245, val_mae: 0.054911, val_r2: 0.701396
2024-05-17 18:48:51 Epoch 56: lr=1e-05
2024-05-17 18:50:02 [Epoch: 56] loss: 0.004958, mae: 0.049981, r2: 0.759611, val_loss: 0.006217, val_mae: 0.054801, val_r2: 0.702452
2024-05-17 18:50:02 Epoch 57: lr=1e-05
2024-05-17 18:51:12 [Epoch: 57] loss: 0.004955, mae: 0.049961, r2: 0.759681, val_loss: 0.006235, val_mae: 0.054737, val_r2: 0.701806
2024-05-17 18:51:12 history_length: 58
2024-05-17 18:51:12 stopping: early
2024-05-17 18:51:12 Comparing y_true and y_pred:
2024-05-17 18:51:12   mse: 0.01282693
2024-05-17 18:51:12   mae: 0.09095189
2024-05-17 18:51:12   r2: 0.20192823
2024-05-17 18:51:12   corr: 0.60284617
