2024-05-21 14:10:17 UNO RUN ...
2024-05-21 14:10:17 Params: {'model_name': 'uno', 'train_sources': ['CCLE'], 'test_sources': ['train'], 'cell_types': None, 'cell_features': ['rnaseq'], 'drug_features': ['descriptors'], 'dense': [1000, 1000, 1000, 1000, 1000], 'dense_feature_layers': [1000, 1000, 1000], 'activation': 'relu', 'loss': 'mse', 'optimizer': 'adamax', 'scaling': 'std', 'dropout': 0.1, 'epochs': 50, 'batch_size': 32, 'val_split': 0.2, 'cv': 1, 'max_val_loss': 1.0, 'learning_rate': 0.0001, 'base_lr': None, 'agg_dose': 'AUC', 'residual': False, 'reduce_lr': True, 'warmup_lr': True, 'batch_normalization': False, 'feature_subsample': 0, 'rng_seed': 2018, 'no_gen': False, 'verbose': False, 'preprocess_rnaseq': 'source_scale', 'gpus': [0], 'use_landmark_genes': True, 'no_feature_source': True, 'no_response_source': True, 'save_path': '/dev/shm/Uno/save/8999967.amn-0001/112', 'single': True, 'on_memory_loader': True, 'ckpt_checksum': True, 'ckpt_save_interval': 0, 'timeout': -1, 'train_bool': True, 'profiling': False, 'experiment_id': '8999967.amn-0001', 'run_id': '112', 'logfile': '/dev/shm/Uno/save/8999967.amn-0001/112/python.log', 'shuffle': False, 'ckpt_restart_mode': 'off', 'ckpt_skip_epochs': 0, 'ckpt_directory': '/dev/shm/Uno/save/8999967.amn-0001/112', 'ckpt_save_best': True, 'ckpt_save_best_metric': 'val_loss', 'ckpt_save_weights_only': False, 'ckpt_keep_mode': 'linear', 'ckpt_keep_limit': 5, 'by_cell': None, 'by_drug': None, 'cell_subset_path': '', 'drug_subset_path': '', 'drug_median_response_min': -1, 'drug_median_response_max': 1, 'dense_cell_feature_layers': None, 'dense_drug_feature_layers': None, 'use_filtered_genes': False, 'feature_subset_path': '', 'cell_feature_subset_path': '', 'drug_feature_subset_path': '', 'es': True, 'cp': False, 'tb': False, 'tb_prefix': 'tb', 'partition_by': None, 'cache': None, 'export_csv': None, 'export_data': None, 'use_exported_data': '/dev/shm/Uno/x1922c7s0b0n0.112.merged.landmark.h5', 'growth_bins': 0, 'initial_weights': None, 'save_weights': '/dev/shm/Uno/save/8999967.amn-0001/112/2.0.model.h5', 'config_file': '/home/brettin/CSC249ADOA01_CNDA/brettin/Benchmarks/Pilot1/Uno/uno_auc_model.txt', 'data_type': <class 'numpy.float32'>, 'data_dir': '/dev/shm/Uno/uno/Data', 'output_dir': '/dev/shm/Uno/uno/Output/8999967.amn-0001/112'}
2024-05-21 14:10:17 Feature encoding submodel for cell.rnaseq:
2024-05-21 14:10:17 Model: "cell.rnaseq"
2024-05-21 14:10:17 _________________________________________________________________
2024-05-21 14:10:17  Layer (type)                Output Shape              Param #   
2024-05-21 14:10:17 =================================================================
2024-05-21 14:10:17  input_1 (InputLayer)        [(None, 958)]             0         
2024-05-21 14:10:17                                                                  
2024-05-21 14:10:17  dense (Dense)               (None, 1000)              959000    
2024-05-21 14:10:17                                                                  
2024-05-21 14:10:17  permanent_dropout (Permane  (None, 1000)              0         
2024-05-21 14:10:17  ntDropout)                                                      
2024-05-21 14:10:17                                                                  
2024-05-21 14:10:17  dense_1 (Dense)             (None, 1000)              1001000   
2024-05-21 14:10:17                                                                  
2024-05-21 14:10:17  permanent_dropout_1 (Perma  (None, 1000)              0         
2024-05-21 14:10:17  nentDropout)                                                    
2024-05-21 14:10:17                                                                  
2024-05-21 14:10:17  dense_2 (Dense)             (None, 1000)              1001000   
2024-05-21 14:10:17                                                                  
2024-05-21 14:10:17  permanent_dropout_2 (Perma  (None, 1000)              0         
2024-05-21 14:10:17  nentDropout)                                                    
2024-05-21 14:10:17                                                                  
2024-05-21 14:10:17 =================================================================
2024-05-21 14:10:17 Total params: 2961000 (11.30 MB)
2024-05-21 14:10:17 Trainable params: 2961000 (11.30 MB)
2024-05-21 14:10:17 Non-trainable params: 0 (0.00 Byte)
2024-05-21 14:10:17 _________________________________________________________________
2024-05-21 14:10:17 Feature encoding submodel for drug.descriptors:
2024-05-21 14:10:17 Model: "drug.descriptors"
2024-05-21 14:10:17 _________________________________________________________________
2024-05-21 14:10:17  Layer (type)                Output Shape              Param #   
2024-05-21 14:10:17 =================================================================
2024-05-21 14:10:17  input_2 (InputLayer)        [(None, 1613)]            0         
2024-05-21 14:10:17                                                                  
2024-05-21 14:10:17  dense_3 (Dense)             (None, 1000)              1614000   
2024-05-21 14:10:17                                                                  
2024-05-21 14:10:17  permanent_dropout_3 (Perma  (None, 1000)              0         
2024-05-21 14:10:17  nentDropout)                                                    
2024-05-21 14:10:17                                                                  
2024-05-21 14:10:17  dense_4 (Dense)             (None, 1000)              1001000   
2024-05-21 14:10:17                                                                  
2024-05-21 14:10:17  permanent_dropout_4 (Perma  (None, 1000)              0         
2024-05-21 14:10:17  nentDropout)                                                    
2024-05-21 14:10:17                                                                  
2024-05-21 14:10:17  dense_5 (Dense)             (None, 1000)              1001000   
2024-05-21 14:10:17                                                                  
2024-05-21 14:10:17  permanent_dropout_5 (Perma  (None, 1000)              0         
2024-05-21 14:10:17  nentDropout)                                                    
2024-05-21 14:10:17                                                                  
2024-05-21 14:10:17 =================================================================
2024-05-21 14:10:17 Total params: 3616000 (13.79 MB)
2024-05-21 14:10:17 Trainable params: 3616000 (13.79 MB)
2024-05-21 14:10:17 Non-trainable params: 0 (0.00 Byte)
2024-05-21 14:10:17 _________________________________________________________________
2024-05-21 14:10:17 Combined model:
2024-05-21 14:10:17 Model: "model"
2024-05-21 14:10:17 __________________________________________________________________________________________________
2024-05-21 14:10:17  Layer (type)                Output Shape                 Param #   Connected to                  
2024-05-21 14:10:17 ==================================================================================================
2024-05-21 14:10:17  input.cell.rnaseq (InputLa  [(None, 958)]                0         []                            
2024-05-21 14:10:17  yer)                                                                                             
2024-05-21 14:10:17                                                                                                   
2024-05-21 14:10:17  input.drug1.descriptors (I  [(None, 1613)]               0         []                            
2024-05-21 14:10:17  nputLayer)                                                                                       
2024-05-21 14:10:17                                                                                                   
2024-05-21 14:10:17  cell.rnaseq (Functional)    (None, 1000)                 2961000   ['input.cell.rnaseq[0][0]']   
2024-05-21 14:10:17                                                                                                   
2024-05-21 14:10:17  drug.descriptors (Function  (None, 1000)                 3616000   ['input.drug1.descriptors[0][0
2024-05-21 14:10:17  al)                                                                ]']                           
2024-05-21 14:10:17                                                                                                   
2024-05-21 14:10:17  concatenate (Concatenate)   (None, 2000)                 0         ['cell.rnaseq[0][0]',         
2024-05-21 14:10:17                                                                      'drug.descriptors[0][0]']    
2024-05-21 14:10:17                                                                                                   
2024-05-21 14:10:17  dense_6 (Dense)             (None, 1000)                 2001000   ['concatenate[0][0]']         
2024-05-21 14:10:17                                                                                                   
2024-05-21 14:10:17  permanent_dropout_6 (Perma  (None, 1000)                 0         ['dense_6[0][0]']             
2024-05-21 14:10:17  nentDropout)                                                                                     
2024-05-21 14:10:17                                                                                                   
2024-05-21 14:10:17  dense_7 (Dense)             (None, 1000)                 1001000   ['permanent_dropout_6[0][0]'] 
2024-05-21 14:10:17                                                                                                   
2024-05-21 14:10:17  permanent_dropout_7 (Perma  (None, 1000)                 0         ['dense_7[0][0]']             
2024-05-21 14:10:17  nentDropout)                                                                                     
2024-05-21 14:10:17                                                                                                   
2024-05-21 14:10:17  dense_8 (Dense)             (None, 1000)                 1001000   ['permanent_dropout_7[0][0]'] 
2024-05-21 14:10:17                                                                                                   
2024-05-21 14:10:17  permanent_dropout_8 (Perma  (None, 1000)                 0         ['dense_8[0][0]']             
2024-05-21 14:10:17  nentDropout)                                                                                     
2024-05-21 14:10:17                                                                                                   
2024-05-21 14:10:17  dense_9 (Dense)             (None, 1000)                 1001000   ['permanent_dropout_8[0][0]'] 
2024-05-21 14:10:17                                                                                                   
2024-05-21 14:10:17  permanent_dropout_9 (Perma  (None, 1000)                 0         ['dense_9[0][0]']             
2024-05-21 14:10:17  nentDropout)                                                                                     
2024-05-21 14:10:17                                                                                                   
2024-05-21 14:10:17  dense_10 (Dense)            (None, 1000)                 1001000   ['permanent_dropout_9[0][0]'] 
2024-05-21 14:10:17                                                                                                   
2024-05-21 14:10:17  permanent_dropout_10 (Perm  (None, 1000)                 0         ['dense_10[0][0]']            
2024-05-21 14:10:17  anentDropout)                                                                                    
2024-05-21 14:10:17                                                                                                   
2024-05-21 14:10:17  dense_11 (Dense)            (None, 1)                    1001      ['permanent_dropout_10[0][0]']
2024-05-21 14:10:17                                                                                                   
2024-05-21 14:10:17 ==================================================================================================
2024-05-21 14:10:17 Total params: 12583001 (48.00 MB)
2024-05-21 14:10:17 Trainable params: 12583001 (48.00 MB)
2024-05-21 14:10:17 Non-trainable params: 0 (0.00 Byte)
2024-05-21 14:10:17 __________________________________________________________________________________________________
2024-05-21 14:10:17 CKPT CONSTRUCT...
2024-05-21 14:10:17 CKPT CONSTRUCT OK.
2024-05-21 14:10:17 template model: <keras.src.engine.functional.Functional object at 0x14cf3d7e4d30>
2024-05-21 14:10:19 COMPILE
2024-05-21 14:10:19 Will save weights to: /dev/shm/Uno/save/8999967.amn-0001/112/2.0.model.h5
2024-05-21 14:10:35 Between random pairs in y_val:
2024-05-21 14:10:35   mse: 0.04736058
2024-05-21 14:10:35   mae: 0.15963225
2024-05-21 14:10:35   r2: -0.99675380
2024-05-21 14:10:35   corr: 0.00162310
2024-05-21 14:10:35 Data points per epoch: train = 469196, val = 117299, test = 1214
2024-05-21 14:10:35 Steps per epoch: train = 14662, val = 3665, test = 37
2024-05-21 14:10:35 Epoch 0: lr=0.001
2024-05-21 14:11:49 [Epoch: 0] loss: 0.024605, mae: 0.079698, r2: -0.657048, val_loss: 0.008915, val_mae: 0.068182, val_r2: 0.590495
2024-05-21 14:11:49 Epoch 1: lr=0.00082
2024-05-21 14:13:01 [Epoch: 1] loss: 0.007983, mae: 0.063923, r2: 0.620584, val_loss: 0.007566, val_mae: 0.062148, val_r2: 0.642759
2024-05-21 14:13:01 Epoch 2: lr=0.00064
2024-05-21 14:14:13 [Epoch: 2] loss: 0.007325, mae: 0.060804, r2: 0.651094, val_loss: 0.007193, val_mae: 0.061013, val_r2: 0.656590
2024-05-21 14:14:13 Epoch 3: lr=0.00046
2024-05-21 14:15:24 [Epoch: 3] loss: 0.006850, mae: 0.058721, r2: 0.672621, val_loss: 0.006817, val_mae: 0.058305, val_r2: 0.676661
2024-05-21 14:15:24 Epoch 4: lr=0.00028
2024-05-21 14:16:36 [Epoch: 4] loss: 0.006463, mae: 0.056896, r2: 0.690492, val_loss: 0.006639, val_mae: 0.058659, val_r2: 0.684646
2024-05-21 14:16:36 Epoch 5: lr=0.0001
2024-05-21 14:17:47 [Epoch: 5] loss: 0.006123, mae: 0.055324, r2: 0.706244, val_loss: 0.006413, val_mae: 0.056267, val_r2: 0.693011
2024-05-21 14:17:48 Epoch 6: lr=0.0001
2024-05-21 14:18:59 [Epoch: 6] loss: 0.006011, mae: 0.054802, r2: 0.711519, val_loss: 0.006349, val_mae: 0.056257, val_r2: 0.697629
2024-05-21 14:19:00 Epoch 7: lr=0.0001
2024-05-21 14:20:11 [Epoch: 7] loss: 0.005926, mae: 0.054411, r2: 0.715510, val_loss: 0.006294, val_mae: 0.056288, val_r2: 0.698992
2024-05-21 14:20:12 Epoch 8: lr=0.0001
2024-05-21 14:21:23 [Epoch: 8] loss: 0.005864, mae: 0.054158, r2: 0.718105, val_loss: 0.006256, val_mae: 0.055792, val_r2: 0.701938
2024-05-21 14:21:23 Epoch 9: lr=0.0001
2024-05-21 14:22:35 [Epoch: 9] loss: 0.005792, mae: 0.053810, r2: 0.721448, val_loss: 0.006254, val_mae: 0.055599, val_r2: 0.702744
2024-05-21 14:22:35 Epoch 10: lr=0.0001
2024-05-21 14:23:47 [Epoch: 10] loss: 0.005720, mae: 0.053522, r2: 0.724892, val_loss: 0.006225, val_mae: 0.055533, val_r2: 0.702408
2024-05-21 14:23:47 Epoch 11: lr=0.0001
2024-05-21 14:24:59 [Epoch: 11] loss: 0.005669, mae: 0.053278, r2: 0.727340, val_loss: 0.006216, val_mae: 0.055065, val_r2: 0.703136
2024-05-21 14:24:59 Epoch 12: lr=0.0001
2024-05-21 14:26:11 [Epoch: 12] loss: 0.005615, mae: 0.053007, r2: 0.729728, val_loss: 0.006198, val_mae: 0.055335, val_r2: 0.704605
2024-05-21 14:26:11 Epoch 13: lr=5e-05
2024-05-21 14:27:22 [Epoch: 13] loss: 0.005486, mae: 0.052395, r2: 0.735906, val_loss: 0.006122, val_mae: 0.055269, val_r2: 0.707064
2024-05-21 14:27:23 Epoch 14: lr=5e-05
2024-05-21 14:28:34 [Epoch: 14] loss: 0.005453, mae: 0.052272, r2: 0.737481, val_loss: 0.006127, val_mae: 0.055286, val_r2: 0.707686
2024-05-21 14:28:34 Epoch 15: lr=5e-05
2024-05-21 14:29:46 [Epoch: 15] loss: 0.005423, mae: 0.052133, r2: 0.738665, val_loss: 0.006099, val_mae: 0.054864, val_r2: 0.708549
2024-05-21 14:29:46 Epoch 16: lr=5e-05
2024-05-21 14:30:58 [Epoch: 16] loss: 0.005380, mae: 0.051950, r2: 0.740716, val_loss: 0.006140, val_mae: 0.054591, val_r2: 0.706976
2024-05-21 14:30:58 Epoch 17: lr=5e-05
2024-05-21 14:32:10 [Epoch: 17] loss: 0.005364, mae: 0.051838, r2: 0.741194, val_loss: 0.006100, val_mae: 0.054857, val_r2: 0.708368
2024-05-21 14:32:10 Epoch 18: lr=5e-05
2024-05-21 14:33:22 [Epoch: 18] loss: 0.005332, mae: 0.051735, r2: 0.743151, val_loss: 0.006131, val_mae: 0.054588, val_r2: 0.707452
2024-05-21 14:33:22 Epoch 19: lr=2.5e-05
2024-05-21 14:34:34 [Epoch: 19] loss: 0.005263, mae: 0.051364, r2: 0.746162, val_loss: 0.006114, val_mae: 0.055001, val_r2: 0.707841
2024-05-21 14:34:34 Epoch 20: lr=2.5e-05
2024-05-21 14:35:45 [Epoch: 20] loss: 0.005237, mae: 0.051282, r2: 0.747558, val_loss: 0.006103, val_mae: 0.055012, val_r2: 0.707932
2024-05-21 14:35:45 Epoch 21: lr=2.5e-05
2024-05-21 14:36:56 [Epoch: 21] loss: 0.005223, mae: 0.051181, r2: 0.747985, val_loss: 0.006091, val_mae: 0.054563, val_r2: 0.708335
2024-05-21 14:36:56 Epoch 22: lr=2.5e-05
2024-05-21 14:38:08 [Epoch: 22] loss: 0.005215, mae: 0.051138, r2: 0.748438, val_loss: 0.006086, val_mae: 0.054727, val_r2: 0.710006
2024-05-21 14:38:08 Epoch 23: lr=2.5e-05
2024-05-21 14:39:19 [Epoch: 23] loss: 0.005190, mae: 0.051042, r2: 0.749603, val_loss: 0.006077, val_mae: 0.054658, val_r2: 0.709210
2024-05-21 14:39:19 Epoch 24: lr=1.25e-05
2024-05-21 14:40:30 [Epoch: 24] loss: 0.005160, mae: 0.050874, r2: 0.751065, val_loss: 0.006090, val_mae: 0.054631, val_r2: 0.708806
2024-05-21 14:40:30 Epoch 25: lr=1.25e-05
2024-05-21 14:41:41 [Epoch: 25] loss: 0.005161, mae: 0.050883, r2: 0.751105, val_loss: 0.006065, val_mae: 0.054693, val_r2: 0.710305
2024-05-21 14:41:41 Epoch 26: lr=1.25e-05
2024-05-21 14:42:53 [Epoch: 26] loss: 0.005144, mae: 0.050802, r2: 0.751702, val_loss: 0.006106, val_mae: 0.054666, val_r2: 0.708433
2024-05-21 14:42:53 Epoch 27: lr=1.25e-05
2024-05-21 14:44:04 [Epoch: 27] loss: 0.005137, mae: 0.050750, r2: 0.751916, val_loss: 0.006081, val_mae: 0.054788, val_r2: 0.708953
2024-05-21 14:44:04 Epoch 28: lr=1.25e-05
2024-05-21 14:45:15 [Epoch: 28] loss: 0.005126, mae: 0.050719, r2: 0.752597, val_loss: 0.006084, val_mae: 0.054792, val_r2: 0.709114
2024-05-21 14:45:15 Epoch 29: lr=1e-05
2024-05-21 14:46:26 [Epoch: 29] loss: 0.005113, mae: 0.050643, r2: 0.753320, val_loss: 0.006100, val_mae: 0.054606, val_r2: 0.708645
2024-05-21 14:46:27 Epoch 30: lr=1e-05
2024-05-21 14:47:38 [Epoch: 30] loss: 0.005115, mae: 0.050681, r2: 0.753096, val_loss: 0.006096, val_mae: 0.054917, val_r2: 0.708826
2024-05-21 14:47:38 Epoch 31: lr=1e-05
2024-05-21 14:48:49 [Epoch: 31] loss: 0.005108, mae: 0.050645, r2: 0.753466, val_loss: 0.006072, val_mae: 0.054570, val_r2: 0.709493
2024-05-21 14:48:49 Epoch 32: lr=1e-05
2024-05-21 14:50:00 [Epoch: 32] loss: 0.005096, mae: 0.050604, r2: 0.753617, val_loss: 0.006081, val_mae: 0.054468, val_r2: 0.709541
2024-05-21 14:50:00 Epoch 33: lr=1e-05
2024-05-21 14:51:11 [Epoch: 33] loss: 0.005089, mae: 0.050552, r2: 0.754366, val_loss: 0.006037, val_mae: 0.054492, val_r2: 0.710879
2024-05-21 14:51:12 Epoch 34: lr=1e-05
2024-05-21 14:52:23 [Epoch: 34] loss: 0.005088, mae: 0.050551, r2: 0.754463, val_loss: 0.006071, val_mae: 0.054507, val_r2: 0.710368
2024-05-21 14:52:23 Epoch 35: lr=1e-05
2024-05-21 14:53:34 [Epoch: 35] loss: 0.005069, mae: 0.050476, r2: 0.755234, val_loss: 0.006066, val_mae: 0.054470, val_r2: 0.709856
2024-05-21 14:53:34 Epoch 36: lr=1e-05
2024-05-21 14:54:46 [Epoch: 36] loss: 0.005071, mae: 0.050485, r2: 0.755161, val_loss: 0.006084, val_mae: 0.054435, val_r2: 0.709304
2024-05-21 14:54:46 Epoch 37: lr=1e-05
2024-05-21 14:55:57 [Epoch: 37] loss: 0.005065, mae: 0.050448, r2: 0.755292, val_loss: 0.006069, val_mae: 0.054458, val_r2: 0.709711
2024-05-21 14:55:57 Epoch 38: lr=1e-05
2024-05-21 14:57:09 [Epoch: 38] loss: 0.005059, mae: 0.050404, r2: 0.755748, val_loss: 0.006082, val_mae: 0.054492, val_r2: 0.709358
2024-05-21 14:57:09 Epoch 39: lr=1e-05
2024-05-21 14:58:21 [Epoch: 39] loss: 0.005062, mae: 0.050425, r2: 0.755740, val_loss: 0.006106, val_mae: 0.054629, val_r2: 0.707910
2024-05-21 14:58:21 Epoch 40: lr=1e-05
2024-05-21 14:59:32 [Epoch: 40] loss: 0.005046, mae: 0.050333, r2: 0.756176, val_loss: 0.006084, val_mae: 0.054584, val_r2: 0.709283
2024-05-21 14:59:32 Epoch 41: lr=1e-05
2024-05-21 15:00:44 [Epoch: 41] loss: 0.005024, mae: 0.050265, r2: 0.757405, val_loss: 0.006075, val_mae: 0.054622, val_r2: 0.708842
2024-05-21 15:00:44 Epoch 42: lr=1e-05
2024-05-21 15:01:56 [Epoch: 42] loss: 0.005035, mae: 0.050313, r2: 0.756602, val_loss: 0.006103, val_mae: 0.054552, val_r2: 0.708423
2024-05-21 15:01:56 Epoch 43: lr=1e-05
2024-05-21 15:03:08 [Epoch: 43] loss: 0.005032, mae: 0.050288, r2: 0.757052, val_loss: 0.006090, val_mae: 0.054619, val_r2: 0.709241
2024-05-21 15:03:08 history_length: 44
2024-05-21 15:03:08 stopping: early
2024-05-21 15:03:08 Comparing y_true and y_pred:
2024-05-21 15:03:08   mse: 0.00838485
2024-05-21 15:03:08   mae: 0.07377318
2024-05-21 15:03:08   r2: -0.09786140
2024-05-21 15:03:08   corr: 0.23665645
