2024-05-21 14:10:17 UNO RUN ...
2024-05-21 14:10:17 Params: {'model_name': 'uno', 'train_sources': ['CCLE'], 'test_sources': ['train'], 'cell_types': None, 'cell_features': ['rnaseq'], 'drug_features': ['descriptors'], 'dense': [1000, 1000, 1000, 1000, 1000], 'dense_feature_layers': [1000, 1000, 1000], 'activation': 'relu', 'loss': 'mse', 'optimizer': 'adamax', 'scaling': 'std', 'dropout': 0.1, 'epochs': 50, 'batch_size': 32, 'val_split': 0.2, 'cv': 1, 'max_val_loss': 1.0, 'learning_rate': 0.0001, 'base_lr': None, 'agg_dose': 'AUC', 'residual': False, 'reduce_lr': True, 'warmup_lr': True, 'batch_normalization': False, 'feature_subsample': 0, 'rng_seed': 2018, 'no_gen': False, 'verbose': False, 'preprocess_rnaseq': 'source_scale', 'gpus': [0], 'use_landmark_genes': True, 'no_feature_source': True, 'no_response_source': True, 'save_path': '/dev/shm/Uno/save/8999967.amn-0001/100', 'single': True, 'on_memory_loader': True, 'ckpt_checksum': True, 'ckpt_save_interval': 0, 'timeout': -1, 'train_bool': True, 'profiling': False, 'experiment_id': '8999967.amn-0001', 'run_id': '100', 'logfile': '/dev/shm/Uno/save/8999967.amn-0001/100/python.log', 'shuffle': False, 'ckpt_restart_mode': 'off', 'ckpt_skip_epochs': 0, 'ckpt_directory': '/dev/shm/Uno/save/8999967.amn-0001/100', 'ckpt_save_best': True, 'ckpt_save_best_metric': 'val_loss', 'ckpt_save_weights_only': False, 'ckpt_keep_mode': 'linear', 'ckpt_keep_limit': 5, 'by_cell': None, 'by_drug': None, 'cell_subset_path': '', 'drug_subset_path': '', 'drug_median_response_min': -1, 'drug_median_response_max': 1, 'dense_cell_feature_layers': None, 'dense_drug_feature_layers': None, 'use_filtered_genes': False, 'feature_subset_path': '', 'cell_feature_subset_path': '', 'drug_feature_subset_path': '', 'es': True, 'cp': False, 'tb': False, 'tb_prefix': 'tb', 'partition_by': None, 'cache': None, 'export_csv': None, 'export_data': None, 'use_exported_data': '/dev/shm/Uno/x1922c6s5b0n0.100.merged.landmark.h5', 'growth_bins': 0, 'initial_weights': None, 'save_weights': '/dev/shm/Uno/save/8999967.amn-0001/100/2.0.model.h5', 'config_file': '/home/brettin/CSC249ADOA01_CNDA/brettin/Benchmarks/Pilot1/Uno/uno_auc_model.txt', 'data_type': <class 'numpy.float32'>, 'data_dir': '/dev/shm/Uno/uno/Data', 'output_dir': '/dev/shm/Uno/uno/Output/8999967.amn-0001/100'}
2024-05-21 14:10:17 Feature encoding submodel for cell.rnaseq:
2024-05-21 14:10:17 Model: "cell.rnaseq"
2024-05-21 14:10:17 _________________________________________________________________
2024-05-21 14:10:17  Layer (type)                Output Shape              Param #   
2024-05-21 14:10:17 =================================================================
2024-05-21 14:10:17  input_1 (InputLayer)        [(None, 958)]             0         
2024-05-21 14:10:17                                                                  
2024-05-21 14:10:17  dense (Dense)               (None, 1000)              959000    
2024-05-21 14:10:17                                                                  
2024-05-21 14:10:17  permanent_dropout (Permane  (None, 1000)              0         
2024-05-21 14:10:17  ntDropout)                                                      
2024-05-21 14:10:17                                                                  
2024-05-21 14:10:17  dense_1 (Dense)             (None, 1000)              1001000   
2024-05-21 14:10:17                                                                  
2024-05-21 14:10:17  permanent_dropout_1 (Perma  (None, 1000)              0         
2024-05-21 14:10:17  nentDropout)                                                    
2024-05-21 14:10:17                                                                  
2024-05-21 14:10:17  dense_2 (Dense)             (None, 1000)              1001000   
2024-05-21 14:10:17                                                                  
2024-05-21 14:10:17  permanent_dropout_2 (Perma  (None, 1000)              0         
2024-05-21 14:10:17  nentDropout)                                                    
2024-05-21 14:10:17                                                                  
2024-05-21 14:10:17 =================================================================
2024-05-21 14:10:17 Total params: 2961000 (11.30 MB)
2024-05-21 14:10:17 Trainable params: 2961000 (11.30 MB)
2024-05-21 14:10:17 Non-trainable params: 0 (0.00 Byte)
2024-05-21 14:10:17 _________________________________________________________________
2024-05-21 14:10:17 Feature encoding submodel for drug.descriptors:
2024-05-21 14:10:17 Model: "drug.descriptors"
2024-05-21 14:10:17 _________________________________________________________________
2024-05-21 14:10:17  Layer (type)                Output Shape              Param #   
2024-05-21 14:10:17 =================================================================
2024-05-21 14:10:17  input_2 (InputLayer)        [(None, 1613)]            0         
2024-05-21 14:10:17                                                                  
2024-05-21 14:10:17  dense_3 (Dense)             (None, 1000)              1614000   
2024-05-21 14:10:17                                                                  
2024-05-21 14:10:17  permanent_dropout_3 (Perma  (None, 1000)              0         
2024-05-21 14:10:17  nentDropout)                                                    
2024-05-21 14:10:17                                                                  
2024-05-21 14:10:17  dense_4 (Dense)             (None, 1000)              1001000   
2024-05-21 14:10:17                                                                  
2024-05-21 14:10:17  permanent_dropout_4 (Perma  (None, 1000)              0         
2024-05-21 14:10:17  nentDropout)                                                    
2024-05-21 14:10:17                                                                  
2024-05-21 14:10:17  dense_5 (Dense)             (None, 1000)              1001000   
2024-05-21 14:10:17                                                                  
2024-05-21 14:10:17  permanent_dropout_5 (Perma  (None, 1000)              0         
2024-05-21 14:10:17  nentDropout)                                                    
2024-05-21 14:10:17                                                                  
2024-05-21 14:10:17 =================================================================
2024-05-21 14:10:17 Total params: 3616000 (13.79 MB)
2024-05-21 14:10:17 Trainable params: 3616000 (13.79 MB)
2024-05-21 14:10:17 Non-trainable params: 0 (0.00 Byte)
2024-05-21 14:10:17 _________________________________________________________________
2024-05-21 14:10:17 Combined model:
2024-05-21 14:10:17 Model: "model"
2024-05-21 14:10:17 __________________________________________________________________________________________________
2024-05-21 14:10:17  Layer (type)                Output Shape                 Param #   Connected to                  
2024-05-21 14:10:17 ==================================================================================================
2024-05-21 14:10:17  input.cell.rnaseq (InputLa  [(None, 958)]                0         []                            
2024-05-21 14:10:17  yer)                                                                                             
2024-05-21 14:10:17                                                                                                   
2024-05-21 14:10:17  input.drug1.descriptors (I  [(None, 1613)]               0         []                            
2024-05-21 14:10:17  nputLayer)                                                                                       
2024-05-21 14:10:17                                                                                                   
2024-05-21 14:10:17  cell.rnaseq (Functional)    (None, 1000)                 2961000   ['input.cell.rnaseq[0][0]']   
2024-05-21 14:10:17                                                                                                   
2024-05-21 14:10:17  drug.descriptors (Function  (None, 1000)                 3616000   ['input.drug1.descriptors[0][0
2024-05-21 14:10:17  al)                                                                ]']                           
2024-05-21 14:10:17                                                                                                   
2024-05-21 14:10:17  concatenate (Concatenate)   (None, 2000)                 0         ['cell.rnaseq[0][0]',         
2024-05-21 14:10:17                                                                      'drug.descriptors[0][0]']    
2024-05-21 14:10:17                                                                                                   
2024-05-21 14:10:17  dense_6 (Dense)             (None, 1000)                 2001000   ['concatenate[0][0]']         
2024-05-21 14:10:17                                                                                                   
2024-05-21 14:10:17  permanent_dropout_6 (Perma  (None, 1000)                 0         ['dense_6[0][0]']             
2024-05-21 14:10:17  nentDropout)                                                                                     
2024-05-21 14:10:17                                                                                                   
2024-05-21 14:10:17  dense_7 (Dense)             (None, 1000)                 1001000   ['permanent_dropout_6[0][0]'] 
2024-05-21 14:10:17                                                                                                   
2024-05-21 14:10:17  permanent_dropout_7 (Perma  (None, 1000)                 0         ['dense_7[0][0]']             
2024-05-21 14:10:17  nentDropout)                                                                                     
2024-05-21 14:10:17                                                                                                   
2024-05-21 14:10:17  dense_8 (Dense)             (None, 1000)                 1001000   ['permanent_dropout_7[0][0]'] 
2024-05-21 14:10:17                                                                                                   
2024-05-21 14:10:17  permanent_dropout_8 (Perma  (None, 1000)                 0         ['dense_8[0][0]']             
2024-05-21 14:10:17  nentDropout)                                                                                     
2024-05-21 14:10:17                                                                                                   
2024-05-21 14:10:17  dense_9 (Dense)             (None, 1000)                 1001000   ['permanent_dropout_8[0][0]'] 
2024-05-21 14:10:17                                                                                                   
2024-05-21 14:10:17  permanent_dropout_9 (Perma  (None, 1000)                 0         ['dense_9[0][0]']             
2024-05-21 14:10:17  nentDropout)                                                                                     
2024-05-21 14:10:17                                                                                                   
2024-05-21 14:10:17  dense_10 (Dense)            (None, 1000)                 1001000   ['permanent_dropout_9[0][0]'] 
2024-05-21 14:10:17                                                                                                   
2024-05-21 14:10:17  permanent_dropout_10 (Perm  (None, 1000)                 0         ['dense_10[0][0]']            
2024-05-21 14:10:17  anentDropout)                                                                                    
2024-05-21 14:10:17                                                                                                   
2024-05-21 14:10:17  dense_11 (Dense)            (None, 1)                    1001      ['permanent_dropout_10[0][0]']
2024-05-21 14:10:17                                                                                                   
2024-05-21 14:10:17 ==================================================================================================
2024-05-21 14:10:17 Total params: 12583001 (48.00 MB)
2024-05-21 14:10:17 Trainable params: 12583001 (48.00 MB)
2024-05-21 14:10:17 Non-trainable params: 0 (0.00 Byte)
2024-05-21 14:10:17 __________________________________________________________________________________________________
2024-05-21 14:10:17 CKPT CONSTRUCT...
2024-05-21 14:10:17 CKPT CONSTRUCT OK.
2024-05-21 14:10:17 template model: <keras.src.engine.functional.Functional object at 0x14d6cbc5db80>
2024-05-21 14:10:19 COMPILE
2024-05-21 14:10:19 Will save weights to: /dev/shm/Uno/save/8999967.amn-0001/100/2.0.model.h5
2024-05-21 14:10:36 Between random pairs in y_val:
2024-05-21 14:10:36   mse: 0.04743102
2024-05-21 14:10:36   mae: 0.15920981
2024-05-21 14:10:36   r2: -0.99047244
2024-05-21 14:10:36   corr: 0.00476378
2024-05-21 14:10:36 Data points per epoch: train = 469756, val = 117440, test = 513
2024-05-21 14:10:36 Steps per epoch: train = 14679, val = 3670, test = 16
2024-05-21 14:10:36 Epoch 0: lr=0.001
2024-05-21 14:11:50 [Epoch: 0] loss: 0.027824, mae: 0.079421, r2: -0.484712, val_loss: 0.008759, val_mae: 0.066263, val_r2: 0.588447
2024-05-21 14:11:50 Epoch 1: lr=0.00082
2024-05-21 14:13:02 [Epoch: 1] loss: 0.008012, mae: 0.064039, r2: 0.622433, val_loss: 0.007683, val_mae: 0.061836, val_r2: 0.635008
2024-05-21 14:13:02 Epoch 2: lr=0.00064
2024-05-21 14:14:14 [Epoch: 2] loss: 0.007346, mae: 0.060935, r2: 0.652886, val_loss: 0.007254, val_mae: 0.061992, val_r2: 0.654244
2024-05-21 14:14:15 Epoch 3: lr=0.00046
2024-05-21 14:15:27 [Epoch: 3] loss: 0.006867, mae: 0.058791, r2: 0.674825, val_loss: 0.006777, val_mae: 0.058084, val_r2: 0.673656
2024-05-21 14:15:27 Epoch 4: lr=0.00028
2024-05-21 14:16:39 [Epoch: 4] loss: 0.006459, mae: 0.056885, r2: 0.693283, val_loss: 0.006500, val_mae: 0.057491, val_r2: 0.688756
2024-05-21 14:16:40 Epoch 5: lr=0.0001
2024-05-21 14:17:52 [Epoch: 5] loss: 0.006130, mae: 0.055392, r2: 0.708283, val_loss: 0.006335, val_mae: 0.055923, val_r2: 0.696357
2024-05-21 14:17:52 Epoch 6: lr=0.0001
2024-05-21 14:19:05 [Epoch: 6] loss: 0.006018, mae: 0.054858, r2: 0.713757, val_loss: 0.006286, val_mae: 0.055750, val_r2: 0.699402
2024-05-21 14:19:05 Epoch 7: lr=0.0001
2024-05-21 14:20:17 [Epoch: 7] loss: 0.005920, mae: 0.054420, r2: 0.718414, val_loss: 0.006273, val_mae: 0.055570, val_r2: 0.698317
2024-05-21 14:20:17 Epoch 8: lr=0.0001
2024-05-21 14:21:30 [Epoch: 8] loss: 0.005861, mae: 0.054157, r2: 0.721077, val_loss: 0.006223, val_mae: 0.055720, val_r2: 0.700346
2024-05-21 14:21:30 Epoch 9: lr=0.0001
2024-05-21 14:22:42 [Epoch: 9] loss: 0.005789, mae: 0.053851, r2: 0.724374, val_loss: 0.006210, val_mae: 0.055519, val_r2: 0.700538
2024-05-21 14:22:42 Epoch 10: lr=0.0001
2024-05-21 14:23:55 [Epoch: 10] loss: 0.005738, mae: 0.053553, r2: 0.726959, val_loss: 0.006168, val_mae: 0.055140, val_r2: 0.702755
2024-05-21 14:23:55 Epoch 11: lr=0.0001
2024-05-21 14:25:07 [Epoch: 11] loss: 0.005680, mae: 0.053307, r2: 0.729276, val_loss: 0.006186, val_mae: 0.054925, val_r2: 0.702583
2024-05-21 14:25:08 Epoch 12: lr=0.0001
2024-05-21 14:26:20 [Epoch: 12] loss: 0.005621, mae: 0.053061, r2: 0.732125, val_loss: 0.006127, val_mae: 0.054890, val_r2: 0.705025
2024-05-21 14:26:20 Epoch 13: lr=0.0001
2024-05-21 14:27:33 [Epoch: 13] loss: 0.005554, mae: 0.052746, r2: 0.735311, val_loss: 0.006132, val_mae: 0.054952, val_r2: 0.704505
2024-05-21 14:27:33 Epoch 14: lr=5e-05
2024-05-21 14:28:45 [Epoch: 14] loss: 0.005447, mae: 0.052238, r2: 0.740502, val_loss: 0.006084, val_mae: 0.054581, val_r2: 0.706578
2024-05-21 14:28:45 Epoch 15: lr=5e-05
2024-05-21 14:29:58 [Epoch: 15] loss: 0.005399, mae: 0.051994, r2: 0.742785, val_loss: 0.006056, val_mae: 0.054781, val_r2: 0.707813
2024-05-21 14:29:58 Epoch 16: lr=5e-05
2024-05-21 14:31:10 [Epoch: 16] loss: 0.005352, mae: 0.051797, r2: 0.744526, val_loss: 0.006064, val_mae: 0.054741, val_r2: 0.708425
2024-05-21 14:31:10 Epoch 17: lr=5e-05
2024-05-21 14:32:23 [Epoch: 17] loss: 0.005327, mae: 0.051683, r2: 0.745890, val_loss: 0.006083, val_mae: 0.054314, val_r2: 0.707043
2024-05-21 14:32:23 Epoch 18: lr=5e-05
2024-05-21 14:33:35 [Epoch: 18] loss: 0.005309, mae: 0.051582, r2: 0.746845, val_loss: 0.006049, val_mae: 0.054611, val_r2: 0.708687
2024-05-21 14:33:36 Epoch 19: lr=5e-05
2024-05-21 14:34:48 [Epoch: 19] loss: 0.005273, mae: 0.051445, r2: 0.748259, val_loss: 0.006052, val_mae: 0.054703, val_r2: 0.709457
2024-05-21 14:34:48 Epoch 20: lr=2.5e-05
2024-05-21 14:36:01 [Epoch: 20] loss: 0.005200, mae: 0.051084, r2: 0.751889, val_loss: 0.006047, val_mae: 0.054385, val_r2: 0.708729
2024-05-21 14:36:01 Epoch 21: lr=2.5e-05
2024-05-21 14:37:13 [Epoch: 21] loss: 0.005189, mae: 0.051037, r2: 0.752387, val_loss: 0.006049, val_mae: 0.054405, val_r2: 0.708955
2024-05-21 14:37:13 Epoch 22: lr=2.5e-05
2024-05-21 14:38:26 [Epoch: 22] loss: 0.005163, mae: 0.050925, r2: 0.753320, val_loss: 0.006051, val_mae: 0.054361, val_r2: 0.709259
2024-05-21 14:38:26 Epoch 23: lr=2.5e-05
2024-05-21 14:39:38 [Epoch: 23] loss: 0.005151, mae: 0.050879, r2: 0.754056, val_loss: 0.006044, val_mae: 0.054499, val_r2: 0.709181
2024-05-21 14:39:39 Epoch 24: lr=2.5e-05
2024-05-21 14:40:51 [Epoch: 24] loss: 0.005140, mae: 0.050785, r2: 0.754503, val_loss: 0.006049, val_mae: 0.054358, val_r2: 0.708146
2024-05-21 14:40:51 Epoch 25: lr=1.25e-05
2024-05-21 14:42:04 [Epoch: 25] loss: 0.005101, mae: 0.050642, r2: 0.756333, val_loss: 0.006063, val_mae: 0.054546, val_r2: 0.708016
2024-05-21 14:42:04 Epoch 26: lr=1.25e-05
2024-05-21 14:43:16 [Epoch: 26] loss: 0.005091, mae: 0.050580, r2: 0.756822, val_loss: 0.006038, val_mae: 0.054362, val_r2: 0.708922
2024-05-21 14:43:16 Epoch 27: lr=1.25e-05
2024-05-21 14:44:29 [Epoch: 27] loss: 0.005085, mae: 0.050591, r2: 0.756918, val_loss: 0.006077, val_mae: 0.054485, val_r2: 0.707714
2024-05-21 14:44:29 Epoch 28: lr=1.25e-05
2024-05-21 14:45:42 [Epoch: 28] loss: 0.005085, mae: 0.050569, r2: 0.757074, val_loss: 0.006025, val_mae: 0.054562, val_r2: 0.709567
2024-05-21 14:45:42 Epoch 29: lr=1.25e-05
2024-05-21 14:46:54 [Epoch: 29] loss: 0.005067, mae: 0.050447, r2: 0.757793, val_loss: 0.006050, val_mae: 0.054227, val_r2: 0.709079
2024-05-21 14:46:54 Epoch 30: lr=1e-05
2024-05-21 14:48:07 [Epoch: 30] loss: 0.005064, mae: 0.050457, r2: 0.758266, val_loss: 0.006041, val_mae: 0.054491, val_r2: 0.709193
2024-05-21 14:48:07 Epoch 31: lr=1e-05
2024-05-21 14:49:19 [Epoch: 31] loss: 0.005037, mae: 0.050330, r2: 0.759368, val_loss: 0.006064, val_mae: 0.054291, val_r2: 0.708042
2024-05-21 14:49:19 Epoch 32: lr=1e-05
2024-05-21 14:50:32 [Epoch: 32] loss: 0.005039, mae: 0.050362, r2: 0.759290, val_loss: 0.006060, val_mae: 0.054398, val_r2: 0.708275
2024-05-21 14:50:32 Epoch 33: lr=1e-05
2024-05-21 14:51:44 [Epoch: 33] loss: 0.005041, mae: 0.050316, r2: 0.759217, val_loss: 0.006042, val_mae: 0.054315, val_r2: 0.708865
2024-05-21 14:51:44 Epoch 34: lr=1e-05
2024-05-21 14:52:57 [Epoch: 34] loss: 0.005036, mae: 0.050292, r2: 0.759278, val_loss: 0.006032, val_mae: 0.054223, val_r2: 0.709676
2024-05-21 14:52:57 Epoch 35: lr=1e-05
2024-05-21 14:54:09 [Epoch: 35] loss: 0.005024, mae: 0.050264, r2: 0.759732, val_loss: 0.006047, val_mae: 0.054390, val_r2: 0.708647
2024-05-21 14:54:09 Epoch 36: lr=1e-05
2024-05-21 14:55:22 [Epoch: 36] loss: 0.005033, mae: 0.050290, r2: 0.759426, val_loss: 0.006039, val_mae: 0.054289, val_r2: 0.709302
2024-05-21 14:55:22 Epoch 37: lr=1e-05
2024-05-21 14:56:34 [Epoch: 37] loss: 0.005012, mae: 0.050199, r2: 0.760524, val_loss: 0.006039, val_mae: 0.054379, val_r2: 0.709606
2024-05-21 14:56:34 Epoch 38: lr=1e-05
2024-05-21 14:57:47 [Epoch: 38] loss: 0.005016, mae: 0.050239, r2: 0.760103, val_loss: 0.006047, val_mae: 0.054255, val_r2: 0.709053
2024-05-21 14:57:47 history_length: 39
2024-05-21 14:57:47 stopping: early
2024-05-21 14:57:47 Comparing y_true and y_pred:
2024-05-21 14:57:47   mse: 0.01399682
2024-05-21 14:57:47   mae: 0.09236682
2024-05-21 14:57:47   r2: -0.08517772
2024-05-21 14:57:47   corr: 0.25692713
