2024-05-22 19:47:05 UNO RUN ...
2024-05-22 19:47:05 Params: {'model_name': 'uno', 'train_sources': ['CCLE'], 'test_sources': ['train'], 'cell_types': None, 'cell_features': ['rnaseq'], 'drug_features': ['descriptors'], 'dense': [1000, 1000, 1000, 1000, 1000], 'dense_feature_layers': [1000, 1000, 1000], 'activation': 'relu', 'loss': 'mse', 'optimizer': 'adamax', 'scaling': 'std', 'dropout': 0.1, 'epochs': 50, 'batch_size': 32, 'val_split': 0.2, 'cv': 1, 'max_val_loss': 1.0, 'learning_rate': 0.0001, 'base_lr': None, 'agg_dose': 'AUC', 'residual': False, 'reduce_lr': True, 'warmup_lr': True, 'batch_normalization': False, 'feature_subsample': 0, 'rng_seed': 2018, 'no_gen': False, 'verbose': False, 'preprocess_rnaseq': 'source_scale', 'gpus': [0], 'use_landmark_genes': True, 'no_feature_source': True, 'no_response_source': True, 'save_path': '/dev/shm/Uno/save/9000896.amn-0001/64', 'single': True, 'on_memory_loader': True, 'ckpt_checksum': True, 'ckpt_save_interval': 0, 'timeout': -1, 'train_bool': True, 'profiling': False, 'experiment_id': '9000896.amn-0001', 'run_id': '64', 'logfile': '/dev/shm/Uno/save/9000896.amn-0001/64/python.log', 'shuffle': False, 'ckpt_restart_mode': 'off', 'ckpt_skip_epochs': 0, 'ckpt_directory': '/dev/shm/Uno/save/9000896.amn-0001/64', 'ckpt_save_best': True, 'ckpt_save_best_metric': 'val_loss', 'ckpt_save_weights_only': False, 'ckpt_keep_mode': 'linear', 'ckpt_keep_limit': 5, 'by_cell': None, 'by_drug': None, 'cell_subset_path': '', 'drug_subset_path': '', 'drug_median_response_min': -1, 'drug_median_response_max': 1, 'dense_cell_feature_layers': None, 'dense_drug_feature_layers': None, 'use_filtered_genes': False, 'feature_subset_path': '', 'cell_feature_subset_path': '', 'drug_feature_subset_path': '', 'es': True, 'cp': False, 'tb': False, 'tb_prefix': 'tb', 'partition_by': None, 'cache': None, 'export_csv': None, 'export_data': None, 'use_exported_data': '/dev/shm/Uno/x1922c6s4b0n0.64.merged.landmark.h5', 'growth_bins': 0, 'initial_weights': None, 'save_weights': '/dev/shm/Uno/save/9000896.amn-0001/64/2.0.model.h5', 'config_file': '/home/brettin/CSC249ADOA01_CNDA/brettin/Benchmarks/Pilot1/Uno/uno_auc_model.txt', 'data_type': <class 'numpy.float32'>, 'data_dir': '/dev/shm/Uno/uno/Data', 'output_dir': '/dev/shm/Uno/uno/Output/9000896.amn-0001/64'}
2024-05-22 19:47:05 Feature encoding submodel for cell.rnaseq:
2024-05-22 19:47:05 Model: "cell.rnaseq"
2024-05-22 19:47:05 _________________________________________________________________
2024-05-22 19:47:05  Layer (type)                Output Shape              Param #   
2024-05-22 19:47:05 =================================================================
2024-05-22 19:47:05  input_1 (InputLayer)        [(None, 958)]             0         
2024-05-22 19:47:05                                                                  
2024-05-22 19:47:05  dense (Dense)               (None, 1000)              959000    
2024-05-22 19:47:05                                                                  
2024-05-22 19:47:05  permanent_dropout (Permane  (None, 1000)              0         
2024-05-22 19:47:05  ntDropout)                                                      
2024-05-22 19:47:05                                                                  
2024-05-22 19:47:05  dense_1 (Dense)             (None, 1000)              1001000   
2024-05-22 19:47:05                                                                  
2024-05-22 19:47:05  permanent_dropout_1 (Perma  (None, 1000)              0         
2024-05-22 19:47:05  nentDropout)                                                    
2024-05-22 19:47:05                                                                  
2024-05-22 19:47:05  dense_2 (Dense)             (None, 1000)              1001000   
2024-05-22 19:47:05                                                                  
2024-05-22 19:47:05  permanent_dropout_2 (Perma  (None, 1000)              0         
2024-05-22 19:47:05  nentDropout)                                                    
2024-05-22 19:47:05                                                                  
2024-05-22 19:47:05 =================================================================
2024-05-22 19:47:05 Total params: 2961000 (11.30 MB)
2024-05-22 19:47:05 Trainable params: 2961000 (11.30 MB)
2024-05-22 19:47:05 Non-trainable params: 0 (0.00 Byte)
2024-05-22 19:47:05 _________________________________________________________________
2024-05-22 19:47:05 Feature encoding submodel for drug.descriptors:
2024-05-22 19:47:05 Model: "drug.descriptors"
2024-05-22 19:47:05 _________________________________________________________________
2024-05-22 19:47:05  Layer (type)                Output Shape              Param #   
2024-05-22 19:47:05 =================================================================
2024-05-22 19:47:05  input_2 (InputLayer)        [(None, 1613)]            0         
2024-05-22 19:47:05                                                                  
2024-05-22 19:47:05  dense_3 (Dense)             (None, 1000)              1614000   
2024-05-22 19:47:05                                                                  
2024-05-22 19:47:05  permanent_dropout_3 (Perma  (None, 1000)              0         
2024-05-22 19:47:05  nentDropout)                                                    
2024-05-22 19:47:05                                                                  
2024-05-22 19:47:05  dense_4 (Dense)             (None, 1000)              1001000   
2024-05-22 19:47:05                                                                  
2024-05-22 19:47:05  permanent_dropout_4 (Perma  (None, 1000)              0         
2024-05-22 19:47:05  nentDropout)                                                    
2024-05-22 19:47:05                                                                  
2024-05-22 19:47:05  dense_5 (Dense)             (None, 1000)              1001000   
2024-05-22 19:47:05                                                                  
2024-05-22 19:47:05  permanent_dropout_5 (Perma  (None, 1000)              0         
2024-05-22 19:47:05  nentDropout)                                                    
2024-05-22 19:47:05                                                                  
2024-05-22 19:47:05 =================================================================
2024-05-22 19:47:05 Total params: 3616000 (13.79 MB)
2024-05-22 19:47:05 Trainable params: 3616000 (13.79 MB)
2024-05-22 19:47:05 Non-trainable params: 0 (0.00 Byte)
2024-05-22 19:47:05 _________________________________________________________________
2024-05-22 19:47:05 Combined model:
2024-05-22 19:47:05 Model: "model"
2024-05-22 19:47:05 __________________________________________________________________________________________________
2024-05-22 19:47:05  Layer (type)                Output Shape                 Param #   Connected to                  
2024-05-22 19:47:05 ==================================================================================================
2024-05-22 19:47:05  input.cell.rnaseq (InputLa  [(None, 958)]                0         []                            
2024-05-22 19:47:05  yer)                                                                                             
2024-05-22 19:47:05                                                                                                   
2024-05-22 19:47:05  input.drug1.descriptors (I  [(None, 1613)]               0         []                            
2024-05-22 19:47:05  nputLayer)                                                                                       
2024-05-22 19:47:05                                                                                                   
2024-05-22 19:47:05  cell.rnaseq (Functional)    (None, 1000)                 2961000   ['input.cell.rnaseq[0][0]']   
2024-05-22 19:47:05                                                                                                   
2024-05-22 19:47:05  drug.descriptors (Function  (None, 1000)                 3616000   ['input.drug1.descriptors[0][0
2024-05-22 19:47:05  al)                                                                ]']                           
2024-05-22 19:47:05                                                                                                   
2024-05-22 19:47:05  concatenate (Concatenate)   (None, 2000)                 0         ['cell.rnaseq[0][0]',         
2024-05-22 19:47:05                                                                      'drug.descriptors[0][0]']    
2024-05-22 19:47:05                                                                                                   
2024-05-22 19:47:05  dense_6 (Dense)             (None, 1000)                 2001000   ['concatenate[0][0]']         
2024-05-22 19:47:05                                                                                                   
2024-05-22 19:47:05  permanent_dropout_6 (Perma  (None, 1000)                 0         ['dense_6[0][0]']             
2024-05-22 19:47:05  nentDropout)                                                                                     
2024-05-22 19:47:05                                                                                                   
2024-05-22 19:47:05  dense_7 (Dense)             (None, 1000)                 1001000   ['permanent_dropout_6[0][0]'] 
2024-05-22 19:47:05                                                                                                   
2024-05-22 19:47:05  permanent_dropout_7 (Perma  (None, 1000)                 0         ['dense_7[0][0]']             
2024-05-22 19:47:05  nentDropout)                                                                                     
2024-05-22 19:47:05                                                                                                   
2024-05-22 19:47:05  dense_8 (Dense)             (None, 1000)                 1001000   ['permanent_dropout_7[0][0]'] 
2024-05-22 19:47:05                                                                                                   
2024-05-22 19:47:05  permanent_dropout_8 (Perma  (None, 1000)                 0         ['dense_8[0][0]']             
2024-05-22 19:47:05  nentDropout)                                                                                     
2024-05-22 19:47:05                                                                                                   
2024-05-22 19:47:05  dense_9 (Dense)             (None, 1000)                 1001000   ['permanent_dropout_8[0][0]'] 
2024-05-22 19:47:05                                                                                                   
2024-05-22 19:47:05  permanent_dropout_9 (Perma  (None, 1000)                 0         ['dense_9[0][0]']             
2024-05-22 19:47:05  nentDropout)                                                                                     
2024-05-22 19:47:05                                                                                                   
2024-05-22 19:47:05  dense_10 (Dense)            (None, 1000)                 1001000   ['permanent_dropout_9[0][0]'] 
2024-05-22 19:47:05                                                                                                   
2024-05-22 19:47:05  permanent_dropout_10 (Perm  (None, 1000)                 0         ['dense_10[0][0]']            
2024-05-22 19:47:05  anentDropout)                                                                                    
2024-05-22 19:47:05                                                                                                   
2024-05-22 19:47:05  dense_11 (Dense)            (None, 1)                    1001      ['permanent_dropout_10[0][0]']
2024-05-22 19:47:05                                                                                                   
2024-05-22 19:47:05 ==================================================================================================
2024-05-22 19:47:05 Total params: 12583001 (48.00 MB)
2024-05-22 19:47:05 Trainable params: 12583001 (48.00 MB)
2024-05-22 19:47:05 Non-trainable params: 0 (0.00 Byte)
2024-05-22 19:47:05 __________________________________________________________________________________________________
2024-05-22 19:47:05 CKPT CONSTRUCT...
2024-05-22 19:47:05 CKPT CONSTRUCT OK.
2024-05-22 19:47:05 template model: <keras.src.engine.functional.Functional object at 0x152f0b1399d0>
2024-05-22 19:47:07 COMPILE
2024-05-22 19:47:07 Will save weights to: /dev/shm/Uno/save/9000896.amn-0001/64/2.0.model.h5
2024-05-22 19:47:23 Between random pairs in y_val:
2024-05-22 19:47:23   mse: 0.04765011
2024-05-22 19:47:23   mae: 0.15977921
2024-05-22 19:47:23   r2: -1.00225095
2024-05-22 19:47:23   corr: -0.00112547
2024-05-22 19:47:23 Data points per epoch: train = 468629, val = 117158, test = 1922
2024-05-22 19:47:23 Steps per epoch: train = 14644, val = 3661, test = 60
2024-05-22 19:47:23 Epoch 0: lr=0.001
2024-05-22 19:48:37 [Epoch: 0] loss: 0.031804, mae: 0.080096, r2: -1.103827, val_loss: 0.008711, val_mae: 0.066664, val_r2: 0.596273
2024-05-22 19:48:37 Epoch 1: lr=0.00082
2024-05-22 19:49:50 [Epoch: 1] loss: 0.008081, mae: 0.064360, r2: 0.618753, val_loss: 0.007605, val_mae: 0.061888, val_r2: 0.632235
2024-05-22 19:49:50 Epoch 2: lr=0.00064
2024-05-22 19:51:02 [Epoch: 2] loss: 0.007385, mae: 0.061140, r2: 0.650217, val_loss: 0.007137, val_mae: 0.060237, val_r2: 0.657353
2024-05-22 19:51:02 Epoch 3: lr=0.00046
2024-05-22 19:52:14 [Epoch: 3] loss: 0.006903, mae: 0.058924, r2: 0.672526, val_loss: 0.006722, val_mae: 0.058063, val_r2: 0.676789
2024-05-22 19:52:14 Epoch 4: lr=0.00028
2024-05-22 19:53:27 [Epoch: 4] loss: 0.006493, mae: 0.056987, r2: 0.691071, val_loss: 0.006520, val_mae: 0.057237, val_r2: 0.689215
2024-05-22 19:53:27 Epoch 5: lr=0.0001
2024-05-22 19:54:39 [Epoch: 5] loss: 0.006158, mae: 0.055478, r2: 0.706541, val_loss: 0.006299, val_mae: 0.056154, val_r2: 0.696434
2024-05-22 19:54:39 Epoch 6: lr=0.0001
2024-05-22 19:55:52 [Epoch: 6] loss: 0.006041, mae: 0.054959, r2: 0.711926, val_loss: 0.006243, val_mae: 0.055773, val_r2: 0.699619
2024-05-22 19:55:52 Epoch 7: lr=0.0001
2024-05-22 19:57:04 [Epoch: 7] loss: 0.005961, mae: 0.054610, r2: 0.715424, val_loss: 0.006198, val_mae: 0.055797, val_r2: 0.701663
2024-05-22 19:57:05 Epoch 8: lr=0.0001
2024-05-22 19:58:16 [Epoch: 8] loss: 0.005899, mae: 0.054352, r2: 0.718366, val_loss: 0.006210, val_mae: 0.056026, val_r2: 0.700494
2024-05-22 19:58:16 Epoch 9: lr=0.0001
2024-05-22 19:59:29 [Epoch: 9] loss: 0.005831, mae: 0.054036, r2: 0.721789, val_loss: 0.006140, val_mae: 0.055261, val_r2: 0.704968
2024-05-22 19:59:29 Epoch 10: lr=0.0001
2024-05-22 20:00:40 [Epoch: 10] loss: 0.005763, mae: 0.053739, r2: 0.724590, val_loss: 0.006142, val_mae: 0.054949, val_r2: 0.703971
2024-05-22 20:00:40 Epoch 11: lr=0.0001
2024-05-22 20:01:53 [Epoch: 11] loss: 0.005698, mae: 0.053436, r2: 0.727649, val_loss: 0.006100, val_mae: 0.055187, val_r2: 0.705852
2024-05-22 20:01:53 Epoch 12: lr=0.0001
2024-05-22 20:03:05 [Epoch: 12] loss: 0.005639, mae: 0.053168, r2: 0.730437, val_loss: 0.006061, val_mae: 0.055164, val_r2: 0.707456
2024-05-22 20:03:05 Epoch 13: lr=0.0001
2024-05-22 20:04:17 [Epoch: 13] loss: 0.005585, mae: 0.052914, r2: 0.732918, val_loss: 0.006055, val_mae: 0.054959, val_r2: 0.708877
2024-05-22 20:04:17 Epoch 14: lr=0.0001
2024-05-22 20:05:30 [Epoch: 14] loss: 0.005529, mae: 0.052651, r2: 0.735570, val_loss: 0.006085, val_mae: 0.054492, val_r2: 0.706697
2024-05-22 20:05:30 Epoch 15: lr=0.0001
2024-05-22 20:06:42 [Epoch: 15] loss: 0.005471, mae: 0.052394, r2: 0.738224, val_loss: 0.006034, val_mae: 0.054924, val_r2: 0.709837
2024-05-22 20:06:42 Epoch 16: lr=0.0001
2024-05-22 20:07:54 [Epoch: 16] loss: 0.005419, mae: 0.052210, r2: 0.740545, val_loss: 0.006031, val_mae: 0.054691, val_r2: 0.709734
2024-05-22 20:07:54 Epoch 17: lr=0.0001
2024-05-22 20:09:07 [Epoch: 17] loss: 0.005374, mae: 0.051939, r2: 0.742503, val_loss: 0.005999, val_mae: 0.054769, val_r2: 0.710769
2024-05-22 20:09:07 Epoch 18: lr=5e-05
2024-05-22 20:10:19 [Epoch: 18] loss: 0.005261, mae: 0.051396, r2: 0.747995, val_loss: 0.005972, val_mae: 0.054379, val_r2: 0.711820
2024-05-22 20:10:19 Epoch 19: lr=5e-05
2024-05-22 20:11:32 [Epoch: 19] loss: 0.005215, mae: 0.051199, r2: 0.750041, val_loss: 0.005987, val_mae: 0.054271, val_r2: 0.712340
2024-05-22 20:11:32 Epoch 20: lr=5e-05
2024-05-22 20:12:44 [Epoch: 20] loss: 0.005185, mae: 0.051040, r2: 0.751374, val_loss: 0.005965, val_mae: 0.054032, val_r2: 0.713313
2024-05-22 20:12:44 Epoch 21: lr=5e-05
2024-05-22 20:13:56 [Epoch: 21] loss: 0.005146, mae: 0.050869, r2: 0.753388, val_loss: 0.005992, val_mae: 0.054063, val_r2: 0.711042
2024-05-22 20:13:56 Epoch 22: lr=5e-05
2024-05-22 20:15:09 [Epoch: 22] loss: 0.005136, mae: 0.050812, r2: 0.753684, val_loss: 0.005965, val_mae: 0.054179, val_r2: 0.712805
2024-05-22 20:15:09 Epoch 23: lr=2.5e-05
2024-05-22 20:16:21 [Epoch: 23] loss: 0.005066, mae: 0.050509, r2: 0.757070, val_loss: 0.005986, val_mae: 0.054121, val_r2: 0.711510
2024-05-22 20:16:21 Epoch 24: lr=2.5e-05
2024-05-22 20:17:33 [Epoch: 24] loss: 0.005060, mae: 0.050499, r2: 0.757337, val_loss: 0.005974, val_mae: 0.053938, val_r2: 0.712123
2024-05-22 20:17:34 Epoch 25: lr=2.5e-05
2024-05-22 20:18:45 [Epoch: 25] loss: 0.005037, mae: 0.050366, r2: 0.758282, val_loss: 0.005982, val_mae: 0.054113, val_r2: 0.711871
2024-05-22 20:18:45 Epoch 26: lr=2.5e-05
2024-05-22 20:19:58 [Epoch: 26] loss: 0.005020, mae: 0.050268, r2: 0.759099, val_loss: 0.005987, val_mae: 0.054110, val_r2: 0.711200
2024-05-22 20:19:58 Epoch 27: lr=2.5e-05
2024-05-22 20:21:10 [Epoch: 27] loss: 0.005007, mae: 0.050213, r2: 0.759641, val_loss: 0.005979, val_mae: 0.054053, val_r2: 0.711248
2024-05-22 20:21:10 Epoch 28: lr=1.25e-05
2024-05-22 20:22:23 [Epoch: 28] loss: 0.004980, mae: 0.050076, r2: 0.761044, val_loss: 0.005966, val_mae: 0.054162, val_r2: 0.712320
2024-05-22 20:22:23 Epoch 29: lr=1.25e-05
2024-05-22 20:23:35 [Epoch: 29] loss: 0.004968, mae: 0.050016, r2: 0.761261, val_loss: 0.005982, val_mae: 0.054165, val_r2: 0.710665
2024-05-22 20:23:35 Epoch 30: lr=1.25e-05
2024-05-22 20:24:47 [Epoch: 30] loss: 0.004962, mae: 0.049999, r2: 0.761688, val_loss: 0.005977, val_mae: 0.054076, val_r2: 0.711597
2024-05-22 20:24:48 history_length: 31
2024-05-22 20:24:48 stopping: early
2024-05-22 20:24:48 Comparing y_true and y_pred:
2024-05-22 20:24:48   mse: 0.01574860
2024-05-22 20:24:48   mae: 0.11527899
2024-05-22 20:24:48   r2: -4.75505442
2024-05-22 20:24:48   corr: 0.17913814
