2024-05-22 19:47:05 UNO RUN ...
2024-05-22 19:47:05 Params: {'model_name': 'uno', 'train_sources': ['CCLE'], 'test_sources': ['train'], 'cell_types': None, 'cell_features': ['rnaseq'], 'drug_features': ['descriptors'], 'dense': [1000, 1000, 1000, 1000, 1000], 'dense_feature_layers': [1000, 1000, 1000], 'activation': 'relu', 'loss': 'mse', 'optimizer': 'adamax', 'scaling': 'std', 'dropout': 0.1, 'epochs': 50, 'batch_size': 32, 'val_split': 0.2, 'cv': 1, 'max_val_loss': 1.0, 'learning_rate': 0.0001, 'base_lr': None, 'agg_dose': 'AUC', 'residual': False, 'reduce_lr': True, 'warmup_lr': True, 'batch_normalization': False, 'feature_subsample': 0, 'rng_seed': 2018, 'no_gen': False, 'verbose': False, 'preprocess_rnaseq': 'source_scale', 'gpus': [0], 'use_landmark_genes': True, 'no_feature_source': True, 'no_response_source': True, 'save_path': '/dev/shm/Uno/save/9000896.amn-0001/30', 'single': True, 'on_memory_loader': True, 'ckpt_checksum': True, 'ckpt_save_interval': 0, 'timeout': -1, 'train_bool': True, 'profiling': False, 'experiment_id': '9000896.amn-0001', 'run_id': '30', 'logfile': '/dev/shm/Uno/save/9000896.amn-0001/30/python.log', 'shuffle': False, 'ckpt_restart_mode': 'off', 'ckpt_skip_epochs': 0, 'ckpt_directory': '/dev/shm/Uno/save/9000896.amn-0001/30', 'ckpt_save_best': True, 'ckpt_save_best_metric': 'val_loss', 'ckpt_save_weights_only': False, 'ckpt_keep_mode': 'linear', 'ckpt_keep_limit': 5, 'by_cell': None, 'by_drug': None, 'cell_subset_path': '', 'drug_subset_path': '', 'drug_median_response_min': -1, 'drug_median_response_max': 1, 'dense_cell_feature_layers': None, 'dense_drug_feature_layers': None, 'use_filtered_genes': False, 'feature_subset_path': '', 'cell_feature_subset_path': '', 'drug_feature_subset_path': '', 'es': True, 'cp': False, 'tb': False, 'tb_prefix': 'tb', 'partition_by': None, 'cache': None, 'export_csv': None, 'export_data': None, 'use_exported_data': '/dev/shm/Uno/x1922c6s1b0n0.30.merged.landmark.h5', 'growth_bins': 0, 'initial_weights': None, 'save_weights': '/dev/shm/Uno/save/9000896.amn-0001/30/3.0.model.h5', 'config_file': '/home/brettin/CSC249ADOA01_CNDA/brettin/Benchmarks/Pilot1/Uno/uno_auc_model.txt', 'data_type': <class 'numpy.float32'>, 'data_dir': '/dev/shm/Uno/uno/Data', 'output_dir': '/dev/shm/Uno/uno/Output/9000896.amn-0001/30'}
2024-05-22 19:47:05 Feature encoding submodel for cell.rnaseq:
2024-05-22 19:47:05 Model: "cell.rnaseq"
2024-05-22 19:47:05 _________________________________________________________________
2024-05-22 19:47:05  Layer (type)                Output Shape              Param #   
2024-05-22 19:47:05 =================================================================
2024-05-22 19:47:05  input_1 (InputLayer)        [(None, 958)]             0         
2024-05-22 19:47:05                                                                  
2024-05-22 19:47:05  dense (Dense)               (None, 1000)              959000    
2024-05-22 19:47:05                                                                  
2024-05-22 19:47:05  permanent_dropout (Permane  (None, 1000)              0         
2024-05-22 19:47:05  ntDropout)                                                      
2024-05-22 19:47:05                                                                  
2024-05-22 19:47:05  dense_1 (Dense)             (None, 1000)              1001000   
2024-05-22 19:47:05                                                                  
2024-05-22 19:47:05  permanent_dropout_1 (Perma  (None, 1000)              0         
2024-05-22 19:47:05  nentDropout)                                                    
2024-05-22 19:47:05                                                                  
2024-05-22 19:47:05  dense_2 (Dense)             (None, 1000)              1001000   
2024-05-22 19:47:05                                                                  
2024-05-22 19:47:05  permanent_dropout_2 (Perma  (None, 1000)              0         
2024-05-22 19:47:05  nentDropout)                                                    
2024-05-22 19:47:05                                                                  
2024-05-22 19:47:05 =================================================================
2024-05-22 19:47:05 Total params: 2961000 (11.30 MB)
2024-05-22 19:47:05 Trainable params: 2961000 (11.30 MB)
2024-05-22 19:47:05 Non-trainable params: 0 (0.00 Byte)
2024-05-22 19:47:05 _________________________________________________________________
2024-05-22 19:47:05 Feature encoding submodel for drug.descriptors:
2024-05-22 19:47:05 Model: "drug.descriptors"
2024-05-22 19:47:05 _________________________________________________________________
2024-05-22 19:47:05  Layer (type)                Output Shape              Param #   
2024-05-22 19:47:05 =================================================================
2024-05-22 19:47:05  input_2 (InputLayer)        [(None, 1613)]            0         
2024-05-22 19:47:05                                                                  
2024-05-22 19:47:05  dense_3 (Dense)             (None, 1000)              1614000   
2024-05-22 19:47:05                                                                  
2024-05-22 19:47:05  permanent_dropout_3 (Perma  (None, 1000)              0         
2024-05-22 19:47:05  nentDropout)                                                    
2024-05-22 19:47:05                                                                  
2024-05-22 19:47:05  dense_4 (Dense)             (None, 1000)              1001000   
2024-05-22 19:47:05                                                                  
2024-05-22 19:47:05  permanent_dropout_4 (Perma  (None, 1000)              0         
2024-05-22 19:47:05  nentDropout)                                                    
2024-05-22 19:47:05                                                                  
2024-05-22 19:47:05  dense_5 (Dense)             (None, 1000)              1001000   
2024-05-22 19:47:05                                                                  
2024-05-22 19:47:05  permanent_dropout_5 (Perma  (None, 1000)              0         
2024-05-22 19:47:05  nentDropout)                                                    
2024-05-22 19:47:05                                                                  
2024-05-22 19:47:05 =================================================================
2024-05-22 19:47:05 Total params: 3616000 (13.79 MB)
2024-05-22 19:47:05 Trainable params: 3616000 (13.79 MB)
2024-05-22 19:47:05 Non-trainable params: 0 (0.00 Byte)
2024-05-22 19:47:05 _________________________________________________________________
2024-05-22 19:47:05 Combined model:
2024-05-22 19:47:05 Model: "model"
2024-05-22 19:47:05 __________________________________________________________________________________________________
2024-05-22 19:47:05  Layer (type)                Output Shape                 Param #   Connected to                  
2024-05-22 19:47:05 ==================================================================================================
2024-05-22 19:47:05  input.cell.rnaseq (InputLa  [(None, 958)]                0         []                            
2024-05-22 19:47:05  yer)                                                                                             
2024-05-22 19:47:05                                                                                                   
2024-05-22 19:47:05  input.drug1.descriptors (I  [(None, 1613)]               0         []                            
2024-05-22 19:47:05  nputLayer)                                                                                       
2024-05-22 19:47:05                                                                                                   
2024-05-22 19:47:05  cell.rnaseq (Functional)    (None, 1000)                 2961000   ['input.cell.rnaseq[0][0]']   
2024-05-22 19:47:05                                                                                                   
2024-05-22 19:47:05  drug.descriptors (Function  (None, 1000)                 3616000   ['input.drug1.descriptors[0][0
2024-05-22 19:47:05  al)                                                                ]']                           
2024-05-22 19:47:05                                                                                                   
2024-05-22 19:47:05  concatenate (Concatenate)   (None, 2000)                 0         ['cell.rnaseq[0][0]',         
2024-05-22 19:47:05                                                                      'drug.descriptors[0][0]']    
2024-05-22 19:47:05                                                                                                   
2024-05-22 19:47:05  dense_6 (Dense)             (None, 1000)                 2001000   ['concatenate[0][0]']         
2024-05-22 19:47:05                                                                                                   
2024-05-22 19:47:05  permanent_dropout_6 (Perma  (None, 1000)                 0         ['dense_6[0][0]']             
2024-05-22 19:47:05  nentDropout)                                                                                     
2024-05-22 19:47:05                                                                                                   
2024-05-22 19:47:05  dense_7 (Dense)             (None, 1000)                 1001000   ['permanent_dropout_6[0][0]'] 
2024-05-22 19:47:05                                                                                                   
2024-05-22 19:47:05  permanent_dropout_7 (Perma  (None, 1000)                 0         ['dense_7[0][0]']             
2024-05-22 19:47:05  nentDropout)                                                                                     
2024-05-22 19:47:05                                                                                                   
2024-05-22 19:47:05  dense_8 (Dense)             (None, 1000)                 1001000   ['permanent_dropout_7[0][0]'] 
2024-05-22 19:47:05                                                                                                   
2024-05-22 19:47:05  permanent_dropout_8 (Perma  (None, 1000)                 0         ['dense_8[0][0]']             
2024-05-22 19:47:05  nentDropout)                                                                                     
2024-05-22 19:47:05                                                                                                   
2024-05-22 19:47:05  dense_9 (Dense)             (None, 1000)                 1001000   ['permanent_dropout_8[0][0]'] 
2024-05-22 19:47:05                                                                                                   
2024-05-22 19:47:05  permanent_dropout_9 (Perma  (None, 1000)                 0         ['dense_9[0][0]']             
2024-05-22 19:47:05  nentDropout)                                                                                     
2024-05-22 19:47:05                                                                                                   
2024-05-22 19:47:05  dense_10 (Dense)            (None, 1000)                 1001000   ['permanent_dropout_9[0][0]'] 
2024-05-22 19:47:05                                                                                                   
2024-05-22 19:47:05  permanent_dropout_10 (Perm  (None, 1000)                 0         ['dense_10[0][0]']            
2024-05-22 19:47:05  anentDropout)                                                                                    
2024-05-22 19:47:05                                                                                                   
2024-05-22 19:47:05  dense_11 (Dense)            (None, 1)                    1001      ['permanent_dropout_10[0][0]']
2024-05-22 19:47:05                                                                                                   
2024-05-22 19:47:05 ==================================================================================================
2024-05-22 19:47:05 Total params: 12583001 (48.00 MB)
2024-05-22 19:47:05 Trainable params: 12583001 (48.00 MB)
2024-05-22 19:47:05 Non-trainable params: 0 (0.00 Byte)
2024-05-22 19:47:05 __________________________________________________________________________________________________
2024-05-22 19:47:05 CKPT CONSTRUCT...
2024-05-22 19:47:05 CKPT CONSTRUCT OK.
2024-05-22 19:47:05 template model: <keras.src.engine.functional.Functional object at 0x14c65a104c40>
2024-05-22 19:47:07 COMPILE
2024-05-22 19:47:07 Will save weights to: /dev/shm/Uno/save/9000896.amn-0001/30/3.0.model.h5
2024-05-22 19:47:24 Between random pairs in y_val:
2024-05-22 19:47:24   mse: 0.04751032
2024-05-22 19:47:24   mae: 0.15974254
2024-05-22 19:47:24   r2: -0.99060982
2024-05-22 19:47:24   corr: 0.00469509
2024-05-22 19:47:24 Data points per epoch: train = 468856, val = 117214, test = 1639
2024-05-22 19:47:24 Steps per epoch: train = 14651, val = 3662, test = 51
2024-05-22 19:47:24 Epoch 0: lr=0.001
2024-05-22 19:48:35 [Epoch: 0] loss: 0.036276, mae: 0.080097, r2: -0.603433, val_loss: 0.008613, val_mae: 0.066950, val_r2: 0.591357
2024-05-22 19:48:35 Epoch 1: lr=0.00082
2024-05-22 19:49:45 [Epoch: 1] loss: 0.008005, mae: 0.063996, r2: 0.619815, val_loss: 0.008672, val_mae: 0.065420, val_r2: 0.596987
2024-05-22 19:49:45 Epoch 2: lr=0.00064
2024-05-22 19:50:54 [Epoch: 2] loss: 0.007339, mae: 0.060899, r2: 0.650589, val_loss: 0.007225, val_mae: 0.060666, val_r2: 0.659324
2024-05-22 19:50:55 Epoch 3: lr=0.00046
2024-05-22 19:52:04 [Epoch: 3] loss: 0.006875, mae: 0.058789, r2: 0.671798, val_loss: 0.007017, val_mae: 0.058290, val_r2: 0.665301
2024-05-22 19:52:04 Epoch 4: lr=0.00028
2024-05-22 19:53:13 [Epoch: 4] loss: 0.006473, mae: 0.056977, r2: 0.689980, val_loss: 0.006726, val_mae: 0.057922, val_r2: 0.677922
2024-05-22 19:53:13 Epoch 5: lr=0.0001
2024-05-22 19:54:23 [Epoch: 5] loss: 0.006140, mae: 0.055453, r2: 0.705759, val_loss: 0.006499, val_mae: 0.056615, val_r2: 0.689718
2024-05-22 19:54:23 Epoch 6: lr=0.0001
2024-05-22 19:55:33 [Epoch: 6] loss: 0.006032, mae: 0.054927, r2: 0.710629, val_loss: 0.006447, val_mae: 0.056206, val_r2: 0.693695
2024-05-22 19:55:33 Epoch 7: lr=0.0001
2024-05-22 19:56:42 [Epoch: 7] loss: 0.005962, mae: 0.054618, r2: 0.713946, val_loss: 0.006391, val_mae: 0.055881, val_r2: 0.695765
2024-05-22 19:56:42 Epoch 8: lr=0.0001
2024-05-22 19:57:52 [Epoch: 8] loss: 0.005888, mae: 0.054271, r2: 0.717360, val_loss: 0.006388, val_mae: 0.055991, val_r2: 0.694886
2024-05-22 19:57:52 Epoch 9: lr=0.0001
2024-05-22 19:59:01 [Epoch: 9] loss: 0.005822, mae: 0.053949, r2: 0.720410, val_loss: 0.006337, val_mae: 0.055539, val_r2: 0.698162
2024-05-22 19:59:01 Epoch 10: lr=0.0001
2024-05-22 20:00:11 [Epoch: 10] loss: 0.005752, mae: 0.053694, r2: 0.723607, val_loss: 0.006309, val_mae: 0.055442, val_r2: 0.699110
2024-05-22 20:00:11 Epoch 11: lr=0.0001
2024-05-22 20:01:20 [Epoch: 11] loss: 0.005694, mae: 0.053389, r2: 0.726390, val_loss: 0.006270, val_mae: 0.055475, val_r2: 0.700770
2024-05-22 20:01:20 Epoch 12: lr=0.0001
2024-05-22 20:02:29 [Epoch: 12] loss: 0.005640, mae: 0.053165, r2: 0.729116, val_loss: 0.006268, val_mae: 0.055760, val_r2: 0.701127
2024-05-22 20:02:29 Epoch 13: lr=0.0001
2024-05-22 20:03:39 [Epoch: 13] loss: 0.005585, mae: 0.052914, r2: 0.731392, val_loss: 0.006281, val_mae: 0.055181, val_r2: 0.700482
2024-05-22 20:03:39 Epoch 14: lr=0.0001
2024-05-22 20:04:49 [Epoch: 14] loss: 0.005533, mae: 0.052665, r2: 0.734029, val_loss: 0.006217, val_mae: 0.055085, val_r2: 0.703707
2024-05-22 20:04:49 Epoch 15: lr=0.0001
2024-05-22 20:05:59 [Epoch: 15] loss: 0.005475, mae: 0.052380, r2: 0.736866, val_loss: 0.006235, val_mae: 0.055936, val_r2: 0.701679
2024-05-22 20:05:59 Epoch 16: lr=0.0001
2024-05-22 20:07:09 [Epoch: 16] loss: 0.005431, mae: 0.052231, r2: 0.738761, val_loss: 0.006211, val_mae: 0.055105, val_r2: 0.703338
2024-05-22 20:07:09 Epoch 17: lr=5e-05
2024-05-22 20:08:18 [Epoch: 17] loss: 0.005316, mae: 0.051653, r2: 0.744381, val_loss: 0.006159, val_mae: 0.054615, val_r2: 0.706019
2024-05-22 20:08:18 Epoch 18: lr=5e-05
2024-05-22 20:09:28 [Epoch: 18] loss: 0.005268, mae: 0.051420, r2: 0.746279, val_loss: 0.006172, val_mae: 0.054757, val_r2: 0.704988
2024-05-22 20:09:28 Epoch 19: lr=5e-05
2024-05-22 20:10:38 [Epoch: 19] loss: 0.005232, mae: 0.051259, r2: 0.748200, val_loss: 0.006160, val_mae: 0.054682, val_r2: 0.706274
2024-05-22 20:10:38 Epoch 20: lr=5e-05
2024-05-22 20:11:47 [Epoch: 20] loss: 0.005219, mae: 0.051206, r2: 0.748568, val_loss: 0.006172, val_mae: 0.054900, val_r2: 0.705389
2024-05-22 20:11:47 Epoch 21: lr=5e-05
2024-05-22 20:12:56 [Epoch: 21] loss: 0.005187, mae: 0.051032, r2: 0.750039, val_loss: 0.006144, val_mae: 0.054879, val_r2: 0.706151
2024-05-22 20:12:56 Epoch 22: lr=5e-05
2024-05-22 20:14:06 [Epoch: 22] loss: 0.005146, mae: 0.050865, r2: 0.752182, val_loss: 0.006139, val_mae: 0.054613, val_r2: 0.707334
2024-05-22 20:14:06 Epoch 23: lr=2.5e-05
2024-05-22 20:15:15 [Epoch: 23] loss: 0.005107, mae: 0.050673, r2: 0.754037, val_loss: 0.006147, val_mae: 0.054452, val_r2: 0.706372
2024-05-22 20:15:16 Epoch 24: lr=2.5e-05
2024-05-22 20:16:25 [Epoch: 24] loss: 0.005068, mae: 0.050487, r2: 0.755637, val_loss: 0.006147, val_mae: 0.054666, val_r2: 0.706650
2024-05-22 20:16:25 Epoch 25: lr=2.5e-05
2024-05-22 20:17:35 [Epoch: 25] loss: 0.005054, mae: 0.050421, r2: 0.756261, val_loss: 0.006117, val_mae: 0.054986, val_r2: 0.707626
2024-05-22 20:17:35 Epoch 26: lr=2.5e-05
2024-05-22 20:18:44 [Epoch: 26] loss: 0.005045, mae: 0.050363, r2: 0.756575, val_loss: 0.006156, val_mae: 0.054382, val_r2: 0.706332
2024-05-22 20:18:44 Epoch 27: lr=2.5e-05
2024-05-22 20:19:54 [Epoch: 27] loss: 0.005033, mae: 0.050376, r2: 0.757191, val_loss: 0.006138, val_mae: 0.054396, val_r2: 0.706786
2024-05-22 20:19:54 Epoch 28: lr=1.25e-05
2024-05-22 20:21:03 [Epoch: 28] loss: 0.004985, mae: 0.050083, r2: 0.759607, val_loss: 0.006106, val_mae: 0.054438, val_r2: 0.708105
2024-05-22 20:21:03 Epoch 29: lr=1.25e-05
2024-05-22 20:22:13 [Epoch: 29] loss: 0.004980, mae: 0.050104, r2: 0.759758, val_loss: 0.006127, val_mae: 0.054452, val_r2: 0.707408
2024-05-22 20:22:13 Epoch 30: lr=1.25e-05
2024-05-22 20:23:22 [Epoch: 30] loss: 0.004995, mae: 0.050114, r2: 0.759057, val_loss: 0.006123, val_mae: 0.054457, val_r2: 0.706975
2024-05-22 20:23:23 Epoch 31: lr=1.25e-05
2024-05-22 20:24:32 [Epoch: 31] loss: 0.004973, mae: 0.050051, r2: 0.759947, val_loss: 0.006095, val_mae: 0.054220, val_r2: 0.708643
2024-05-22 20:24:32 Epoch 32: lr=1.25e-05
2024-05-22 20:25:42 [Epoch: 32] loss: 0.004955, mae: 0.049969, r2: 0.760953, val_loss: 0.006160, val_mae: 0.054498, val_r2: 0.705300
2024-05-22 20:25:42 Epoch 33: lr=1e-05
2024-05-22 20:26:51 [Epoch: 33] loss: 0.004944, mae: 0.049895, r2: 0.761190, val_loss: 0.006131, val_mae: 0.054734, val_r2: 0.707567
2024-05-22 20:26:51 Epoch 34: lr=1e-05
2024-05-22 20:28:00 [Epoch: 34] loss: 0.004960, mae: 0.049957, r2: 0.760765, val_loss: 0.006122, val_mae: 0.054498, val_r2: 0.707437
2024-05-22 20:28:00 Epoch 35: lr=1e-05
2024-05-22 20:29:09 [Epoch: 35] loss: 0.004946, mae: 0.049919, r2: 0.761244, val_loss: 0.006122, val_mae: 0.054427, val_r2: 0.707507
2024-05-22 20:29:09 Epoch 36: lr=1e-05
2024-05-22 20:30:19 [Epoch: 36] loss: 0.004930, mae: 0.049846, r2: 0.762147, val_loss: 0.006130, val_mae: 0.054462, val_r2: 0.707641
2024-05-22 20:30:19 Epoch 37: lr=1e-05
2024-05-22 20:31:29 [Epoch: 37] loss: 0.004922, mae: 0.049798, r2: 0.762331, val_loss: 0.006126, val_mae: 0.054546, val_r2: 0.707551
2024-05-22 20:31:29 Epoch 38: lr=1e-05
2024-05-22 20:32:38 [Epoch: 38] loss: 0.004928, mae: 0.049840, r2: 0.762051, val_loss: 0.006110, val_mae: 0.054438, val_r2: 0.707742
2024-05-22 20:32:38 Epoch 39: lr=1e-05
2024-05-22 20:33:48 [Epoch: 39] loss: 0.004919, mae: 0.049783, r2: 0.762482, val_loss: 0.006129, val_mae: 0.054513, val_r2: 0.707102
2024-05-22 20:33:48 Epoch 40: lr=1e-05
2024-05-22 20:34:57 [Epoch: 40] loss: 0.004910, mae: 0.049723, r2: 0.763041, val_loss: 0.006138, val_mae: 0.054635, val_r2: 0.706802
2024-05-22 20:34:57 Epoch 41: lr=1e-05
2024-05-22 20:36:07 [Epoch: 41] loss: 0.004909, mae: 0.049745, r2: 0.763154, val_loss: 0.006113, val_mae: 0.054295, val_r2: 0.707773
2024-05-22 20:36:07 history_length: 42
2024-05-22 20:36:07 stopping: early
2024-05-22 20:36:07 Comparing y_true and y_pred:
2024-05-22 20:36:07   mse: 0.00974053
2024-05-22 20:36:07   mae: 0.07481567
2024-05-22 20:36:07   r2: -0.48183299
2024-05-22 20:36:07   corr: 0.03325235
