2024-05-17 17:41:53 UNO RUN ...
2024-05-17 17:41:53 Params: {'model_name': 'uno', 'train_sources': ['CCLE'], 'test_sources': ['train'], 'cell_types': None, 'cell_features': ['rnaseq'], 'drug_features': ['descriptors'], 'dense': [1000, 1000, 1000, 1000, 1000], 'dense_feature_layers': [1000, 1000, 1000], 'activation': 'relu', 'loss': 'mse', 'optimizer': 'adamax', 'scaling': 'std', 'dropout': 0.1, 'epochs': 75, 'batch_size': 32, 'val_split': 0.2, 'cv': 1, 'max_val_loss': 1.0, 'learning_rate': 0.0001, 'base_lr': None, 'agg_dose': 'AUC', 'residual': False, 'reduce_lr': True, 'warmup_lr': True, 'batch_normalization': False, 'feature_subsample': 0, 'rng_seed': 2018, 'no_gen': False, 'verbose': False, 'preprocess_rnaseq': 'source_scale', 'gpus': [0], 'use_landmark_genes': True, 'no_feature_source': True, 'no_response_source': True, 'save_path': '/dev/shm/Uno/save/8998722.amn-0001/123', 'single': True, 'on_memory_loader': True, 'ckpt_checksum': True, 'ckpt_save_interval': 0, 'timeout': -1, 'train_bool': True, 'profiling': False, 'experiment_id': '8998722.amn-0001', 'run_id': '123', 'logfile': '/dev/shm/Uno/save/8998722.amn-0001/123/python.log', 'shuffle': False, 'ckpt_restart_mode': 'off', 'ckpt_skip_epochs': 0, 'ckpt_directory': '/dev/shm/Uno/save/8998722.amn-0001/123', 'ckpt_save_best': True, 'ckpt_save_best_metric': 'val_loss', 'ckpt_save_weights_only': False, 'ckpt_keep_mode': 'linear', 'ckpt_keep_limit': 5, 'by_cell': None, 'by_drug': None, 'cell_subset_path': '', 'drug_subset_path': '', 'drug_median_response_min': -1, 'drug_median_response_max': 1, 'dense_cell_feature_layers': None, 'dense_drug_feature_layers': None, 'use_filtered_genes': False, 'feature_subset_path': '', 'cell_feature_subset_path': '', 'drug_feature_subset_path': '', 'es': True, 'cp': False, 'tb': False, 'tb_prefix': 'tb', 'partition_by': None, 'cache': None, 'export_csv': None, 'export_data': None, 'use_exported_data': '/dev/shm/Uno/x1922c3s6b0n0.123.merged.landmark.h5', 'growth_bins': 0, 'initial_weights': None, 'save_weights': '/dev/shm/Uno/save/8998722.amn-0001/123/1.1.model.h5', 'config_file': '/home/brettin/CSC249ADOA01_CNDA/brettin/Benchmarks/Pilot1/Uno/uno_auc_model.txt', 'data_type': <class 'numpy.float32'>, 'data_dir': '/dev/shm/Uno/uno/Data', 'output_dir': '/dev/shm/Uno/uno/Output/8998722.amn-0001/123'}
2024-05-17 17:41:54 Feature encoding submodel for cell.rnaseq:
2024-05-17 17:41:54 Model: "cell.rnaseq"
2024-05-17 17:41:54 _________________________________________________________________
2024-05-17 17:41:54  Layer (type)                Output Shape              Param #   
2024-05-17 17:41:54 =================================================================
2024-05-17 17:41:54  input_1 (InputLayer)        [(None, 958)]             0         
2024-05-17 17:41:54                                                                  
2024-05-17 17:41:54  dense (Dense)               (None, 1000)              959000    
2024-05-17 17:41:54                                                                  
2024-05-17 17:41:54  permanent_dropout (Permane  (None, 1000)              0         
2024-05-17 17:41:54  ntDropout)                                                      
2024-05-17 17:41:54                                                                  
2024-05-17 17:41:54  dense_1 (Dense)             (None, 1000)              1001000   
2024-05-17 17:41:54                                                                  
2024-05-17 17:41:54  permanent_dropout_1 (Perma  (None, 1000)              0         
2024-05-17 17:41:54  nentDropout)                                                    
2024-05-17 17:41:54                                                                  
2024-05-17 17:41:54  dense_2 (Dense)             (None, 1000)              1001000   
2024-05-17 17:41:54                                                                  
2024-05-17 17:41:54  permanent_dropout_2 (Perma  (None, 1000)              0         
2024-05-17 17:41:54  nentDropout)                                                    
2024-05-17 17:41:54                                                                  
2024-05-17 17:41:54 =================================================================
2024-05-17 17:41:54 Total params: 2961000 (11.30 MB)
2024-05-17 17:41:54 Trainable params: 2961000 (11.30 MB)
2024-05-17 17:41:54 Non-trainable params: 0 (0.00 Byte)
2024-05-17 17:41:54 _________________________________________________________________
2024-05-17 17:41:54 Feature encoding submodel for drug.descriptors:
2024-05-17 17:41:54 Model: "drug.descriptors"
2024-05-17 17:41:54 _________________________________________________________________
2024-05-17 17:41:54  Layer (type)                Output Shape              Param #   
2024-05-17 17:41:54 =================================================================
2024-05-17 17:41:54  input_2 (InputLayer)        [(None, 1613)]            0         
2024-05-17 17:41:54                                                                  
2024-05-17 17:41:54  dense_3 (Dense)             (None, 1000)              1614000   
2024-05-17 17:41:54                                                                  
2024-05-17 17:41:54  permanent_dropout_3 (Perma  (None, 1000)              0         
2024-05-17 17:41:54  nentDropout)                                                    
2024-05-17 17:41:54                                                                  
2024-05-17 17:41:54  dense_4 (Dense)             (None, 1000)              1001000   
2024-05-17 17:41:54                                                                  
2024-05-17 17:41:54  permanent_dropout_4 (Perma  (None, 1000)              0         
2024-05-17 17:41:54  nentDropout)                                                    
2024-05-17 17:41:54                                                                  
2024-05-17 17:41:54  dense_5 (Dense)             (None, 1000)              1001000   
2024-05-17 17:41:54                                                                  
2024-05-17 17:41:54  permanent_dropout_5 (Perma  (None, 1000)              0         
2024-05-17 17:41:54  nentDropout)                                                    
2024-05-17 17:41:54                                                                  
2024-05-17 17:41:54 =================================================================
2024-05-17 17:41:54 Total params: 3616000 (13.79 MB)
2024-05-17 17:41:54 Trainable params: 3616000 (13.79 MB)
2024-05-17 17:41:54 Non-trainable params: 0 (0.00 Byte)
2024-05-17 17:41:54 _________________________________________________________________
2024-05-17 17:41:54 Combined model:
2024-05-17 17:41:54 Model: "model"
2024-05-17 17:41:54 __________________________________________________________________________________________________
2024-05-17 17:41:54  Layer (type)                Output Shape                 Param #   Connected to                  
2024-05-17 17:41:54 ==================================================================================================
2024-05-17 17:41:54  input.cell.rnaseq (InputLa  [(None, 958)]                0         []                            
2024-05-17 17:41:54  yer)                                                                                             
2024-05-17 17:41:54                                                                                                   
2024-05-17 17:41:54  input.drug1.descriptors (I  [(None, 1613)]               0         []                            
2024-05-17 17:41:54  nputLayer)                                                                                       
2024-05-17 17:41:54                                                                                                   
2024-05-17 17:41:54  cell.rnaseq (Functional)    (None, 1000)                 2961000   ['input.cell.rnaseq[0][0]']   
2024-05-17 17:41:54                                                                                                   
2024-05-17 17:41:54  drug.descriptors (Function  (None, 1000)                 3616000   ['input.drug1.descriptors[0][0
2024-05-17 17:41:54  al)                                                                ]']                           
2024-05-17 17:41:54                                                                                                   
2024-05-17 17:41:54  concatenate (Concatenate)   (None, 2000)                 0         ['cell.rnaseq[0][0]',         
2024-05-17 17:41:54                                                                      'drug.descriptors[0][0]']    
2024-05-17 17:41:54                                                                                                   
2024-05-17 17:41:54  dense_6 (Dense)             (None, 1000)                 2001000   ['concatenate[0][0]']         
2024-05-17 17:41:54                                                                                                   
2024-05-17 17:41:54  permanent_dropout_6 (Perma  (None, 1000)                 0         ['dense_6[0][0]']             
2024-05-17 17:41:54  nentDropout)                                                                                     
2024-05-17 17:41:54                                                                                                   
2024-05-17 17:41:54  dense_7 (Dense)             (None, 1000)                 1001000   ['permanent_dropout_6[0][0]'] 
2024-05-17 17:41:54                                                                                                   
2024-05-17 17:41:54  permanent_dropout_7 (Perma  (None, 1000)                 0         ['dense_7[0][0]']             
2024-05-17 17:41:54  nentDropout)                                                                                     
2024-05-17 17:41:54                                                                                                   
2024-05-17 17:41:54  dense_8 (Dense)             (None, 1000)                 1001000   ['permanent_dropout_7[0][0]'] 
2024-05-17 17:41:54                                                                                                   
2024-05-17 17:41:54  permanent_dropout_8 (Perma  (None, 1000)                 0         ['dense_8[0][0]']             
2024-05-17 17:41:54  nentDropout)                                                                                     
2024-05-17 17:41:54                                                                                                   
2024-05-17 17:41:54  dense_9 (Dense)             (None, 1000)                 1001000   ['permanent_dropout_8[0][0]'] 
2024-05-17 17:41:54                                                                                                   
2024-05-17 17:41:54  permanent_dropout_9 (Perma  (None, 1000)                 0         ['dense_9[0][0]']             
2024-05-17 17:41:54  nentDropout)                                                                                     
2024-05-17 17:41:54                                                                                                   
2024-05-17 17:41:54  dense_10 (Dense)            (None, 1000)                 1001000   ['permanent_dropout_9[0][0]'] 
2024-05-17 17:41:54                                                                                                   
2024-05-17 17:41:54  permanent_dropout_10 (Perm  (None, 1000)                 0         ['dense_10[0][0]']            
2024-05-17 17:41:54  anentDropout)                                                                                    
2024-05-17 17:41:54                                                                                                   
2024-05-17 17:41:54  dense_11 (Dense)            (None, 1)                    1001      ['permanent_dropout_10[0][0]']
2024-05-17 17:41:54                                                                                                   
2024-05-17 17:41:54 ==================================================================================================
2024-05-17 17:41:54 Total params: 12583001 (48.00 MB)
2024-05-17 17:41:54 Trainable params: 12583001 (48.00 MB)
2024-05-17 17:41:54 Non-trainable params: 0 (0.00 Byte)
2024-05-17 17:41:54 __________________________________________________________________________________________________
2024-05-17 17:41:54 CKPT CONSTRUCT...
2024-05-17 17:41:54 CKPT CONSTRUCT OK.
2024-05-17 17:41:54 template model: <keras.src.engine.functional.Functional object at 0x154628441610>
2024-05-17 17:41:56 COMPILE
2024-05-17 17:41:56 Will save weights to: /dev/shm/Uno/save/8998722.amn-0001/123/1.1.model.h5
2024-05-17 17:42:12 Between random pairs in y_val:
2024-05-17 17:42:12   mse: 0.04779366
2024-05-17 17:42:12   mae: 0.16023423
2024-05-17 17:42:12   r2: -1.00017022
2024-05-17 17:42:12   corr: -0.00008511
2024-05-17 17:42:12 Data points per epoch: train = 469608, val = 117403, test = 698
2024-05-17 17:42:12 Steps per epoch: train = 14675, val = 3668, test = 21
2024-05-17 17:42:12 Epoch 0: lr=0.001
2024-05-17 17:43:26 [Epoch: 0] loss: 0.024029, mae: 0.079534, r2: -0.209584, val_loss: 0.008603, val_mae: 0.068084, val_r2: 0.591033
2024-05-17 17:43:26 Epoch 1: lr=0.00082
2024-05-17 17:44:38 [Epoch: 1] loss: 0.008019, mae: 0.064063, r2: 0.620531, val_loss: 0.007659, val_mae: 0.062384, val_r2: 0.643322
2024-05-17 17:44:38 Epoch 2: lr=0.00064
2024-05-17 17:45:50 [Epoch: 2] loss: 0.007322, mae: 0.060897, r2: 0.652501, val_loss: 0.007106, val_mae: 0.059331, val_r2: 0.662988
2024-05-17 17:45:50 Epoch 3: lr=0.00046
2024-05-17 17:47:02 [Epoch: 3] loss: 0.006852, mae: 0.058756, r2: 0.673947, val_loss: 0.006809, val_mae: 0.059258, val_r2: 0.675821
2024-05-17 17:47:02 Epoch 4: lr=0.00028
2024-05-17 17:48:14 [Epoch: 4] loss: 0.006444, mae: 0.056894, r2: 0.692549, val_loss: 0.006528, val_mae: 0.057485, val_r2: 0.689065
2024-05-17 17:48:14 Epoch 5: lr=0.0001
2024-05-17 17:49:26 [Epoch: 5] loss: 0.006111, mae: 0.055332, r2: 0.708126, val_loss: 0.006374, val_mae: 0.056218, val_r2: 0.698546
2024-05-17 17:49:26 Epoch 6: lr=0.0001
2024-05-17 17:50:37 [Epoch: 6] loss: 0.006009, mae: 0.054870, r2: 0.712683, val_loss: 0.006335, val_mae: 0.055959, val_r2: 0.699082
2024-05-17 17:50:38 Epoch 7: lr=0.0001
2024-05-17 17:51:49 [Epoch: 7] loss: 0.005921, mae: 0.054483, r2: 0.716998, val_loss: 0.006276, val_mae: 0.055812, val_r2: 0.700952
2024-05-17 17:51:50 Epoch 8: lr=0.0001
2024-05-17 17:53:01 [Epoch: 8] loss: 0.005850, mae: 0.054126, r2: 0.720070, val_loss: 0.006252, val_mae: 0.055557, val_r2: 0.701208
2024-05-17 17:53:01 Epoch 9: lr=0.0001
2024-05-17 17:54:13 [Epoch: 9] loss: 0.005793, mae: 0.053919, r2: 0.722930, val_loss: 0.006245, val_mae: 0.055249, val_r2: 0.702939
2024-05-17 17:54:13 Epoch 10: lr=0.0001
2024-05-17 17:55:25 [Epoch: 10] loss: 0.005733, mae: 0.053595, r2: 0.725874, val_loss: 0.006205, val_mae: 0.055384, val_r2: 0.704610
2024-05-17 17:55:25 Epoch 11: lr=0.0001
2024-05-17 17:56:37 [Epoch: 11] loss: 0.005669, mae: 0.053322, r2: 0.728610, val_loss: 0.006220, val_mae: 0.055837, val_r2: 0.703737
2024-05-17 17:56:37 Epoch 12: lr=0.0001
2024-05-17 17:57:49 [Epoch: 12] loss: 0.005608, mae: 0.053045, r2: 0.731287, val_loss: 0.006185, val_mae: 0.055445, val_r2: 0.705534
2024-05-17 17:57:49 Epoch 13: lr=0.0001
2024-05-17 17:59:01 [Epoch: 13] loss: 0.005548, mae: 0.052752, r2: 0.734197, val_loss: 0.006221, val_mae: 0.054820, val_r2: 0.703879
2024-05-17 17:59:01 Epoch 14: lr=5e-05
2024-05-17 18:00:13 [Epoch: 14] loss: 0.005431, mae: 0.052199, r2: 0.739659, val_loss: 0.006128, val_mae: 0.054644, val_r2: 0.708269
2024-05-17 18:00:13 Epoch 15: lr=5e-05
2024-05-17 18:01:25 [Epoch: 15] loss: 0.005378, mae: 0.051968, r2: 0.741994, val_loss: 0.006120, val_mae: 0.054695, val_r2: 0.708121
2024-05-17 18:01:25 Epoch 16: lr=5e-05
2024-05-17 18:02:37 [Epoch: 16] loss: 0.005357, mae: 0.051903, r2: 0.743054, val_loss: 0.006105, val_mae: 0.054786, val_r2: 0.709089
2024-05-17 18:02:37 Epoch 17: lr=5e-05
2024-05-17 18:03:49 [Epoch: 17] loss: 0.005330, mae: 0.051730, r2: 0.744523, val_loss: 0.006103, val_mae: 0.054845, val_r2: 0.709355
2024-05-17 18:03:49 Epoch 18: lr=5e-05
2024-05-17 18:05:01 [Epoch: 18] loss: 0.005295, mae: 0.051596, r2: 0.745970, val_loss: 0.006107, val_mae: 0.054911, val_r2: 0.708609
2024-05-17 18:05:01 Epoch 19: lr=5e-05
2024-05-17 18:06:13 [Epoch: 19] loss: 0.005268, mae: 0.051465, r2: 0.747306, val_loss: 0.006098, val_mae: 0.054915, val_r2: 0.708680
2024-05-17 18:06:13 Epoch 20: lr=2.5e-05
2024-05-17 18:07:25 [Epoch: 20] loss: 0.005198, mae: 0.051093, r2: 0.750625, val_loss: 0.006054, val_mae: 0.054688, val_r2: 0.711189
2024-05-17 18:07:25 Epoch 21: lr=2.5e-05
2024-05-17 18:08:37 [Epoch: 21] loss: 0.005183, mae: 0.051056, r2: 0.751082, val_loss: 0.006067, val_mae: 0.054667, val_r2: 0.711193
2024-05-17 18:08:37 Epoch 22: lr=2.5e-05
2024-05-17 18:09:49 [Epoch: 22] loss: 0.005165, mae: 0.050998, r2: 0.752014, val_loss: 0.006054, val_mae: 0.054679, val_r2: 0.710916
2024-05-17 18:09:49 Epoch 23: lr=2.5e-05
2024-05-17 18:11:01 [Epoch: 23] loss: 0.005159, mae: 0.050944, r2: 0.752164, val_loss: 0.006066, val_mae: 0.054525, val_r2: 0.710769
2024-05-17 18:11:01 Epoch 24: lr=2.5e-05
2024-05-17 18:12:13 [Epoch: 24] loss: 0.005134, mae: 0.050833, r2: 0.753512, val_loss: 0.006057, val_mae: 0.054520, val_r2: 0.711334
2024-05-17 18:12:13 Epoch 25: lr=1.25e-05
2024-05-17 18:13:24 [Epoch: 25] loss: 0.005099, mae: 0.050637, r2: 0.755127, val_loss: 0.006058, val_mae: 0.054389, val_r2: 0.710964
2024-05-17 18:13:25 Epoch 26: lr=1.25e-05
2024-05-17 18:14:36 [Epoch: 26] loss: 0.005098, mae: 0.050693, r2: 0.755235, val_loss: 0.006047, val_mae: 0.054333, val_r2: 0.711623
2024-05-17 18:14:37 Epoch 27: lr=1.25e-05
2024-05-17 18:15:48 [Epoch: 27] loss: 0.005085, mae: 0.050579, r2: 0.755825, val_loss: 0.006030, val_mae: 0.054407, val_r2: 0.713275
2024-05-17 18:15:48 Epoch 28: lr=1.25e-05
2024-05-17 18:17:00 [Epoch: 28] loss: 0.005068, mae: 0.050521, r2: 0.756424, val_loss: 0.006052, val_mae: 0.054330, val_r2: 0.711592
2024-05-17 18:17:00 Epoch 29: lr=1.25e-05
2024-05-17 18:18:12 [Epoch: 29] loss: 0.005068, mae: 0.050501, r2: 0.756615, val_loss: 0.006052, val_mae: 0.054338, val_r2: 0.710449
2024-05-17 18:18:12 Epoch 30: lr=1e-05
2024-05-17 18:19:24 [Epoch: 30] loss: 0.005051, mae: 0.050471, r2: 0.757136, val_loss: 0.006052, val_mae: 0.054396, val_r2: 0.711214
2024-05-17 18:19:24 Epoch 31: lr=1e-05
2024-05-17 18:20:36 [Epoch: 31] loss: 0.005040, mae: 0.050387, r2: 0.757896, val_loss: 0.006072, val_mae: 0.054245, val_r2: 0.710375
2024-05-17 18:20:36 Epoch 32: lr=1e-05
2024-05-17 18:21:48 [Epoch: 32] loss: 0.005049, mae: 0.050420, r2: 0.757380, val_loss: 0.006071, val_mae: 0.054546, val_r2: 0.710380
2024-05-17 18:21:48 Epoch 33: lr=1e-05
2024-05-17 18:23:00 [Epoch: 33] loss: 0.005042, mae: 0.050379, r2: 0.757745, val_loss: 0.006034, val_mae: 0.054311, val_r2: 0.712246
2024-05-17 18:23:00 Epoch 34: lr=1e-05
2024-05-17 18:24:12 [Epoch: 34] loss: 0.005029, mae: 0.050344, r2: 0.758204, val_loss: 0.006049, val_mae: 0.054473, val_r2: 0.711007
2024-05-17 18:24:12 Epoch 35: lr=1e-05
2024-05-17 18:25:24 [Epoch: 35] loss: 0.005035, mae: 0.050360, r2: 0.757892, val_loss: 0.006054, val_mae: 0.054397, val_r2: 0.711086
2024-05-17 18:25:24 Epoch 36: lr=1e-05
2024-05-17 18:26:36 [Epoch: 36] loss: 0.005016, mae: 0.050283, r2: 0.758929, val_loss: 0.006047, val_mae: 0.054280, val_r2: 0.711507
2024-05-17 18:26:36 Epoch 37: lr=1e-05
2024-05-17 18:27:48 [Epoch: 37] loss: 0.005016, mae: 0.050304, r2: 0.758895, val_loss: 0.006048, val_mae: 0.054356, val_r2: 0.711435
2024-05-17 18:27:48 history_length: 38
2024-05-17 18:27:48 stopping: early
2024-05-17 18:27:48 Comparing y_true and y_pred:
2024-05-17 18:27:48   mse: 0.01534467
2024-05-17 18:27:48   mae: 0.11525813
2024-05-17 18:27:48   r2: -11.95889206
2024-05-17 18:27:48   corr: 0.22575106
