2024-05-21 14:10:17 UNO RUN ...
2024-05-21 14:10:17 Params: {'model_name': 'uno', 'train_sources': ['CCLE'], 'test_sources': ['train'], 'cell_types': None, 'cell_features': ['rnaseq'], 'drug_features': ['descriptors'], 'dense': [1000, 1000, 1000, 1000, 1000], 'dense_feature_layers': [1000, 1000, 1000], 'activation': 'relu', 'loss': 'mse', 'optimizer': 'adamax', 'scaling': 'std', 'dropout': 0.1, 'epochs': 50, 'batch_size': 32, 'val_split': 0.2, 'cv': 1, 'max_val_loss': 1.0, 'learning_rate': 0.0001, 'base_lr': None, 'agg_dose': 'AUC', 'residual': False, 'reduce_lr': True, 'warmup_lr': True, 'batch_normalization': False, 'feature_subsample': 0, 'rng_seed': 2018, 'no_gen': False, 'verbose': False, 'preprocess_rnaseq': 'source_scale', 'gpus': [0], 'use_landmark_genes': True, 'no_feature_source': True, 'no_response_source': True, 'save_path': '/dev/shm/Uno/save/8999967.amn-0001/38', 'single': True, 'on_memory_loader': True, 'ckpt_checksum': True, 'ckpt_save_interval': 0, 'timeout': -1, 'train_bool': True, 'profiling': False, 'experiment_id': '8999967.amn-0001', 'run_id': '38', 'logfile': '/dev/shm/Uno/save/8999967.amn-0001/38/python.log', 'shuffle': False, 'ckpt_restart_mode': 'off', 'ckpt_skip_epochs': 0, 'ckpt_directory': '/dev/shm/Uno/save/8999967.amn-0001/38', 'ckpt_save_best': True, 'ckpt_save_best_metric': 'val_loss', 'ckpt_save_weights_only': False, 'ckpt_keep_mode': 'linear', 'ckpt_keep_limit': 5, 'by_cell': None, 'by_drug': None, 'cell_subset_path': '', 'drug_subset_path': '', 'drug_median_response_min': -1, 'drug_median_response_max': 1, 'dense_cell_feature_layers': None, 'dense_drug_feature_layers': None, 'use_filtered_genes': False, 'feature_subset_path': '', 'cell_feature_subset_path': '', 'drug_feature_subset_path': '', 'es': True, 'cp': False, 'tb': False, 'tb_prefix': 'tb', 'partition_by': None, 'cache': None, 'export_csv': None, 'export_data': None, 'use_exported_data': '/dev/shm/Uno/x1922c5s4b0n0.38.merged.landmark.h5', 'growth_bins': 0, 'initial_weights': None, 'save_weights': '/dev/shm/Uno/save/8999967.amn-0001/38/1.0.model.h5', 'config_file': '/home/brettin/CSC249ADOA01_CNDA/brettin/Benchmarks/Pilot1/Uno/uno_auc_model.txt', 'data_type': <class 'numpy.float32'>, 'data_dir': '/dev/shm/Uno/uno/Data', 'output_dir': '/dev/shm/Uno/uno/Output/8999967.amn-0001/38'}
2024-05-21 14:10:17 Feature encoding submodel for cell.rnaseq:
2024-05-21 14:10:17 Model: "cell.rnaseq"
2024-05-21 14:10:17 _________________________________________________________________
2024-05-21 14:10:17  Layer (type)                Output Shape              Param #   
2024-05-21 14:10:17 =================================================================
2024-05-21 14:10:17  input_1 (InputLayer)        [(None, 958)]             0         
2024-05-21 14:10:17                                                                  
2024-05-21 14:10:17  dense (Dense)               (None, 1000)              959000    
2024-05-21 14:10:17                                                                  
2024-05-21 14:10:17  permanent_dropout (Permane  (None, 1000)              0         
2024-05-21 14:10:17  ntDropout)                                                      
2024-05-21 14:10:17                                                                  
2024-05-21 14:10:17  dense_1 (Dense)             (None, 1000)              1001000   
2024-05-21 14:10:17                                                                  
2024-05-21 14:10:17  permanent_dropout_1 (Perma  (None, 1000)              0         
2024-05-21 14:10:17  nentDropout)                                                    
2024-05-21 14:10:17                                                                  
2024-05-21 14:10:17  dense_2 (Dense)             (None, 1000)              1001000   
2024-05-21 14:10:17                                                                  
2024-05-21 14:10:17  permanent_dropout_2 (Perma  (None, 1000)              0         
2024-05-21 14:10:17  nentDropout)                                                    
2024-05-21 14:10:17                                                                  
2024-05-21 14:10:17 =================================================================
2024-05-21 14:10:17 Total params: 2961000 (11.30 MB)
2024-05-21 14:10:17 Trainable params: 2961000 (11.30 MB)
2024-05-21 14:10:17 Non-trainable params: 0 (0.00 Byte)
2024-05-21 14:10:17 _________________________________________________________________
2024-05-21 14:10:17 Feature encoding submodel for drug.descriptors:
2024-05-21 14:10:17 Model: "drug.descriptors"
2024-05-21 14:10:17 _________________________________________________________________
2024-05-21 14:10:17  Layer (type)                Output Shape              Param #   
2024-05-21 14:10:17 =================================================================
2024-05-21 14:10:17  input_2 (InputLayer)        [(None, 1613)]            0         
2024-05-21 14:10:17                                                                  
2024-05-21 14:10:17  dense_3 (Dense)             (None, 1000)              1614000   
2024-05-21 14:10:17                                                                  
2024-05-21 14:10:17  permanent_dropout_3 (Perma  (None, 1000)              0         
2024-05-21 14:10:17  nentDropout)                                                    
2024-05-21 14:10:17                                                                  
2024-05-21 14:10:17  dense_4 (Dense)             (None, 1000)              1001000   
2024-05-21 14:10:17                                                                  
2024-05-21 14:10:17  permanent_dropout_4 (Perma  (None, 1000)              0         
2024-05-21 14:10:17  nentDropout)                                                    
2024-05-21 14:10:17                                                                  
2024-05-21 14:10:17  dense_5 (Dense)             (None, 1000)              1001000   
2024-05-21 14:10:17                                                                  
2024-05-21 14:10:17  permanent_dropout_5 (Perma  (None, 1000)              0         
2024-05-21 14:10:17  nentDropout)                                                    
2024-05-21 14:10:17                                                                  
2024-05-21 14:10:17 =================================================================
2024-05-21 14:10:17 Total params: 3616000 (13.79 MB)
2024-05-21 14:10:17 Trainable params: 3616000 (13.79 MB)
2024-05-21 14:10:17 Non-trainable params: 0 (0.00 Byte)
2024-05-21 14:10:17 _________________________________________________________________
2024-05-21 14:10:17 Combined model:
2024-05-21 14:10:17 Model: "model"
2024-05-21 14:10:17 __________________________________________________________________________________________________
2024-05-21 14:10:17  Layer (type)                Output Shape                 Param #   Connected to                  
2024-05-21 14:10:17 ==================================================================================================
2024-05-21 14:10:17  input.cell.rnaseq (InputLa  [(None, 958)]                0         []                            
2024-05-21 14:10:17  yer)                                                                                             
2024-05-21 14:10:17                                                                                                   
2024-05-21 14:10:17  input.drug1.descriptors (I  [(None, 1613)]               0         []                            
2024-05-21 14:10:17  nputLayer)                                                                                       
2024-05-21 14:10:17                                                                                                   
2024-05-21 14:10:17  cell.rnaseq (Functional)    (None, 1000)                 2961000   ['input.cell.rnaseq[0][0]']   
2024-05-21 14:10:17                                                                                                   
2024-05-21 14:10:17  drug.descriptors (Function  (None, 1000)                 3616000   ['input.drug1.descriptors[0][0
2024-05-21 14:10:17  al)                                                                ]']                           
2024-05-21 14:10:17                                                                                                   
2024-05-21 14:10:17  concatenate (Concatenate)   (None, 2000)                 0         ['cell.rnaseq[0][0]',         
2024-05-21 14:10:17                                                                      'drug.descriptors[0][0]']    
2024-05-21 14:10:17                                                                                                   
2024-05-21 14:10:17  dense_6 (Dense)             (None, 1000)                 2001000   ['concatenate[0][0]']         
2024-05-21 14:10:17                                                                                                   
2024-05-21 14:10:17  permanent_dropout_6 (Perma  (None, 1000)                 0         ['dense_6[0][0]']             
2024-05-21 14:10:17  nentDropout)                                                                                     
2024-05-21 14:10:17                                                                                                   
2024-05-21 14:10:17  dense_7 (Dense)             (None, 1000)                 1001000   ['permanent_dropout_6[0][0]'] 
2024-05-21 14:10:17                                                                                                   
2024-05-21 14:10:17  permanent_dropout_7 (Perma  (None, 1000)                 0         ['dense_7[0][0]']             
2024-05-21 14:10:17  nentDropout)                                                                                     
2024-05-21 14:10:17                                                                                                   
2024-05-21 14:10:17  dense_8 (Dense)             (None, 1000)                 1001000   ['permanent_dropout_7[0][0]'] 
2024-05-21 14:10:17                                                                                                   
2024-05-21 14:10:17  permanent_dropout_8 (Perma  (None, 1000)                 0         ['dense_8[0][0]']             
2024-05-21 14:10:17  nentDropout)                                                                                     
2024-05-21 14:10:17                                                                                                   
2024-05-21 14:10:17  dense_9 (Dense)             (None, 1000)                 1001000   ['permanent_dropout_8[0][0]'] 
2024-05-21 14:10:17                                                                                                   
2024-05-21 14:10:17  permanent_dropout_9 (Perma  (None, 1000)                 0         ['dense_9[0][0]']             
2024-05-21 14:10:17  nentDropout)                                                                                     
2024-05-21 14:10:17                                                                                                   
2024-05-21 14:10:17  dense_10 (Dense)            (None, 1000)                 1001000   ['permanent_dropout_9[0][0]'] 
2024-05-21 14:10:17                                                                                                   
2024-05-21 14:10:17  permanent_dropout_10 (Perm  (None, 1000)                 0         ['dense_10[0][0]']            
2024-05-21 14:10:17  anentDropout)                                                                                    
2024-05-21 14:10:17                                                                                                   
2024-05-21 14:10:17  dense_11 (Dense)            (None, 1)                    1001      ['permanent_dropout_10[0][0]']
2024-05-21 14:10:17                                                                                                   
2024-05-21 14:10:17 ==================================================================================================
2024-05-21 14:10:17 Total params: 12583001 (48.00 MB)
2024-05-21 14:10:17 Trainable params: 12583001 (48.00 MB)
2024-05-21 14:10:17 Non-trainable params: 0 (0.00 Byte)
2024-05-21 14:10:17 __________________________________________________________________________________________________
2024-05-21 14:10:17 CKPT CONSTRUCT...
2024-05-21 14:10:17 CKPT CONSTRUCT OK.
2024-05-21 14:10:17 template model: <keras.src.engine.functional.Functional object at 0x14722ed3da00>
2024-05-21 14:10:19 COMPILE
2024-05-21 14:10:19 Will save weights to: /dev/shm/Uno/save/8999967.amn-0001/38/1.0.model.h5
2024-05-21 14:10:36 Between random pairs in y_val:
2024-05-21 14:10:36   mse: 0.04761656
2024-05-21 14:10:36   mae: 0.15996752
2024-05-21 14:10:36   r2: -1.00431877
2024-05-21 14:10:36   corr: -0.00215939
2024-05-21 14:10:36 Data points per epoch: train = 469707, val = 117427, test = 575
2024-05-21 14:10:36 Steps per epoch: train = 14678, val = 3669, test = 17
2024-05-21 14:10:36 Epoch 0: lr=0.001
2024-05-21 14:11:49 [Epoch: 0] loss: 0.022370, mae: 0.079017, r2: -0.735358, val_loss: 0.008431, val_mae: 0.064935, val_r2: 0.593916
2024-05-21 14:11:49 Epoch 1: lr=0.00082
2024-05-21 14:13:01 [Epoch: 1] loss: 0.007999, mae: 0.064012, r2: 0.621768, val_loss: 0.007572, val_mae: 0.060966, val_r2: 0.636677
2024-05-21 14:13:01 Epoch 2: lr=0.00064
2024-05-21 14:14:12 [Epoch: 2] loss: 0.007317, mae: 0.060837, r2: 0.652806, val_loss: 0.007285, val_mae: 0.061707, val_r2: 0.652657
2024-05-21 14:14:12 Epoch 3: lr=0.00046
2024-05-21 14:15:24 [Epoch: 3] loss: 0.006860, mae: 0.058726, r2: 0.673601, val_loss: 0.006911, val_mae: 0.058118, val_r2: 0.670077
2024-05-21 14:15:24 Epoch 4: lr=0.00028
2024-05-21 14:16:35 [Epoch: 4] loss: 0.006456, mae: 0.056917, r2: 0.692108, val_loss: 0.006614, val_mae: 0.057930, val_r2: 0.679913
2024-05-21 14:16:35 Epoch 5: lr=0.0001
2024-05-21 14:17:46 [Epoch: 5] loss: 0.006120, mae: 0.055356, r2: 0.707603, val_loss: 0.006390, val_mae: 0.056236, val_r2: 0.693201
2024-05-21 14:17:46 Epoch 6: lr=0.0001
2024-05-21 14:18:58 [Epoch: 6] loss: 0.006015, mae: 0.054871, r2: 0.712430, val_loss: 0.006350, val_mae: 0.055720, val_r2: 0.693092
2024-05-21 14:18:58 Epoch 7: lr=0.0001
2024-05-21 14:20:09 [Epoch: 7] loss: 0.005936, mae: 0.054513, r2: 0.716137, val_loss: 0.006311, val_mae: 0.056218, val_r2: 0.695720
2024-05-21 14:20:09 Epoch 8: lr=0.0001
2024-05-21 14:21:21 [Epoch: 8] loss: 0.005868, mae: 0.054224, r2: 0.719085, val_loss: 0.006291, val_mae: 0.055559, val_r2: 0.696175
2024-05-21 14:21:21 Epoch 9: lr=0.0001
2024-05-21 14:22:32 [Epoch: 9] loss: 0.005798, mae: 0.053904, r2: 0.722490, val_loss: 0.006265, val_mae: 0.055552, val_r2: 0.696938
2024-05-21 14:22:32 Epoch 10: lr=0.0001
2024-05-21 14:23:44 [Epoch: 10] loss: 0.005740, mae: 0.053654, r2: 0.725197, val_loss: 0.006257, val_mae: 0.055341, val_r2: 0.699412
2024-05-21 14:23:44 Epoch 11: lr=0.0001
2024-05-21 14:24:55 [Epoch: 11] loss: 0.005667, mae: 0.053319, r2: 0.728779, val_loss: 0.006231, val_mae: 0.054979, val_r2: 0.699631
2024-05-21 14:24:55 Epoch 12: lr=0.0001
2024-05-21 14:26:06 [Epoch: 12] loss: 0.005614, mae: 0.053084, r2: 0.731172, val_loss: 0.006210, val_mae: 0.055510, val_r2: 0.699463
2024-05-21 14:26:06 Epoch 13: lr=0.0001
2024-05-21 14:27:18 [Epoch: 13] loss: 0.005561, mae: 0.052832, r2: 0.733194, val_loss: 0.006199, val_mae: 0.055969, val_r2: 0.700754
2024-05-21 14:27:18 Epoch 14: lr=0.0001
2024-05-21 14:28:29 [Epoch: 14] loss: 0.005508, mae: 0.052539, r2: 0.735991, val_loss: 0.006139, val_mae: 0.054864, val_r2: 0.703900
2024-05-21 14:28:29 Epoch 15: lr=0.0001
2024-05-21 14:29:40 [Epoch: 15] loss: 0.005461, mae: 0.052356, r2: 0.738024, val_loss: 0.006155, val_mae: 0.055231, val_r2: 0.703107
2024-05-21 14:29:41 Epoch 16: lr=0.0001
2024-05-21 14:30:52 [Epoch: 16] loss: 0.005402, mae: 0.052104, r2: 0.740895, val_loss: 0.006109, val_mae: 0.054815, val_r2: 0.706072
2024-05-21 14:30:52 Epoch 17: lr=0.0001
2024-05-21 14:32:03 [Epoch: 17] loss: 0.005355, mae: 0.051902, r2: 0.742942, val_loss: 0.006141, val_mae: 0.054430, val_r2: 0.704058
2024-05-21 14:32:03 Epoch 18: lr=0.0001
2024-05-21 14:33:15 [Epoch: 18] loss: 0.005303, mae: 0.051658, r2: 0.745507, val_loss: 0.006129, val_mae: 0.054638, val_r2: 0.704019
2024-05-21 14:33:15 Epoch 19: lr=0.0001
2024-05-21 14:34:26 [Epoch: 19] loss: 0.005261, mae: 0.051408, r2: 0.747587, val_loss: 0.006098, val_mae: 0.055051, val_r2: 0.705254
2024-05-21 14:34:26 Epoch 20: lr=5e-05
2024-05-21 14:35:37 [Epoch: 20] loss: 0.005141, mae: 0.050886, r2: 0.752790, val_loss: 0.006083, val_mae: 0.054374, val_r2: 0.706243
2024-05-21 14:35:38 Epoch 21: lr=5e-05
2024-05-21 14:36:49 [Epoch: 21] loss: 0.005108, mae: 0.050711, r2: 0.754333, val_loss: 0.006080, val_mae: 0.054020, val_r2: 0.706712
2024-05-21 14:36:49 Epoch 22: lr=5e-05
2024-05-21 14:38:00 [Epoch: 22] loss: 0.005077, mae: 0.050572, r2: 0.755751, val_loss: 0.006068, val_mae: 0.054271, val_r2: 0.706624
2024-05-21 14:38:00 Epoch 23: lr=5e-05
2024-05-21 14:39:12 [Epoch: 23] loss: 0.005045, mae: 0.050399, r2: 0.757318, val_loss: 0.006092, val_mae: 0.054129, val_r2: 0.705380
2024-05-21 14:39:12 Epoch 24: lr=5e-05
2024-05-21 14:40:23 [Epoch: 24] loss: 0.005019, mae: 0.050275, r2: 0.758564, val_loss: 0.006068, val_mae: 0.054247, val_r2: 0.707172
2024-05-21 14:40:23 Epoch 25: lr=2.5e-05
2024-05-21 14:41:34 [Epoch: 25] loss: 0.004966, mae: 0.050022, r2: 0.760918, val_loss: 0.006079, val_mae: 0.054092, val_r2: 0.706432
2024-05-21 14:41:34 Epoch 26: lr=2.5e-05
2024-05-21 14:42:46 [Epoch: 26] loss: 0.004947, mae: 0.049954, r2: 0.761733, val_loss: 0.006066, val_mae: 0.054377, val_r2: 0.707056
2024-05-21 14:42:46 Epoch 27: lr=2.5e-05
2024-05-21 14:43:57 [Epoch: 27] loss: 0.004932, mae: 0.049857, r2: 0.762655, val_loss: 0.006060, val_mae: 0.054306, val_r2: 0.707915
2024-05-21 14:43:57 Epoch 28: lr=2.5e-05
2024-05-21 14:45:09 [Epoch: 28] loss: 0.004910, mae: 0.049765, r2: 0.763744, val_loss: 0.006040, val_mae: 0.054275, val_r2: 0.707981
2024-05-21 14:45:09 Epoch 29: lr=2.5e-05
2024-05-21 14:46:20 [Epoch: 29] loss: 0.004908, mae: 0.049772, r2: 0.763653, val_loss: 0.006078, val_mae: 0.054091, val_r2: 0.705678
2024-05-21 14:46:20 Epoch 30: lr=1.25e-05
2024-05-21 14:47:32 [Epoch: 30] loss: 0.004879, mae: 0.049598, r2: 0.764927, val_loss: 0.006077, val_mae: 0.054224, val_r2: 0.706784
2024-05-21 14:47:32 Epoch 31: lr=1.25e-05
2024-05-21 14:48:43 [Epoch: 31] loss: 0.004860, mae: 0.049503, r2: 0.766235, val_loss: 0.006086, val_mae: 0.054251, val_r2: 0.706041
2024-05-21 14:48:43 Epoch 32: lr=1.25e-05
2024-05-21 14:49:55 [Epoch: 32] loss: 0.004859, mae: 0.049509, r2: 0.765962, val_loss: 0.006076, val_mae: 0.054101, val_r2: 0.706407
2024-05-21 14:49:55 Epoch 33: lr=1.25e-05
2024-05-21 14:51:06 [Epoch: 33] loss: 0.004845, mae: 0.049471, r2: 0.766650, val_loss: 0.006048, val_mae: 0.054196, val_r2: 0.707473
2024-05-21 14:51:06 Epoch 34: lr=1.25e-05
2024-05-21 14:52:18 [Epoch: 34] loss: 0.004838, mae: 0.049426, r2: 0.766818, val_loss: 0.006072, val_mae: 0.054186, val_r2: 0.706551
2024-05-21 14:52:18 Epoch 35: lr=1e-05
2024-05-21 14:53:29 [Epoch: 35] loss: 0.004827, mae: 0.049359, r2: 0.767421, val_loss: 0.006068, val_mae: 0.054333, val_r2: 0.705737
2024-05-21 14:53:29 Epoch 36: lr=1e-05
2024-05-21 14:54:40 [Epoch: 36] loss: 0.004827, mae: 0.049348, r2: 0.767464, val_loss: 0.006065, val_mae: 0.054259, val_r2: 0.706819
2024-05-21 14:54:40 Epoch 37: lr=1e-05
2024-05-21 14:55:52 [Epoch: 37] loss: 0.004818, mae: 0.049317, r2: 0.767592, val_loss: 0.006092, val_mae: 0.054228, val_r2: 0.705332
2024-05-21 14:55:52 Epoch 38: lr=1e-05
2024-05-21 14:57:03 [Epoch: 38] loss: 0.004818, mae: 0.049316, r2: 0.767990, val_loss: 0.006062, val_mae: 0.054092, val_r2: 0.706889
2024-05-21 14:57:03 history_length: 39
2024-05-21 14:57:03 stopping: early
2024-05-21 14:57:03 Comparing y_true and y_pred:
2024-05-21 14:57:03   mse: 0.00473448
2024-05-21 14:57:03   mae: 0.05471228
2024-05-21 14:57:03   r2: -1.01837664
2024-05-21 14:57:03   corr: -0.04437344
