2024-05-22 13:29:36 UNO RUN ...
2024-05-22 13:29:36 Params: {'model_name': 'uno', 'train_sources': ['CCLE'], 'test_sources': ['train'], 'cell_types': None, 'cell_features': ['rnaseq'], 'drug_features': ['descriptors'], 'dense': [1000, 1000, 1000, 1000, 1000], 'dense_feature_layers': [1000, 1000, 1000], 'activation': 'relu', 'loss': 'mse', 'optimizer': 'adamax', 'scaling': 'std', 'dropout': 0.1, 'epochs': 50, 'batch_size': 32, 'val_split': 0.2, 'cv': 1, 'max_val_loss': 1.0, 'learning_rate': 0.0001, 'base_lr': None, 'agg_dose': 'AUC', 'residual': False, 'reduce_lr': True, 'warmup_lr': True, 'batch_normalization': False, 'feature_subsample': 0, 'rng_seed': 2018, 'no_gen': False, 'verbose': False, 'preprocess_rnaseq': 'source_scale', 'gpus': [0], 'use_landmark_genes': True, 'no_feature_source': True, 'no_response_source': True, 'save_path': '/dev/shm/Uno/save/9000732.amn-0001/42', 'single': True, 'on_memory_loader': True, 'ckpt_checksum': True, 'ckpt_save_interval': 0, 'timeout': -1, 'train_bool': True, 'profiling': False, 'experiment_id': '9000732.amn-0001', 'run_id': '42', 'logfile': '/dev/shm/Uno/save/9000732.amn-0001/42/python.log', 'shuffle': False, 'ckpt_restart_mode': 'off', 'ckpt_skip_epochs': 0, 'ckpt_directory': '/dev/shm/Uno/save/9000732.amn-0001/42', 'ckpt_save_best': True, 'ckpt_save_best_metric': 'val_loss', 'ckpt_save_weights_only': False, 'ckpt_keep_mode': 'linear', 'ckpt_keep_limit': 5, 'by_cell': None, 'by_drug': None, 'cell_subset_path': '', 'drug_subset_path': '', 'drug_median_response_min': -1, 'drug_median_response_max': 1, 'dense_cell_feature_layers': None, 'dense_drug_feature_layers': None, 'use_filtered_genes': False, 'feature_subset_path': '', 'cell_feature_subset_path': '', 'drug_feature_subset_path': '', 'es': True, 'cp': False, 'tb': False, 'tb_prefix': 'tb', 'partition_by': None, 'cache': None, 'export_csv': None, 'export_data': None, 'use_exported_data': '/dev/shm/Uno/x1921c3s0b0n0.42.merged.landmark.h5', 'growth_bins': 0, 'initial_weights': None, 'save_weights': '/dev/shm/Uno/save/9000732.amn-0001/42/3.0.model.h5', 'config_file': '/home/brettin/CSC249ADOA01_CNDA/brettin/Benchmarks/Pilot1/Uno/uno_auc_model.txt', 'data_type': <class 'numpy.float32'>, 'data_dir': '/dev/shm/Uno/uno/Data', 'output_dir': '/dev/shm/Uno/uno/Output/9000732.amn-0001/42'}
2024-05-22 13:29:36 Feature encoding submodel for cell.rnaseq:
2024-05-22 13:29:36 Model: "cell.rnaseq"
2024-05-22 13:29:36 _________________________________________________________________
2024-05-22 13:29:36  Layer (type)                Output Shape              Param #   
2024-05-22 13:29:36 =================================================================
2024-05-22 13:29:36  input_1 (InputLayer)        [(None, 958)]             0         
2024-05-22 13:29:36                                                                  
2024-05-22 13:29:36  dense (Dense)               (None, 1000)              959000    
2024-05-22 13:29:36                                                                  
2024-05-22 13:29:36  permanent_dropout (Permane  (None, 1000)              0         
2024-05-22 13:29:36  ntDropout)                                                      
2024-05-22 13:29:36                                                                  
2024-05-22 13:29:36  dense_1 (Dense)             (None, 1000)              1001000   
2024-05-22 13:29:36                                                                  
2024-05-22 13:29:36  permanent_dropout_1 (Perma  (None, 1000)              0         
2024-05-22 13:29:36  nentDropout)                                                    
2024-05-22 13:29:36                                                                  
2024-05-22 13:29:36  dense_2 (Dense)             (None, 1000)              1001000   
2024-05-22 13:29:36                                                                  
2024-05-22 13:29:36  permanent_dropout_2 (Perma  (None, 1000)              0         
2024-05-22 13:29:36  nentDropout)                                                    
2024-05-22 13:29:36                                                                  
2024-05-22 13:29:36 =================================================================
2024-05-22 13:29:36 Total params: 2961000 (11.30 MB)
2024-05-22 13:29:36 Trainable params: 2961000 (11.30 MB)
2024-05-22 13:29:36 Non-trainable params: 0 (0.00 Byte)
2024-05-22 13:29:36 _________________________________________________________________
2024-05-22 13:29:36 Feature encoding submodel for drug.descriptors:
2024-05-22 13:29:36 Model: "drug.descriptors"
2024-05-22 13:29:36 _________________________________________________________________
2024-05-22 13:29:36  Layer (type)                Output Shape              Param #   
2024-05-22 13:29:36 =================================================================
2024-05-22 13:29:36  input_2 (InputLayer)        [(None, 1613)]            0         
2024-05-22 13:29:36                                                                  
2024-05-22 13:29:36  dense_3 (Dense)             (None, 1000)              1614000   
2024-05-22 13:29:36                                                                  
2024-05-22 13:29:36  permanent_dropout_3 (Perma  (None, 1000)              0         
2024-05-22 13:29:36  nentDropout)                                                    
2024-05-22 13:29:36                                                                  
2024-05-22 13:29:36  dense_4 (Dense)             (None, 1000)              1001000   
2024-05-22 13:29:36                                                                  
2024-05-22 13:29:36  permanent_dropout_4 (Perma  (None, 1000)              0         
2024-05-22 13:29:36  nentDropout)                                                    
2024-05-22 13:29:36                                                                  
2024-05-22 13:29:36  dense_5 (Dense)             (None, 1000)              1001000   
2024-05-22 13:29:36                                                                  
2024-05-22 13:29:36  permanent_dropout_5 (Perma  (None, 1000)              0         
2024-05-22 13:29:36  nentDropout)                                                    
2024-05-22 13:29:36                                                                  
2024-05-22 13:29:36 =================================================================
2024-05-22 13:29:36 Total params: 3616000 (13.79 MB)
2024-05-22 13:29:36 Trainable params: 3616000 (13.79 MB)
2024-05-22 13:29:36 Non-trainable params: 0 (0.00 Byte)
2024-05-22 13:29:36 _________________________________________________________________
2024-05-22 13:29:36 Combined model:
2024-05-22 13:29:36 Model: "model"
2024-05-22 13:29:36 __________________________________________________________________________________________________
2024-05-22 13:29:36  Layer (type)                Output Shape                 Param #   Connected to                  
2024-05-22 13:29:36 ==================================================================================================
2024-05-22 13:29:36  input.cell.rnaseq (InputLa  [(None, 958)]                0         []                            
2024-05-22 13:29:36  yer)                                                                                             
2024-05-22 13:29:36                                                                                                   
2024-05-22 13:29:36  input.drug1.descriptors (I  [(None, 1613)]               0         []                            
2024-05-22 13:29:36  nputLayer)                                                                                       
2024-05-22 13:29:36                                                                                                   
2024-05-22 13:29:36  cell.rnaseq (Functional)    (None, 1000)                 2961000   ['input.cell.rnaseq[0][0]']   
2024-05-22 13:29:36                                                                                                   
2024-05-22 13:29:36  drug.descriptors (Function  (None, 1000)                 3616000   ['input.drug1.descriptors[0][0
2024-05-22 13:29:36  al)                                                                ]']                           
2024-05-22 13:29:36                                                                                                   
2024-05-22 13:29:36  concatenate (Concatenate)   (None, 2000)                 0         ['cell.rnaseq[0][0]',         
2024-05-22 13:29:36                                                                      'drug.descriptors[0][0]']    
2024-05-22 13:29:36                                                                                                   
2024-05-22 13:29:36  dense_6 (Dense)             (None, 1000)                 2001000   ['concatenate[0][0]']         
2024-05-22 13:29:36                                                                                                   
2024-05-22 13:29:36  permanent_dropout_6 (Perma  (None, 1000)                 0         ['dense_6[0][0]']             
2024-05-22 13:29:36  nentDropout)                                                                                     
2024-05-22 13:29:36                                                                                                   
2024-05-22 13:29:36  dense_7 (Dense)             (None, 1000)                 1001000   ['permanent_dropout_6[0][0]'] 
2024-05-22 13:29:36                                                                                                   
2024-05-22 13:29:36  permanent_dropout_7 (Perma  (None, 1000)                 0         ['dense_7[0][0]']             
2024-05-22 13:29:36  nentDropout)                                                                                     
2024-05-22 13:29:36                                                                                                   
2024-05-22 13:29:36  dense_8 (Dense)             (None, 1000)                 1001000   ['permanent_dropout_7[0][0]'] 
2024-05-22 13:29:36                                                                                                   
2024-05-22 13:29:36  permanent_dropout_8 (Perma  (None, 1000)                 0         ['dense_8[0][0]']             
2024-05-22 13:29:36  nentDropout)                                                                                     
2024-05-22 13:29:36                                                                                                   
2024-05-22 13:29:36  dense_9 (Dense)             (None, 1000)                 1001000   ['permanent_dropout_8[0][0]'] 
2024-05-22 13:29:36                                                                                                   
2024-05-22 13:29:36  permanent_dropout_9 (Perma  (None, 1000)                 0         ['dense_9[0][0]']             
2024-05-22 13:29:36  nentDropout)                                                                                     
2024-05-22 13:29:36                                                                                                   
2024-05-22 13:29:36  dense_10 (Dense)            (None, 1000)                 1001000   ['permanent_dropout_9[0][0]'] 
2024-05-22 13:29:36                                                                                                   
2024-05-22 13:29:36  permanent_dropout_10 (Perm  (None, 1000)                 0         ['dense_10[0][0]']            
2024-05-22 13:29:36  anentDropout)                                                                                    
2024-05-22 13:29:36                                                                                                   
2024-05-22 13:29:36  dense_11 (Dense)            (None, 1)                    1001      ['permanent_dropout_10[0][0]']
2024-05-22 13:29:36                                                                                                   
2024-05-22 13:29:36 ==================================================================================================
2024-05-22 13:29:36 Total params: 12583001 (48.00 MB)
2024-05-22 13:29:36 Trainable params: 12583001 (48.00 MB)
2024-05-22 13:29:36 Non-trainable params: 0 (0.00 Byte)
2024-05-22 13:29:36 __________________________________________________________________________________________________
2024-05-22 13:29:37 CKPT CONSTRUCT...
2024-05-22 13:29:37 CKPT CONSTRUCT OK.
2024-05-22 13:29:37 template model: <keras.src.engine.functional.Functional object at 0x14883f731a00>
2024-05-22 13:29:38 COMPILE
2024-05-22 13:29:38 Will save weights to: /dev/shm/Uno/save/9000732.amn-0001/42/3.0.model.h5
2024-05-22 13:29:55 Between random pairs in y_val:
2024-05-22 13:29:55   mse: 0.04781365
2024-05-22 13:29:55   mae: 0.16004610
2024-05-22 13:29:55   r2: -1.00368031
2024-05-22 13:29:55   corr: -0.00184015
2024-05-22 13:29:55 Data points per epoch: train = 469629, val = 117408, test = 672
2024-05-22 13:29:55 Steps per epoch: train = 14675, val = 3669, test = 21
2024-05-22 13:29:55 Epoch 0: lr=0.001
2024-05-22 13:31:08 [Epoch: 0] loss: 0.023888, mae: 0.079354, r2: -0.188653, val_loss: 0.008509, val_mae: 0.065360, val_r2: 0.595053
2024-05-22 13:31:08 Epoch 1: lr=0.00082
2024-05-22 13:32:18 [Epoch: 1] loss: 0.008027, mae: 0.064044, r2: 0.618233, val_loss: 0.007662, val_mae: 0.062649, val_r2: 0.637165
2024-05-22 13:32:18 Epoch 2: lr=0.00064
2024-05-22 13:33:28 [Epoch: 2] loss: 0.007345, mae: 0.060991, r2: 0.649725, val_loss: 0.007226, val_mae: 0.059550, val_r2: 0.659122
2024-05-22 13:33:29 Epoch 3: lr=0.00046
2024-05-22 13:34:38 [Epoch: 3] loss: 0.006866, mae: 0.058746, r2: 0.672094, val_loss: 0.007051, val_mae: 0.058397, val_r2: 0.668260
2024-05-22 13:34:38 Epoch 4: lr=0.00028
2024-05-22 13:35:49 [Epoch: 4] loss: 0.006478, mae: 0.056977, r2: 0.689721, val_loss: 0.006624, val_mae: 0.056991, val_r2: 0.686183
2024-05-22 13:35:49 Epoch 5: lr=0.0001
2024-05-22 13:36:59 [Epoch: 5] loss: 0.006137, mae: 0.055409, r2: 0.705297, val_loss: 0.006389, val_mae: 0.056125, val_r2: 0.695238
2024-05-22 13:36:59 Epoch 6: lr=0.0001
2024-05-22 13:38:09 [Epoch: 6] loss: 0.006039, mae: 0.054968, r2: 0.709981, val_loss: 0.006368, val_mae: 0.056092, val_r2: 0.697817
2024-05-22 13:38:10 Epoch 7: lr=0.0001
2024-05-22 13:39:19 [Epoch: 7] loss: 0.005956, mae: 0.054590, r2: 0.713683, val_loss: 0.006342, val_mae: 0.056271, val_r2: 0.699882
2024-05-22 13:39:19 Epoch 8: lr=0.0001
2024-05-22 13:40:29 [Epoch: 8] loss: 0.005896, mae: 0.054302, r2: 0.716701, val_loss: 0.006326, val_mae: 0.055828, val_r2: 0.698359
2024-05-22 13:40:29 Epoch 9: lr=0.0001
2024-05-22 13:41:40 [Epoch: 9] loss: 0.005834, mae: 0.053993, r2: 0.719687, val_loss: 0.006319, val_mae: 0.056268, val_r2: 0.699057
2024-05-22 13:41:40 Epoch 10: lr=0.0001
2024-05-22 13:42:50 [Epoch: 10] loss: 0.005766, mae: 0.053770, r2: 0.722902, val_loss: 0.006243, val_mae: 0.055365, val_r2: 0.704190
2024-05-22 13:42:50 Epoch 11: lr=0.0001
2024-05-22 13:44:00 [Epoch: 11] loss: 0.005712, mae: 0.053460, r2: 0.725157, val_loss: 0.006238, val_mae: 0.055601, val_r2: 0.703824
2024-05-22 13:44:00 Epoch 12: lr=0.0001
2024-05-22 13:45:11 [Epoch: 12] loss: 0.005650, mae: 0.053207, r2: 0.728252, val_loss: 0.006256, val_mae: 0.055103, val_r2: 0.702337
2024-05-22 13:45:11 Epoch 13: lr=0.0001
2024-05-22 13:46:21 [Epoch: 13] loss: 0.005593, mae: 0.052920, r2: 0.730840, val_loss: 0.006226, val_mae: 0.054985, val_r2: 0.704426
2024-05-22 13:46:21 Epoch 14: lr=0.0001
2024-05-22 13:47:32 [Epoch: 14] loss: 0.005529, mae: 0.052669, r2: 0.733798, val_loss: 0.006228, val_mae: 0.054962, val_r2: 0.704186
2024-05-22 13:47:32 Epoch 15: lr=0.0001
2024-05-22 13:48:41 [Epoch: 15] loss: 0.005485, mae: 0.052449, r2: 0.735529, val_loss: 0.006185, val_mae: 0.054959, val_r2: 0.706533
2024-05-22 13:48:42 Epoch 16: lr=5e-05
2024-05-22 13:49:51 [Epoch: 16] loss: 0.005380, mae: 0.051962, r2: 0.741065, val_loss: 0.006159, val_mae: 0.055017, val_r2: 0.705947
2024-05-22 13:49:51 Epoch 17: lr=5e-05
2024-05-22 13:51:01 [Epoch: 17] loss: 0.005329, mae: 0.051732, r2: 0.743291, val_loss: 0.006164, val_mae: 0.055241, val_r2: 0.706360
2024-05-22 13:51:01 Epoch 18: lr=5e-05
2024-05-22 13:52:11 [Epoch: 18] loss: 0.005294, mae: 0.051570, r2: 0.744858, val_loss: 0.006164, val_mae: 0.054696, val_r2: 0.706698
2024-05-22 13:52:11 Epoch 19: lr=5e-05
2024-05-22 13:53:22 [Epoch: 19] loss: 0.005269, mae: 0.051452, r2: 0.745962, val_loss: 0.006135, val_mae: 0.055004, val_r2: 0.708201
2024-05-22 13:53:22 Epoch 20: lr=5e-05
2024-05-22 13:54:32 [Epoch: 20] loss: 0.005234, mae: 0.051300, r2: 0.747620, val_loss: 0.006148, val_mae: 0.054554, val_r2: 0.707601
2024-05-22 13:54:32 Epoch 21: lr=5e-05
2024-05-22 13:55:43 [Epoch: 21] loss: 0.005202, mae: 0.051148, r2: 0.748939, val_loss: 0.006116, val_mae: 0.054505, val_r2: 0.708098
2024-05-22 13:55:43 Epoch 22: lr=5e-05
2024-05-22 13:56:52 [Epoch: 22] loss: 0.005182, mae: 0.051071, r2: 0.749797, val_loss: 0.006135, val_mae: 0.054814, val_r2: 0.707249
2024-05-22 13:56:52 Epoch 23: lr=5e-05
2024-05-22 13:58:03 [Epoch: 23] loss: 0.005151, mae: 0.050891, r2: 0.751331, val_loss: 0.006142, val_mae: 0.054791, val_r2: 0.707940
2024-05-22 13:58:03 Epoch 24: lr=5e-05
2024-05-22 13:59:13 [Epoch: 24] loss: 0.005128, mae: 0.050772, r2: 0.752569, val_loss: 0.006132, val_mae: 0.054676, val_r2: 0.707576
2024-05-22 13:59:13 Epoch 25: lr=2.5e-05
2024-05-22 14:00:23 [Epoch: 25] loss: 0.005063, mae: 0.050485, r2: 0.755586, val_loss: 0.006153, val_mae: 0.054499, val_r2: 0.706366
2024-05-22 14:00:23 Epoch 26: lr=2.5e-05
2024-05-22 14:01:33 [Epoch: 26] loss: 0.005043, mae: 0.050373, r2: 0.756275, val_loss: 0.006123, val_mae: 0.054393, val_r2: 0.708094
2024-05-22 14:01:33 Epoch 27: lr=2.5e-05
2024-05-22 14:02:43 [Epoch: 27] loss: 0.005038, mae: 0.050364, r2: 0.756790, val_loss: 0.006126, val_mae: 0.054627, val_r2: 0.707624
2024-05-22 14:02:43 Epoch 28: lr=2.5e-05
2024-05-22 14:03:54 [Epoch: 28] loss: 0.005018, mae: 0.050257, r2: 0.757722, val_loss: 0.006099, val_mae: 0.054555, val_r2: 0.709786
2024-05-22 14:03:54 Epoch 29: lr=2.5e-05
2024-05-22 14:05:04 [Epoch: 29] loss: 0.005007, mae: 0.050220, r2: 0.758070, val_loss: 0.006131, val_mae: 0.054499, val_r2: 0.707413
2024-05-22 14:05:04 Epoch 30: lr=1.25e-05
2024-05-22 14:06:14 [Epoch: 30] loss: 0.004977, mae: 0.050071, r2: 0.759316, val_loss: 0.006103, val_mae: 0.054452, val_r2: 0.709115
2024-05-22 14:06:14 Epoch 31: lr=1.25e-05
2024-05-22 14:07:24 [Epoch: 31] loss: 0.004957, mae: 0.049975, r2: 0.760271, val_loss: 0.006125, val_mae: 0.054566, val_r2: 0.708036
2024-05-22 14:07:25 Epoch 32: lr=1.25e-05
2024-05-22 14:08:34 [Epoch: 32] loss: 0.004971, mae: 0.050018, r2: 0.760113, val_loss: 0.006111, val_mae: 0.054435, val_r2: 0.708831
2024-05-22 14:08:35 Epoch 33: lr=1.25e-05
2024-05-22 14:09:44 [Epoch: 33] loss: 0.004950, mae: 0.049929, r2: 0.760820, val_loss: 0.006113, val_mae: 0.054257, val_r2: 0.709555
2024-05-22 14:09:45 Epoch 34: lr=1.25e-05
2024-05-22 14:10:55 [Epoch: 34] loss: 0.004934, mae: 0.049866, r2: 0.761772, val_loss: 0.006132, val_mae: 0.054316, val_r2: 0.707746
2024-05-22 14:10:55 Epoch 35: lr=1e-05
2024-05-22 14:12:05 [Epoch: 35] loss: 0.004936, mae: 0.049891, r2: 0.761588, val_loss: 0.006126, val_mae: 0.054480, val_r2: 0.708014
2024-05-22 14:12:05 Epoch 36: lr=1e-05
2024-05-22 14:13:16 [Epoch: 36] loss: 0.004919, mae: 0.049819, r2: 0.762470, val_loss: 0.006146, val_mae: 0.054397, val_r2: 0.707672
2024-05-22 14:13:16 Epoch 37: lr=1e-05
2024-05-22 14:14:26 [Epoch: 37] loss: 0.004925, mae: 0.049802, r2: 0.761925, val_loss: 0.006124, val_mae: 0.054604, val_r2: 0.708202
2024-05-22 14:14:26 Epoch 38: lr=1e-05
2024-05-22 14:15:36 [Epoch: 38] loss: 0.004905, mae: 0.049744, r2: 0.762941, val_loss: 0.006105, val_mae: 0.054336, val_r2: 0.709204
2024-05-22 14:15:36 history_length: 39
2024-05-22 14:15:36 stopping: early
2024-05-22 14:15:36 Comparing y_true and y_pred:
2024-05-22 14:15:36   mse: 0.00298502
2024-05-22 14:15:36   mae: 0.04375346
2024-05-22 14:15:36   r2: 0.14792125
2024-05-22 14:15:36   corr: 0.48567091
