2024-04-28 23:52:41 UNO RUN ...
2024-04-28 23:52:41 Params: {'model_name': 'uno', 'train_sources': ['CCLE'], 'test_sources': ['train'], 'cell_types': None, 'cell_features': ['rnaseq'], 'drug_features': ['descriptors'], 'dense': [1000, 1000, 1000, 1000, 1000], 'dense_feature_layers': [1000, 1000, 1000], 'activation': 'relu', 'loss': 'mse', 'optimizer': 'adamax', 'scaling': 'std', 'dropout': 0.1, 'epochs': 30, 'batch_size': 32, 'val_split': 0.2, 'cv': 1, 'max_val_loss': 1.0, 'learning_rate': 0.0001, 'base_lr': None, 'agg_dose': 'AUC', 'residual': False, 'reduce_lr': True, 'warmup_lr': True, 'batch_normalization': False, 'feature_subsample': 0, 'rng_seed': 2018, 'no_gen': False, 'verbose': False, 'preprocess_rnaseq': 'source_scale', 'gpus': [0], 'use_landmark_genes': True, 'no_feature_source': True, 'no_response_source': True, 'save_path': '/dev/shm/Uno/save/8994012.amn-0001/40', 'single': True, 'on_memory_loader': True, 'ckpt_checksum': True, 'ckpt_save_interval': 0, 'timeout': -1, 'train_bool': True, 'profiling': False, 'experiment_id': '8994012.amn-0001', 'run_id': '40', 'logfile': '/dev/shm/Uno/save/8994012.amn-0001/40/python.log', 'shuffle': False, 'ckpt_restart_mode': 'off', 'ckpt_skip_epochs': 0, 'ckpt_directory': '/dev/shm/Uno/save/8994012.amn-0001/40', 'ckpt_save_best': True, 'ckpt_save_best_metric': 'val_loss', 'ckpt_save_weights_only': False, 'ckpt_keep_mode': 'linear', 'ckpt_keep_limit': 5, 'by_cell': None, 'by_drug': None, 'cell_subset_path': '', 'drug_subset_path': '', 'drug_median_response_min': -1, 'drug_median_response_max': 1, 'dense_cell_feature_layers': None, 'dense_drug_feature_layers': None, 'use_filtered_genes': False, 'feature_subset_path': '', 'cell_feature_subset_path': '', 'drug_feature_subset_path': '', 'es': True, 'cp': False, 'tb': False, 'tb_prefix': 'tb', 'partition_by': None, 'cache': None, 'export_csv': None, 'export_data': None, 'use_exported_data': '/dev/shm/Uno/x1922c4s2b0n0.40.merged.landmark.h5', 'growth_bins': 0, 'initial_weights': None, 'save_weights': '/dev/shm/Uno/save/8994012.amn-0001/40/2.0.model.h5', 'config_file': '/home/brettin/CSC249ADOA01_CNDA/brettin/Benchmarks/Pilot1/Uno/uno_auc_model.txt', 'data_type': <class 'numpy.float32'>, 'data_dir': '/dev/shm/Uno/uno/Data', 'output_dir': '/dev/shm/Uno/uno/Output/8994012.amn-0001/40'}
2024-04-28 23:52:41 Feature encoding submodel for cell.rnaseq:
2024-04-28 23:52:41 Model: "cell.rnaseq"
2024-04-28 23:52:41 _________________________________________________________________
2024-04-28 23:52:41  Layer (type)                Output Shape              Param #   
2024-04-28 23:52:41 =================================================================
2024-04-28 23:52:41  input_1 (InputLayer)        [(None, 958)]             0         
2024-04-28 23:52:41                                                                  
2024-04-28 23:52:41  dense (Dense)               (None, 1000)              959000    
2024-04-28 23:52:41                                                                  
2024-04-28 23:52:41  permanent_dropout (Permane  (None, 1000)              0         
2024-04-28 23:52:41  ntDropout)                                                      
2024-04-28 23:52:41                                                                  
2024-04-28 23:52:41  dense_1 (Dense)             (None, 1000)              1001000   
2024-04-28 23:52:41                                                                  
2024-04-28 23:52:41  permanent_dropout_1 (Perma  (None, 1000)              0         
2024-04-28 23:52:41  nentDropout)                                                    
2024-04-28 23:52:41                                                                  
2024-04-28 23:52:41  dense_2 (Dense)             (None, 1000)              1001000   
2024-04-28 23:52:41                                                                  
2024-04-28 23:52:41  permanent_dropout_2 (Perma  (None, 1000)              0         
2024-04-28 23:52:41  nentDropout)                                                    
2024-04-28 23:52:41                                                                  
2024-04-28 23:52:41 =================================================================
2024-04-28 23:52:41 Total params: 2961000 (11.30 MB)
2024-04-28 23:52:41 Trainable params: 2961000 (11.30 MB)
2024-04-28 23:52:41 Non-trainable params: 0 (0.00 Byte)
2024-04-28 23:52:41 _________________________________________________________________
2024-04-28 23:52:41 Feature encoding submodel for drug.descriptors:
2024-04-28 23:52:41 Model: "drug.descriptors"
2024-04-28 23:52:41 _________________________________________________________________
2024-04-28 23:52:41  Layer (type)                Output Shape              Param #   
2024-04-28 23:52:41 =================================================================
2024-04-28 23:52:41  input_2 (InputLayer)        [(None, 1613)]            0         
2024-04-28 23:52:41                                                                  
2024-04-28 23:52:41  dense_3 (Dense)             (None, 1000)              1614000   
2024-04-28 23:52:41                                                                  
2024-04-28 23:52:41  permanent_dropout_3 (Perma  (None, 1000)              0         
2024-04-28 23:52:41  nentDropout)                                                    
2024-04-28 23:52:41                                                                  
2024-04-28 23:52:41  dense_4 (Dense)             (None, 1000)              1001000   
2024-04-28 23:52:41                                                                  
2024-04-28 23:52:41  permanent_dropout_4 (Perma  (None, 1000)              0         
2024-04-28 23:52:41  nentDropout)                                                    
2024-04-28 23:52:41                                                                  
2024-04-28 23:52:41  dense_5 (Dense)             (None, 1000)              1001000   
2024-04-28 23:52:41                                                                  
2024-04-28 23:52:41  permanent_dropout_5 (Perma  (None, 1000)              0         
2024-04-28 23:52:41  nentDropout)                                                    
2024-04-28 23:52:41                                                                  
2024-04-28 23:52:41 =================================================================
2024-04-28 23:52:41 Total params: 3616000 (13.79 MB)
2024-04-28 23:52:41 Trainable params: 3616000 (13.79 MB)
2024-04-28 23:52:41 Non-trainable params: 0 (0.00 Byte)
2024-04-28 23:52:41 _________________________________________________________________
2024-04-28 23:52:41 Combined model:
2024-04-28 23:52:41 Model: "model"
2024-04-28 23:52:41 __________________________________________________________________________________________________
2024-04-28 23:52:41  Layer (type)                Output Shape                 Param #   Connected to                  
2024-04-28 23:52:41 ==================================================================================================
2024-04-28 23:52:41  input.cell.rnaseq (InputLa  [(None, 958)]                0         []                            
2024-04-28 23:52:41  yer)                                                                                             
2024-04-28 23:52:41                                                                                                   
2024-04-28 23:52:41  input.drug1.descriptors (I  [(None, 1613)]               0         []                            
2024-04-28 23:52:41  nputLayer)                                                                                       
2024-04-28 23:52:41                                                                                                   
2024-04-28 23:52:41  cell.rnaseq (Functional)    (None, 1000)                 2961000   ['input.cell.rnaseq[0][0]']   
2024-04-28 23:52:41                                                                                                   
2024-04-28 23:52:41  drug.descriptors (Function  (None, 1000)                 3616000   ['input.drug1.descriptors[0][0
2024-04-28 23:52:41  al)                                                                ]']                           
2024-04-28 23:52:41                                                                                                   
2024-04-28 23:52:41  concatenate (Concatenate)   (None, 2000)                 0         ['cell.rnaseq[0][0]',         
2024-04-28 23:52:41                                                                      'drug.descriptors[0][0]']    
2024-04-28 23:52:41                                                                                                   
2024-04-28 23:52:41  dense_6 (Dense)             (None, 1000)                 2001000   ['concatenate[0][0]']         
2024-04-28 23:52:41                                                                                                   
2024-04-28 23:52:41  permanent_dropout_6 (Perma  (None, 1000)                 0         ['dense_6[0][0]']             
2024-04-28 23:52:41  nentDropout)                                                                                     
2024-04-28 23:52:41                                                                                                   
2024-04-28 23:52:41  dense_7 (Dense)             (None, 1000)                 1001000   ['permanent_dropout_6[0][0]'] 
2024-04-28 23:52:41                                                                                                   
2024-04-28 23:52:41  permanent_dropout_7 (Perma  (None, 1000)                 0         ['dense_7[0][0]']             
2024-04-28 23:52:41  nentDropout)                                                                                     
2024-04-28 23:52:41                                                                                                   
2024-04-28 23:52:41  dense_8 (Dense)             (None, 1000)                 1001000   ['permanent_dropout_7[0][0]'] 
2024-04-28 23:52:41                                                                                                   
2024-04-28 23:52:41  permanent_dropout_8 (Perma  (None, 1000)                 0         ['dense_8[0][0]']             
2024-04-28 23:52:41  nentDropout)                                                                                     
2024-04-28 23:52:41                                                                                                   
2024-04-28 23:52:41  dense_9 (Dense)             (None, 1000)                 1001000   ['permanent_dropout_8[0][0]'] 
2024-04-28 23:52:41                                                                                                   
2024-04-28 23:52:41  permanent_dropout_9 (Perma  (None, 1000)                 0         ['dense_9[0][0]']             
2024-04-28 23:52:41  nentDropout)                                                                                     
2024-04-28 23:52:41                                                                                                   
2024-04-28 23:52:41  dense_10 (Dense)            (None, 1000)                 1001000   ['permanent_dropout_9[0][0]'] 
2024-04-28 23:52:41                                                                                                   
2024-04-28 23:52:41  permanent_dropout_10 (Perm  (None, 1000)                 0         ['dense_10[0][0]']            
2024-04-28 23:52:41  anentDropout)                                                                                    
2024-04-28 23:52:41                                                                                                   
2024-04-28 23:52:41  dense_11 (Dense)            (None, 1)                    1001      ['permanent_dropout_10[0][0]']
2024-04-28 23:52:41                                                                                                   
2024-04-28 23:52:41 ==================================================================================================
2024-04-28 23:52:41 Total params: 12583001 (48.00 MB)
2024-04-28 23:52:41 Trainable params: 12583001 (48.00 MB)
2024-04-28 23:52:41 Non-trainable params: 0 (0.00 Byte)
2024-04-28 23:52:41 __________________________________________________________________________________________________
2024-04-28 23:52:41 CKPT CONSTRUCT...
2024-04-28 23:52:41 CKPT CONSTRUCT OK.
2024-04-28 23:52:41 template model: <keras.src.engine.functional.Functional object at 0x1505eea67b80>
2024-04-28 23:52:43 COMPILE
2024-04-28 23:52:43 Will save weights to: /dev/shm/Uno/save/8994012.amn-0001/40/2.0.model.h5
2024-04-28 23:53:00 Between random pairs in y_val:
2024-04-28 23:53:00   mse: 0.04793327
2024-04-28 23:53:00   mae: 0.16033637
2024-04-28 23:53:00   r2: -0.99986463
2024-04-28 23:53:00   corr: 0.00006768
2024-04-28 23:53:00 Data points per epoch: train = 470167, val = 117542, test = 1339
2024-04-28 23:53:00 Steps per epoch: train = 14692, val = 3673, test = 41
2024-04-28 23:53:00 Epoch 0: lr=0.001
2024-04-28 23:54:14 [Epoch: 0] loss: 0.029486, mae: 0.079434, r2: -0.676869, val_loss: 0.008846, val_mae: 0.066366, val_r2: 0.591088
2024-04-28 23:54:14 Epoch 1: lr=0.00082
2024-04-28 23:55:27 [Epoch: 1] loss: 0.007989, mae: 0.063935, r2: 0.620557, val_loss: 0.007789, val_mae: 0.062471, val_r2: 0.640821
2024-04-28 23:55:27 Epoch 2: lr=0.00064
2024-04-28 23:56:40 [Epoch: 2] loss: 0.007292, mae: 0.060774, r2: 0.652332, val_loss: 0.007223, val_mae: 0.059549, val_r2: 0.660735
2024-04-28 23:56:40 Epoch 3: lr=0.00046
2024-04-28 23:57:53 [Epoch: 3] loss: 0.006814, mae: 0.058580, r2: 0.673815, val_loss: 0.007029, val_mae: 0.058551, val_r2: 0.672680
2024-04-28 23:57:53 Epoch 4: lr=0.00028
2024-04-28 23:59:05 [Epoch: 4] loss: 0.006422, mae: 0.056755, r2: 0.692293, val_loss: 0.006741, val_mae: 0.057289, val_r2: 0.684273
2024-04-28 23:59:06 Epoch 5: lr=0.0001
2024-04-29 00:00:18 [Epoch: 5] loss: 0.006098, mae: 0.055242, r2: 0.707276, val_loss: 0.006475, val_mae: 0.056267, val_r2: 0.696018
2024-04-29 00:00:18 Epoch 6: lr=0.0001
2024-04-29 00:01:31 [Epoch: 6] loss: 0.005983, mae: 0.054740, r2: 0.712504, val_loss: 0.006394, val_mae: 0.056041, val_r2: 0.699950
2024-04-29 00:01:31 Epoch 7: lr=0.0001
2024-04-29 00:02:43 [Epoch: 7] loss: 0.005903, mae: 0.054354, r2: 0.716372, val_loss: 0.006364, val_mae: 0.056974, val_r2: 0.700545
2024-04-29 00:02:43 Epoch 8: lr=0.0001
2024-04-29 00:03:56 [Epoch: 8] loss: 0.005847, mae: 0.054096, r2: 0.719222, val_loss: 0.006319, val_mae: 0.056046, val_r2: 0.702694
2024-04-29 00:03:56 Epoch 9: lr=0.0001
2024-04-29 00:05:09 [Epoch: 9] loss: 0.005761, mae: 0.053715, r2: 0.722826, val_loss: 0.006329, val_mae: 0.055674, val_r2: 0.702886
2024-04-29 00:05:09 Epoch 10: lr=0.0001
2024-04-29 00:06:22 [Epoch: 10] loss: 0.005707, mae: 0.053478, r2: 0.725455, val_loss: 0.006274, val_mae: 0.055491, val_r2: 0.704880
2024-04-29 00:06:22 Epoch 11: lr=0.0001
2024-04-29 00:07:34 [Epoch: 11] loss: 0.005652, mae: 0.053221, r2: 0.727811, val_loss: 0.006261, val_mae: 0.055958, val_r2: 0.705222
2024-04-29 00:07:34 Epoch 12: lr=0.0001
2024-04-29 00:08:47 [Epoch: 12] loss: 0.005587, mae: 0.052961, r2: 0.731064, val_loss: 0.006228, val_mae: 0.055161, val_r2: 0.706775
2024-04-29 00:08:47 Epoch 13: lr=0.0001
2024-04-29 00:10:00 [Epoch: 13] loss: 0.005524, mae: 0.052661, r2: 0.733902, val_loss: 0.006199, val_mae: 0.055202, val_r2: 0.708996
2024-04-29 00:10:00 Epoch 14: lr=0.0001
2024-04-29 00:11:12 [Epoch: 14] loss: 0.005482, mae: 0.052436, r2: 0.736045, val_loss: 0.006195, val_mae: 0.055218, val_r2: 0.708220
2024-04-29 00:11:12 Epoch 15: lr=0.0001
2024-04-29 00:12:25 [Epoch: 15] loss: 0.005428, mae: 0.052186, r2: 0.738593, val_loss: 0.006181, val_mae: 0.055547, val_r2: 0.709140
2024-04-29 00:12:25 Epoch 16: lr=0.0001
2024-04-29 00:13:38 [Epoch: 16] loss: 0.005384, mae: 0.052001, r2: 0.740409, val_loss: 0.006167, val_mae: 0.055149, val_r2: 0.709975
2024-04-29 00:13:38 Epoch 17: lr=5e-05
2024-04-29 00:14:50 [Epoch: 17] loss: 0.005262, mae: 0.051431, r2: 0.746203, val_loss: 0.006148, val_mae: 0.055011, val_r2: 0.710028
2024-04-29 00:14:51 Epoch 18: lr=5e-05
2024-04-29 00:16:03 [Epoch: 18] loss: 0.005215, mae: 0.051217, r2: 0.748462, val_loss: 0.006156, val_mae: 0.054676, val_r2: 0.710600
2024-04-29 00:16:03 Epoch 19: lr=5e-05
2024-04-29 00:17:16 [Epoch: 19] loss: 0.005181, mae: 0.051048, r2: 0.750114, val_loss: 0.006121, val_mae: 0.054632, val_r2: 0.711245
2024-04-29 00:17:16 Epoch 20: lr=5e-05
2024-04-29 00:18:29 [Epoch: 20] loss: 0.005154, mae: 0.050911, r2: 0.751303, val_loss: 0.006124, val_mae: 0.054713, val_r2: 0.711771
2024-04-29 00:18:29 Epoch 21: lr=5e-05
2024-04-29 00:19:41 [Epoch: 21] loss: 0.005130, mae: 0.050789, r2: 0.752462, val_loss: 0.006154, val_mae: 0.054950, val_r2: 0.710724
2024-04-29 00:19:41 Epoch 22: lr=5e-05
2024-04-29 00:20:54 [Epoch: 22] loss: 0.005102, mae: 0.050694, r2: 0.753596, val_loss: 0.006135, val_mae: 0.054487, val_r2: 0.711243
2024-04-29 00:20:54 Epoch 23: lr=2.5e-05
2024-04-29 00:22:07 [Epoch: 23] loss: 0.005034, mae: 0.050322, r2: 0.756773, val_loss: 0.006103, val_mae: 0.054507, val_r2: 0.712915
2024-04-29 00:22:07 Epoch 24: lr=2.5e-05
2024-04-29 00:23:19 [Epoch: 24] loss: 0.005025, mae: 0.050281, r2: 0.757256, val_loss: 0.006117, val_mae: 0.054816, val_r2: 0.712144
2024-04-29 00:23:19 Epoch 25: lr=2.5e-05
2024-04-29 00:24:32 [Epoch: 25] loss: 0.005015, mae: 0.050225, r2: 0.757578, val_loss: 0.006112, val_mae: 0.054968, val_r2: 0.711707
2024-04-29 00:24:32 Epoch 26: lr=2.5e-05
2024-04-29 00:25:45 [Epoch: 26] loss: 0.004993, mae: 0.050179, r2: 0.758777, val_loss: 0.006121, val_mae: 0.054451, val_r2: 0.712301
2024-04-29 00:25:45 Epoch 27: lr=2.5e-05
2024-04-29 00:26:58 [Epoch: 27] loss: 0.004973, mae: 0.050045, r2: 0.759607, val_loss: 0.006096, val_mae: 0.054632, val_r2: 0.712867
2024-04-29 00:26:58 Epoch 28: lr=1.25e-05
2024-04-29 00:28:11 [Epoch: 28] loss: 0.004950, mae: 0.049950, r2: 0.760866, val_loss: 0.006102, val_mae: 0.054521, val_r2: 0.712730
2024-04-29 00:28:11 Epoch 29: lr=1.25e-05
2024-04-29 00:29:23 [Epoch: 29] loss: 0.004942, mae: 0.049882, r2: 0.761103, val_loss: 0.006111, val_mae: 0.054460, val_r2: 0.712096
2024-04-29 00:29:24 history_length: 30
2024-04-29 00:29:24 stopping: complete
2024-04-29 00:29:24 Comparing y_true and y_pred:
2024-04-29 00:29:24   mse: 0.02173079
2024-04-29 00:29:24   mae: 0.11882445
2024-04-29 00:29:24   r2: 0.35370380
2024-04-29 00:29:24   corr: 0.59627765
