2024-05-22 17:13:02 UNO RUN ...
2024-05-22 17:13:02 Params: {'model_name': 'uno', 'train_sources': ['CCLE'], 'test_sources': ['train'], 'cell_types': None, 'cell_features': ['rnaseq'], 'drug_features': ['descriptors'], 'dense': [1000, 1000, 1000, 1000, 1000], 'dense_feature_layers': [1000, 1000, 1000], 'activation': 'relu', 'loss': 'mse', 'optimizer': 'adamax', 'scaling': 'std', 'dropout': 0.1, 'epochs': 50, 'batch_size': 32, 'val_split': 0.2, 'cv': 1, 'max_val_loss': 1.0, 'learning_rate': 0.0001, 'base_lr': None, 'agg_dose': 'AUC', 'residual': False, 'reduce_lr': True, 'warmup_lr': True, 'batch_normalization': False, 'feature_subsample': 0, 'rng_seed': 2018, 'no_gen': False, 'verbose': False, 'preprocess_rnaseq': 'source_scale', 'gpus': [0], 'use_landmark_genes': True, 'no_feature_source': True, 'no_response_source': True, 'save_path': '/dev/shm/Uno/save/9000841.amn-0001/102', 'single': True, 'on_memory_loader': True, 'ckpt_checksum': True, 'ckpt_save_interval': 0, 'timeout': -1, 'train_bool': True, 'profiling': False, 'experiment_id': '9000841.amn-0001', 'run_id': '102', 'logfile': '/dev/shm/Uno/save/9000841.amn-0001/102/python.log', 'shuffle': False, 'ckpt_restart_mode': 'off', 'ckpt_skip_epochs': 0, 'ckpt_directory': '/dev/shm/Uno/save/9000841.amn-0001/102', 'ckpt_save_best': True, 'ckpt_save_best_metric': 'val_loss', 'ckpt_save_weights_only': False, 'ckpt_keep_mode': 'linear', 'ckpt_keep_limit': 5, 'by_cell': None, 'by_drug': None, 'cell_subset_path': '', 'drug_subset_path': '', 'drug_median_response_min': -1, 'drug_median_response_max': 1, 'dense_cell_feature_layers': None, 'dense_drug_feature_layers': None, 'use_filtered_genes': False, 'feature_subset_path': '', 'cell_feature_subset_path': '', 'drug_feature_subset_path': '', 'es': True, 'cp': False, 'tb': False, 'tb_prefix': 'tb', 'partition_by': None, 'cache': None, 'export_csv': None, 'export_data': None, 'use_exported_data': '/dev/shm/Uno/x1921c4s1b0n0.102.merged.landmark.h5', 'growth_bins': 0, 'initial_weights': None, 'save_weights': '/dev/shm/Uno/save/9000841.amn-0001/102/3.0.model.h5', 'config_file': '/home/brettin/CSC249ADOA01_CNDA/brettin/Benchmarks/Pilot1/Uno/uno_auc_model.txt', 'data_type': <class 'numpy.float32'>, 'data_dir': '/dev/shm/Uno/uno/Data', 'output_dir': '/dev/shm/Uno/uno/Output/9000841.amn-0001/102'}
2024-05-22 17:13:02 Feature encoding submodel for cell.rnaseq:
2024-05-22 17:13:02 Model: "cell.rnaseq"
2024-05-22 17:13:02 _________________________________________________________________
2024-05-22 17:13:02  Layer (type)                Output Shape              Param #   
2024-05-22 17:13:02 =================================================================
2024-05-22 17:13:02  input_1 (InputLayer)        [(None, 958)]             0         
2024-05-22 17:13:02                                                                  
2024-05-22 17:13:02  dense (Dense)               (None, 1000)              959000    
2024-05-22 17:13:02                                                                  
2024-05-22 17:13:02  permanent_dropout (Permane  (None, 1000)              0         
2024-05-22 17:13:02  ntDropout)                                                      
2024-05-22 17:13:02                                                                  
2024-05-22 17:13:02  dense_1 (Dense)             (None, 1000)              1001000   
2024-05-22 17:13:02                                                                  
2024-05-22 17:13:02  permanent_dropout_1 (Perma  (None, 1000)              0         
2024-05-22 17:13:02  nentDropout)                                                    
2024-05-22 17:13:02                                                                  
2024-05-22 17:13:02  dense_2 (Dense)             (None, 1000)              1001000   
2024-05-22 17:13:02                                                                  
2024-05-22 17:13:02  permanent_dropout_2 (Perma  (None, 1000)              0         
2024-05-22 17:13:02  nentDropout)                                                    
2024-05-22 17:13:02                                                                  
2024-05-22 17:13:02 =================================================================
2024-05-22 17:13:02 Total params: 2961000 (11.30 MB)
2024-05-22 17:13:02 Trainable params: 2961000 (11.30 MB)
2024-05-22 17:13:02 Non-trainable params: 0 (0.00 Byte)
2024-05-22 17:13:02 _________________________________________________________________
2024-05-22 17:13:02 Feature encoding submodel for drug.descriptors:
2024-05-22 17:13:02 Model: "drug.descriptors"
2024-05-22 17:13:02 _________________________________________________________________
2024-05-22 17:13:02  Layer (type)                Output Shape              Param #   
2024-05-22 17:13:02 =================================================================
2024-05-22 17:13:02  input_2 (InputLayer)        [(None, 1613)]            0         
2024-05-22 17:13:02                                                                  
2024-05-22 17:13:02  dense_3 (Dense)             (None, 1000)              1614000   
2024-05-22 17:13:02                                                                  
2024-05-22 17:13:02  permanent_dropout_3 (Perma  (None, 1000)              0         
2024-05-22 17:13:02  nentDropout)                                                    
2024-05-22 17:13:02                                                                  
2024-05-22 17:13:02  dense_4 (Dense)             (None, 1000)              1001000   
2024-05-22 17:13:02                                                                  
2024-05-22 17:13:02  permanent_dropout_4 (Perma  (None, 1000)              0         
2024-05-22 17:13:02  nentDropout)                                                    
2024-05-22 17:13:02                                                                  
2024-05-22 17:13:02  dense_5 (Dense)             (None, 1000)              1001000   
2024-05-22 17:13:02                                                                  
2024-05-22 17:13:02  permanent_dropout_5 (Perma  (None, 1000)              0         
2024-05-22 17:13:02  nentDropout)                                                    
2024-05-22 17:13:02                                                                  
2024-05-22 17:13:02 =================================================================
2024-05-22 17:13:02 Total params: 3616000 (13.79 MB)
2024-05-22 17:13:02 Trainable params: 3616000 (13.79 MB)
2024-05-22 17:13:02 Non-trainable params: 0 (0.00 Byte)
2024-05-22 17:13:02 _________________________________________________________________
2024-05-22 17:13:02 Combined model:
2024-05-22 17:13:02 Model: "model"
2024-05-22 17:13:02 __________________________________________________________________________________________________
2024-05-22 17:13:02  Layer (type)                Output Shape                 Param #   Connected to                  
2024-05-22 17:13:02 ==================================================================================================
2024-05-22 17:13:02  input.cell.rnaseq (InputLa  [(None, 958)]                0         []                            
2024-05-22 17:13:02  yer)                                                                                             
2024-05-22 17:13:02                                                                                                   
2024-05-22 17:13:02  input.drug1.descriptors (I  [(None, 1613)]               0         []                            
2024-05-22 17:13:02  nputLayer)                                                                                       
2024-05-22 17:13:02                                                                                                   
2024-05-22 17:13:02  cell.rnaseq (Functional)    (None, 1000)                 2961000   ['input.cell.rnaseq[0][0]']   
2024-05-22 17:13:02                                                                                                   
2024-05-22 17:13:02  drug.descriptors (Function  (None, 1000)                 3616000   ['input.drug1.descriptors[0][0
2024-05-22 17:13:02  al)                                                                ]']                           
2024-05-22 17:13:02                                                                                                   
2024-05-22 17:13:02  concatenate (Concatenate)   (None, 2000)                 0         ['cell.rnaseq[0][0]',         
2024-05-22 17:13:02                                                                      'drug.descriptors[0][0]']    
2024-05-22 17:13:02                                                                                                   
2024-05-22 17:13:02  dense_6 (Dense)             (None, 1000)                 2001000   ['concatenate[0][0]']         
2024-05-22 17:13:02                                                                                                   
2024-05-22 17:13:02  permanent_dropout_6 (Perma  (None, 1000)                 0         ['dense_6[0][0]']             
2024-05-22 17:13:02  nentDropout)                                                                                     
2024-05-22 17:13:02                                                                                                   
2024-05-22 17:13:02  dense_7 (Dense)             (None, 1000)                 1001000   ['permanent_dropout_6[0][0]'] 
2024-05-22 17:13:02                                                                                                   
2024-05-22 17:13:02  permanent_dropout_7 (Perma  (None, 1000)                 0         ['dense_7[0][0]']             
2024-05-22 17:13:02  nentDropout)                                                                                     
2024-05-22 17:13:02                                                                                                   
2024-05-22 17:13:02  dense_8 (Dense)             (None, 1000)                 1001000   ['permanent_dropout_7[0][0]'] 
2024-05-22 17:13:02                                                                                                   
2024-05-22 17:13:02  permanent_dropout_8 (Perma  (None, 1000)                 0         ['dense_8[0][0]']             
2024-05-22 17:13:02  nentDropout)                                                                                     
2024-05-22 17:13:02                                                                                                   
2024-05-22 17:13:02  dense_9 (Dense)             (None, 1000)                 1001000   ['permanent_dropout_8[0][0]'] 
2024-05-22 17:13:02                                                                                                   
2024-05-22 17:13:02  permanent_dropout_9 (Perma  (None, 1000)                 0         ['dense_9[0][0]']             
2024-05-22 17:13:02  nentDropout)                                                                                     
2024-05-22 17:13:02                                                                                                   
2024-05-22 17:13:02  dense_10 (Dense)            (None, 1000)                 1001000   ['permanent_dropout_9[0][0]'] 
2024-05-22 17:13:02                                                                                                   
2024-05-22 17:13:02  permanent_dropout_10 (Perm  (None, 1000)                 0         ['dense_10[0][0]']            
2024-05-22 17:13:02  anentDropout)                                                                                    
2024-05-22 17:13:02                                                                                                   
2024-05-22 17:13:02  dense_11 (Dense)            (None, 1)                    1001      ['permanent_dropout_10[0][0]']
2024-05-22 17:13:02                                                                                                   
2024-05-22 17:13:02 ==================================================================================================
2024-05-22 17:13:02 Total params: 12583001 (48.00 MB)
2024-05-22 17:13:02 Trainable params: 12583001 (48.00 MB)
2024-05-22 17:13:02 Non-trainable params: 0 (0.00 Byte)
2024-05-22 17:13:02 __________________________________________________________________________________________________
2024-05-22 17:13:03 CKPT CONSTRUCT...
2024-05-22 17:13:03 CKPT CONSTRUCT OK.
2024-05-22 17:13:03 template model: <keras.src.engine.functional.Functional object at 0x1503d15b3b80>
2024-05-22 17:13:04 COMPILE
2024-05-22 17:13:04 Will save weights to: /dev/shm/Uno/save/9000841.amn-0001/102/3.0.model.h5
2024-05-22 17:13:20 Between random pairs in y_val:
2024-05-22 17:13:20   mse: 0.04781054
2024-05-22 17:13:20   mae: 0.16023161
2024-05-22 17:13:20   r2: -0.99950520
2024-05-22 17:13:20   corr: 0.00024740
2024-05-22 17:13:20 Data points per epoch: train = 469586, val = 117397, test = 726
2024-05-22 17:13:20 Steps per epoch: train = 14674, val = 3668, test = 22
2024-05-22 17:13:20 Epoch 0: lr=0.001
2024-05-22 17:14:32 [Epoch: 0] loss: 0.028659, mae: 0.079594, r2: -0.531397, val_loss: 0.008796, val_mae: 0.067440, val_r2: 0.585294
2024-05-22 17:14:32 Epoch 1: lr=0.00082
2024-05-22 17:15:43 [Epoch: 1] loss: 0.007995, mae: 0.063862, r2: 0.621026, val_loss: 0.007673, val_mae: 0.061991, val_r2: 0.639158
2024-05-22 17:15:44 Epoch 2: lr=0.00064
2024-05-22 17:16:55 [Epoch: 2] loss: 0.007300, mae: 0.060687, r2: 0.652884, val_loss: 0.007138, val_mae: 0.059705, val_r2: 0.663730
2024-05-22 17:16:55 Epoch 3: lr=0.00046
2024-05-22 17:18:05 [Epoch: 3] loss: 0.006827, mae: 0.058583, r2: 0.674830, val_loss: 0.006821, val_mae: 0.058210, val_r2: 0.677945
2024-05-22 17:18:05 Epoch 4: lr=0.00028
2024-05-22 17:19:17 [Epoch: 4] loss: 0.006445, mae: 0.056783, r2: 0.692322, val_loss: 0.006566, val_mae: 0.057306, val_r2: 0.688053
2024-05-22 17:19:17 Epoch 5: lr=0.0001
2024-05-22 17:20:28 [Epoch: 5] loss: 0.006105, mae: 0.055182, r2: 0.707748, val_loss: 0.006399, val_mae: 0.056672, val_r2: 0.695660
2024-05-22 17:20:28 Epoch 6: lr=0.0001
2024-05-22 17:21:39 [Epoch: 6] loss: 0.005998, mae: 0.054720, r2: 0.712762, val_loss: 0.006366, val_mae: 0.056180, val_r2: 0.698044
2024-05-22 17:21:39 Epoch 7: lr=0.0001
2024-05-22 17:22:50 [Epoch: 7] loss: 0.005928, mae: 0.054416, r2: 0.715830, val_loss: 0.006366, val_mae: 0.056067, val_r2: 0.699318
2024-05-22 17:22:50 Epoch 8: lr=0.0001
2024-05-22 17:24:00 [Epoch: 8] loss: 0.005859, mae: 0.054106, r2: 0.718960, val_loss: 0.006274, val_mae: 0.056175, val_r2: 0.703224
2024-05-22 17:24:01 Epoch 9: lr=0.0001
2024-05-22 17:25:11 [Epoch: 9] loss: 0.005786, mae: 0.053778, r2: 0.722635, val_loss: 0.006260, val_mae: 0.055636, val_r2: 0.703862
2024-05-22 17:25:12 Epoch 10: lr=0.0001
2024-05-22 17:26:22 [Epoch: 10] loss: 0.005733, mae: 0.053514, r2: 0.725211, val_loss: 0.006262, val_mae: 0.056424, val_r2: 0.702624
2024-05-22 17:26:23 Epoch 11: lr=0.0001
2024-05-22 17:27:33 [Epoch: 11] loss: 0.005677, mae: 0.053280, r2: 0.727731, val_loss: 0.006306, val_mae: 0.055625, val_r2: 0.701635
2024-05-22 17:27:34 Epoch 12: lr=0.0001
2024-05-22 17:28:44 [Epoch: 12] loss: 0.005617, mae: 0.052994, r2: 0.730375, val_loss: 0.006203, val_mae: 0.055121, val_r2: 0.705928
2024-05-22 17:28:45 Epoch 13: lr=0.0001
2024-05-22 17:29:55 [Epoch: 13] loss: 0.005552, mae: 0.052684, r2: 0.733634, val_loss: 0.006170, val_mae: 0.055520, val_r2: 0.706317
2024-05-22 17:29:55 Epoch 14: lr=0.0001
2024-05-22 17:31:06 [Epoch: 14] loss: 0.005499, mae: 0.052438, r2: 0.736121, val_loss: 0.006204, val_mae: 0.055074, val_r2: 0.704844
2024-05-22 17:31:07 Epoch 15: lr=0.0001
2024-05-22 17:32:17 [Epoch: 15] loss: 0.005453, mae: 0.052249, r2: 0.738052, val_loss: 0.006156, val_mae: 0.055123, val_r2: 0.707602
2024-05-22 17:32:18 Epoch 16: lr=0.0001
2024-05-22 17:33:29 [Epoch: 16] loss: 0.005397, mae: 0.051975, r2: 0.740735, val_loss: 0.006140, val_mae: 0.054914, val_r2: 0.708845
2024-05-22 17:33:29 Epoch 17: lr=0.0001
2024-05-22 17:34:39 [Epoch: 17] loss: 0.005359, mae: 0.051787, r2: 0.742227, val_loss: 0.006161, val_mae: 0.054801, val_r2: 0.708968
2024-05-22 17:34:40 Epoch 18: lr=0.0001
2024-05-22 17:35:50 [Epoch: 18] loss: 0.005303, mae: 0.051546, r2: 0.744947, val_loss: 0.006114, val_mae: 0.054776, val_r2: 0.709593
2024-05-22 17:35:51 Epoch 19: lr=5e-05
2024-05-22 17:37:02 [Epoch: 19] loss: 0.005178, mae: 0.050922, r2: 0.750965, val_loss: 0.006076, val_mae: 0.054654, val_r2: 0.711227
2024-05-22 17:37:02 Epoch 20: lr=5e-05
2024-05-22 17:38:13 [Epoch: 20] loss: 0.005138, mae: 0.050740, r2: 0.752853, val_loss: 0.006096, val_mae: 0.054730, val_r2: 0.709831
2024-05-22 17:38:13 Epoch 21: lr=5e-05
2024-05-22 17:39:24 [Epoch: 21] loss: 0.005105, mae: 0.050629, r2: 0.754531, val_loss: 0.006099, val_mae: 0.054753, val_r2: 0.709622
2024-05-22 17:39:24 Epoch 22: lr=5e-05
2024-05-22 17:40:35 [Epoch: 22] loss: 0.005087, mae: 0.050485, r2: 0.755296, val_loss: 0.006110, val_mae: 0.054531, val_r2: 0.709455
2024-05-22 17:40:35 Epoch 23: lr=5e-05
2024-05-22 17:41:46 [Epoch: 23] loss: 0.005053, mae: 0.050362, r2: 0.756696, val_loss: 0.006086, val_mae: 0.054793, val_r2: 0.710187
2024-05-22 17:41:46 Epoch 24: lr=2.5e-05
2024-05-22 17:42:57 [Epoch: 24] loss: 0.005005, mae: 0.050138, r2: 0.759020, val_loss: 0.006104, val_mae: 0.054513, val_r2: 0.709502
2024-05-22 17:42:57 Epoch 25: lr=2.5e-05
2024-05-22 17:44:08 [Epoch: 25] loss: 0.004975, mae: 0.049961, r2: 0.760398, val_loss: 0.006061, val_mae: 0.054450, val_r2: 0.711291
2024-05-22 17:44:08 Epoch 26: lr=2.5e-05
2024-05-22 17:45:19 [Epoch: 26] loss: 0.004951, mae: 0.049868, r2: 0.761260, val_loss: 0.006080, val_mae: 0.054876, val_r2: 0.710481
2024-05-22 17:45:19 Epoch 27: lr=2.5e-05
2024-05-22 17:46:30 [Epoch: 27] loss: 0.004954, mae: 0.049900, r2: 0.761252, val_loss: 0.006081, val_mae: 0.054442, val_r2: 0.710827
2024-05-22 17:46:30 Epoch 28: lr=2.5e-05
2024-05-22 17:47:41 [Epoch: 28] loss: 0.004926, mae: 0.049736, r2: 0.762669, val_loss: 0.006073, val_mae: 0.054412, val_r2: 0.711209
2024-05-22 17:47:41 Epoch 29: lr=2.5e-05
2024-05-22 17:48:52 [Epoch: 29] loss: 0.004921, mae: 0.049714, r2: 0.762999, val_loss: 0.006088, val_mae: 0.054464, val_r2: 0.709962
2024-05-22 17:48:52 Epoch 30: lr=2.5e-05
2024-05-22 17:50:03 [Epoch: 30] loss: 0.004910, mae: 0.049657, r2: 0.763468, val_loss: 0.006075, val_mae: 0.054577, val_r2: 0.711146
2024-05-22 17:50:03 Epoch 31: lr=1.25e-05
2024-05-22 17:51:14 [Epoch: 31] loss: 0.004872, mae: 0.049488, r2: 0.765129, val_loss: 0.006085, val_mae: 0.054456, val_r2: 0.710386
2024-05-22 17:51:14 Epoch 32: lr=1.25e-05
2024-05-22 17:52:25 [Epoch: 32] loss: 0.004855, mae: 0.049434, r2: 0.766104, val_loss: 0.006087, val_mae: 0.054674, val_r2: 0.710649
2024-05-22 17:52:25 Epoch 33: lr=1.25e-05
2024-05-22 17:53:36 [Epoch: 33] loss: 0.004851, mae: 0.049376, r2: 0.766365, val_loss: 0.006102, val_mae: 0.054482, val_r2: 0.709890
2024-05-22 17:53:36 Epoch 34: lr=1.25e-05
2024-05-22 17:54:47 [Epoch: 34] loss: 0.004852, mae: 0.049416, r2: 0.766141, val_loss: 0.006060, val_mae: 0.054444, val_r2: 0.711578
2024-05-22 17:54:47 Epoch 35: lr=1.25e-05
2024-05-22 17:55:58 [Epoch: 35] loss: 0.004840, mae: 0.049366, r2: 0.766801, val_loss: 0.006076, val_mae: 0.054517, val_r2: 0.711100
2024-05-22 17:55:58 Epoch 36: lr=1e-05
2024-05-22 17:57:09 [Epoch: 36] loss: 0.004830, mae: 0.049290, r2: 0.767257, val_loss: 0.006077, val_mae: 0.054437, val_r2: 0.711148
2024-05-22 17:57:09 Epoch 37: lr=1e-05
2024-05-22 17:58:20 [Epoch: 37] loss: 0.004828, mae: 0.049281, r2: 0.767449, val_loss: 0.006070, val_mae: 0.054467, val_r2: 0.711286
2024-05-22 17:58:20 Epoch 38: lr=1e-05
2024-05-22 17:59:31 [Epoch: 38] loss: 0.004820, mae: 0.049242, r2: 0.767607, val_loss: 0.006079, val_mae: 0.054404, val_r2: 0.710367
2024-05-22 17:59:31 Epoch 39: lr=1e-05
2024-05-22 18:00:42 [Epoch: 39] loss: 0.004816, mae: 0.049201, r2: 0.767952, val_loss: 0.006094, val_mae: 0.054409, val_r2: 0.709502
2024-05-22 18:00:42 Epoch 40: lr=1e-05
2024-05-22 18:01:53 [Epoch: 40] loss: 0.004812, mae: 0.049184, r2: 0.767952, val_loss: 0.006066, val_mae: 0.054442, val_r2: 0.711112
2024-05-22 18:01:53 Epoch 41: lr=1e-05
2024-05-22 18:03:04 [Epoch: 41] loss: 0.004810, mae: 0.049200, r2: 0.767845, val_loss: 0.006070, val_mae: 0.054420, val_r2: 0.711098
2024-05-22 18:03:04 Epoch 42: lr=1e-05
2024-05-22 18:04:15 [Epoch: 42] loss: 0.004803, mae: 0.049151, r2: 0.768451, val_loss: 0.006078, val_mae: 0.054674, val_r2: 0.710934
2024-05-22 18:04:15 Epoch 43: lr=1e-05
2024-05-22 18:05:26 [Epoch: 43] loss: 0.004798, mae: 0.049158, r2: 0.768703, val_loss: 0.006084, val_mae: 0.054323, val_r2: 0.710474
2024-05-22 18:05:26 Epoch 44: lr=1e-05
2024-05-22 18:06:37 [Epoch: 44] loss: 0.004783, mae: 0.049059, r2: 0.769417, val_loss: 0.006086, val_mae: 0.054450, val_r2: 0.710883
2024-05-22 18:06:37 history_length: 45
2024-05-22 18:06:37 stopping: early
2024-05-22 18:06:37 Comparing y_true and y_pred:
2024-05-22 18:06:37   mse: 0.01046385
2024-05-22 18:06:37   mae: 0.08400526
2024-05-22 18:06:37   r2: -0.08266838
2024-05-22 18:06:37   corr: 0.44692775
