2024-05-09 11:42:30 UNO RUN ...
2024-05-09 11:42:30 Params: {'model_name': 'uno', 'train_sources': ['CCLE'], 'test_sources': ['train'], 'cell_types': None, 'cell_features': ['rnaseq'], 'drug_features': ['descriptors'], 'dense': [1000, 1000, 1000, 1000, 1000], 'dense_feature_layers': [1000, 1000, 1000], 'activation': 'relu', 'loss': 'mse', 'optimizer': 'adamax', 'scaling': 'std', 'dropout': 0.1, 'epochs': 30, 'batch_size': 32, 'val_split': 0.2, 'cv': 1, 'max_val_loss': 1.0, 'learning_rate': 0.0001, 'base_lr': None, 'agg_dose': 'AUC', 'residual': False, 'reduce_lr': True, 'warmup_lr': True, 'batch_normalization': False, 'feature_subsample': 0, 'rng_seed': 2018, 'no_gen': False, 'verbose': False, 'preprocess_rnaseq': 'source_scale', 'gpus': [0], 'use_landmark_genes': True, 'no_feature_source': True, 'no_response_source': True, 'save_path': '/dev/shm/Uno/save/8996461.amn-0001/160', 'single': True, 'on_memory_loader': True, 'ckpt_checksum': True, 'ckpt_save_interval': 0, 'timeout': -1, 'train_bool': True, 'profiling': False, 'experiment_id': '8996461.amn-0001', 'run_id': '160', 'logfile': '/dev/shm/Uno/save/8996461.amn-0001/160/python.log', 'shuffle': False, 'ckpt_restart_mode': 'off', 'ckpt_skip_epochs': 0, 'ckpt_directory': '/dev/shm/Uno/save/8996461.amn-0001/160', 'ckpt_save_best': True, 'ckpt_save_best_metric': 'val_loss', 'ckpt_save_weights_only': False, 'ckpt_keep_mode': 'linear', 'ckpt_keep_limit': 5, 'by_cell': None, 'by_drug': None, 'cell_subset_path': '', 'drug_subset_path': '', 'drug_median_response_min': -1, 'drug_median_response_max': 1, 'dense_cell_feature_layers': None, 'dense_drug_feature_layers': None, 'use_filtered_genes': False, 'feature_subset_path': '', 'cell_feature_subset_path': '', 'drug_feature_subset_path': '', 'es': True, 'cp': False, 'tb': False, 'tb_prefix': 'tb', 'partition_by': None, 'cache': None, 'export_csv': None, 'export_data': None, 'use_exported_data': '/dev/shm/Uno/x1921c2s3b0n0.160.merged.landmark.h5', 'growth_bins': 0, 'initial_weights': None, 'save_weights': '/dev/shm/Uno/save/8996461.amn-0001/160/2.0.model.h5', 'config_file': '/home/brettin/CSC249ADOA01_CNDA/brettin/Benchmarks/Pilot1/Uno/uno_auc_model.txt', 'data_type': <class 'numpy.float32'>, 'data_dir': '/dev/shm/Uno/uno/Data', 'output_dir': '/dev/shm/Uno/uno/Output/8996461.amn-0001/160'}
2024-05-09 11:42:30 Feature encoding submodel for cell.rnaseq:
2024-05-09 11:42:30 Model: "cell.rnaseq"
2024-05-09 11:42:30 _________________________________________________________________
2024-05-09 11:42:30  Layer (type)                Output Shape              Param #   
2024-05-09 11:42:30 =================================================================
2024-05-09 11:42:30  input_1 (InputLayer)        [(None, 958)]             0         
2024-05-09 11:42:30                                                                  
2024-05-09 11:42:30  dense (Dense)               (None, 1000)              959000    
2024-05-09 11:42:30                                                                  
2024-05-09 11:42:30  permanent_dropout (Permane  (None, 1000)              0         
2024-05-09 11:42:30  ntDropout)                                                      
2024-05-09 11:42:30                                                                  
2024-05-09 11:42:30  dense_1 (Dense)             (None, 1000)              1001000   
2024-05-09 11:42:30                                                                  
2024-05-09 11:42:30  permanent_dropout_1 (Perma  (None, 1000)              0         
2024-05-09 11:42:30  nentDropout)                                                    
2024-05-09 11:42:30                                                                  
2024-05-09 11:42:30  dense_2 (Dense)             (None, 1000)              1001000   
2024-05-09 11:42:30                                                                  
2024-05-09 11:42:30  permanent_dropout_2 (Perma  (None, 1000)              0         
2024-05-09 11:42:30  nentDropout)                                                    
2024-05-09 11:42:30                                                                  
2024-05-09 11:42:30 =================================================================
2024-05-09 11:42:30 Total params: 2961000 (11.30 MB)
2024-05-09 11:42:30 Trainable params: 2961000 (11.30 MB)
2024-05-09 11:42:30 Non-trainable params: 0 (0.00 Byte)
2024-05-09 11:42:30 _________________________________________________________________
2024-05-09 11:42:30 Feature encoding submodel for drug.descriptors:
2024-05-09 11:42:30 Model: "drug.descriptors"
2024-05-09 11:42:30 _________________________________________________________________
2024-05-09 11:42:30  Layer (type)                Output Shape              Param #   
2024-05-09 11:42:30 =================================================================
2024-05-09 11:42:30  input_2 (InputLayer)        [(None, 1613)]            0         
2024-05-09 11:42:30                                                                  
2024-05-09 11:42:30  dense_3 (Dense)             (None, 1000)              1614000   
2024-05-09 11:42:30                                                                  
2024-05-09 11:42:30  permanent_dropout_3 (Perma  (None, 1000)              0         
2024-05-09 11:42:30  nentDropout)                                                    
2024-05-09 11:42:30                                                                  
2024-05-09 11:42:30  dense_4 (Dense)             (None, 1000)              1001000   
2024-05-09 11:42:30                                                                  
2024-05-09 11:42:30  permanent_dropout_4 (Perma  (None, 1000)              0         
2024-05-09 11:42:30  nentDropout)                                                    
2024-05-09 11:42:30                                                                  
2024-05-09 11:42:30  dense_5 (Dense)             (None, 1000)              1001000   
2024-05-09 11:42:30                                                                  
2024-05-09 11:42:30  permanent_dropout_5 (Perma  (None, 1000)              0         
2024-05-09 11:42:30  nentDropout)                                                    
2024-05-09 11:42:30                                                                  
2024-05-09 11:42:30 =================================================================
2024-05-09 11:42:30 Total params: 3616000 (13.79 MB)
2024-05-09 11:42:30 Trainable params: 3616000 (13.79 MB)
2024-05-09 11:42:30 Non-trainable params: 0 (0.00 Byte)
2024-05-09 11:42:30 _________________________________________________________________
2024-05-09 11:42:31 Combined model:
2024-05-09 11:42:31 Model: "model"
2024-05-09 11:42:31 __________________________________________________________________________________________________
2024-05-09 11:42:31  Layer (type)                Output Shape                 Param #   Connected to                  
2024-05-09 11:42:31 ==================================================================================================
2024-05-09 11:42:31  input.cell.rnaseq (InputLa  [(None, 958)]                0         []                            
2024-05-09 11:42:31  yer)                                                                                             
2024-05-09 11:42:31                                                                                                   
2024-05-09 11:42:31  input.drug1.descriptors (I  [(None, 1613)]               0         []                            
2024-05-09 11:42:31  nputLayer)                                                                                       
2024-05-09 11:42:31                                                                                                   
2024-05-09 11:42:31  cell.rnaseq (Functional)    (None, 1000)                 2961000   ['input.cell.rnaseq[0][0]']   
2024-05-09 11:42:31                                                                                                   
2024-05-09 11:42:31  drug.descriptors (Function  (None, 1000)                 3616000   ['input.drug1.descriptors[0][0
2024-05-09 11:42:31  al)                                                                ]']                           
2024-05-09 11:42:31                                                                                                   
2024-05-09 11:42:31  concatenate (Concatenate)   (None, 2000)                 0         ['cell.rnaseq[0][0]',         
2024-05-09 11:42:31                                                                      'drug.descriptors[0][0]']    
2024-05-09 11:42:31                                                                                                   
2024-05-09 11:42:31  dense_6 (Dense)             (None, 1000)                 2001000   ['concatenate[0][0]']         
2024-05-09 11:42:31                                                                                                   
2024-05-09 11:42:31  permanent_dropout_6 (Perma  (None, 1000)                 0         ['dense_6[0][0]']             
2024-05-09 11:42:31  nentDropout)                                                                                     
2024-05-09 11:42:31                                                                                                   
2024-05-09 11:42:31  dense_7 (Dense)             (None, 1000)                 1001000   ['permanent_dropout_6[0][0]'] 
2024-05-09 11:42:31                                                                                                   
2024-05-09 11:42:31  permanent_dropout_7 (Perma  (None, 1000)                 0         ['dense_7[0][0]']             
2024-05-09 11:42:31  nentDropout)                                                                                     
2024-05-09 11:42:31                                                                                                   
2024-05-09 11:42:31  dense_8 (Dense)             (None, 1000)                 1001000   ['permanent_dropout_7[0][0]'] 
2024-05-09 11:42:31                                                                                                   
2024-05-09 11:42:31  permanent_dropout_8 (Perma  (None, 1000)                 0         ['dense_8[0][0]']             
2024-05-09 11:42:31  nentDropout)                                                                                     
2024-05-09 11:42:31                                                                                                   
2024-05-09 11:42:31  dense_9 (Dense)             (None, 1000)                 1001000   ['permanent_dropout_8[0][0]'] 
2024-05-09 11:42:31                                                                                                   
2024-05-09 11:42:31  permanent_dropout_9 (Perma  (None, 1000)                 0         ['dense_9[0][0]']             
2024-05-09 11:42:31  nentDropout)                                                                                     
2024-05-09 11:42:31                                                                                                   
2024-05-09 11:42:31  dense_10 (Dense)            (None, 1000)                 1001000   ['permanent_dropout_9[0][0]'] 
2024-05-09 11:42:31                                                                                                   
2024-05-09 11:42:31  permanent_dropout_10 (Perm  (None, 1000)                 0         ['dense_10[0][0]']            
2024-05-09 11:42:31  anentDropout)                                                                                    
2024-05-09 11:42:31                                                                                                   
2024-05-09 11:42:31  dense_11 (Dense)            (None, 1)                    1001      ['permanent_dropout_10[0][0]']
2024-05-09 11:42:31                                                                                                   
2024-05-09 11:42:31 ==================================================================================================
2024-05-09 11:42:31 Total params: 12583001 (48.00 MB)
2024-05-09 11:42:31 Trainable params: 12583001 (48.00 MB)
2024-05-09 11:42:31 Non-trainable params: 0 (0.00 Byte)
2024-05-09 11:42:31 __________________________________________________________________________________________________
2024-05-09 11:42:31 CKPT CONSTRUCT...
2024-05-09 11:42:31 CKPT CONSTRUCT OK.
2024-05-09 11:42:31 template model: <keras.src.engine.functional.Functional object at 0x14b35d7e0790>
2024-05-09 11:42:32 COMPILE
2024-05-09 11:42:32 Will save weights to: /dev/shm/Uno/save/8996461.amn-0001/160/2.0.model.h5
2024-05-09 11:42:48 Between random pairs in y_val:
2024-05-09 11:42:48   mse: 0.04787406
2024-05-09 11:42:48   mae: 0.16026414
2024-05-09 11:42:48   r2: -0.99570030
2024-05-09 11:42:48   corr: 0.00214985
2024-05-09 11:42:48 Data points per epoch: train = 470167, val = 117542, test = 591
2024-05-09 11:42:48 Steps per epoch: train = 14692, val = 3673, test = 18
2024-05-09 11:42:48 Epoch 0: lr=0.001
2024-05-09 11:44:01 [Epoch: 0] loss: 0.038096, mae: 0.079671, r2: -0.362629, val_loss: 0.008592, val_mae: 0.066643, val_r2: 0.599494
2024-05-09 11:44:02 Epoch 1: lr=0.00082
2024-05-09 11:45:13 [Epoch: 1] loss: 0.007992, mae: 0.063965, r2: 0.620932, val_loss: 0.007744, val_mae: 0.061699, val_r2: 0.634383
2024-05-09 11:45:13 Epoch 2: lr=0.00064
2024-05-09 11:46:25 [Epoch: 2] loss: 0.007307, mae: 0.060809, r2: 0.652036, val_loss: 0.007233, val_mae: 0.061281, val_r2: 0.660130
2024-05-09 11:46:25 Epoch 3: lr=0.00046
2024-05-09 11:47:37 [Epoch: 3] loss: 0.006827, mae: 0.058670, r2: 0.674175, val_loss: 0.006881, val_mae: 0.058511, val_r2: 0.672038
2024-05-09 11:47:37 Epoch 4: lr=0.00028
2024-05-09 11:48:49 [Epoch: 4] loss: 0.006423, mae: 0.056781, r2: 0.692523, val_loss: 0.006665, val_mae: 0.056936, val_r2: 0.685024
2024-05-09 11:48:49 Epoch 5: lr=0.0001
2024-05-09 11:50:01 [Epoch: 5] loss: 0.006094, mae: 0.055249, r2: 0.708196, val_loss: 0.006452, val_mae: 0.056492, val_r2: 0.694012
2024-05-09 11:50:01 Epoch 6: lr=0.0001
2024-05-09 11:51:13 [Epoch: 6] loss: 0.005975, mae: 0.054751, r2: 0.713687, val_loss: 0.006422, val_mae: 0.056302, val_r2: 0.696473
2024-05-09 11:51:13 Epoch 7: lr=0.0001
2024-05-09 11:52:25 [Epoch: 7] loss: 0.005903, mae: 0.054392, r2: 0.716800, val_loss: 0.006371, val_mae: 0.055915, val_r2: 0.698363
2024-05-09 11:52:25 Epoch 8: lr=0.0001
2024-05-09 11:53:37 [Epoch: 8] loss: 0.005834, mae: 0.054079, r2: 0.719978, val_loss: 0.006345, val_mae: 0.055817, val_r2: 0.698837
2024-05-09 11:53:37 Epoch 9: lr=0.0001
2024-05-09 11:54:49 [Epoch: 9] loss: 0.005771, mae: 0.053766, r2: 0.722948, val_loss: 0.006316, val_mae: 0.056027, val_r2: 0.699092
2024-05-09 11:54:49 Epoch 10: lr=0.0001
2024-05-09 11:56:01 [Epoch: 10] loss: 0.005705, mae: 0.053515, r2: 0.726220, val_loss: 0.006293, val_mae: 0.055495, val_r2: 0.700644
2024-05-09 11:56:01 Epoch 11: lr=0.0001
2024-05-09 11:57:12 [Epoch: 11] loss: 0.005650, mae: 0.053253, r2: 0.728703, val_loss: 0.006284, val_mae: 0.055762, val_r2: 0.701109
2024-05-09 11:57:13 Epoch 12: lr=0.0001
2024-05-09 11:58:24 [Epoch: 12] loss: 0.005592, mae: 0.052994, r2: 0.731607, val_loss: 0.006264, val_mae: 0.055538, val_r2: 0.702336
2024-05-09 11:58:24 Epoch 13: lr=0.0001
2024-05-09 11:59:36 [Epoch: 13] loss: 0.005538, mae: 0.052744, r2: 0.733715, val_loss: 0.006218, val_mae: 0.054994, val_r2: 0.705579
2024-05-09 11:59:36 Epoch 14: lr=0.0001
2024-05-09 12:00:48 [Epoch: 14] loss: 0.005490, mae: 0.052503, r2: 0.736141, val_loss: 0.006197, val_mae: 0.055698, val_r2: 0.705826
2024-05-09 12:00:48 Epoch 15: lr=0.0001
2024-05-09 12:02:00 [Epoch: 15] loss: 0.005430, mae: 0.052212, r2: 0.739009, val_loss: 0.006207, val_mae: 0.055378, val_r2: 0.704454
2024-05-09 12:02:00 Epoch 16: lr=0.0001
2024-05-09 12:03:12 [Epoch: 16] loss: 0.005376, mae: 0.052002, r2: 0.741623, val_loss: 0.006178, val_mae: 0.054942, val_r2: 0.706991
2024-05-09 12:03:12 Epoch 17: lr=0.0001
2024-05-09 12:04:24 [Epoch: 17] loss: 0.005334, mae: 0.051766, r2: 0.743539, val_loss: 0.006167, val_mae: 0.054856, val_r2: 0.706793
2024-05-09 12:04:24 Epoch 18: lr=0.0001
2024-05-09 12:05:36 [Epoch: 18] loss: 0.005288, mae: 0.051546, r2: 0.745602, val_loss: 0.006189, val_mae: 0.054996, val_r2: 0.706366
2024-05-09 12:05:36 Epoch 19: lr=5e-05
2024-05-09 12:06:48 [Epoch: 19] loss: 0.005166, mae: 0.050976, r2: 0.751432, val_loss: 0.006127, val_mae: 0.054372, val_r2: 0.708698
2024-05-09 12:06:48 Epoch 20: lr=5e-05
2024-05-09 12:08:00 [Epoch: 20] loss: 0.005119, mae: 0.050786, r2: 0.753644, val_loss: 0.006117, val_mae: 0.054529, val_r2: 0.708888
2024-05-09 12:08:00 Epoch 21: lr=5e-05
2024-05-09 12:09:12 [Epoch: 21] loss: 0.005097, mae: 0.050661, r2: 0.754500, val_loss: 0.006159, val_mae: 0.054198, val_r2: 0.707355
2024-05-09 12:09:12 Epoch 22: lr=5e-05
2024-05-09 12:10:25 [Epoch: 22] loss: 0.005074, mae: 0.050552, r2: 0.755703, val_loss: 0.006131, val_mae: 0.054906, val_r2: 0.707997
2024-05-09 12:10:25 Epoch 23: lr=5e-05
2024-05-09 12:11:37 [Epoch: 23] loss: 0.005040, mae: 0.050358, r2: 0.756927, val_loss: 0.006111, val_mae: 0.054686, val_r2: 0.709650
2024-05-09 12:11:37 Epoch 24: lr=5e-05
2024-05-09 12:12:49 [Epoch: 24] loss: 0.005020, mae: 0.050288, r2: 0.757904, val_loss: 0.006124, val_mae: 0.054848, val_r2: 0.708528
2024-05-09 12:12:49 Epoch 25: lr=5e-05
2024-05-09 12:14:01 [Epoch: 25] loss: 0.004982, mae: 0.050061, r2: 0.759858, val_loss: 0.006149, val_mae: 0.054149, val_r2: 0.707018
2024-05-09 12:14:01 Epoch 26: lr=2.5e-05
2024-05-09 12:15:13 [Epoch: 26] loss: 0.004939, mae: 0.049901, r2: 0.761690, val_loss: 0.006113, val_mae: 0.054089, val_r2: 0.709334
2024-05-09 12:15:13 Epoch 27: lr=2.5e-05
2024-05-09 12:16:25 [Epoch: 27] loss: 0.004912, mae: 0.049750, r2: 0.762932, val_loss: 0.006123, val_mae: 0.054579, val_r2: 0.708510
2024-05-09 12:16:25 Epoch 28: lr=2.5e-05
2024-05-09 12:17:37 [Epoch: 28] loss: 0.004898, mae: 0.049685, r2: 0.763778, val_loss: 0.006119, val_mae: 0.054656, val_r2: 0.708724
2024-05-09 12:17:37 Epoch 29: lr=2.5e-05
2024-05-09 12:18:49 [Epoch: 29] loss: 0.004886, mae: 0.049615, r2: 0.764528, val_loss: 0.006117, val_mae: 0.054228, val_r2: 0.708936
2024-05-09 12:18:49 history_length: 30
2024-05-09 12:18:49 stopping: complete
2024-05-09 12:18:49 Comparing y_true and y_pred:
2024-05-09 12:18:49   mse: 0.00273239
2024-05-09 12:18:49   mae: 0.03878024
2024-05-09 12:18:49   r2: 0.48253358
2024-05-09 12:18:49   corr: 0.69700017
