2024-05-09 11:42:30 UNO RUN ...
2024-05-09 11:42:30 Params: {'model_name': 'uno', 'train_sources': ['CCLE'], 'test_sources': ['train'], 'cell_types': None, 'cell_features': ['rnaseq'], 'drug_features': ['descriptors'], 'dense': [1000, 1000, 1000, 1000, 1000], 'dense_feature_layers': [1000, 1000, 1000], 'activation': 'relu', 'loss': 'mse', 'optimizer': 'adamax', 'scaling': 'std', 'dropout': 0.1, 'epochs': 30, 'batch_size': 32, 'val_split': 0.2, 'cv': 1, 'max_val_loss': 1.0, 'learning_rate': 0.0001, 'base_lr': None, 'agg_dose': 'AUC', 'residual': False, 'reduce_lr': True, 'warmup_lr': True, 'batch_normalization': False, 'feature_subsample': 0, 'rng_seed': 2018, 'no_gen': False, 'verbose': False, 'preprocess_rnaseq': 'source_scale', 'gpus': [0], 'use_landmark_genes': True, 'no_feature_source': True, 'no_response_source': True, 'save_path': '/dev/shm/Uno/save/8996461.amn-0001/208', 'single': True, 'on_memory_loader': True, 'ckpt_checksum': True, 'ckpt_save_interval': 0, 'timeout': -1, 'train_bool': True, 'profiling': False, 'experiment_id': '8996461.amn-0001', 'run_id': '208', 'logfile': '/dev/shm/Uno/save/8996461.amn-0001/208/python.log', 'shuffle': False, 'ckpt_restart_mode': 'off', 'ckpt_skip_epochs': 0, 'ckpt_directory': '/dev/shm/Uno/save/8996461.amn-0001/208', 'ckpt_save_best': True, 'ckpt_save_best_metric': 'val_loss', 'ckpt_save_weights_only': False, 'ckpt_keep_mode': 'linear', 'ckpt_keep_limit': 5, 'by_cell': None, 'by_drug': None, 'cell_subset_path': '', 'drug_subset_path': '', 'drug_median_response_min': -1, 'drug_median_response_max': 1, 'dense_cell_feature_layers': None, 'dense_drug_feature_layers': None, 'use_filtered_genes': False, 'feature_subset_path': '', 'cell_feature_subset_path': '', 'drug_feature_subset_path': '', 'es': True, 'cp': False, 'tb': False, 'tb_prefix': 'tb', 'partition_by': None, 'cache': None, 'export_csv': None, 'export_data': None, 'use_exported_data': '/dev/shm/Uno/x1921c2s7b0n0.208.merged.landmark.h5', 'growth_bins': 0, 'initial_weights': None, 'save_weights': '/dev/shm/Uno/save/8996461.amn-0001/208/2.0.model.h5', 'config_file': '/home/brettin/CSC249ADOA01_CNDA/brettin/Benchmarks/Pilot1/Uno/uno_auc_model.txt', 'data_type': <class 'numpy.float32'>, 'data_dir': '/dev/shm/Uno/uno/Data', 'output_dir': '/dev/shm/Uno/uno/Output/8996461.amn-0001/208'}
2024-05-09 11:42:30 Feature encoding submodel for cell.rnaseq:
2024-05-09 11:42:30 Model: "cell.rnaseq"
2024-05-09 11:42:30 _________________________________________________________________
2024-05-09 11:42:30  Layer (type)                Output Shape              Param #   
2024-05-09 11:42:30 =================================================================
2024-05-09 11:42:30  input_1 (InputLayer)        [(None, 958)]             0         
2024-05-09 11:42:30                                                                  
2024-05-09 11:42:30  dense (Dense)               (None, 1000)              959000    
2024-05-09 11:42:30                                                                  
2024-05-09 11:42:30  permanent_dropout (Permane  (None, 1000)              0         
2024-05-09 11:42:30  ntDropout)                                                      
2024-05-09 11:42:30                                                                  
2024-05-09 11:42:30  dense_1 (Dense)             (None, 1000)              1001000   
2024-05-09 11:42:30                                                                  
2024-05-09 11:42:30  permanent_dropout_1 (Perma  (None, 1000)              0         
2024-05-09 11:42:30  nentDropout)                                                    
2024-05-09 11:42:30                                                                  
2024-05-09 11:42:30  dense_2 (Dense)             (None, 1000)              1001000   
2024-05-09 11:42:30                                                                  
2024-05-09 11:42:30  permanent_dropout_2 (Perma  (None, 1000)              0         
2024-05-09 11:42:30  nentDropout)                                                    
2024-05-09 11:42:30                                                                  
2024-05-09 11:42:30 =================================================================
2024-05-09 11:42:30 Total params: 2961000 (11.30 MB)
2024-05-09 11:42:30 Trainable params: 2961000 (11.30 MB)
2024-05-09 11:42:30 Non-trainable params: 0 (0.00 Byte)
2024-05-09 11:42:30 _________________________________________________________________
2024-05-09 11:42:31 Feature encoding submodel for drug.descriptors:
2024-05-09 11:42:31 Model: "drug.descriptors"
2024-05-09 11:42:31 _________________________________________________________________
2024-05-09 11:42:31  Layer (type)                Output Shape              Param #   
2024-05-09 11:42:31 =================================================================
2024-05-09 11:42:31  input_2 (InputLayer)        [(None, 1613)]            0         
2024-05-09 11:42:31                                                                  
2024-05-09 11:42:31  dense_3 (Dense)             (None, 1000)              1614000   
2024-05-09 11:42:31                                                                  
2024-05-09 11:42:31  permanent_dropout_3 (Perma  (None, 1000)              0         
2024-05-09 11:42:31  nentDropout)                                                    
2024-05-09 11:42:31                                                                  
2024-05-09 11:42:31  dense_4 (Dense)             (None, 1000)              1001000   
2024-05-09 11:42:31                                                                  
2024-05-09 11:42:31  permanent_dropout_4 (Perma  (None, 1000)              0         
2024-05-09 11:42:31  nentDropout)                                                    
2024-05-09 11:42:31                                                                  
2024-05-09 11:42:31  dense_5 (Dense)             (None, 1000)              1001000   
2024-05-09 11:42:31                                                                  
2024-05-09 11:42:31  permanent_dropout_5 (Perma  (None, 1000)              0         
2024-05-09 11:42:31  nentDropout)                                                    
2024-05-09 11:42:31                                                                  
2024-05-09 11:42:31 =================================================================
2024-05-09 11:42:31 Total params: 3616000 (13.79 MB)
2024-05-09 11:42:31 Trainable params: 3616000 (13.79 MB)
2024-05-09 11:42:31 Non-trainable params: 0 (0.00 Byte)
2024-05-09 11:42:31 _________________________________________________________________
2024-05-09 11:42:31 Combined model:
2024-05-09 11:42:31 Model: "model"
2024-05-09 11:42:31 __________________________________________________________________________________________________
2024-05-09 11:42:31  Layer (type)                Output Shape                 Param #   Connected to                  
2024-05-09 11:42:31 ==================================================================================================
2024-05-09 11:42:31  input.cell.rnaseq (InputLa  [(None, 958)]                0         []                            
2024-05-09 11:42:31  yer)                                                                                             
2024-05-09 11:42:31                                                                                                   
2024-05-09 11:42:31  input.drug1.descriptors (I  [(None, 1613)]               0         []                            
2024-05-09 11:42:31  nputLayer)                                                                                       
2024-05-09 11:42:31                                                                                                   
2024-05-09 11:42:31  cell.rnaseq (Functional)    (None, 1000)                 2961000   ['input.cell.rnaseq[0][0]']   
2024-05-09 11:42:31                                                                                                   
2024-05-09 11:42:31  drug.descriptors (Function  (None, 1000)                 3616000   ['input.drug1.descriptors[0][0
2024-05-09 11:42:31  al)                                                                ]']                           
2024-05-09 11:42:31                                                                                                   
2024-05-09 11:42:31  concatenate (Concatenate)   (None, 2000)                 0         ['cell.rnaseq[0][0]',         
2024-05-09 11:42:31                                                                      'drug.descriptors[0][0]']    
2024-05-09 11:42:31                                                                                                   
2024-05-09 11:42:31  dense_6 (Dense)             (None, 1000)                 2001000   ['concatenate[0][0]']         
2024-05-09 11:42:31                                                                                                   
2024-05-09 11:42:31  permanent_dropout_6 (Perma  (None, 1000)                 0         ['dense_6[0][0]']             
2024-05-09 11:42:31  nentDropout)                                                                                     
2024-05-09 11:42:31                                                                                                   
2024-05-09 11:42:31  dense_7 (Dense)             (None, 1000)                 1001000   ['permanent_dropout_6[0][0]'] 
2024-05-09 11:42:31                                                                                                   
2024-05-09 11:42:31  permanent_dropout_7 (Perma  (None, 1000)                 0         ['dense_7[0][0]']             
2024-05-09 11:42:31  nentDropout)                                                                                     
2024-05-09 11:42:31                                                                                                   
2024-05-09 11:42:31  dense_8 (Dense)             (None, 1000)                 1001000   ['permanent_dropout_7[0][0]'] 
2024-05-09 11:42:31                                                                                                   
2024-05-09 11:42:31  permanent_dropout_8 (Perma  (None, 1000)                 0         ['dense_8[0][0]']             
2024-05-09 11:42:31  nentDropout)                                                                                     
2024-05-09 11:42:31                                                                                                   
2024-05-09 11:42:31  dense_9 (Dense)             (None, 1000)                 1001000   ['permanent_dropout_8[0][0]'] 
2024-05-09 11:42:31                                                                                                   
2024-05-09 11:42:31  permanent_dropout_9 (Perma  (None, 1000)                 0         ['dense_9[0][0]']             
2024-05-09 11:42:31  nentDropout)                                                                                     
2024-05-09 11:42:31                                                                                                   
2024-05-09 11:42:31  dense_10 (Dense)            (None, 1000)                 1001000   ['permanent_dropout_9[0][0]'] 
2024-05-09 11:42:31                                                                                                   
2024-05-09 11:42:31  permanent_dropout_10 (Perm  (None, 1000)                 0         ['dense_10[0][0]']            
2024-05-09 11:42:31  anentDropout)                                                                                    
2024-05-09 11:42:31                                                                                                   
2024-05-09 11:42:31  dense_11 (Dense)            (None, 1)                    1001      ['permanent_dropout_10[0][0]']
2024-05-09 11:42:31                                                                                                   
2024-05-09 11:42:31 ==================================================================================================
2024-05-09 11:42:31 Total params: 12583001 (48.00 MB)
2024-05-09 11:42:31 Trainable params: 12583001 (48.00 MB)
2024-05-09 11:42:31 Non-trainable params: 0 (0.00 Byte)
2024-05-09 11:42:31 __________________________________________________________________________________________________
2024-05-09 11:42:31 CKPT CONSTRUCT...
2024-05-09 11:42:31 CKPT CONSTRUCT OK.
2024-05-09 11:42:31 template model: <keras.src.engine.functional.Functional object at 0x150783c0ef70>
2024-05-09 11:42:32 COMPILE
2024-05-09 11:42:33 Will save weights to: /dev/shm/Uno/save/8996461.amn-0001/208/2.0.model.h5
2024-05-09 11:42:48 Between random pairs in y_val:
2024-05-09 11:42:48   mse: 0.04739506
2024-05-09 11:42:48   mae: 0.15931961
2024-05-09 11:42:48   r2: -1.00140456
2024-05-09 11:42:48   corr: -0.00070228
2024-05-09 11:42:48 Data points per epoch: train = 470167, val = 117542, test = 648
2024-05-09 11:42:48 Steps per epoch: train = 14692, val = 3673, test = 20
2024-05-09 11:42:48 Epoch 0: lr=0.001
2024-05-09 11:44:02 [Epoch: 0] loss: 0.024088, mae: 0.079401, r2: -0.626543, val_loss: 0.008492, val_mae: 0.066462, val_r2: 0.590629
2024-05-09 11:44:02 Epoch 1: lr=0.00082
2024-05-09 11:45:14 [Epoch: 1] loss: 0.007983, mae: 0.063894, r2: 0.621221, val_loss: 0.007698, val_mae: 0.063367, val_r2: 0.631416
2024-05-09 11:45:14 Epoch 2: lr=0.00064
2024-05-09 11:46:25 [Epoch: 2] loss: 0.007313, mae: 0.060839, r2: 0.652070, val_loss: 0.007283, val_mae: 0.059873, val_r2: 0.647736
2024-05-09 11:46:25 Epoch 3: lr=0.00046
2024-05-09 11:47:37 [Epoch: 3] loss: 0.006848, mae: 0.058757, r2: 0.673422, val_loss: 0.006833, val_mae: 0.058103, val_r2: 0.671517
2024-05-09 11:47:37 Epoch 4: lr=0.00028
2024-05-09 11:48:49 [Epoch: 4] loss: 0.006469, mae: 0.057006, r2: 0.690669, val_loss: 0.006568, val_mae: 0.057828, val_r2: 0.682336
2024-05-09 11:48:49 Epoch 5: lr=0.0001
2024-05-09 11:50:01 [Epoch: 5] loss: 0.006139, mae: 0.055473, r2: 0.705761, val_loss: 0.006388, val_mae: 0.056295, val_r2: 0.691177
2024-05-09 11:50:01 Epoch 6: lr=0.0001
2024-05-09 11:51:12 [Epoch: 6] loss: 0.006025, mae: 0.054952, r2: 0.711076, val_loss: 0.006367, val_mae: 0.055832, val_r2: 0.691731
2024-05-09 11:51:13 Epoch 7: lr=0.0001
2024-05-09 11:52:24 [Epoch: 7] loss: 0.005944, mae: 0.054606, r2: 0.714966, val_loss: 0.006348, val_mae: 0.056412, val_r2: 0.693046
2024-05-09 11:52:24 Epoch 8: lr=0.0001
2024-05-09 11:53:36 [Epoch: 8] loss: 0.005871, mae: 0.054284, r2: 0.718210, val_loss: 0.006288, val_mae: 0.056064, val_r2: 0.695431
2024-05-09 11:53:36 Epoch 9: lr=0.0001
2024-05-09 11:54:48 [Epoch: 9] loss: 0.005806, mae: 0.054002, r2: 0.721305, val_loss: 0.006279, val_mae: 0.055353, val_r2: 0.696910
2024-05-09 11:54:48 Epoch 10: lr=0.0001
2024-05-09 11:55:59 [Epoch: 10] loss: 0.005754, mae: 0.053752, r2: 0.723729, val_loss: 0.006239, val_mae: 0.055525, val_r2: 0.697626
2024-05-09 11:55:59 Epoch 11: lr=0.0001
2024-05-09 11:57:11 [Epoch: 11] loss: 0.005695, mae: 0.053473, r2: 0.726515, val_loss: 0.006220, val_mae: 0.055200, val_r2: 0.698143
2024-05-09 11:57:11 Epoch 12: lr=0.0001
2024-05-09 11:58:23 [Epoch: 12] loss: 0.005627, mae: 0.053171, r2: 0.729796, val_loss: 0.006202, val_mae: 0.055333, val_r2: 0.699249
2024-05-09 11:58:23 Epoch 13: lr=0.0001
2024-05-09 11:59:35 [Epoch: 13] loss: 0.005570, mae: 0.052920, r2: 0.732185, val_loss: 0.006191, val_mae: 0.055115, val_r2: 0.700018
2024-05-09 11:59:35 Epoch 14: lr=0.0001
2024-05-09 12:00:47 [Epoch: 14] loss: 0.005523, mae: 0.052714, r2: 0.734280, val_loss: 0.006186, val_mae: 0.055528, val_r2: 0.700181
2024-05-09 12:00:47 Epoch 15: lr=5e-05
2024-05-09 12:01:59 [Epoch: 15] loss: 0.005411, mae: 0.052141, r2: 0.739812, val_loss: 0.006131, val_mae: 0.054629, val_r2: 0.704222
2024-05-09 12:01:59 Epoch 16: lr=5e-05
2024-05-09 12:03:11 [Epoch: 16] loss: 0.005360, mae: 0.051943, r2: 0.742142, val_loss: 0.006160, val_mae: 0.054999, val_r2: 0.701853
2024-05-09 12:03:11 Epoch 17: lr=5e-05
2024-05-09 12:04:22 [Epoch: 17] loss: 0.005335, mae: 0.051780, r2: 0.743256, val_loss: 0.006124, val_mae: 0.054850, val_r2: 0.704024
2024-05-09 12:04:22 Epoch 18: lr=5e-05
2024-05-09 12:05:34 [Epoch: 18] loss: 0.005296, mae: 0.051653, r2: 0.745183, val_loss: 0.006114, val_mae: 0.054712, val_r2: 0.703937
2024-05-09 12:05:34 Epoch 19: lr=5e-05
2024-05-09 12:06:46 [Epoch: 19] loss: 0.005270, mae: 0.051534, r2: 0.746110, val_loss: 0.006110, val_mae: 0.054732, val_r2: 0.703226
2024-05-09 12:06:46 Epoch 20: lr=5e-05
2024-05-09 12:07:57 [Epoch: 20] loss: 0.005261, mae: 0.051451, r2: 0.746669, val_loss: 0.006117, val_mae: 0.054692, val_r2: 0.702870
2024-05-09 12:07:58 Epoch 21: lr=2.5e-05
2024-05-09 12:09:10 [Epoch: 21] loss: 0.005184, mae: 0.051100, r2: 0.750138, val_loss: 0.006098, val_mae: 0.054625, val_r2: 0.704888
2024-05-09 12:09:10 Epoch 22: lr=2.5e-05
2024-05-09 12:10:21 [Epoch: 22] loss: 0.005161, mae: 0.051020, r2: 0.751428, val_loss: 0.006088, val_mae: 0.054545, val_r2: 0.703728
2024-05-09 12:10:22 Epoch 23: lr=2.5e-05
2024-05-09 12:11:33 [Epoch: 23] loss: 0.005134, mae: 0.050899, r2: 0.752332, val_loss: 0.006077, val_mae: 0.054577, val_r2: 0.705150
2024-05-09 12:11:33 Epoch 24: lr=2.5e-05
2024-05-09 12:12:45 [Epoch: 24] loss: 0.005129, mae: 0.050843, r2: 0.752689, val_loss: 0.006088, val_mae: 0.054386, val_r2: 0.704547
2024-05-09 12:12:45 Epoch 25: lr=2.5e-05
2024-05-09 12:13:57 [Epoch: 25] loss: 0.005120, mae: 0.050817, r2: 0.753307, val_loss: 0.006085, val_mae: 0.054469, val_r2: 0.704659
2024-05-09 12:13:57 Epoch 26: lr=1.25e-05
2024-05-09 12:15:08 [Epoch: 26] loss: 0.005080, mae: 0.050624, r2: 0.755146, val_loss: 0.006100, val_mae: 0.054582, val_r2: 0.704072
2024-05-09 12:15:09 Epoch 27: lr=1.25e-05
2024-05-09 12:16:20 [Epoch: 27] loss: 0.005077, mae: 0.050615, r2: 0.755214, val_loss: 0.006112, val_mae: 0.054417, val_r2: 0.704267
2024-05-09 12:16:20 Epoch 28: lr=1.25e-05
2024-05-09 12:17:32 [Epoch: 28] loss: 0.005061, mae: 0.050504, r2: 0.755930, val_loss: 0.006104, val_mae: 0.054733, val_r2: 0.703700
2024-05-09 12:17:32 Epoch 29: lr=1.25e-05
2024-05-09 12:18:44 [Epoch: 29] loss: 0.005052, mae: 0.050504, r2: 0.756553, val_loss: 0.006102, val_mae: 0.054377, val_r2: 0.704212
2024-05-09 12:18:44 history_length: 30
2024-05-09 12:18:44 stopping: complete
2024-05-09 12:18:44 Comparing y_true and y_pred:
2024-05-09 12:18:44   mse: 0.00410447
2024-05-09 12:18:44   mae: 0.04678675
2024-05-09 12:18:44   r2: 0.52066819
2024-05-09 12:18:44   corr: 0.72366923
