2024-05-09 11:42:31 UNO RUN ...
2024-05-09 11:42:31 Params: {'model_name': 'uno', 'train_sources': ['CCLE'], 'test_sources': ['train'], 'cell_types': None, 'cell_features': ['rnaseq'], 'drug_features': ['descriptors'], 'dense': [1000, 1000, 1000, 1000, 1000], 'dense_feature_layers': [1000, 1000, 1000], 'activation': 'relu', 'loss': 'mse', 'optimizer': 'adamax', 'scaling': 'std', 'dropout': 0.1, 'epochs': 30, 'batch_size': 32, 'val_split': 0.2, 'cv': 1, 'max_val_loss': 1.0, 'learning_rate': 0.0001, 'base_lr': None, 'agg_dose': 'AUC', 'residual': False, 'reduce_lr': True, 'warmup_lr': True, 'batch_normalization': False, 'feature_subsample': 0, 'rng_seed': 2018, 'no_gen': False, 'verbose': False, 'preprocess_rnaseq': 'source_scale', 'gpus': [0], 'use_landmark_genes': True, 'no_feature_source': True, 'no_response_source': True, 'save_path': '/dev/shm/Uno/save/8996461.amn-0001/18', 'single': True, 'on_memory_loader': True, 'ckpt_checksum': True, 'ckpt_save_interval': 0, 'timeout': -1, 'train_bool': True, 'profiling': False, 'experiment_id': '8996461.amn-0001', 'run_id': '18', 'logfile': '/dev/shm/Uno/save/8996461.amn-0001/18/python.log', 'shuffle': False, 'ckpt_restart_mode': 'off', 'ckpt_skip_epochs': 0, 'ckpt_directory': '/dev/shm/Uno/save/8996461.amn-0001/18', 'ckpt_save_best': True, 'ckpt_save_best_metric': 'val_loss', 'ckpt_save_weights_only': False, 'ckpt_keep_mode': 'linear', 'ckpt_keep_limit': 5, 'by_cell': None, 'by_drug': None, 'cell_subset_path': '', 'drug_subset_path': '', 'drug_median_response_min': -1, 'drug_median_response_max': 1, 'dense_cell_feature_layers': None, 'dense_drug_feature_layers': None, 'use_filtered_genes': False, 'feature_subset_path': '', 'cell_feature_subset_path': '', 'drug_feature_subset_path': '', 'es': True, 'cp': False, 'tb': False, 'tb_prefix': 'tb', 'partition_by': None, 'cache': None, 'export_csv': None, 'export_data': None, 'use_exported_data': '/dev/shm/Uno/x1921c0s4b0n0.18.merged.landmark.h5', 'growth_bins': 0, 'initial_weights': None, 'save_weights': '/dev/shm/Uno/save/8996461.amn-0001/18/3.0.model.h5', 'config_file': '/home/brettin/CSC249ADOA01_CNDA/brettin/Benchmarks/Pilot1/Uno/uno_auc_model.txt', 'data_type': <class 'numpy.float32'>, 'data_dir': '/dev/shm/Uno/uno/Data', 'output_dir': '/dev/shm/Uno/uno/Output/8996461.amn-0001/18'}
2024-05-09 11:42:31 Feature encoding submodel for cell.rnaseq:
2024-05-09 11:42:31 Model: "cell.rnaseq"
2024-05-09 11:42:31 _________________________________________________________________
2024-05-09 11:42:31  Layer (type)                Output Shape              Param #   
2024-05-09 11:42:31 =================================================================
2024-05-09 11:42:31  input_1 (InputLayer)        [(None, 958)]             0         
2024-05-09 11:42:31                                                                  
2024-05-09 11:42:31  dense (Dense)               (None, 1000)              959000    
2024-05-09 11:42:31                                                                  
2024-05-09 11:42:31  permanent_dropout (Permane  (None, 1000)              0         
2024-05-09 11:42:31  ntDropout)                                                      
2024-05-09 11:42:31                                                                  
2024-05-09 11:42:31  dense_1 (Dense)             (None, 1000)              1001000   
2024-05-09 11:42:31                                                                  
2024-05-09 11:42:31  permanent_dropout_1 (Perma  (None, 1000)              0         
2024-05-09 11:42:31  nentDropout)                                                    
2024-05-09 11:42:31                                                                  
2024-05-09 11:42:31  dense_2 (Dense)             (None, 1000)              1001000   
2024-05-09 11:42:31                                                                  
2024-05-09 11:42:31  permanent_dropout_2 (Perma  (None, 1000)              0         
2024-05-09 11:42:31  nentDropout)                                                    
2024-05-09 11:42:31                                                                  
2024-05-09 11:42:31 =================================================================
2024-05-09 11:42:31 Total params: 2961000 (11.30 MB)
2024-05-09 11:42:31 Trainable params: 2961000 (11.30 MB)
2024-05-09 11:42:31 Non-trainable params: 0 (0.00 Byte)
2024-05-09 11:42:31 _________________________________________________________________
2024-05-09 11:42:31 Feature encoding submodel for drug.descriptors:
2024-05-09 11:42:31 Model: "drug.descriptors"
2024-05-09 11:42:31 _________________________________________________________________
2024-05-09 11:42:31  Layer (type)                Output Shape              Param #   
2024-05-09 11:42:31 =================================================================
2024-05-09 11:42:31  input_2 (InputLayer)        [(None, 1613)]            0         
2024-05-09 11:42:31                                                                  
2024-05-09 11:42:31  dense_3 (Dense)             (None, 1000)              1614000   
2024-05-09 11:42:31                                                                  
2024-05-09 11:42:31  permanent_dropout_3 (Perma  (None, 1000)              0         
2024-05-09 11:42:31  nentDropout)                                                    
2024-05-09 11:42:31                                                                  
2024-05-09 11:42:31  dense_4 (Dense)             (None, 1000)              1001000   
2024-05-09 11:42:31                                                                  
2024-05-09 11:42:31  permanent_dropout_4 (Perma  (None, 1000)              0         
2024-05-09 11:42:31  nentDropout)                                                    
2024-05-09 11:42:31                                                                  
2024-05-09 11:42:31  dense_5 (Dense)             (None, 1000)              1001000   
2024-05-09 11:42:31                                                                  
2024-05-09 11:42:31  permanent_dropout_5 (Perma  (None, 1000)              0         
2024-05-09 11:42:31  nentDropout)                                                    
2024-05-09 11:42:31                                                                  
2024-05-09 11:42:31 =================================================================
2024-05-09 11:42:31 Total params: 3616000 (13.79 MB)
2024-05-09 11:42:31 Trainable params: 3616000 (13.79 MB)
2024-05-09 11:42:31 Non-trainable params: 0 (0.00 Byte)
2024-05-09 11:42:31 _________________________________________________________________
2024-05-09 11:42:31 Combined model:
2024-05-09 11:42:31 Model: "model"
2024-05-09 11:42:31 __________________________________________________________________________________________________
2024-05-09 11:42:31  Layer (type)                Output Shape                 Param #   Connected to                  
2024-05-09 11:42:31 ==================================================================================================
2024-05-09 11:42:31  input.cell.rnaseq (InputLa  [(None, 958)]                0         []                            
2024-05-09 11:42:31  yer)                                                                                             
2024-05-09 11:42:31                                                                                                   
2024-05-09 11:42:31  input.drug1.descriptors (I  [(None, 1613)]               0         []                            
2024-05-09 11:42:31  nputLayer)                                                                                       
2024-05-09 11:42:31                                                                                                   
2024-05-09 11:42:31  cell.rnaseq (Functional)    (None, 1000)                 2961000   ['input.cell.rnaseq[0][0]']   
2024-05-09 11:42:31                                                                                                   
2024-05-09 11:42:31  drug.descriptors (Function  (None, 1000)                 3616000   ['input.drug1.descriptors[0][0
2024-05-09 11:42:31  al)                                                                ]']                           
2024-05-09 11:42:31                                                                                                   
2024-05-09 11:42:31  concatenate (Concatenate)   (None, 2000)                 0         ['cell.rnaseq[0][0]',         
2024-05-09 11:42:31                                                                      'drug.descriptors[0][0]']    
2024-05-09 11:42:31                                                                                                   
2024-05-09 11:42:31  dense_6 (Dense)             (None, 1000)                 2001000   ['concatenate[0][0]']         
2024-05-09 11:42:31                                                                                                   
2024-05-09 11:42:31  permanent_dropout_6 (Perma  (None, 1000)                 0         ['dense_6[0][0]']             
2024-05-09 11:42:31  nentDropout)                                                                                     
2024-05-09 11:42:31                                                                                                   
2024-05-09 11:42:31  dense_7 (Dense)             (None, 1000)                 1001000   ['permanent_dropout_6[0][0]'] 
2024-05-09 11:42:31                                                                                                   
2024-05-09 11:42:31  permanent_dropout_7 (Perma  (None, 1000)                 0         ['dense_7[0][0]']             
2024-05-09 11:42:31  nentDropout)                                                                                     
2024-05-09 11:42:31                                                                                                   
2024-05-09 11:42:31  dense_8 (Dense)             (None, 1000)                 1001000   ['permanent_dropout_7[0][0]'] 
2024-05-09 11:42:31                                                                                                   
2024-05-09 11:42:31  permanent_dropout_8 (Perma  (None, 1000)                 0         ['dense_8[0][0]']             
2024-05-09 11:42:31  nentDropout)                                                                                     
2024-05-09 11:42:31                                                                                                   
2024-05-09 11:42:31  dense_9 (Dense)             (None, 1000)                 1001000   ['permanent_dropout_8[0][0]'] 
2024-05-09 11:42:31                                                                                                   
2024-05-09 11:42:31  permanent_dropout_9 (Perma  (None, 1000)                 0         ['dense_9[0][0]']             
2024-05-09 11:42:31  nentDropout)                                                                                     
2024-05-09 11:42:31                                                                                                   
2024-05-09 11:42:31  dense_10 (Dense)            (None, 1000)                 1001000   ['permanent_dropout_9[0][0]'] 
2024-05-09 11:42:31                                                                                                   
2024-05-09 11:42:31  permanent_dropout_10 (Perm  (None, 1000)                 0         ['dense_10[0][0]']            
2024-05-09 11:42:31  anentDropout)                                                                                    
2024-05-09 11:42:31                                                                                                   
2024-05-09 11:42:31  dense_11 (Dense)            (None, 1)                    1001      ['permanent_dropout_10[0][0]']
2024-05-09 11:42:31                                                                                                   
2024-05-09 11:42:31 ==================================================================================================
2024-05-09 11:42:31 Total params: 12583001 (48.00 MB)
2024-05-09 11:42:31 Trainable params: 12583001 (48.00 MB)
2024-05-09 11:42:31 Non-trainable params: 0 (0.00 Byte)
2024-05-09 11:42:31 __________________________________________________________________________________________________
2024-05-09 11:42:31 CKPT CONSTRUCT...
2024-05-09 11:42:31 CKPT CONSTRUCT OK.
2024-05-09 11:42:31 template model: <keras.src.engine.functional.Functional object at 0x1537990fdfd0>
2024-05-09 11:42:33 COMPILE
2024-05-09 11:42:33 Will save weights to: /dev/shm/Uno/save/8996461.amn-0001/18/3.0.model.h5
2024-05-09 11:42:49 Between random pairs in y_val:
2024-05-09 11:42:49   mse: 0.04780552
2024-05-09 11:42:49   mae: 0.15976730
2024-05-09 11:42:49   r2: -0.99716824
2024-05-09 11:42:49   corr: 0.00141588
2024-05-09 11:42:49 Data points per epoch: train = 470167, val = 117542, test = 600
2024-05-09 11:42:49 Steps per epoch: train = 14692, val = 3673, test = 18
2024-05-09 11:42:49 Epoch 0: lr=0.001
2024-05-09 11:44:01 [Epoch: 0] loss: 0.025844, mae: 0.079342, r2: -0.556396, val_loss: 0.008790, val_mae: 0.068954, val_r2: 0.585972
2024-05-09 11:44:02 Epoch 1: lr=0.00082
2024-05-09 11:45:12 [Epoch: 1] loss: 0.007966, mae: 0.063846, r2: 0.620941, val_loss: 0.007736, val_mae: 0.061519, val_r2: 0.632663
2024-05-09 11:45:12 Epoch 2: lr=0.00064
2024-05-09 11:46:23 [Epoch: 2] loss: 0.007301, mae: 0.060794, r2: 0.651683, val_loss: 0.007160, val_mae: 0.059774, val_r2: 0.662453
2024-05-09 11:46:23 Epoch 3: lr=0.00046
2024-05-09 11:47:34 [Epoch: 3] loss: 0.006824, mae: 0.058612, r2: 0.673586, val_loss: 0.006899, val_mae: 0.058035, val_r2: 0.670096
2024-05-09 11:47:34 Epoch 4: lr=0.00028
2024-05-09 11:48:44 [Epoch: 4] loss: 0.006439, mae: 0.056850, r2: 0.691560, val_loss: 0.006591, val_mae: 0.057399, val_r2: 0.685124
2024-05-09 11:48:45 Epoch 5: lr=0.0001
2024-05-09 11:49:55 [Epoch: 5] loss: 0.006122, mae: 0.055345, r2: 0.706108, val_loss: 0.006410, val_mae: 0.056255, val_r2: 0.693833
2024-05-09 11:49:55 Epoch 6: lr=0.0001
2024-05-09 11:51:06 [Epoch: 6] loss: 0.006004, mae: 0.054840, r2: 0.711761, val_loss: 0.006367, val_mae: 0.055702, val_r2: 0.696334
2024-05-09 11:51:06 Epoch 7: lr=0.0001
2024-05-09 11:52:17 [Epoch: 7] loss: 0.005935, mae: 0.054530, r2: 0.714886, val_loss: 0.006334, val_mae: 0.055729, val_r2: 0.696996
2024-05-09 11:52:17 Epoch 8: lr=0.0001
2024-05-09 11:53:28 [Epoch: 8] loss: 0.005863, mae: 0.054196, r2: 0.718305, val_loss: 0.006295, val_mae: 0.055535, val_r2: 0.700098
2024-05-09 11:53:28 Epoch 9: lr=0.0001
2024-05-09 11:54:39 [Epoch: 9] loss: 0.005800, mae: 0.053897, r2: 0.721306, val_loss: 0.006260, val_mae: 0.055503, val_r2: 0.700150
2024-05-09 11:54:39 Epoch 10: lr=0.0001
2024-05-09 11:55:49 [Epoch: 10] loss: 0.005732, mae: 0.053631, r2: 0.724289, val_loss: 0.006288, val_mae: 0.056296, val_r2: 0.698510
2024-05-09 11:55:49 Epoch 11: lr=0.0001
2024-05-09 11:57:00 [Epoch: 11] loss: 0.005680, mae: 0.053345, r2: 0.726849, val_loss: 0.006199, val_mae: 0.055113, val_r2: 0.704245
2024-05-09 11:57:00 Epoch 12: lr=0.0001
2024-05-09 11:58:11 [Epoch: 12] loss: 0.005617, mae: 0.053048, r2: 0.729945, val_loss: 0.006221, val_mae: 0.055097, val_r2: 0.702527
2024-05-09 11:58:11 Epoch 13: lr=0.0001
2024-05-09 11:59:22 [Epoch: 13] loss: 0.005559, mae: 0.052823, r2: 0.732704, val_loss: 0.006171, val_mae: 0.054942, val_r2: 0.704422
2024-05-09 11:59:22 Epoch 14: lr=0.0001
2024-05-09 12:00:33 [Epoch: 14] loss: 0.005510, mae: 0.052561, r2: 0.735017, val_loss: 0.006159, val_mae: 0.054754, val_r2: 0.706517
2024-05-09 12:00:33 Epoch 15: lr=0.0001
2024-05-09 12:01:43 [Epoch: 15] loss: 0.005452, mae: 0.052304, r2: 0.737543, val_loss: 0.006174, val_mae: 0.055676, val_r2: 0.704764
2024-05-09 12:01:43 Epoch 16: lr=0.0001
2024-05-09 12:02:54 [Epoch: 16] loss: 0.005412, mae: 0.052132, r2: 0.739516, val_loss: 0.006101, val_mae: 0.054701, val_r2: 0.708762
2024-05-09 12:02:54 Epoch 17: lr=0.0001
2024-05-09 12:04:05 [Epoch: 17] loss: 0.005363, mae: 0.051902, r2: 0.741746, val_loss: 0.006140, val_mae: 0.054508, val_r2: 0.706464
2024-05-09 12:04:05 Epoch 18: lr=0.0001
2024-05-09 12:05:16 [Epoch: 18] loss: 0.005312, mae: 0.051660, r2: 0.743975, val_loss: 0.006093, val_mae: 0.054279, val_r2: 0.709823
2024-05-09 12:05:16 Epoch 19: lr=5e-05
2024-05-09 12:06:26 [Epoch: 19] loss: 0.005198, mae: 0.051098, r2: 0.749518, val_loss: 0.006080, val_mae: 0.054461, val_r2: 0.710339
2024-05-09 12:06:26 Epoch 20: lr=5e-05
2024-05-09 12:07:38 [Epoch: 20] loss: 0.005144, mae: 0.050866, r2: 0.751835, val_loss: 0.006076, val_mae: 0.054397, val_r2: 0.709671
2024-05-09 12:07:38 Epoch 21: lr=5e-05
2024-05-09 12:08:48 [Epoch: 21] loss: 0.005126, mae: 0.050773, r2: 0.752686, val_loss: 0.006093, val_mae: 0.054455, val_r2: 0.709554
2024-05-09 12:08:49 Epoch 22: lr=5e-05
2024-05-09 12:09:59 [Epoch: 22] loss: 0.005101, mae: 0.050658, r2: 0.754204, val_loss: 0.006068, val_mae: 0.054477, val_r2: 0.709650
2024-05-09 12:09:59 Epoch 23: lr=5e-05
2024-05-09 12:11:10 [Epoch: 23] loss: 0.005075, mae: 0.050543, r2: 0.755173, val_loss: 0.006059, val_mae: 0.054278, val_r2: 0.710375
2024-05-09 12:11:10 Epoch 24: lr=5e-05
2024-05-09 12:12:21 [Epoch: 24] loss: 0.005046, mae: 0.050421, r2: 0.756526, val_loss: 0.006070, val_mae: 0.054405, val_r2: 0.709951
2024-05-09 12:12:21 Epoch 25: lr=5e-05
2024-05-09 12:13:32 [Epoch: 25] loss: 0.005029, mae: 0.050329, r2: 0.757400, val_loss: 0.006049, val_mae: 0.054231, val_r2: 0.711507
2024-05-09 12:13:32 Epoch 26: lr=5e-05
2024-05-09 12:14:42 [Epoch: 26] loss: 0.004995, mae: 0.050155, r2: 0.759079, val_loss: 0.006071, val_mae: 0.054131, val_r2: 0.710512
2024-05-09 12:14:42 Epoch 27: lr=5e-05
2024-05-09 12:15:53 [Epoch: 27] loss: 0.004976, mae: 0.050017, r2: 0.759931, val_loss: 0.006086, val_mae: 0.054644, val_r2: 0.709516
2024-05-09 12:15:53 Epoch 28: lr=2.5e-05
2024-05-09 12:17:04 [Epoch: 28] loss: 0.004919, mae: 0.049762, r2: 0.762428, val_loss: 0.006099, val_mae: 0.054272, val_r2: 0.708569
2024-05-09 12:17:04 Epoch 29: lr=2.5e-05
2024-05-09 12:18:15 [Epoch: 29] loss: 0.004900, mae: 0.049681, r2: 0.763240, val_loss: 0.006069, val_mae: 0.054330, val_r2: 0.709948
2024-05-09 12:18:15 history_length: 30
2024-05-09 12:18:15 stopping: complete
2024-05-09 12:18:15 Comparing y_true and y_pred:
2024-05-09 12:18:15   mse: 0.00302331
2024-05-09 12:18:15   mae: 0.04468721
2024-05-09 12:18:15   r2: 0.03246677
2024-05-09 12:18:15   corr: 0.21836169
