2024-05-22 17:13:02 UNO RUN ...
2024-05-22 17:13:02 Params: {'model_name': 'uno', 'train_sources': ['CCLE'], 'test_sources': ['train'], 'cell_types': None, 'cell_features': ['rnaseq'], 'drug_features': ['descriptors'], 'dense': [1000, 1000, 1000, 1000, 1000], 'dense_feature_layers': [1000, 1000, 1000], 'activation': 'relu', 'loss': 'mse', 'optimizer': 'adamax', 'scaling': 'std', 'dropout': 0.1, 'epochs': 50, 'batch_size': 32, 'val_split': 0.2, 'cv': 1, 'max_val_loss': 1.0, 'learning_rate': 0.0001, 'base_lr': None, 'agg_dose': 'AUC', 'residual': False, 'reduce_lr': True, 'warmup_lr': True, 'batch_normalization': False, 'feature_subsample': 0, 'rng_seed': 2018, 'no_gen': False, 'verbose': False, 'preprocess_rnaseq': 'source_scale', 'gpus': [0], 'use_landmark_genes': True, 'no_feature_source': True, 'no_response_source': True, 'save_path': '/dev/shm/Uno/save/9000841.amn-0001/28', 'single': True, 'on_memory_loader': True, 'ckpt_checksum': True, 'ckpt_save_interval': 0, 'timeout': -1, 'train_bool': True, 'profiling': False, 'experiment_id': '9000841.amn-0001', 'run_id': '28', 'logfile': '/dev/shm/Uno/save/9000841.amn-0001/28/python.log', 'shuffle': False, 'ckpt_restart_mode': 'off', 'ckpt_skip_epochs': 0, 'ckpt_directory': '/dev/shm/Uno/save/9000841.amn-0001/28', 'ckpt_save_best': True, 'ckpt_save_best_metric': 'val_loss', 'ckpt_save_weights_only': False, 'ckpt_keep_mode': 'linear', 'ckpt_keep_limit': 5, 'by_cell': None, 'by_drug': None, 'cell_subset_path': '', 'drug_subset_path': '', 'drug_median_response_min': -1, 'drug_median_response_max': 1, 'dense_cell_feature_layers': None, 'dense_drug_feature_layers': None, 'use_filtered_genes': False, 'feature_subset_path': '', 'cell_feature_subset_path': '', 'drug_feature_subset_path': '', 'es': True, 'cp': False, 'tb': False, 'tb_prefix': 'tb', 'partition_by': None, 'cache': None, 'export_csv': None, 'export_data': None, 'use_exported_data': '/dev/shm/Uno/x1921c2s7b0n0.28.merged.landmark.h5', 'growth_bins': 0, 'initial_weights': None, 'save_weights': '/dev/shm/Uno/save/9000841.amn-0001/28/2.0.model.h5', 'config_file': '/home/brettin/CSC249ADOA01_CNDA/brettin/Benchmarks/Pilot1/Uno/uno_auc_model.txt', 'data_type': <class 'numpy.float32'>, 'data_dir': '/dev/shm/Uno/uno/Data', 'output_dir': '/dev/shm/Uno/uno/Output/9000841.amn-0001/28'}
2024-05-22 17:13:02 Feature encoding submodel for cell.rnaseq:
2024-05-22 17:13:02 Model: "cell.rnaseq"
2024-05-22 17:13:02 _________________________________________________________________
2024-05-22 17:13:02  Layer (type)                Output Shape              Param #   
2024-05-22 17:13:02 =================================================================
2024-05-22 17:13:02  input_1 (InputLayer)        [(None, 958)]             0         
2024-05-22 17:13:02                                                                  
2024-05-22 17:13:02  dense (Dense)               (None, 1000)              959000    
2024-05-22 17:13:02                                                                  
2024-05-22 17:13:02  permanent_dropout (Permane  (None, 1000)              0         
2024-05-22 17:13:02  ntDropout)                                                      
2024-05-22 17:13:02                                                                  
2024-05-22 17:13:02  dense_1 (Dense)             (None, 1000)              1001000   
2024-05-22 17:13:02                                                                  
2024-05-22 17:13:02  permanent_dropout_1 (Perma  (None, 1000)              0         
2024-05-22 17:13:02  nentDropout)                                                    
2024-05-22 17:13:02                                                                  
2024-05-22 17:13:02  dense_2 (Dense)             (None, 1000)              1001000   
2024-05-22 17:13:02                                                                  
2024-05-22 17:13:02  permanent_dropout_2 (Perma  (None, 1000)              0         
2024-05-22 17:13:02  nentDropout)                                                    
2024-05-22 17:13:02                                                                  
2024-05-22 17:13:02 =================================================================
2024-05-22 17:13:02 Total params: 2961000 (11.30 MB)
2024-05-22 17:13:02 Trainable params: 2961000 (11.30 MB)
2024-05-22 17:13:02 Non-trainable params: 0 (0.00 Byte)
2024-05-22 17:13:02 _________________________________________________________________
2024-05-22 17:13:02 Feature encoding submodel for drug.descriptors:
2024-05-22 17:13:02 Model: "drug.descriptors"
2024-05-22 17:13:02 _________________________________________________________________
2024-05-22 17:13:02  Layer (type)                Output Shape              Param #   
2024-05-22 17:13:02 =================================================================
2024-05-22 17:13:02  input_2 (InputLayer)        [(None, 1613)]            0         
2024-05-22 17:13:02                                                                  
2024-05-22 17:13:02  dense_3 (Dense)             (None, 1000)              1614000   
2024-05-22 17:13:02                                                                  
2024-05-22 17:13:02  permanent_dropout_3 (Perma  (None, 1000)              0         
2024-05-22 17:13:02  nentDropout)                                                    
2024-05-22 17:13:02                                                                  
2024-05-22 17:13:02  dense_4 (Dense)             (None, 1000)              1001000   
2024-05-22 17:13:02                                                                  
2024-05-22 17:13:02  permanent_dropout_4 (Perma  (None, 1000)              0         
2024-05-22 17:13:02  nentDropout)                                                    
2024-05-22 17:13:02                                                                  
2024-05-22 17:13:02  dense_5 (Dense)             (None, 1000)              1001000   
2024-05-22 17:13:02                                                                  
2024-05-22 17:13:02  permanent_dropout_5 (Perma  (None, 1000)              0         
2024-05-22 17:13:02  nentDropout)                                                    
2024-05-22 17:13:02                                                                  
2024-05-22 17:13:02 =================================================================
2024-05-22 17:13:02 Total params: 3616000 (13.79 MB)
2024-05-22 17:13:02 Trainable params: 3616000 (13.79 MB)
2024-05-22 17:13:02 Non-trainable params: 0 (0.00 Byte)
2024-05-22 17:13:02 _________________________________________________________________
2024-05-22 17:13:02 Combined model:
2024-05-22 17:13:02 Model: "model"
2024-05-22 17:13:02 __________________________________________________________________________________________________
2024-05-22 17:13:02  Layer (type)                Output Shape                 Param #   Connected to                  
2024-05-22 17:13:02 ==================================================================================================
2024-05-22 17:13:02  input.cell.rnaseq (InputLa  [(None, 958)]                0         []                            
2024-05-22 17:13:02  yer)                                                                                             
2024-05-22 17:13:02                                                                                                   
2024-05-22 17:13:02  input.drug1.descriptors (I  [(None, 1613)]               0         []                            
2024-05-22 17:13:02  nputLayer)                                                                                       
2024-05-22 17:13:02                                                                                                   
2024-05-22 17:13:02  cell.rnaseq (Functional)    (None, 1000)                 2961000   ['input.cell.rnaseq[0][0]']   
2024-05-22 17:13:02                                                                                                   
2024-05-22 17:13:02  drug.descriptors (Function  (None, 1000)                 3616000   ['input.drug1.descriptors[0][0
2024-05-22 17:13:02  al)                                                                ]']                           
2024-05-22 17:13:02                                                                                                   
2024-05-22 17:13:02  concatenate (Concatenate)   (None, 2000)                 0         ['cell.rnaseq[0][0]',         
2024-05-22 17:13:02                                                                      'drug.descriptors[0][0]']    
2024-05-22 17:13:02                                                                                                   
2024-05-22 17:13:02  dense_6 (Dense)             (None, 1000)                 2001000   ['concatenate[0][0]']         
2024-05-22 17:13:02                                                                                                   
2024-05-22 17:13:02  permanent_dropout_6 (Perma  (None, 1000)                 0         ['dense_6[0][0]']             
2024-05-22 17:13:02  nentDropout)                                                                                     
2024-05-22 17:13:02                                                                                                   
2024-05-22 17:13:02  dense_7 (Dense)             (None, 1000)                 1001000   ['permanent_dropout_6[0][0]'] 
2024-05-22 17:13:02                                                                                                   
2024-05-22 17:13:02  permanent_dropout_7 (Perma  (None, 1000)                 0         ['dense_7[0][0]']             
2024-05-22 17:13:02  nentDropout)                                                                                     
2024-05-22 17:13:02                                                                                                   
2024-05-22 17:13:02  dense_8 (Dense)             (None, 1000)                 1001000   ['permanent_dropout_7[0][0]'] 
2024-05-22 17:13:02                                                                                                   
2024-05-22 17:13:02  permanent_dropout_8 (Perma  (None, 1000)                 0         ['dense_8[0][0]']             
2024-05-22 17:13:02  nentDropout)                                                                                     
2024-05-22 17:13:02                                                                                                   
2024-05-22 17:13:02  dense_9 (Dense)             (None, 1000)                 1001000   ['permanent_dropout_8[0][0]'] 
2024-05-22 17:13:02                                                                                                   
2024-05-22 17:13:02  permanent_dropout_9 (Perma  (None, 1000)                 0         ['dense_9[0][0]']             
2024-05-22 17:13:02  nentDropout)                                                                                     
2024-05-22 17:13:02                                                                                                   
2024-05-22 17:13:02  dense_10 (Dense)            (None, 1000)                 1001000   ['permanent_dropout_9[0][0]'] 
2024-05-22 17:13:02                                                                                                   
2024-05-22 17:13:02  permanent_dropout_10 (Perm  (None, 1000)                 0         ['dense_10[0][0]']            
2024-05-22 17:13:02  anentDropout)                                                                                    
2024-05-22 17:13:02                                                                                                   
2024-05-22 17:13:02  dense_11 (Dense)            (None, 1)                    1001      ['permanent_dropout_10[0][0]']
2024-05-22 17:13:02                                                                                                   
2024-05-22 17:13:02 ==================================================================================================
2024-05-22 17:13:02 Total params: 12583001 (48.00 MB)
2024-05-22 17:13:02 Trainable params: 12583001 (48.00 MB)
2024-05-22 17:13:02 Non-trainable params: 0 (0.00 Byte)
2024-05-22 17:13:02 __________________________________________________________________________________________________
2024-05-22 17:13:03 CKPT CONSTRUCT...
2024-05-22 17:13:03 CKPT CONSTRUCT OK.
2024-05-22 17:13:03 template model: <keras.src.engine.functional.Functional object at 0x153827e1f9d0>
2024-05-22 17:13:04 COMPILE
2024-05-22 17:13:04 Will save weights to: /dev/shm/Uno/save/9000841.amn-0001/28/2.0.model.h5
2024-05-22 17:13:20 Between random pairs in y_val:
2024-05-22 17:13:20   mse: 0.04744023
2024-05-22 17:13:20   mae: 0.15982265
2024-05-22 17:13:20   r2: -1.00303893
2024-05-22 17:13:20   corr: -0.00151947
2024-05-22 17:13:20 Data points per epoch: train = 469316, val = 117330, test = 1063
2024-05-22 17:13:20 Steps per epoch: train = 14666, val = 3666, test = 33
2024-05-22 17:13:20 Epoch 0: lr=0.001
2024-05-22 17:14:33 [Epoch: 0] loss: 0.027696, mae: 0.079605, r2: -0.411013, val_loss: 0.008589, val_mae: 0.065995, val_r2: 0.586712
2024-05-22 17:14:33 Epoch 1: lr=0.00082
2024-05-22 17:15:44 [Epoch: 1] loss: 0.008002, mae: 0.064036, r2: 0.621927, val_loss: 0.007914, val_mae: 0.062701, val_r2: 0.630531
2024-05-22 17:15:44 Epoch 2: lr=0.00064
2024-05-22 17:16:55 [Epoch: 2] loss: 0.007329, mae: 0.060880, r2: 0.653055, val_loss: 0.007152, val_mae: 0.059581, val_r2: 0.656037
2024-05-22 17:16:55 Epoch 3: lr=0.00046
2024-05-22 17:18:07 [Epoch: 3] loss: 0.006829, mae: 0.058602, r2: 0.675438, val_loss: 0.006829, val_mae: 0.058196, val_r2: 0.670223
2024-05-22 17:18:07 Epoch 4: lr=0.00028
2024-05-22 17:19:18 [Epoch: 4] loss: 0.006432, mae: 0.056809, r2: 0.693591, val_loss: 0.006564, val_mae: 0.057266, val_r2: 0.684969
2024-05-22 17:19:18 Epoch 5: lr=0.0001
2024-05-22 17:20:29 [Epoch: 5] loss: 0.006101, mae: 0.055269, r2: 0.708928, val_loss: 0.006407, val_mae: 0.056899, val_r2: 0.691540
2024-05-22 17:20:29 Epoch 6: lr=0.0001
2024-05-22 17:21:40 [Epoch: 6] loss: 0.005983, mae: 0.054736, r2: 0.714080, val_loss: 0.006345, val_mae: 0.056176, val_r2: 0.694468
2024-05-22 17:21:41 Epoch 7: lr=0.0001
2024-05-22 17:22:52 [Epoch: 7] loss: 0.005909, mae: 0.054422, r2: 0.717481, val_loss: 0.006344, val_mae: 0.056016, val_r2: 0.693648
2024-05-22 17:22:52 Epoch 8: lr=0.0001
2024-05-22 17:24:03 [Epoch: 8] loss: 0.005840, mae: 0.054109, r2: 0.720600, val_loss: 0.006338, val_mae: 0.056464, val_r2: 0.694722
2024-05-22 17:24:04 Epoch 9: lr=0.0001
2024-05-22 17:25:15 [Epoch: 9] loss: 0.005772, mae: 0.053808, r2: 0.723892, val_loss: 0.006290, val_mae: 0.055702, val_r2: 0.699199
2024-05-22 17:25:15 Epoch 10: lr=0.0001
2024-05-22 17:26:26 [Epoch: 10] loss: 0.005714, mae: 0.053555, r2: 0.726632, val_loss: 0.006283, val_mae: 0.055974, val_r2: 0.697814
2024-05-22 17:26:26 Epoch 11: lr=0.0001
2024-05-22 17:27:37 [Epoch: 11] loss: 0.005656, mae: 0.053278, r2: 0.729289, val_loss: 0.006268, val_mae: 0.055238, val_r2: 0.697079
2024-05-22 17:27:37 Epoch 12: lr=0.0001
2024-05-22 17:28:49 [Epoch: 12] loss: 0.005607, mae: 0.053034, r2: 0.731662, val_loss: 0.006241, val_mae: 0.056028, val_r2: 0.698531
2024-05-22 17:28:49 Epoch 13: lr=0.0001
2024-05-22 17:30:01 [Epoch: 13] loss: 0.005538, mae: 0.052744, r2: 0.734917, val_loss: 0.006236, val_mae: 0.055023, val_r2: 0.698959
2024-05-22 17:30:01 Epoch 14: lr=0.0001
2024-05-22 17:31:12 [Epoch: 14] loss: 0.005496, mae: 0.052556, r2: 0.736634, val_loss: 0.006231, val_mae: 0.054881, val_r2: 0.698740
2024-05-22 17:31:12 Epoch 15: lr=5e-05
2024-05-22 17:32:24 [Epoch: 15] loss: 0.005381, mae: 0.051988, r2: 0.742304, val_loss: 0.006194, val_mae: 0.055081, val_r2: 0.700517
2024-05-22 17:32:24 Epoch 16: lr=5e-05
2024-05-22 17:33:35 [Epoch: 16] loss: 0.005343, mae: 0.051805, r2: 0.743781, val_loss: 0.006181, val_mae: 0.055196, val_r2: 0.701591
2024-05-22 17:33:35 Epoch 17: lr=5e-05
2024-05-22 17:34:46 [Epoch: 17] loss: 0.005306, mae: 0.051634, r2: 0.745900, val_loss: 0.006181, val_mae: 0.055270, val_r2: 0.701159
2024-05-22 17:34:47 Epoch 18: lr=5e-05
2024-05-22 17:35:58 [Epoch: 18] loss: 0.005274, mae: 0.051516, r2: 0.746981, val_loss: 0.006161, val_mae: 0.055013, val_r2: 0.703100
2024-05-22 17:35:58 Epoch 19: lr=5e-05
2024-05-22 17:37:09 [Epoch: 19] loss: 0.005251, mae: 0.051377, r2: 0.748021, val_loss: 0.006148, val_mae: 0.054787, val_r2: 0.702556
2024-05-22 17:37:09 Epoch 20: lr=5e-05
2024-05-22 17:38:20 [Epoch: 20] loss: 0.005225, mae: 0.051265, r2: 0.749398, val_loss: 0.006141, val_mae: 0.054980, val_r2: 0.702905
2024-05-22 17:38:20 Epoch 21: lr=5e-05
2024-05-22 17:39:31 [Epoch: 21] loss: 0.005198, mae: 0.051137, r2: 0.750536, val_loss: 0.006142, val_mae: 0.054614, val_r2: 0.703075
2024-05-22 17:39:31 Epoch 22: lr=2.5e-05
2024-05-22 17:40:43 [Epoch: 22] loss: 0.005145, mae: 0.050848, r2: 0.752989, val_loss: 0.006134, val_mae: 0.054667, val_r2: 0.703437
2024-05-22 17:40:43 Epoch 23: lr=2.5e-05
2024-05-22 17:41:54 [Epoch: 23] loss: 0.005118, mae: 0.050750, r2: 0.754275, val_loss: 0.006145, val_mae: 0.054688, val_r2: 0.703105
2024-05-22 17:41:55 Epoch 24: lr=2.5e-05
2024-05-22 17:43:06 [Epoch: 24] loss: 0.005104, mae: 0.050692, r2: 0.754902, val_loss: 0.006121, val_mae: 0.054548, val_r2: 0.703321
2024-05-22 17:43:06 Epoch 25: lr=2.5e-05
2024-05-22 17:44:17 [Epoch: 25] loss: 0.005089, mae: 0.050609, r2: 0.755506, val_loss: 0.006149, val_mae: 0.054394, val_r2: 0.702437
2024-05-22 17:44:17 Epoch 26: lr=2.5e-05
2024-05-22 17:45:29 [Epoch: 26] loss: 0.005080, mae: 0.050573, r2: 0.756098, val_loss: 0.006140, val_mae: 0.054486, val_r2: 0.703358
2024-05-22 17:45:29 Epoch 27: lr=1.25e-05
2024-05-22 17:46:41 [Epoch: 27] loss: 0.005049, mae: 0.050431, r2: 0.757385, val_loss: 0.006160, val_mae: 0.054494, val_r2: 0.702704
2024-05-22 17:46:41 Epoch 28: lr=1.25e-05
2024-05-22 17:47:52 [Epoch: 28] loss: 0.005032, mae: 0.050357, r2: 0.758163, val_loss: 0.006115, val_mae: 0.054543, val_r2: 0.704360
2024-05-22 17:47:52 Epoch 29: lr=1.25e-05
2024-05-22 17:49:04 [Epoch: 29] loss: 0.005027, mae: 0.050321, r2: 0.758428, val_loss: 0.006136, val_mae: 0.054498, val_r2: 0.703241
2024-05-22 17:49:04 Epoch 30: lr=1.25e-05
2024-05-22 17:50:16 [Epoch: 30] loss: 0.005015, mae: 0.050261, r2: 0.759115, val_loss: 0.006139, val_mae: 0.054569, val_r2: 0.703187
2024-05-22 17:50:16 Epoch 31: lr=1.25e-05
2024-05-22 17:51:27 [Epoch: 31] loss: 0.005011, mae: 0.050231, r2: 0.759231, val_loss: 0.006122, val_mae: 0.054588, val_r2: 0.703908
2024-05-22 17:51:28 Epoch 32: lr=1e-05
2024-05-22 17:52:39 [Epoch: 32] loss: 0.004996, mae: 0.050192, r2: 0.759830, val_loss: 0.006118, val_mae: 0.054571, val_r2: 0.703990
2024-05-22 17:52:39 Epoch 33: lr=1e-05
2024-05-22 17:53:50 [Epoch: 33] loss: 0.004988, mae: 0.050111, r2: 0.760422, val_loss: 0.006149, val_mae: 0.054629, val_r2: 0.703112
2024-05-22 17:53:50 Epoch 34: lr=1e-05
2024-05-22 17:55:01 [Epoch: 34] loss: 0.004991, mae: 0.050138, r2: 0.760151, val_loss: 0.006130, val_mae: 0.054810, val_r2: 0.703348
2024-05-22 17:55:01 Epoch 35: lr=1e-05
2024-05-22 17:56:13 [Epoch: 35] loss: 0.004982, mae: 0.050127, r2: 0.760505, val_loss: 0.006128, val_mae: 0.054590, val_r2: 0.704177
2024-05-22 17:56:13 Epoch 36: lr=1e-05
2024-05-22 17:57:25 [Epoch: 36] loss: 0.004975, mae: 0.050090, r2: 0.760877, val_loss: 0.006122, val_mae: 0.054532, val_r2: 0.704411
2024-05-22 17:57:25 Epoch 37: lr=1e-05
2024-05-22 17:58:36 [Epoch: 37] loss: 0.004972, mae: 0.050036, r2: 0.761162, val_loss: 0.006118, val_mae: 0.054466, val_r2: 0.704008
2024-05-22 17:58:36 Epoch 38: lr=1e-05
2024-05-22 17:59:48 [Epoch: 38] loss: 0.004966, mae: 0.050022, r2: 0.761355, val_loss: 0.006130, val_mae: 0.054531, val_r2: 0.703345
2024-05-22 17:59:48 history_length: 39
2024-05-22 17:59:48 stopping: early
2024-05-22 17:59:48 Comparing y_true and y_pred:
2024-05-22 17:59:48   mse: 0.00290992
2024-05-22 17:59:48   mae: 0.04075579
2024-05-22 17:59:48   r2: -0.17003660
2024-05-22 17:59:48   corr: 0.05754287
