2024-05-22 17:13:02 UNO RUN ...
2024-05-22 17:13:02 Params: {'model_name': 'uno', 'train_sources': ['CCLE'], 'test_sources': ['train'], 'cell_types': None, 'cell_features': ['rnaseq'], 'drug_features': ['descriptors'], 'dense': [1000, 1000, 1000, 1000, 1000], 'dense_feature_layers': [1000, 1000, 1000], 'activation': 'relu', 'loss': 'mse', 'optimizer': 'adamax', 'scaling': 'std', 'dropout': 0.1, 'epochs': 50, 'batch_size': 32, 'val_split': 0.2, 'cv': 1, 'max_val_loss': 1.0, 'learning_rate': 0.0001, 'base_lr': None, 'agg_dose': 'AUC', 'residual': False, 'reduce_lr': True, 'warmup_lr': True, 'batch_normalization': False, 'feature_subsample': 0, 'rng_seed': 2018, 'no_gen': False, 'verbose': False, 'preprocess_rnaseq': 'source_scale', 'gpus': [0], 'use_landmark_genes': True, 'no_feature_source': True, 'no_response_source': True, 'save_path': '/dev/shm/Uno/save/9000841.amn-0001/116', 'single': True, 'on_memory_loader': True, 'ckpt_checksum': True, 'ckpt_save_interval': 0, 'timeout': -1, 'train_bool': True, 'profiling': False, 'experiment_id': '9000841.amn-0001', 'run_id': '116', 'logfile': '/dev/shm/Uno/save/9000841.amn-0001/116/python.log', 'shuffle': False, 'ckpt_restart_mode': 'off', 'ckpt_skip_epochs': 0, 'ckpt_directory': '/dev/shm/Uno/save/9000841.amn-0001/116', 'ckpt_save_best': True, 'ckpt_save_best_metric': 'val_loss', 'ckpt_save_weights_only': False, 'ckpt_keep_mode': 'linear', 'ckpt_keep_limit': 5, 'by_cell': None, 'by_drug': None, 'cell_subset_path': '', 'drug_subset_path': '', 'drug_median_response_min': -1, 'drug_median_response_max': 1, 'dense_cell_feature_layers': None, 'dense_drug_feature_layers': None, 'use_filtered_genes': False, 'feature_subset_path': '', 'cell_feature_subset_path': '', 'drug_feature_subset_path': '', 'es': True, 'cp': False, 'tb': False, 'tb_prefix': 'tb', 'partition_by': None, 'cache': None, 'export_csv': None, 'export_data': None, 'use_exported_data': '/dev/shm/Uno/x1921c4s5b0n0.116.merged.landmark.h5', 'growth_bins': 0, 'initial_weights': None, 'save_weights': '/dev/shm/Uno/save/9000841.amn-0001/116/4.0.model.h5', 'config_file': '/home/brettin/CSC249ADOA01_CNDA/brettin/Benchmarks/Pilot1/Uno/uno_auc_model.txt', 'data_type': <class 'numpy.float32'>, 'data_dir': '/dev/shm/Uno/uno/Data', 'output_dir': '/dev/shm/Uno/uno/Output/9000841.amn-0001/116'}
2024-05-22 17:13:02 Feature encoding submodel for cell.rnaseq:
2024-05-22 17:13:02 Model: "cell.rnaseq"
2024-05-22 17:13:02 _________________________________________________________________
2024-05-22 17:13:02  Layer (type)                Output Shape              Param #   
2024-05-22 17:13:02 =================================================================
2024-05-22 17:13:02  input_1 (InputLayer)        [(None, 958)]             0         
2024-05-22 17:13:02                                                                  
2024-05-22 17:13:02  dense (Dense)               (None, 1000)              959000    
2024-05-22 17:13:02                                                                  
2024-05-22 17:13:02  permanent_dropout (Permane  (None, 1000)              0         
2024-05-22 17:13:02  ntDropout)                                                      
2024-05-22 17:13:02                                                                  
2024-05-22 17:13:02  dense_1 (Dense)             (None, 1000)              1001000   
2024-05-22 17:13:02                                                                  
2024-05-22 17:13:02  permanent_dropout_1 (Perma  (None, 1000)              0         
2024-05-22 17:13:02  nentDropout)                                                    
2024-05-22 17:13:02                                                                  
2024-05-22 17:13:02  dense_2 (Dense)             (None, 1000)              1001000   
2024-05-22 17:13:02                                                                  
2024-05-22 17:13:02  permanent_dropout_2 (Perma  (None, 1000)              0         
2024-05-22 17:13:02  nentDropout)                                                    
2024-05-22 17:13:02                                                                  
2024-05-22 17:13:02 =================================================================
2024-05-22 17:13:02 Total params: 2961000 (11.30 MB)
2024-05-22 17:13:02 Trainable params: 2961000 (11.30 MB)
2024-05-22 17:13:02 Non-trainable params: 0 (0.00 Byte)
2024-05-22 17:13:02 _________________________________________________________________
2024-05-22 17:13:02 Feature encoding submodel for drug.descriptors:
2024-05-22 17:13:02 Model: "drug.descriptors"
2024-05-22 17:13:02 _________________________________________________________________
2024-05-22 17:13:02  Layer (type)                Output Shape              Param #   
2024-05-22 17:13:02 =================================================================
2024-05-22 17:13:02  input_2 (InputLayer)        [(None, 1613)]            0         
2024-05-22 17:13:02                                                                  
2024-05-22 17:13:02  dense_3 (Dense)             (None, 1000)              1614000   
2024-05-22 17:13:02                                                                  
2024-05-22 17:13:02  permanent_dropout_3 (Perma  (None, 1000)              0         
2024-05-22 17:13:02  nentDropout)                                                    
2024-05-22 17:13:02                                                                  
2024-05-22 17:13:02  dense_4 (Dense)             (None, 1000)              1001000   
2024-05-22 17:13:02                                                                  
2024-05-22 17:13:02  permanent_dropout_4 (Perma  (None, 1000)              0         
2024-05-22 17:13:02  nentDropout)                                                    
2024-05-22 17:13:02                                                                  
2024-05-22 17:13:02  dense_5 (Dense)             (None, 1000)              1001000   
2024-05-22 17:13:02                                                                  
2024-05-22 17:13:02  permanent_dropout_5 (Perma  (None, 1000)              0         
2024-05-22 17:13:02  nentDropout)                                                    
2024-05-22 17:13:02                                                                  
2024-05-22 17:13:02 =================================================================
2024-05-22 17:13:02 Total params: 3616000 (13.79 MB)
2024-05-22 17:13:02 Trainable params: 3616000 (13.79 MB)
2024-05-22 17:13:02 Non-trainable params: 0 (0.00 Byte)
2024-05-22 17:13:02 _________________________________________________________________
2024-05-22 17:13:02 Combined model:
2024-05-22 17:13:02 Model: "model"
2024-05-22 17:13:02 __________________________________________________________________________________________________
2024-05-22 17:13:02  Layer (type)                Output Shape                 Param #   Connected to                  
2024-05-22 17:13:02 ==================================================================================================
2024-05-22 17:13:02  input.cell.rnaseq (InputLa  [(None, 958)]                0         []                            
2024-05-22 17:13:02  yer)                                                                                             
2024-05-22 17:13:02                                                                                                   
2024-05-22 17:13:02  input.drug1.descriptors (I  [(None, 1613)]               0         []                            
2024-05-22 17:13:02  nputLayer)                                                                                       
2024-05-22 17:13:02                                                                                                   
2024-05-22 17:13:02  cell.rnaseq (Functional)    (None, 1000)                 2961000   ['input.cell.rnaseq[0][0]']   
2024-05-22 17:13:02                                                                                                   
2024-05-22 17:13:02  drug.descriptors (Function  (None, 1000)                 3616000   ['input.drug1.descriptors[0][0
2024-05-22 17:13:02  al)                                                                ]']                           
2024-05-22 17:13:02                                                                                                   
2024-05-22 17:13:02  concatenate (Concatenate)   (None, 2000)                 0         ['cell.rnaseq[0][0]',         
2024-05-22 17:13:02                                                                      'drug.descriptors[0][0]']    
2024-05-22 17:13:02                                                                                                   
2024-05-22 17:13:02  dense_6 (Dense)             (None, 1000)                 2001000   ['concatenate[0][0]']         
2024-05-22 17:13:02                                                                                                   
2024-05-22 17:13:02  permanent_dropout_6 (Perma  (None, 1000)                 0         ['dense_6[0][0]']             
2024-05-22 17:13:02  nentDropout)                                                                                     
2024-05-22 17:13:02                                                                                                   
2024-05-22 17:13:02  dense_7 (Dense)             (None, 1000)                 1001000   ['permanent_dropout_6[0][0]'] 
2024-05-22 17:13:02                                                                                                   
2024-05-22 17:13:02  permanent_dropout_7 (Perma  (None, 1000)                 0         ['dense_7[0][0]']             
2024-05-22 17:13:02  nentDropout)                                                                                     
2024-05-22 17:13:02                                                                                                   
2024-05-22 17:13:02  dense_8 (Dense)             (None, 1000)                 1001000   ['permanent_dropout_7[0][0]'] 
2024-05-22 17:13:02                                                                                                   
2024-05-22 17:13:02  permanent_dropout_8 (Perma  (None, 1000)                 0         ['dense_8[0][0]']             
2024-05-22 17:13:02  nentDropout)                                                                                     
2024-05-22 17:13:02                                                                                                   
2024-05-22 17:13:02  dense_9 (Dense)             (None, 1000)                 1001000   ['permanent_dropout_8[0][0]'] 
2024-05-22 17:13:02                                                                                                   
2024-05-22 17:13:02  permanent_dropout_9 (Perma  (None, 1000)                 0         ['dense_9[0][0]']             
2024-05-22 17:13:02  nentDropout)                                                                                     
2024-05-22 17:13:02                                                                                                   
2024-05-22 17:13:02  dense_10 (Dense)            (None, 1000)                 1001000   ['permanent_dropout_9[0][0]'] 
2024-05-22 17:13:02                                                                                                   
2024-05-22 17:13:02  permanent_dropout_10 (Perm  (None, 1000)                 0         ['dense_10[0][0]']            
2024-05-22 17:13:02  anentDropout)                                                                                    
2024-05-22 17:13:02                                                                                                   
2024-05-22 17:13:02  dense_11 (Dense)            (None, 1)                    1001      ['permanent_dropout_10[0][0]']
2024-05-22 17:13:02                                                                                                   
2024-05-22 17:13:02 ==================================================================================================
2024-05-22 17:13:02 Total params: 12583001 (48.00 MB)
2024-05-22 17:13:02 Trainable params: 12583001 (48.00 MB)
2024-05-22 17:13:02 Non-trainable params: 0 (0.00 Byte)
2024-05-22 17:13:02 __________________________________________________________________________________________________
2024-05-22 17:13:03 CKPT CONSTRUCT...
2024-05-22 17:13:03 CKPT CONSTRUCT OK.
2024-05-22 17:13:03 template model: <keras.src.engine.functional.Functional object at 0x1533a25036a0>
2024-05-22 17:13:04 COMPILE
2024-05-22 17:13:04 Will save weights to: /dev/shm/Uno/save/9000841.amn-0001/116/4.0.model.h5
2024-05-22 17:13:21 Between random pairs in y_val:
2024-05-22 17:13:21   mse: 0.04720274
2024-05-22 17:13:21   mae: 0.15926039
2024-05-22 17:13:21   r2: -1.01264794
2024-05-22 17:13:21   corr: -0.00632397
2024-05-22 17:13:21 Data points per epoch: train = 469600, val = 117401, test = 708
2024-05-22 17:13:21 Steps per epoch: train = 14675, val = 3668, test = 22
2024-05-22 17:13:21 Epoch 0: lr=0.001
2024-05-22 17:14:35 [Epoch: 0] loss: 0.027778, mae: 0.079429, r2: -0.276136, val_loss: 0.008422, val_mae: 0.065845, val_r2: 0.589866
2024-05-22 17:14:35 Epoch 1: lr=0.00082
2024-05-22 17:15:48 [Epoch: 1] loss: 0.007979, mae: 0.063853, r2: 0.618126, val_loss: 0.007637, val_mae: 0.061953, val_r2: 0.638075
2024-05-22 17:15:48 Epoch 2: lr=0.00064
2024-05-22 17:17:00 [Epoch: 2] loss: 0.007311, mae: 0.060824, r2: 0.648822, val_loss: 0.007147, val_mae: 0.060217, val_r2: 0.659411
2024-05-22 17:17:00 Epoch 3: lr=0.00046
2024-05-22 17:18:13 [Epoch: 3] loss: 0.006842, mae: 0.058667, r2: 0.670329, val_loss: 0.006782, val_mae: 0.058636, val_r2: 0.673536
2024-05-22 17:18:13 Epoch 4: lr=0.00028
2024-05-22 17:19:25 [Epoch: 4] loss: 0.006447, mae: 0.056895, r2: 0.688797, val_loss: 0.006527, val_mae: 0.056884, val_r2: 0.684587
2024-05-22 17:19:25 Epoch 5: lr=0.0001
2024-05-22 17:20:38 [Epoch: 5] loss: 0.006117, mae: 0.055328, r2: 0.704076, val_loss: 0.006346, val_mae: 0.056430, val_r2: 0.692137
2024-05-22 17:20:38 Epoch 6: lr=0.0001
2024-05-22 17:21:50 [Epoch: 6] loss: 0.006005, mae: 0.054858, r2: 0.709270, val_loss: 0.006304, val_mae: 0.056274, val_r2: 0.694472
2024-05-22 17:21:50 Epoch 7: lr=0.0001
2024-05-22 17:23:03 [Epoch: 7] loss: 0.005923, mae: 0.054468, r2: 0.713022, val_loss: 0.006247, val_mae: 0.055725, val_r2: 0.698515
2024-05-22 17:23:03 Epoch 8: lr=0.0001
2024-05-22 17:24:15 [Epoch: 8] loss: 0.005853, mae: 0.054138, r2: 0.716447, val_loss: 0.006250, val_mae: 0.055207, val_r2: 0.697647
2024-05-22 17:24:15 Epoch 9: lr=0.0001
2024-05-22 17:25:28 [Epoch: 9] loss: 0.005794, mae: 0.053866, r2: 0.719322, val_loss: 0.006191, val_mae: 0.055779, val_r2: 0.700508
2024-05-22 17:25:28 Epoch 10: lr=0.0001
2024-05-22 17:26:40 [Epoch: 10] loss: 0.005724, mae: 0.053557, r2: 0.722423, val_loss: 0.006201, val_mae: 0.055080, val_r2: 0.699073
2024-05-22 17:26:40 Epoch 11: lr=0.0001
2024-05-22 17:27:53 [Epoch: 11] loss: 0.005667, mae: 0.053281, r2: 0.725363, val_loss: 0.006162, val_mae: 0.054777, val_r2: 0.701192
2024-05-22 17:27:53 Epoch 12: lr=0.0001
2024-05-22 17:29:05 [Epoch: 12] loss: 0.005608, mae: 0.053011, r2: 0.728060, val_loss: 0.006132, val_mae: 0.055113, val_r2: 0.703457
2024-05-22 17:29:05 Epoch 13: lr=0.0001
2024-05-22 17:30:18 [Epoch: 13] loss: 0.005555, mae: 0.052789, r2: 0.730438, val_loss: 0.006147, val_mae: 0.054639, val_r2: 0.703357
2024-05-22 17:30:18 Epoch 14: lr=0.0001
2024-05-22 17:31:30 [Epoch: 14] loss: 0.005500, mae: 0.052507, r2: 0.733289, val_loss: 0.006136, val_mae: 0.054581, val_r2: 0.702933
2024-05-22 17:31:30 Epoch 15: lr=5e-05
2024-05-22 17:32:43 [Epoch: 15] loss: 0.005389, mae: 0.052004, r2: 0.738169, val_loss: 0.006059, val_mae: 0.055183, val_r2: 0.706864
2024-05-22 17:32:43 Epoch 16: lr=5e-05
2024-05-22 17:33:56 [Epoch: 16] loss: 0.005348, mae: 0.051811, r2: 0.740255, val_loss: 0.006052, val_mae: 0.054961, val_r2: 0.706371
2024-05-22 17:33:56 Epoch 17: lr=5e-05
2024-05-22 17:35:08 [Epoch: 17] loss: 0.005314, mae: 0.051635, r2: 0.742088, val_loss: 0.006056, val_mae: 0.054567, val_r2: 0.705839
2024-05-22 17:35:08 Epoch 18: lr=5e-05
2024-05-22 17:36:21 [Epoch: 18] loss: 0.005280, mae: 0.051459, r2: 0.743451, val_loss: 0.006032, val_mae: 0.054774, val_r2: 0.707818
2024-05-22 17:36:21 Epoch 19: lr=5e-05
2024-05-22 17:37:33 [Epoch: 19] loss: 0.005255, mae: 0.051374, r2: 0.744814, val_loss: 0.006030, val_mae: 0.054562, val_r2: 0.706577
2024-05-22 17:37:33 Epoch 20: lr=5e-05
2024-05-22 17:38:46 [Epoch: 20] loss: 0.005233, mae: 0.051224, r2: 0.745660, val_loss: 0.006029, val_mae: 0.054215, val_r2: 0.707512
2024-05-22 17:38:46 Epoch 21: lr=2.5e-05
2024-05-22 17:39:58 [Epoch: 21] loss: 0.005178, mae: 0.050976, r2: 0.748408, val_loss: 0.006013, val_mae: 0.054312, val_r2: 0.707626
2024-05-22 17:39:58 Epoch 22: lr=2.5e-05
2024-05-22 17:41:11 [Epoch: 22] loss: 0.005145, mae: 0.050808, r2: 0.749813, val_loss: 0.005999, val_mae: 0.054174, val_r2: 0.709186
2024-05-22 17:41:11 Epoch 23: lr=2.5e-05
2024-05-22 17:42:23 [Epoch: 23] loss: 0.005128, mae: 0.050764, r2: 0.750726, val_loss: 0.006008, val_mae: 0.054382, val_r2: 0.708443
2024-05-22 17:42:23 Epoch 24: lr=2.5e-05
2024-05-22 17:43:36 [Epoch: 24] loss: 0.005126, mae: 0.050748, r2: 0.750813, val_loss: 0.006018, val_mae: 0.054154, val_r2: 0.708005
2024-05-22 17:43:36 Epoch 25: lr=2.5e-05
2024-05-22 17:44:49 [Epoch: 25] loss: 0.005109, mae: 0.050658, r2: 0.751759, val_loss: 0.005996, val_mae: 0.054155, val_r2: 0.709151
2024-05-22 17:44:49 Epoch 26: lr=1.25e-05
2024-05-22 17:46:01 [Epoch: 26] loss: 0.005076, mae: 0.050499, r2: 0.753029, val_loss: 0.006016, val_mae: 0.054169, val_r2: 0.708634
2024-05-22 17:46:01 Epoch 27: lr=1.25e-05
2024-05-22 17:47:14 [Epoch: 27] loss: 0.005060, mae: 0.050447, r2: 0.753834, val_loss: 0.006027, val_mae: 0.054188, val_r2: 0.707824
2024-05-22 17:47:14 Epoch 28: lr=1.25e-05
2024-05-22 17:48:26 [Epoch: 28] loss: 0.005056, mae: 0.050393, r2: 0.754148, val_loss: 0.006017, val_mae: 0.054068, val_r2: 0.708167
2024-05-22 17:48:26 Epoch 29: lr=1.25e-05
2024-05-22 17:49:39 [Epoch: 29] loss: 0.005041, mae: 0.050380, r2: 0.754827, val_loss: 0.005997, val_mae: 0.054347, val_r2: 0.708947
2024-05-22 17:49:39 Epoch 30: lr=1.25e-05
2024-05-22 17:50:52 [Epoch: 30] loss: 0.005038, mae: 0.050305, r2: 0.754981, val_loss: 0.005992, val_mae: 0.054202, val_r2: 0.708842
2024-05-22 17:50:52 Epoch 31: lr=1e-05
2024-05-22 17:52:05 [Epoch: 31] loss: 0.005031, mae: 0.050283, r2: 0.755454, val_loss: 0.006017, val_mae: 0.054297, val_r2: 0.707762
2024-05-22 17:52:05 Epoch 32: lr=1e-05
2024-05-22 17:53:18 [Epoch: 32] loss: 0.005009, mae: 0.050215, r2: 0.756136, val_loss: 0.006009, val_mae: 0.054245, val_r2: 0.708761
2024-05-22 17:53:18 Epoch 33: lr=1e-05
2024-05-22 17:54:30 [Epoch: 33] loss: 0.005006, mae: 0.050174, r2: 0.756416, val_loss: 0.005999, val_mae: 0.054239, val_r2: 0.708684
2024-05-22 17:54:30 Epoch 34: lr=1e-05
2024-05-22 17:55:43 [Epoch: 34] loss: 0.005003, mae: 0.050175, r2: 0.756627, val_loss: 0.005992, val_mae: 0.054183, val_r2: 0.709428
2024-05-22 17:55:43 Epoch 35: lr=1e-05
2024-05-22 17:56:55 [Epoch: 35] loss: 0.005008, mae: 0.050171, r2: 0.756599, val_loss: 0.005996, val_mae: 0.054348, val_r2: 0.708737
2024-05-22 17:56:55 Epoch 36: lr=1e-05
2024-05-22 17:58:08 [Epoch: 36] loss: 0.005001, mae: 0.050151, r2: 0.756719, val_loss: 0.006015, val_mae: 0.054345, val_r2: 0.707851
2024-05-22 17:58:08 Epoch 37: lr=1e-05
2024-05-22 17:59:20 [Epoch: 37] loss: 0.004989, mae: 0.050070, r2: 0.757451, val_loss: 0.005994, val_mae: 0.054306, val_r2: 0.709113
2024-05-22 17:59:20 Epoch 38: lr=1e-05
2024-05-22 18:00:33 [Epoch: 38] loss: 0.004977, mae: 0.050046, r2: 0.757836, val_loss: 0.006017, val_mae: 0.054241, val_r2: 0.707899
2024-05-22 18:00:33 Epoch 39: lr=1e-05
2024-05-22 18:01:45 [Epoch: 39] loss: 0.004979, mae: 0.050049, r2: 0.757639, val_loss: 0.006008, val_mae: 0.054126, val_r2: 0.708592
2024-05-22 18:01:45 Epoch 40: lr=1e-05
2024-05-22 18:02:57 [Epoch: 40] loss: 0.004979, mae: 0.050056, r2: 0.757654, val_loss: 0.006016, val_mae: 0.054185, val_r2: 0.708139
2024-05-22 18:02:58 Epoch 41: lr=1e-05
2024-05-22 18:04:10 [Epoch: 41] loss: 0.004970, mae: 0.049993, r2: 0.758149, val_loss: 0.005989, val_mae: 0.054137, val_r2: 0.709378
2024-05-22 18:04:10 Epoch 42: lr=1e-05
2024-05-22 18:05:23 [Epoch: 42] loss: 0.004966, mae: 0.049963, r2: 0.758522, val_loss: 0.006016, val_mae: 0.054072, val_r2: 0.707829
2024-05-22 18:05:23 Epoch 43: lr=1e-05
2024-05-22 18:06:35 [Epoch: 43] loss: 0.004961, mae: 0.049957, r2: 0.758635, val_loss: 0.006009, val_mae: 0.054005, val_r2: 0.708004
2024-05-22 18:06:35 Epoch 44: lr=1e-05
2024-05-22 18:07:47 [Epoch: 44] loss: 0.004964, mae: 0.049943, r2: 0.758361, val_loss: 0.006005, val_mae: 0.054202, val_r2: 0.708641
2024-05-22 18:07:47 Epoch 45: lr=1e-05
2024-05-22 18:08:59 [Epoch: 45] loss: 0.004939, mae: 0.049849, r2: 0.759656, val_loss: 0.006004, val_mae: 0.054192, val_r2: 0.709084
2024-05-22 18:09:00 Epoch 46: lr=1e-05
2024-05-22 18:10:12 [Epoch: 46] loss: 0.004947, mae: 0.049860, r2: 0.759317, val_loss: 0.005998, val_mae: 0.054304, val_r2: 0.709185
2024-05-22 18:10:12 Epoch 47: lr=1e-05
2024-05-22 18:11:25 [Epoch: 47] loss: 0.004940, mae: 0.049845, r2: 0.759750, val_loss: 0.005973, val_mae: 0.054091, val_r2: 0.710159
2024-05-22 18:11:25 Epoch 48: lr=1e-05
2024-05-22 18:12:37 [Epoch: 48] loss: 0.004927, mae: 0.049786, r2: 0.760230, val_loss: 0.006013, val_mae: 0.054005, val_r2: 0.708145
2024-05-22 18:12:37 Epoch 49: lr=1e-05
2024-05-22 18:13:50 [Epoch: 49] loss: 0.004924, mae: 0.049797, r2: 0.760477, val_loss: 0.006015, val_mae: 0.054102, val_r2: 0.708346
2024-05-22 18:13:50 history_length: 50
2024-05-22 18:13:50 stopping: complete
2024-05-22 18:13:50 Comparing y_true and y_pred:
2024-05-22 18:13:50   mse: 0.14229279
2024-05-22 18:13:50   mae: 0.32676719
2024-05-22 18:13:50   r2: -1.95182822
2024-05-22 18:13:50   corr: 0.45289707
