2024-05-22 13:29:36 UNO RUN ...
2024-05-22 13:29:36 Params: {'model_name': 'uno', 'train_sources': ['CCLE'], 'test_sources': ['train'], 'cell_types': None, 'cell_features': ['rnaseq'], 'drug_features': ['descriptors'], 'dense': [1000, 1000, 1000, 1000, 1000], 'dense_feature_layers': [1000, 1000, 1000], 'activation': 'relu', 'loss': 'mse', 'optimizer': 'adamax', 'scaling': 'std', 'dropout': 0.1, 'epochs': 50, 'batch_size': 32, 'val_split': 0.2, 'cv': 1, 'max_val_loss': 1.0, 'learning_rate': 0.0001, 'base_lr': None, 'agg_dose': 'AUC', 'residual': False, 'reduce_lr': True, 'warmup_lr': True, 'batch_normalization': False, 'feature_subsample': 0, 'rng_seed': 2018, 'no_gen': False, 'verbose': False, 'preprocess_rnaseq': 'source_scale', 'gpus': [0], 'use_landmark_genes': True, 'no_feature_source': True, 'no_response_source': True, 'save_path': '/dev/shm/Uno/save/9000732.amn-0001/16', 'single': True, 'on_memory_loader': True, 'ckpt_checksum': True, 'ckpt_save_interval': 0, 'timeout': -1, 'train_bool': True, 'profiling': False, 'experiment_id': '9000732.amn-0001', 'run_id': '16', 'logfile': '/dev/shm/Uno/save/9000732.amn-0001/16/python.log', 'shuffle': False, 'ckpt_restart_mode': 'off', 'ckpt_skip_epochs': 0, 'ckpt_directory': '/dev/shm/Uno/save/9000732.amn-0001/16', 'ckpt_save_best': True, 'ckpt_save_best_metric': 'val_loss', 'ckpt_save_weights_only': False, 'ckpt_keep_mode': 'linear', 'ckpt_keep_limit': 5, 'by_cell': None, 'by_drug': None, 'cell_subset_path': '', 'drug_subset_path': '', 'drug_median_response_min': -1, 'drug_median_response_max': 1, 'dense_cell_feature_layers': None, 'dense_drug_feature_layers': None, 'use_filtered_genes': False, 'feature_subset_path': '', 'cell_feature_subset_path': '', 'drug_feature_subset_path': '', 'es': True, 'cp': False, 'tb': False, 'tb_prefix': 'tb', 'partition_by': None, 'cache': None, 'export_csv': None, 'export_data': None, 'use_exported_data': '/dev/shm/Uno/x1921c2s4b0n0.16.merged.landmark.h5', 'growth_bins': 0, 'initial_weights': None, 'save_weights': '/dev/shm/Uno/save/9000732.amn-0001/16/2.0.model.h5', 'config_file': '/home/brettin/CSC249ADOA01_CNDA/brettin/Benchmarks/Pilot1/Uno/uno_auc_model.txt', 'data_type': <class 'numpy.float32'>, 'data_dir': '/dev/shm/Uno/uno/Data', 'output_dir': '/dev/shm/Uno/uno/Output/9000732.amn-0001/16'}
2024-05-22 13:29:36 Feature encoding submodel for cell.rnaseq:
2024-05-22 13:29:36 Model: "cell.rnaseq"
2024-05-22 13:29:36 _________________________________________________________________
2024-05-22 13:29:36  Layer (type)                Output Shape              Param #   
2024-05-22 13:29:36 =================================================================
2024-05-22 13:29:36  input_1 (InputLayer)        [(None, 958)]             0         
2024-05-22 13:29:36                                                                  
2024-05-22 13:29:36  dense (Dense)               (None, 1000)              959000    
2024-05-22 13:29:36                                                                  
2024-05-22 13:29:36  permanent_dropout (Permane  (None, 1000)              0         
2024-05-22 13:29:36  ntDropout)                                                      
2024-05-22 13:29:36                                                                  
2024-05-22 13:29:36  dense_1 (Dense)             (None, 1000)              1001000   
2024-05-22 13:29:36                                                                  
2024-05-22 13:29:36  permanent_dropout_1 (Perma  (None, 1000)              0         
2024-05-22 13:29:36  nentDropout)                                                    
2024-05-22 13:29:36                                                                  
2024-05-22 13:29:36  dense_2 (Dense)             (None, 1000)              1001000   
2024-05-22 13:29:36                                                                  
2024-05-22 13:29:36  permanent_dropout_2 (Perma  (None, 1000)              0         
2024-05-22 13:29:36  nentDropout)                                                    
2024-05-22 13:29:36                                                                  
2024-05-22 13:29:36 =================================================================
2024-05-22 13:29:36 Total params: 2961000 (11.30 MB)
2024-05-22 13:29:36 Trainable params: 2961000 (11.30 MB)
2024-05-22 13:29:36 Non-trainable params: 0 (0.00 Byte)
2024-05-22 13:29:36 _________________________________________________________________
2024-05-22 13:29:36 Feature encoding submodel for drug.descriptors:
2024-05-22 13:29:36 Model: "drug.descriptors"
2024-05-22 13:29:36 _________________________________________________________________
2024-05-22 13:29:36  Layer (type)                Output Shape              Param #   
2024-05-22 13:29:36 =================================================================
2024-05-22 13:29:36  input_2 (InputLayer)        [(None, 1613)]            0         
2024-05-22 13:29:36                                                                  
2024-05-22 13:29:36  dense_3 (Dense)             (None, 1000)              1614000   
2024-05-22 13:29:36                                                                  
2024-05-22 13:29:36  permanent_dropout_3 (Perma  (None, 1000)              0         
2024-05-22 13:29:36  nentDropout)                                                    
2024-05-22 13:29:36                                                                  
2024-05-22 13:29:36  dense_4 (Dense)             (None, 1000)              1001000   
2024-05-22 13:29:36                                                                  
2024-05-22 13:29:36  permanent_dropout_4 (Perma  (None, 1000)              0         
2024-05-22 13:29:36  nentDropout)                                                    
2024-05-22 13:29:36                                                                  
2024-05-22 13:29:36  dense_5 (Dense)             (None, 1000)              1001000   
2024-05-22 13:29:36                                                                  
2024-05-22 13:29:36  permanent_dropout_5 (Perma  (None, 1000)              0         
2024-05-22 13:29:36  nentDropout)                                                    
2024-05-22 13:29:36                                                                  
2024-05-22 13:29:36 =================================================================
2024-05-22 13:29:36 Total params: 3616000 (13.79 MB)
2024-05-22 13:29:36 Trainable params: 3616000 (13.79 MB)
2024-05-22 13:29:36 Non-trainable params: 0 (0.00 Byte)
2024-05-22 13:29:36 _________________________________________________________________
2024-05-22 13:29:36 Combined model:
2024-05-22 13:29:36 Model: "model"
2024-05-22 13:29:36 __________________________________________________________________________________________________
2024-05-22 13:29:36  Layer (type)                Output Shape                 Param #   Connected to                  
2024-05-22 13:29:36 ==================================================================================================
2024-05-22 13:29:36  input.cell.rnaseq (InputLa  [(None, 958)]                0         []                            
2024-05-22 13:29:36  yer)                                                                                             
2024-05-22 13:29:36                                                                                                   
2024-05-22 13:29:36  input.drug1.descriptors (I  [(None, 1613)]               0         []                            
2024-05-22 13:29:36  nputLayer)                                                                                       
2024-05-22 13:29:36                                                                                                   
2024-05-22 13:29:36  cell.rnaseq (Functional)    (None, 1000)                 2961000   ['input.cell.rnaseq[0][0]']   
2024-05-22 13:29:36                                                                                                   
2024-05-22 13:29:36  drug.descriptors (Function  (None, 1000)                 3616000   ['input.drug1.descriptors[0][0
2024-05-22 13:29:36  al)                                                                ]']                           
2024-05-22 13:29:36                                                                                                   
2024-05-22 13:29:36  concatenate (Concatenate)   (None, 2000)                 0         ['cell.rnaseq[0][0]',         
2024-05-22 13:29:36                                                                      'drug.descriptors[0][0]']    
2024-05-22 13:29:36                                                                                                   
2024-05-22 13:29:36  dense_6 (Dense)             (None, 1000)                 2001000   ['concatenate[0][0]']         
2024-05-22 13:29:36                                                                                                   
2024-05-22 13:29:36  permanent_dropout_6 (Perma  (None, 1000)                 0         ['dense_6[0][0]']             
2024-05-22 13:29:36  nentDropout)                                                                                     
2024-05-22 13:29:36                                                                                                   
2024-05-22 13:29:36  dense_7 (Dense)             (None, 1000)                 1001000   ['permanent_dropout_6[0][0]'] 
2024-05-22 13:29:36                                                                                                   
2024-05-22 13:29:36  permanent_dropout_7 (Perma  (None, 1000)                 0         ['dense_7[0][0]']             
2024-05-22 13:29:36  nentDropout)                                                                                     
2024-05-22 13:29:36                                                                                                   
2024-05-22 13:29:36  dense_8 (Dense)             (None, 1000)                 1001000   ['permanent_dropout_7[0][0]'] 
2024-05-22 13:29:36                                                                                                   
2024-05-22 13:29:36  permanent_dropout_8 (Perma  (None, 1000)                 0         ['dense_8[0][0]']             
2024-05-22 13:29:36  nentDropout)                                                                                     
2024-05-22 13:29:36                                                                                                   
2024-05-22 13:29:36  dense_9 (Dense)             (None, 1000)                 1001000   ['permanent_dropout_8[0][0]'] 
2024-05-22 13:29:36                                                                                                   
2024-05-22 13:29:36  permanent_dropout_9 (Perma  (None, 1000)                 0         ['dense_9[0][0]']             
2024-05-22 13:29:36  nentDropout)                                                                                     
2024-05-22 13:29:36                                                                                                   
2024-05-22 13:29:36  dense_10 (Dense)            (None, 1000)                 1001000   ['permanent_dropout_9[0][0]'] 
2024-05-22 13:29:36                                                                                                   
2024-05-22 13:29:36  permanent_dropout_10 (Perm  (None, 1000)                 0         ['dense_10[0][0]']            
2024-05-22 13:29:36  anentDropout)                                                                                    
2024-05-22 13:29:36                                                                                                   
2024-05-22 13:29:36  dense_11 (Dense)            (None, 1)                    1001      ['permanent_dropout_10[0][0]']
2024-05-22 13:29:36                                                                                                   
2024-05-22 13:29:36 ==================================================================================================
2024-05-22 13:29:36 Total params: 12583001 (48.00 MB)
2024-05-22 13:29:36 Trainable params: 12583001 (48.00 MB)
2024-05-22 13:29:36 Non-trainable params: 0 (0.00 Byte)
2024-05-22 13:29:36 __________________________________________________________________________________________________
2024-05-22 13:29:37 CKPT CONSTRUCT...
2024-05-22 13:29:37 CKPT CONSTRUCT OK.
2024-05-22 13:29:37 template model: <keras.src.engine.functional.Functional object at 0x1521e12cc790>
2024-05-22 13:29:38 COMPILE
2024-05-22 13:29:38 Will save weights to: /dev/shm/Uno/save/9000732.amn-0001/16/2.0.model.h5
2024-05-22 13:29:55 Between random pairs in y_val:
2024-05-22 13:29:55   mse: 0.04796829
2024-05-22 13:29:55   mae: 0.16060080
2024-05-22 13:29:55   r2: -1.00772376
2024-05-22 13:29:55   corr: -0.00386188
2024-05-22 13:29:55 Data points per epoch: train = 469620, val = 117406, test = 683
2024-05-22 13:29:55 Steps per epoch: train = 14675, val = 3668, test = 21
2024-05-22 13:29:55 Epoch 0: lr=0.001
2024-05-22 13:31:09 [Epoch: 0] loss: 0.025527, mae: 0.079918, r2: 0.086961, val_loss: 0.008848, val_mae: 0.066989, val_r2: 0.589947
2024-05-22 13:31:09 Epoch 1: lr=0.00082
2024-05-22 13:32:22 [Epoch: 1] loss: 0.008002, mae: 0.063979, r2: 0.621473, val_loss: 0.007716, val_mae: 0.062647, val_r2: 0.631037
2024-05-22 13:32:22 Epoch 2: lr=0.00064
2024-05-22 13:33:34 [Epoch: 2] loss: 0.007318, mae: 0.060822, r2: 0.652791, val_loss: 0.007352, val_mae: 0.060234, val_r2: 0.655005
2024-05-22 13:33:35 Epoch 3: lr=0.00046
2024-05-22 13:34:47 [Epoch: 3] loss: 0.006829, mae: 0.058625, r2: 0.675195, val_loss: 0.006926, val_mae: 0.058230, val_r2: 0.670576
2024-05-22 13:34:47 Epoch 4: lr=0.00028
2024-05-22 13:36:00 [Epoch: 4] loss: 0.006434, mae: 0.056799, r2: 0.693028, val_loss: 0.006636, val_mae: 0.057646, val_r2: 0.684236
2024-05-22 13:36:00 Epoch 5: lr=0.0001
2024-05-22 13:37:12 [Epoch: 5] loss: 0.006091, mae: 0.055247, r2: 0.708882, val_loss: 0.006430, val_mae: 0.056484, val_r2: 0.693851
2024-05-22 13:37:12 Epoch 6: lr=0.0001
2024-05-22 13:38:25 [Epoch: 6] loss: 0.005985, mae: 0.054724, r2: 0.713863, val_loss: 0.006438, val_mae: 0.056144, val_r2: 0.693199
2024-05-22 13:38:25 Epoch 7: lr=0.0001
2024-05-22 13:39:38 [Epoch: 7] loss: 0.005908, mae: 0.054382, r2: 0.717508, val_loss: 0.006397, val_mae: 0.056669, val_r2: 0.694150
2024-05-22 13:39:38 Epoch 8: lr=0.0001
2024-05-22 13:40:50 [Epoch: 8] loss: 0.005836, mae: 0.054051, r2: 0.720831, val_loss: 0.006393, val_mae: 0.056607, val_r2: 0.693820
2024-05-22 13:40:50 Epoch 9: lr=0.0001
2024-05-22 13:42:03 [Epoch: 9] loss: 0.005771, mae: 0.053752, r2: 0.723857, val_loss: 0.006332, val_mae: 0.055698, val_r2: 0.697951
2024-05-22 13:42:03 Epoch 10: lr=0.0001
2024-05-22 13:43:16 [Epoch: 10] loss: 0.005712, mae: 0.053546, r2: 0.726772, val_loss: 0.006332, val_mae: 0.055911, val_r2: 0.698028
2024-05-22 13:43:16 Epoch 11: lr=5e-05
2024-05-22 13:44:28 [Epoch: 11] loss: 0.005592, mae: 0.052965, r2: 0.732230, val_loss: 0.006309, val_mae: 0.055537, val_r2: 0.698694
2024-05-22 13:44:29 Epoch 12: lr=5e-05
2024-05-22 13:45:41 [Epoch: 12] loss: 0.005557, mae: 0.052786, r2: 0.733930, val_loss: 0.006291, val_mae: 0.055764, val_r2: 0.698285
2024-05-22 13:45:41 Epoch 13: lr=5e-05
2024-05-22 13:46:53 [Epoch: 13] loss: 0.005516, mae: 0.052573, r2: 0.735799, val_loss: 0.006248, val_mae: 0.055562, val_r2: 0.701781
2024-05-22 13:46:54 Epoch 14: lr=5e-05
2024-05-22 13:48:06 [Epoch: 14] loss: 0.005484, mae: 0.052466, r2: 0.737032, val_loss: 0.006268, val_mae: 0.055430, val_r2: 0.700874
2024-05-22 13:48:06 Epoch 15: lr=5e-05
2024-05-22 13:49:19 [Epoch: 15] loss: 0.005454, mae: 0.052320, r2: 0.738402, val_loss: 0.006239, val_mae: 0.055400, val_r2: 0.701981
2024-05-22 13:49:19 Epoch 16: lr=5e-05
2024-05-22 13:50:31 [Epoch: 16] loss: 0.005420, mae: 0.052146, r2: 0.740204, val_loss: 0.006229, val_mae: 0.055314, val_r2: 0.702636
2024-05-22 13:50:31 Epoch 17: lr=2.5e-05
2024-05-22 13:51:44 [Epoch: 17] loss: 0.005353, mae: 0.051831, r2: 0.743129, val_loss: 0.006234, val_mae: 0.055334, val_r2: 0.702304
2024-05-22 13:51:44 Epoch 18: lr=2.5e-05
2024-05-22 13:52:57 [Epoch: 18] loss: 0.005333, mae: 0.051762, r2: 0.744201, val_loss: 0.006243, val_mae: 0.055489, val_r2: 0.701605
2024-05-22 13:52:57 Epoch 19: lr=2.5e-05
2024-05-22 13:54:09 [Epoch: 19] loss: 0.005323, mae: 0.051719, r2: 0.744548, val_loss: 0.006230, val_mae: 0.055072, val_r2: 0.702413
2024-05-22 13:54:10 Epoch 20: lr=2.5e-05
2024-05-22 13:55:22 [Epoch: 20] loss: 0.005302, mae: 0.051651, r2: 0.745781, val_loss: 0.006228, val_mae: 0.055291, val_r2: 0.702994
2024-05-22 13:55:22 Epoch 21: lr=2.5e-05
2024-05-22 13:56:35 [Epoch: 21] loss: 0.005278, mae: 0.051516, r2: 0.746813, val_loss: 0.006227, val_mae: 0.055186, val_r2: 0.702653
2024-05-22 13:56:35 Epoch 22: lr=1.25e-05
2024-05-22 13:57:47 [Epoch: 22] loss: 0.005251, mae: 0.051395, r2: 0.748019, val_loss: 0.006209, val_mae: 0.055047, val_r2: 0.703884
2024-05-22 13:57:47 Epoch 23: lr=1.25e-05
2024-05-22 13:59:00 [Epoch: 23] loss: 0.005243, mae: 0.051356, r2: 0.748429, val_loss: 0.006215, val_mae: 0.055274, val_r2: 0.703202
2024-05-22 13:59:00 Epoch 24: lr=1.25e-05
2024-05-22 14:00:13 [Epoch: 24] loss: 0.005243, mae: 0.051361, r2: 0.748215, val_loss: 0.006222, val_mae: 0.055271, val_r2: 0.702855
2024-05-22 14:00:13 Epoch 25: lr=1.25e-05
2024-05-22 14:01:26 [Epoch: 25] loss: 0.005226, mae: 0.051262, r2: 0.749078, val_loss: 0.006215, val_mae: 0.055450, val_r2: 0.702768
2024-05-22 14:01:26 Epoch 26: lr=1.25e-05
2024-05-22 14:02:38 [Epoch: 26] loss: 0.005212, mae: 0.051213, r2: 0.749855, val_loss: 0.006221, val_mae: 0.055033, val_r2: 0.702839
2024-05-22 14:02:38 Epoch 27: lr=1.25e-05
2024-05-22 14:03:51 [Epoch: 27] loss: 0.005220, mae: 0.051211, r2: 0.749606, val_loss: 0.006201, val_mae: 0.055136, val_r2: 0.703379
2024-05-22 14:03:51 Epoch 28: lr=1e-05
2024-05-22 14:05:04 [Epoch: 28] loss: 0.005195, mae: 0.051126, r2: 0.750932, val_loss: 0.006225, val_mae: 0.055132, val_r2: 0.702248
2024-05-22 14:05:04 Epoch 29: lr=1e-05
2024-05-22 14:06:16 [Epoch: 29] loss: 0.005192, mae: 0.051099, r2: 0.750595, val_loss: 0.006205, val_mae: 0.054997, val_r2: 0.702912
2024-05-22 14:06:16 Epoch 30: lr=1e-05
2024-05-22 14:07:29 [Epoch: 30] loss: 0.005192, mae: 0.051112, r2: 0.750789, val_loss: 0.006239, val_mae: 0.055252, val_r2: 0.701812
2024-05-22 14:07:29 Epoch 31: lr=1e-05
2024-05-22 14:08:42 [Epoch: 31] loss: 0.005183, mae: 0.051060, r2: 0.751032, val_loss: 0.006221, val_mae: 0.055191, val_r2: 0.703052
2024-05-22 14:08:42 Epoch 32: lr=1e-05
2024-05-22 14:09:54 [Epoch: 32] loss: 0.005188, mae: 0.051067, r2: 0.750931, val_loss: 0.006212, val_mae: 0.055031, val_r2: 0.704012
2024-05-22 14:09:55 Epoch 33: lr=1e-05
2024-05-22 14:11:07 [Epoch: 33] loss: 0.005169, mae: 0.051013, r2: 0.751924, val_loss: 0.006225, val_mae: 0.054918, val_r2: 0.702519
2024-05-22 14:11:07 Epoch 34: lr=1e-05
2024-05-22 14:12:20 [Epoch: 34] loss: 0.005165, mae: 0.050994, r2: 0.752230, val_loss: 0.006201, val_mae: 0.055091, val_r2: 0.703918
2024-05-22 14:12:20 Epoch 35: lr=1e-05
2024-05-22 14:13:32 [Epoch: 35] loss: 0.005152, mae: 0.050903, r2: 0.752554, val_loss: 0.006207, val_mae: 0.055081, val_r2: 0.704158
2024-05-22 14:13:33 Epoch 36: lr=1e-05
2024-05-22 14:14:45 [Epoch: 36] loss: 0.005147, mae: 0.050928, r2: 0.752848, val_loss: 0.006203, val_mae: 0.054998, val_r2: 0.703887
2024-05-22 14:14:45 Epoch 37: lr=1e-05
2024-05-22 14:15:57 [Epoch: 37] loss: 0.005143, mae: 0.050873, r2: 0.753011, val_loss: 0.006221, val_mae: 0.055049, val_r2: 0.702908
2024-05-22 14:15:58 history_length: 38
2024-05-22 14:15:58 stopping: early
2024-05-22 14:15:58 Comparing y_true and y_pred:
2024-05-22 14:15:58   mse: 0.01631110
2024-05-22 14:15:58   mae: 0.10880708
2024-05-22 14:15:58   r2: -2.52308960
2024-05-22 14:15:58   corr: 0.09842025
