2024-04-29 10:35:23 UNO RUN ...
2024-04-29 10:35:23 Params: {'model_name': 'uno', 'train_sources': ['CCLE'], 'test_sources': ['train'], 'cell_types': None, 'cell_features': ['rnaseq'], 'drug_features': ['descriptors'], 'dense': [1000, 1000, 1000, 1000, 1000], 'dense_feature_layers': [1000, 1000, 1000], 'activation': 'relu', 'loss': 'mse', 'optimizer': 'adamax', 'scaling': 'std', 'dropout': 0.1, 'epochs': 30, 'batch_size': 32, 'val_split': 0.2, 'cv': 1, 'max_val_loss': 1.0, 'learning_rate': 0.0001, 'base_lr': None, 'agg_dose': 'AUC', 'residual': False, 'reduce_lr': True, 'warmup_lr': True, 'batch_normalization': False, 'feature_subsample': 0, 'rng_seed': 2018, 'no_gen': False, 'verbose': False, 'preprocess_rnaseq': 'source_scale', 'gpus': [0], 'use_landmark_genes': True, 'no_feature_source': True, 'no_response_source': True, 'save_path': '/dev/shm/Uno/save/8994056.amn-0001/209', 'single': True, 'on_memory_loader': True, 'ckpt_checksum': True, 'ckpt_save_interval': 0, 'timeout': -1, 'train_bool': True, 'profiling': False, 'experiment_id': '8994056.amn-0001', 'run_id': '209', 'logfile': '/dev/shm/Uno/save/8994056.amn-0001/209/python.log', 'shuffle': False, 'ckpt_restart_mode': 'off', 'ckpt_skip_epochs': 0, 'ckpt_directory': '/dev/shm/Uno/save/8994056.amn-0001/209', 'ckpt_save_best': True, 'ckpt_save_best_metric': 'val_loss', 'ckpt_save_weights_only': False, 'ckpt_keep_mode': 'linear', 'ckpt_keep_limit': 5, 'by_cell': None, 'by_drug': None, 'cell_subset_path': '', 'drug_subset_path': '', 'drug_median_response_min': -1, 'drug_median_response_max': 1, 'dense_cell_feature_layers': None, 'dense_drug_feature_layers': None, 'use_filtered_genes': False, 'feature_subset_path': '', 'cell_feature_subset_path': '', 'drug_feature_subset_path': '', 'es': True, 'cp': False, 'tb': False, 'tb_prefix': 'tb', 'partition_by': None, 'cache': None, 'export_csv': None, 'export_data': None, 'use_exported_data': '/dev/shm/Uno/x1922c1s0b0n0.209.merged.landmark.h5', 'growth_bins': 0, 'initial_weights': None, 'save_weights': '/dev/shm/Uno/save/8994056.amn-0001/209/2.1.model.h5', 'config_file': '/home/brettin/CSC249ADOA01_CNDA/brettin/Benchmarks/Pilot1/Uno/uno_auc_model.txt', 'data_type': <class 'numpy.float32'>, 'data_dir': '/dev/shm/Uno/uno/Data', 'output_dir': '/dev/shm/Uno/uno/Output/8994056.amn-0001/209'}
2024-04-29 10:35:24 Feature encoding submodel for cell.rnaseq:
2024-04-29 10:35:24 Model: "cell.rnaseq"
2024-04-29 10:35:24 _________________________________________________________________
2024-04-29 10:35:24  Layer (type)                Output Shape              Param #   
2024-04-29 10:35:24 =================================================================
2024-04-29 10:35:24  input_1 (InputLayer)        [(None, 958)]             0         
2024-04-29 10:35:24                                                                  
2024-04-29 10:35:24  dense (Dense)               (None, 1000)              959000    
2024-04-29 10:35:24                                                                  
2024-04-29 10:35:24  permanent_dropout (Permane  (None, 1000)              0         
2024-04-29 10:35:24  ntDropout)                                                      
2024-04-29 10:35:24                                                                  
2024-04-29 10:35:24  dense_1 (Dense)             (None, 1000)              1001000   
2024-04-29 10:35:24                                                                  
2024-04-29 10:35:24  permanent_dropout_1 (Perma  (None, 1000)              0         
2024-04-29 10:35:24  nentDropout)                                                    
2024-04-29 10:35:24                                                                  
2024-04-29 10:35:24  dense_2 (Dense)             (None, 1000)              1001000   
2024-04-29 10:35:24                                                                  
2024-04-29 10:35:24  permanent_dropout_2 (Perma  (None, 1000)              0         
2024-04-29 10:35:24  nentDropout)                                                    
2024-04-29 10:35:24                                                                  
2024-04-29 10:35:24 =================================================================
2024-04-29 10:35:24 Total params: 2961000 (11.30 MB)
2024-04-29 10:35:24 Trainable params: 2961000 (11.30 MB)
2024-04-29 10:35:24 Non-trainable params: 0 (0.00 Byte)
2024-04-29 10:35:24 _________________________________________________________________
2024-04-29 10:35:24 Feature encoding submodel for drug.descriptors:
2024-04-29 10:35:24 Model: "drug.descriptors"
2024-04-29 10:35:24 _________________________________________________________________
2024-04-29 10:35:24  Layer (type)                Output Shape              Param #   
2024-04-29 10:35:24 =================================================================
2024-04-29 10:35:24  input_2 (InputLayer)        [(None, 1613)]            0         
2024-04-29 10:35:24                                                                  
2024-04-29 10:35:24  dense_3 (Dense)             (None, 1000)              1614000   
2024-04-29 10:35:24                                                                  
2024-04-29 10:35:24  permanent_dropout_3 (Perma  (None, 1000)              0         
2024-04-29 10:35:24  nentDropout)                                                    
2024-04-29 10:35:24                                                                  
2024-04-29 10:35:24  dense_4 (Dense)             (None, 1000)              1001000   
2024-04-29 10:35:24                                                                  
2024-04-29 10:35:24  permanent_dropout_4 (Perma  (None, 1000)              0         
2024-04-29 10:35:24  nentDropout)                                                    
2024-04-29 10:35:24                                                                  
2024-04-29 10:35:24  dense_5 (Dense)             (None, 1000)              1001000   
2024-04-29 10:35:24                                                                  
2024-04-29 10:35:24  permanent_dropout_5 (Perma  (None, 1000)              0         
2024-04-29 10:35:24  nentDropout)                                                    
2024-04-29 10:35:24                                                                  
2024-04-29 10:35:24 =================================================================
2024-04-29 10:35:24 Total params: 3616000 (13.79 MB)
2024-04-29 10:35:24 Trainable params: 3616000 (13.79 MB)
2024-04-29 10:35:24 Non-trainable params: 0 (0.00 Byte)
2024-04-29 10:35:24 _________________________________________________________________
2024-04-29 10:35:24 Combined model:
2024-04-29 10:35:24 Model: "model"
2024-04-29 10:35:24 __________________________________________________________________________________________________
2024-04-29 10:35:24  Layer (type)                Output Shape                 Param #   Connected to                  
2024-04-29 10:35:24 ==================================================================================================
2024-04-29 10:35:24  input.cell.rnaseq (InputLa  [(None, 958)]                0         []                            
2024-04-29 10:35:24  yer)                                                                                             
2024-04-29 10:35:24                                                                                                   
2024-04-29 10:35:24  input.drug1.descriptors (I  [(None, 1613)]               0         []                            
2024-04-29 10:35:24  nputLayer)                                                                                       
2024-04-29 10:35:24                                                                                                   
2024-04-29 10:35:24  cell.rnaseq (Functional)    (None, 1000)                 2961000   ['input.cell.rnaseq[0][0]']   
2024-04-29 10:35:24                                                                                                   
2024-04-29 10:35:24  drug.descriptors (Function  (None, 1000)                 3616000   ['input.drug1.descriptors[0][0
2024-04-29 10:35:24  al)                                                                ]']                           
2024-04-29 10:35:24                                                                                                   
2024-04-29 10:35:24  concatenate (Concatenate)   (None, 2000)                 0         ['cell.rnaseq[0][0]',         
2024-04-29 10:35:24                                                                      'drug.descriptors[0][0]']    
2024-04-29 10:35:24                                                                                                   
2024-04-29 10:35:24  dense_6 (Dense)             (None, 1000)                 2001000   ['concatenate[0][0]']         
2024-04-29 10:35:24                                                                                                   
2024-04-29 10:35:24  permanent_dropout_6 (Perma  (None, 1000)                 0         ['dense_6[0][0]']             
2024-04-29 10:35:24  nentDropout)                                                                                     
2024-04-29 10:35:24                                                                                                   
2024-04-29 10:35:24  dense_7 (Dense)             (None, 1000)                 1001000   ['permanent_dropout_6[0][0]'] 
2024-04-29 10:35:24                                                                                                   
2024-04-29 10:35:24  permanent_dropout_7 (Perma  (None, 1000)                 0         ['dense_7[0][0]']             
2024-04-29 10:35:24  nentDropout)                                                                                     
2024-04-29 10:35:24                                                                                                   
2024-04-29 10:35:24  dense_8 (Dense)             (None, 1000)                 1001000   ['permanent_dropout_7[0][0]'] 
2024-04-29 10:35:24                                                                                                   
2024-04-29 10:35:24  permanent_dropout_8 (Perma  (None, 1000)                 0         ['dense_8[0][0]']             
2024-04-29 10:35:24  nentDropout)                                                                                     
2024-04-29 10:35:24                                                                                                   
2024-04-29 10:35:24  dense_9 (Dense)             (None, 1000)                 1001000   ['permanent_dropout_8[0][0]'] 
2024-04-29 10:35:24                                                                                                   
2024-04-29 10:35:24  permanent_dropout_9 (Perma  (None, 1000)                 0         ['dense_9[0][0]']             
2024-04-29 10:35:24  nentDropout)                                                                                     
2024-04-29 10:35:24                                                                                                   
2024-04-29 10:35:24  dense_10 (Dense)            (None, 1000)                 1001000   ['permanent_dropout_9[0][0]'] 
2024-04-29 10:35:24                                                                                                   
2024-04-29 10:35:24  permanent_dropout_10 (Perm  (None, 1000)                 0         ['dense_10[0][0]']            
2024-04-29 10:35:24  anentDropout)                                                                                    
2024-04-29 10:35:24                                                                                                   
2024-04-29 10:35:24  dense_11 (Dense)            (None, 1)                    1001      ['permanent_dropout_10[0][0]']
2024-04-29 10:35:24                                                                                                   
2024-04-29 10:35:24 ==================================================================================================
2024-04-29 10:35:24 Total params: 12583001 (48.00 MB)
2024-04-29 10:35:24 Trainable params: 12583001 (48.00 MB)
2024-04-29 10:35:24 Non-trainable params: 0 (0.00 Byte)
2024-04-29 10:35:24 __________________________________________________________________________________________________
2024-04-29 10:35:24 CKPT CONSTRUCT...
2024-04-29 10:35:24 CKPT CONSTRUCT OK.
2024-04-29 10:35:24 template model: <keras.src.engine.functional.Functional object at 0x14cbba96abe0>
2024-04-29 10:35:26 COMPILE
2024-04-29 10:35:26 Will save weights to: /dev/shm/Uno/save/8994056.amn-0001/209/2.1.model.h5
2024-04-29 10:35:43 Between random pairs in y_val:
2024-04-29 10:35:43   mse: 0.04750510
2024-04-29 10:35:43   mae: 0.15941372
2024-04-29 10:35:43   r2: -0.99519541
2024-04-29 10:35:43   corr: 0.00240230
2024-04-29 10:35:43 Data points per epoch: train = 470167, val = 117542, test = 221
2024-04-29 10:35:43 Steps per epoch: train = 14692, val = 3673, test = 6
2024-04-29 10:35:43 Epoch 0: lr=0.001
2024-04-29 10:36:58 [Epoch: 0] loss: 0.024923, mae: 0.079496, r2: 0.055354, val_loss: 0.008611, val_mae: 0.067269, val_r2: 0.592142
2024-04-29 10:36:58 Epoch 1: lr=0.00082
2024-04-29 10:38:12 [Epoch: 1] loss: 0.007978, mae: 0.063884, r2: 0.621876, val_loss: 0.007756, val_mae: 0.062159, val_r2: 0.631718
2024-04-29 10:38:12 Epoch 2: lr=0.00064
2024-04-29 10:39:26 [Epoch: 2] loss: 0.007295, mae: 0.060790, r2: 0.653212, val_loss: 0.007365, val_mae: 0.061067, val_r2: 0.652412
2024-04-29 10:39:26 Epoch 3: lr=0.00046
2024-04-29 10:40:40 [Epoch: 3] loss: 0.006834, mae: 0.058680, r2: 0.674574, val_loss: 0.006954, val_mae: 0.058387, val_r2: 0.667719
2024-04-29 10:40:40 Epoch 4: lr=0.00028
2024-04-29 10:41:54 [Epoch: 4] loss: 0.006443, mae: 0.056838, r2: 0.692230, val_loss: 0.006610, val_mae: 0.057475, val_r2: 0.682976
2024-04-29 10:41:54 Epoch 5: lr=0.0001
2024-04-29 10:43:07 [Epoch: 5] loss: 0.006119, mae: 0.055316, r2: 0.707449, val_loss: 0.006439, val_mae: 0.056524, val_r2: 0.689748
2024-04-29 10:43:07 Epoch 6: lr=0.0001
2024-04-29 10:44:21 [Epoch: 6] loss: 0.006014, mae: 0.054868, r2: 0.712073, val_loss: 0.006462, val_mae: 0.056051, val_r2: 0.688703
2024-04-29 10:44:21 Epoch 7: lr=0.0001
2024-04-29 10:45:35 [Epoch: 7] loss: 0.005924, mae: 0.054439, r2: 0.716229, val_loss: 0.006399, val_mae: 0.056660, val_r2: 0.691939
2024-04-29 10:45:35 Epoch 8: lr=0.0001
2024-04-29 10:46:49 [Epoch: 8] loss: 0.005855, mae: 0.054179, r2: 0.719249, val_loss: 0.006353, val_mae: 0.055823, val_r2: 0.693507
2024-04-29 10:46:49 Epoch 9: lr=0.0001
2024-04-29 10:48:03 [Epoch: 9] loss: 0.005796, mae: 0.053878, r2: 0.722134, val_loss: 0.006332, val_mae: 0.055694, val_r2: 0.696035
2024-04-29 10:48:03 Epoch 10: lr=0.0001
2024-04-29 10:49:17 [Epoch: 10] loss: 0.005731, mae: 0.053597, r2: 0.725087, val_loss: 0.006301, val_mae: 0.055619, val_r2: 0.697748
2024-04-29 10:49:17 Epoch 11: lr=0.0001
2024-04-29 10:50:31 [Epoch: 11] loss: 0.005672, mae: 0.053313, r2: 0.728012, val_loss: 0.006272, val_mae: 0.055601, val_r2: 0.698371
2024-04-29 10:50:31 Epoch 12: lr=0.0001
2024-04-29 10:51:44 [Epoch: 12] loss: 0.005608, mae: 0.053027, r2: 0.730901, val_loss: 0.006279, val_mae: 0.055472, val_r2: 0.697621
2024-04-29 10:51:45 Epoch 13: lr=0.0001
2024-04-29 10:52:58 [Epoch: 13] loss: 0.005562, mae: 0.052852, r2: 0.733112, val_loss: 0.006267, val_mae: 0.056024, val_r2: 0.697438
2024-04-29 10:52:58 Epoch 14: lr=0.0001
2024-04-29 10:54:12 [Epoch: 14] loss: 0.005499, mae: 0.052571, r2: 0.735804, val_loss: 0.006245, val_mae: 0.055026, val_r2: 0.699086
2024-04-29 10:54:12 Epoch 15: lr=5e-05
2024-04-29 10:55:26 [Epoch: 15] loss: 0.005396, mae: 0.052101, r2: 0.740702, val_loss: 0.006193, val_mae: 0.055087, val_r2: 0.701327
2024-04-29 10:55:26 Epoch 16: lr=5e-05
2024-04-29 10:56:40 [Epoch: 16] loss: 0.005343, mae: 0.051833, r2: 0.743240, val_loss: 0.006203, val_mae: 0.055257, val_r2: 0.701231
2024-04-29 10:56:40 Epoch 17: lr=5e-05
2024-04-29 10:57:54 [Epoch: 17] loss: 0.005305, mae: 0.051651, r2: 0.744935, val_loss: 0.006203, val_mae: 0.054884, val_r2: 0.701492
2024-04-29 10:57:54 Epoch 18: lr=5e-05
2024-04-29 10:59:08 [Epoch: 18] loss: 0.005292, mae: 0.051597, r2: 0.745455, val_loss: 0.006203, val_mae: 0.055395, val_r2: 0.700732
2024-04-29 10:59:08 Epoch 19: lr=5e-05
2024-04-29 11:00:21 [Epoch: 19] loss: 0.005262, mae: 0.051412, r2: 0.746829, val_loss: 0.006199, val_mae: 0.054839, val_r2: 0.701441
2024-04-29 11:00:22 Epoch 20: lr=5e-05
2024-04-29 11:01:35 [Epoch: 20] loss: 0.005218, mae: 0.051244, r2: 0.748786, val_loss: 0.006180, val_mae: 0.055156, val_r2: 0.703363
2024-04-29 11:01:35 Epoch 21: lr=2.5e-05
2024-04-29 11:02:49 [Epoch: 21] loss: 0.005161, mae: 0.050957, r2: 0.751513, val_loss: 0.006170, val_mae: 0.054928, val_r2: 0.702600
2024-04-29 11:02:49 Epoch 22: lr=2.5e-05
2024-04-29 11:04:03 [Epoch: 22] loss: 0.005147, mae: 0.050923, r2: 0.752175, val_loss: 0.006198, val_mae: 0.055445, val_r2: 0.701162
2024-04-29 11:04:03 Epoch 23: lr=2.5e-05
2024-04-29 11:05:17 [Epoch: 23] loss: 0.005134, mae: 0.050838, r2: 0.752825, val_loss: 0.006190, val_mae: 0.054743, val_r2: 0.701690
2024-04-29 11:05:17 Epoch 24: lr=2.5e-05
2024-04-29 11:06:31 [Epoch: 24] loss: 0.005110, mae: 0.050699, r2: 0.753830, val_loss: 0.006156, val_mae: 0.054753, val_r2: 0.702881
2024-04-29 11:06:31 Epoch 25: lr=2.5e-05
2024-04-29 11:07:45 [Epoch: 25] loss: 0.005103, mae: 0.050679, r2: 0.754041, val_loss: 0.006185, val_mae: 0.055004, val_r2: 0.701239
2024-04-29 11:07:45 Epoch 26: lr=1.25e-05
2024-04-29 11:08:58 [Epoch: 26] loss: 0.005066, mae: 0.050543, r2: 0.755898, val_loss: 0.006166, val_mae: 0.054547, val_r2: 0.702907
2024-04-29 11:08:58 Epoch 27: lr=1.25e-05
2024-04-29 11:10:12 [Epoch: 27] loss: 0.005062, mae: 0.050483, r2: 0.756121, val_loss: 0.006178, val_mae: 0.054830, val_r2: 0.702044
2024-04-29 11:10:12 Epoch 28: lr=1.25e-05
2024-04-29 11:11:26 [Epoch: 28] loss: 0.005054, mae: 0.050495, r2: 0.756465, val_loss: 0.006184, val_mae: 0.054728, val_r2: 0.701835
2024-04-29 11:11:26 Epoch 29: lr=1.25e-05
2024-04-29 11:12:40 [Epoch: 29] loss: 0.005038, mae: 0.050402, r2: 0.757316, val_loss: 0.006184, val_mae: 0.054912, val_r2: 0.701906
2024-04-29 11:12:40 history_length: 30
2024-04-29 11:12:40 stopping: complete
2024-04-29 11:12:40 Comparing y_true and y_pred:
2024-04-29 11:12:40   mse: 0.00889241
2024-04-29 11:12:40   mae: 0.07135602
2024-04-29 11:12:40   r2: 0.03984617
2024-04-29 11:12:40   corr: 0.20157984
