2024-04-29 10:35:24 UNO RUN ...
2024-04-29 10:35:24 Params: {'model_name': 'uno', 'train_sources': ['CCLE'], 'test_sources': ['train'], 'cell_types': None, 'cell_features': ['rnaseq'], 'drug_features': ['descriptors'], 'dense': [1000, 1000, 1000, 1000, 1000], 'dense_feature_layers': [1000, 1000, 1000], 'activation': 'relu', 'loss': 'mse', 'optimizer': 'adamax', 'scaling': 'std', 'dropout': 0.1, 'epochs': 30, 'batch_size': 32, 'val_split': 0.2, 'cv': 1, 'max_val_loss': 1.0, 'learning_rate': 0.0001, 'base_lr': None, 'agg_dose': 'AUC', 'residual': False, 'reduce_lr': True, 'warmup_lr': True, 'batch_normalization': False, 'feature_subsample': 0, 'rng_seed': 2018, 'no_gen': False, 'verbose': False, 'preprocess_rnaseq': 'source_scale', 'gpus': [0], 'use_landmark_genes': True, 'no_feature_source': True, 'no_response_source': True, 'save_path': '/dev/shm/Uno/save/8994056.amn-0001/68', 'single': True, 'on_memory_loader': True, 'ckpt_checksum': True, 'ckpt_save_interval': 0, 'timeout': -1, 'train_bool': True, 'profiling': False, 'experiment_id': '8994056.amn-0001', 'run_id': '68', 'logfile': '/dev/shm/Uno/save/8994056.amn-0001/68/python.log', 'shuffle': False, 'ckpt_restart_mode': 'off', 'ckpt_skip_epochs': 0, 'ckpt_directory': '/dev/shm/Uno/save/8994056.amn-0001/68', 'ckpt_save_best': True, 'ckpt_save_best_metric': 'val_loss', 'ckpt_save_weights_only': False, 'ckpt_keep_mode': 'linear', 'ckpt_keep_limit': 5, 'by_cell': None, 'by_drug': None, 'cell_subset_path': '', 'drug_subset_path': '', 'drug_median_response_min': -1, 'drug_median_response_max': 1, 'dense_cell_feature_layers': None, 'dense_drug_feature_layers': None, 'use_filtered_genes': False, 'feature_subset_path': '', 'cell_feature_subset_path': '', 'drug_feature_subset_path': '', 'es': True, 'cp': False, 'tb': False, 'tb_prefix': 'tb', 'partition_by': None, 'cache': None, 'export_csv': None, 'export_data': None, 'use_exported_data': '/dev/shm/Uno/x1921c7s3b0n0.68.merged.landmark.h5', 'growth_bins': 0, 'initial_weights': None, 'save_weights': '/dev/shm/Uno/save/8994056.amn-0001/68/4.0.model.h5', 'config_file': '/home/brettin/CSC249ADOA01_CNDA/brettin/Benchmarks/Pilot1/Uno/uno_auc_model.txt', 'data_type': <class 'numpy.float32'>, 'data_dir': '/dev/shm/Uno/uno/Data', 'output_dir': '/dev/shm/Uno/uno/Output/8994056.amn-0001/68'}
2024-04-29 10:35:24 Feature encoding submodel for cell.rnaseq:
2024-04-29 10:35:24 Model: "cell.rnaseq"
2024-04-29 10:35:24 _________________________________________________________________
2024-04-29 10:35:24  Layer (type)                Output Shape              Param #   
2024-04-29 10:35:24 =================================================================
2024-04-29 10:35:24  input_1 (InputLayer)        [(None, 958)]             0         
2024-04-29 10:35:24                                                                  
2024-04-29 10:35:24  dense (Dense)               (None, 1000)              959000    
2024-04-29 10:35:24                                                                  
2024-04-29 10:35:24  permanent_dropout (Permane  (None, 1000)              0         
2024-04-29 10:35:24  ntDropout)                                                      
2024-04-29 10:35:24                                                                  
2024-04-29 10:35:24  dense_1 (Dense)             (None, 1000)              1001000   
2024-04-29 10:35:24                                                                  
2024-04-29 10:35:24  permanent_dropout_1 (Perma  (None, 1000)              0         
2024-04-29 10:35:24  nentDropout)                                                    
2024-04-29 10:35:24                                                                  
2024-04-29 10:35:24  dense_2 (Dense)             (None, 1000)              1001000   
2024-04-29 10:35:24                                                                  
2024-04-29 10:35:24  permanent_dropout_2 (Perma  (None, 1000)              0         
2024-04-29 10:35:24  nentDropout)                                                    
2024-04-29 10:35:24                                                                  
2024-04-29 10:35:24 =================================================================
2024-04-29 10:35:24 Total params: 2961000 (11.30 MB)
2024-04-29 10:35:24 Trainable params: 2961000 (11.30 MB)
2024-04-29 10:35:24 Non-trainable params: 0 (0.00 Byte)
2024-04-29 10:35:24 _________________________________________________________________
2024-04-29 10:35:24 Feature encoding submodel for drug.descriptors:
2024-04-29 10:35:24 Model: "drug.descriptors"
2024-04-29 10:35:24 _________________________________________________________________
2024-04-29 10:35:24  Layer (type)                Output Shape              Param #   
2024-04-29 10:35:24 =================================================================
2024-04-29 10:35:24  input_2 (InputLayer)        [(None, 1613)]            0         
2024-04-29 10:35:24                                                                  
2024-04-29 10:35:24  dense_3 (Dense)             (None, 1000)              1614000   
2024-04-29 10:35:24                                                                  
2024-04-29 10:35:24  permanent_dropout_3 (Perma  (None, 1000)              0         
2024-04-29 10:35:24  nentDropout)                                                    
2024-04-29 10:35:24                                                                  
2024-04-29 10:35:24  dense_4 (Dense)             (None, 1000)              1001000   
2024-04-29 10:35:24                                                                  
2024-04-29 10:35:24  permanent_dropout_4 (Perma  (None, 1000)              0         
2024-04-29 10:35:24  nentDropout)                                                    
2024-04-29 10:35:24                                                                  
2024-04-29 10:35:24  dense_5 (Dense)             (None, 1000)              1001000   
2024-04-29 10:35:24                                                                  
2024-04-29 10:35:24  permanent_dropout_5 (Perma  (None, 1000)              0         
2024-04-29 10:35:24  nentDropout)                                                    
2024-04-29 10:35:24                                                                  
2024-04-29 10:35:24 =================================================================
2024-04-29 10:35:24 Total params: 3616000 (13.79 MB)
2024-04-29 10:35:24 Trainable params: 3616000 (13.79 MB)
2024-04-29 10:35:24 Non-trainable params: 0 (0.00 Byte)
2024-04-29 10:35:24 _________________________________________________________________
2024-04-29 10:35:24 Combined model:
2024-04-29 10:35:24 Model: "model"
2024-04-29 10:35:24 __________________________________________________________________________________________________
2024-04-29 10:35:24  Layer (type)                Output Shape                 Param #   Connected to                  
2024-04-29 10:35:24 ==================================================================================================
2024-04-29 10:35:24  input.cell.rnaseq (InputLa  [(None, 958)]                0         []                            
2024-04-29 10:35:24  yer)                                                                                             
2024-04-29 10:35:24                                                                                                   
2024-04-29 10:35:24  input.drug1.descriptors (I  [(None, 1613)]               0         []                            
2024-04-29 10:35:24  nputLayer)                                                                                       
2024-04-29 10:35:24                                                                                                   
2024-04-29 10:35:24  cell.rnaseq (Functional)    (None, 1000)                 2961000   ['input.cell.rnaseq[0][0]']   
2024-04-29 10:35:24                                                                                                   
2024-04-29 10:35:24  drug.descriptors (Function  (None, 1000)                 3616000   ['input.drug1.descriptors[0][0
2024-04-29 10:35:24  al)                                                                ]']                           
2024-04-29 10:35:24                                                                                                   
2024-04-29 10:35:24  concatenate (Concatenate)   (None, 2000)                 0         ['cell.rnaseq[0][0]',         
2024-04-29 10:35:24                                                                      'drug.descriptors[0][0]']    
2024-04-29 10:35:24                                                                                                   
2024-04-29 10:35:24  dense_6 (Dense)             (None, 1000)                 2001000   ['concatenate[0][0]']         
2024-04-29 10:35:24                                                                                                   
2024-04-29 10:35:24  permanent_dropout_6 (Perma  (None, 1000)                 0         ['dense_6[0][0]']             
2024-04-29 10:35:24  nentDropout)                                                                                     
2024-04-29 10:35:24                                                                                                   
2024-04-29 10:35:24  dense_7 (Dense)             (None, 1000)                 1001000   ['permanent_dropout_6[0][0]'] 
2024-04-29 10:35:24                                                                                                   
2024-04-29 10:35:24  permanent_dropout_7 (Perma  (None, 1000)                 0         ['dense_7[0][0]']             
2024-04-29 10:35:24  nentDropout)                                                                                     
2024-04-29 10:35:24                                                                                                   
2024-04-29 10:35:24  dense_8 (Dense)             (None, 1000)                 1001000   ['permanent_dropout_7[0][0]'] 
2024-04-29 10:35:24                                                                                                   
2024-04-29 10:35:24  permanent_dropout_8 (Perma  (None, 1000)                 0         ['dense_8[0][0]']             
2024-04-29 10:35:24  nentDropout)                                                                                     
2024-04-29 10:35:24                                                                                                   
2024-04-29 10:35:24  dense_9 (Dense)             (None, 1000)                 1001000   ['permanent_dropout_8[0][0]'] 
2024-04-29 10:35:24                                                                                                   
2024-04-29 10:35:24  permanent_dropout_9 (Perma  (None, 1000)                 0         ['dense_9[0][0]']             
2024-04-29 10:35:24  nentDropout)                                                                                     
2024-04-29 10:35:24                                                                                                   
2024-04-29 10:35:24  dense_10 (Dense)            (None, 1000)                 1001000   ['permanent_dropout_9[0][0]'] 
2024-04-29 10:35:24                                                                                                   
2024-04-29 10:35:24  permanent_dropout_10 (Perm  (None, 1000)                 0         ['dense_10[0][0]']            
2024-04-29 10:35:24  anentDropout)                                                                                    
2024-04-29 10:35:24                                                                                                   
2024-04-29 10:35:24  dense_11 (Dense)            (None, 1)                    1001      ['permanent_dropout_10[0][0]']
2024-04-29 10:35:24                                                                                                   
2024-04-29 10:35:24 ==================================================================================================
2024-04-29 10:35:24 Total params: 12583001 (48.00 MB)
2024-04-29 10:35:24 Trainable params: 12583001 (48.00 MB)
2024-04-29 10:35:24 Non-trainable params: 0 (0.00 Byte)
2024-04-29 10:35:24 __________________________________________________________________________________________________
2024-04-29 10:35:24 CKPT CONSTRUCT...
2024-04-29 10:35:24 CKPT CONSTRUCT OK.
2024-04-29 10:35:24 template model: <keras.src.engine.functional.Functional object at 0x153945379c10>
2024-04-29 10:35:26 COMPILE
2024-04-29 10:35:26 Will save weights to: /dev/shm/Uno/save/8994056.amn-0001/68/4.0.model.h5
2024-04-29 10:35:42 Between random pairs in y_val:
2024-04-29 10:35:42   mse: 0.04769736
2024-04-29 10:35:42   mae: 0.15973440
2024-04-29 10:35:42   r2: -1.00888766
2024-04-29 10:35:42   corr: -0.00444383
2024-04-29 10:35:42 Data points per epoch: train = 470167, val = 117542, test = 692
2024-04-29 10:35:42 Steps per epoch: train = 14692, val = 3673, test = 21
2024-04-29 10:35:42 Epoch 0: lr=0.001
2024-04-29 10:36:57 [Epoch: 0] loss: 0.026887, mae: 0.079392, r2: -0.489328, val_loss: 0.008684, val_mae: 0.066215, val_r2: 0.578890
2024-04-29 10:36:58 Epoch 1: lr=0.00082
2024-04-29 10:38:11 [Epoch: 1] loss: 0.008002, mae: 0.063970, r2: 0.620838, val_loss: 0.007843, val_mae: 0.062299, val_r2: 0.625126
2024-04-29 10:38:11 Epoch 2: lr=0.00064
2024-04-29 10:39:25 [Epoch: 2] loss: 0.007306, mae: 0.060815, r2: 0.652716, val_loss: 0.007626, val_mae: 0.063531, val_r2: 0.626353
2024-04-29 10:39:25 Epoch 3: lr=0.00046
2024-04-29 10:40:37 [Epoch: 3] loss: 0.006858, mae: 0.058729, r2: 0.673628, val_loss: 0.006951, val_mae: 0.060064, val_r2: 0.663179
2024-04-29 10:40:38 Epoch 4: lr=0.00028
2024-04-29 10:41:50 [Epoch: 4] loss: 0.006462, mae: 0.056932, r2: 0.691488, val_loss: 0.006732, val_mae: 0.057770, val_r2: 0.677845
2024-04-29 10:41:50 Epoch 5: lr=0.0001
2024-04-29 10:43:04 [Epoch: 5] loss: 0.006128, mae: 0.055370, r2: 0.706984, val_loss: 0.006451, val_mae: 0.056366, val_r2: 0.687499
2024-04-29 10:43:04 Epoch 6: lr=0.0001
2024-04-29 10:44:17 [Epoch: 6] loss: 0.006023, mae: 0.054931, r2: 0.711780, val_loss: 0.006433, val_mae: 0.055816, val_r2: 0.689047
2024-04-29 10:44:18 Epoch 7: lr=0.0001
2024-04-29 10:45:30 [Epoch: 7] loss: 0.005933, mae: 0.054510, r2: 0.715955, val_loss: 0.006378, val_mae: 0.056614, val_r2: 0.691797
2024-04-29 10:45:30 Epoch 8: lr=0.0001
2024-04-29 10:46:43 [Epoch: 8] loss: 0.005858, mae: 0.054191, r2: 0.719281, val_loss: 0.006313, val_mae: 0.055857, val_r2: 0.696007
2024-04-29 10:46:43 Epoch 9: lr=0.0001
2024-04-29 10:47:56 [Epoch: 9] loss: 0.005797, mae: 0.053910, r2: 0.722385, val_loss: 0.006328, val_mae: 0.056658, val_r2: 0.693701
2024-04-29 10:47:57 Epoch 10: lr=0.0001
2024-04-29 10:49:10 [Epoch: 10] loss: 0.005733, mae: 0.053617, r2: 0.725440, val_loss: 0.006260, val_mae: 0.055969, val_r2: 0.697968
2024-04-29 10:49:10 Epoch 11: lr=0.0001
2024-04-29 10:50:23 [Epoch: 11] loss: 0.005668, mae: 0.053329, r2: 0.728232, val_loss: 0.006225, val_mae: 0.055292, val_r2: 0.699384
2024-04-29 10:50:23 Epoch 12: lr=0.0001
2024-04-29 10:51:37 [Epoch: 12] loss: 0.005622, mae: 0.053075, r2: 0.730308, val_loss: 0.006241, val_mae: 0.055010, val_r2: 0.697764
2024-04-29 10:51:37 Epoch 13: lr=0.0001
2024-04-29 10:52:50 [Epoch: 13] loss: 0.005561, mae: 0.052808, r2: 0.733324, val_loss: 0.006222, val_mae: 0.056154, val_r2: 0.698468
2024-04-29 10:52:50 Epoch 14: lr=5e-05
2024-04-29 10:54:03 [Epoch: 14] loss: 0.005436, mae: 0.052216, r2: 0.739329, val_loss: 0.006176, val_mae: 0.055085, val_r2: 0.700776
2024-04-29 10:54:03 Epoch 15: lr=5e-05
2024-04-29 10:55:16 [Epoch: 15] loss: 0.005399, mae: 0.052058, r2: 0.740890, val_loss: 0.006195, val_mae: 0.055260, val_r2: 0.699554
2024-04-29 10:55:16 Epoch 16: lr=5e-05
2024-04-29 10:56:30 [Epoch: 16] loss: 0.005371, mae: 0.051898, r2: 0.742127, val_loss: 0.006168, val_mae: 0.054974, val_r2: 0.700860
2024-04-29 10:56:30 Epoch 17: lr=5e-05
2024-04-29 10:57:43 [Epoch: 17] loss: 0.005329, mae: 0.051740, r2: 0.744226, val_loss: 0.006164, val_mae: 0.055110, val_r2: 0.700750
2024-04-29 10:57:43 Epoch 18: lr=5e-05
2024-04-29 10:58:56 [Epoch: 18] loss: 0.005302, mae: 0.051614, r2: 0.745104, val_loss: 0.006176, val_mae: 0.055129, val_r2: 0.700486
2024-04-29 10:58:56 Epoch 19: lr=5e-05
2024-04-29 11:00:09 [Epoch: 19] loss: 0.005281, mae: 0.051491, r2: 0.746319, val_loss: 0.006154, val_mae: 0.054895, val_r2: 0.701695
2024-04-29 11:00:09 Epoch 20: lr=2.5e-05
2024-04-29 11:01:22 [Epoch: 20] loss: 0.005220, mae: 0.051206, r2: 0.749173, val_loss: 0.006144, val_mae: 0.054730, val_r2: 0.702064
2024-04-29 11:01:22 Epoch 21: lr=2.5e-05
2024-04-29 11:02:35 [Epoch: 21] loss: 0.005201, mae: 0.051167, r2: 0.750078, val_loss: 0.006131, val_mae: 0.054587, val_r2: 0.703229
2024-04-29 11:02:36 Epoch 22: lr=2.5e-05
2024-04-29 11:03:48 [Epoch: 22] loss: 0.005186, mae: 0.051059, r2: 0.750606, val_loss: 0.006126, val_mae: 0.054610, val_r2: 0.703557
2024-04-29 11:03:48 Epoch 23: lr=2.5e-05
2024-04-29 11:05:01 [Epoch: 23] loss: 0.005166, mae: 0.050984, r2: 0.751824, val_loss: 0.006130, val_mae: 0.054794, val_r2: 0.702811
2024-04-29 11:05:01 Epoch 24: lr=2.5e-05
2024-04-29 11:06:14 [Epoch: 24] loss: 0.005163, mae: 0.050915, r2: 0.751840, val_loss: 0.006139, val_mae: 0.054768, val_r2: 0.702980
2024-04-29 11:06:14 Epoch 25: lr=1.25e-05
2024-04-29 11:07:28 [Epoch: 25] loss: 0.005127, mae: 0.050780, r2: 0.753327, val_loss: 0.006114, val_mae: 0.054501, val_r2: 0.703673
2024-04-29 11:07:28 Epoch 26: lr=1.25e-05
2024-04-29 11:08:41 [Epoch: 26] loss: 0.005105, mae: 0.050656, r2: 0.754634, val_loss: 0.006114, val_mae: 0.054612, val_r2: 0.703562
2024-04-29 11:08:42 Epoch 27: lr=1.25e-05
2024-04-29 11:09:55 [Epoch: 27] loss: 0.005104, mae: 0.050655, r2: 0.754397, val_loss: 0.006136, val_mae: 0.054885, val_r2: 0.702465
2024-04-29 11:09:55 Epoch 28: lr=1.25e-05
2024-04-29 11:11:08 [Epoch: 28] loss: 0.005089, mae: 0.050626, r2: 0.755141, val_loss: 0.006115, val_mae: 0.054801, val_r2: 0.703332
2024-04-29 11:11:08 Epoch 29: lr=1.25e-05
2024-04-29 11:12:21 [Epoch: 29] loss: 0.005081, mae: 0.050594, r2: 0.755448, val_loss: 0.006136, val_mae: 0.054708, val_r2: 0.702458
2024-04-29 11:12:22 history_length: 30
2024-04-29 11:12:22 stopping: complete
2024-04-29 11:12:22 Comparing y_true and y_pred:
2024-04-29 11:12:22   mse: 0.00232752
2024-04-29 11:12:22   mae: 0.03648176
2024-04-29 11:12:22   r2: 0.42992954
2024-04-29 11:12:22   corr: 0.66166138
