2024-04-28 23:52:41 UNO RUN ...
2024-04-28 23:52:41 Params: {'model_name': 'uno', 'train_sources': ['CCLE'], 'test_sources': ['train'], 'cell_types': None, 'cell_features': ['rnaseq'], 'drug_features': ['descriptors'], 'dense': [1000, 1000, 1000, 1000, 1000], 'dense_feature_layers': [1000, 1000, 1000], 'activation': 'relu', 'loss': 'mse', 'optimizer': 'adamax', 'scaling': 'std', 'dropout': 0.1, 'epochs': 30, 'batch_size': 32, 'val_split': 0.2, 'cv': 1, 'max_val_loss': 1.0, 'learning_rate': 0.0001, 'base_lr': None, 'agg_dose': 'AUC', 'residual': False, 'reduce_lr': True, 'warmup_lr': True, 'batch_normalization': False, 'feature_subsample': 0, 'rng_seed': 2018, 'no_gen': False, 'verbose': False, 'preprocess_rnaseq': 'source_scale', 'gpus': [0], 'use_landmark_genes': True, 'no_feature_source': True, 'no_response_source': True, 'save_path': '/dev/shm/Uno/save/8994012.amn-0001/1', 'single': True, 'on_memory_loader': True, 'ckpt_checksum': True, 'ckpt_save_interval': 0, 'timeout': -1, 'train_bool': True, 'profiling': False, 'experiment_id': '8994012.amn-0001', 'run_id': '1', 'logfile': '/dev/shm/Uno/save/8994012.amn-0001/1/python.log', 'shuffle': False, 'ckpt_restart_mode': 'off', 'ckpt_skip_epochs': 0, 'ckpt_directory': '/dev/shm/Uno/save/8994012.amn-0001/1', 'ckpt_save_best': True, 'ckpt_save_best_metric': 'val_loss', 'ckpt_save_weights_only': False, 'ckpt_keep_mode': 'linear', 'ckpt_keep_limit': 5, 'by_cell': None, 'by_drug': None, 'cell_subset_path': '', 'drug_subset_path': '', 'drug_median_response_min': -1, 'drug_median_response_max': 1, 'dense_cell_feature_layers': None, 'dense_drug_feature_layers': None, 'use_filtered_genes': False, 'feature_subset_path': '', 'cell_feature_subset_path': '', 'drug_feature_subset_path': '', 'es': True, 'cp': False, 'tb': False, 'tb_prefix': 'tb', 'partition_by': None, 'cache': None, 'export_csv': None, 'export_data': None, 'use_exported_data': '/dev/shm/Uno/x1921c2s2b0n0.1.merged.landmark.h5', 'growth_bins': 0, 'initial_weights': None, 'save_weights': '/dev/shm/Uno/save/8994012.amn-0001/1/0.1.model.h5', 'config_file': '/home/brettin/CSC249ADOA01_CNDA/brettin/Benchmarks/Pilot1/Uno/uno_auc_model.txt', 'data_type': <class 'numpy.float32'>, 'data_dir': '/dev/shm/Uno/uno/Data', 'output_dir': '/dev/shm/Uno/uno/Output/8994012.amn-0001/1'}
2024-04-28 23:52:41 Feature encoding submodel for cell.rnaseq:
2024-04-28 23:52:41 Model: "cell.rnaseq"
2024-04-28 23:52:41 _________________________________________________________________
2024-04-28 23:52:41  Layer (type)                Output Shape              Param #   
2024-04-28 23:52:41 =================================================================
2024-04-28 23:52:41  input_1 (InputLayer)        [(None, 958)]             0         
2024-04-28 23:52:41                                                                  
2024-04-28 23:52:41  dense (Dense)               (None, 1000)              959000    
2024-04-28 23:52:41                                                                  
2024-04-28 23:52:41  permanent_dropout (Permane  (None, 1000)              0         
2024-04-28 23:52:41  ntDropout)                                                      
2024-04-28 23:52:41                                                                  
2024-04-28 23:52:41  dense_1 (Dense)             (None, 1000)              1001000   
2024-04-28 23:52:41                                                                  
2024-04-28 23:52:41  permanent_dropout_1 (Perma  (None, 1000)              0         
2024-04-28 23:52:41  nentDropout)                                                    
2024-04-28 23:52:41                                                                  
2024-04-28 23:52:41  dense_2 (Dense)             (None, 1000)              1001000   
2024-04-28 23:52:41                                                                  
2024-04-28 23:52:41  permanent_dropout_2 (Perma  (None, 1000)              0         
2024-04-28 23:52:41  nentDropout)                                                    
2024-04-28 23:52:41                                                                  
2024-04-28 23:52:41 =================================================================
2024-04-28 23:52:41 Total params: 2961000 (11.30 MB)
2024-04-28 23:52:41 Trainable params: 2961000 (11.30 MB)
2024-04-28 23:52:41 Non-trainable params: 0 (0.00 Byte)
2024-04-28 23:52:41 _________________________________________________________________
2024-04-28 23:52:41 Feature encoding submodel for drug.descriptors:
2024-04-28 23:52:41 Model: "drug.descriptors"
2024-04-28 23:52:41 _________________________________________________________________
2024-04-28 23:52:41  Layer (type)                Output Shape              Param #   
2024-04-28 23:52:41 =================================================================
2024-04-28 23:52:41  input_2 (InputLayer)        [(None, 1613)]            0         
2024-04-28 23:52:41                                                                  
2024-04-28 23:52:41  dense_3 (Dense)             (None, 1000)              1614000   
2024-04-28 23:52:41                                                                  
2024-04-28 23:52:41  permanent_dropout_3 (Perma  (None, 1000)              0         
2024-04-28 23:52:41  nentDropout)                                                    
2024-04-28 23:52:41                                                                  
2024-04-28 23:52:41  dense_4 (Dense)             (None, 1000)              1001000   
2024-04-28 23:52:41                                                                  
2024-04-28 23:52:41  permanent_dropout_4 (Perma  (None, 1000)              0         
2024-04-28 23:52:41  nentDropout)                                                    
2024-04-28 23:52:41                                                                  
2024-04-28 23:52:41  dense_5 (Dense)             (None, 1000)              1001000   
2024-04-28 23:52:41                                                                  
2024-04-28 23:52:41  permanent_dropout_5 (Perma  (None, 1000)              0         
2024-04-28 23:52:41  nentDropout)                                                    
2024-04-28 23:52:41                                                                  
2024-04-28 23:52:41 =================================================================
2024-04-28 23:52:41 Total params: 3616000 (13.79 MB)
2024-04-28 23:52:41 Trainable params: 3616000 (13.79 MB)
2024-04-28 23:52:41 Non-trainable params: 0 (0.00 Byte)
2024-04-28 23:52:41 _________________________________________________________________
2024-04-28 23:52:41 Combined model:
2024-04-28 23:52:41 Model: "model"
2024-04-28 23:52:41 __________________________________________________________________________________________________
2024-04-28 23:52:41  Layer (type)                Output Shape                 Param #   Connected to                  
2024-04-28 23:52:41 ==================================================================================================
2024-04-28 23:52:41  input.cell.rnaseq (InputLa  [(None, 958)]                0         []                            
2024-04-28 23:52:41  yer)                                                                                             
2024-04-28 23:52:41                                                                                                   
2024-04-28 23:52:41  input.drug1.descriptors (I  [(None, 1613)]               0         []                            
2024-04-28 23:52:41  nputLayer)                                                                                       
2024-04-28 23:52:41                                                                                                   
2024-04-28 23:52:41  cell.rnaseq (Functional)    (None, 1000)                 2961000   ['input.cell.rnaseq[0][0]']   
2024-04-28 23:52:41                                                                                                   
2024-04-28 23:52:41  drug.descriptors (Function  (None, 1000)                 3616000   ['input.drug1.descriptors[0][0
2024-04-28 23:52:41  al)                                                                ]']                           
2024-04-28 23:52:41                                                                                                   
2024-04-28 23:52:41  concatenate (Concatenate)   (None, 2000)                 0         ['cell.rnaseq[0][0]',         
2024-04-28 23:52:41                                                                      'drug.descriptors[0][0]']    
2024-04-28 23:52:41                                                                                                   
2024-04-28 23:52:41  dense_6 (Dense)             (None, 1000)                 2001000   ['concatenate[0][0]']         
2024-04-28 23:52:41                                                                                                   
2024-04-28 23:52:41  permanent_dropout_6 (Perma  (None, 1000)                 0         ['dense_6[0][0]']             
2024-04-28 23:52:41  nentDropout)                                                                                     
2024-04-28 23:52:41                                                                                                   
2024-04-28 23:52:41  dense_7 (Dense)             (None, 1000)                 1001000   ['permanent_dropout_6[0][0]'] 
2024-04-28 23:52:41                                                                                                   
2024-04-28 23:52:41  permanent_dropout_7 (Perma  (None, 1000)                 0         ['dense_7[0][0]']             
2024-04-28 23:52:41  nentDropout)                                                                                     
2024-04-28 23:52:41                                                                                                   
2024-04-28 23:52:41  dense_8 (Dense)             (None, 1000)                 1001000   ['permanent_dropout_7[0][0]'] 
2024-04-28 23:52:41                                                                                                   
2024-04-28 23:52:41  permanent_dropout_8 (Perma  (None, 1000)                 0         ['dense_8[0][0]']             
2024-04-28 23:52:41  nentDropout)                                                                                     
2024-04-28 23:52:41                                                                                                   
2024-04-28 23:52:41  dense_9 (Dense)             (None, 1000)                 1001000   ['permanent_dropout_8[0][0]'] 
2024-04-28 23:52:41                                                                                                   
2024-04-28 23:52:41  permanent_dropout_9 (Perma  (None, 1000)                 0         ['dense_9[0][0]']             
2024-04-28 23:52:41  nentDropout)                                                                                     
2024-04-28 23:52:41                                                                                                   
2024-04-28 23:52:41  dense_10 (Dense)            (None, 1000)                 1001000   ['permanent_dropout_9[0][0]'] 
2024-04-28 23:52:41                                                                                                   
2024-04-28 23:52:41  permanent_dropout_10 (Perm  (None, 1000)                 0         ['dense_10[0][0]']            
2024-04-28 23:52:41  anentDropout)                                                                                    
2024-04-28 23:52:41                                                                                                   
2024-04-28 23:52:41  dense_11 (Dense)            (None, 1)                    1001      ['permanent_dropout_10[0][0]']
2024-04-28 23:52:41                                                                                                   
2024-04-28 23:52:41 ==================================================================================================
2024-04-28 23:52:41 Total params: 12583001 (48.00 MB)
2024-04-28 23:52:41 Trainable params: 12583001 (48.00 MB)
2024-04-28 23:52:41 Non-trainable params: 0 (0.00 Byte)
2024-04-28 23:52:41 __________________________________________________________________________________________________
2024-04-28 23:52:41 CKPT CONSTRUCT...
2024-04-28 23:52:41 CKPT CONSTRUCT OK.
2024-04-28 23:52:41 template model: <keras.src.engine.functional.Functional object at 0x15295191b610>
2024-04-28 23:52:43 COMPILE
2024-04-28 23:52:43 Will save weights to: /dev/shm/Uno/save/8994012.amn-0001/1/0.1.model.h5
2024-04-28 23:53:00 Between random pairs in y_val:
2024-04-28 23:53:00   mse: 0.04726386
2024-04-28 23:53:00   mae: 0.15929357
2024-04-28 23:53:00   r2: -0.99306933
2024-04-28 23:53:00   corr: 0.00346533
2024-04-28 23:53:00 Data points per epoch: train = 470167, val = 117542, test = 4337
2024-04-28 23:53:00 Steps per epoch: train = 14692, val = 3673, test = 135
2024-04-28 23:53:00 Epoch 0: lr=0.001
2024-04-28 23:54:12 [Epoch: 0] loss: 0.025973, mae: 0.079700, r2: -0.519772, val_loss: 0.008718, val_mae: 0.066947, val_r2: 0.580743
2024-04-28 23:54:12 Epoch 1: lr=0.00082
2024-04-28 23:55:22 [Epoch: 1] loss: 0.007997, mae: 0.063916, r2: 0.620807, val_loss: 0.007610, val_mae: 0.061182, val_r2: 0.637970
2024-04-28 23:55:22 Epoch 2: lr=0.00064
2024-04-28 23:56:32 [Epoch: 2] loss: 0.007344, mae: 0.060933, r2: 0.650929, val_loss: 0.007113, val_mae: 0.059585, val_r2: 0.658642
2024-04-28 23:56:32 Epoch 3: lr=0.00046
2024-04-28 23:57:42 [Epoch: 3] loss: 0.006871, mae: 0.058863, r2: 0.672538, val_loss: 0.006914, val_mae: 0.058114, val_r2: 0.668274
2024-04-28 23:57:43 Epoch 4: lr=0.00028
2024-04-28 23:58:53 [Epoch: 4] loss: 0.006477, mae: 0.057009, r2: 0.690551, val_loss: 0.006508, val_mae: 0.056586, val_r2: 0.686778
2024-04-28 23:58:53 Epoch 5: lr=0.0001
2024-04-29 00:00:03 [Epoch: 5] loss: 0.006139, mae: 0.055408, r2: 0.705803, val_loss: 0.006341, val_mae: 0.056425, val_r2: 0.696256
2024-04-29 00:00:03 Epoch 6: lr=0.0001
2024-04-29 00:01:13 [Epoch: 6] loss: 0.006034, mae: 0.054948, r2: 0.710540, val_loss: 0.006325, val_mae: 0.056030, val_r2: 0.696370
2024-04-29 00:01:13 Epoch 7: lr=0.0001
2024-04-29 00:02:23 [Epoch: 7] loss: 0.005947, mae: 0.054570, r2: 0.714633, val_loss: 0.006302, val_mae: 0.055697, val_r2: 0.697812
2024-04-29 00:02:23 Epoch 8: lr=0.0001
2024-04-29 00:03:33 [Epoch: 8] loss: 0.005883, mae: 0.054293, r2: 0.717666, val_loss: 0.006252, val_mae: 0.055932, val_r2: 0.700724
2024-04-29 00:03:33 Epoch 9: lr=0.0001
2024-04-29 00:04:43 [Epoch: 9] loss: 0.005820, mae: 0.053990, r2: 0.720519, val_loss: 0.006250, val_mae: 0.056423, val_r2: 0.700630
2024-04-29 00:04:43 Epoch 10: lr=0.0001
2024-04-29 00:05:53 [Epoch: 10] loss: 0.005753, mae: 0.053713, r2: 0.723649, val_loss: 0.006185, val_mae: 0.055206, val_r2: 0.702751
2024-04-29 00:05:53 Epoch 11: lr=0.0001
2024-04-29 00:07:03 [Epoch: 11] loss: 0.005686, mae: 0.053419, r2: 0.726753, val_loss: 0.006175, val_mae: 0.055739, val_r2: 0.703298
2024-04-29 00:07:04 Epoch 12: lr=0.0001
2024-04-29 00:08:14 [Epoch: 12] loss: 0.005627, mae: 0.053145, r2: 0.729519, val_loss: 0.006166, val_mae: 0.055224, val_r2: 0.705044
2024-04-29 00:08:14 Epoch 13: lr=0.0001
2024-04-29 00:09:24 [Epoch: 13] loss: 0.005575, mae: 0.052870, r2: 0.732003, val_loss: 0.006137, val_mae: 0.054981, val_r2: 0.705072
2024-04-29 00:09:24 Epoch 14: lr=0.0001
2024-04-29 00:10:34 [Epoch: 14] loss: 0.005519, mae: 0.052626, r2: 0.734423, val_loss: 0.006089, val_mae: 0.054788, val_r2: 0.707871
2024-04-29 00:10:34 Epoch 15: lr=0.0001
2024-04-29 00:11:44 [Epoch: 15] loss: 0.005463, mae: 0.052352, r2: 0.737020, val_loss: 0.006119, val_mae: 0.054730, val_r2: 0.706960
2024-04-29 00:11:44 Epoch 16: lr=5e-05
2024-04-29 00:12:54 [Epoch: 16] loss: 0.005349, mae: 0.051808, r2: 0.742406, val_loss: 0.006062, val_mae: 0.054748, val_r2: 0.708751
2024-04-29 00:12:55 Epoch 17: lr=5e-05
2024-04-29 00:14:05 [Epoch: 17] loss: 0.005301, mae: 0.051627, r2: 0.744680, val_loss: 0.006073, val_mae: 0.054237, val_r2: 0.708746
2024-04-29 00:14:05 Epoch 18: lr=5e-05
2024-04-29 00:15:15 [Epoch: 18] loss: 0.005269, mae: 0.051459, r2: 0.746033, val_loss: 0.006045, val_mae: 0.054295, val_r2: 0.709800
2024-04-29 00:15:15 Epoch 19: lr=5e-05
2024-04-29 00:16:25 [Epoch: 19] loss: 0.005242, mae: 0.051338, r2: 0.747319, val_loss: 0.006054, val_mae: 0.054511, val_r2: 0.709592
2024-04-29 00:16:25 Epoch 20: lr=5e-05
2024-04-29 00:17:35 [Epoch: 20] loss: 0.005217, mae: 0.051200, r2: 0.748549, val_loss: 0.006041, val_mae: 0.054231, val_r2: 0.710058
2024-04-29 00:17:36 Epoch 21: lr=5e-05
2024-04-29 00:18:45 [Epoch: 21] loss: 0.005187, mae: 0.051104, r2: 0.750099, val_loss: 0.006059, val_mae: 0.054404, val_r2: 0.708407
2024-04-29 00:18:46 Epoch 22: lr=2.5e-05
2024-04-29 00:19:56 [Epoch: 22] loss: 0.005128, mae: 0.050795, r2: 0.752702, val_loss: 0.006043, val_mae: 0.054272, val_r2: 0.709804
2024-04-29 00:19:56 Epoch 23: lr=2.5e-05
2024-04-29 00:21:06 [Epoch: 23] loss: 0.005110, mae: 0.050724, r2: 0.753739, val_loss: 0.006070, val_mae: 0.054362, val_r2: 0.708100
2024-04-29 00:21:06 Epoch 24: lr=2.5e-05
2024-04-29 00:22:17 [Epoch: 24] loss: 0.005078, mae: 0.050566, r2: 0.755093, val_loss: 0.006033, val_mae: 0.054339, val_r2: 0.710197
2024-04-29 00:22:17 Epoch 25: lr=2.5e-05
2024-04-29 00:23:27 [Epoch: 25] loss: 0.005067, mae: 0.050478, r2: 0.755408, val_loss: 0.006051, val_mae: 0.054178, val_r2: 0.709550
2024-04-29 00:23:28 Epoch 26: lr=2.5e-05
2024-04-29 00:24:38 [Epoch: 26] loss: 0.005052, mae: 0.050434, r2: 0.756163, val_loss: 0.006048, val_mae: 0.054271, val_r2: 0.709375
2024-04-29 00:24:38 Epoch 27: lr=1.25e-05
2024-04-29 00:25:48 [Epoch: 27] loss: 0.005021, mae: 0.050344, r2: 0.757725, val_loss: 0.006026, val_mae: 0.054052, val_r2: 0.710387
2024-04-29 00:25:48 Epoch 28: lr=1.25e-05
2024-04-29 00:26:59 [Epoch: 28] loss: 0.005012, mae: 0.050218, r2: 0.758086, val_loss: 0.006026, val_mae: 0.054248, val_r2: 0.710413
2024-04-29 00:26:59 Epoch 29: lr=1.25e-05
2024-04-29 00:28:09 [Epoch: 29] loss: 0.004999, mae: 0.050209, r2: 0.758610, val_loss: 0.006041, val_mae: 0.054014, val_r2: 0.709452
2024-04-29 00:28:10 history_length: 30
2024-04-29 00:28:10 stopping: complete
2024-04-29 00:28:10 Comparing y_true and y_pred:
2024-04-29 00:28:10   mse: 0.00778895
2024-04-29 00:28:10   mae: 0.07051080
2024-04-29 00:28:10   r2: 0.44531833
2024-04-29 00:28:10   corr: 0.66744370
