2024-05-21 14:10:17 UNO RUN ...
2024-05-21 14:10:17 Params: {'model_name': 'uno', 'train_sources': ['CCLE'], 'test_sources': ['train'], 'cell_types': None, 'cell_features': ['rnaseq'], 'drug_features': ['descriptors'], 'dense': [1000, 1000, 1000, 1000, 1000], 'dense_feature_layers': [1000, 1000, 1000], 'activation': 'relu', 'loss': 'mse', 'optimizer': 'adamax', 'scaling': 'std', 'dropout': 0.1, 'epochs': 50, 'batch_size': 32, 'val_split': 0.2, 'cv': 1, 'max_val_loss': 1.0, 'learning_rate': 0.0001, 'base_lr': None, 'agg_dose': 'AUC', 'residual': False, 'reduce_lr': True, 'warmup_lr': True, 'batch_normalization': False, 'feature_subsample': 0, 'rng_seed': 2018, 'no_gen': False, 'verbose': False, 'preprocess_rnaseq': 'source_scale', 'gpus': [0], 'use_landmark_genes': True, 'no_feature_source': True, 'no_response_source': True, 'save_path': '/dev/shm/Uno/save/8999967.amn-0001/118', 'single': True, 'on_memory_loader': True, 'ckpt_checksum': True, 'ckpt_save_interval': 0, 'timeout': -1, 'train_bool': True, 'profiling': False, 'experiment_id': '8999967.amn-0001', 'run_id': '118', 'logfile': '/dev/shm/Uno/save/8999967.amn-0001/118/python.log', 'shuffle': False, 'ckpt_restart_mode': 'off', 'ckpt_skip_epochs': 0, 'ckpt_directory': '/dev/shm/Uno/save/8999967.amn-0001/118', 'ckpt_save_best': True, 'ckpt_save_best_metric': 'val_loss', 'ckpt_save_weights_only': False, 'ckpt_keep_mode': 'linear', 'ckpt_keep_limit': 5, 'by_cell': None, 'by_drug': None, 'cell_subset_path': '', 'drug_subset_path': '', 'drug_median_response_min': -1, 'drug_median_response_max': 1, 'dense_cell_feature_layers': None, 'dense_drug_feature_layers': None, 'use_filtered_genes': False, 'feature_subset_path': '', 'cell_feature_subset_path': '', 'drug_feature_subset_path': '', 'es': True, 'cp': False, 'tb': False, 'tb_prefix': 'tb', 'partition_by': None, 'cache': None, 'export_csv': None, 'export_data': None, 'use_exported_data': '/dev/shm/Uno/x1922c7s0b0n0.118.merged.landmark.h5', 'growth_bins': 0, 'initial_weights': None, 'save_weights': '/dev/shm/Uno/save/8999967.amn-0001/118/5.0.model.h5', 'config_file': '/home/brettin/CSC249ADOA01_CNDA/brettin/Benchmarks/Pilot1/Uno/uno_auc_model.txt', 'data_type': <class 'numpy.float32'>, 'data_dir': '/dev/shm/Uno/uno/Data', 'output_dir': '/dev/shm/Uno/uno/Output/8999967.amn-0001/118'}
2024-05-21 14:10:17 Feature encoding submodel for cell.rnaseq:
2024-05-21 14:10:17 Model: "cell.rnaseq"
2024-05-21 14:10:17 _________________________________________________________________
2024-05-21 14:10:17  Layer (type)                Output Shape              Param #   
2024-05-21 14:10:17 =================================================================
2024-05-21 14:10:17  input_1 (InputLayer)        [(None, 958)]             0         
2024-05-21 14:10:17                                                                  
2024-05-21 14:10:17  dense (Dense)               (None, 1000)              959000    
2024-05-21 14:10:17                                                                  
2024-05-21 14:10:17  permanent_dropout (Permane  (None, 1000)              0         
2024-05-21 14:10:17  ntDropout)                                                      
2024-05-21 14:10:17                                                                  
2024-05-21 14:10:17  dense_1 (Dense)             (None, 1000)              1001000   
2024-05-21 14:10:17                                                                  
2024-05-21 14:10:17  permanent_dropout_1 (Perma  (None, 1000)              0         
2024-05-21 14:10:17  nentDropout)                                                    
2024-05-21 14:10:17                                                                  
2024-05-21 14:10:17  dense_2 (Dense)             (None, 1000)              1001000   
2024-05-21 14:10:17                                                                  
2024-05-21 14:10:17  permanent_dropout_2 (Perma  (None, 1000)              0         
2024-05-21 14:10:17  nentDropout)                                                    
2024-05-21 14:10:17                                                                  
2024-05-21 14:10:17 =================================================================
2024-05-21 14:10:17 Total params: 2961000 (11.30 MB)
2024-05-21 14:10:17 Trainable params: 2961000 (11.30 MB)
2024-05-21 14:10:17 Non-trainable params: 0 (0.00 Byte)
2024-05-21 14:10:17 _________________________________________________________________
2024-05-21 14:10:17 Feature encoding submodel for drug.descriptors:
2024-05-21 14:10:17 Model: "drug.descriptors"
2024-05-21 14:10:17 _________________________________________________________________
2024-05-21 14:10:17  Layer (type)                Output Shape              Param #   
2024-05-21 14:10:17 =================================================================
2024-05-21 14:10:17  input_2 (InputLayer)        [(None, 1613)]            0         
2024-05-21 14:10:17                                                                  
2024-05-21 14:10:17  dense_3 (Dense)             (None, 1000)              1614000   
2024-05-21 14:10:17                                                                  
2024-05-21 14:10:17  permanent_dropout_3 (Perma  (None, 1000)              0         
2024-05-21 14:10:17  nentDropout)                                                    
2024-05-21 14:10:17                                                                  
2024-05-21 14:10:17  dense_4 (Dense)             (None, 1000)              1001000   
2024-05-21 14:10:17                                                                  
2024-05-21 14:10:17  permanent_dropout_4 (Perma  (None, 1000)              0         
2024-05-21 14:10:17  nentDropout)                                                    
2024-05-21 14:10:17                                                                  
2024-05-21 14:10:17  dense_5 (Dense)             (None, 1000)              1001000   
2024-05-21 14:10:17                                                                  
2024-05-21 14:10:17  permanent_dropout_5 (Perma  (None, 1000)              0         
2024-05-21 14:10:17  nentDropout)                                                    
2024-05-21 14:10:17                                                                  
2024-05-21 14:10:17 =================================================================
2024-05-21 14:10:17 Total params: 3616000 (13.79 MB)
2024-05-21 14:10:17 Trainable params: 3616000 (13.79 MB)
2024-05-21 14:10:17 Non-trainable params: 0 (0.00 Byte)
2024-05-21 14:10:17 _________________________________________________________________
2024-05-21 14:10:17 Combined model:
2024-05-21 14:10:17 Model: "model"
2024-05-21 14:10:17 __________________________________________________________________________________________________
2024-05-21 14:10:17  Layer (type)                Output Shape                 Param #   Connected to                  
2024-05-21 14:10:17 ==================================================================================================
2024-05-21 14:10:17  input.cell.rnaseq (InputLa  [(None, 958)]                0         []                            
2024-05-21 14:10:17  yer)                                                                                             
2024-05-21 14:10:17                                                                                                   
2024-05-21 14:10:17  input.drug1.descriptors (I  [(None, 1613)]               0         []                            
2024-05-21 14:10:17  nputLayer)                                                                                       
2024-05-21 14:10:17                                                                                                   
2024-05-21 14:10:17  cell.rnaseq (Functional)    (None, 1000)                 2961000   ['input.cell.rnaseq[0][0]']   
2024-05-21 14:10:17                                                                                                   
2024-05-21 14:10:17  drug.descriptors (Function  (None, 1000)                 3616000   ['input.drug1.descriptors[0][0
2024-05-21 14:10:17  al)                                                                ]']                           
2024-05-21 14:10:17                                                                                                   
2024-05-21 14:10:17  concatenate (Concatenate)   (None, 2000)                 0         ['cell.rnaseq[0][0]',         
2024-05-21 14:10:17                                                                      'drug.descriptors[0][0]']    
2024-05-21 14:10:17                                                                                                   
2024-05-21 14:10:17  dense_6 (Dense)             (None, 1000)                 2001000   ['concatenate[0][0]']         
2024-05-21 14:10:17                                                                                                   
2024-05-21 14:10:17  permanent_dropout_6 (Perma  (None, 1000)                 0         ['dense_6[0][0]']             
2024-05-21 14:10:17  nentDropout)                                                                                     
2024-05-21 14:10:17                                                                                                   
2024-05-21 14:10:17  dense_7 (Dense)             (None, 1000)                 1001000   ['permanent_dropout_6[0][0]'] 
2024-05-21 14:10:17                                                                                                   
2024-05-21 14:10:17  permanent_dropout_7 (Perma  (None, 1000)                 0         ['dense_7[0][0]']             
2024-05-21 14:10:17  nentDropout)                                                                                     
2024-05-21 14:10:17                                                                                                   
2024-05-21 14:10:17  dense_8 (Dense)             (None, 1000)                 1001000   ['permanent_dropout_7[0][0]'] 
2024-05-21 14:10:17                                                                                                   
2024-05-21 14:10:17  permanent_dropout_8 (Perma  (None, 1000)                 0         ['dense_8[0][0]']             
2024-05-21 14:10:17  nentDropout)                                                                                     
2024-05-21 14:10:17                                                                                                   
2024-05-21 14:10:17  dense_9 (Dense)             (None, 1000)                 1001000   ['permanent_dropout_8[0][0]'] 
2024-05-21 14:10:17                                                                                                   
2024-05-21 14:10:17  permanent_dropout_9 (Perma  (None, 1000)                 0         ['dense_9[0][0]']             
2024-05-21 14:10:17  nentDropout)                                                                                     
2024-05-21 14:10:17                                                                                                   
2024-05-21 14:10:17  dense_10 (Dense)            (None, 1000)                 1001000   ['permanent_dropout_9[0][0]'] 
2024-05-21 14:10:17                                                                                                   
2024-05-21 14:10:17  permanent_dropout_10 (Perm  (None, 1000)                 0         ['dense_10[0][0]']            
2024-05-21 14:10:17  anentDropout)                                                                                    
2024-05-21 14:10:17                                                                                                   
2024-05-21 14:10:17  dense_11 (Dense)            (None, 1)                    1001      ['permanent_dropout_10[0][0]']
2024-05-21 14:10:17                                                                                                   
2024-05-21 14:10:17 ==================================================================================================
2024-05-21 14:10:17 Total params: 12583001 (48.00 MB)
2024-05-21 14:10:17 Trainable params: 12583001 (48.00 MB)
2024-05-21 14:10:17 Non-trainable params: 0 (0.00 Byte)
2024-05-21 14:10:17 __________________________________________________________________________________________________
2024-05-21 14:10:17 CKPT CONSTRUCT...
2024-05-21 14:10:17 CKPT CONSTRUCT OK.
2024-05-21 14:10:17 template model: <keras.src.engine.functional.Functional object at 0x14ce6513a880>
2024-05-21 14:10:19 COMPILE
2024-05-21 14:10:19 Will save weights to: /dev/shm/Uno/save/8999967.amn-0001/118/5.0.model.h5
2024-05-21 14:10:36 Between random pairs in y_val:
2024-05-21 14:10:36   mse: 0.04767001
2024-05-21 14:10:36   mae: 0.15958208
2024-05-21 14:10:36   r2: -0.99317422
2024-05-21 14:10:36   corr: 0.00341289
2024-05-21 14:10:36 Data points per epoch: train = 469201, val = 117301, test = 1207
2024-05-21 14:10:36 Steps per epoch: train = 14662, val = 3665, test = 37
2024-05-21 14:10:36 Epoch 0: lr=0.001
2024-05-21 14:11:49 [Epoch: 0] loss: 0.040636, mae: 0.079667, r2: -0.735016, val_loss: 0.009144, val_mae: 0.067837, val_r2: 0.572974
2024-05-21 14:11:49 Epoch 1: lr=0.00082
2024-05-21 14:13:00 [Epoch: 1] loss: 0.008001, mae: 0.063938, r2: 0.620861, val_loss: 0.007793, val_mae: 0.063597, val_r2: 0.629748
2024-05-21 14:13:00 Epoch 2: lr=0.00064
2024-05-21 14:14:12 [Epoch: 2] loss: 0.007343, mae: 0.060990, r2: 0.650697, val_loss: 0.007265, val_mae: 0.060312, val_r2: 0.653817
2024-05-21 14:14:12 Epoch 3: lr=0.00046
2024-05-21 14:15:22 [Epoch: 3] loss: 0.006858, mae: 0.058751, r2: 0.672406, val_loss: 0.006880, val_mae: 0.058384, val_r2: 0.671360
2024-05-21 14:15:23 Epoch 4: lr=0.00028
2024-05-21 14:16:34 [Epoch: 4] loss: 0.006473, mae: 0.057017, r2: 0.690270, val_loss: 0.006645, val_mae: 0.057318, val_r2: 0.682184
2024-05-21 14:16:34 Epoch 5: lr=0.0001
2024-05-21 14:17:45 [Epoch: 5] loss: 0.006139, mae: 0.055471, r2: 0.705640, val_loss: 0.006518, val_mae: 0.056164, val_r2: 0.687610
2024-05-21 14:17:45 Epoch 6: lr=0.0001
2024-05-21 14:18:57 [Epoch: 6] loss: 0.006034, mae: 0.055002, r2: 0.710361, val_loss: 0.006444, val_mae: 0.056701, val_r2: 0.690778
2024-05-21 14:18:57 Epoch 7: lr=0.0001
2024-05-21 14:20:09 [Epoch: 7] loss: 0.005952, mae: 0.054636, r2: 0.714338, val_loss: 0.006410, val_mae: 0.056335, val_r2: 0.692284
2024-05-21 14:20:09 Epoch 8: lr=0.0001
2024-05-21 14:21:20 [Epoch: 8] loss: 0.005878, mae: 0.054296, r2: 0.717877, val_loss: 0.006397, val_mae: 0.055859, val_r2: 0.694144
2024-05-21 14:21:20 Epoch 9: lr=0.0001
2024-05-21 14:22:32 [Epoch: 9] loss: 0.005823, mae: 0.054025, r2: 0.720491, val_loss: 0.006348, val_mae: 0.055659, val_r2: 0.694767
2024-05-21 14:22:32 Epoch 10: lr=0.0001
2024-05-21 14:23:43 [Epoch: 10] loss: 0.005765, mae: 0.053769, r2: 0.723164, val_loss: 0.006303, val_mae: 0.055432, val_r2: 0.698064
2024-05-21 14:23:43 Epoch 11: lr=0.0001
2024-05-21 14:24:55 [Epoch: 11] loss: 0.005701, mae: 0.053476, r2: 0.725997, val_loss: 0.006273, val_mae: 0.055566, val_r2: 0.700016
2024-05-21 14:24:55 Epoch 12: lr=0.0001
2024-05-21 14:26:07 [Epoch: 12] loss: 0.005644, mae: 0.053218, r2: 0.728689, val_loss: 0.006297, val_mae: 0.055717, val_r2: 0.697501
2024-05-21 14:26:07 Epoch 13: lr=0.0001
2024-05-21 14:27:18 [Epoch: 13] loss: 0.005603, mae: 0.053033, r2: 0.730597, val_loss: 0.006251, val_mae: 0.055300, val_r2: 0.701072
2024-05-21 14:27:18 Epoch 14: lr=0.0001
2024-05-21 14:28:30 [Epoch: 14] loss: 0.005539, mae: 0.052722, r2: 0.733560, val_loss: 0.006289, val_mae: 0.054999, val_r2: 0.698357
2024-05-21 14:28:30 Epoch 15: lr=0.0001
2024-05-21 14:29:40 [Epoch: 15] loss: 0.005491, mae: 0.052504, r2: 0.735812, val_loss: 0.006264, val_mae: 0.055345, val_r2: 0.699030
2024-05-21 14:29:40 Epoch 16: lr=5e-05
2024-05-21 14:30:51 [Epoch: 16] loss: 0.005367, mae: 0.051935, r2: 0.741610, val_loss: 0.006217, val_mae: 0.055463, val_r2: 0.701522
2024-05-21 14:30:51 Epoch 17: lr=5e-05
2024-05-21 14:32:03 [Epoch: 17] loss: 0.005325, mae: 0.051743, r2: 0.743544, val_loss: 0.006208, val_mae: 0.054903, val_r2: 0.702000
2024-05-21 14:32:03 Epoch 18: lr=5e-05
2024-05-21 14:33:15 [Epoch: 18] loss: 0.005292, mae: 0.051592, r2: 0.744903, val_loss: 0.006186, val_mae: 0.054715, val_r2: 0.704051
2024-05-21 14:33:15 Epoch 19: lr=5e-05
2024-05-21 14:34:27 [Epoch: 19] loss: 0.005270, mae: 0.051482, r2: 0.746148, val_loss: 0.006195, val_mae: 0.054735, val_r2: 0.702389
2024-05-21 14:34:27 Epoch 20: lr=5e-05
2024-05-21 14:35:38 [Epoch: 20] loss: 0.005242, mae: 0.051343, r2: 0.747464, val_loss: 0.006222, val_mae: 0.054664, val_r2: 0.701174
2024-05-21 14:35:39 Epoch 21: lr=5e-05
2024-05-21 14:36:50 [Epoch: 21] loss: 0.005224, mae: 0.051257, r2: 0.748385, val_loss: 0.006185, val_mae: 0.054514, val_r2: 0.702672
2024-05-21 14:36:50 Epoch 22: lr=5e-05
2024-05-21 14:38:02 [Epoch: 22] loss: 0.005189, mae: 0.051084, r2: 0.749923, val_loss: 0.006148, val_mae: 0.054687, val_r2: 0.705710
2024-05-21 14:38:02 Epoch 23: lr=5e-05
2024-05-21 14:39:13 [Epoch: 23] loss: 0.005167, mae: 0.050983, r2: 0.750814, val_loss: 0.006187, val_mae: 0.054855, val_r2: 0.703106
2024-05-21 14:39:13 Epoch 24: lr=2.5e-05
2024-05-21 14:40:24 [Epoch: 24] loss: 0.005108, mae: 0.050689, r2: 0.753635, val_loss: 0.006150, val_mae: 0.054857, val_r2: 0.704372
2024-05-21 14:40:25 Epoch 25: lr=2.5e-05
2024-05-21 14:41:36 [Epoch: 25] loss: 0.005083, mae: 0.050571, r2: 0.754909, val_loss: 0.006131, val_mae: 0.054719, val_r2: 0.705016
2024-05-21 14:41:36 Epoch 26: lr=2.5e-05
2024-05-21 14:42:48 [Epoch: 26] loss: 0.005071, mae: 0.050546, r2: 0.755433, val_loss: 0.006142, val_mae: 0.054553, val_r2: 0.705041
2024-05-21 14:42:48 Epoch 27: lr=2.5e-05
2024-05-21 14:43:59 [Epoch: 27] loss: 0.005055, mae: 0.050466, r2: 0.756234, val_loss: 0.006147, val_mae: 0.054682, val_r2: 0.705534
2024-05-21 14:43:59 Epoch 28: lr=2.5e-05
2024-05-21 14:45:11 [Epoch: 28] loss: 0.005036, mae: 0.050367, r2: 0.757253, val_loss: 0.006138, val_mae: 0.054491, val_r2: 0.706061
2024-05-21 14:45:11 Epoch 29: lr=1.25e-05
2024-05-21 14:46:22 [Epoch: 29] loss: 0.005000, mae: 0.050192, r2: 0.758646, val_loss: 0.006129, val_mae: 0.054675, val_r2: 0.705908
2024-05-21 14:46:23 Epoch 30: lr=1.25e-05
2024-05-21 14:47:34 [Epoch: 30] loss: 0.004993, mae: 0.050183, r2: 0.759011, val_loss: 0.006176, val_mae: 0.054565, val_r2: 0.703645
2024-05-21 14:47:34 Epoch 31: lr=1.25e-05
2024-05-21 14:48:46 [Epoch: 31] loss: 0.004990, mae: 0.050150, r2: 0.759332, val_loss: 0.006161, val_mae: 0.054813, val_r2: 0.703331
2024-05-21 14:48:46 Epoch 32: lr=1.25e-05
2024-05-21 14:49:58 [Epoch: 32] loss: 0.004988, mae: 0.050124, r2: 0.759053, val_loss: 0.006141, val_mae: 0.054559, val_r2: 0.705860
2024-05-21 14:49:58 Epoch 33: lr=1.25e-05
2024-05-21 14:51:09 [Epoch: 33] loss: 0.004972, mae: 0.050044, r2: 0.759812, val_loss: 0.006145, val_mae: 0.054649, val_r2: 0.705104
2024-05-21 14:51:10 Epoch 34: lr=1e-05
2024-05-21 14:52:21 [Epoch: 34] loss: 0.004964, mae: 0.050012, r2: 0.760380, val_loss: 0.006109, val_mae: 0.054351, val_r2: 0.706490
2024-05-21 14:52:21 Epoch 35: lr=1e-05
2024-05-21 14:53:33 [Epoch: 35] loss: 0.004959, mae: 0.050012, r2: 0.760475, val_loss: 0.006154, val_mae: 0.054550, val_r2: 0.704838
2024-05-21 14:53:33 Epoch 36: lr=1e-05
2024-05-21 14:54:44 [Epoch: 36] loss: 0.004947, mae: 0.049916, r2: 0.761287, val_loss: 0.006161, val_mae: 0.054300, val_r2: 0.704137
2024-05-21 14:54:44 Epoch 37: lr=1e-05
2024-05-21 14:55:56 [Epoch: 37] loss: 0.004948, mae: 0.049955, r2: 0.761188, val_loss: 0.006153, val_mae: 0.054773, val_r2: 0.703986
2024-05-21 14:55:56 Epoch 38: lr=1e-05
2024-05-21 14:57:07 [Epoch: 38] loss: 0.004940, mae: 0.049934, r2: 0.761373, val_loss: 0.006142, val_mae: 0.054342, val_r2: 0.705644
2024-05-21 14:57:07 Epoch 39: lr=1e-05
2024-05-21 14:58:18 [Epoch: 39] loss: 0.004944, mae: 0.049933, r2: 0.761248, val_loss: 0.006161, val_mae: 0.054620, val_r2: 0.704124
2024-05-21 14:58:18 Epoch 40: lr=1e-05
2024-05-21 14:59:29 [Epoch: 40] loss: 0.004927, mae: 0.049840, r2: 0.762286, val_loss: 0.006152, val_mae: 0.054617, val_r2: 0.704570
2024-05-21 14:59:30 Epoch 41: lr=1e-05
2024-05-21 15:00:41 [Epoch: 41] loss: 0.004919, mae: 0.049832, r2: 0.762429, val_loss: 0.006132, val_mae: 0.054598, val_r2: 0.705566
2024-05-21 15:00:41 Epoch 42: lr=1e-05
2024-05-21 15:01:53 [Epoch: 42] loss: 0.004916, mae: 0.049762, r2: 0.762583, val_loss: 0.006151, val_mae: 0.054461, val_r2: 0.705084
2024-05-21 15:01:53 Epoch 43: lr=1e-05
2024-05-21 15:03:04 [Epoch: 43] loss: 0.004913, mae: 0.049765, r2: 0.762677, val_loss: 0.006140, val_mae: 0.054576, val_r2: 0.705454
2024-05-21 15:03:04 Epoch 44: lr=1e-05
2024-05-21 15:04:16 [Epoch: 44] loss: 0.004908, mae: 0.049733, r2: 0.763200, val_loss: 0.006148, val_mae: 0.054589, val_r2: 0.704621
2024-05-21 15:04:16 history_length: 45
2024-05-21 15:04:16 stopping: early
2024-05-21 15:04:16 Comparing y_true and y_pred:
2024-05-21 15:04:16   mse: 0.00828045
2024-05-21 15:04:16   mae: 0.07589877
2024-05-21 15:04:16   r2: -0.03506738
2024-05-21 15:04:16   corr: 0.54672967
