2024-05-09 11:42:31 UNO RUN ...
2024-05-09 11:42:31 Params: {'model_name': 'uno', 'train_sources': ['CCLE'], 'test_sources': ['train'], 'cell_types': None, 'cell_features': ['rnaseq'], 'drug_features': ['descriptors'], 'dense': [1000, 1000, 1000, 1000, 1000], 'dense_feature_layers': [1000, 1000, 1000], 'activation': 'relu', 'loss': 'mse', 'optimizer': 'adamax', 'scaling': 'std', 'dropout': 0.1, 'epochs': 30, 'batch_size': 32, 'val_split': 0.2, 'cv': 1, 'max_val_loss': 1.0, 'learning_rate': 0.0001, 'base_lr': None, 'agg_dose': 'AUC', 'residual': False, 'reduce_lr': True, 'warmup_lr': True, 'batch_normalization': False, 'feature_subsample': 0, 'rng_seed': 2018, 'no_gen': False, 'verbose': False, 'preprocess_rnaseq': 'source_scale', 'gpus': [0], 'use_landmark_genes': True, 'no_feature_source': True, 'no_response_source': True, 'save_path': '/dev/shm/Uno/save/8996461.amn-0001/233', 'single': True, 'on_memory_loader': True, 'ckpt_checksum': True, 'ckpt_save_interval': 0, 'timeout': -1, 'train_bool': True, 'profiling': False, 'experiment_id': '8996461.amn-0001', 'run_id': '233', 'logfile': '/dev/shm/Uno/save/8996461.amn-0001/233/python.log', 'shuffle': False, 'ckpt_restart_mode': 'off', 'ckpt_skip_epochs': 0, 'ckpt_directory': '/dev/shm/Uno/save/8996461.amn-0001/233', 'ckpt_save_best': True, 'ckpt_save_best_metric': 'val_loss', 'ckpt_save_weights_only': False, 'ckpt_keep_mode': 'linear', 'ckpt_keep_limit': 5, 'by_cell': None, 'by_drug': None, 'cell_subset_path': '', 'drug_subset_path': '', 'drug_median_response_min': -1, 'drug_median_response_max': 1, 'dense_cell_feature_layers': None, 'dense_drug_feature_layers': None, 'use_filtered_genes': False, 'feature_subset_path': '', 'cell_feature_subset_path': '', 'drug_feature_subset_path': '', 'es': True, 'cp': False, 'tb': False, 'tb_prefix': 'tb', 'partition_by': None, 'cache': None, 'export_csv': None, 'export_data': None, 'use_exported_data': '/dev/shm/Uno/x1921c3s1b0n0.233.merged.landmark.h5', 'growth_bins': 0, 'initial_weights': None, 'save_weights': '/dev/shm/Uno/save/8996461.amn-0001/233/2.1.model.h5', 'config_file': '/home/brettin/CSC249ADOA01_CNDA/brettin/Benchmarks/Pilot1/Uno/uno_auc_model.txt', 'data_type': <class 'numpy.float32'>, 'data_dir': '/dev/shm/Uno/uno/Data', 'output_dir': '/dev/shm/Uno/uno/Output/8996461.amn-0001/233'}
2024-05-09 11:42:31 Feature encoding submodel for cell.rnaseq:
2024-05-09 11:42:31 Model: "cell.rnaseq"
2024-05-09 11:42:31 _________________________________________________________________
2024-05-09 11:42:31  Layer (type)                Output Shape              Param #   
2024-05-09 11:42:31 =================================================================
2024-05-09 11:42:31  input_1 (InputLayer)        [(None, 958)]             0         
2024-05-09 11:42:31                                                                  
2024-05-09 11:42:31  dense (Dense)               (None, 1000)              959000    
2024-05-09 11:42:31                                                                  
2024-05-09 11:42:31  permanent_dropout (Permane  (None, 1000)              0         
2024-05-09 11:42:31  ntDropout)                                                      
2024-05-09 11:42:31                                                                  
2024-05-09 11:42:31  dense_1 (Dense)             (None, 1000)              1001000   
2024-05-09 11:42:31                                                                  
2024-05-09 11:42:31  permanent_dropout_1 (Perma  (None, 1000)              0         
2024-05-09 11:42:31  nentDropout)                                                    
2024-05-09 11:42:31                                                                  
2024-05-09 11:42:31  dense_2 (Dense)             (None, 1000)              1001000   
2024-05-09 11:42:31                                                                  
2024-05-09 11:42:31  permanent_dropout_2 (Perma  (None, 1000)              0         
2024-05-09 11:42:31  nentDropout)                                                    
2024-05-09 11:42:31                                                                  
2024-05-09 11:42:31 =================================================================
2024-05-09 11:42:31 Total params: 2961000 (11.30 MB)
2024-05-09 11:42:31 Trainable params: 2961000 (11.30 MB)
2024-05-09 11:42:31 Non-trainable params: 0 (0.00 Byte)
2024-05-09 11:42:31 _________________________________________________________________
2024-05-09 11:42:31 Feature encoding submodel for drug.descriptors:
2024-05-09 11:42:31 Model: "drug.descriptors"
2024-05-09 11:42:31 _________________________________________________________________
2024-05-09 11:42:31  Layer (type)                Output Shape              Param #   
2024-05-09 11:42:31 =================================================================
2024-05-09 11:42:31  input_2 (InputLayer)        [(None, 1613)]            0         
2024-05-09 11:42:31                                                                  
2024-05-09 11:42:31  dense_3 (Dense)             (None, 1000)              1614000   
2024-05-09 11:42:31                                                                  
2024-05-09 11:42:31  permanent_dropout_3 (Perma  (None, 1000)              0         
2024-05-09 11:42:31  nentDropout)                                                    
2024-05-09 11:42:31                                                                  
2024-05-09 11:42:31  dense_4 (Dense)             (None, 1000)              1001000   
2024-05-09 11:42:31                                                                  
2024-05-09 11:42:31  permanent_dropout_4 (Perma  (None, 1000)              0         
2024-05-09 11:42:31  nentDropout)                                                    
2024-05-09 11:42:31                                                                  
2024-05-09 11:42:31  dense_5 (Dense)             (None, 1000)              1001000   
2024-05-09 11:42:31                                                                  
2024-05-09 11:42:31  permanent_dropout_5 (Perma  (None, 1000)              0         
2024-05-09 11:42:31  nentDropout)                                                    
2024-05-09 11:42:31                                                                  
2024-05-09 11:42:31 =================================================================
2024-05-09 11:42:31 Total params: 3616000 (13.79 MB)
2024-05-09 11:42:31 Trainable params: 3616000 (13.79 MB)
2024-05-09 11:42:31 Non-trainable params: 0 (0.00 Byte)
2024-05-09 11:42:31 _________________________________________________________________
2024-05-09 11:42:31 Combined model:
2024-05-09 11:42:31 Model: "model"
2024-05-09 11:42:31 __________________________________________________________________________________________________
2024-05-09 11:42:31  Layer (type)                Output Shape                 Param #   Connected to                  
2024-05-09 11:42:31 ==================================================================================================
2024-05-09 11:42:31  input.cell.rnaseq (InputLa  [(None, 958)]                0         []                            
2024-05-09 11:42:31  yer)                                                                                             
2024-05-09 11:42:31                                                                                                   
2024-05-09 11:42:31  input.drug1.descriptors (I  [(None, 1613)]               0         []                            
2024-05-09 11:42:31  nputLayer)                                                                                       
2024-05-09 11:42:31                                                                                                   
2024-05-09 11:42:31  cell.rnaseq (Functional)    (None, 1000)                 2961000   ['input.cell.rnaseq[0][0]']   
2024-05-09 11:42:31                                                                                                   
2024-05-09 11:42:31  drug.descriptors (Function  (None, 1000)                 3616000   ['input.drug1.descriptors[0][0
2024-05-09 11:42:31  al)                                                                ]']                           
2024-05-09 11:42:31                                                                                                   
2024-05-09 11:42:31  concatenate (Concatenate)   (None, 2000)                 0         ['cell.rnaseq[0][0]',         
2024-05-09 11:42:31                                                                      'drug.descriptors[0][0]']    
2024-05-09 11:42:31                                                                                                   
2024-05-09 11:42:31  dense_6 (Dense)             (None, 1000)                 2001000   ['concatenate[0][0]']         
2024-05-09 11:42:31                                                                                                   
2024-05-09 11:42:31  permanent_dropout_6 (Perma  (None, 1000)                 0         ['dense_6[0][0]']             
2024-05-09 11:42:31  nentDropout)                                                                                     
2024-05-09 11:42:31                                                                                                   
2024-05-09 11:42:31  dense_7 (Dense)             (None, 1000)                 1001000   ['permanent_dropout_6[0][0]'] 
2024-05-09 11:42:31                                                                                                   
2024-05-09 11:42:31  permanent_dropout_7 (Perma  (None, 1000)                 0         ['dense_7[0][0]']             
2024-05-09 11:42:31  nentDropout)                                                                                     
2024-05-09 11:42:31                                                                                                   
2024-05-09 11:42:31  dense_8 (Dense)             (None, 1000)                 1001000   ['permanent_dropout_7[0][0]'] 
2024-05-09 11:42:31                                                                                                   
2024-05-09 11:42:31  permanent_dropout_8 (Perma  (None, 1000)                 0         ['dense_8[0][0]']             
2024-05-09 11:42:31  nentDropout)                                                                                     
2024-05-09 11:42:31                                                                                                   
2024-05-09 11:42:31  dense_9 (Dense)             (None, 1000)                 1001000   ['permanent_dropout_8[0][0]'] 
2024-05-09 11:42:31                                                                                                   
2024-05-09 11:42:31  permanent_dropout_9 (Perma  (None, 1000)                 0         ['dense_9[0][0]']             
2024-05-09 11:42:31  nentDropout)                                                                                     
2024-05-09 11:42:31                                                                                                   
2024-05-09 11:42:31  dense_10 (Dense)            (None, 1000)                 1001000   ['permanent_dropout_9[0][0]'] 
2024-05-09 11:42:31                                                                                                   
2024-05-09 11:42:31  permanent_dropout_10 (Perm  (None, 1000)                 0         ['dense_10[0][0]']            
2024-05-09 11:42:31  anentDropout)                                                                                    
2024-05-09 11:42:31                                                                                                   
2024-05-09 11:42:31  dense_11 (Dense)            (None, 1)                    1001      ['permanent_dropout_10[0][0]']
2024-05-09 11:42:31                                                                                                   
2024-05-09 11:42:31 ==================================================================================================
2024-05-09 11:42:31 Total params: 12583001 (48.00 MB)
2024-05-09 11:42:31 Trainable params: 12583001 (48.00 MB)
2024-05-09 11:42:31 Non-trainable params: 0 (0.00 Byte)
2024-05-09 11:42:31 __________________________________________________________________________________________________
2024-05-09 11:42:31 CKPT CONSTRUCT...
2024-05-09 11:42:31 CKPT CONSTRUCT OK.
2024-05-09 11:42:31 template model: <keras.src.engine.functional.Functional object at 0x153d91604820>
2024-05-09 11:42:33 COMPILE
2024-05-09 11:42:33 Will save weights to: /dev/shm/Uno/save/8996461.amn-0001/233/2.1.model.h5
2024-05-09 11:42:49 Between random pairs in y_val:
2024-05-09 11:42:49   mse: 0.04753702
2024-05-09 11:42:49   mae: 0.15981819
2024-05-09 11:42:49   r2: -0.99902866
2024-05-09 11:42:49   corr: 0.00048567
2024-05-09 11:42:49 Data points per epoch: train = 470167, val = 117542, test = 656
2024-05-09 11:42:49 Steps per epoch: train = 14692, val = 3673, test = 20
2024-05-09 11:42:49 Epoch 0: lr=0.001
2024-05-09 11:44:04 [Epoch: 0] loss: 0.037659, mae: 0.079999, r2: -0.267097, val_loss: 0.008645, val_mae: 0.066113, val_r2: 0.590771
2024-05-09 11:44:05 Epoch 1: lr=0.00082
2024-05-09 11:45:19 [Epoch: 1] loss: 0.007998, mae: 0.063963, r2: 0.621734, val_loss: 0.007816, val_mae: 0.062024, val_r2: 0.624573
2024-05-09 11:45:19 Epoch 2: lr=0.00064
2024-05-09 11:46:33 [Epoch: 2] loss: 0.007296, mae: 0.060771, r2: 0.653786, val_loss: 0.007133, val_mae: 0.060289, val_r2: 0.659382
2024-05-09 11:46:33 Epoch 3: lr=0.00046
2024-05-09 11:47:47 [Epoch: 3] loss: 0.006821, mae: 0.058561, r2: 0.675689, val_loss: 0.007023, val_mae: 0.058741, val_r2: 0.662767
2024-05-09 11:47:47 Epoch 4: lr=0.00028
2024-05-09 11:49:02 [Epoch: 4] loss: 0.006434, mae: 0.056802, r2: 0.692855, val_loss: 0.006698, val_mae: 0.057026, val_r2: 0.680785
2024-05-09 11:49:02 Epoch 5: lr=0.0001
2024-05-09 11:50:16 [Epoch: 5] loss: 0.006088, mae: 0.055196, r2: 0.708826, val_loss: 0.006426, val_mae: 0.056311, val_r2: 0.692432
2024-05-09 11:50:16 Epoch 6: lr=0.0001
2024-05-09 11:51:30 [Epoch: 6] loss: 0.005988, mae: 0.054726, r2: 0.713707, val_loss: 0.006409, val_mae: 0.055969, val_r2: 0.694897
2024-05-09 11:51:30 Epoch 7: lr=0.0001
2024-05-09 11:52:45 [Epoch: 7] loss: 0.005903, mae: 0.054331, r2: 0.717482, val_loss: 0.006357, val_mae: 0.056102, val_r2: 0.695987
2024-05-09 11:52:45 Epoch 8: lr=0.0001
2024-05-09 11:53:59 [Epoch: 8] loss: 0.005841, mae: 0.054085, r2: 0.720245, val_loss: 0.006288, val_mae: 0.055667, val_r2: 0.699566
2024-05-09 11:53:59 Epoch 9: lr=0.0001
2024-05-09 11:55:13 [Epoch: 9] loss: 0.005774, mae: 0.053786, r2: 0.723525, val_loss: 0.006332, val_mae: 0.055397, val_r2: 0.695914
2024-05-09 11:55:13 Epoch 10: lr=0.0001
2024-05-09 11:56:27 [Epoch: 10] loss: 0.005707, mae: 0.053464, r2: 0.726779, val_loss: 0.006321, val_mae: 0.055356, val_r2: 0.697249
2024-05-09 11:56:27 Epoch 11: lr=0.0001
2024-05-09 11:57:41 [Epoch: 11] loss: 0.005651, mae: 0.053219, r2: 0.729253, val_loss: 0.006240, val_mae: 0.055644, val_r2: 0.700503
2024-05-09 11:57:41 Epoch 12: lr=0.0001
2024-05-09 11:58:55 [Epoch: 12] loss: 0.005607, mae: 0.053017, r2: 0.731416, val_loss: 0.006236, val_mae: 0.055611, val_r2: 0.701869
2024-05-09 11:58:55 Epoch 13: lr=0.0001
2024-05-09 12:00:09 [Epoch: 13] loss: 0.005550, mae: 0.052764, r2: 0.734063, val_loss: 0.006217, val_mae: 0.055625, val_r2: 0.702087
2024-05-09 12:00:09 Epoch 14: lr=5e-05
2024-05-09 12:01:23 [Epoch: 14] loss: 0.005423, mae: 0.052180, r2: 0.739920, val_loss: 0.006219, val_mae: 0.054946, val_r2: 0.701778
2024-05-09 12:01:23 Epoch 15: lr=5e-05
2024-05-09 12:02:37 [Epoch: 15] loss: 0.005390, mae: 0.052017, r2: 0.741377, val_loss: 0.006192, val_mae: 0.054861, val_r2: 0.702676
2024-05-09 12:02:37 Epoch 16: lr=5e-05
2024-05-09 12:03:51 [Epoch: 16] loss: 0.005347, mae: 0.051809, r2: 0.743415, val_loss: 0.006172, val_mae: 0.055023, val_r2: 0.703326
2024-05-09 12:03:51 Epoch 17: lr=5e-05
2024-05-09 12:05:05 [Epoch: 17] loss: 0.005319, mae: 0.051686, r2: 0.744746, val_loss: 0.006155, val_mae: 0.055023, val_r2: 0.704970
2024-05-09 12:05:06 Epoch 18: lr=5e-05
2024-05-09 12:06:19 [Epoch: 18] loss: 0.005281, mae: 0.051503, r2: 0.746421, val_loss: 0.006170, val_mae: 0.054511, val_r2: 0.703984
2024-05-09 12:06:19 Epoch 19: lr=5e-05
2024-05-09 12:07:33 [Epoch: 19] loss: 0.005258, mae: 0.051414, r2: 0.747623, val_loss: 0.006183, val_mae: 0.055017, val_r2: 0.703631
2024-05-09 12:07:33 Epoch 20: lr=5e-05
2024-05-09 12:08:47 [Epoch: 20] loss: 0.005236, mae: 0.051298, r2: 0.748625, val_loss: 0.006146, val_mae: 0.054756, val_r2: 0.705462
2024-05-09 12:08:47 Epoch 21: lr=5e-05
2024-05-09 12:10:01 [Epoch: 21] loss: 0.005215, mae: 0.051218, r2: 0.749670, val_loss: 0.006155, val_mae: 0.054964, val_r2: 0.705399
2024-05-09 12:10:02 Epoch 22: lr=2.5e-05
2024-05-09 12:11:16 [Epoch: 22] loss: 0.005154, mae: 0.050911, r2: 0.752399, val_loss: 0.006138, val_mae: 0.054764, val_r2: 0.705352
2024-05-09 12:11:16 Epoch 23: lr=2.5e-05
2024-05-09 12:12:30 [Epoch: 23] loss: 0.005119, mae: 0.050734, r2: 0.753792, val_loss: 0.006150, val_mae: 0.054562, val_r2: 0.705104
2024-05-09 12:12:30 Epoch 24: lr=2.5e-05
2024-05-09 12:13:43 [Epoch: 24] loss: 0.005103, mae: 0.050654, r2: 0.754735, val_loss: 0.006141, val_mae: 0.054655, val_r2: 0.705452
2024-05-09 12:13:43 Epoch 25: lr=2.5e-05
2024-05-09 12:14:57 [Epoch: 25] loss: 0.005093, mae: 0.050634, r2: 0.755305, val_loss: 0.006148, val_mae: 0.054497, val_r2: 0.704845
2024-05-09 12:14:57 Epoch 26: lr=2.5e-05
2024-05-09 12:16:10 [Epoch: 26] loss: 0.005074, mae: 0.050523, r2: 0.755968, val_loss: 0.006157, val_mae: 0.054544, val_r2: 0.704043
2024-05-09 12:16:10 Epoch 27: lr=1.25e-05
2024-05-09 12:17:25 [Epoch: 27] loss: 0.005044, mae: 0.050368, r2: 0.757657, val_loss: 0.006142, val_mae: 0.054753, val_r2: 0.705725
2024-05-09 12:17:25 Epoch 28: lr=1.25e-05
2024-05-09 12:18:39 [Epoch: 28] loss: 0.005033, mae: 0.050347, r2: 0.757829, val_loss: 0.006159, val_mae: 0.054459, val_r2: 0.704605
2024-05-09 12:18:39 Epoch 29: lr=1.25e-05
2024-05-09 12:19:53 [Epoch: 29] loss: 0.005030, mae: 0.050312, r2: 0.758307, val_loss: 0.006151, val_mae: 0.054665, val_r2: 0.705069
2024-05-09 12:19:53 history_length: 30
2024-05-09 12:19:53 stopping: complete
2024-05-09 12:19:53 Comparing y_true and y_pred:
2024-05-09 12:19:53   mse: 0.00698105
2024-05-09 12:19:53   mae: 0.06926534
2024-05-09 12:19:53   r2: 0.16579857
2024-05-09 12:19:53   corr: 0.40939644
