2024-05-22 13:29:36 UNO RUN ...
2024-05-22 13:29:36 Params: {'model_name': 'uno', 'train_sources': ['CCLE'], 'test_sources': ['train'], 'cell_types': None, 'cell_features': ['rnaseq'], 'drug_features': ['descriptors'], 'dense': [1000, 1000, 1000, 1000, 1000], 'dense_feature_layers': [1000, 1000, 1000], 'activation': 'relu', 'loss': 'mse', 'optimizer': 'adamax', 'scaling': 'std', 'dropout': 0.1, 'epochs': 50, 'batch_size': 32, 'val_split': 0.2, 'cv': 1, 'max_val_loss': 1.0, 'learning_rate': 0.0001, 'base_lr': None, 'agg_dose': 'AUC', 'residual': False, 'reduce_lr': True, 'warmup_lr': True, 'batch_normalization': False, 'feature_subsample': 0, 'rng_seed': 2018, 'no_gen': False, 'verbose': False, 'preprocess_rnaseq': 'source_scale', 'gpus': [0], 'use_landmark_genes': True, 'no_feature_source': True, 'no_response_source': True, 'save_path': '/dev/shm/Uno/save/9000732.amn-0001/88', 'single': True, 'on_memory_loader': True, 'ckpt_checksum': True, 'ckpt_save_interval': 0, 'timeout': -1, 'train_bool': True, 'profiling': False, 'experiment_id': '9000732.amn-0001', 'run_id': '88', 'logfile': '/dev/shm/Uno/save/9000732.amn-0001/88/python.log', 'shuffle': False, 'ckpt_restart_mode': 'off', 'ckpt_skip_epochs': 0, 'ckpt_directory': '/dev/shm/Uno/save/9000732.amn-0001/88', 'ckpt_save_best': True, 'ckpt_save_best_metric': 'val_loss', 'ckpt_save_weights_only': False, 'ckpt_keep_mode': 'linear', 'ckpt_keep_limit': 5, 'by_cell': None, 'by_drug': None, 'cell_subset_path': '', 'drug_subset_path': '', 'drug_median_response_min': -1, 'drug_median_response_max': 1, 'dense_cell_feature_layers': None, 'dense_drug_feature_layers': None, 'use_filtered_genes': False, 'feature_subset_path': '', 'cell_feature_subset_path': '', 'drug_feature_subset_path': '', 'es': True, 'cp': False, 'tb': False, 'tb_prefix': 'tb', 'partition_by': None, 'cache': None, 'export_csv': None, 'export_data': None, 'use_exported_data': '/dev/shm/Uno/x1921c3s5b0n0.88.merged.landmark.h5', 'growth_bins': 0, 'initial_weights': None, 'save_weights': '/dev/shm/Uno/save/9000732.amn-0001/88/2.0.model.h5', 'config_file': '/home/brettin/CSC249ADOA01_CNDA/brettin/Benchmarks/Pilot1/Uno/uno_auc_model.txt', 'data_type': <class 'numpy.float32'>, 'data_dir': '/dev/shm/Uno/uno/Data', 'output_dir': '/dev/shm/Uno/uno/Output/9000732.amn-0001/88'}
2024-05-22 13:29:36 Feature encoding submodel for cell.rnaseq:
2024-05-22 13:29:36 Model: "cell.rnaseq"
2024-05-22 13:29:36 _________________________________________________________________
2024-05-22 13:29:36  Layer (type)                Output Shape              Param #   
2024-05-22 13:29:36 =================================================================
2024-05-22 13:29:36  input_1 (InputLayer)        [(None, 958)]             0         
2024-05-22 13:29:36                                                                  
2024-05-22 13:29:36  dense (Dense)               (None, 1000)              959000    
2024-05-22 13:29:36                                                                  
2024-05-22 13:29:36  permanent_dropout (Permane  (None, 1000)              0         
2024-05-22 13:29:36  ntDropout)                                                      
2024-05-22 13:29:36                                                                  
2024-05-22 13:29:36  dense_1 (Dense)             (None, 1000)              1001000   
2024-05-22 13:29:36                                                                  
2024-05-22 13:29:36  permanent_dropout_1 (Perma  (None, 1000)              0         
2024-05-22 13:29:36  nentDropout)                                                    
2024-05-22 13:29:36                                                                  
2024-05-22 13:29:36  dense_2 (Dense)             (None, 1000)              1001000   
2024-05-22 13:29:36                                                                  
2024-05-22 13:29:36  permanent_dropout_2 (Perma  (None, 1000)              0         
2024-05-22 13:29:36  nentDropout)                                                    
2024-05-22 13:29:36                                                                  
2024-05-22 13:29:36 =================================================================
2024-05-22 13:29:36 Total params: 2961000 (11.30 MB)
2024-05-22 13:29:36 Trainable params: 2961000 (11.30 MB)
2024-05-22 13:29:36 Non-trainable params: 0 (0.00 Byte)
2024-05-22 13:29:36 _________________________________________________________________
2024-05-22 13:29:36 Feature encoding submodel for drug.descriptors:
2024-05-22 13:29:36 Model: "drug.descriptors"
2024-05-22 13:29:36 _________________________________________________________________
2024-05-22 13:29:36  Layer (type)                Output Shape              Param #   
2024-05-22 13:29:36 =================================================================
2024-05-22 13:29:36  input_2 (InputLayer)        [(None, 1613)]            0         
2024-05-22 13:29:36                                                                  
2024-05-22 13:29:36  dense_3 (Dense)             (None, 1000)              1614000   
2024-05-22 13:29:36                                                                  
2024-05-22 13:29:36  permanent_dropout_3 (Perma  (None, 1000)              0         
2024-05-22 13:29:36  nentDropout)                                                    
2024-05-22 13:29:36                                                                  
2024-05-22 13:29:36  dense_4 (Dense)             (None, 1000)              1001000   
2024-05-22 13:29:36                                                                  
2024-05-22 13:29:36  permanent_dropout_4 (Perma  (None, 1000)              0         
2024-05-22 13:29:36  nentDropout)                                                    
2024-05-22 13:29:36                                                                  
2024-05-22 13:29:36  dense_5 (Dense)             (None, 1000)              1001000   
2024-05-22 13:29:36                                                                  
2024-05-22 13:29:36  permanent_dropout_5 (Perma  (None, 1000)              0         
2024-05-22 13:29:36  nentDropout)                                                    
2024-05-22 13:29:36                                                                  
2024-05-22 13:29:36 =================================================================
2024-05-22 13:29:36 Total params: 3616000 (13.79 MB)
2024-05-22 13:29:36 Trainable params: 3616000 (13.79 MB)
2024-05-22 13:29:36 Non-trainable params: 0 (0.00 Byte)
2024-05-22 13:29:36 _________________________________________________________________
2024-05-22 13:29:36 Combined model:
2024-05-22 13:29:36 Model: "model"
2024-05-22 13:29:36 __________________________________________________________________________________________________
2024-05-22 13:29:36  Layer (type)                Output Shape                 Param #   Connected to                  
2024-05-22 13:29:36 ==================================================================================================
2024-05-22 13:29:36  input.cell.rnaseq (InputLa  [(None, 958)]                0         []                            
2024-05-22 13:29:36  yer)                                                                                             
2024-05-22 13:29:36                                                                                                   
2024-05-22 13:29:36  input.drug1.descriptors (I  [(None, 1613)]               0         []                            
2024-05-22 13:29:36  nputLayer)                                                                                       
2024-05-22 13:29:36                                                                                                   
2024-05-22 13:29:36  cell.rnaseq (Functional)    (None, 1000)                 2961000   ['input.cell.rnaseq[0][0]']   
2024-05-22 13:29:36                                                                                                   
2024-05-22 13:29:36  drug.descriptors (Function  (None, 1000)                 3616000   ['input.drug1.descriptors[0][0
2024-05-22 13:29:36  al)                                                                ]']                           
2024-05-22 13:29:36                                                                                                   
2024-05-22 13:29:36  concatenate (Concatenate)   (None, 2000)                 0         ['cell.rnaseq[0][0]',         
2024-05-22 13:29:36                                                                      'drug.descriptors[0][0]']    
2024-05-22 13:29:36                                                                                                   
2024-05-22 13:29:36  dense_6 (Dense)             (None, 1000)                 2001000   ['concatenate[0][0]']         
2024-05-22 13:29:36                                                                                                   
2024-05-22 13:29:36  permanent_dropout_6 (Perma  (None, 1000)                 0         ['dense_6[0][0]']             
2024-05-22 13:29:36  nentDropout)                                                                                     
2024-05-22 13:29:36                                                                                                   
2024-05-22 13:29:36  dense_7 (Dense)             (None, 1000)                 1001000   ['permanent_dropout_6[0][0]'] 
2024-05-22 13:29:36                                                                                                   
2024-05-22 13:29:36  permanent_dropout_7 (Perma  (None, 1000)                 0         ['dense_7[0][0]']             
2024-05-22 13:29:36  nentDropout)                                                                                     
2024-05-22 13:29:36                                                                                                   
2024-05-22 13:29:36  dense_8 (Dense)             (None, 1000)                 1001000   ['permanent_dropout_7[0][0]'] 
2024-05-22 13:29:36                                                                                                   
2024-05-22 13:29:36  permanent_dropout_8 (Perma  (None, 1000)                 0         ['dense_8[0][0]']             
2024-05-22 13:29:36  nentDropout)                                                                                     
2024-05-22 13:29:36                                                                                                   
2024-05-22 13:29:36  dense_9 (Dense)             (None, 1000)                 1001000   ['permanent_dropout_8[0][0]'] 
2024-05-22 13:29:36                                                                                                   
2024-05-22 13:29:36  permanent_dropout_9 (Perma  (None, 1000)                 0         ['dense_9[0][0]']             
2024-05-22 13:29:36  nentDropout)                                                                                     
2024-05-22 13:29:36                                                                                                   
2024-05-22 13:29:36  dense_10 (Dense)            (None, 1000)                 1001000   ['permanent_dropout_9[0][0]'] 
2024-05-22 13:29:36                                                                                                   
2024-05-22 13:29:36  permanent_dropout_10 (Perm  (None, 1000)                 0         ['dense_10[0][0]']            
2024-05-22 13:29:36  anentDropout)                                                                                    
2024-05-22 13:29:36                                                                                                   
2024-05-22 13:29:36  dense_11 (Dense)            (None, 1)                    1001      ['permanent_dropout_10[0][0]']
2024-05-22 13:29:36                                                                                                   
2024-05-22 13:29:36 ==================================================================================================
2024-05-22 13:29:36 Total params: 12583001 (48.00 MB)
2024-05-22 13:29:36 Trainable params: 12583001 (48.00 MB)
2024-05-22 13:29:36 Non-trainable params: 0 (0.00 Byte)
2024-05-22 13:29:36 __________________________________________________________________________________________________
2024-05-22 13:29:37 CKPT CONSTRUCT...
2024-05-22 13:29:37 CKPT CONSTRUCT OK.
2024-05-22 13:29:37 template model: <keras.src.engine.functional.Functional object at 0x14d637e40af0>
2024-05-22 13:29:38 COMPILE
2024-05-22 13:29:38 Will save weights to: /dev/shm/Uno/save/9000732.amn-0001/88/2.0.model.h5
2024-05-22 13:29:54 Between random pairs in y_val:
2024-05-22 13:29:54   mse: 0.04758542
2024-05-22 13:29:54   mae: 0.15990241
2024-05-22 13:29:54   r2: -1.00493238
2024-05-22 13:29:54   corr: -0.00246619
2024-05-22 13:29:54 Data points per epoch: train = 468604, val = 117151, test = 1954
2024-05-22 13:29:54 Steps per epoch: train = 14643, val = 3660, test = 61
2024-05-22 13:29:54 Epoch 0: lr=0.001
2024-05-22 13:31:07 [Epoch: 0] loss: 0.031016, mae: 0.079506, r2: -0.157565, val_loss: 0.008659, val_mae: 0.067822, val_r2: 0.589729
2024-05-22 13:31:07 Epoch 1: lr=0.00082
2024-05-22 13:32:18 [Epoch: 1] loss: 0.008023, mae: 0.064031, r2: 0.621615, val_loss: 0.007625, val_mae: 0.062377, val_r2: 0.639560
2024-05-22 13:32:18 Epoch 2: lr=0.00064
2024-05-22 13:33:29 [Epoch: 2] loss: 0.007351, mae: 0.060961, r2: 0.652209, val_loss: 0.007223, val_mae: 0.059521, val_r2: 0.651863
2024-05-22 13:33:30 Epoch 3: lr=0.00046
2024-05-22 13:34:40 [Epoch: 3] loss: 0.006866, mae: 0.058799, r2: 0.674020, val_loss: 0.006948, val_mae: 0.058797, val_r2: 0.666927
2024-05-22 13:34:40 Epoch 4: lr=0.00028
2024-05-22 13:35:51 [Epoch: 4] loss: 0.006472, mae: 0.056962, r2: 0.692037, val_loss: 0.006593, val_mae: 0.057234, val_r2: 0.684529
2024-05-22 13:35:52 Epoch 5: lr=0.0001
2024-05-22 13:37:02 [Epoch: 5] loss: 0.006132, mae: 0.055360, r2: 0.707727, val_loss: 0.006446, val_mae: 0.056360, val_r2: 0.691058
2024-05-22 13:37:02 Epoch 6: lr=0.0001
2024-05-22 13:38:13 [Epoch: 6] loss: 0.006021, mae: 0.054845, r2: 0.712787, val_loss: 0.006381, val_mae: 0.056511, val_r2: 0.694560
2024-05-22 13:38:13 Epoch 7: lr=0.0001
2024-05-22 13:39:24 [Epoch: 7] loss: 0.005951, mae: 0.054549, r2: 0.715912, val_loss: 0.006333, val_mae: 0.055807, val_r2: 0.696756
2024-05-22 13:39:24 Epoch 8: lr=0.0001
2024-05-22 13:40:35 [Epoch: 8] loss: 0.005880, mae: 0.054217, r2: 0.719605, val_loss: 0.006329, val_mae: 0.055564, val_r2: 0.696813
2024-05-22 13:40:35 Epoch 9: lr=0.0001
2024-05-22 13:41:46 [Epoch: 9] loss: 0.005810, mae: 0.053926, r2: 0.722664, val_loss: 0.006294, val_mae: 0.055840, val_r2: 0.696890
2024-05-22 13:41:46 Epoch 10: lr=0.0001
2024-05-22 13:42:58 [Epoch: 10] loss: 0.005746, mae: 0.053663, r2: 0.725661, val_loss: 0.006279, val_mae: 0.055291, val_r2: 0.698897
2024-05-22 13:42:58 Epoch 11: lr=0.0001
2024-05-22 13:44:09 [Epoch: 11] loss: 0.005671, mae: 0.053325, r2: 0.729265, val_loss: 0.006252, val_mae: 0.055686, val_r2: 0.698898
2024-05-22 13:44:09 Epoch 12: lr=0.0001
2024-05-22 13:45:19 [Epoch: 12] loss: 0.005632, mae: 0.053151, r2: 0.730851, val_loss: 0.006245, val_mae: 0.055431, val_r2: 0.700913
2024-05-22 13:45:19 Epoch 13: lr=5e-05
2024-05-22 13:46:30 [Epoch: 13] loss: 0.005495, mae: 0.052493, r2: 0.737254, val_loss: 0.006203, val_mae: 0.054920, val_r2: 0.702513
2024-05-22 13:46:30 Epoch 14: lr=5e-05
2024-05-22 13:47:41 [Epoch: 14] loss: 0.005458, mae: 0.052311, r2: 0.738846, val_loss: 0.006198, val_mae: 0.055308, val_r2: 0.701989
2024-05-22 13:47:41 Epoch 15: lr=5e-05
2024-05-22 13:48:53 [Epoch: 15] loss: 0.005428, mae: 0.052165, r2: 0.740296, val_loss: 0.006191, val_mae: 0.055019, val_r2: 0.703602
2024-05-22 13:48:53 Epoch 16: lr=5e-05
2024-05-22 13:50:04 [Epoch: 16] loss: 0.005398, mae: 0.052053, r2: 0.741517, val_loss: 0.006213, val_mae: 0.054853, val_r2: 0.701477
2024-05-22 13:50:04 Epoch 17: lr=5e-05
2024-05-22 13:51:15 [Epoch: 17] loss: 0.005374, mae: 0.051912, r2: 0.742837, val_loss: 0.006166, val_mae: 0.055094, val_r2: 0.704112
2024-05-22 13:51:15 Epoch 18: lr=5e-05
2024-05-22 13:52:26 [Epoch: 18] loss: 0.005336, mae: 0.051788, r2: 0.744410, val_loss: 0.006160, val_mae: 0.054880, val_r2: 0.704259
2024-05-22 13:52:26 Epoch 19: lr=2.5e-05
2024-05-22 13:53:37 [Epoch: 19] loss: 0.005274, mae: 0.051484, r2: 0.747514, val_loss: 0.006168, val_mae: 0.054562, val_r2: 0.703767
2024-05-22 13:53:37 Epoch 20: lr=2.5e-05
2024-05-22 13:54:48 [Epoch: 20] loss: 0.005264, mae: 0.051416, r2: 0.748052, val_loss: 0.006143, val_mae: 0.054815, val_r2: 0.705274
2024-05-22 13:54:48 Epoch 21: lr=2.5e-05
2024-05-22 13:55:59 [Epoch: 21] loss: 0.005233, mae: 0.051306, r2: 0.749222, val_loss: 0.006181, val_mae: 0.054783, val_r2: 0.703124
2024-05-22 13:55:59 Epoch 22: lr=2.5e-05
2024-05-22 13:57:10 [Epoch: 22] loss: 0.005224, mae: 0.051217, r2: 0.749859, val_loss: 0.006169, val_mae: 0.055149, val_r2: 0.703513
2024-05-22 13:57:11 Epoch 23: lr=2.5e-05
2024-05-22 13:58:21 [Epoch: 23] loss: 0.005206, mae: 0.051180, r2: 0.750713, val_loss: 0.006144, val_mae: 0.054905, val_r2: 0.705962
2024-05-22 13:58:21 Epoch 24: lr=1.25e-05
2024-05-22 13:59:33 [Epoch: 24] loss: 0.005172, mae: 0.051001, r2: 0.752137, val_loss: 0.006144, val_mae: 0.054897, val_r2: 0.704847
2024-05-22 13:59:33 Epoch 25: lr=1.25e-05
2024-05-22 14:00:43 [Epoch: 25] loss: 0.005159, mae: 0.050965, r2: 0.752600, val_loss: 0.006168, val_mae: 0.054813, val_r2: 0.703617
2024-05-22 14:00:43 Epoch 26: lr=1.25e-05
2024-05-22 14:01:54 [Epoch: 26] loss: 0.005148, mae: 0.050893, r2: 0.753305, val_loss: 0.006147, val_mae: 0.054711, val_r2: 0.705004
2024-05-22 14:01:55 Epoch 27: lr=1.25e-05
2024-05-22 14:03:06 [Epoch: 27] loss: 0.005144, mae: 0.050838, r2: 0.753586, val_loss: 0.006147, val_mae: 0.054570, val_r2: 0.705424
2024-05-22 14:03:06 Epoch 28: lr=1.25e-05
2024-05-22 14:04:17 [Epoch: 28] loss: 0.005139, mae: 0.050856, r2: 0.753591, val_loss: 0.006128, val_mae: 0.054619, val_r2: 0.705208
2024-05-22 14:04:17 Epoch 29: lr=1e-05
2024-05-22 14:05:28 [Epoch: 29] loss: 0.005134, mae: 0.050818, r2: 0.753960, val_loss: 0.006150, val_mae: 0.054832, val_r2: 0.704588
2024-05-22 14:05:28 Epoch 30: lr=1e-05
2024-05-22 14:06:38 [Epoch: 30] loss: 0.005135, mae: 0.050808, r2: 0.753879, val_loss: 0.006174, val_mae: 0.054771, val_r2: 0.703328
2024-05-22 14:06:38 Epoch 31: lr=1e-05
2024-05-22 14:07:49 [Epoch: 31] loss: 0.005111, mae: 0.050706, r2: 0.755101, val_loss: 0.006134, val_mae: 0.054537, val_r2: 0.705759
2024-05-22 14:07:50 Epoch 32: lr=1e-05
2024-05-22 14:09:00 [Epoch: 32] loss: 0.005110, mae: 0.050695, r2: 0.754903, val_loss: 0.006130, val_mae: 0.054661, val_r2: 0.705845
2024-05-22 14:09:00 Epoch 33: lr=1e-05
2024-05-22 14:10:11 [Epoch: 33] loss: 0.005112, mae: 0.050653, r2: 0.755083, val_loss: 0.006130, val_mae: 0.054558, val_r2: 0.705480
2024-05-22 14:10:11 Epoch 34: lr=1e-05
2024-05-22 14:11:22 [Epoch: 34] loss: 0.005098, mae: 0.050640, r2: 0.755568, val_loss: 0.006150, val_mae: 0.054551, val_r2: 0.704300
2024-05-22 14:11:22 Epoch 35: lr=1e-05
2024-05-22 14:12:33 [Epoch: 35] loss: 0.005099, mae: 0.050644, r2: 0.755563, val_loss: 0.006147, val_mae: 0.054692, val_r2: 0.704471
2024-05-22 14:12:33 Epoch 36: lr=1e-05
2024-05-22 14:13:44 [Epoch: 36] loss: 0.005093, mae: 0.050600, r2: 0.755755, val_loss: 0.006150, val_mae: 0.054768, val_r2: 0.704568
2024-05-22 14:13:44 Epoch 37: lr=1e-05
2024-05-22 14:14:56 [Epoch: 37] loss: 0.005092, mae: 0.050578, r2: 0.755983, val_loss: 0.006149, val_mae: 0.054487, val_r2: 0.704335
2024-05-22 14:14:56 Epoch 38: lr=1e-05
2024-05-22 14:16:06 [Epoch: 38] loss: 0.005082, mae: 0.050577, r2: 0.756579, val_loss: 0.006146, val_mae: 0.054544, val_r2: 0.705089
2024-05-22 14:16:07 history_length: 39
2024-05-22 14:16:07 stopping: early
2024-05-22 14:16:07 Comparing y_true and y_pred:
2024-05-22 14:16:07   mse: 0.00646081
2024-05-22 14:16:07   mae: 0.06716926
2024-05-22 14:16:07   r2: -0.66079899
2024-05-22 14:16:07   corr: 0.15203722
