2024-04-29 10:35:23 UNO RUN ...
2024-04-29 10:35:23 Params: {'model_name': 'uno', 'train_sources': ['CCLE'], 'test_sources': ['train'], 'cell_types': None, 'cell_features': ['rnaseq'], 'drug_features': ['descriptors'], 'dense': [1000, 1000, 1000, 1000, 1000], 'dense_feature_layers': [1000, 1000, 1000], 'activation': 'relu', 'loss': 'mse', 'optimizer': 'adamax', 'scaling': 'std', 'dropout': 0.1, 'epochs': 30, 'batch_size': 32, 'val_split': 0.2, 'cv': 1, 'max_val_loss': 1.0, 'learning_rate': 0.0001, 'base_lr': None, 'agg_dose': 'AUC', 'residual': False, 'reduce_lr': True, 'warmup_lr': True, 'batch_normalization': False, 'feature_subsample': 0, 'rng_seed': 2018, 'no_gen': False, 'verbose': False, 'preprocess_rnaseq': 'source_scale', 'gpus': [0], 'use_landmark_genes': True, 'no_feature_source': True, 'no_response_source': True, 'save_path': '/dev/shm/Uno/save/8994056.amn-0001/20', 'single': True, 'on_memory_loader': True, 'ckpt_checksum': True, 'ckpt_save_interval': 0, 'timeout': -1, 'train_bool': True, 'profiling': False, 'experiment_id': '8994056.amn-0001', 'run_id': '20', 'logfile': '/dev/shm/Uno/save/8994056.amn-0001/20/python.log', 'shuffle': False, 'ckpt_restart_mode': 'off', 'ckpt_skip_epochs': 0, 'ckpt_directory': '/dev/shm/Uno/save/8994056.amn-0001/20', 'ckpt_save_best': True, 'ckpt_save_best_metric': 'val_loss', 'ckpt_save_weights_only': False, 'ckpt_keep_mode': 'linear', 'ckpt_keep_limit': 5, 'by_cell': None, 'by_drug': None, 'cell_subset_path': '', 'drug_subset_path': '', 'drug_median_response_min': -1, 'drug_median_response_max': 1, 'dense_cell_feature_layers': None, 'dense_drug_feature_layers': None, 'use_filtered_genes': False, 'feature_subset_path': '', 'cell_feature_subset_path': '', 'drug_feature_subset_path': '', 'es': True, 'cp': False, 'tb': False, 'tb_prefix': 'tb', 'partition_by': None, 'cache': None, 'export_csv': None, 'export_data': None, 'use_exported_data': '/dev/shm/Uno/x1921c6s6b0n0.20.merged.landmark.h5', 'growth_bins': 0, 'initial_weights': None, 'save_weights': '/dev/shm/Uno/save/8994056.amn-0001/20/4.0.model.h5', 'config_file': '/home/brettin/CSC249ADOA01_CNDA/brettin/Benchmarks/Pilot1/Uno/uno_auc_model.txt', 'data_type': <class 'numpy.float32'>, 'data_dir': '/dev/shm/Uno/uno/Data', 'output_dir': '/dev/shm/Uno/uno/Output/8994056.amn-0001/20'}
2024-04-29 10:35:24 Feature encoding submodel for cell.rnaseq:
2024-04-29 10:35:24 Model: "cell.rnaseq"
2024-04-29 10:35:24 _________________________________________________________________
2024-04-29 10:35:24  Layer (type)                Output Shape              Param #   
2024-04-29 10:35:24 =================================================================
2024-04-29 10:35:24  input_1 (InputLayer)        [(None, 958)]             0         
2024-04-29 10:35:24                                                                  
2024-04-29 10:35:24  dense (Dense)               (None, 1000)              959000    
2024-04-29 10:35:24                                                                  
2024-04-29 10:35:24  permanent_dropout (Permane  (None, 1000)              0         
2024-04-29 10:35:24  ntDropout)                                                      
2024-04-29 10:35:24                                                                  
2024-04-29 10:35:24  dense_1 (Dense)             (None, 1000)              1001000   
2024-04-29 10:35:24                                                                  
2024-04-29 10:35:24  permanent_dropout_1 (Perma  (None, 1000)              0         
2024-04-29 10:35:24  nentDropout)                                                    
2024-04-29 10:35:24                                                                  
2024-04-29 10:35:24  dense_2 (Dense)             (None, 1000)              1001000   
2024-04-29 10:35:24                                                                  
2024-04-29 10:35:24  permanent_dropout_2 (Perma  (None, 1000)              0         
2024-04-29 10:35:24  nentDropout)                                                    
2024-04-29 10:35:24                                                                  
2024-04-29 10:35:24 =================================================================
2024-04-29 10:35:24 Total params: 2961000 (11.30 MB)
2024-04-29 10:35:24 Trainable params: 2961000 (11.30 MB)
2024-04-29 10:35:24 Non-trainable params: 0 (0.00 Byte)
2024-04-29 10:35:24 _________________________________________________________________
2024-04-29 10:35:24 Feature encoding submodel for drug.descriptors:
2024-04-29 10:35:24 Model: "drug.descriptors"
2024-04-29 10:35:24 _________________________________________________________________
2024-04-29 10:35:24  Layer (type)                Output Shape              Param #   
2024-04-29 10:35:24 =================================================================
2024-04-29 10:35:24  input_2 (InputLayer)        [(None, 1613)]            0         
2024-04-29 10:35:24                                                                  
2024-04-29 10:35:24  dense_3 (Dense)             (None, 1000)              1614000   
2024-04-29 10:35:24                                                                  
2024-04-29 10:35:24  permanent_dropout_3 (Perma  (None, 1000)              0         
2024-04-29 10:35:24  nentDropout)                                                    
2024-04-29 10:35:24                                                                  
2024-04-29 10:35:24  dense_4 (Dense)             (None, 1000)              1001000   
2024-04-29 10:35:24                                                                  
2024-04-29 10:35:24  permanent_dropout_4 (Perma  (None, 1000)              0         
2024-04-29 10:35:24  nentDropout)                                                    
2024-04-29 10:35:24                                                                  
2024-04-29 10:35:24  dense_5 (Dense)             (None, 1000)              1001000   
2024-04-29 10:35:24                                                                  
2024-04-29 10:35:24  permanent_dropout_5 (Perma  (None, 1000)              0         
2024-04-29 10:35:24  nentDropout)                                                    
2024-04-29 10:35:24                                                                  
2024-04-29 10:35:24 =================================================================
2024-04-29 10:35:24 Total params: 3616000 (13.79 MB)
2024-04-29 10:35:24 Trainable params: 3616000 (13.79 MB)
2024-04-29 10:35:24 Non-trainable params: 0 (0.00 Byte)
2024-04-29 10:35:24 _________________________________________________________________
2024-04-29 10:35:24 Combined model:
2024-04-29 10:35:24 Model: "model"
2024-04-29 10:35:24 __________________________________________________________________________________________________
2024-04-29 10:35:24  Layer (type)                Output Shape                 Param #   Connected to                  
2024-04-29 10:35:24 ==================================================================================================
2024-04-29 10:35:24  input.cell.rnaseq (InputLa  [(None, 958)]                0         []                            
2024-04-29 10:35:24  yer)                                                                                             
2024-04-29 10:35:24                                                                                                   
2024-04-29 10:35:24  input.drug1.descriptors (I  [(None, 1613)]               0         []                            
2024-04-29 10:35:24  nputLayer)                                                                                       
2024-04-29 10:35:24                                                                                                   
2024-04-29 10:35:24  cell.rnaseq (Functional)    (None, 1000)                 2961000   ['input.cell.rnaseq[0][0]']   
2024-04-29 10:35:24                                                                                                   
2024-04-29 10:35:24  drug.descriptors (Function  (None, 1000)                 3616000   ['input.drug1.descriptors[0][0
2024-04-29 10:35:24  al)                                                                ]']                           
2024-04-29 10:35:24                                                                                                   
2024-04-29 10:35:24  concatenate (Concatenate)   (None, 2000)                 0         ['cell.rnaseq[0][0]',         
2024-04-29 10:35:24                                                                      'drug.descriptors[0][0]']    
2024-04-29 10:35:24                                                                                                   
2024-04-29 10:35:24  dense_6 (Dense)             (None, 1000)                 2001000   ['concatenate[0][0]']         
2024-04-29 10:35:24                                                                                                   
2024-04-29 10:35:24  permanent_dropout_6 (Perma  (None, 1000)                 0         ['dense_6[0][0]']             
2024-04-29 10:35:24  nentDropout)                                                                                     
2024-04-29 10:35:24                                                                                                   
2024-04-29 10:35:24  dense_7 (Dense)             (None, 1000)                 1001000   ['permanent_dropout_6[0][0]'] 
2024-04-29 10:35:24                                                                                                   
2024-04-29 10:35:24  permanent_dropout_7 (Perma  (None, 1000)                 0         ['dense_7[0][0]']             
2024-04-29 10:35:24  nentDropout)                                                                                     
2024-04-29 10:35:24                                                                                                   
2024-04-29 10:35:24  dense_8 (Dense)             (None, 1000)                 1001000   ['permanent_dropout_7[0][0]'] 
2024-04-29 10:35:24                                                                                                   
2024-04-29 10:35:24  permanent_dropout_8 (Perma  (None, 1000)                 0         ['dense_8[0][0]']             
2024-04-29 10:35:24  nentDropout)                                                                                     
2024-04-29 10:35:24                                                                                                   
2024-04-29 10:35:24  dense_9 (Dense)             (None, 1000)                 1001000   ['permanent_dropout_8[0][0]'] 
2024-04-29 10:35:24                                                                                                   
2024-04-29 10:35:24  permanent_dropout_9 (Perma  (None, 1000)                 0         ['dense_9[0][0]']             
2024-04-29 10:35:24  nentDropout)                                                                                     
2024-04-29 10:35:24                                                                                                   
2024-04-29 10:35:24  dense_10 (Dense)            (None, 1000)                 1001000   ['permanent_dropout_9[0][0]'] 
2024-04-29 10:35:24                                                                                                   
2024-04-29 10:35:24  permanent_dropout_10 (Perm  (None, 1000)                 0         ['dense_10[0][0]']            
2024-04-29 10:35:24  anentDropout)                                                                                    
2024-04-29 10:35:24                                                                                                   
2024-04-29 10:35:24  dense_11 (Dense)            (None, 1)                    1001      ['permanent_dropout_10[0][0]']
2024-04-29 10:35:24                                                                                                   
2024-04-29 10:35:24 ==================================================================================================
2024-04-29 10:35:24 Total params: 12583001 (48.00 MB)
2024-04-29 10:35:24 Trainable params: 12583001 (48.00 MB)
2024-04-29 10:35:24 Non-trainable params: 0 (0.00 Byte)
2024-04-29 10:35:24 __________________________________________________________________________________________________
2024-04-29 10:35:24 CKPT CONSTRUCT...
2024-04-29 10:35:24 CKPT CONSTRUCT OK.
2024-04-29 10:35:24 template model: <keras.src.engine.functional.Functional object at 0x14a2d3e92640>
2024-04-29 10:35:26 COMPILE
2024-04-29 10:35:26 Will save weights to: /dev/shm/Uno/save/8994056.amn-0001/20/4.0.model.h5
2024-04-29 10:35:42 Between random pairs in y_val:
2024-04-29 10:35:42   mse: 0.04703773
2024-04-29 10:35:42   mae: 0.15869612
2024-04-29 10:35:42   r2: -0.99117219
2024-04-29 10:35:42   corr: 0.00441391
2024-04-29 10:35:42 Data points per epoch: train = 470167, val = 117542, test = 726
2024-04-29 10:35:42 Steps per epoch: train = 14692, val = 3673, test = 22
2024-04-29 10:35:42 Epoch 0: lr=0.001
2024-04-29 10:36:58 [Epoch: 0] loss: 0.028792, mae: 0.079665, r2: -0.868307, val_loss: 0.008640, val_mae: 0.067191, val_r2: 0.592868
2024-04-29 10:36:58 Epoch 1: lr=0.00082
2024-04-29 10:38:12 [Epoch: 1] loss: 0.007999, mae: 0.063993, r2: 0.621496, val_loss: 0.007821, val_mae: 0.062948, val_r2: 0.626614
2024-04-29 10:38:13 Epoch 2: lr=0.00064
2024-04-29 10:39:26 [Epoch: 2] loss: 0.007318, mae: 0.060891, r2: 0.653044, val_loss: 0.007183, val_mae: 0.059347, val_r2: 0.652654
2024-04-29 10:39:27 Epoch 3: lr=0.00046
2024-04-29 10:40:40 [Epoch: 3] loss: 0.006837, mae: 0.058746, r2: 0.674970, val_loss: 0.006796, val_mae: 0.058549, val_r2: 0.671783
2024-04-29 10:40:40 Epoch 4: lr=0.00028
2024-04-29 10:41:54 [Epoch: 4] loss: 0.006443, mae: 0.056893, r2: 0.692724, val_loss: 0.006563, val_mae: 0.056713, val_r2: 0.681467
2024-04-29 10:41:54 Epoch 5: lr=0.0001
2024-04-29 10:43:08 [Epoch: 5] loss: 0.006119, mae: 0.055371, r2: 0.707638, val_loss: 0.006363, val_mae: 0.055969, val_r2: 0.691910
2024-04-29 10:43:08 Epoch 6: lr=0.0001
2024-04-29 10:44:23 [Epoch: 6] loss: 0.006004, mae: 0.054865, r2: 0.713200, val_loss: 0.006338, val_mae: 0.055975, val_r2: 0.693596
2024-04-29 10:44:23 Epoch 7: lr=0.0001
2024-04-29 10:45:36 [Epoch: 7] loss: 0.005936, mae: 0.054541, r2: 0.716125, val_loss: 0.006288, val_mae: 0.055902, val_r2: 0.695228
2024-04-29 10:45:36 Epoch 8: lr=0.0001
2024-04-29 10:46:51 [Epoch: 8] loss: 0.005876, mae: 0.054257, r2: 0.719096, val_loss: 0.006259, val_mae: 0.055665, val_r2: 0.696424
2024-04-29 10:46:51 Epoch 9: lr=0.0001
2024-04-29 10:48:05 [Epoch: 9] loss: 0.005799, mae: 0.053891, r2: 0.722610, val_loss: 0.006244, val_mae: 0.055224, val_r2: 0.698059
2024-04-29 10:48:05 Epoch 10: lr=0.0001
2024-04-29 10:49:19 [Epoch: 10] loss: 0.005740, mae: 0.053658, r2: 0.725374, val_loss: 0.006212, val_mae: 0.055462, val_r2: 0.698158
2024-04-29 10:49:19 Epoch 11: lr=0.0001
2024-04-29 10:50:33 [Epoch: 11] loss: 0.005679, mae: 0.053383, r2: 0.728332, val_loss: 0.006271, val_mae: 0.056602, val_r2: 0.694499
2024-04-29 10:50:33 Epoch 12: lr=0.0001
2024-04-29 10:51:47 [Epoch: 12] loss: 0.005626, mae: 0.053151, r2: 0.730636, val_loss: 0.006171, val_mae: 0.054862, val_r2: 0.700663
2024-04-29 10:51:47 Epoch 13: lr=0.0001
2024-04-29 10:53:01 [Epoch: 13] loss: 0.005565, mae: 0.052847, r2: 0.733470, val_loss: 0.006179, val_mae: 0.055625, val_r2: 0.699601
2024-04-29 10:53:01 Epoch 14: lr=5e-05
2024-04-29 10:54:15 [Epoch: 14] loss: 0.005448, mae: 0.052308, r2: 0.738880, val_loss: 0.006141, val_mae: 0.054818, val_r2: 0.701952
2024-04-29 10:54:15 Epoch 15: lr=5e-05
2024-04-29 10:55:29 [Epoch: 15] loss: 0.005404, mae: 0.052087, r2: 0.741128, val_loss: 0.006105, val_mae: 0.054627, val_r2: 0.703959
2024-04-29 10:55:29 Epoch 16: lr=5e-05
2024-04-29 10:56:43 [Epoch: 16] loss: 0.005375, mae: 0.051956, r2: 0.742083, val_loss: 0.006130, val_mae: 0.054538, val_r2: 0.702722
2024-04-29 10:56:43 Epoch 17: lr=5e-05
2024-04-29 10:57:57 [Epoch: 17] loss: 0.005341, mae: 0.051808, r2: 0.743782, val_loss: 0.006085, val_mae: 0.054869, val_r2: 0.704185
2024-04-29 10:57:57 Epoch 18: lr=5e-05
2024-04-29 10:59:11 [Epoch: 18] loss: 0.005309, mae: 0.051685, r2: 0.745282, val_loss: 0.006089, val_mae: 0.054719, val_r2: 0.704573
2024-04-29 10:59:11 Epoch 19: lr=5e-05
2024-04-29 11:00:25 [Epoch: 19] loss: 0.005276, mae: 0.051513, r2: 0.746779, val_loss: 0.006090, val_mae: 0.054765, val_r2: 0.704022
2024-04-29 11:00:25 Epoch 20: lr=2.5e-05
2024-04-29 11:01:39 [Epoch: 20] loss: 0.005219, mae: 0.051257, r2: 0.749496, val_loss: 0.006105, val_mae: 0.054516, val_r2: 0.703213
2024-04-29 11:01:40 Epoch 21: lr=2.5e-05
2024-04-29 11:02:54 [Epoch: 21] loss: 0.005202, mae: 0.051149, r2: 0.750271, val_loss: 0.006069, val_mae: 0.054668, val_r2: 0.704995
2024-04-29 11:02:54 Epoch 22: lr=2.5e-05
2024-04-29 11:04:07 [Epoch: 22] loss: 0.005178, mae: 0.051047, r2: 0.751476, val_loss: 0.006079, val_mae: 0.054745, val_r2: 0.703591
2024-04-29 11:04:07 Epoch 23: lr=2.5e-05
2024-04-29 11:05:21 [Epoch: 23] loss: 0.005163, mae: 0.050956, r2: 0.752136, val_loss: 0.006076, val_mae: 0.054660, val_r2: 0.704750
2024-04-29 11:05:21 Epoch 24: lr=2.5e-05
2024-04-29 11:06:35 [Epoch: 24] loss: 0.005148, mae: 0.050907, r2: 0.752841, val_loss: 0.006073, val_mae: 0.054311, val_r2: 0.704572
2024-04-29 11:06:35 Epoch 25: lr=1.25e-05
2024-04-29 11:07:49 [Epoch: 25] loss: 0.005118, mae: 0.050778, r2: 0.754010, val_loss: 0.006059, val_mae: 0.054531, val_r2: 0.705073
2024-04-29 11:07:49 Epoch 26: lr=1.25e-05
2024-04-29 11:09:03 [Epoch: 26] loss: 0.005107, mae: 0.050716, r2: 0.754705, val_loss: 0.006092, val_mae: 0.054444, val_r2: 0.704201
2024-04-29 11:09:03 Epoch 27: lr=1.25e-05
2024-04-29 11:10:17 [Epoch: 27] loss: 0.005096, mae: 0.050657, r2: 0.755094, val_loss: 0.006092, val_mae: 0.054231, val_r2: 0.704219
2024-04-29 11:10:17 Epoch 28: lr=1.25e-05
2024-04-29 11:11:31 [Epoch: 28] loss: 0.005099, mae: 0.050666, r2: 0.755167, val_loss: 0.006067, val_mae: 0.054471, val_r2: 0.704920
2024-04-29 11:11:31 Epoch 29: lr=1.25e-05
2024-04-29 11:12:45 [Epoch: 29] loss: 0.005089, mae: 0.050642, r2: 0.755384, val_loss: 0.006067, val_mae: 0.054382, val_r2: 0.705118
2024-04-29 11:12:45 history_length: 30
2024-04-29 11:12:45 stopping: complete
2024-04-29 11:12:45 Comparing y_true and y_pred:
2024-04-29 11:12:45   mse: 0.00789646
2024-04-29 11:12:45   mae: 0.06504561
2024-04-29 11:12:45   r2: 0.33543276
2024-04-29 11:12:45   corr: 0.58174828
