2024-05-09 11:42:31 UNO RUN ...
2024-05-09 11:42:31 Params: {'model_name': 'uno', 'train_sources': ['CCLE'], 'test_sources': ['train'], 'cell_types': None, 'cell_features': ['rnaseq'], 'drug_features': ['descriptors'], 'dense': [1000, 1000, 1000, 1000, 1000], 'dense_feature_layers': [1000, 1000, 1000], 'activation': 'relu', 'loss': 'mse', 'optimizer': 'adamax', 'scaling': 'std', 'dropout': 0.1, 'epochs': 30, 'batch_size': 32, 'val_split': 0.2, 'cv': 1, 'max_val_loss': 1.0, 'learning_rate': 0.0001, 'base_lr': None, 'agg_dose': 'AUC', 'residual': False, 'reduce_lr': True, 'warmup_lr': True, 'batch_normalization': False, 'feature_subsample': 0, 'rng_seed': 2018, 'no_gen': False, 'verbose': False, 'preprocess_rnaseq': 'source_scale', 'gpus': [0], 'use_landmark_genes': True, 'no_feature_source': True, 'no_response_source': True, 'save_path': '/dev/shm/Uno/save/8996461.amn-0001/282', 'single': True, 'on_memory_loader': True, 'ckpt_checksum': True, 'ckpt_save_interval': 0, 'timeout': -1, 'train_bool': True, 'profiling': False, 'experiment_id': '8996461.amn-0001', 'run_id': '282', 'logfile': '/dev/shm/Uno/save/8996461.amn-0001/282/python.log', 'shuffle': False, 'ckpt_restart_mode': 'off', 'ckpt_skip_epochs': 0, 'ckpt_directory': '/dev/shm/Uno/save/8996461.amn-0001/282', 'ckpt_save_best': True, 'ckpt_save_best_metric': 'val_loss', 'ckpt_save_weights_only': False, 'ckpt_keep_mode': 'linear', 'ckpt_keep_limit': 5, 'by_cell': None, 'by_drug': None, 'cell_subset_path': '', 'drug_subset_path': '', 'drug_median_response_min': -1, 'drug_median_response_max': 1, 'dense_cell_feature_layers': None, 'dense_drug_feature_layers': None, 'use_filtered_genes': False, 'feature_subset_path': '', 'cell_feature_subset_path': '', 'drug_feature_subset_path': '', 'es': True, 'cp': False, 'tb': False, 'tb_prefix': 'tb', 'partition_by': None, 'cache': None, 'export_csv': None, 'export_data': None, 'use_exported_data': '/dev/shm/Uno/x1921c3s5b0n0.282.merged.landmark.h5', 'growth_bins': 0, 'initial_weights': None, 'save_weights': '/dev/shm/Uno/save/8996461.amn-0001/282/3.0.model.h5', 'config_file': '/home/brettin/CSC249ADOA01_CNDA/brettin/Benchmarks/Pilot1/Uno/uno_auc_model.txt', 'data_type': <class 'numpy.float32'>, 'data_dir': '/dev/shm/Uno/uno/Data', 'output_dir': '/dev/shm/Uno/uno/Output/8996461.amn-0001/282'}
2024-05-09 11:42:31 Feature encoding submodel for cell.rnaseq:
2024-05-09 11:42:31 Model: "cell.rnaseq"
2024-05-09 11:42:31 _________________________________________________________________
2024-05-09 11:42:31  Layer (type)                Output Shape              Param #   
2024-05-09 11:42:31 =================================================================
2024-05-09 11:42:31  input_1 (InputLayer)        [(None, 958)]             0         
2024-05-09 11:42:31                                                                  
2024-05-09 11:42:31  dense (Dense)               (None, 1000)              959000    
2024-05-09 11:42:31                                                                  
2024-05-09 11:42:31  permanent_dropout (Permane  (None, 1000)              0         
2024-05-09 11:42:31  ntDropout)                                                      
2024-05-09 11:42:31                                                                  
2024-05-09 11:42:31  dense_1 (Dense)             (None, 1000)              1001000   
2024-05-09 11:42:31                                                                  
2024-05-09 11:42:31  permanent_dropout_1 (Perma  (None, 1000)              0         
2024-05-09 11:42:31  nentDropout)                                                    
2024-05-09 11:42:31                                                                  
2024-05-09 11:42:31  dense_2 (Dense)             (None, 1000)              1001000   
2024-05-09 11:42:31                                                                  
2024-05-09 11:42:31  permanent_dropout_2 (Perma  (None, 1000)              0         
2024-05-09 11:42:31  nentDropout)                                                    
2024-05-09 11:42:31                                                                  
2024-05-09 11:42:31 =================================================================
2024-05-09 11:42:31 Total params: 2961000 (11.30 MB)
2024-05-09 11:42:31 Trainable params: 2961000 (11.30 MB)
2024-05-09 11:42:31 Non-trainable params: 0 (0.00 Byte)
2024-05-09 11:42:31 _________________________________________________________________
2024-05-09 11:42:31 Feature encoding submodel for drug.descriptors:
2024-05-09 11:42:31 Model: "drug.descriptors"
2024-05-09 11:42:31 _________________________________________________________________
2024-05-09 11:42:31  Layer (type)                Output Shape              Param #   
2024-05-09 11:42:31 =================================================================
2024-05-09 11:42:31  input_2 (InputLayer)        [(None, 1613)]            0         
2024-05-09 11:42:31                                                                  
2024-05-09 11:42:31  dense_3 (Dense)             (None, 1000)              1614000   
2024-05-09 11:42:31                                                                  
2024-05-09 11:42:31  permanent_dropout_3 (Perma  (None, 1000)              0         
2024-05-09 11:42:31  nentDropout)                                                    
2024-05-09 11:42:31                                                                  
2024-05-09 11:42:31  dense_4 (Dense)             (None, 1000)              1001000   
2024-05-09 11:42:31                                                                  
2024-05-09 11:42:31  permanent_dropout_4 (Perma  (None, 1000)              0         
2024-05-09 11:42:31  nentDropout)                                                    
2024-05-09 11:42:31                                                                  
2024-05-09 11:42:31  dense_5 (Dense)             (None, 1000)              1001000   
2024-05-09 11:42:31                                                                  
2024-05-09 11:42:31  permanent_dropout_5 (Perma  (None, 1000)              0         
2024-05-09 11:42:31  nentDropout)                                                    
2024-05-09 11:42:31                                                                  
2024-05-09 11:42:31 =================================================================
2024-05-09 11:42:31 Total params: 3616000 (13.79 MB)
2024-05-09 11:42:31 Trainable params: 3616000 (13.79 MB)
2024-05-09 11:42:31 Non-trainable params: 0 (0.00 Byte)
2024-05-09 11:42:31 _________________________________________________________________
2024-05-09 11:42:31 Combined model:
2024-05-09 11:42:31 Model: "model"
2024-05-09 11:42:31 __________________________________________________________________________________________________
2024-05-09 11:42:31  Layer (type)                Output Shape                 Param #   Connected to                  
2024-05-09 11:42:31 ==================================================================================================
2024-05-09 11:42:31  input.cell.rnaseq (InputLa  [(None, 958)]                0         []                            
2024-05-09 11:42:31  yer)                                                                                             
2024-05-09 11:42:31                                                                                                   
2024-05-09 11:42:31  input.drug1.descriptors (I  [(None, 1613)]               0         []                            
2024-05-09 11:42:31  nputLayer)                                                                                       
2024-05-09 11:42:31                                                                                                   
2024-05-09 11:42:31  cell.rnaseq (Functional)    (None, 1000)                 2961000   ['input.cell.rnaseq[0][0]']   
2024-05-09 11:42:31                                                                                                   
2024-05-09 11:42:31  drug.descriptors (Function  (None, 1000)                 3616000   ['input.drug1.descriptors[0][0
2024-05-09 11:42:31  al)                                                                ]']                           
2024-05-09 11:42:31                                                                                                   
2024-05-09 11:42:31  concatenate (Concatenate)   (None, 2000)                 0         ['cell.rnaseq[0][0]',         
2024-05-09 11:42:31                                                                      'drug.descriptors[0][0]']    
2024-05-09 11:42:31                                                                                                   
2024-05-09 11:42:31  dense_6 (Dense)             (None, 1000)                 2001000   ['concatenate[0][0]']         
2024-05-09 11:42:31                                                                                                   
2024-05-09 11:42:31  permanent_dropout_6 (Perma  (None, 1000)                 0         ['dense_6[0][0]']             
2024-05-09 11:42:31  nentDropout)                                                                                     
2024-05-09 11:42:31                                                                                                   
2024-05-09 11:42:31  dense_7 (Dense)             (None, 1000)                 1001000   ['permanent_dropout_6[0][0]'] 
2024-05-09 11:42:31                                                                                                   
2024-05-09 11:42:31  permanent_dropout_7 (Perma  (None, 1000)                 0         ['dense_7[0][0]']             
2024-05-09 11:42:31  nentDropout)                                                                                     
2024-05-09 11:42:31                                                                                                   
2024-05-09 11:42:31  dense_8 (Dense)             (None, 1000)                 1001000   ['permanent_dropout_7[0][0]'] 
2024-05-09 11:42:31                                                                                                   
2024-05-09 11:42:31  permanent_dropout_8 (Perma  (None, 1000)                 0         ['dense_8[0][0]']             
2024-05-09 11:42:31  nentDropout)                                                                                     
2024-05-09 11:42:31                                                                                                   
2024-05-09 11:42:31  dense_9 (Dense)             (None, 1000)                 1001000   ['permanent_dropout_8[0][0]'] 
2024-05-09 11:42:31                                                                                                   
2024-05-09 11:42:31  permanent_dropout_9 (Perma  (None, 1000)                 0         ['dense_9[0][0]']             
2024-05-09 11:42:31  nentDropout)                                                                                     
2024-05-09 11:42:31                                                                                                   
2024-05-09 11:42:31  dense_10 (Dense)            (None, 1000)                 1001000   ['permanent_dropout_9[0][0]'] 
2024-05-09 11:42:31                                                                                                   
2024-05-09 11:42:31  permanent_dropout_10 (Perm  (None, 1000)                 0         ['dense_10[0][0]']            
2024-05-09 11:42:31  anentDropout)                                                                                    
2024-05-09 11:42:31                                                                                                   
2024-05-09 11:42:31  dense_11 (Dense)            (None, 1)                    1001      ['permanent_dropout_10[0][0]']
2024-05-09 11:42:31                                                                                                   
2024-05-09 11:42:31 ==================================================================================================
2024-05-09 11:42:31 Total params: 12583001 (48.00 MB)
2024-05-09 11:42:31 Trainable params: 12583001 (48.00 MB)
2024-05-09 11:42:31 Non-trainable params: 0 (0.00 Byte)
2024-05-09 11:42:31 __________________________________________________________________________________________________
2024-05-09 11:42:31 CKPT CONSTRUCT...
2024-05-09 11:42:31 CKPT CONSTRUCT OK.
2024-05-09 11:42:31 template model: <keras.src.engine.functional.Functional object at 0x147776884b50>
2024-05-09 11:42:33 COMPILE
2024-05-09 11:42:33 Will save weights to: /dev/shm/Uno/save/8996461.amn-0001/282/3.0.model.h5
2024-05-09 11:42:49 Between random pairs in y_val:
2024-05-09 11:42:49   mse: 0.04763175
2024-05-09 11:42:49   mae: 0.15995435
2024-05-09 11:42:49   r2: -0.99659294
2024-05-09 11:42:49   corr: 0.00170353
2024-05-09 11:42:49 Data points per epoch: train = 470167, val = 117542, test = 344
2024-05-09 11:42:49 Steps per epoch: train = 14692, val = 3673, test = 10
2024-05-09 11:42:49 Epoch 0: lr=0.001
2024-05-09 11:44:01 [Epoch: 0] loss: 0.025984, mae: 0.079324, r2: -0.084658, val_loss: 0.009267, val_mae: 0.067984, val_r2: 0.568131
2024-05-09 11:44:01 Epoch 1: lr=0.00082
2024-05-09 11:45:11 [Epoch: 1] loss: 0.007997, mae: 0.063985, r2: 0.619479, val_loss: 0.008049, val_mae: 0.066846, val_r2: 0.611229
2024-05-09 11:45:12 Epoch 2: lr=0.00064
2024-05-09 11:46:22 [Epoch: 2] loss: 0.007304, mae: 0.060793, r2: 0.650940, val_loss: 0.007172, val_mae: 0.060104, val_r2: 0.657084
2024-05-09 11:46:22 Epoch 3: lr=0.00046
2024-05-09 11:47:33 [Epoch: 3] loss: 0.006829, mae: 0.058619, r2: 0.673120, val_loss: 0.006938, val_mae: 0.058103, val_r2: 0.664227
2024-05-09 11:47:33 Epoch 4: lr=0.00028
2024-05-09 11:48:43 [Epoch: 4] loss: 0.006437, mae: 0.056818, r2: 0.690904, val_loss: 0.006555, val_mae: 0.057033, val_r2: 0.683725
2024-05-09 11:48:43 Epoch 5: lr=0.0001
2024-05-09 11:49:54 [Epoch: 5] loss: 0.006092, mae: 0.055233, r2: 0.706768, val_loss: 0.006410, val_mae: 0.056066, val_r2: 0.692518
2024-05-09 11:49:54 Epoch 6: lr=0.0001
2024-05-09 11:51:04 [Epoch: 6] loss: 0.006003, mae: 0.054838, r2: 0.711048, val_loss: 0.006349, val_mae: 0.056368, val_r2: 0.694271
2024-05-09 11:51:05 Epoch 7: lr=0.0001
2024-05-09 11:52:15 [Epoch: 7] loss: 0.005917, mae: 0.054417, r2: 0.715181, val_loss: 0.006355, val_mae: 0.055656, val_r2: 0.693219
2024-05-09 11:52:15 Epoch 8: lr=0.0001
2024-05-09 11:53:26 [Epoch: 8] loss: 0.005848, mae: 0.054120, r2: 0.718242, val_loss: 0.006326, val_mae: 0.055486, val_r2: 0.694895
2024-05-09 11:53:26 Epoch 9: lr=0.0001
2024-05-09 11:54:36 [Epoch: 9] loss: 0.005779, mae: 0.053790, r2: 0.721703, val_loss: 0.006273, val_mae: 0.055664, val_r2: 0.698885
2024-05-09 11:54:37 Epoch 10: lr=0.0001
2024-05-09 11:55:47 [Epoch: 10] loss: 0.005717, mae: 0.053516, r2: 0.724528, val_loss: 0.006268, val_mae: 0.055593, val_r2: 0.697547
2024-05-09 11:55:47 Epoch 11: lr=0.0001
2024-05-09 11:56:58 [Epoch: 11] loss: 0.005660, mae: 0.053283, r2: 0.727114, val_loss: 0.006233, val_mae: 0.055960, val_r2: 0.699554
2024-05-09 11:56:58 Epoch 12: lr=0.0001
2024-05-09 11:58:08 [Epoch: 12] loss: 0.005603, mae: 0.052992, r2: 0.729972, val_loss: 0.006189, val_mae: 0.055116, val_r2: 0.703642
2024-05-09 11:58:08 Epoch 13: lr=0.0001
2024-05-09 11:59:19 [Epoch: 13] loss: 0.005549, mae: 0.052752, r2: 0.732471, val_loss: 0.006200, val_mae: 0.055482, val_r2: 0.701554
2024-05-09 11:59:19 Epoch 14: lr=0.0001
2024-05-09 12:00:29 [Epoch: 14] loss: 0.005503, mae: 0.052525, r2: 0.734584, val_loss: 0.006163, val_mae: 0.055021, val_r2: 0.703905
2024-05-09 12:00:29 Epoch 15: lr=0.0001
2024-05-09 12:01:40 [Epoch: 15] loss: 0.005446, mae: 0.052314, r2: 0.737402, val_loss: 0.006179, val_mae: 0.055081, val_r2: 0.702309
2024-05-09 12:01:40 Epoch 16: lr=0.0001
2024-05-09 12:02:50 [Epoch: 16] loss: 0.005396, mae: 0.052060, r2: 0.739490, val_loss: 0.006179, val_mae: 0.054968, val_r2: 0.701237
2024-05-09 12:02:50 Epoch 17: lr=0.0001
2024-05-09 12:04:01 [Epoch: 17] loss: 0.005347, mae: 0.051823, r2: 0.742064, val_loss: 0.006160, val_mae: 0.054670, val_r2: 0.704568
2024-05-09 12:04:01 Epoch 18: lr=0.0001
2024-05-09 12:05:12 [Epoch: 18] loss: 0.005313, mae: 0.051645, r2: 0.743526, val_loss: 0.006164, val_mae: 0.054873, val_r2: 0.702554
2024-05-09 12:05:12 Epoch 19: lr=0.0001
2024-05-09 12:06:22 [Epoch: 19] loss: 0.005251, mae: 0.051406, r2: 0.746397, val_loss: 0.006127, val_mae: 0.054653, val_r2: 0.705285
2024-05-09 12:06:22 Epoch 20: lr=5e-05
2024-05-09 12:07:33 [Epoch: 20] loss: 0.005145, mae: 0.050891, r2: 0.751338, val_loss: 0.006095, val_mae: 0.054863, val_r2: 0.706110
2024-05-09 12:07:33 Epoch 21: lr=5e-05
2024-05-09 12:08:44 [Epoch: 21] loss: 0.005106, mae: 0.050694, r2: 0.753088, val_loss: 0.006118, val_mae: 0.054417, val_r2: 0.705660
2024-05-09 12:08:44 Epoch 22: lr=5e-05
2024-05-09 12:09:54 [Epoch: 22] loss: 0.005064, mae: 0.050475, r2: 0.755172, val_loss: 0.006102, val_mae: 0.054758, val_r2: 0.705876
2024-05-09 12:09:54 Epoch 23: lr=5e-05
2024-05-09 12:11:05 [Epoch: 23] loss: 0.005046, mae: 0.050393, r2: 0.756116, val_loss: 0.006091, val_mae: 0.054993, val_r2: 0.706193
2024-05-09 12:11:05 Epoch 24: lr=5e-05
2024-05-09 12:12:15 [Epoch: 24] loss: 0.005015, mae: 0.050242, r2: 0.757322, val_loss: 0.006083, val_mae: 0.054596, val_r2: 0.707601
2024-05-09 12:12:15 Epoch 25: lr=2.5e-05
2024-05-09 12:13:26 [Epoch: 25] loss: 0.004953, mae: 0.049995, r2: 0.760413, val_loss: 0.006108, val_mae: 0.054402, val_r2: 0.705992
2024-05-09 12:13:26 Epoch 26: lr=2.5e-05
2024-05-09 12:14:36 [Epoch: 26] loss: 0.004935, mae: 0.049876, r2: 0.761177, val_loss: 0.006106, val_mae: 0.054301, val_r2: 0.706732
2024-05-09 12:14:36 Epoch 27: lr=2.5e-05
2024-05-09 12:15:47 [Epoch: 27] loss: 0.004919, mae: 0.049818, r2: 0.762173, val_loss: 0.006092, val_mae: 0.054153, val_r2: 0.706776
2024-05-09 12:15:47 Epoch 28: lr=2.5e-05
2024-05-09 12:16:57 [Epoch: 28] loss: 0.004912, mae: 0.049755, r2: 0.762198, val_loss: 0.006092, val_mae: 0.054391, val_r2: 0.706302
2024-05-09 12:16:57 Epoch 29: lr=2.5e-05
2024-05-09 12:18:08 [Epoch: 29] loss: 0.004908, mae: 0.049745, r2: 0.762502, val_loss: 0.006109, val_mae: 0.054258, val_r2: 0.705898
2024-05-09 12:18:08 history_length: 30
2024-05-09 12:18:08 stopping: complete
2024-05-09 12:18:08 Comparing y_true and y_pred:
2024-05-09 12:18:08   mse: 0.00877363
2024-05-09 12:18:08   mae: 0.07048355
2024-05-09 12:18:08   r2: 0.53904945
2024-05-09 12:18:08   corr: 0.73480971
