2024-05-09 11:42:31 UNO RUN ...
2024-05-09 11:42:31 Params: {'model_name': 'uno', 'train_sources': ['CCLE'], 'test_sources': ['train'], 'cell_types': None, 'cell_features': ['rnaseq'], 'drug_features': ['descriptors'], 'dense': [1000, 1000, 1000, 1000, 1000], 'dense_feature_layers': [1000, 1000, 1000], 'activation': 'relu', 'loss': 'mse', 'optimizer': 'adamax', 'scaling': 'std', 'dropout': 0.1, 'epochs': 30, 'batch_size': 32, 'val_split': 0.2, 'cv': 1, 'max_val_loss': 1.0, 'learning_rate': 0.0001, 'base_lr': None, 'agg_dose': 'AUC', 'residual': False, 'reduce_lr': True, 'warmup_lr': True, 'batch_normalization': False, 'feature_subsample': 0, 'rng_seed': 2018, 'no_gen': False, 'verbose': False, 'preprocess_rnaseq': 'source_scale', 'gpus': [0], 'use_landmark_genes': True, 'no_feature_source': True, 'no_response_source': True, 'save_path': '/dev/shm/Uno/save/8996461.amn-0001/467', 'single': True, 'on_memory_loader': True, 'ckpt_checksum': True, 'ckpt_save_interval': 0, 'timeout': -1, 'train_bool': True, 'profiling': False, 'experiment_id': '8996461.amn-0001', 'run_id': '467', 'logfile': '/dev/shm/Uno/save/8996461.amn-0001/467/python.log', 'shuffle': False, 'ckpt_restart_mode': 'off', 'ckpt_skip_epochs': 0, 'ckpt_directory': '/dev/shm/Uno/save/8996461.amn-0001/467', 'ckpt_save_best': True, 'ckpt_save_best_metric': 'val_loss', 'ckpt_save_weights_only': False, 'ckpt_keep_mode': 'linear', 'ckpt_keep_limit': 5, 'by_cell': None, 'by_drug': None, 'cell_subset_path': '', 'drug_subset_path': '', 'drug_median_response_min': -1, 'drug_median_response_max': 1, 'dense_cell_feature_layers': None, 'dense_drug_feature_layers': None, 'use_filtered_genes': False, 'feature_subset_path': '', 'cell_feature_subset_path': '', 'drug_feature_subset_path': '', 'es': True, 'cp': False, 'tb': False, 'tb_prefix': 'tb', 'partition_by': None, 'cache': None, 'export_csv': None, 'export_data': None, 'use_exported_data': '/dev/shm/Uno/x1921c6s0b0n0.467.merged.landmark.h5', 'growth_bins': 0, 'initial_weights': None, 'save_weights': '/dev/shm/Uno/save/8996461.amn-0001/467/5.1.model.h5', 'config_file': '/home/brettin/CSC249ADOA01_CNDA/brettin/Benchmarks/Pilot1/Uno/uno_auc_model.txt', 'data_type': <class 'numpy.float32'>, 'data_dir': '/dev/shm/Uno/uno/Data', 'output_dir': '/dev/shm/Uno/uno/Output/8996461.amn-0001/467'}
2024-05-09 11:42:31 Feature encoding submodel for cell.rnaseq:
2024-05-09 11:42:31 Model: "cell.rnaseq"
2024-05-09 11:42:31 _________________________________________________________________
2024-05-09 11:42:31  Layer (type)                Output Shape              Param #   
2024-05-09 11:42:31 =================================================================
2024-05-09 11:42:31  input_1 (InputLayer)        [(None, 958)]             0         
2024-05-09 11:42:31                                                                  
2024-05-09 11:42:31  dense (Dense)               (None, 1000)              959000    
2024-05-09 11:42:31                                                                  
2024-05-09 11:42:31  permanent_dropout (Permane  (None, 1000)              0         
2024-05-09 11:42:31  ntDropout)                                                      
2024-05-09 11:42:31                                                                  
2024-05-09 11:42:31  dense_1 (Dense)             (None, 1000)              1001000   
2024-05-09 11:42:31                                                                  
2024-05-09 11:42:31  permanent_dropout_1 (Perma  (None, 1000)              0         
2024-05-09 11:42:31  nentDropout)                                                    
2024-05-09 11:42:31                                                                  
2024-05-09 11:42:31  dense_2 (Dense)             (None, 1000)              1001000   
2024-05-09 11:42:31                                                                  
2024-05-09 11:42:31  permanent_dropout_2 (Perma  (None, 1000)              0         
2024-05-09 11:42:31  nentDropout)                                                    
2024-05-09 11:42:31                                                                  
2024-05-09 11:42:31 =================================================================
2024-05-09 11:42:31 Total params: 2961000 (11.30 MB)
2024-05-09 11:42:31 Trainable params: 2961000 (11.30 MB)
2024-05-09 11:42:31 Non-trainable params: 0 (0.00 Byte)
2024-05-09 11:42:31 _________________________________________________________________
2024-05-09 11:42:31 Feature encoding submodel for drug.descriptors:
2024-05-09 11:42:31 Model: "drug.descriptors"
2024-05-09 11:42:31 _________________________________________________________________
2024-05-09 11:42:31  Layer (type)                Output Shape              Param #   
2024-05-09 11:42:31 =================================================================
2024-05-09 11:42:31  input_2 (InputLayer)        [(None, 1613)]            0         
2024-05-09 11:42:31                                                                  
2024-05-09 11:42:31  dense_3 (Dense)             (None, 1000)              1614000   
2024-05-09 11:42:31                                                                  
2024-05-09 11:42:31  permanent_dropout_3 (Perma  (None, 1000)              0         
2024-05-09 11:42:31  nentDropout)                                                    
2024-05-09 11:42:31                                                                  
2024-05-09 11:42:31  dense_4 (Dense)             (None, 1000)              1001000   
2024-05-09 11:42:31                                                                  
2024-05-09 11:42:31  permanent_dropout_4 (Perma  (None, 1000)              0         
2024-05-09 11:42:31  nentDropout)                                                    
2024-05-09 11:42:31                                                                  
2024-05-09 11:42:31  dense_5 (Dense)             (None, 1000)              1001000   
2024-05-09 11:42:31                                                                  
2024-05-09 11:42:31  permanent_dropout_5 (Perma  (None, 1000)              0         
2024-05-09 11:42:31  nentDropout)                                                    
2024-05-09 11:42:31                                                                  
2024-05-09 11:42:31 =================================================================
2024-05-09 11:42:31 Total params: 3616000 (13.79 MB)
2024-05-09 11:42:31 Trainable params: 3616000 (13.79 MB)
2024-05-09 11:42:31 Non-trainable params: 0 (0.00 Byte)
2024-05-09 11:42:31 _________________________________________________________________
2024-05-09 11:42:31 Combined model:
2024-05-09 11:42:31 Model: "model"
2024-05-09 11:42:31 __________________________________________________________________________________________________
2024-05-09 11:42:31  Layer (type)                Output Shape                 Param #   Connected to                  
2024-05-09 11:42:31 ==================================================================================================
2024-05-09 11:42:31  input.cell.rnaseq (InputLa  [(None, 958)]                0         []                            
2024-05-09 11:42:31  yer)                                                                                             
2024-05-09 11:42:31                                                                                                   
2024-05-09 11:42:31  input.drug1.descriptors (I  [(None, 1613)]               0         []                            
2024-05-09 11:42:31  nputLayer)                                                                                       
2024-05-09 11:42:31                                                                                                   
2024-05-09 11:42:31  cell.rnaseq (Functional)    (None, 1000)                 2961000   ['input.cell.rnaseq[0][0]']   
2024-05-09 11:42:31                                                                                                   
2024-05-09 11:42:31  drug.descriptors (Function  (None, 1000)                 3616000   ['input.drug1.descriptors[0][0
2024-05-09 11:42:31  al)                                                                ]']                           
2024-05-09 11:42:31                                                                                                   
2024-05-09 11:42:31  concatenate (Concatenate)   (None, 2000)                 0         ['cell.rnaseq[0][0]',         
2024-05-09 11:42:31                                                                      'drug.descriptors[0][0]']    
2024-05-09 11:42:31                                                                                                   
2024-05-09 11:42:31  dense_6 (Dense)             (None, 1000)                 2001000   ['concatenate[0][0]']         
2024-05-09 11:42:31                                                                                                   
2024-05-09 11:42:31  permanent_dropout_6 (Perma  (None, 1000)                 0         ['dense_6[0][0]']             
2024-05-09 11:42:31  nentDropout)                                                                                     
2024-05-09 11:42:31                                                                                                   
2024-05-09 11:42:31  dense_7 (Dense)             (None, 1000)                 1001000   ['permanent_dropout_6[0][0]'] 
2024-05-09 11:42:31                                                                                                   
2024-05-09 11:42:31  permanent_dropout_7 (Perma  (None, 1000)                 0         ['dense_7[0][0]']             
2024-05-09 11:42:31  nentDropout)                                                                                     
2024-05-09 11:42:31                                                                                                   
2024-05-09 11:42:31  dense_8 (Dense)             (None, 1000)                 1001000   ['permanent_dropout_7[0][0]'] 
2024-05-09 11:42:31                                                                                                   
2024-05-09 11:42:31  permanent_dropout_8 (Perma  (None, 1000)                 0         ['dense_8[0][0]']             
2024-05-09 11:42:31  nentDropout)                                                                                     
2024-05-09 11:42:31                                                                                                   
2024-05-09 11:42:31  dense_9 (Dense)             (None, 1000)                 1001000   ['permanent_dropout_8[0][0]'] 
2024-05-09 11:42:31                                                                                                   
2024-05-09 11:42:31  permanent_dropout_9 (Perma  (None, 1000)                 0         ['dense_9[0][0]']             
2024-05-09 11:42:31  nentDropout)                                                                                     
2024-05-09 11:42:31                                                                                                   
2024-05-09 11:42:31  dense_10 (Dense)            (None, 1000)                 1001000   ['permanent_dropout_9[0][0]'] 
2024-05-09 11:42:31                                                                                                   
2024-05-09 11:42:31  permanent_dropout_10 (Perm  (None, 1000)                 0         ['dense_10[0][0]']            
2024-05-09 11:42:31  anentDropout)                                                                                    
2024-05-09 11:42:31                                                                                                   
2024-05-09 11:42:31  dense_11 (Dense)            (None, 1)                    1001      ['permanent_dropout_10[0][0]']
2024-05-09 11:42:31                                                                                                   
2024-05-09 11:42:31 ==================================================================================================
2024-05-09 11:42:31 Total params: 12583001 (48.00 MB)
2024-05-09 11:42:31 Trainable params: 12583001 (48.00 MB)
2024-05-09 11:42:31 Non-trainable params: 0 (0.00 Byte)
2024-05-09 11:42:31 __________________________________________________________________________________________________
2024-05-09 11:42:31 CKPT CONSTRUCT...
2024-05-09 11:42:31 CKPT CONSTRUCT OK.
2024-05-09 11:42:31 template model: <keras.src.engine.functional.Functional object at 0x14668627e730>
2024-05-09 11:42:33 COMPILE
2024-05-09 11:42:33 Will save weights to: /dev/shm/Uno/save/8996461.amn-0001/467/5.1.model.h5
2024-05-09 11:42:50 Between random pairs in y_val:
2024-05-09 11:42:50   mse: 0.04752430
2024-05-09 11:42:50   mae: 0.15940094
2024-05-09 11:42:50   r2: -1.00030883
2024-05-09 11:42:50   corr: -0.00015442
2024-05-09 11:42:50 Data points per epoch: train = 470167, val = 117542, test = 652
2024-05-09 11:42:50 Steps per epoch: train = 14692, val = 3673, test = 20
2024-05-09 11:42:50 Epoch 0: lr=0.001
2024-05-09 11:44:03 [Epoch: 0] loss: 0.022565, mae: 0.079136, r2: -0.124471, val_loss: 0.008664, val_mae: 0.066175, val_r2: 0.594287
2024-05-09 11:44:03 Epoch 1: lr=0.00082
2024-05-09 11:45:14 [Epoch: 1] loss: 0.007986, mae: 0.063977, r2: 0.621412, val_loss: 0.007511, val_mae: 0.060714, val_r2: 0.640921
2024-05-09 11:45:14 Epoch 2: lr=0.00064
2024-05-09 11:46:25 [Epoch: 2] loss: 0.007301, mae: 0.060777, r2: 0.652982, val_loss: 0.007153, val_mae: 0.059522, val_r2: 0.660166
2024-05-09 11:46:25 Epoch 3: lr=0.00046
2024-05-09 11:47:36 [Epoch: 3] loss: 0.006830, mae: 0.058686, r2: 0.674508, val_loss: 0.006945, val_mae: 0.060628, val_r2: 0.667712
2024-05-09 11:47:36 Epoch 4: lr=0.00028
2024-05-09 11:48:47 [Epoch: 4] loss: 0.006453, mae: 0.056922, r2: 0.692166, val_loss: 0.006565, val_mae: 0.057417, val_r2: 0.684703
2024-05-09 11:48:47 Epoch 5: lr=0.0001
2024-05-09 11:49:59 [Epoch: 5] loss: 0.006130, mae: 0.055394, r2: 0.706977, val_loss: 0.006411, val_mae: 0.056112, val_r2: 0.691373
2024-05-09 11:49:59 Epoch 6: lr=0.0001
2024-05-09 11:51:10 [Epoch: 6] loss: 0.006015, mae: 0.054833, r2: 0.712084, val_loss: 0.006348, val_mae: 0.055868, val_r2: 0.695057
2024-05-09 11:51:11 Epoch 7: lr=0.0001
2024-05-09 11:52:22 [Epoch: 7] loss: 0.005942, mae: 0.054544, r2: 0.715473, val_loss: 0.006327, val_mae: 0.055855, val_r2: 0.695710
2024-05-09 11:52:22 Epoch 8: lr=0.0001
2024-05-09 11:53:34 [Epoch: 8] loss: 0.005866, mae: 0.054197, r2: 0.719191, val_loss: 0.006319, val_mae: 0.055706, val_r2: 0.695614
2024-05-09 11:53:34 Epoch 9: lr=0.0001
2024-05-09 11:54:45 [Epoch: 9] loss: 0.005811, mae: 0.053943, r2: 0.721729, val_loss: 0.006260, val_mae: 0.055632, val_r2: 0.698932
2024-05-09 11:54:45 Epoch 10: lr=0.0001
2024-05-09 11:55:56 [Epoch: 10] loss: 0.005738, mae: 0.053643, r2: 0.725132, val_loss: 0.006260, val_mae: 0.055317, val_r2: 0.698066
2024-05-09 11:55:56 Epoch 11: lr=0.0001
2024-05-09 11:57:08 [Epoch: 11] loss: 0.005692, mae: 0.053431, r2: 0.727174, val_loss: 0.006260, val_mae: 0.055679, val_r2: 0.696846
2024-05-09 11:57:08 Epoch 12: lr=0.0001
2024-05-09 11:58:19 [Epoch: 12] loss: 0.005621, mae: 0.053144, r2: 0.730682, val_loss: 0.006222, val_mae: 0.055624, val_r2: 0.699918
2024-05-09 11:58:19 Epoch 13: lr=0.0001
2024-05-09 11:59:30 [Epoch: 13] loss: 0.005581, mae: 0.052934, r2: 0.732303, val_loss: 0.006184, val_mae: 0.055147, val_r2: 0.701651
2024-05-09 11:59:30 Epoch 14: lr=0.0001
2024-05-09 12:00:41 [Epoch: 14] loss: 0.005508, mae: 0.052617, r2: 0.735880, val_loss: 0.006165, val_mae: 0.055232, val_r2: 0.702619
2024-05-09 12:00:42 Epoch 15: lr=5e-05
2024-05-09 12:01:53 [Epoch: 15] loss: 0.005391, mae: 0.052069, r2: 0.741447, val_loss: 0.006134, val_mae: 0.054478, val_r2: 0.704598
2024-05-09 12:01:53 Epoch 16: lr=5e-05
2024-05-09 12:03:05 [Epoch: 16] loss: 0.005357, mae: 0.051862, r2: 0.742695, val_loss: 0.006146, val_mae: 0.054654, val_r2: 0.703701
2024-05-09 12:03:05 Epoch 17: lr=5e-05
2024-05-09 12:04:16 [Epoch: 17] loss: 0.005313, mae: 0.051691, r2: 0.744864, val_loss: 0.006147, val_mae: 0.054449, val_r2: 0.703154
2024-05-09 12:04:16 Epoch 18: lr=5e-05
2024-05-09 12:05:28 [Epoch: 18] loss: 0.005290, mae: 0.051581, r2: 0.745651, val_loss: 0.006133, val_mae: 0.054578, val_r2: 0.703963
2024-05-09 12:05:28 Epoch 19: lr=5e-05
2024-05-09 12:06:39 [Epoch: 19] loss: 0.005254, mae: 0.051411, r2: 0.747770, val_loss: 0.006118, val_mae: 0.054653, val_r2: 0.703884
2024-05-09 12:06:39 Epoch 20: lr=5e-05
2024-05-09 12:07:50 [Epoch: 20] loss: 0.005232, mae: 0.051319, r2: 0.748782, val_loss: 0.006155, val_mae: 0.054494, val_r2: 0.702391
2024-05-09 12:07:50 Epoch 21: lr=2.5e-05
2024-05-09 12:09:02 [Epoch: 21] loss: 0.005175, mae: 0.051045, r2: 0.751240, val_loss: 0.006111, val_mae: 0.054728, val_r2: 0.704187
2024-05-09 12:09:02 Epoch 22: lr=2.5e-05
2024-05-09 12:10:13 [Epoch: 22] loss: 0.005152, mae: 0.050920, r2: 0.752214, val_loss: 0.006095, val_mae: 0.054442, val_r2: 0.705558
2024-05-09 12:10:13 Epoch 23: lr=2.5e-05
2024-05-09 12:11:24 [Epoch: 23] loss: 0.005136, mae: 0.050875, r2: 0.752983, val_loss: 0.006110, val_mae: 0.054676, val_r2: 0.703852
2024-05-09 12:11:24 Epoch 24: lr=2.5e-05
2024-05-09 12:12:35 [Epoch: 24] loss: 0.005113, mae: 0.050744, r2: 0.754260, val_loss: 0.006127, val_mae: 0.054285, val_r2: 0.704373
2024-05-09 12:12:35 Epoch 25: lr=2.5e-05
2024-05-09 12:13:46 [Epoch: 25] loss: 0.005111, mae: 0.050725, r2: 0.754414, val_loss: 0.006102, val_mae: 0.054490, val_r2: 0.705609
2024-05-09 12:13:47 Epoch 26: lr=1.25e-05
2024-05-09 12:14:58 [Epoch: 26] loss: 0.005066, mae: 0.050515, r2: 0.756296, val_loss: 0.006104, val_mae: 0.054563, val_r2: 0.705033
2024-05-09 12:14:58 Epoch 27: lr=1.25e-05
2024-05-09 12:16:09 [Epoch: 27] loss: 0.005053, mae: 0.050482, r2: 0.756948, val_loss: 0.006103, val_mae: 0.054297, val_r2: 0.705031
2024-05-09 12:16:09 Epoch 28: lr=1.25e-05
2024-05-09 12:17:21 [Epoch: 28] loss: 0.005052, mae: 0.050465, r2: 0.757149, val_loss: 0.006108, val_mae: 0.054521, val_r2: 0.704426
2024-05-09 12:17:21 Epoch 29: lr=1.25e-05
2024-05-09 12:18:32 [Epoch: 29] loss: 0.005041, mae: 0.050397, r2: 0.757579, val_loss: 0.006113, val_mae: 0.054570, val_r2: 0.704091
2024-05-09 12:18:32 history_length: 30
2024-05-09 12:18:32 stopping: complete
2024-05-09 12:18:32 Comparing y_true and y_pred:
2024-05-09 12:18:32   mse: 0.00410024
2024-05-09 12:18:32   mae: 0.05074672
2024-05-09 12:18:32   r2: 0.40461996
2024-05-09 12:18:32   corr: 0.64311614
