2024-05-09 11:42:30 UNO RUN ...
2024-05-09 11:42:30 Params: {'model_name': 'uno', 'train_sources': ['CCLE'], 'test_sources': ['train'], 'cell_types': None, 'cell_features': ['rnaseq'], 'drug_features': ['descriptors'], 'dense': [1000, 1000, 1000, 1000, 1000], 'dense_feature_layers': [1000, 1000, 1000], 'activation': 'relu', 'loss': 'mse', 'optimizer': 'adamax', 'scaling': 'std', 'dropout': 0.1, 'epochs': 30, 'batch_size': 32, 'val_split': 0.2, 'cv': 1, 'max_val_loss': 1.0, 'learning_rate': 0.0001, 'base_lr': None, 'agg_dose': 'AUC', 'residual': False, 'reduce_lr': True, 'warmup_lr': True, 'batch_normalization': False, 'feature_subsample': 0, 'rng_seed': 2018, 'no_gen': False, 'verbose': False, 'preprocess_rnaseq': 'source_scale', 'gpus': [0], 'use_landmark_genes': True, 'no_feature_source': True, 'no_response_source': True, 'save_path': '/dev/shm/Uno/save/8996461.amn-0001/444', 'single': True, 'on_memory_loader': True, 'ckpt_checksum': True, 'ckpt_save_interval': 0, 'timeout': -1, 'train_bool': True, 'profiling': False, 'experiment_id': '8996461.amn-0001', 'run_id': '444', 'logfile': '/dev/shm/Uno/save/8996461.amn-0001/444/python.log', 'shuffle': False, 'ckpt_restart_mode': 'off', 'ckpt_skip_epochs': 0, 'ckpt_directory': '/dev/shm/Uno/save/8996461.amn-0001/444', 'ckpt_save_best': True, 'ckpt_save_best_metric': 'val_loss', 'ckpt_save_weights_only': False, 'ckpt_keep_mode': 'linear', 'ckpt_keep_limit': 5, 'by_cell': None, 'by_drug': None, 'cell_subset_path': '', 'drug_subset_path': '', 'drug_median_response_min': -1, 'drug_median_response_max': 1, 'dense_cell_feature_layers': None, 'dense_drug_feature_layers': None, 'use_filtered_genes': False, 'feature_subset_path': '', 'cell_feature_subset_path': '', 'drug_feature_subset_path': '', 'es': True, 'cp': False, 'tb': False, 'tb_prefix': 'tb', 'partition_by': None, 'cache': None, 'export_csv': None, 'export_data': None, 'use_exported_data': '/dev/shm/Uno/x1921c5s7b0n0.444.merged.landmark.h5', 'growth_bins': 0, 'initial_weights': None, 'save_weights': '/dev/shm/Uno/save/8996461.amn-0001/444/0.0.model.h5', 'config_file': '/home/brettin/CSC249ADOA01_CNDA/brettin/Benchmarks/Pilot1/Uno/uno_auc_model.txt', 'data_type': <class 'numpy.float32'>, 'data_dir': '/dev/shm/Uno/uno/Data', 'output_dir': '/dev/shm/Uno/uno/Output/8996461.amn-0001/444'}
2024-05-09 11:42:31 Feature encoding submodel for cell.rnaseq:
2024-05-09 11:42:31 Model: "cell.rnaseq"
2024-05-09 11:42:31 _________________________________________________________________
2024-05-09 11:42:31  Layer (type)                Output Shape              Param #   
2024-05-09 11:42:31 =================================================================
2024-05-09 11:42:31  input_1 (InputLayer)        [(None, 958)]             0         
2024-05-09 11:42:31                                                                  
2024-05-09 11:42:31  dense (Dense)               (None, 1000)              959000    
2024-05-09 11:42:31                                                                  
2024-05-09 11:42:31  permanent_dropout (Permane  (None, 1000)              0         
2024-05-09 11:42:31  ntDropout)                                                      
2024-05-09 11:42:31                                                                  
2024-05-09 11:42:31  dense_1 (Dense)             (None, 1000)              1001000   
2024-05-09 11:42:31                                                                  
2024-05-09 11:42:31  permanent_dropout_1 (Perma  (None, 1000)              0         
2024-05-09 11:42:31  nentDropout)                                                    
2024-05-09 11:42:31                                                                  
2024-05-09 11:42:31  dense_2 (Dense)             (None, 1000)              1001000   
2024-05-09 11:42:31                                                                  
2024-05-09 11:42:31  permanent_dropout_2 (Perma  (None, 1000)              0         
2024-05-09 11:42:31  nentDropout)                                                    
2024-05-09 11:42:31                                                                  
2024-05-09 11:42:31 =================================================================
2024-05-09 11:42:31 Total params: 2961000 (11.30 MB)
2024-05-09 11:42:31 Trainable params: 2961000 (11.30 MB)
2024-05-09 11:42:31 Non-trainable params: 0 (0.00 Byte)
2024-05-09 11:42:31 _________________________________________________________________
2024-05-09 11:42:31 Feature encoding submodel for drug.descriptors:
2024-05-09 11:42:31 Model: "drug.descriptors"
2024-05-09 11:42:31 _________________________________________________________________
2024-05-09 11:42:31  Layer (type)                Output Shape              Param #   
2024-05-09 11:42:31 =================================================================
2024-05-09 11:42:31  input_2 (InputLayer)        [(None, 1613)]            0         
2024-05-09 11:42:31                                                                  
2024-05-09 11:42:31  dense_3 (Dense)             (None, 1000)              1614000   
2024-05-09 11:42:31                                                                  
2024-05-09 11:42:31  permanent_dropout_3 (Perma  (None, 1000)              0         
2024-05-09 11:42:31  nentDropout)                                                    
2024-05-09 11:42:31                                                                  
2024-05-09 11:42:31  dense_4 (Dense)             (None, 1000)              1001000   
2024-05-09 11:42:31                                                                  
2024-05-09 11:42:31  permanent_dropout_4 (Perma  (None, 1000)              0         
2024-05-09 11:42:31  nentDropout)                                                    
2024-05-09 11:42:31                                                                  
2024-05-09 11:42:31  dense_5 (Dense)             (None, 1000)              1001000   
2024-05-09 11:42:31                                                                  
2024-05-09 11:42:31  permanent_dropout_5 (Perma  (None, 1000)              0         
2024-05-09 11:42:31  nentDropout)                                                    
2024-05-09 11:42:31                                                                  
2024-05-09 11:42:31 =================================================================
2024-05-09 11:42:31 Total params: 3616000 (13.79 MB)
2024-05-09 11:42:31 Trainable params: 3616000 (13.79 MB)
2024-05-09 11:42:31 Non-trainable params: 0 (0.00 Byte)
2024-05-09 11:42:31 _________________________________________________________________
2024-05-09 11:42:31 Combined model:
2024-05-09 11:42:31 Model: "model"
2024-05-09 11:42:31 __________________________________________________________________________________________________
2024-05-09 11:42:31  Layer (type)                Output Shape                 Param #   Connected to                  
2024-05-09 11:42:31 ==================================================================================================
2024-05-09 11:42:31  input.cell.rnaseq (InputLa  [(None, 958)]                0         []                            
2024-05-09 11:42:31  yer)                                                                                             
2024-05-09 11:42:31                                                                                                   
2024-05-09 11:42:31  input.drug1.descriptors (I  [(None, 1613)]               0         []                            
2024-05-09 11:42:31  nputLayer)                                                                                       
2024-05-09 11:42:31                                                                                                   
2024-05-09 11:42:31  cell.rnaseq (Functional)    (None, 1000)                 2961000   ['input.cell.rnaseq[0][0]']   
2024-05-09 11:42:31                                                                                                   
2024-05-09 11:42:31  drug.descriptors (Function  (None, 1000)                 3616000   ['input.drug1.descriptors[0][0
2024-05-09 11:42:31  al)                                                                ]']                           
2024-05-09 11:42:31                                                                                                   
2024-05-09 11:42:31  concatenate (Concatenate)   (None, 2000)                 0         ['cell.rnaseq[0][0]',         
2024-05-09 11:42:31                                                                      'drug.descriptors[0][0]']    
2024-05-09 11:42:31                                                                                                   
2024-05-09 11:42:31  dense_6 (Dense)             (None, 1000)                 2001000   ['concatenate[0][0]']         
2024-05-09 11:42:31                                                                                                   
2024-05-09 11:42:31  permanent_dropout_6 (Perma  (None, 1000)                 0         ['dense_6[0][0]']             
2024-05-09 11:42:31  nentDropout)                                                                                     
2024-05-09 11:42:31                                                                                                   
2024-05-09 11:42:31  dense_7 (Dense)             (None, 1000)                 1001000   ['permanent_dropout_6[0][0]'] 
2024-05-09 11:42:31                                                                                                   
2024-05-09 11:42:31  permanent_dropout_7 (Perma  (None, 1000)                 0         ['dense_7[0][0]']             
2024-05-09 11:42:31  nentDropout)                                                                                     
2024-05-09 11:42:31                                                                                                   
2024-05-09 11:42:31  dense_8 (Dense)             (None, 1000)                 1001000   ['permanent_dropout_7[0][0]'] 
2024-05-09 11:42:31                                                                                                   
2024-05-09 11:42:31  permanent_dropout_8 (Perma  (None, 1000)                 0         ['dense_8[0][0]']             
2024-05-09 11:42:31  nentDropout)                                                                                     
2024-05-09 11:42:31                                                                                                   
2024-05-09 11:42:31  dense_9 (Dense)             (None, 1000)                 1001000   ['permanent_dropout_8[0][0]'] 
2024-05-09 11:42:31                                                                                                   
2024-05-09 11:42:31  permanent_dropout_9 (Perma  (None, 1000)                 0         ['dense_9[0][0]']             
2024-05-09 11:42:31  nentDropout)                                                                                     
2024-05-09 11:42:31                                                                                                   
2024-05-09 11:42:31  dense_10 (Dense)            (None, 1000)                 1001000   ['permanent_dropout_9[0][0]'] 
2024-05-09 11:42:31                                                                                                   
2024-05-09 11:42:31  permanent_dropout_10 (Perm  (None, 1000)                 0         ['dense_10[0][0]']            
2024-05-09 11:42:31  anentDropout)                                                                                    
2024-05-09 11:42:31                                                                                                   
2024-05-09 11:42:31  dense_11 (Dense)            (None, 1)                    1001      ['permanent_dropout_10[0][0]']
2024-05-09 11:42:31                                                                                                   
2024-05-09 11:42:31 ==================================================================================================
2024-05-09 11:42:31 Total params: 12583001 (48.00 MB)
2024-05-09 11:42:31 Trainable params: 12583001 (48.00 MB)
2024-05-09 11:42:31 Non-trainable params: 0 (0.00 Byte)
2024-05-09 11:42:31 __________________________________________________________________________________________________
2024-05-09 11:42:31 CKPT CONSTRUCT...
2024-05-09 11:42:31 CKPT CONSTRUCT OK.
2024-05-09 11:42:31 template model: <keras.src.engine.functional.Functional object at 0x14ca6837ca90>
2024-05-09 11:42:33 COMPILE
2024-05-09 11:42:33 Will save weights to: /dev/shm/Uno/save/8996461.amn-0001/444/0.0.model.h5
2024-05-09 11:42:50 Between random pairs in y_val:
2024-05-09 11:42:50   mse: 0.04769743
2024-05-09 11:42:50   mae: 0.15989694
2024-05-09 11:42:50   r2: -1.00593524
2024-05-09 11:42:50   corr: -0.00296762
2024-05-09 11:42:50 Data points per epoch: train = 470167, val = 117542, test = 672
2024-05-09 11:42:50 Steps per epoch: train = 14692, val = 3673, test = 21
2024-05-09 11:42:50 Epoch 0: lr=0.001
2024-05-09 11:44:03 [Epoch: 0] loss: 0.027073, mae: 0.079530, r2: 0.100269, val_loss: 0.008466, val_mae: 0.067611, val_r2: 0.596779
2024-05-09 11:44:04 Epoch 1: lr=0.00082
2024-05-09 11:45:16 [Epoch: 1] loss: 0.007971, mae: 0.063850, r2: 0.622237, val_loss: 0.007668, val_mae: 0.062000, val_r2: 0.633594
2024-05-09 11:45:16 Epoch 2: lr=0.00064
2024-05-09 11:46:29 [Epoch: 2] loss: 0.007308, mae: 0.060834, r2: 0.652743, val_loss: 0.007410, val_mae: 0.063026, val_r2: 0.645293
2024-05-09 11:46:29 Epoch 3: lr=0.00046
2024-05-09 11:47:41 [Epoch: 3] loss: 0.006842, mae: 0.058699, r2: 0.674198, val_loss: 0.006985, val_mae: 0.058231, val_r2: 0.667680
2024-05-09 11:47:41 Epoch 4: lr=0.00028
2024-05-09 11:48:53 [Epoch: 4] loss: 0.006447, mae: 0.056848, r2: 0.692305, val_loss: 0.006642, val_mae: 0.058386, val_r2: 0.683536
2024-05-09 11:48:54 Epoch 5: lr=0.0001
2024-05-09 11:50:06 [Epoch: 5] loss: 0.006113, mae: 0.055308, r2: 0.707629, val_loss: 0.006452, val_mae: 0.056557, val_r2: 0.692892
2024-05-09 11:50:06 Epoch 6: lr=0.0001
2024-05-09 11:51:18 [Epoch: 6] loss: 0.006009, mae: 0.054821, r2: 0.712375, val_loss: 0.006380, val_mae: 0.055971, val_r2: 0.696018
2024-05-09 11:51:18 Epoch 7: lr=0.0001
2024-05-09 11:52:30 [Epoch: 7] loss: 0.005937, mae: 0.054516, r2: 0.715954, val_loss: 0.006345, val_mae: 0.056066, val_r2: 0.696848
2024-05-09 11:52:30 Epoch 8: lr=0.0001
2024-05-09 11:53:43 [Epoch: 8] loss: 0.005863, mae: 0.054210, r2: 0.719214, val_loss: 0.006326, val_mae: 0.056255, val_r2: 0.697462
2024-05-09 11:53:43 Epoch 9: lr=0.0001
2024-05-09 11:54:55 [Epoch: 9] loss: 0.005796, mae: 0.053840, r2: 0.722370, val_loss: 0.006297, val_mae: 0.055844, val_r2: 0.699020
2024-05-09 11:54:55 Epoch 10: lr=0.0001
2024-05-09 11:56:07 [Epoch: 10] loss: 0.005751, mae: 0.053632, r2: 0.724453, val_loss: 0.006277, val_mae: 0.055818, val_r2: 0.699720
2024-05-09 11:56:07 Epoch 11: lr=0.0001
2024-05-09 11:57:20 [Epoch: 11] loss: 0.005674, mae: 0.053345, r2: 0.727990, val_loss: 0.006234, val_mae: 0.055224, val_r2: 0.701985
2024-05-09 11:57:20 Epoch 12: lr=0.0001
2024-05-09 11:58:32 [Epoch: 12] loss: 0.005620, mae: 0.053091, r2: 0.730586, val_loss: 0.006263, val_mae: 0.055080, val_r2: 0.700456
2024-05-09 11:58:32 Epoch 13: lr=0.0001
2024-05-09 11:59:44 [Epoch: 13] loss: 0.005573, mae: 0.052868, r2: 0.732702, val_loss: 0.006202, val_mae: 0.055121, val_r2: 0.703307
2024-05-09 11:59:44 Epoch 14: lr=0.0001
2024-05-09 12:00:56 [Epoch: 14] loss: 0.005513, mae: 0.052577, r2: 0.735719, val_loss: 0.006175, val_mae: 0.055195, val_r2: 0.705609
2024-05-09 12:00:56 Epoch 15: lr=0.0001
2024-05-09 12:02:09 [Epoch: 15] loss: 0.005464, mae: 0.052339, r2: 0.737741, val_loss: 0.006187, val_mae: 0.055018, val_r2: 0.704316
2024-05-09 12:02:09 Epoch 16: lr=0.0001
2024-05-09 12:03:21 [Epoch: 16] loss: 0.005396, mae: 0.052044, r2: 0.741030, val_loss: 0.006173, val_mae: 0.055221, val_r2: 0.704404
2024-05-09 12:03:21 Epoch 17: lr=5e-05
2024-05-09 12:04:33 [Epoch: 17] loss: 0.005293, mae: 0.051562, r2: 0.745784, val_loss: 0.006146, val_mae: 0.054888, val_r2: 0.705679
2024-05-09 12:04:33 Epoch 18: lr=5e-05
2024-05-09 12:05:45 [Epoch: 18] loss: 0.005245, mae: 0.051354, r2: 0.747928, val_loss: 0.006136, val_mae: 0.054874, val_r2: 0.705616
2024-05-09 12:05:45 Epoch 19: lr=5e-05
2024-05-09 12:06:58 [Epoch: 19] loss: 0.005220, mae: 0.051246, r2: 0.749202, val_loss: 0.006135, val_mae: 0.055155, val_r2: 0.706713
2024-05-09 12:06:58 Epoch 20: lr=5e-05
2024-05-09 12:08:10 [Epoch: 20] loss: 0.005184, mae: 0.051090, r2: 0.750747, val_loss: 0.006126, val_mae: 0.054663, val_r2: 0.707217
2024-05-09 12:08:10 Epoch 21: lr=5e-05
2024-05-09 12:09:22 [Epoch: 21] loss: 0.005161, mae: 0.050965, r2: 0.751809, val_loss: 0.006143, val_mae: 0.054616, val_r2: 0.706805
2024-05-09 12:09:22 Epoch 22: lr=5e-05
2024-05-09 12:10:34 [Epoch: 22] loss: 0.005132, mae: 0.050837, r2: 0.753104, val_loss: 0.006110, val_mae: 0.054965, val_r2: 0.707023
2024-05-09 12:10:34 Epoch 23: lr=5e-05
2024-05-09 12:11:46 [Epoch: 23] loss: 0.005111, mae: 0.050700, r2: 0.754126, val_loss: 0.006113, val_mae: 0.054755, val_r2: 0.707444
2024-05-09 12:11:47 Epoch 24: lr=5e-05
2024-05-09 12:12:59 [Epoch: 24] loss: 0.005089, mae: 0.050615, r2: 0.755311, val_loss: 0.006109, val_mae: 0.054700, val_r2: 0.707274
2024-05-09 12:12:59 Epoch 25: lr=5e-05
2024-05-09 12:14:11 [Epoch: 25] loss: 0.005065, mae: 0.050487, r2: 0.756431, val_loss: 0.006130, val_mae: 0.054256, val_r2: 0.707437
2024-05-09 12:14:11 Epoch 26: lr=2.5e-05
2024-05-09 12:15:23 [Epoch: 26] loss: 0.004984, mae: 0.050139, r2: 0.760016, val_loss: 0.006111, val_mae: 0.054349, val_r2: 0.707882
2024-05-09 12:15:23 Epoch 27: lr=2.5e-05
2024-05-09 12:16:35 [Epoch: 27] loss: 0.004971, mae: 0.050060, r2: 0.760557, val_loss: 0.006099, val_mae: 0.054421, val_r2: 0.708604
2024-05-09 12:16:35 Epoch 28: lr=2.5e-05
2024-05-09 12:17:48 [Epoch: 28] loss: 0.004971, mae: 0.050044, r2: 0.760733, val_loss: 0.006116, val_mae: 0.054404, val_r2: 0.707726
2024-05-09 12:17:48 Epoch 29: lr=2.5e-05
2024-05-09 12:19:00 [Epoch: 29] loss: 0.004955, mae: 0.049966, r2: 0.761271, val_loss: 0.006111, val_mae: 0.054503, val_r2: 0.707103
2024-05-09 12:19:00 history_length: 30
2024-05-09 12:19:00 stopping: complete
2024-05-09 12:19:00 Comparing y_true and y_pred:
2024-05-09 12:19:00   mse: 0.00130117
2024-05-09 12:19:00   mae: 0.02546908
2024-05-09 12:19:00   r2: 0.00572233
2024-05-09 12:19:00   corr: 0.27026512
