2024-05-17 17:41:53 UNO RUN ...
2024-05-17 17:41:53 Params: {'model_name': 'uno', 'train_sources': ['CCLE'], 'test_sources': ['train'], 'cell_types': None, 'cell_features': ['rnaseq'], 'drug_features': ['descriptors'], 'dense': [1000, 1000, 1000, 1000, 1000], 'dense_feature_layers': [1000, 1000, 1000], 'activation': 'relu', 'loss': 'mse', 'optimizer': 'adamax', 'scaling': 'std', 'dropout': 0.1, 'epochs': 75, 'batch_size': 32, 'val_split': 0.2, 'cv': 1, 'max_val_loss': 1.0, 'learning_rate': 0.0001, 'base_lr': None, 'agg_dose': 'AUC', 'residual': False, 'reduce_lr': True, 'warmup_lr': True, 'batch_normalization': False, 'feature_subsample': 0, 'rng_seed': 2018, 'no_gen': False, 'verbose': False, 'preprocess_rnaseq': 'source_scale', 'gpus': [0], 'use_landmark_genes': True, 'no_feature_source': True, 'no_response_source': True, 'save_path': '/dev/shm/Uno/save/8998722.amn-0001/143', 'single': True, 'on_memory_loader': True, 'ckpt_checksum': True, 'ckpt_save_interval': 0, 'timeout': -1, 'train_bool': True, 'profiling': False, 'experiment_id': '8998722.amn-0001', 'run_id': '143', 'logfile': '/dev/shm/Uno/save/8998722.amn-0001/143/python.log', 'shuffle': False, 'ckpt_restart_mode': 'off', 'ckpt_skip_epochs': 0, 'ckpt_directory': '/dev/shm/Uno/save/8998722.amn-0001/143', 'ckpt_save_best': True, 'ckpt_save_best_metric': 'val_loss', 'ckpt_save_weights_only': False, 'ckpt_keep_mode': 'linear', 'ckpt_keep_limit': 5, 'by_cell': None, 'by_drug': None, 'cell_subset_path': '', 'drug_subset_path': '', 'drug_median_response_min': -1, 'drug_median_response_max': 1, 'dense_cell_feature_layers': None, 'dense_drug_feature_layers': None, 'use_filtered_genes': False, 'feature_subset_path': '', 'cell_feature_subset_path': '', 'drug_feature_subset_path': '', 'es': True, 'cp': False, 'tb': False, 'tb_prefix': 'tb', 'partition_by': None, 'cache': None, 'export_csv': None, 'export_data': None, 'use_exported_data': '/dev/shm/Uno/x1922c3s7b0n0.143.merged.landmark.h5', 'growth_bins': 0, 'initial_weights': None, 'save_weights': '/dev/shm/Uno/save/8998722.amn-0001/143/5.1.model.h5', 'config_file': '/home/brettin/CSC249ADOA01_CNDA/brettin/Benchmarks/Pilot1/Uno/uno_auc_model.txt', 'data_type': <class 'numpy.float32'>, 'data_dir': '/dev/shm/Uno/uno/Data', 'output_dir': '/dev/shm/Uno/uno/Output/8998722.amn-0001/143'}
2024-05-17 17:41:54 Feature encoding submodel for cell.rnaseq:
2024-05-17 17:41:54 Model: "cell.rnaseq"
2024-05-17 17:41:54 _________________________________________________________________
2024-05-17 17:41:54  Layer (type)                Output Shape              Param #   
2024-05-17 17:41:54 =================================================================
2024-05-17 17:41:54  input_1 (InputLayer)        [(None, 958)]             0         
2024-05-17 17:41:54                                                                  
2024-05-17 17:41:54  dense (Dense)               (None, 1000)              959000    
2024-05-17 17:41:54                                                                  
2024-05-17 17:41:54  permanent_dropout (Permane  (None, 1000)              0         
2024-05-17 17:41:54  ntDropout)                                                      
2024-05-17 17:41:54                                                                  
2024-05-17 17:41:54  dense_1 (Dense)             (None, 1000)              1001000   
2024-05-17 17:41:54                                                                  
2024-05-17 17:41:54  permanent_dropout_1 (Perma  (None, 1000)              0         
2024-05-17 17:41:54  nentDropout)                                                    
2024-05-17 17:41:54                                                                  
2024-05-17 17:41:54  dense_2 (Dense)             (None, 1000)              1001000   
2024-05-17 17:41:54                                                                  
2024-05-17 17:41:54  permanent_dropout_2 (Perma  (None, 1000)              0         
2024-05-17 17:41:54  nentDropout)                                                    
2024-05-17 17:41:54                                                                  
2024-05-17 17:41:54 =================================================================
2024-05-17 17:41:54 Total params: 2961000 (11.30 MB)
2024-05-17 17:41:54 Trainable params: 2961000 (11.30 MB)
2024-05-17 17:41:54 Non-trainable params: 0 (0.00 Byte)
2024-05-17 17:41:54 _________________________________________________________________
2024-05-17 17:41:54 Feature encoding submodel for drug.descriptors:
2024-05-17 17:41:54 Model: "drug.descriptors"
2024-05-17 17:41:54 _________________________________________________________________
2024-05-17 17:41:54  Layer (type)                Output Shape              Param #   
2024-05-17 17:41:54 =================================================================
2024-05-17 17:41:54  input_2 (InputLayer)        [(None, 1613)]            0         
2024-05-17 17:41:54                                                                  
2024-05-17 17:41:54  dense_3 (Dense)             (None, 1000)              1614000   
2024-05-17 17:41:54                                                                  
2024-05-17 17:41:54  permanent_dropout_3 (Perma  (None, 1000)              0         
2024-05-17 17:41:54  nentDropout)                                                    
2024-05-17 17:41:54                                                                  
2024-05-17 17:41:54  dense_4 (Dense)             (None, 1000)              1001000   
2024-05-17 17:41:54                                                                  
2024-05-17 17:41:54  permanent_dropout_4 (Perma  (None, 1000)              0         
2024-05-17 17:41:54  nentDropout)                                                    
2024-05-17 17:41:54                                                                  
2024-05-17 17:41:54  dense_5 (Dense)             (None, 1000)              1001000   
2024-05-17 17:41:54                                                                  
2024-05-17 17:41:54  permanent_dropout_5 (Perma  (None, 1000)              0         
2024-05-17 17:41:54  nentDropout)                                                    
2024-05-17 17:41:54                                                                  
2024-05-17 17:41:54 =================================================================
2024-05-17 17:41:54 Total params: 3616000 (13.79 MB)
2024-05-17 17:41:54 Trainable params: 3616000 (13.79 MB)
2024-05-17 17:41:54 Non-trainable params: 0 (0.00 Byte)
2024-05-17 17:41:54 _________________________________________________________________
2024-05-17 17:41:54 Combined model:
2024-05-17 17:41:54 Model: "model"
2024-05-17 17:41:54 __________________________________________________________________________________________________
2024-05-17 17:41:54  Layer (type)                Output Shape                 Param #   Connected to                  
2024-05-17 17:41:54 ==================================================================================================
2024-05-17 17:41:54  input.cell.rnaseq (InputLa  [(None, 958)]                0         []                            
2024-05-17 17:41:54  yer)                                                                                             
2024-05-17 17:41:54                                                                                                   
2024-05-17 17:41:54  input.drug1.descriptors (I  [(None, 1613)]               0         []                            
2024-05-17 17:41:54  nputLayer)                                                                                       
2024-05-17 17:41:54                                                                                                   
2024-05-17 17:41:54  cell.rnaseq (Functional)    (None, 1000)                 2961000   ['input.cell.rnaseq[0][0]']   
2024-05-17 17:41:54                                                                                                   
2024-05-17 17:41:54  drug.descriptors (Function  (None, 1000)                 3616000   ['input.drug1.descriptors[0][0
2024-05-17 17:41:54  al)                                                                ]']                           
2024-05-17 17:41:54                                                                                                   
2024-05-17 17:41:54  concatenate (Concatenate)   (None, 2000)                 0         ['cell.rnaseq[0][0]',         
2024-05-17 17:41:54                                                                      'drug.descriptors[0][0]']    
2024-05-17 17:41:54                                                                                                   
2024-05-17 17:41:54  dense_6 (Dense)             (None, 1000)                 2001000   ['concatenate[0][0]']         
2024-05-17 17:41:54                                                                                                   
2024-05-17 17:41:54  permanent_dropout_6 (Perma  (None, 1000)                 0         ['dense_6[0][0]']             
2024-05-17 17:41:54  nentDropout)                                                                                     
2024-05-17 17:41:54                                                                                                   
2024-05-17 17:41:54  dense_7 (Dense)             (None, 1000)                 1001000   ['permanent_dropout_6[0][0]'] 
2024-05-17 17:41:54                                                                                                   
2024-05-17 17:41:54  permanent_dropout_7 (Perma  (None, 1000)                 0         ['dense_7[0][0]']             
2024-05-17 17:41:54  nentDropout)                                                                                     
2024-05-17 17:41:54                                                                                                   
2024-05-17 17:41:54  dense_8 (Dense)             (None, 1000)                 1001000   ['permanent_dropout_7[0][0]'] 
2024-05-17 17:41:54                                                                                                   
2024-05-17 17:41:54  permanent_dropout_8 (Perma  (None, 1000)                 0         ['dense_8[0][0]']             
2024-05-17 17:41:54  nentDropout)                                                                                     
2024-05-17 17:41:54                                                                                                   
2024-05-17 17:41:54  dense_9 (Dense)             (None, 1000)                 1001000   ['permanent_dropout_8[0][0]'] 
2024-05-17 17:41:54                                                                                                   
2024-05-17 17:41:54  permanent_dropout_9 (Perma  (None, 1000)                 0         ['dense_9[0][0]']             
2024-05-17 17:41:54  nentDropout)                                                                                     
2024-05-17 17:41:54                                                                                                   
2024-05-17 17:41:54  dense_10 (Dense)            (None, 1000)                 1001000   ['permanent_dropout_9[0][0]'] 
2024-05-17 17:41:54                                                                                                   
2024-05-17 17:41:54  permanent_dropout_10 (Perm  (None, 1000)                 0         ['dense_10[0][0]']            
2024-05-17 17:41:54  anentDropout)                                                                                    
2024-05-17 17:41:54                                                                                                   
2024-05-17 17:41:54  dense_11 (Dense)            (None, 1)                    1001      ['permanent_dropout_10[0][0]']
2024-05-17 17:41:54                                                                                                   
2024-05-17 17:41:54 ==================================================================================================
2024-05-17 17:41:54 Total params: 12583001 (48.00 MB)
2024-05-17 17:41:54 Trainable params: 12583001 (48.00 MB)
2024-05-17 17:41:54 Non-trainable params: 0 (0.00 Byte)
2024-05-17 17:41:54 __________________________________________________________________________________________________
2024-05-17 17:41:54 CKPT CONSTRUCT...
2024-05-17 17:41:54 CKPT CONSTRUCT OK.
2024-05-17 17:41:54 template model: <keras.src.engine.functional.Functional object at 0x1546182e78e0>
2024-05-17 17:41:56 COMPILE
2024-05-17 17:41:56 Will save weights to: /dev/shm/Uno/save/8998722.amn-0001/143/5.1.model.h5
2024-05-17 17:42:12 Between random pairs in y_val:
2024-05-17 17:42:12   mse: 0.04735186
2024-05-17 17:42:12   mae: 0.15924697
2024-05-17 17:42:12   r2: -0.99246232
2024-05-17 17:42:12   corr: 0.00376884
2024-05-17 17:42:12 Data points per epoch: train = 469638, val = 117410, test = 661
2024-05-17 17:42:12 Steps per epoch: train = 14676, val = 3669, test = 20
2024-05-17 17:42:12 Epoch 0: lr=0.001
2024-05-17 17:43:26 [Epoch: 0] loss: 0.029139, mae: 0.079722, r2: -0.116808, val_loss: 0.008372, val_mae: 0.065589, val_r2: 0.598993
2024-05-17 17:43:26 Epoch 1: lr=0.00082
2024-05-17 17:44:39 [Epoch: 1] loss: 0.008001, mae: 0.064029, r2: 0.621826, val_loss: 0.007713, val_mae: 0.061888, val_r2: 0.636838
2024-05-17 17:44:39 Epoch 2: lr=0.00064
2024-05-17 17:45:52 [Epoch: 2] loss: 0.007348, mae: 0.060912, r2: 0.652122, val_loss: 0.007323, val_mae: 0.059695, val_r2: 0.649299
2024-05-17 17:45:52 Epoch 3: lr=0.00046
2024-05-17 17:47:04 [Epoch: 3] loss: 0.006876, mae: 0.058789, r2: 0.674124, val_loss: 0.007007, val_mae: 0.060352, val_r2: 0.660292
2024-05-17 17:47:04 Epoch 4: lr=0.00028
2024-05-17 17:48:17 [Epoch: 4] loss: 0.006482, mae: 0.057014, r2: 0.691587, val_loss: 0.006587, val_mae: 0.058253, val_r2: 0.684288
2024-05-17 17:48:17 Epoch 5: lr=0.0001
2024-05-17 17:49:30 [Epoch: 5] loss: 0.006149, mae: 0.055461, r2: 0.706953, val_loss: 0.006389, val_mae: 0.056322, val_r2: 0.693378
2024-05-17 17:49:30 Epoch 6: lr=0.0001
2024-05-17 17:50:43 [Epoch: 6] loss: 0.006029, mae: 0.054929, r2: 0.712328, val_loss: 0.006358, val_mae: 0.056226, val_r2: 0.696819
2024-05-17 17:50:43 Epoch 7: lr=0.0001
2024-05-17 17:51:56 [Epoch: 7] loss: 0.005954, mae: 0.054629, r2: 0.715805, val_loss: 0.006348, val_mae: 0.055786, val_r2: 0.696925
2024-05-17 17:51:56 Epoch 8: lr=0.0001
2024-05-17 17:53:08 [Epoch: 8] loss: 0.005900, mae: 0.054357, r2: 0.718356, val_loss: 0.006340, val_mae: 0.055397, val_r2: 0.695987
2024-05-17 17:53:09 Epoch 9: lr=0.0001
2024-05-17 17:54:21 [Epoch: 9] loss: 0.005824, mae: 0.054020, r2: 0.721695, val_loss: 0.006265, val_mae: 0.055451, val_r2: 0.700417
2024-05-17 17:54:21 Epoch 10: lr=0.0001
2024-05-17 17:55:34 [Epoch: 10] loss: 0.005767, mae: 0.053767, r2: 0.724282, val_loss: 0.006247, val_mae: 0.055441, val_r2: 0.702181
2024-05-17 17:55:34 Epoch 11: lr=0.0001
2024-05-17 17:56:47 [Epoch: 11] loss: 0.005697, mae: 0.053443, r2: 0.727765, val_loss: 0.006285, val_mae: 0.055092, val_r2: 0.698148
2024-05-17 17:56:47 Epoch 12: lr=0.0001
2024-05-17 17:58:00 [Epoch: 12] loss: 0.005633, mae: 0.053193, r2: 0.730476, val_loss: 0.006212, val_mae: 0.055087, val_r2: 0.701895
2024-05-17 17:58:00 Epoch 13: lr=0.0001
2024-05-17 17:59:13 [Epoch: 13] loss: 0.005588, mae: 0.052949, r2: 0.732832, val_loss: 0.006155, val_mae: 0.055048, val_r2: 0.704723
2024-05-17 17:59:13 Epoch 14: lr=0.0001
2024-05-17 18:00:26 [Epoch: 14] loss: 0.005525, mae: 0.052651, r2: 0.735479, val_loss: 0.006152, val_mae: 0.055068, val_r2: 0.705098
2024-05-17 18:00:26 Epoch 15: lr=0.0001
2024-05-17 18:01:38 [Epoch: 15] loss: 0.005475, mae: 0.052438, r2: 0.738062, val_loss: 0.006170, val_mae: 0.054831, val_r2: 0.704057
2024-05-17 18:01:38 Epoch 16: lr=0.0001
2024-05-17 18:02:50 [Epoch: 16] loss: 0.005428, mae: 0.052171, r2: 0.740034, val_loss: 0.006107, val_mae: 0.054982, val_r2: 0.706414
2024-05-17 18:02:50 Epoch 17: lr=0.0001
2024-05-17 18:04:03 [Epoch: 17] loss: 0.005372, mae: 0.051967, r2: 0.742416, val_loss: 0.006182, val_mae: 0.054583, val_r2: 0.703629
2024-05-17 18:04:03 Epoch 18: lr=0.0001
2024-05-17 18:05:16 [Epoch: 18] loss: 0.005327, mae: 0.051747, r2: 0.744766, val_loss: 0.006159, val_mae: 0.055657, val_r2: 0.703803
2024-05-17 18:05:16 Epoch 19: lr=5e-05
2024-05-17 18:06:29 [Epoch: 19] loss: 0.005209, mae: 0.051191, r2: 0.750135, val_loss: 0.006078, val_mae: 0.054349, val_r2: 0.708287
2024-05-17 18:06:29 Epoch 20: lr=5e-05
2024-05-17 18:07:41 [Epoch: 20] loss: 0.005161, mae: 0.050951, r2: 0.752313, val_loss: 0.006065, val_mae: 0.054343, val_r2: 0.708796
2024-05-17 18:07:41 Epoch 21: lr=5e-05
2024-05-17 18:08:54 [Epoch: 21] loss: 0.005131, mae: 0.050834, r2: 0.753733, val_loss: 0.006082, val_mae: 0.054974, val_r2: 0.707228
2024-05-17 18:08:54 Epoch 22: lr=5e-05
2024-05-17 18:10:07 [Epoch: 22] loss: 0.005109, mae: 0.050729, r2: 0.754676, val_loss: 0.006083, val_mae: 0.054397, val_r2: 0.707477
2024-05-17 18:10:07 Epoch 23: lr=5e-05
2024-05-17 18:11:20 [Epoch: 23] loss: 0.005090, mae: 0.050576, r2: 0.755646, val_loss: 0.006053, val_mae: 0.054342, val_r2: 0.708238
2024-05-17 18:11:20 Epoch 24: lr=5e-05
2024-05-17 18:12:32 [Epoch: 24] loss: 0.005047, mae: 0.050414, r2: 0.757696, val_loss: 0.006045, val_mae: 0.054126, val_r2: 0.708670
2024-05-17 18:12:32 Epoch 25: lr=5e-05
2024-05-17 18:13:45 [Epoch: 25] loss: 0.005025, mae: 0.050321, r2: 0.758542, val_loss: 0.006046, val_mae: 0.054341, val_r2: 0.708968
2024-05-17 18:13:45 Epoch 26: lr=5e-05
2024-05-17 18:14:58 [Epoch: 26] loss: 0.005001, mae: 0.050197, r2: 0.759722, val_loss: 0.006060, val_mae: 0.054293, val_r2: 0.709772
2024-05-17 18:14:58 Epoch 27: lr=5e-05
2024-05-17 18:16:10 [Epoch: 27] loss: 0.004986, mae: 0.050105, r2: 0.760544, val_loss: 0.006074, val_mae: 0.054338, val_r2: 0.708215
2024-05-17 18:16:10 Epoch 28: lr=5e-05
2024-05-17 18:17:23 [Epoch: 28] loss: 0.004959, mae: 0.049995, r2: 0.761575, val_loss: 0.006060, val_mae: 0.054354, val_r2: 0.709233
2024-05-17 18:17:23 Epoch 29: lr=2.5e-05
2024-05-17 18:18:36 [Epoch: 29] loss: 0.004902, mae: 0.049723, r2: 0.764407, val_loss: 0.006065, val_mae: 0.054217, val_r2: 0.708048
2024-05-17 18:18:36 Epoch 30: lr=2.5e-05
2024-05-17 18:19:49 [Epoch: 30] loss: 0.004888, mae: 0.049630, r2: 0.765001, val_loss: 0.006062, val_mae: 0.054099, val_r2: 0.708738
2024-05-17 18:19:49 Epoch 31: lr=2.5e-05
2024-05-17 18:21:01 [Epoch: 31] loss: 0.004870, mae: 0.049579, r2: 0.765836, val_loss: 0.006048, val_mae: 0.054164, val_r2: 0.708797
2024-05-17 18:21:02 Epoch 32: lr=2.5e-05
2024-05-17 18:22:14 [Epoch: 32] loss: 0.004848, mae: 0.049488, r2: 0.766819, val_loss: 0.006074, val_mae: 0.054352, val_r2: 0.707756
2024-05-17 18:22:14 Epoch 33: lr=2.5e-05
2024-05-17 18:23:26 [Epoch: 33] loss: 0.004841, mae: 0.049398, r2: 0.767332, val_loss: 0.006054, val_mae: 0.054282, val_r2: 0.708528
2024-05-17 18:23:27 Epoch 34: lr=1.25e-05
2024-05-17 18:24:39 [Epoch: 34] loss: 0.004806, mae: 0.049273, r2: 0.769006, val_loss: 0.006072, val_mae: 0.054140, val_r2: 0.707640
2024-05-17 18:24:40 history_length: 35
2024-05-17 18:24:40 stopping: early
2024-05-17 18:24:40 Comparing y_true and y_pred:
2024-05-17 18:24:40   mse: 0.01053836
2024-05-17 18:24:40   mae: 0.09186996
2024-05-17 18:24:40   r2: -2.83349132
2024-05-17 18:24:40   corr: 0.46814326
