2024-05-22 19:47:05 UNO RUN ...
2024-05-22 19:47:05 Params: {'model_name': 'uno', 'train_sources': ['CCLE'], 'test_sources': ['train'], 'cell_types': None, 'cell_features': ['rnaseq'], 'drug_features': ['descriptors'], 'dense': [1000, 1000, 1000, 1000, 1000], 'dense_feature_layers': [1000, 1000, 1000], 'activation': 'relu', 'loss': 'mse', 'optimizer': 'adamax', 'scaling': 'std', 'dropout': 0.1, 'epochs': 50, 'batch_size': 32, 'val_split': 0.2, 'cv': 1, 'max_val_loss': 1.0, 'learning_rate': 0.0001, 'base_lr': None, 'agg_dose': 'AUC', 'residual': False, 'reduce_lr': True, 'warmup_lr': True, 'batch_normalization': False, 'feature_subsample': 0, 'rng_seed': 2018, 'no_gen': False, 'verbose': False, 'preprocess_rnaseq': 'source_scale', 'gpus': [0], 'use_landmark_genes': True, 'no_feature_source': True, 'no_response_source': True, 'save_path': '/dev/shm/Uno/save/9000896.amn-0001/9', 'single': True, 'on_memory_loader': True, 'ckpt_checksum': True, 'ckpt_save_interval': 0, 'timeout': -1, 'train_bool': True, 'profiling': False, 'experiment_id': '9000896.amn-0001', 'run_id': '9', 'logfile': '/dev/shm/Uno/save/9000896.amn-0001/9/python.log', 'shuffle': False, 'ckpt_restart_mode': 'off', 'ckpt_skip_epochs': 0, 'ckpt_directory': '/dev/shm/Uno/save/9000896.amn-0001/9', 'ckpt_save_best': True, 'ckpt_save_best_metric': 'val_loss', 'ckpt_save_weights_only': False, 'ckpt_keep_mode': 'linear', 'ckpt_keep_limit': 5, 'by_cell': None, 'by_drug': None, 'cell_subset_path': '', 'drug_subset_path': '', 'drug_median_response_min': -1, 'drug_median_response_max': 1, 'dense_cell_feature_layers': None, 'dense_drug_feature_layers': None, 'use_filtered_genes': False, 'feature_subset_path': '', 'cell_feature_subset_path': '', 'drug_feature_subset_path': '', 'es': True, 'cp': False, 'tb': False, 'tb_prefix': 'tb', 'partition_by': None, 'cache': None, 'export_csv': None, 'export_data': None, 'use_exported_data': '/dev/shm/Uno/x1922c5s2b0n0.9.merged.landmark.h5', 'growth_bins': 0, 'initial_weights': None, 'save_weights': '/dev/shm/Uno/save/9000896.amn-0001/9/4.1.model.h5', 'config_file': '/home/brettin/CSC249ADOA01_CNDA/brettin/Benchmarks/Pilot1/Uno/uno_auc_model.txt', 'data_type': <class 'numpy.float32'>, 'data_dir': '/dev/shm/Uno/uno/Data', 'output_dir': '/dev/shm/Uno/uno/Output/9000896.amn-0001/9'}
2024-05-22 19:47:05 Feature encoding submodel for cell.rnaseq:
2024-05-22 19:47:05 Model: "cell.rnaseq"
2024-05-22 19:47:05 _________________________________________________________________
2024-05-22 19:47:05  Layer (type)                Output Shape              Param #   
2024-05-22 19:47:05 =================================================================
2024-05-22 19:47:05  input_1 (InputLayer)        [(None, 958)]             0         
2024-05-22 19:47:05                                                                  
2024-05-22 19:47:05  dense (Dense)               (None, 1000)              959000    
2024-05-22 19:47:05                                                                  
2024-05-22 19:47:05  permanent_dropout (Permane  (None, 1000)              0         
2024-05-22 19:47:05  ntDropout)                                                      
2024-05-22 19:47:05                                                                  
2024-05-22 19:47:05  dense_1 (Dense)             (None, 1000)              1001000   
2024-05-22 19:47:05                                                                  
2024-05-22 19:47:05  permanent_dropout_1 (Perma  (None, 1000)              0         
2024-05-22 19:47:05  nentDropout)                                                    
2024-05-22 19:47:05                                                                  
2024-05-22 19:47:05  dense_2 (Dense)             (None, 1000)              1001000   
2024-05-22 19:47:05                                                                  
2024-05-22 19:47:05  permanent_dropout_2 (Perma  (None, 1000)              0         
2024-05-22 19:47:05  nentDropout)                                                    
2024-05-22 19:47:05                                                                  
2024-05-22 19:47:05 =================================================================
2024-05-22 19:47:05 Total params: 2961000 (11.30 MB)
2024-05-22 19:47:05 Trainable params: 2961000 (11.30 MB)
2024-05-22 19:47:05 Non-trainable params: 0 (0.00 Byte)
2024-05-22 19:47:05 _________________________________________________________________
2024-05-22 19:47:05 Feature encoding submodel for drug.descriptors:
2024-05-22 19:47:05 Model: "drug.descriptors"
2024-05-22 19:47:05 _________________________________________________________________
2024-05-22 19:47:05  Layer (type)                Output Shape              Param #   
2024-05-22 19:47:05 =================================================================
2024-05-22 19:47:05  input_2 (InputLayer)        [(None, 1613)]            0         
2024-05-22 19:47:05                                                                  
2024-05-22 19:47:05  dense_3 (Dense)             (None, 1000)              1614000   
2024-05-22 19:47:05                                                                  
2024-05-22 19:47:05  permanent_dropout_3 (Perma  (None, 1000)              0         
2024-05-22 19:47:05  nentDropout)                                                    
2024-05-22 19:47:05                                                                  
2024-05-22 19:47:05  dense_4 (Dense)             (None, 1000)              1001000   
2024-05-22 19:47:05                                                                  
2024-05-22 19:47:05  permanent_dropout_4 (Perma  (None, 1000)              0         
2024-05-22 19:47:05  nentDropout)                                                    
2024-05-22 19:47:05                                                                  
2024-05-22 19:47:05  dense_5 (Dense)             (None, 1000)              1001000   
2024-05-22 19:47:05                                                                  
2024-05-22 19:47:05  permanent_dropout_5 (Perma  (None, 1000)              0         
2024-05-22 19:47:05  nentDropout)                                                    
2024-05-22 19:47:05                                                                  
2024-05-22 19:47:05 =================================================================
2024-05-22 19:47:05 Total params: 3616000 (13.79 MB)
2024-05-22 19:47:05 Trainable params: 3616000 (13.79 MB)
2024-05-22 19:47:05 Non-trainable params: 0 (0.00 Byte)
2024-05-22 19:47:05 _________________________________________________________________
2024-05-22 19:47:05 Combined model:
2024-05-22 19:47:05 Model: "model"
2024-05-22 19:47:05 __________________________________________________________________________________________________
2024-05-22 19:47:05  Layer (type)                Output Shape                 Param #   Connected to                  
2024-05-22 19:47:05 ==================================================================================================
2024-05-22 19:47:05  input.cell.rnaseq (InputLa  [(None, 958)]                0         []                            
2024-05-22 19:47:05  yer)                                                                                             
2024-05-22 19:47:05                                                                                                   
2024-05-22 19:47:05  input.drug1.descriptors (I  [(None, 1613)]               0         []                            
2024-05-22 19:47:05  nputLayer)                                                                                       
2024-05-22 19:47:05                                                                                                   
2024-05-22 19:47:05  cell.rnaseq (Functional)    (None, 1000)                 2961000   ['input.cell.rnaseq[0][0]']   
2024-05-22 19:47:05                                                                                                   
2024-05-22 19:47:05  drug.descriptors (Function  (None, 1000)                 3616000   ['input.drug1.descriptors[0][0
2024-05-22 19:47:05  al)                                                                ]']                           
2024-05-22 19:47:05                                                                                                   
2024-05-22 19:47:05  concatenate (Concatenate)   (None, 2000)                 0         ['cell.rnaseq[0][0]',         
2024-05-22 19:47:05                                                                      'drug.descriptors[0][0]']    
2024-05-22 19:47:05                                                                                                   
2024-05-22 19:47:05  dense_6 (Dense)             (None, 1000)                 2001000   ['concatenate[0][0]']         
2024-05-22 19:47:05                                                                                                   
2024-05-22 19:47:05  permanent_dropout_6 (Perma  (None, 1000)                 0         ['dense_6[0][0]']             
2024-05-22 19:47:05  nentDropout)                                                                                     
2024-05-22 19:47:05                                                                                                   
2024-05-22 19:47:05  dense_7 (Dense)             (None, 1000)                 1001000   ['permanent_dropout_6[0][0]'] 
2024-05-22 19:47:05                                                                                                   
2024-05-22 19:47:05  permanent_dropout_7 (Perma  (None, 1000)                 0         ['dense_7[0][0]']             
2024-05-22 19:47:05  nentDropout)                                                                                     
2024-05-22 19:47:05                                                                                                   
2024-05-22 19:47:05  dense_8 (Dense)             (None, 1000)                 1001000   ['permanent_dropout_7[0][0]'] 
2024-05-22 19:47:05                                                                                                   
2024-05-22 19:47:05  permanent_dropout_8 (Perma  (None, 1000)                 0         ['dense_8[0][0]']             
2024-05-22 19:47:05  nentDropout)                                                                                     
2024-05-22 19:47:05                                                                                                   
2024-05-22 19:47:05  dense_9 (Dense)             (None, 1000)                 1001000   ['permanent_dropout_8[0][0]'] 
2024-05-22 19:47:05                                                                                                   
2024-05-22 19:47:05  permanent_dropout_9 (Perma  (None, 1000)                 0         ['dense_9[0][0]']             
2024-05-22 19:47:05  nentDropout)                                                                                     
2024-05-22 19:47:05                                                                                                   
2024-05-22 19:47:05  dense_10 (Dense)            (None, 1000)                 1001000   ['permanent_dropout_9[0][0]'] 
2024-05-22 19:47:05                                                                                                   
2024-05-22 19:47:05  permanent_dropout_10 (Perm  (None, 1000)                 0         ['dense_10[0][0]']            
2024-05-22 19:47:05  anentDropout)                                                                                    
2024-05-22 19:47:05                                                                                                   
2024-05-22 19:47:05  dense_11 (Dense)            (None, 1)                    1001      ['permanent_dropout_10[0][0]']
2024-05-22 19:47:05                                                                                                   
2024-05-22 19:47:05 ==================================================================================================
2024-05-22 19:47:05 Total params: 12583001 (48.00 MB)
2024-05-22 19:47:05 Trainable params: 12583001 (48.00 MB)
2024-05-22 19:47:05 Non-trainable params: 0 (0.00 Byte)
2024-05-22 19:47:05 __________________________________________________________________________________________________
2024-05-22 19:47:05 CKPT CONSTRUCT...
2024-05-22 19:47:05 CKPT CONSTRUCT OK.
2024-05-22 19:47:05 template model: <keras.src.engine.functional.Functional object at 0x14a2d2685d60>
2024-05-22 19:47:07 COMPILE
2024-05-22 19:47:07 Will save weights to: /dev/shm/Uno/save/9000896.amn-0001/9/4.1.model.h5
2024-05-22 19:47:24 Between random pairs in y_val:
2024-05-22 19:47:24   mse: 0.04762680
2024-05-22 19:47:24   mae: 0.15997873
2024-05-22 19:47:24   r2: -0.99404943
2024-05-22 19:47:24   corr: 0.00297528
2024-05-22 19:47:24 Data points per epoch: train = 468327, val = 117082, test = 2300
2024-05-22 19:47:24 Steps per epoch: train = 14635, val = 3658, test = 71
2024-05-22 19:47:24 Epoch 0: lr=0.001
2024-05-22 19:48:37 [Epoch: 0] loss: 0.033954, mae: 0.079583, r2: -0.772604, val_loss: 0.008814, val_mae: 0.069710, val_r2: 0.580731
2024-05-22 19:48:37 Epoch 1: lr=0.00082
2024-05-22 19:49:48 [Epoch: 1] loss: 0.008010, mae: 0.063971, r2: 0.620442, val_loss: 0.007575, val_mae: 0.062202, val_r2: 0.642584
2024-05-22 19:49:49 Epoch 2: lr=0.00064
2024-05-22 19:51:00 [Epoch: 2] loss: 0.007315, mae: 0.060804, r2: 0.652197, val_loss: 0.007231, val_mae: 0.059776, val_r2: 0.658662
2024-05-22 19:51:00 Epoch 3: lr=0.00046
2024-05-22 19:52:11 [Epoch: 3] loss: 0.006848, mae: 0.058637, r2: 0.673772, val_loss: 0.006945, val_mae: 0.060515, val_r2: 0.672170
2024-05-22 19:52:11 Epoch 4: lr=0.00028
2024-05-22 19:53:23 [Epoch: 4] loss: 0.006454, mae: 0.056848, r2: 0.691680, val_loss: 0.006644, val_mae: 0.058075, val_r2: 0.683678
2024-05-22 19:53:23 Epoch 5: lr=0.0001
2024-05-22 19:54:34 [Epoch: 5] loss: 0.006111, mae: 0.055271, r2: 0.707536, val_loss: 0.006460, val_mae: 0.056383, val_r2: 0.692893
2024-05-22 19:54:34 Epoch 6: lr=0.0001
2024-05-22 19:55:46 [Epoch: 6] loss: 0.006011, mae: 0.054775, r2: 0.712388, val_loss: 0.006390, val_mae: 0.056431, val_r2: 0.696238
2024-05-22 19:55:46 Epoch 7: lr=0.0001
2024-05-22 19:56:57 [Epoch: 7] loss: 0.005940, mae: 0.054438, r2: 0.715555, val_loss: 0.006387, val_mae: 0.056233, val_r2: 0.697058
2024-05-22 19:56:57 Epoch 8: lr=0.0001
2024-05-22 19:58:08 [Epoch: 8] loss: 0.005873, mae: 0.054160, r2: 0.718491, val_loss: 0.006365, val_mae: 0.055765, val_r2: 0.698484
2024-05-22 19:58:09 Epoch 9: lr=0.0001
2024-05-22 19:59:20 [Epoch: 9] loss: 0.005801, mae: 0.053822, r2: 0.721887, val_loss: 0.006328, val_mae: 0.056050, val_r2: 0.700452
2024-05-22 19:59:20 Epoch 10: lr=0.0001
2024-05-22 20:00:32 [Epoch: 10] loss: 0.005729, mae: 0.053534, r2: 0.725157, val_loss: 0.006291, val_mae: 0.055711, val_r2: 0.702361
2024-05-22 20:00:32 Epoch 11: lr=0.0001
2024-05-22 20:01:44 [Epoch: 11] loss: 0.005678, mae: 0.053298, r2: 0.727649, val_loss: 0.006305, val_mae: 0.055463, val_r2: 0.701772
2024-05-22 20:01:44 Epoch 12: lr=0.0001
2024-05-22 20:02:55 [Epoch: 12] loss: 0.005619, mae: 0.053041, r2: 0.730526, val_loss: 0.006248, val_mae: 0.055393, val_r2: 0.703689
2024-05-22 20:02:55 Epoch 13: lr=0.0001
2024-05-22 20:04:07 [Epoch: 13] loss: 0.005569, mae: 0.052771, r2: 0.732890, val_loss: 0.006267, val_mae: 0.055286, val_r2: 0.702893
2024-05-22 20:04:07 Epoch 14: lr=0.0001
2024-05-22 20:05:18 [Epoch: 14] loss: 0.005504, mae: 0.052509, r2: 0.735357, val_loss: 0.006247, val_mae: 0.055448, val_r2: 0.703233
2024-05-22 20:05:18 Epoch 15: lr=5e-05
2024-05-22 20:06:29 [Epoch: 15] loss: 0.005401, mae: 0.052013, r2: 0.740599, val_loss: 0.006224, val_mae: 0.055083, val_r2: 0.704887
2024-05-22 20:06:29 Epoch 16: lr=5e-05
2024-05-22 20:07:41 [Epoch: 16] loss: 0.005343, mae: 0.051762, r2: 0.743195, val_loss: 0.006175, val_mae: 0.055232, val_r2: 0.707080
2024-05-22 20:07:41 Epoch 17: lr=5e-05
2024-05-22 20:08:53 [Epoch: 17] loss: 0.005313, mae: 0.051600, r2: 0.744543, val_loss: 0.006184, val_mae: 0.054938, val_r2: 0.705998
2024-05-22 20:08:53 Epoch 18: lr=5e-05
2024-05-22 20:10:04 [Epoch: 18] loss: 0.005280, mae: 0.051440, r2: 0.746041, val_loss: 0.006217, val_mae: 0.055007, val_r2: 0.704528
2024-05-22 20:10:04 Epoch 19: lr=5e-05
2024-05-22 20:11:15 [Epoch: 19] loss: 0.005269, mae: 0.051386, r2: 0.746768, val_loss: 0.006182, val_mae: 0.055048, val_r2: 0.706247
2024-05-22 20:11:15 Epoch 20: lr=5e-05
2024-05-22 20:12:27 [Epoch: 20] loss: 0.005228, mae: 0.051189, r2: 0.748628, val_loss: 0.006162, val_mae: 0.054819, val_r2: 0.707817
2024-05-22 20:12:27 Epoch 21: lr=2.5e-05
2024-05-22 20:13:38 [Epoch: 21] loss: 0.005170, mae: 0.050917, r2: 0.751507, val_loss: 0.006171, val_mae: 0.054765, val_r2: 0.706787
2024-05-22 20:13:38 Epoch 22: lr=2.5e-05
2024-05-22 20:14:50 [Epoch: 22] loss: 0.005149, mae: 0.050799, r2: 0.752275, val_loss: 0.006159, val_mae: 0.054776, val_r2: 0.707638
2024-05-22 20:14:50 Epoch 23: lr=2.5e-05
2024-05-22 20:16:01 [Epoch: 23] loss: 0.005132, mae: 0.050726, r2: 0.753085, val_loss: 0.006172, val_mae: 0.054958, val_r2: 0.707069
2024-05-22 20:16:01 Epoch 24: lr=2.5e-05
2024-05-22 20:17:13 [Epoch: 24] loss: 0.005104, mae: 0.050635, r2: 0.754377, val_loss: 0.006141, val_mae: 0.054770, val_r2: 0.708104
2024-05-22 20:17:13 Epoch 25: lr=2.5e-05
2024-05-22 20:18:25 [Epoch: 25] loss: 0.005086, mae: 0.050541, r2: 0.755177, val_loss: 0.006153, val_mae: 0.054806, val_r2: 0.707829
2024-05-22 20:18:25 Epoch 26: lr=1.25e-05
2024-05-22 20:19:37 [Epoch: 26] loss: 0.005063, mae: 0.050427, r2: 0.756526, val_loss: 0.006164, val_mae: 0.055023, val_r2: 0.707019
2024-05-22 20:19:37 Epoch 27: lr=1.25e-05
2024-05-22 20:20:49 [Epoch: 27] loss: 0.005055, mae: 0.050427, r2: 0.756707, val_loss: 0.006151, val_mae: 0.054684, val_r2: 0.707998
2024-05-22 20:20:49 Epoch 28: lr=1.25e-05
2024-05-22 20:22:01 [Epoch: 28] loss: 0.005045, mae: 0.050327, r2: 0.757232, val_loss: 0.006178, val_mae: 0.054879, val_r2: 0.706712
2024-05-22 20:22:01 Epoch 29: lr=1.25e-05
2024-05-22 20:23:13 [Epoch: 29] loss: 0.005041, mae: 0.050323, r2: 0.757562, val_loss: 0.006186, val_mae: 0.054831, val_r2: 0.706349
2024-05-22 20:23:13 Epoch 30: lr=1.25e-05
2024-05-22 20:24:24 [Epoch: 30] loss: 0.005029, mae: 0.050266, r2: 0.757943, val_loss: 0.006172, val_mae: 0.054866, val_r2: 0.707013
2024-05-22 20:24:24 Epoch 31: lr=1e-05
2024-05-22 20:25:35 [Epoch: 31] loss: 0.005024, mae: 0.050253, r2: 0.757905, val_loss: 0.006166, val_mae: 0.054891, val_r2: 0.707359
2024-05-22 20:25:35 Epoch 32: lr=1e-05
2024-05-22 20:26:47 [Epoch: 32] loss: 0.005011, mae: 0.050168, r2: 0.758789, val_loss: 0.006171, val_mae: 0.054848, val_r2: 0.707150
2024-05-22 20:26:47 Epoch 33: lr=1e-05
2024-05-22 20:27:58 [Epoch: 33] loss: 0.005008, mae: 0.050139, r2: 0.758910, val_loss: 0.006147, val_mae: 0.054705, val_r2: 0.707931
2024-05-22 20:27:58 Epoch 34: lr=1e-05
2024-05-22 20:29:09 [Epoch: 34] loss: 0.004994, mae: 0.050075, r2: 0.759595, val_loss: 0.006160, val_mae: 0.054731, val_r2: 0.707229
2024-05-22 20:29:10 history_length: 35
2024-05-22 20:29:10 stopping: early
2024-05-22 20:29:10 Comparing y_true and y_pred:
2024-05-22 20:29:10   mse: 0.01509227
2024-05-22 20:29:10   mae: 0.09995202
2024-05-22 20:29:10   r2: -0.49108306
2024-05-22 20:29:10   corr: 0.20371941
