2024-05-18 13:19:43 UNO RUN ...
2024-05-18 13:19:43 Params: {'model_name': 'uno', 'train_sources': ['CCLE'], 'test_sources': ['train'], 'cell_types': None, 'cell_features': ['rnaseq'], 'drug_features': ['descriptors'], 'dense': [1000, 1000, 1000, 1000, 1000], 'dense_feature_layers': [1000, 1000, 1000], 'activation': 'relu', 'loss': 'mse', 'optimizer': 'adamax', 'scaling': 'std', 'dropout': 0.1, 'epochs': 75, 'batch_size': 32, 'val_split': 0.2, 'cv': 1, 'max_val_loss': 1.0, 'learning_rate': 0.0001, 'base_lr': None, 'agg_dose': 'AUC', 'residual': False, 'reduce_lr': True, 'warmup_lr': True, 'batch_normalization': False, 'feature_subsample': 0, 'rng_seed': 2018, 'no_gen': False, 'verbose': False, 'preprocess_rnaseq': 'source_scale', 'gpus': [0], 'use_landmark_genes': True, 'no_feature_source': True, 'no_response_source': True, 'save_path': '/dev/shm/Uno/save/8999163.amn-0001/97', 'single': True, 'on_memory_loader': True, 'ckpt_checksum': True, 'ckpt_save_interval': 0, 'timeout': -1, 'train_bool': True, 'profiling': False, 'experiment_id': '8999163.amn-0001', 'run_id': '97', 'logfile': '/dev/shm/Uno/save/8999163.amn-0001/97/python.log', 'shuffle': False, 'ckpt_restart_mode': 'off', 'ckpt_skip_epochs': 0, 'ckpt_directory': '/dev/shm/Uno/save/8999163.amn-0001/97', 'ckpt_save_best': True, 'ckpt_save_best_metric': 'val_loss', 'ckpt_save_weights_only': False, 'ckpt_keep_mode': 'linear', 'ckpt_keep_limit': 5, 'by_cell': None, 'by_drug': None, 'cell_subset_path': '', 'drug_subset_path': '', 'drug_median_response_min': -1, 'drug_median_response_max': 1, 'dense_cell_feature_layers': None, 'dense_drug_feature_layers': None, 'use_filtered_genes': False, 'feature_subset_path': '', 'cell_feature_subset_path': '', 'drug_feature_subset_path': '', 'es': True, 'cp': False, 'tb': False, 'tb_prefix': 'tb', 'partition_by': None, 'cache': None, 'export_csv': None, 'export_data': None, 'use_exported_data': '/dev/shm/Uno/x1922c5s2b0n0.97.merged.landmark.h5', 'growth_bins': 0, 'initial_weights': None, 'save_weights': '/dev/shm/Uno/save/8999163.amn-0001/97/0.1.model.h5', 'config_file': '/home/brettin/CSC249ADOA01_CNDA/brettin/Benchmarks/Pilot1/Uno/uno_auc_model.txt', 'data_type': <class 'numpy.float32'>, 'data_dir': '/dev/shm/Uno/uno/Data', 'output_dir': '/dev/shm/Uno/uno/Output/8999163.amn-0001/97'}
2024-05-18 13:19:43 Feature encoding submodel for cell.rnaseq:
2024-05-18 13:19:43 Model: "cell.rnaseq"
2024-05-18 13:19:43 _________________________________________________________________
2024-05-18 13:19:43  Layer (type)                Output Shape              Param #   
2024-05-18 13:19:43 =================================================================
2024-05-18 13:19:43  input_1 (InputLayer)        [(None, 958)]             0         
2024-05-18 13:19:43                                                                  
2024-05-18 13:19:43  dense (Dense)               (None, 1000)              959000    
2024-05-18 13:19:43                                                                  
2024-05-18 13:19:43  permanent_dropout (Permane  (None, 1000)              0         
2024-05-18 13:19:43  ntDropout)                                                      
2024-05-18 13:19:43                                                                  
2024-05-18 13:19:43  dense_1 (Dense)             (None, 1000)              1001000   
2024-05-18 13:19:43                                                                  
2024-05-18 13:19:43  permanent_dropout_1 (Perma  (None, 1000)              0         
2024-05-18 13:19:43  nentDropout)                                                    
2024-05-18 13:19:43                                                                  
2024-05-18 13:19:43  dense_2 (Dense)             (None, 1000)              1001000   
2024-05-18 13:19:43                                                                  
2024-05-18 13:19:43  permanent_dropout_2 (Perma  (None, 1000)              0         
2024-05-18 13:19:43  nentDropout)                                                    
2024-05-18 13:19:43                                                                  
2024-05-18 13:19:43 =================================================================
2024-05-18 13:19:43 Total params: 2961000 (11.30 MB)
2024-05-18 13:19:43 Trainable params: 2961000 (11.30 MB)
2024-05-18 13:19:43 Non-trainable params: 0 (0.00 Byte)
2024-05-18 13:19:43 _________________________________________________________________
2024-05-18 13:19:43 Feature encoding submodel for drug.descriptors:
2024-05-18 13:19:43 Model: "drug.descriptors"
2024-05-18 13:19:43 _________________________________________________________________
2024-05-18 13:19:43  Layer (type)                Output Shape              Param #   
2024-05-18 13:19:43 =================================================================
2024-05-18 13:19:43  input_2 (InputLayer)        [(None, 1613)]            0         
2024-05-18 13:19:43                                                                  
2024-05-18 13:19:43  dense_3 (Dense)             (None, 1000)              1614000   
2024-05-18 13:19:43                                                                  
2024-05-18 13:19:43  permanent_dropout_3 (Perma  (None, 1000)              0         
2024-05-18 13:19:43  nentDropout)                                                    
2024-05-18 13:19:43                                                                  
2024-05-18 13:19:43  dense_4 (Dense)             (None, 1000)              1001000   
2024-05-18 13:19:43                                                                  
2024-05-18 13:19:43  permanent_dropout_4 (Perma  (None, 1000)              0         
2024-05-18 13:19:43  nentDropout)                                                    
2024-05-18 13:19:43                                                                  
2024-05-18 13:19:43  dense_5 (Dense)             (None, 1000)              1001000   
2024-05-18 13:19:43                                                                  
2024-05-18 13:19:43  permanent_dropout_5 (Perma  (None, 1000)              0         
2024-05-18 13:19:43  nentDropout)                                                    
2024-05-18 13:19:43                                                                  
2024-05-18 13:19:43 =================================================================
2024-05-18 13:19:43 Total params: 3616000 (13.79 MB)
2024-05-18 13:19:43 Trainable params: 3616000 (13.79 MB)
2024-05-18 13:19:43 Non-trainable params: 0 (0.00 Byte)
2024-05-18 13:19:43 _________________________________________________________________
2024-05-18 13:19:43 Combined model:
2024-05-18 13:19:43 Model: "model"
2024-05-18 13:19:43 __________________________________________________________________________________________________
2024-05-18 13:19:43  Layer (type)                Output Shape                 Param #   Connected to                  
2024-05-18 13:19:43 ==================================================================================================
2024-05-18 13:19:43  input.cell.rnaseq (InputLa  [(None, 958)]                0         []                            
2024-05-18 13:19:43  yer)                                                                                             
2024-05-18 13:19:43                                                                                                   
2024-05-18 13:19:43  input.drug1.descriptors (I  [(None, 1613)]               0         []                            
2024-05-18 13:19:43  nputLayer)                                                                                       
2024-05-18 13:19:43                                                                                                   
2024-05-18 13:19:43  cell.rnaseq (Functional)    (None, 1000)                 2961000   ['input.cell.rnaseq[0][0]']   
2024-05-18 13:19:43                                                                                                   
2024-05-18 13:19:43  drug.descriptors (Function  (None, 1000)                 3616000   ['input.drug1.descriptors[0][0
2024-05-18 13:19:43  al)                                                                ]']                           
2024-05-18 13:19:43                                                                                                   
2024-05-18 13:19:43  concatenate (Concatenate)   (None, 2000)                 0         ['cell.rnaseq[0][0]',         
2024-05-18 13:19:43                                                                      'drug.descriptors[0][0]']    
2024-05-18 13:19:43                                                                                                   
2024-05-18 13:19:43  dense_6 (Dense)             (None, 1000)                 2001000   ['concatenate[0][0]']         
2024-05-18 13:19:43                                                                                                   
2024-05-18 13:19:43  permanent_dropout_6 (Perma  (None, 1000)                 0         ['dense_6[0][0]']             
2024-05-18 13:19:43  nentDropout)                                                                                     
2024-05-18 13:19:43                                                                                                   
2024-05-18 13:19:43  dense_7 (Dense)             (None, 1000)                 1001000   ['permanent_dropout_6[0][0]'] 
2024-05-18 13:19:43                                                                                                   
2024-05-18 13:19:43  permanent_dropout_7 (Perma  (None, 1000)                 0         ['dense_7[0][0]']             
2024-05-18 13:19:43  nentDropout)                                                                                     
2024-05-18 13:19:43                                                                                                   
2024-05-18 13:19:43  dense_8 (Dense)             (None, 1000)                 1001000   ['permanent_dropout_7[0][0]'] 
2024-05-18 13:19:43                                                                                                   
2024-05-18 13:19:43  permanent_dropout_8 (Perma  (None, 1000)                 0         ['dense_8[0][0]']             
2024-05-18 13:19:43  nentDropout)                                                                                     
2024-05-18 13:19:43                                                                                                   
2024-05-18 13:19:43  dense_9 (Dense)             (None, 1000)                 1001000   ['permanent_dropout_8[0][0]'] 
2024-05-18 13:19:43                                                                                                   
2024-05-18 13:19:43  permanent_dropout_9 (Perma  (None, 1000)                 0         ['dense_9[0][0]']             
2024-05-18 13:19:43  nentDropout)                                                                                     
2024-05-18 13:19:43                                                                                                   
2024-05-18 13:19:43  dense_10 (Dense)            (None, 1000)                 1001000   ['permanent_dropout_9[0][0]'] 
2024-05-18 13:19:43                                                                                                   
2024-05-18 13:19:43  permanent_dropout_10 (Perm  (None, 1000)                 0         ['dense_10[0][0]']            
2024-05-18 13:19:43  anentDropout)                                                                                    
2024-05-18 13:19:43                                                                                                   
2024-05-18 13:19:43  dense_11 (Dense)            (None, 1)                    1001      ['permanent_dropout_10[0][0]']
2024-05-18 13:19:43                                                                                                   
2024-05-18 13:19:43 ==================================================================================================
2024-05-18 13:19:43 Total params: 12583001 (48.00 MB)
2024-05-18 13:19:43 Trainable params: 12583001 (48.00 MB)
2024-05-18 13:19:43 Non-trainable params: 0 (0.00 Byte)
2024-05-18 13:19:43 __________________________________________________________________________________________________
2024-05-18 13:19:44 CKPT CONSTRUCT...
2024-05-18 13:19:44 CKPT CONSTRUCT OK.
2024-05-18 13:19:44 template model: <keras.src.engine.functional.Functional object at 0x150c1dbf6bb0>
2024-05-18 13:19:45 COMPILE
2024-05-18 13:19:45 Will save weights to: /dev/shm/Uno/save/8999163.amn-0001/97/0.1.model.h5
2024-05-18 13:20:01 Between random pairs in y_val:
2024-05-18 13:20:01   mse: 0.04726562
2024-05-18 13:20:01   mae: 0.15945507
2024-05-18 13:20:01   r2: -0.99415398
2024-05-18 13:20:01   corr: 0.00292301
2024-05-18 13:20:01 Data points per epoch: train = 469586, val = 117397, test = 726
2024-05-18 13:20:01 Steps per epoch: train = 14674, val = 3668, test = 22
2024-05-18 13:20:01 Epoch 0: lr=0.001
2024-05-18 13:21:14 [Epoch: 0] loss: 0.028786, mae: 0.079644, r2: -0.100688, val_loss: 0.008636, val_mae: 0.067707, val_r2: 0.596773
2024-05-18 13:21:14 Epoch 1: lr=0.00082
2024-05-18 13:22:25 [Epoch: 1] loss: 0.007981, mae: 0.063896, r2: 0.621120, val_loss: 0.007816, val_mae: 0.061923, val_r2: 0.630676
2024-05-18 13:22:25 Epoch 2: lr=0.00064
2024-05-18 13:23:36 [Epoch: 2] loss: 0.007294, mae: 0.060691, r2: 0.653156, val_loss: 0.007300, val_mae: 0.059788, val_r2: 0.653753
2024-05-18 13:23:36 Epoch 3: lr=0.00046
2024-05-18 13:24:47 [Epoch: 3] loss: 0.006835, mae: 0.058606, r2: 0.674283, val_loss: 0.006839, val_mae: 0.057916, val_r2: 0.671919
2024-05-18 13:24:47 Epoch 4: lr=0.00028
2024-05-18 13:25:58 [Epoch: 4] loss: 0.006434, mae: 0.056763, r2: 0.692419, val_loss: 0.006600, val_mae: 0.057414, val_r2: 0.683621
2024-05-18 13:25:58 Epoch 5: lr=0.0001
2024-05-18 13:27:09 [Epoch: 5] loss: 0.006101, mae: 0.055217, r2: 0.707794, val_loss: 0.006489, val_mae: 0.056350, val_r2: 0.688498
2024-05-18 13:27:09 Epoch 6: lr=0.0001
2024-05-18 13:28:20 [Epoch: 6] loss: 0.005990, mae: 0.054709, r2: 0.712957, val_loss: 0.006414, val_mae: 0.056496, val_r2: 0.692969
2024-05-18 13:28:20 Epoch 7: lr=0.0001
2024-05-18 13:29:31 [Epoch: 7] loss: 0.005903, mae: 0.054354, r2: 0.717079, val_loss: 0.006406, val_mae: 0.056446, val_r2: 0.693464
2024-05-18 13:29:32 Epoch 8: lr=0.0001
2024-05-18 13:30:42 [Epoch: 8] loss: 0.005848, mae: 0.054096, r2: 0.719644, val_loss: 0.006379, val_mae: 0.056231, val_r2: 0.693987
2024-05-18 13:30:43 Epoch 9: lr=0.0001
2024-05-18 13:31:53 [Epoch: 9] loss: 0.005772, mae: 0.053767, r2: 0.723336, val_loss: 0.006348, val_mae: 0.056279, val_r2: 0.694902
2024-05-18 13:31:53 Epoch 10: lr=0.0001
2024-05-18 13:33:04 [Epoch: 10] loss: 0.005710, mae: 0.053496, r2: 0.726103, val_loss: 0.006316, val_mae: 0.056210, val_r2: 0.698094
2024-05-18 13:33:04 Epoch 11: lr=0.0001
2024-05-18 13:34:15 [Epoch: 11] loss: 0.005663, mae: 0.053275, r2: 0.728173, val_loss: 0.006309, val_mae: 0.055464, val_r2: 0.696507
2024-05-18 13:34:15 Epoch 12: lr=0.0001
2024-05-18 13:35:26 [Epoch: 12] loss: 0.005597, mae: 0.052996, r2: 0.731470, val_loss: 0.006279, val_mae: 0.056029, val_r2: 0.699573
2024-05-18 13:35:26 Epoch 13: lr=0.0001
2024-05-18 13:36:37 [Epoch: 13] loss: 0.005536, mae: 0.052704, r2: 0.734393, val_loss: 0.006259, val_mae: 0.055457, val_r2: 0.701271
2024-05-18 13:36:37 Epoch 14: lr=0.0001
2024-05-18 13:37:49 [Epoch: 14] loss: 0.005472, mae: 0.052395, r2: 0.737121, val_loss: 0.006265, val_mae: 0.055069, val_r2: 0.700239
2024-05-18 13:37:49 Epoch 15: lr=0.0001
2024-05-18 13:39:00 [Epoch: 15] loss: 0.005442, mae: 0.052243, r2: 0.738832, val_loss: 0.006222, val_mae: 0.055420, val_r2: 0.703169
2024-05-18 13:39:00 Epoch 16: lr=0.0001
2024-05-18 13:40:11 [Epoch: 16] loss: 0.005384, mae: 0.051968, r2: 0.741247, val_loss: 0.006223, val_mae: 0.054999, val_r2: 0.702146
2024-05-18 13:40:11 Epoch 17: lr=0.0001
2024-05-18 13:41:22 [Epoch: 17] loss: 0.005327, mae: 0.051712, r2: 0.744057, val_loss: 0.006197, val_mae: 0.054991, val_r2: 0.702480
2024-05-18 13:41:22 Epoch 18: lr=5e-05
2024-05-18 13:42:33 [Epoch: 18] loss: 0.005216, mae: 0.051176, r2: 0.749242, val_loss: 0.006181, val_mae: 0.055001, val_r2: 0.704160
2024-05-18 13:42:33 Epoch 19: lr=5e-05
2024-05-18 13:43:44 [Epoch: 19] loss: 0.005183, mae: 0.050991, r2: 0.750580, val_loss: 0.006185, val_mae: 0.054919, val_r2: 0.703092
2024-05-18 13:43:44 Epoch 20: lr=5e-05
2024-05-18 13:44:55 [Epoch: 20] loss: 0.005142, mae: 0.050838, r2: 0.752648, val_loss: 0.006168, val_mae: 0.054755, val_r2: 0.703655
2024-05-18 13:44:55 Epoch 21: lr=5e-05
2024-05-18 13:46:06 [Epoch: 21] loss: 0.005114, mae: 0.050717, r2: 0.753674, val_loss: 0.006194, val_mae: 0.055119, val_r2: 0.702384
2024-05-18 13:46:06 Epoch 22: lr=5e-05
2024-05-18 13:47:17 [Epoch: 22] loss: 0.005091, mae: 0.050574, r2: 0.754872, val_loss: 0.006182, val_mae: 0.054972, val_r2: 0.703210
2024-05-18 13:47:17 Epoch 23: lr=5e-05
2024-05-18 13:48:28 [Epoch: 23] loss: 0.005064, mae: 0.050465, r2: 0.756175, val_loss: 0.006208, val_mae: 0.054552, val_r2: 0.702012
2024-05-18 13:48:28 Epoch 24: lr=5e-05
2024-05-18 13:49:38 [Epoch: 24] loss: 0.005037, mae: 0.050355, r2: 0.757627, val_loss: 0.006159, val_mae: 0.054619, val_r2: 0.704835
2024-05-18 13:49:39 Epoch 25: lr=5e-05
2024-05-18 13:50:49 [Epoch: 25] loss: 0.005003, mae: 0.050181, r2: 0.759063, val_loss: 0.006117, val_mae: 0.054812, val_r2: 0.707077
2024-05-18 13:50:49 Epoch 26: lr=2.5e-05
2024-05-18 13:52:00 [Epoch: 26] loss: 0.004949, mae: 0.049920, r2: 0.761679, val_loss: 0.006172, val_mae: 0.055044, val_r2: 0.703512
2024-05-18 13:52:00 Epoch 27: lr=2.5e-05
2024-05-18 13:53:12 [Epoch: 27] loss: 0.004936, mae: 0.049833, r2: 0.762116, val_loss: 0.006158, val_mae: 0.054589, val_r2: 0.704193
2024-05-18 13:53:12 Epoch 28: lr=2.5e-05
2024-05-18 13:54:23 [Epoch: 28] loss: 0.004918, mae: 0.049762, r2: 0.763010, val_loss: 0.006138, val_mae: 0.054396, val_r2: 0.705792
2024-05-18 13:54:23 Epoch 29: lr=2.5e-05
2024-05-18 13:55:34 [Epoch: 29] loss: 0.004897, mae: 0.049666, r2: 0.763889, val_loss: 0.006134, val_mae: 0.054553, val_r2: 0.706327
2024-05-18 13:55:34 Epoch 30: lr=2.5e-05
2024-05-18 13:56:45 [Epoch: 30] loss: 0.004891, mae: 0.049619, r2: 0.764134, val_loss: 0.006164, val_mae: 0.054665, val_r2: 0.704188
2024-05-18 13:56:45 Epoch 31: lr=1.25e-05
2024-05-18 13:57:56 [Epoch: 31] loss: 0.004861, mae: 0.049500, r2: 0.765624, val_loss: 0.006137, val_mae: 0.054524, val_r2: 0.705480
2024-05-18 13:57:56 Epoch 32: lr=1.25e-05
2024-05-18 13:59:07 [Epoch: 32] loss: 0.004840, mae: 0.049406, r2: 0.766684, val_loss: 0.006160, val_mae: 0.054545, val_r2: 0.704693
2024-05-18 13:59:07 Epoch 33: lr=1.25e-05
2024-05-18 14:00:17 [Epoch: 33] loss: 0.004839, mae: 0.049399, r2: 0.766817, val_loss: 0.006184, val_mae: 0.054693, val_r2: 0.702999
2024-05-18 14:00:18 Epoch 34: lr=1.25e-05
2024-05-18 14:01:29 [Epoch: 34] loss: 0.004835, mae: 0.049350, r2: 0.766919, val_loss: 0.006156, val_mae: 0.054658, val_r2: 0.704658
2024-05-18 14:01:29 Epoch 35: lr=1.25e-05
2024-05-18 14:02:40 [Epoch: 35] loss: 0.004822, mae: 0.049314, r2: 0.767478, val_loss: 0.006175, val_mae: 0.054548, val_r2: 0.703899
2024-05-18 14:02:40 history_length: 36
2024-05-18 14:02:40 stopping: early
2024-05-18 14:02:40 Comparing y_true and y_pred:
2024-05-18 14:02:40   mse: 0.01252100
2024-05-18 14:02:40   mae: 0.09157311
2024-05-18 14:02:40   r2: -0.05628537
2024-05-18 14:02:40   corr: 0.50685020
