2024-05-17 17:41:53 UNO RUN ...
2024-05-17 17:41:53 Params: {'model_name': 'uno', 'train_sources': ['CCLE'], 'test_sources': ['train'], 'cell_types': None, 'cell_features': ['rnaseq'], 'drug_features': ['descriptors'], 'dense': [1000, 1000, 1000, 1000, 1000], 'dense_feature_layers': [1000, 1000, 1000], 'activation': 'relu', 'loss': 'mse', 'optimizer': 'adamax', 'scaling': 'std', 'dropout': 0.1, 'epochs': 75, 'batch_size': 32, 'val_split': 0.2, 'cv': 1, 'max_val_loss': 1.0, 'learning_rate': 0.0001, 'base_lr': None, 'agg_dose': 'AUC', 'residual': False, 'reduce_lr': True, 'warmup_lr': True, 'batch_normalization': False, 'feature_subsample': 0, 'rng_seed': 2018, 'no_gen': False, 'verbose': False, 'preprocess_rnaseq': 'source_scale', 'gpus': [0], 'use_landmark_genes': True, 'no_feature_source': True, 'no_response_source': True, 'save_path': '/dev/shm/Uno/save/8998722.amn-0001/91', 'single': True, 'on_memory_loader': True, 'ckpt_checksum': True, 'ckpt_save_interval': 0, 'timeout': -1, 'train_bool': True, 'profiling': False, 'experiment_id': '8998722.amn-0001', 'run_id': '91', 'logfile': '/dev/shm/Uno/save/8998722.amn-0001/91/python.log', 'shuffle': False, 'ckpt_restart_mode': 'off', 'ckpt_skip_epochs': 0, 'ckpt_directory': '/dev/shm/Uno/save/8998722.amn-0001/91', 'ckpt_save_best': True, 'ckpt_save_best_metric': 'val_loss', 'ckpt_save_weights_only': False, 'ckpt_keep_mode': 'linear', 'ckpt_keep_limit': 5, 'by_cell': None, 'by_drug': None, 'cell_subset_path': '', 'drug_subset_path': '', 'drug_median_response_min': -1, 'drug_median_response_max': 1, 'dense_cell_feature_layers': None, 'dense_drug_feature_layers': None, 'use_filtered_genes': False, 'feature_subset_path': '', 'cell_feature_subset_path': '', 'drug_feature_subset_path': '', 'es': True, 'cp': False, 'tb': False, 'tb_prefix': 'tb', 'partition_by': None, 'cache': None, 'export_csv': None, 'export_data': None, 'use_exported_data': '/dev/shm/Uno/x1922c3s0b0n0.91.merged.landmark.h5', 'growth_bins': 0, 'initial_weights': None, 'save_weights': '/dev/shm/Uno/save/8998722.amn-0001/91/3.1.model.h5', 'config_file': '/home/brettin/CSC249ADOA01_CNDA/brettin/Benchmarks/Pilot1/Uno/uno_auc_model.txt', 'data_type': <class 'numpy.float32'>, 'data_dir': '/dev/shm/Uno/uno/Data', 'output_dir': '/dev/shm/Uno/uno/Output/8998722.amn-0001/91'}
2024-05-17 17:41:54 Feature encoding submodel for cell.rnaseq:
2024-05-17 17:41:54 Model: "cell.rnaseq"
2024-05-17 17:41:54 _________________________________________________________________
2024-05-17 17:41:54  Layer (type)                Output Shape              Param #   
2024-05-17 17:41:54 =================================================================
2024-05-17 17:41:54  input_1 (InputLayer)        [(None, 958)]             0         
2024-05-17 17:41:54                                                                  
2024-05-17 17:41:54  dense (Dense)               (None, 1000)              959000    
2024-05-17 17:41:54                                                                  
2024-05-17 17:41:54  permanent_dropout (Permane  (None, 1000)              0         
2024-05-17 17:41:54  ntDropout)                                                      
2024-05-17 17:41:54                                                                  
2024-05-17 17:41:54  dense_1 (Dense)             (None, 1000)              1001000   
2024-05-17 17:41:54                                                                  
2024-05-17 17:41:54  permanent_dropout_1 (Perma  (None, 1000)              0         
2024-05-17 17:41:54  nentDropout)                                                    
2024-05-17 17:41:54                                                                  
2024-05-17 17:41:54  dense_2 (Dense)             (None, 1000)              1001000   
2024-05-17 17:41:54                                                                  
2024-05-17 17:41:54  permanent_dropout_2 (Perma  (None, 1000)              0         
2024-05-17 17:41:54  nentDropout)                                                    
2024-05-17 17:41:54                                                                  
2024-05-17 17:41:54 =================================================================
2024-05-17 17:41:54 Total params: 2961000 (11.30 MB)
2024-05-17 17:41:54 Trainable params: 2961000 (11.30 MB)
2024-05-17 17:41:54 Non-trainable params: 0 (0.00 Byte)
2024-05-17 17:41:54 _________________________________________________________________
2024-05-17 17:41:54 Feature encoding submodel for drug.descriptors:
2024-05-17 17:41:54 Model: "drug.descriptors"
2024-05-17 17:41:54 _________________________________________________________________
2024-05-17 17:41:54  Layer (type)                Output Shape              Param #   
2024-05-17 17:41:54 =================================================================
2024-05-17 17:41:54  input_2 (InputLayer)        [(None, 1613)]            0         
2024-05-17 17:41:54                                                                  
2024-05-17 17:41:54  dense_3 (Dense)             (None, 1000)              1614000   
2024-05-17 17:41:54                                                                  
2024-05-17 17:41:54  permanent_dropout_3 (Perma  (None, 1000)              0         
2024-05-17 17:41:54  nentDropout)                                                    
2024-05-17 17:41:54                                                                  
2024-05-17 17:41:54  dense_4 (Dense)             (None, 1000)              1001000   
2024-05-17 17:41:54                                                                  
2024-05-17 17:41:54  permanent_dropout_4 (Perma  (None, 1000)              0         
2024-05-17 17:41:54  nentDropout)                                                    
2024-05-17 17:41:54                                                                  
2024-05-17 17:41:54  dense_5 (Dense)             (None, 1000)              1001000   
2024-05-17 17:41:54                                                                  
2024-05-17 17:41:54  permanent_dropout_5 (Perma  (None, 1000)              0         
2024-05-17 17:41:54  nentDropout)                                                    
2024-05-17 17:41:54                                                                  
2024-05-17 17:41:54 =================================================================
2024-05-17 17:41:54 Total params: 3616000 (13.79 MB)
2024-05-17 17:41:54 Trainable params: 3616000 (13.79 MB)
2024-05-17 17:41:54 Non-trainable params: 0 (0.00 Byte)
2024-05-17 17:41:54 _________________________________________________________________
2024-05-17 17:41:54 Combined model:
2024-05-17 17:41:54 Model: "model"
2024-05-17 17:41:54 __________________________________________________________________________________________________
2024-05-17 17:41:54  Layer (type)                Output Shape                 Param #   Connected to                  
2024-05-17 17:41:54 ==================================================================================================
2024-05-17 17:41:54  input.cell.rnaseq (InputLa  [(None, 958)]                0         []                            
2024-05-17 17:41:54  yer)                                                                                             
2024-05-17 17:41:54                                                                                                   
2024-05-17 17:41:54  input.drug1.descriptors (I  [(None, 1613)]               0         []                            
2024-05-17 17:41:54  nputLayer)                                                                                       
2024-05-17 17:41:54                                                                                                   
2024-05-17 17:41:54  cell.rnaseq (Functional)    (None, 1000)                 2961000   ['input.cell.rnaseq[0][0]']   
2024-05-17 17:41:54                                                                                                   
2024-05-17 17:41:54  drug.descriptors (Function  (None, 1000)                 3616000   ['input.drug1.descriptors[0][0
2024-05-17 17:41:54  al)                                                                ]']                           
2024-05-17 17:41:54                                                                                                   
2024-05-17 17:41:54  concatenate (Concatenate)   (None, 2000)                 0         ['cell.rnaseq[0][0]',         
2024-05-17 17:41:54                                                                      'drug.descriptors[0][0]']    
2024-05-17 17:41:54                                                                                                   
2024-05-17 17:41:54  dense_6 (Dense)             (None, 1000)                 2001000   ['concatenate[0][0]']         
2024-05-17 17:41:54                                                                                                   
2024-05-17 17:41:54  permanent_dropout_6 (Perma  (None, 1000)                 0         ['dense_6[0][0]']             
2024-05-17 17:41:54  nentDropout)                                                                                     
2024-05-17 17:41:54                                                                                                   
2024-05-17 17:41:54  dense_7 (Dense)             (None, 1000)                 1001000   ['permanent_dropout_6[0][0]'] 
2024-05-17 17:41:54                                                                                                   
2024-05-17 17:41:54  permanent_dropout_7 (Perma  (None, 1000)                 0         ['dense_7[0][0]']             
2024-05-17 17:41:54  nentDropout)                                                                                     
2024-05-17 17:41:54                                                                                                   
2024-05-17 17:41:54  dense_8 (Dense)             (None, 1000)                 1001000   ['permanent_dropout_7[0][0]'] 
2024-05-17 17:41:54                                                                                                   
2024-05-17 17:41:54  permanent_dropout_8 (Perma  (None, 1000)                 0         ['dense_8[0][0]']             
2024-05-17 17:41:54  nentDropout)                                                                                     
2024-05-17 17:41:54                                                                                                   
2024-05-17 17:41:54  dense_9 (Dense)             (None, 1000)                 1001000   ['permanent_dropout_8[0][0]'] 
2024-05-17 17:41:54                                                                                                   
2024-05-17 17:41:54  permanent_dropout_9 (Perma  (None, 1000)                 0         ['dense_9[0][0]']             
2024-05-17 17:41:54  nentDropout)                                                                                     
2024-05-17 17:41:54                                                                                                   
2024-05-17 17:41:54  dense_10 (Dense)            (None, 1000)                 1001000   ['permanent_dropout_9[0][0]'] 
2024-05-17 17:41:54                                                                                                   
2024-05-17 17:41:54  permanent_dropout_10 (Perm  (None, 1000)                 0         ['dense_10[0][0]']            
2024-05-17 17:41:54  anentDropout)                                                                                    
2024-05-17 17:41:54                                                                                                   
2024-05-17 17:41:54  dense_11 (Dense)            (None, 1)                    1001      ['permanent_dropout_10[0][0]']
2024-05-17 17:41:54                                                                                                   
2024-05-17 17:41:54 ==================================================================================================
2024-05-17 17:41:54 Total params: 12583001 (48.00 MB)
2024-05-17 17:41:54 Trainable params: 12583001 (48.00 MB)
2024-05-17 17:41:54 Non-trainable params: 0 (0.00 Byte)
2024-05-17 17:41:54 __________________________________________________________________________________________________
2024-05-17 17:41:54 CKPT CONSTRUCT...
2024-05-17 17:41:54 CKPT CONSTRUCT OK.
2024-05-17 17:41:54 template model: <keras.src.engine.functional.Functional object at 0x148524939790>
2024-05-17 17:41:55 COMPILE
2024-05-17 17:41:56 Will save weights to: /dev/shm/Uno/save/8998722.amn-0001/91/3.1.model.h5
2024-05-17 17:42:12 Between random pairs in y_val:
2024-05-17 17:42:12   mse: 0.04740483
2024-05-17 17:42:12   mae: 0.15962353
2024-05-17 17:42:12   r2: -1.00452100
2024-05-17 17:42:12   corr: -0.00226050
2024-05-17 17:42:12 Data points per epoch: train = 469639, val = 117410, test = 660
2024-05-17 17:42:12 Steps per epoch: train = 14676, val = 3669, test = 20
2024-05-17 17:42:12 Epoch 0: lr=0.001
2024-05-17 17:43:25 [Epoch: 0] loss: 0.028446, mae: 0.079636, r2: -1.287814, val_loss: 0.008380, val_mae: 0.065035, val_r2: 0.599676
2024-05-17 17:43:25 Epoch 1: lr=0.00082
2024-05-17 17:44:37 [Epoch: 1] loss: 0.008046, mae: 0.064175, r2: 0.619056, val_loss: 0.007454, val_mae: 0.061650, val_r2: 0.647768
2024-05-17 17:44:37 Epoch 2: lr=0.00064
2024-05-17 17:45:49 [Epoch: 2] loss: 0.007356, mae: 0.061003, r2: 0.650864, val_loss: 0.007064, val_mae: 0.059284, val_r2: 0.660192
2024-05-17 17:45:49 Epoch 3: lr=0.00046
2024-05-17 17:47:01 [Epoch: 3] loss: 0.006869, mae: 0.058790, r2: 0.673185, val_loss: 0.006775, val_mae: 0.059295, val_r2: 0.673674
2024-05-17 17:47:01 Epoch 4: lr=0.00028
2024-05-17 17:48:13 [Epoch: 4] loss: 0.006461, mae: 0.056907, r2: 0.691656, val_loss: 0.006462, val_mae: 0.056401, val_r2: 0.688990
2024-05-17 17:48:13 Epoch 5: lr=0.0001
2024-05-17 17:49:24 [Epoch: 5] loss: 0.006121, mae: 0.055364, r2: 0.707511, val_loss: 0.006263, val_mae: 0.055944, val_r2: 0.698938
2024-05-17 17:49:25 Epoch 6: lr=0.0001
2024-05-17 17:50:36 [Epoch: 6] loss: 0.006014, mae: 0.054862, r2: 0.712705, val_loss: 0.006218, val_mae: 0.055994, val_r2: 0.700308
2024-05-17 17:50:36 Epoch 7: lr=0.0001
2024-05-17 17:51:48 [Epoch: 7] loss: 0.005933, mae: 0.054494, r2: 0.716127, val_loss: 0.006189, val_mae: 0.055618, val_r2: 0.702342
2024-05-17 17:51:48 Epoch 8: lr=0.0001
2024-05-17 17:52:59 [Epoch: 8] loss: 0.005851, mae: 0.054147, r2: 0.719898, val_loss: 0.006165, val_mae: 0.055507, val_r2: 0.703112
2024-05-17 17:53:00 Epoch 9: lr=0.0001
2024-05-17 17:54:11 [Epoch: 9] loss: 0.005788, mae: 0.053862, r2: 0.722972, val_loss: 0.006139, val_mae: 0.055031, val_r2: 0.704624
2024-05-17 17:54:11 Epoch 10: lr=0.0001
2024-05-17 17:55:23 [Epoch: 10] loss: 0.005735, mae: 0.053662, r2: 0.725384, val_loss: 0.006126, val_mae: 0.055271, val_r2: 0.705303
2024-05-17 17:55:23 Epoch 11: lr=0.0001
2024-05-17 17:56:35 [Epoch: 11] loss: 0.005669, mae: 0.053298, r2: 0.728339, val_loss: 0.006104, val_mae: 0.055212, val_r2: 0.706734
2024-05-17 17:56:35 Epoch 12: lr=0.0001
2024-05-17 17:57:47 [Epoch: 12] loss: 0.005609, mae: 0.053027, r2: 0.731203, val_loss: 0.006113, val_mae: 0.054781, val_r2: 0.704262
2024-05-17 17:57:47 Epoch 13: lr=0.0001
2024-05-17 17:58:59 [Epoch: 13] loss: 0.005558, mae: 0.052811, r2: 0.733534, val_loss: 0.006058, val_mae: 0.054619, val_r2: 0.708154
2024-05-17 17:58:59 Epoch 14: lr=0.0001
2024-05-17 18:00:11 [Epoch: 14] loss: 0.005499, mae: 0.052513, r2: 0.736330, val_loss: 0.006071, val_mae: 0.054959, val_r2: 0.707761
2024-05-17 18:00:11 Epoch 15: lr=5e-05
2024-05-17 18:01:22 [Epoch: 15] loss: 0.005377, mae: 0.051961, r2: 0.742248, val_loss: 0.006036, val_mae: 0.054421, val_r2: 0.708768
2024-05-17 18:01:23 Epoch 16: lr=5e-05
2024-05-17 18:02:34 [Epoch: 16] loss: 0.005343, mae: 0.051779, r2: 0.743660, val_loss: 0.006028, val_mae: 0.054575, val_r2: 0.708854
2024-05-17 18:02:34 Epoch 17: lr=5e-05
2024-05-17 18:03:46 [Epoch: 17] loss: 0.005309, mae: 0.051620, r2: 0.745293, val_loss: 0.006056, val_mae: 0.054339, val_r2: 0.707162
2024-05-17 18:03:46 Epoch 18: lr=5e-05
2024-05-17 18:04:58 [Epoch: 18] loss: 0.005281, mae: 0.051497, r2: 0.746760, val_loss: 0.006031, val_mae: 0.054518, val_r2: 0.709589
2024-05-17 18:04:58 Epoch 19: lr=5e-05
2024-05-17 18:06:09 [Epoch: 19] loss: 0.005245, mae: 0.051366, r2: 0.748344, val_loss: 0.006058, val_mae: 0.054303, val_r2: 0.707730
2024-05-17 18:06:09 Epoch 20: lr=5e-05
2024-05-17 18:07:21 [Epoch: 20] loss: 0.005215, mae: 0.051245, r2: 0.749698, val_loss: 0.006031, val_mae: 0.054474, val_r2: 0.707815
2024-05-17 18:07:21 Epoch 21: lr=2.5e-05
2024-05-17 18:08:33 [Epoch: 21] loss: 0.005154, mae: 0.050935, r2: 0.752448, val_loss: 0.006015, val_mae: 0.054665, val_r2: 0.709640
2024-05-17 18:08:33 Epoch 22: lr=2.5e-05
2024-05-17 18:09:45 [Epoch: 22] loss: 0.005139, mae: 0.050847, r2: 0.753237, val_loss: 0.005976, val_mae: 0.054352, val_r2: 0.711186
2024-05-17 18:09:45 Epoch 23: lr=2.5e-05
2024-05-17 18:10:57 [Epoch: 23] loss: 0.005117, mae: 0.050755, r2: 0.754411, val_loss: 0.006008, val_mae: 0.054538, val_r2: 0.709695
2024-05-17 18:10:57 Epoch 24: lr=2.5e-05
2024-05-17 18:12:09 [Epoch: 24] loss: 0.005103, mae: 0.050694, r2: 0.754916, val_loss: 0.006019, val_mae: 0.054193, val_r2: 0.709435
2024-05-17 18:12:09 Epoch 25: lr=2.5e-05
2024-05-17 18:13:21 [Epoch: 25] loss: 0.005091, mae: 0.050608, r2: 0.755494, val_loss: 0.006005, val_mae: 0.054270, val_r2: 0.710225
2024-05-17 18:13:21 Epoch 26: lr=1.25e-05
2024-05-17 18:14:33 [Epoch: 26] loss: 0.005064, mae: 0.050511, r2: 0.756790, val_loss: 0.006031, val_mae: 0.054442, val_r2: 0.708211
2024-05-17 18:14:33 Epoch 27: lr=1.25e-05
2024-05-17 18:15:44 [Epoch: 27] loss: 0.005056, mae: 0.050456, r2: 0.756987, val_loss: 0.006022, val_mae: 0.054338, val_r2: 0.709490
2024-05-17 18:15:45 Epoch 28: lr=1.25e-05
2024-05-17 18:16:57 [Epoch: 28] loss: 0.005043, mae: 0.050368, r2: 0.757439, val_loss: 0.006002, val_mae: 0.054161, val_r2: 0.710323
2024-05-17 18:16:57 Epoch 29: lr=1.25e-05
2024-05-17 18:18:09 [Epoch: 29] loss: 0.005037, mae: 0.050354, r2: 0.757907, val_loss: 0.006017, val_mae: 0.054325, val_r2: 0.709425
2024-05-17 18:18:09 Epoch 30: lr=1.25e-05
2024-05-17 18:19:21 [Epoch: 30] loss: 0.005019, mae: 0.050251, r2: 0.758842, val_loss: 0.006003, val_mae: 0.054270, val_r2: 0.710904
2024-05-17 18:19:21 Epoch 31: lr=1e-05
2024-05-17 18:20:33 [Epoch: 31] loss: 0.005021, mae: 0.050271, r2: 0.758391, val_loss: 0.006008, val_mae: 0.054203, val_r2: 0.710896
2024-05-17 18:20:33 Epoch 32: lr=1e-05
2024-05-17 18:21:45 [Epoch: 32] loss: 0.005007, mae: 0.050255, r2: 0.759432, val_loss: 0.006006, val_mae: 0.054085, val_r2: 0.709387
2024-05-17 18:21:45 history_length: 33
2024-05-17 18:21:45 stopping: early
2024-05-17 18:21:45 Comparing y_true and y_pred:
2024-05-17 18:21:45   mse: 0.00257231
2024-05-17 18:21:45   mae: 0.04184135
2024-05-17 18:21:45   r2: -1.23866297
2024-05-17 18:21:45   corr: 0.23642213
