2024-05-22 17:13:02 UNO RUN ...
2024-05-22 17:13:02 Params: {'model_name': 'uno', 'train_sources': ['CCLE'], 'test_sources': ['train'], 'cell_types': None, 'cell_features': ['rnaseq'], 'drug_features': ['descriptors'], 'dense': [1000, 1000, 1000, 1000, 1000], 'dense_feature_layers': [1000, 1000, 1000], 'activation': 'relu', 'loss': 'mse', 'optimizer': 'adamax', 'scaling': 'std', 'dropout': 0.1, 'epochs': 50, 'batch_size': 32, 'val_split': 0.2, 'cv': 1, 'max_val_loss': 1.0, 'learning_rate': 0.0001, 'base_lr': None, 'agg_dose': 'AUC', 'residual': False, 'reduce_lr': True, 'warmup_lr': True, 'batch_normalization': False, 'feature_subsample': 0, 'rng_seed': 2018, 'no_gen': False, 'verbose': False, 'preprocess_rnaseq': 'source_scale', 'gpus': [0], 'use_landmark_genes': True, 'no_feature_source': True, 'no_response_source': True, 'save_path': '/dev/shm/Uno/save/9000841.amn-0001/99', 'single': True, 'on_memory_loader': True, 'ckpt_checksum': True, 'ckpt_save_interval': 0, 'timeout': -1, 'train_bool': True, 'profiling': False, 'experiment_id': '9000841.amn-0001', 'run_id': '99', 'logfile': '/dev/shm/Uno/save/9000841.amn-0001/99/python.log', 'shuffle': False, 'ckpt_restart_mode': 'off', 'ckpt_skip_epochs': 0, 'ckpt_directory': '/dev/shm/Uno/save/9000841.amn-0001/99', 'ckpt_save_best': True, 'ckpt_save_best_metric': 'val_loss', 'ckpt_save_weights_only': False, 'ckpt_keep_mode': 'linear', 'ckpt_keep_limit': 5, 'by_cell': None, 'by_drug': None, 'cell_subset_path': '', 'drug_subset_path': '', 'drug_median_response_min': -1, 'drug_median_response_max': 1, 'dense_cell_feature_layers': None, 'dense_drug_feature_layers': None, 'use_filtered_genes': False, 'feature_subset_path': '', 'cell_feature_subset_path': '', 'drug_feature_subset_path': '', 'es': True, 'cp': False, 'tb': False, 'tb_prefix': 'tb', 'partition_by': None, 'cache': None, 'export_csv': None, 'export_data': None, 'use_exported_data': '/dev/shm/Uno/x1921c4s1b0n0.99.merged.landmark.h5', 'growth_bins': 0, 'initial_weights': None, 'save_weights': '/dev/shm/Uno/save/9000841.amn-0001/99/1.1.model.h5', 'config_file': '/home/brettin/CSC249ADOA01_CNDA/brettin/Benchmarks/Pilot1/Uno/uno_auc_model.txt', 'data_type': <class 'numpy.float32'>, 'data_dir': '/dev/shm/Uno/uno/Data', 'output_dir': '/dev/shm/Uno/uno/Output/9000841.amn-0001/99'}
2024-05-22 17:13:02 Feature encoding submodel for cell.rnaseq:
2024-05-22 17:13:02 Model: "cell.rnaseq"
2024-05-22 17:13:02 _________________________________________________________________
2024-05-22 17:13:02  Layer (type)                Output Shape              Param #   
2024-05-22 17:13:02 =================================================================
2024-05-22 17:13:02  input_1 (InputLayer)        [(None, 958)]             0         
2024-05-22 17:13:02                                                                  
2024-05-22 17:13:02  dense (Dense)               (None, 1000)              959000    
2024-05-22 17:13:02                                                                  
2024-05-22 17:13:02  permanent_dropout (Permane  (None, 1000)              0         
2024-05-22 17:13:02  ntDropout)                                                      
2024-05-22 17:13:02                                                                  
2024-05-22 17:13:02  dense_1 (Dense)             (None, 1000)              1001000   
2024-05-22 17:13:02                                                                  
2024-05-22 17:13:02  permanent_dropout_1 (Perma  (None, 1000)              0         
2024-05-22 17:13:02  nentDropout)                                                    
2024-05-22 17:13:02                                                                  
2024-05-22 17:13:02  dense_2 (Dense)             (None, 1000)              1001000   
2024-05-22 17:13:02                                                                  
2024-05-22 17:13:02  permanent_dropout_2 (Perma  (None, 1000)              0         
2024-05-22 17:13:02  nentDropout)                                                    
2024-05-22 17:13:02                                                                  
2024-05-22 17:13:02 =================================================================
2024-05-22 17:13:02 Total params: 2961000 (11.30 MB)
2024-05-22 17:13:02 Trainable params: 2961000 (11.30 MB)
2024-05-22 17:13:02 Non-trainable params: 0 (0.00 Byte)
2024-05-22 17:13:02 _________________________________________________________________
2024-05-22 17:13:02 Feature encoding submodel for drug.descriptors:
2024-05-22 17:13:02 Model: "drug.descriptors"
2024-05-22 17:13:02 _________________________________________________________________
2024-05-22 17:13:02  Layer (type)                Output Shape              Param #   
2024-05-22 17:13:02 =================================================================
2024-05-22 17:13:02  input_2 (InputLayer)        [(None, 1613)]            0         
2024-05-22 17:13:02                                                                  
2024-05-22 17:13:02  dense_3 (Dense)             (None, 1000)              1614000   
2024-05-22 17:13:02                                                                  
2024-05-22 17:13:02  permanent_dropout_3 (Perma  (None, 1000)              0         
2024-05-22 17:13:02  nentDropout)                                                    
2024-05-22 17:13:02                                                                  
2024-05-22 17:13:02  dense_4 (Dense)             (None, 1000)              1001000   
2024-05-22 17:13:02                                                                  
2024-05-22 17:13:02  permanent_dropout_4 (Perma  (None, 1000)              0         
2024-05-22 17:13:02  nentDropout)                                                    
2024-05-22 17:13:02                                                                  
2024-05-22 17:13:02  dense_5 (Dense)             (None, 1000)              1001000   
2024-05-22 17:13:02                                                                  
2024-05-22 17:13:02  permanent_dropout_5 (Perma  (None, 1000)              0         
2024-05-22 17:13:02  nentDropout)                                                    
2024-05-22 17:13:02                                                                  
2024-05-22 17:13:02 =================================================================
2024-05-22 17:13:02 Total params: 3616000 (13.79 MB)
2024-05-22 17:13:02 Trainable params: 3616000 (13.79 MB)
2024-05-22 17:13:02 Non-trainable params: 0 (0.00 Byte)
2024-05-22 17:13:02 _________________________________________________________________
2024-05-22 17:13:02 Combined model:
2024-05-22 17:13:02 Model: "model"
2024-05-22 17:13:02 __________________________________________________________________________________________________
2024-05-22 17:13:02  Layer (type)                Output Shape                 Param #   Connected to                  
2024-05-22 17:13:02 ==================================================================================================
2024-05-22 17:13:02  input.cell.rnaseq (InputLa  [(None, 958)]                0         []                            
2024-05-22 17:13:02  yer)                                                                                             
2024-05-22 17:13:02                                                                                                   
2024-05-22 17:13:02  input.drug1.descriptors (I  [(None, 1613)]               0         []                            
2024-05-22 17:13:02  nputLayer)                                                                                       
2024-05-22 17:13:02                                                                                                   
2024-05-22 17:13:02  cell.rnaseq (Functional)    (None, 1000)                 2961000   ['input.cell.rnaseq[0][0]']   
2024-05-22 17:13:02                                                                                                   
2024-05-22 17:13:02  drug.descriptors (Function  (None, 1000)                 3616000   ['input.drug1.descriptors[0][0
2024-05-22 17:13:02  al)                                                                ]']                           
2024-05-22 17:13:02                                                                                                   
2024-05-22 17:13:02  concatenate (Concatenate)   (None, 2000)                 0         ['cell.rnaseq[0][0]',         
2024-05-22 17:13:02                                                                      'drug.descriptors[0][0]']    
2024-05-22 17:13:02                                                                                                   
2024-05-22 17:13:02  dense_6 (Dense)             (None, 1000)                 2001000   ['concatenate[0][0]']         
2024-05-22 17:13:02                                                                                                   
2024-05-22 17:13:02  permanent_dropout_6 (Perma  (None, 1000)                 0         ['dense_6[0][0]']             
2024-05-22 17:13:02  nentDropout)                                                                                     
2024-05-22 17:13:02                                                                                                   
2024-05-22 17:13:02  dense_7 (Dense)             (None, 1000)                 1001000   ['permanent_dropout_6[0][0]'] 
2024-05-22 17:13:02                                                                                                   
2024-05-22 17:13:02  permanent_dropout_7 (Perma  (None, 1000)                 0         ['dense_7[0][0]']             
2024-05-22 17:13:02  nentDropout)                                                                                     
2024-05-22 17:13:02                                                                                                   
2024-05-22 17:13:02  dense_8 (Dense)             (None, 1000)                 1001000   ['permanent_dropout_7[0][0]'] 
2024-05-22 17:13:02                                                                                                   
2024-05-22 17:13:02  permanent_dropout_8 (Perma  (None, 1000)                 0         ['dense_8[0][0]']             
2024-05-22 17:13:02  nentDropout)                                                                                     
2024-05-22 17:13:02                                                                                                   
2024-05-22 17:13:02  dense_9 (Dense)             (None, 1000)                 1001000   ['permanent_dropout_8[0][0]'] 
2024-05-22 17:13:02                                                                                                   
2024-05-22 17:13:02  permanent_dropout_9 (Perma  (None, 1000)                 0         ['dense_9[0][0]']             
2024-05-22 17:13:02  nentDropout)                                                                                     
2024-05-22 17:13:02                                                                                                   
2024-05-22 17:13:02  dense_10 (Dense)            (None, 1000)                 1001000   ['permanent_dropout_9[0][0]'] 
2024-05-22 17:13:02                                                                                                   
2024-05-22 17:13:02  permanent_dropout_10 (Perm  (None, 1000)                 0         ['dense_10[0][0]']            
2024-05-22 17:13:02  anentDropout)                                                                                    
2024-05-22 17:13:02                                                                                                   
2024-05-22 17:13:02  dense_11 (Dense)            (None, 1)                    1001      ['permanent_dropout_10[0][0]']
2024-05-22 17:13:02                                                                                                   
2024-05-22 17:13:02 ==================================================================================================
2024-05-22 17:13:02 Total params: 12583001 (48.00 MB)
2024-05-22 17:13:02 Trainable params: 12583001 (48.00 MB)
2024-05-22 17:13:02 Non-trainable params: 0 (0.00 Byte)
2024-05-22 17:13:02 __________________________________________________________________________________________________
2024-05-22 17:13:03 CKPT CONSTRUCT...
2024-05-22 17:13:03 CKPT CONSTRUCT OK.
2024-05-22 17:13:03 template model: <keras.src.engine.functional.Functional object at 0x1454dfa6ffd0>
2024-05-22 17:13:04 COMPILE
2024-05-22 17:13:04 Will save weights to: /dev/shm/Uno/save/9000841.amn-0001/99/1.1.model.h5
2024-05-22 17:13:21 Between random pairs in y_val:
2024-05-22 17:13:21   mse: 0.04746092
2024-05-22 17:13:21   mae: 0.15935561
2024-05-22 17:13:21   r2: -0.99744865
2024-05-22 17:13:21   corr: 0.00127568
2024-05-22 17:13:21 Data points per epoch: train = 468868, val = 117217, test = 1624
2024-05-22 17:13:21 Steps per epoch: train = 14652, val = 3663, test = 50
2024-05-22 17:13:21 Epoch 0: lr=0.001
2024-05-22 17:14:34 [Epoch: 0] loss: 0.024813, mae: 0.079779, r2: -0.057062, val_loss: 0.008898, val_mae: 0.072123, val_r2: 0.574645
2024-05-22 17:14:35 Epoch 1: lr=0.00082
2024-05-22 17:15:47 [Epoch: 1] loss: 0.007963, mae: 0.063860, r2: 0.623068, val_loss: 0.007498, val_mae: 0.061299, val_r2: 0.642758
2024-05-22 17:15:47 Epoch 2: lr=0.00064
2024-05-22 17:16:59 [Epoch: 2] loss: 0.007286, mae: 0.060700, r2: 0.654287, val_loss: 0.007299, val_mae: 0.062937, val_r2: 0.653158
2024-05-22 17:16:59 Epoch 3: lr=0.00046
2024-05-22 17:18:11 [Epoch: 3] loss: 0.006795, mae: 0.058537, r2: 0.676282, val_loss: 0.006818, val_mae: 0.058545, val_r2: 0.675475
2024-05-22 17:18:11 Epoch 4: lr=0.00028
2024-05-22 17:19:24 [Epoch: 4] loss: 0.006429, mae: 0.056769, r2: 0.692991, val_loss: 0.006569, val_mae: 0.057152, val_r2: 0.687426
2024-05-22 17:19:24 Epoch 5: lr=0.0001
2024-05-22 17:20:36 [Epoch: 5] loss: 0.006099, mae: 0.055276, r2: 0.708088, val_loss: 0.006410, val_mae: 0.056532, val_r2: 0.692614
2024-05-22 17:20:36 Epoch 6: lr=0.0001
2024-05-22 17:21:48 [Epoch: 6] loss: 0.005997, mae: 0.054814, r2: 0.712941, val_loss: 0.006370, val_mae: 0.056559, val_r2: 0.694110
2024-05-22 17:21:48 Epoch 7: lr=0.0001
2024-05-22 17:23:01 [Epoch: 7] loss: 0.005922, mae: 0.054459, r2: 0.716274, val_loss: 0.006340, val_mae: 0.056351, val_r2: 0.695397
2024-05-22 17:23:01 Epoch 8: lr=0.0001
2024-05-22 17:24:14 [Epoch: 8] loss: 0.005854, mae: 0.054145, r2: 0.719496, val_loss: 0.006285, val_mae: 0.055401, val_r2: 0.698574
2024-05-22 17:24:14 Epoch 9: lr=0.0001
2024-05-22 17:25:26 [Epoch: 9] loss: 0.005785, mae: 0.053839, r2: 0.722981, val_loss: 0.006248, val_mae: 0.055397, val_r2: 0.700555
2024-05-22 17:25:26 Epoch 10: lr=0.0001
2024-05-22 17:26:38 [Epoch: 10] loss: 0.005735, mae: 0.053594, r2: 0.725046, val_loss: 0.006225, val_mae: 0.055455, val_r2: 0.701129
2024-05-22 17:26:39 Epoch 11: lr=0.0001
2024-05-22 17:27:50 [Epoch: 11] loss: 0.005669, mae: 0.053325, r2: 0.728262, val_loss: 0.006225, val_mae: 0.055155, val_r2: 0.699879
2024-05-22 17:27:50 Epoch 12: lr=0.0001
2024-05-22 17:29:03 [Epoch: 12] loss: 0.005624, mae: 0.053129, r2: 0.730417, val_loss: 0.006191, val_mae: 0.054886, val_r2: 0.702097
2024-05-22 17:29:03 Epoch 13: lr=0.0001
2024-05-22 17:30:15 [Epoch: 13] loss: 0.005552, mae: 0.052777, r2: 0.733663, val_loss: 0.006202, val_mae: 0.054946, val_r2: 0.700947
2024-05-22 17:30:16 Epoch 14: lr=5e-05
2024-05-22 17:31:28 [Epoch: 14] loss: 0.005442, mae: 0.052255, r2: 0.738645, val_loss: 0.006116, val_mae: 0.054778, val_r2: 0.706775
2024-05-22 17:31:28 Epoch 15: lr=5e-05
2024-05-22 17:32:40 [Epoch: 15] loss: 0.005395, mae: 0.052085, r2: 0.740888, val_loss: 0.006098, val_mae: 0.054761, val_r2: 0.707124
2024-05-22 17:32:40 Epoch 16: lr=5e-05
2024-05-22 17:33:52 [Epoch: 16] loss: 0.005359, mae: 0.051863, r2: 0.742458, val_loss: 0.006105, val_mae: 0.054641, val_r2: 0.706547
2024-05-22 17:33:52 Epoch 17: lr=5e-05
2024-05-22 17:35:04 [Epoch: 17] loss: 0.005330, mae: 0.051752, r2: 0.744051, val_loss: 0.006128, val_mae: 0.054888, val_r2: 0.704844
2024-05-22 17:35:04 Epoch 18: lr=5e-05
2024-05-22 17:36:17 [Epoch: 18] loss: 0.005300, mae: 0.051586, r2: 0.745629, val_loss: 0.006084, val_mae: 0.054321, val_r2: 0.707966
2024-05-22 17:36:17 Epoch 19: lr=5e-05
2024-05-22 17:37:29 [Epoch: 19] loss: 0.005274, mae: 0.051475, r2: 0.746552, val_loss: 0.006081, val_mae: 0.054582, val_r2: 0.707004
2024-05-22 17:37:29 Epoch 20: lr=2.5e-05
2024-05-22 17:38:42 [Epoch: 20] loss: 0.005212, mae: 0.051215, r2: 0.749514, val_loss: 0.006100, val_mae: 0.054643, val_r2: 0.705823
2024-05-22 17:38:42 Epoch 21: lr=2.5e-05
2024-05-22 17:39:54 [Epoch: 21] loss: 0.005176, mae: 0.051055, r2: 0.751320, val_loss: 0.006103, val_mae: 0.054386, val_r2: 0.706058
2024-05-22 17:39:54 Epoch 22: lr=2.5e-05
2024-05-22 17:41:06 [Epoch: 22] loss: 0.005168, mae: 0.051005, r2: 0.751385, val_loss: 0.006104, val_mae: 0.054514, val_r2: 0.706838
2024-05-22 17:41:06 Epoch 23: lr=2.5e-05
2024-05-22 17:42:18 [Epoch: 23] loss: 0.005157, mae: 0.050925, r2: 0.752187, val_loss: 0.006111, val_mae: 0.054345, val_r2: 0.705580
2024-05-22 17:42:19 Epoch 24: lr=2.5e-05
2024-05-22 17:43:31 [Epoch: 24] loss: 0.005136, mae: 0.050847, r2: 0.752917, val_loss: 0.006081, val_mae: 0.054411, val_r2: 0.707624
2024-05-22 17:43:31 Epoch 25: lr=1.25e-05
2024-05-22 17:44:44 [Epoch: 25] loss: 0.005106, mae: 0.050708, r2: 0.754362, val_loss: 0.006068, val_mae: 0.054286, val_r2: 0.708236
2024-05-22 17:44:44 Epoch 26: lr=1.25e-05
2024-05-22 17:45:56 [Epoch: 26] loss: 0.005099, mae: 0.050678, r2: 0.754759, val_loss: 0.006081, val_mae: 0.054428, val_r2: 0.707430
2024-05-22 17:45:56 Epoch 27: lr=1.25e-05
2024-05-22 17:47:09 [Epoch: 27] loss: 0.005082, mae: 0.050627, r2: 0.755536, val_loss: 0.006040, val_mae: 0.054304, val_r2: 0.709345
2024-05-22 17:47:09 Epoch 28: lr=1.25e-05
2024-05-22 17:48:20 [Epoch: 28] loss: 0.005083, mae: 0.050629, r2: 0.755626, val_loss: 0.006056, val_mae: 0.054251, val_r2: 0.707846
2024-05-22 17:48:20 Epoch 29: lr=1.25e-05
2024-05-22 17:49:33 [Epoch: 29] loss: 0.005079, mae: 0.050570, r2: 0.755666, val_loss: 0.006073, val_mae: 0.054464, val_r2: 0.707381
2024-05-22 17:49:33 Epoch 30: lr=1e-05
2024-05-22 17:50:46 [Epoch: 30] loss: 0.005061, mae: 0.050464, r2: 0.756557, val_loss: 0.006067, val_mae: 0.054157, val_r2: 0.708481
2024-05-22 17:50:46 Epoch 31: lr=1e-05
2024-05-22 17:51:58 [Epoch: 31] loss: 0.005056, mae: 0.050501, r2: 0.756630, val_loss: 0.006060, val_mae: 0.054150, val_r2: 0.708263
2024-05-22 17:51:58 Epoch 32: lr=1e-05
2024-05-22 17:53:10 [Epoch: 32] loss: 0.005051, mae: 0.050443, r2: 0.756837, val_loss: 0.006084, val_mae: 0.054403, val_r2: 0.707629
2024-05-22 17:53:11 Epoch 33: lr=1e-05
2024-05-22 17:54:23 [Epoch: 33] loss: 0.005045, mae: 0.050436, r2: 0.757227, val_loss: 0.006076, val_mae: 0.054417, val_r2: 0.707248
2024-05-22 17:54:23 Epoch 34: lr=1e-05
2024-05-22 17:55:35 [Epoch: 34] loss: 0.005038, mae: 0.050374, r2: 0.757647, val_loss: 0.006066, val_mae: 0.054099, val_r2: 0.708108
2024-05-22 17:55:35 Epoch 35: lr=1e-05
2024-05-22 17:56:48 [Epoch: 35] loss: 0.005032, mae: 0.050378, r2: 0.757893, val_loss: 0.006079, val_mae: 0.054380, val_r2: 0.707736
2024-05-22 17:56:48 Epoch 36: lr=1e-05
2024-05-22 17:58:00 [Epoch: 36] loss: 0.005022, mae: 0.050345, r2: 0.758353, val_loss: 0.006079, val_mae: 0.054203, val_r2: 0.707597
2024-05-22 17:58:00 Epoch 37: lr=1e-05
2024-05-22 17:59:13 [Epoch: 37] loss: 0.005021, mae: 0.050301, r2: 0.758483, val_loss: 0.006047, val_mae: 0.054056, val_r2: 0.709106
2024-05-22 17:59:13 history_length: 38
2024-05-22 17:59:13 stopping: early
2024-05-22 17:59:13 Comparing y_true and y_pred:
2024-05-22 17:59:13   mse: 0.01504431
2024-05-22 17:59:13   mae: 0.10081241
2024-05-22 17:59:13   r2: -0.13717778
2024-05-22 17:59:13   corr: 0.29802507
