2024-05-21 14:10:17 UNO RUN ...
2024-05-21 14:10:17 Params: {'model_name': 'uno', 'train_sources': ['CCLE'], 'test_sources': ['train'], 'cell_types': None, 'cell_features': ['rnaseq'], 'drug_features': ['descriptors'], 'dense': [1000, 1000, 1000, 1000, 1000], 'dense_feature_layers': [1000, 1000, 1000], 'activation': 'relu', 'loss': 'mse', 'optimizer': 'adamax', 'scaling': 'std', 'dropout': 0.1, 'epochs': 50, 'batch_size': 32, 'val_split': 0.2, 'cv': 1, 'max_val_loss': 1.0, 'learning_rate': 0.0001, 'base_lr': None, 'agg_dose': 'AUC', 'residual': False, 'reduce_lr': True, 'warmup_lr': True, 'batch_normalization': False, 'feature_subsample': 0, 'rng_seed': 2018, 'no_gen': False, 'verbose': False, 'preprocess_rnaseq': 'source_scale', 'gpus': [0], 'use_landmark_genes': True, 'no_feature_source': True, 'no_response_source': True, 'save_path': '/dev/shm/Uno/save/8999967.amn-0001/21', 'single': True, 'on_memory_loader': True, 'ckpt_checksum': True, 'ckpt_save_interval': 0, 'timeout': -1, 'train_bool': True, 'profiling': False, 'experiment_id': '8999967.amn-0001', 'run_id': '21', 'logfile': '/dev/shm/Uno/save/8999967.amn-0001/21/python.log', 'shuffle': False, 'ckpt_restart_mode': 'off', 'ckpt_skip_epochs': 0, 'ckpt_directory': '/dev/shm/Uno/save/8999967.amn-0001/21', 'ckpt_save_best': True, 'ckpt_save_best_metric': 'val_loss', 'ckpt_save_weights_only': False, 'ckpt_keep_mode': 'linear', 'ckpt_keep_limit': 5, 'by_cell': None, 'by_drug': None, 'cell_subset_path': '', 'drug_subset_path': '', 'drug_median_response_min': -1, 'drug_median_response_max': 1, 'dense_cell_feature_layers': None, 'dense_drug_feature_layers': None, 'use_filtered_genes': False, 'feature_subset_path': '', 'cell_feature_subset_path': '', 'drug_feature_subset_path': '', 'es': True, 'cp': False, 'tb': False, 'tb_prefix': 'tb', 'partition_by': None, 'cache': None, 'export_csv': None, 'export_data': None, 'use_exported_data': '/dev/shm/Uno/x1922c5s0b0n0.21.merged.landmark.h5', 'growth_bins': 0, 'initial_weights': None, 'save_weights': '/dev/shm/Uno/save/8999967.amn-0001/21/4.1.model.h5', 'config_file': '/home/brettin/CSC249ADOA01_CNDA/brettin/Benchmarks/Pilot1/Uno/uno_auc_model.txt', 'data_type': <class 'numpy.float32'>, 'data_dir': '/dev/shm/Uno/uno/Data', 'output_dir': '/dev/shm/Uno/uno/Output/8999967.amn-0001/21'}
2024-05-21 14:10:17 Feature encoding submodel for cell.rnaseq:
2024-05-21 14:10:17 Model: "cell.rnaseq"
2024-05-21 14:10:17 _________________________________________________________________
2024-05-21 14:10:17  Layer (type)                Output Shape              Param #   
2024-05-21 14:10:17 =================================================================
2024-05-21 14:10:17  input_1 (InputLayer)        [(None, 958)]             0         
2024-05-21 14:10:17                                                                  
2024-05-21 14:10:17  dense (Dense)               (None, 1000)              959000    
2024-05-21 14:10:17                                                                  
2024-05-21 14:10:17  permanent_dropout (Permane  (None, 1000)              0         
2024-05-21 14:10:17  ntDropout)                                                      
2024-05-21 14:10:17                                                                  
2024-05-21 14:10:17  dense_1 (Dense)             (None, 1000)              1001000   
2024-05-21 14:10:17                                                                  
2024-05-21 14:10:17  permanent_dropout_1 (Perma  (None, 1000)              0         
2024-05-21 14:10:17  nentDropout)                                                    
2024-05-21 14:10:17                                                                  
2024-05-21 14:10:17  dense_2 (Dense)             (None, 1000)              1001000   
2024-05-21 14:10:17                                                                  
2024-05-21 14:10:17  permanent_dropout_2 (Perma  (None, 1000)              0         
2024-05-21 14:10:17  nentDropout)                                                    
2024-05-21 14:10:17                                                                  
2024-05-21 14:10:17 =================================================================
2024-05-21 14:10:17 Total params: 2961000 (11.30 MB)
2024-05-21 14:10:17 Trainable params: 2961000 (11.30 MB)
2024-05-21 14:10:17 Non-trainable params: 0 (0.00 Byte)
2024-05-21 14:10:17 _________________________________________________________________
2024-05-21 14:10:17 Feature encoding submodel for drug.descriptors:
2024-05-21 14:10:17 Model: "drug.descriptors"
2024-05-21 14:10:17 _________________________________________________________________
2024-05-21 14:10:17  Layer (type)                Output Shape              Param #   
2024-05-21 14:10:17 =================================================================
2024-05-21 14:10:17  input_2 (InputLayer)        [(None, 1613)]            0         
2024-05-21 14:10:17                                                                  
2024-05-21 14:10:17  dense_3 (Dense)             (None, 1000)              1614000   
2024-05-21 14:10:17                                                                  
2024-05-21 14:10:17  permanent_dropout_3 (Perma  (None, 1000)              0         
2024-05-21 14:10:17  nentDropout)                                                    
2024-05-21 14:10:17                                                                  
2024-05-21 14:10:17  dense_4 (Dense)             (None, 1000)              1001000   
2024-05-21 14:10:17                                                                  
2024-05-21 14:10:17  permanent_dropout_4 (Perma  (None, 1000)              0         
2024-05-21 14:10:17  nentDropout)                                                    
2024-05-21 14:10:17                                                                  
2024-05-21 14:10:17  dense_5 (Dense)             (None, 1000)              1001000   
2024-05-21 14:10:17                                                                  
2024-05-21 14:10:17  permanent_dropout_5 (Perma  (None, 1000)              0         
2024-05-21 14:10:17  nentDropout)                                                    
2024-05-21 14:10:17                                                                  
2024-05-21 14:10:17 =================================================================
2024-05-21 14:10:17 Total params: 3616000 (13.79 MB)
2024-05-21 14:10:17 Trainable params: 3616000 (13.79 MB)
2024-05-21 14:10:17 Non-trainable params: 0 (0.00 Byte)
2024-05-21 14:10:17 _________________________________________________________________
2024-05-21 14:10:17 Combined model:
2024-05-21 14:10:17 Model: "model"
2024-05-21 14:10:17 __________________________________________________________________________________________________
2024-05-21 14:10:17  Layer (type)                Output Shape                 Param #   Connected to                  
2024-05-21 14:10:17 ==================================================================================================
2024-05-21 14:10:17  input.cell.rnaseq (InputLa  [(None, 958)]                0         []                            
2024-05-21 14:10:17  yer)                                                                                             
2024-05-21 14:10:17                                                                                                   
2024-05-21 14:10:17  input.drug1.descriptors (I  [(None, 1613)]               0         []                            
2024-05-21 14:10:17  nputLayer)                                                                                       
2024-05-21 14:10:17                                                                                                   
2024-05-21 14:10:17  cell.rnaseq (Functional)    (None, 1000)                 2961000   ['input.cell.rnaseq[0][0]']   
2024-05-21 14:10:17                                                                                                   
2024-05-21 14:10:17  drug.descriptors (Function  (None, 1000)                 3616000   ['input.drug1.descriptors[0][0
2024-05-21 14:10:17  al)                                                                ]']                           
2024-05-21 14:10:17                                                                                                   
2024-05-21 14:10:17  concatenate (Concatenate)   (None, 2000)                 0         ['cell.rnaseq[0][0]',         
2024-05-21 14:10:17                                                                      'drug.descriptors[0][0]']    
2024-05-21 14:10:17                                                                                                   
2024-05-21 14:10:17  dense_6 (Dense)             (None, 1000)                 2001000   ['concatenate[0][0]']         
2024-05-21 14:10:17                                                                                                   
2024-05-21 14:10:17  permanent_dropout_6 (Perma  (None, 1000)                 0         ['dense_6[0][0]']             
2024-05-21 14:10:17  nentDropout)                                                                                     
2024-05-21 14:10:17                                                                                                   
2024-05-21 14:10:17  dense_7 (Dense)             (None, 1000)                 1001000   ['permanent_dropout_6[0][0]'] 
2024-05-21 14:10:17                                                                                                   
2024-05-21 14:10:17  permanent_dropout_7 (Perma  (None, 1000)                 0         ['dense_7[0][0]']             
2024-05-21 14:10:17  nentDropout)                                                                                     
2024-05-21 14:10:17                                                                                                   
2024-05-21 14:10:17  dense_8 (Dense)             (None, 1000)                 1001000   ['permanent_dropout_7[0][0]'] 
2024-05-21 14:10:17                                                                                                   
2024-05-21 14:10:17  permanent_dropout_8 (Perma  (None, 1000)                 0         ['dense_8[0][0]']             
2024-05-21 14:10:17  nentDropout)                                                                                     
2024-05-21 14:10:17                                                                                                   
2024-05-21 14:10:17  dense_9 (Dense)             (None, 1000)                 1001000   ['permanent_dropout_8[0][0]'] 
2024-05-21 14:10:17                                                                                                   
2024-05-21 14:10:17  permanent_dropout_9 (Perma  (None, 1000)                 0         ['dense_9[0][0]']             
2024-05-21 14:10:17  nentDropout)                                                                                     
2024-05-21 14:10:17                                                                                                   
2024-05-21 14:10:17  dense_10 (Dense)            (None, 1000)                 1001000   ['permanent_dropout_9[0][0]'] 
2024-05-21 14:10:17                                                                                                   
2024-05-21 14:10:17  permanent_dropout_10 (Perm  (None, 1000)                 0         ['dense_10[0][0]']            
2024-05-21 14:10:17  anentDropout)                                                                                    
2024-05-21 14:10:17                                                                                                   
2024-05-21 14:10:17  dense_11 (Dense)            (None, 1)                    1001      ['permanent_dropout_10[0][0]']
2024-05-21 14:10:17                                                                                                   
2024-05-21 14:10:17 ==================================================================================================
2024-05-21 14:10:17 Total params: 12583001 (48.00 MB)
2024-05-21 14:10:17 Trainable params: 12583001 (48.00 MB)
2024-05-21 14:10:17 Non-trainable params: 0 (0.00 Byte)
2024-05-21 14:10:17 __________________________________________________________________________________________________
2024-05-21 14:10:17 CKPT CONSTRUCT...
2024-05-21 14:10:17 CKPT CONSTRUCT OK.
2024-05-21 14:10:17 template model: <keras.src.engine.functional.Functional object at 0x148945244fd0>
2024-05-21 14:10:19 COMPILE
2024-05-21 14:10:19 Will save weights to: /dev/shm/Uno/save/8999967.amn-0001/21/4.1.model.h5
2024-05-21 14:10:35 Between random pairs in y_val:
2024-05-21 14:10:35   mse: 0.04789671
2024-05-21 14:10:35   mae: 0.16028471
2024-05-21 14:10:35   r2: -1.00473787
2024-05-21 14:10:35   corr: -0.00236894
2024-05-21 14:10:35 Data points per epoch: train = 469627, val = 117407, test = 675
2024-05-21 14:10:35 Steps per epoch: train = 14675, val = 3668, test = 21
2024-05-21 14:10:35 Epoch 0: lr=0.001
2024-05-21 14:11:48 [Epoch: 0] loss: 0.025922, mae: 0.079230, r2: -0.535878, val_loss: 0.009595, val_mae: 0.068937, val_r2: 0.557582
2024-05-21 14:11:49 Epoch 1: lr=0.00082
2024-05-21 14:13:00 [Epoch: 1] loss: 0.007996, mae: 0.063999, r2: 0.619580, val_loss: 0.007863, val_mae: 0.062163, val_r2: 0.628239
2024-05-21 14:13:00 Epoch 2: lr=0.00064
2024-05-21 14:14:12 [Epoch: 2] loss: 0.007336, mae: 0.060955, r2: 0.650294, val_loss: 0.007315, val_mae: 0.060523, val_r2: 0.655055
2024-05-21 14:14:12 Epoch 3: lr=0.00046
2024-05-21 14:15:24 [Epoch: 3] loss: 0.006852, mae: 0.058733, r2: 0.672747, val_loss: 0.006966, val_mae: 0.058428, val_r2: 0.673966
2024-05-21 14:15:24 Epoch 4: lr=0.00028
2024-05-21 14:16:36 [Epoch: 4] loss: 0.006464, mae: 0.056915, r2: 0.690307, val_loss: 0.006714, val_mae: 0.057656, val_r2: 0.683343
2024-05-21 14:16:36 Epoch 5: lr=0.0001
2024-05-21 14:17:48 [Epoch: 5] loss: 0.006118, mae: 0.055390, r2: 0.706254, val_loss: 0.006447, val_mae: 0.056843, val_r2: 0.693020
2024-05-21 14:17:48 Epoch 6: lr=0.0001
2024-05-21 14:19:00 [Epoch: 6] loss: 0.006015, mae: 0.054899, r2: 0.710909, val_loss: 0.006378, val_mae: 0.055997, val_r2: 0.697293
2024-05-21 14:19:00 Epoch 7: lr=0.0001
2024-05-21 14:20:12 [Epoch: 7] loss: 0.005939, mae: 0.054587, r2: 0.714333, val_loss: 0.006350, val_mae: 0.056024, val_r2: 0.699014
2024-05-21 14:20:12 Epoch 8: lr=0.0001
2024-05-21 14:21:25 [Epoch: 8] loss: 0.005858, mae: 0.054222, r2: 0.718136, val_loss: 0.006310, val_mae: 0.055420, val_r2: 0.700217
2024-05-21 14:21:25 Epoch 9: lr=0.0001
2024-05-21 14:22:37 [Epoch: 9] loss: 0.005786, mae: 0.053909, r2: 0.721468, val_loss: 0.006271, val_mae: 0.055989, val_r2: 0.702321
2024-05-21 14:22:37 Epoch 10: lr=0.0001
2024-05-21 14:23:48 [Epoch: 10] loss: 0.005724, mae: 0.053596, r2: 0.724272, val_loss: 0.006255, val_mae: 0.055705, val_r2: 0.703943
2024-05-21 14:23:48 Epoch 11: lr=0.0001
2024-05-21 14:25:00 [Epoch: 11] loss: 0.005664, mae: 0.053277, r2: 0.727231, val_loss: 0.006278, val_mae: 0.055066, val_r2: 0.700726
2024-05-21 14:25:00 Epoch 12: lr=0.0001
2024-05-21 14:26:12 [Epoch: 12] loss: 0.005611, mae: 0.053044, r2: 0.729488, val_loss: 0.006233, val_mae: 0.055678, val_r2: 0.703152
2024-05-21 14:26:12 Epoch 13: lr=0.0001
2024-05-21 14:27:24 [Epoch: 13] loss: 0.005550, mae: 0.052817, r2: 0.732249, val_loss: 0.006228, val_mae: 0.055464, val_r2: 0.704379
2024-05-21 14:27:24 Epoch 14: lr=5e-05
2024-05-21 14:28:35 [Epoch: 14] loss: 0.005430, mae: 0.052271, r2: 0.737976, val_loss: 0.006190, val_mae: 0.054927, val_r2: 0.705139
2024-05-21 14:28:36 Epoch 15: lr=5e-05
2024-05-21 14:29:48 [Epoch: 15] loss: 0.005374, mae: 0.051979, r2: 0.740425, val_loss: 0.006202, val_mae: 0.054625, val_r2: 0.705860
2024-05-21 14:29:48 Epoch 16: lr=5e-05
2024-05-21 14:31:00 [Epoch: 16] loss: 0.005352, mae: 0.051887, r2: 0.741631, val_loss: 0.006169, val_mae: 0.054896, val_r2: 0.706183
2024-05-21 14:31:00 Epoch 17: lr=5e-05
2024-05-21 14:32:12 [Epoch: 17] loss: 0.005315, mae: 0.051715, r2: 0.743657, val_loss: 0.006181, val_mae: 0.056003, val_r2: 0.705805
2024-05-21 14:32:12 Epoch 18: lr=5e-05
2024-05-21 14:33:24 [Epoch: 18] loss: 0.005286, mae: 0.051610, r2: 0.744726, val_loss: 0.006177, val_mae: 0.054671, val_r2: 0.707355
2024-05-21 14:33:24 Epoch 19: lr=5e-05
2024-05-21 14:34:36 [Epoch: 19] loss: 0.005254, mae: 0.051464, r2: 0.746301, val_loss: 0.006160, val_mae: 0.054971, val_r2: 0.706527
2024-05-21 14:34:36 Epoch 20: lr=2.5e-05
2024-05-21 14:35:48 [Epoch: 20] loss: 0.005197, mae: 0.051153, r2: 0.749025, val_loss: 0.006158, val_mae: 0.055139, val_r2: 0.707054
2024-05-21 14:35:48 Epoch 21: lr=2.5e-05
2024-05-21 14:37:00 [Epoch: 21] loss: 0.005184, mae: 0.051102, r2: 0.749653, val_loss: 0.006153, val_mae: 0.054629, val_r2: 0.706680
2024-05-21 14:37:00 Epoch 22: lr=2.5e-05
2024-05-21 14:38:12 [Epoch: 22] loss: 0.005158, mae: 0.051008, r2: 0.750789, val_loss: 0.006157, val_mae: 0.054323, val_r2: 0.707329
2024-05-21 14:38:12 Epoch 23: lr=2.5e-05
2024-05-21 14:39:24 [Epoch: 23] loss: 0.005149, mae: 0.050955, r2: 0.751109, val_loss: 0.006142, val_mae: 0.054643, val_r2: 0.707221
2024-05-21 14:39:24 Epoch 24: lr=2.5e-05
2024-05-21 14:40:35 [Epoch: 24] loss: 0.005133, mae: 0.050864, r2: 0.751995, val_loss: 0.006111, val_mae: 0.054504, val_r2: 0.709153
2024-05-21 14:40:35 Epoch 25: lr=1.25e-05
2024-05-21 14:41:47 [Epoch: 25] loss: 0.005101, mae: 0.050715, r2: 0.753353, val_loss: 0.006135, val_mae: 0.054528, val_r2: 0.707767
2024-05-21 14:41:47 Epoch 26: lr=1.25e-05
2024-05-21 14:42:59 [Epoch: 26] loss: 0.005095, mae: 0.050669, r2: 0.753957, val_loss: 0.006113, val_mae: 0.054434, val_r2: 0.708931
2024-05-21 14:42:59 Epoch 27: lr=1.25e-05
2024-05-21 14:44:11 [Epoch: 27] loss: 0.005078, mae: 0.050611, r2: 0.754377, val_loss: 0.006151, val_mae: 0.054530, val_r2: 0.707290
2024-05-21 14:44:11 Epoch 28: lr=1.25e-05
2024-05-21 14:45:23 [Epoch: 28] loss: 0.005080, mae: 0.050621, r2: 0.754467, val_loss: 0.006138, val_mae: 0.054611, val_r2: 0.708184
2024-05-21 14:45:23 Epoch 29: lr=1.25e-05
2024-05-21 14:46:35 [Epoch: 29] loss: 0.005065, mae: 0.050544, r2: 0.755116, val_loss: 0.006130, val_mae: 0.054802, val_r2: 0.707857
2024-05-21 14:46:35 Epoch 30: lr=1e-05
2024-05-21 14:47:47 [Epoch: 30] loss: 0.005046, mae: 0.050462, r2: 0.755979, val_loss: 0.006114, val_mae: 0.054445, val_r2: 0.709356
2024-05-21 14:47:47 Epoch 31: lr=1e-05
2024-05-21 14:48:59 [Epoch: 31] loss: 0.005044, mae: 0.050466, r2: 0.755972, val_loss: 0.006141, val_mae: 0.054455, val_r2: 0.707431
2024-05-21 14:48:59 Epoch 32: lr=1e-05
2024-05-21 14:50:11 [Epoch: 32] loss: 0.005053, mae: 0.050478, r2: 0.755936, val_loss: 0.006162, val_mae: 0.054755, val_r2: 0.706497
2024-05-21 14:50:11 Epoch 33: lr=1e-05
2024-05-21 14:51:23 [Epoch: 33] loss: 0.005028, mae: 0.050396, r2: 0.756949, val_loss: 0.006117, val_mae: 0.054495, val_r2: 0.708877
2024-05-21 14:51:23 Epoch 34: lr=1e-05
2024-05-21 14:52:35 [Epoch: 34] loss: 0.005023, mae: 0.050351, r2: 0.757102, val_loss: 0.006150, val_mae: 0.054627, val_r2: 0.707006
2024-05-21 14:52:36 history_length: 35
2024-05-21 14:52:36 stopping: early
2024-05-21 14:52:36 Comparing y_true and y_pred:
2024-05-21 14:52:36   mse: 0.10848791
2024-05-21 14:52:36   mae: 0.31260104
2024-05-21 14:52:36   r2: -6.96441709
2024-05-21 14:52:36   corr: 0.36615717
