2024-05-22 13:29:36 UNO RUN ...
2024-05-22 13:29:36 Params: {'model_name': 'uno', 'train_sources': ['CCLE'], 'test_sources': ['train'], 'cell_types': None, 'cell_features': ['rnaseq'], 'drug_features': ['descriptors'], 'dense': [1000, 1000, 1000, 1000, 1000], 'dense_feature_layers': [1000, 1000, 1000], 'activation': 'relu', 'loss': 'mse', 'optimizer': 'adamax', 'scaling': 'std', 'dropout': 0.1, 'epochs': 50, 'batch_size': 32, 'val_split': 0.2, 'cv': 1, 'max_val_loss': 1.0, 'learning_rate': 0.0001, 'base_lr': None, 'agg_dose': 'AUC', 'residual': False, 'reduce_lr': True, 'warmup_lr': True, 'batch_normalization': False, 'feature_subsample': 0, 'rng_seed': 2018, 'no_gen': False, 'verbose': False, 'preprocess_rnaseq': 'source_scale', 'gpus': [0], 'use_landmark_genes': True, 'no_feature_source': True, 'no_response_source': True, 'save_path': '/dev/shm/Uno/save/9000732.amn-0001/3', 'single': True, 'on_memory_loader': True, 'ckpt_checksum': True, 'ckpt_save_interval': 0, 'timeout': -1, 'train_bool': True, 'profiling': False, 'experiment_id': '9000732.amn-0001', 'run_id': '3', 'logfile': '/dev/shm/Uno/save/9000732.amn-0001/3/python.log', 'shuffle': False, 'ckpt_restart_mode': 'off', 'ckpt_skip_epochs': 0, 'ckpt_directory': '/dev/shm/Uno/save/9000732.amn-0001/3', 'ckpt_save_best': True, 'ckpt_save_best_metric': 'val_loss', 'ckpt_save_weights_only': False, 'ckpt_keep_mode': 'linear', 'ckpt_keep_limit': 5, 'by_cell': None, 'by_drug': None, 'cell_subset_path': '', 'drug_subset_path': '', 'drug_median_response_min': -1, 'drug_median_response_max': 1, 'dense_cell_feature_layers': None, 'dense_drug_feature_layers': None, 'use_filtered_genes': False, 'feature_subset_path': '', 'cell_feature_subset_path': '', 'drug_feature_subset_path': '', 'es': True, 'cp': False, 'tb': False, 'tb_prefix': 'tb', 'partition_by': None, 'cache': None, 'export_csv': None, 'export_data': None, 'use_exported_data': '/dev/shm/Uno/x1921c2s2b0n0.3.merged.landmark.h5', 'growth_bins': 0, 'initial_weights': None, 'save_weights': '/dev/shm/Uno/save/9000732.amn-0001/3/1.1.model.h5', 'config_file': '/home/brettin/CSC249ADOA01_CNDA/brettin/Benchmarks/Pilot1/Uno/uno_auc_model.txt', 'data_type': <class 'numpy.float32'>, 'data_dir': '/dev/shm/Uno/uno/Data', 'output_dir': '/dev/shm/Uno/uno/Output/9000732.amn-0001/3'}
2024-05-22 13:29:36 Feature encoding submodel for cell.rnaseq:
2024-05-22 13:29:36 Model: "cell.rnaseq"
2024-05-22 13:29:36 _________________________________________________________________
2024-05-22 13:29:36  Layer (type)                Output Shape              Param #   
2024-05-22 13:29:36 =================================================================
2024-05-22 13:29:36  input_1 (InputLayer)        [(None, 958)]             0         
2024-05-22 13:29:36                                                                  
2024-05-22 13:29:36  dense (Dense)               (None, 1000)              959000    
2024-05-22 13:29:36                                                                  
2024-05-22 13:29:36  permanent_dropout (Permane  (None, 1000)              0         
2024-05-22 13:29:36  ntDropout)                                                      
2024-05-22 13:29:36                                                                  
2024-05-22 13:29:36  dense_1 (Dense)             (None, 1000)              1001000   
2024-05-22 13:29:36                                                                  
2024-05-22 13:29:36  permanent_dropout_1 (Perma  (None, 1000)              0         
2024-05-22 13:29:36  nentDropout)                                                    
2024-05-22 13:29:36                                                                  
2024-05-22 13:29:36  dense_2 (Dense)             (None, 1000)              1001000   
2024-05-22 13:29:36                                                                  
2024-05-22 13:29:36  permanent_dropout_2 (Perma  (None, 1000)              0         
2024-05-22 13:29:36  nentDropout)                                                    
2024-05-22 13:29:36                                                                  
2024-05-22 13:29:36 =================================================================
2024-05-22 13:29:36 Total params: 2961000 (11.30 MB)
2024-05-22 13:29:36 Trainable params: 2961000 (11.30 MB)
2024-05-22 13:29:36 Non-trainable params: 0 (0.00 Byte)
2024-05-22 13:29:36 _________________________________________________________________
2024-05-22 13:29:36 Feature encoding submodel for drug.descriptors:
2024-05-22 13:29:36 Model: "drug.descriptors"
2024-05-22 13:29:36 _________________________________________________________________
2024-05-22 13:29:36  Layer (type)                Output Shape              Param #   
2024-05-22 13:29:36 =================================================================
2024-05-22 13:29:36  input_2 (InputLayer)        [(None, 1613)]            0         
2024-05-22 13:29:36                                                                  
2024-05-22 13:29:36  dense_3 (Dense)             (None, 1000)              1614000   
2024-05-22 13:29:36                                                                  
2024-05-22 13:29:36  permanent_dropout_3 (Perma  (None, 1000)              0         
2024-05-22 13:29:36  nentDropout)                                                    
2024-05-22 13:29:36                                                                  
2024-05-22 13:29:36  dense_4 (Dense)             (None, 1000)              1001000   
2024-05-22 13:29:36                                                                  
2024-05-22 13:29:36  permanent_dropout_4 (Perma  (None, 1000)              0         
2024-05-22 13:29:36  nentDropout)                                                    
2024-05-22 13:29:36                                                                  
2024-05-22 13:29:36  dense_5 (Dense)             (None, 1000)              1001000   
2024-05-22 13:29:36                                                                  
2024-05-22 13:29:36  permanent_dropout_5 (Perma  (None, 1000)              0         
2024-05-22 13:29:36  nentDropout)                                                    
2024-05-22 13:29:36                                                                  
2024-05-22 13:29:36 =================================================================
2024-05-22 13:29:36 Total params: 3616000 (13.79 MB)
2024-05-22 13:29:36 Trainable params: 3616000 (13.79 MB)
2024-05-22 13:29:36 Non-trainable params: 0 (0.00 Byte)
2024-05-22 13:29:36 _________________________________________________________________
2024-05-22 13:29:36 Combined model:
2024-05-22 13:29:36 Model: "model"
2024-05-22 13:29:36 __________________________________________________________________________________________________
2024-05-22 13:29:36  Layer (type)                Output Shape                 Param #   Connected to                  
2024-05-22 13:29:36 ==================================================================================================
2024-05-22 13:29:36  input.cell.rnaseq (InputLa  [(None, 958)]                0         []                            
2024-05-22 13:29:36  yer)                                                                                             
2024-05-22 13:29:36                                                                                                   
2024-05-22 13:29:36  input.drug1.descriptors (I  [(None, 1613)]               0         []                            
2024-05-22 13:29:36  nputLayer)                                                                                       
2024-05-22 13:29:36                                                                                                   
2024-05-22 13:29:36  cell.rnaseq (Functional)    (None, 1000)                 2961000   ['input.cell.rnaseq[0][0]']   
2024-05-22 13:29:36                                                                                                   
2024-05-22 13:29:36  drug.descriptors (Function  (None, 1000)                 3616000   ['input.drug1.descriptors[0][0
2024-05-22 13:29:36  al)                                                                ]']                           
2024-05-22 13:29:36                                                                                                   
2024-05-22 13:29:36  concatenate (Concatenate)   (None, 2000)                 0         ['cell.rnaseq[0][0]',         
2024-05-22 13:29:36                                                                      'drug.descriptors[0][0]']    
2024-05-22 13:29:36                                                                                                   
2024-05-22 13:29:36  dense_6 (Dense)             (None, 1000)                 2001000   ['concatenate[0][0]']         
2024-05-22 13:29:36                                                                                                   
2024-05-22 13:29:36  permanent_dropout_6 (Perma  (None, 1000)                 0         ['dense_6[0][0]']             
2024-05-22 13:29:36  nentDropout)                                                                                     
2024-05-22 13:29:36                                                                                                   
2024-05-22 13:29:36  dense_7 (Dense)             (None, 1000)                 1001000   ['permanent_dropout_6[0][0]'] 
2024-05-22 13:29:36                                                                                                   
2024-05-22 13:29:36  permanent_dropout_7 (Perma  (None, 1000)                 0         ['dense_7[0][0]']             
2024-05-22 13:29:36  nentDropout)                                                                                     
2024-05-22 13:29:36                                                                                                   
2024-05-22 13:29:36  dense_8 (Dense)             (None, 1000)                 1001000   ['permanent_dropout_7[0][0]'] 
2024-05-22 13:29:36                                                                                                   
2024-05-22 13:29:36  permanent_dropout_8 (Perma  (None, 1000)                 0         ['dense_8[0][0]']             
2024-05-22 13:29:36  nentDropout)                                                                                     
2024-05-22 13:29:36                                                                                                   
2024-05-22 13:29:36  dense_9 (Dense)             (None, 1000)                 1001000   ['permanent_dropout_8[0][0]'] 
2024-05-22 13:29:36                                                                                                   
2024-05-22 13:29:36  permanent_dropout_9 (Perma  (None, 1000)                 0         ['dense_9[0][0]']             
2024-05-22 13:29:36  nentDropout)                                                                                     
2024-05-22 13:29:36                                                                                                   
2024-05-22 13:29:36  dense_10 (Dense)            (None, 1000)                 1001000   ['permanent_dropout_9[0][0]'] 
2024-05-22 13:29:36                                                                                                   
2024-05-22 13:29:36  permanent_dropout_10 (Perm  (None, 1000)                 0         ['dense_10[0][0]']            
2024-05-22 13:29:36  anentDropout)                                                                                    
2024-05-22 13:29:36                                                                                                   
2024-05-22 13:29:36  dense_11 (Dense)            (None, 1)                    1001      ['permanent_dropout_10[0][0]']
2024-05-22 13:29:36                                                                                                   
2024-05-22 13:29:36 ==================================================================================================
2024-05-22 13:29:36 Total params: 12583001 (48.00 MB)
2024-05-22 13:29:36 Trainable params: 12583001 (48.00 MB)
2024-05-22 13:29:36 Non-trainable params: 0 (0.00 Byte)
2024-05-22 13:29:36 __________________________________________________________________________________________________
2024-05-22 13:29:37 CKPT CONSTRUCT...
2024-05-22 13:29:37 CKPT CONSTRUCT OK.
2024-05-22 13:29:37 template model: <keras.src.engine.functional.Functional object at 0x1477f2e49700>
2024-05-22 13:29:38 COMPILE
2024-05-22 13:29:38 Will save weights to: /dev/shm/Uno/save/9000732.amn-0001/3/1.1.model.h5
2024-05-22 13:29:54 Between random pairs in y_val:
2024-05-22 13:29:54   mse: 0.04778622
2024-05-22 13:29:54   mae: 0.15958386
2024-05-22 13:29:54   r2: -0.99356344
2024-05-22 13:29:54   corr: 0.00321828
2024-05-22 13:29:54 Data points per epoch: train = 469173, val = 117294, test = 1242
2024-05-22 13:29:54 Steps per epoch: train = 14661, val = 3665, test = 38
2024-05-22 13:29:55 Epoch 0: lr=0.001
2024-05-22 13:31:08 [Epoch: 0] loss: 0.028579, mae: 0.079566, r2: -0.038336, val_loss: 0.008561, val_mae: 0.066259, val_r2: 0.588374
2024-05-22 13:31:08 Epoch 1: lr=0.00082
2024-05-22 13:32:21 [Epoch: 1] loss: 0.007989, mae: 0.063900, r2: 0.620860, val_loss: 0.007784, val_mae: 0.064303, val_r2: 0.627691
2024-05-22 13:32:21 Epoch 2: lr=0.00064
2024-05-22 13:33:33 [Epoch: 2] loss: 0.007302, mae: 0.060739, r2: 0.653173, val_loss: 0.007184, val_mae: 0.060222, val_r2: 0.654148
2024-05-22 13:33:33 Epoch 3: lr=0.00046
2024-05-22 13:34:45 [Epoch: 3] loss: 0.006830, mae: 0.058615, r2: 0.674237, val_loss: 0.006818, val_mae: 0.058067, val_r2: 0.673842
2024-05-22 13:34:46 Epoch 4: lr=0.00028
2024-05-22 13:35:58 [Epoch: 4] loss: 0.006445, mae: 0.056818, r2: 0.691868, val_loss: 0.006611, val_mae: 0.057116, val_r2: 0.683857
2024-05-22 13:35:58 Epoch 5: lr=0.0001
2024-05-22 13:37:09 [Epoch: 5] loss: 0.006101, mae: 0.055268, r2: 0.707980, val_loss: 0.006432, val_mae: 0.056093, val_r2: 0.692184
2024-05-22 13:37:10 Epoch 6: lr=0.0001
2024-05-22 13:38:22 [Epoch: 6] loss: 0.005995, mae: 0.054773, r2: 0.712719, val_loss: 0.006400, val_mae: 0.055942, val_r2: 0.690859
2024-05-22 13:38:22 Epoch 7: lr=0.0001
2024-05-22 13:39:34 [Epoch: 7] loss: 0.005900, mae: 0.054350, r2: 0.717265, val_loss: 0.006384, val_mae: 0.055609, val_r2: 0.693753
2024-05-22 13:39:35 Epoch 8: lr=0.0001
2024-05-22 13:40:47 [Epoch: 8] loss: 0.005845, mae: 0.054083, r2: 0.719884, val_loss: 0.006304, val_mae: 0.055662, val_r2: 0.696704
2024-05-22 13:40:47 Epoch 9: lr=0.0001
2024-05-22 13:41:59 [Epoch: 9] loss: 0.005756, mae: 0.053736, r2: 0.723972, val_loss: 0.006309, val_mae: 0.055595, val_r2: 0.696334
2024-05-22 13:41:59 Epoch 10: lr=0.0001
2024-05-22 13:43:11 [Epoch: 10] loss: 0.005713, mae: 0.053513, r2: 0.725759, val_loss: 0.006254, val_mae: 0.055948, val_r2: 0.699250
2024-05-22 13:43:11 Epoch 11: lr=0.0001
2024-05-22 13:44:23 [Epoch: 11] loss: 0.005643, mae: 0.053192, r2: 0.728831, val_loss: 0.006249, val_mae: 0.055382, val_r2: 0.700459
2024-05-22 13:44:23 Epoch 12: lr=0.0001
2024-05-22 13:45:36 [Epoch: 12] loss: 0.005577, mae: 0.052875, r2: 0.732361, val_loss: 0.006215, val_mae: 0.055215, val_r2: 0.702020
2024-05-22 13:45:36 Epoch 13: lr=0.0001
2024-05-22 13:46:48 [Epoch: 13] loss: 0.005523, mae: 0.052611, r2: 0.734900, val_loss: 0.006184, val_mae: 0.054914, val_r2: 0.702188
2024-05-22 13:46:48 Epoch 14: lr=0.0001
2024-05-22 13:48:01 [Epoch: 14] loss: 0.005464, mae: 0.052361, r2: 0.737637, val_loss: 0.006194, val_mae: 0.054617, val_r2: 0.702115
2024-05-22 13:48:01 Epoch 15: lr=0.0001
2024-05-22 13:49:13 [Epoch: 15] loss: 0.005428, mae: 0.052177, r2: 0.739406, val_loss: 0.006185, val_mae: 0.054930, val_r2: 0.701971
2024-05-22 13:49:13 Epoch 16: lr=0.0001
2024-05-22 13:50:25 [Epoch: 16] loss: 0.005364, mae: 0.051896, r2: 0.742069, val_loss: 0.006130, val_mae: 0.054599, val_r2: 0.704509
2024-05-22 13:50:25 Epoch 17: lr=0.0001
2024-05-22 13:51:37 [Epoch: 17] loss: 0.005319, mae: 0.051652, r2: 0.744187, val_loss: 0.006109, val_mae: 0.054806, val_r2: 0.706227
2024-05-22 13:51:37 Epoch 18: lr=0.0001
2024-05-22 13:52:50 [Epoch: 18] loss: 0.005277, mae: 0.051446, r2: 0.746340, val_loss: 0.006109, val_mae: 0.054591, val_r2: 0.705230
2024-05-22 13:52:50 Epoch 19: lr=5e-05
2024-05-22 13:54:02 [Epoch: 19] loss: 0.005164, mae: 0.050920, r2: 0.751492, val_loss: 0.006107, val_mae: 0.054498, val_r2: 0.705996
2024-05-22 13:54:03 Epoch 20: lr=5e-05
2024-05-22 13:55:15 [Epoch: 20] loss: 0.005111, mae: 0.050685, r2: 0.754072, val_loss: 0.006122, val_mae: 0.054457, val_r2: 0.704676
2024-05-22 13:55:15 Epoch 21: lr=5e-05
2024-05-22 13:56:28 [Epoch: 21] loss: 0.005078, mae: 0.050540, r2: 0.755495, val_loss: 0.006079, val_mae: 0.054445, val_r2: 0.707274
2024-05-22 13:56:28 Epoch 22: lr=5e-05
2024-05-22 13:57:40 [Epoch: 22] loss: 0.005052, mae: 0.050451, r2: 0.756805, val_loss: 0.006091, val_mae: 0.054596, val_r2: 0.706871
2024-05-22 13:57:40 Epoch 23: lr=5e-05
2024-05-22 13:58:52 [Epoch: 23] loss: 0.005034, mae: 0.050323, r2: 0.757711, val_loss: 0.006071, val_mae: 0.054290, val_r2: 0.707030
2024-05-22 13:58:52 Epoch 24: lr=5e-05
2024-05-22 14:00:05 [Epoch: 24] loss: 0.005012, mae: 0.050211, r2: 0.758666, val_loss: 0.006159, val_mae: 0.054209, val_r2: 0.703480
2024-05-22 14:00:05 Epoch 25: lr=5e-05
2024-05-22 14:01:18 [Epoch: 25] loss: 0.004979, mae: 0.050067, r2: 0.760145, val_loss: 0.006096, val_mae: 0.054670, val_r2: 0.706033
2024-05-22 14:01:18 Epoch 26: lr=5e-05
2024-05-22 14:02:30 [Epoch: 26] loss: 0.004953, mae: 0.049950, r2: 0.761318, val_loss: 0.006088, val_mae: 0.054239, val_r2: 0.707486
2024-05-22 14:02:30 Epoch 27: lr=2.5e-05
2024-05-22 14:03:41 [Epoch: 27] loss: 0.004894, mae: 0.049666, r2: 0.764342, val_loss: 0.006089, val_mae: 0.054348, val_r2: 0.706364
2024-05-22 14:03:42 Epoch 28: lr=2.5e-05
2024-05-22 14:04:54 [Epoch: 28] loss: 0.004878, mae: 0.049579, r2: 0.764897, val_loss: 0.006117, val_mae: 0.054717, val_r2: 0.704413
2024-05-22 14:04:54 Epoch 29: lr=2.5e-05
2024-05-22 14:06:06 [Epoch: 29] loss: 0.004863, mae: 0.049523, r2: 0.765641, val_loss: 0.006106, val_mae: 0.054343, val_r2: 0.706593
2024-05-22 14:06:06 Epoch 30: lr=2.5e-05
2024-05-22 14:07:18 [Epoch: 30] loss: 0.004851, mae: 0.049463, r2: 0.766171, val_loss: 0.006090, val_mae: 0.054534, val_r2: 0.706772
2024-05-22 14:07:18 Epoch 31: lr=2.5e-05
2024-05-22 14:08:30 [Epoch: 31] loss: 0.004838, mae: 0.049362, r2: 0.766857, val_loss: 0.006095, val_mae: 0.054505, val_r2: 0.705778
2024-05-22 14:08:30 Epoch 32: lr=1.25e-05
2024-05-22 14:09:42 [Epoch: 32] loss: 0.004803, mae: 0.049197, r2: 0.768402, val_loss: 0.006106, val_mae: 0.054436, val_r2: 0.706189
2024-05-22 14:09:42 Epoch 33: lr=1.25e-05
2024-05-22 14:10:54 [Epoch: 33] loss: 0.004798, mae: 0.049167, r2: 0.768765, val_loss: 0.006102, val_mae: 0.054250, val_r2: 0.706567
2024-05-22 14:10:54 history_length: 34
2024-05-22 14:10:54 stopping: early
2024-05-22 14:10:54 Comparing y_true and y_pred:
2024-05-22 14:10:54   mse: 0.00532559
2024-05-22 14:10:54   mae: 0.05601324
2024-05-22 14:10:54   r2: -0.04512830
2024-05-22 14:10:54   corr: 0.31753764
