2024-05-09 11:42:30 UNO RUN ...
2024-05-09 11:42:30 Params: {'model_name': 'uno', 'train_sources': ['CCLE'], 'test_sources': ['train'], 'cell_types': None, 'cell_features': ['rnaseq'], 'drug_features': ['descriptors'], 'dense': [1000, 1000, 1000, 1000, 1000], 'dense_feature_layers': [1000, 1000, 1000], 'activation': 'relu', 'loss': 'mse', 'optimizer': 'adamax', 'scaling': 'std', 'dropout': 0.1, 'epochs': 30, 'batch_size': 32, 'val_split': 0.2, 'cv': 1, 'max_val_loss': 1.0, 'learning_rate': 0.0001, 'base_lr': None, 'agg_dose': 'AUC', 'residual': False, 'reduce_lr': True, 'warmup_lr': True, 'batch_normalization': False, 'feature_subsample': 0, 'rng_seed': 2018, 'no_gen': False, 'verbose': False, 'preprocess_rnaseq': 'source_scale', 'gpus': [0], 'use_landmark_genes': True, 'no_feature_source': True, 'no_response_source': True, 'save_path': '/dev/shm/Uno/save/8996461.amn-0001/435', 'single': True, 'on_memory_loader': True, 'ckpt_checksum': True, 'ckpt_save_interval': 0, 'timeout': -1, 'train_bool': True, 'profiling': False, 'experiment_id': '8996461.amn-0001', 'run_id': '435', 'logfile': '/dev/shm/Uno/save/8996461.amn-0001/435/python.log', 'shuffle': False, 'ckpt_restart_mode': 'off', 'ckpt_skip_epochs': 0, 'ckpt_directory': '/dev/shm/Uno/save/8996461.amn-0001/435', 'ckpt_save_best': True, 'ckpt_save_best_metric': 'val_loss', 'ckpt_save_weights_only': False, 'ckpt_keep_mode': 'linear', 'ckpt_keep_limit': 5, 'by_cell': None, 'by_drug': None, 'cell_subset_path': '', 'drug_subset_path': '', 'drug_median_response_min': -1, 'drug_median_response_max': 1, 'dense_cell_feature_layers': None, 'dense_drug_feature_layers': None, 'use_filtered_genes': False, 'feature_subset_path': '', 'cell_feature_subset_path': '', 'drug_feature_subset_path': '', 'es': True, 'cp': False, 'tb': False, 'tb_prefix': 'tb', 'partition_by': None, 'cache': None, 'export_csv': None, 'export_data': None, 'use_exported_data': '/dev/shm/Uno/x1921c5s6b0n0.435.merged.landmark.h5', 'growth_bins': 0, 'initial_weights': None, 'save_weights': '/dev/shm/Uno/save/8996461.amn-0001/435/1.1.model.h5', 'config_file': '/home/brettin/CSC249ADOA01_CNDA/brettin/Benchmarks/Pilot1/Uno/uno_auc_model.txt', 'data_type': <class 'numpy.float32'>, 'data_dir': '/dev/shm/Uno/uno/Data', 'output_dir': '/dev/shm/Uno/uno/Output/8996461.amn-0001/435'}
2024-05-09 11:42:31 Feature encoding submodel for cell.rnaseq:
2024-05-09 11:42:31 Model: "cell.rnaseq"
2024-05-09 11:42:31 _________________________________________________________________
2024-05-09 11:42:31  Layer (type)                Output Shape              Param #   
2024-05-09 11:42:31 =================================================================
2024-05-09 11:42:31  input_1 (InputLayer)        [(None, 958)]             0         
2024-05-09 11:42:31                                                                  
2024-05-09 11:42:31  dense (Dense)               (None, 1000)              959000    
2024-05-09 11:42:31                                                                  
2024-05-09 11:42:31  permanent_dropout (Permane  (None, 1000)              0         
2024-05-09 11:42:31  ntDropout)                                                      
2024-05-09 11:42:31                                                                  
2024-05-09 11:42:31  dense_1 (Dense)             (None, 1000)              1001000   
2024-05-09 11:42:31                                                                  
2024-05-09 11:42:31  permanent_dropout_1 (Perma  (None, 1000)              0         
2024-05-09 11:42:31  nentDropout)                                                    
2024-05-09 11:42:31                                                                  
2024-05-09 11:42:31  dense_2 (Dense)             (None, 1000)              1001000   
2024-05-09 11:42:31                                                                  
2024-05-09 11:42:31  permanent_dropout_2 (Perma  (None, 1000)              0         
2024-05-09 11:42:31  nentDropout)                                                    
2024-05-09 11:42:31                                                                  
2024-05-09 11:42:31 =================================================================
2024-05-09 11:42:31 Total params: 2961000 (11.30 MB)
2024-05-09 11:42:31 Trainable params: 2961000 (11.30 MB)
2024-05-09 11:42:31 Non-trainable params: 0 (0.00 Byte)
2024-05-09 11:42:31 _________________________________________________________________
2024-05-09 11:42:31 Feature encoding submodel for drug.descriptors:
2024-05-09 11:42:31 Model: "drug.descriptors"
2024-05-09 11:42:31 _________________________________________________________________
2024-05-09 11:42:31  Layer (type)                Output Shape              Param #   
2024-05-09 11:42:31 =================================================================
2024-05-09 11:42:31  input_2 (InputLayer)        [(None, 1613)]            0         
2024-05-09 11:42:31                                                                  
2024-05-09 11:42:31  dense_3 (Dense)             (None, 1000)              1614000   
2024-05-09 11:42:31                                                                  
2024-05-09 11:42:31  permanent_dropout_3 (Perma  (None, 1000)              0         
2024-05-09 11:42:31  nentDropout)                                                    
2024-05-09 11:42:31                                                                  
2024-05-09 11:42:31  dense_4 (Dense)             (None, 1000)              1001000   
2024-05-09 11:42:31                                                                  
2024-05-09 11:42:31  permanent_dropout_4 (Perma  (None, 1000)              0         
2024-05-09 11:42:31  nentDropout)                                                    
2024-05-09 11:42:31                                                                  
2024-05-09 11:42:31  dense_5 (Dense)             (None, 1000)              1001000   
2024-05-09 11:42:31                                                                  
2024-05-09 11:42:31  permanent_dropout_5 (Perma  (None, 1000)              0         
2024-05-09 11:42:31  nentDropout)                                                    
2024-05-09 11:42:31                                                                  
2024-05-09 11:42:31 =================================================================
2024-05-09 11:42:31 Total params: 3616000 (13.79 MB)
2024-05-09 11:42:31 Trainable params: 3616000 (13.79 MB)
2024-05-09 11:42:31 Non-trainable params: 0 (0.00 Byte)
2024-05-09 11:42:31 _________________________________________________________________
2024-05-09 11:42:31 Combined model:
2024-05-09 11:42:31 Model: "model"
2024-05-09 11:42:31 __________________________________________________________________________________________________
2024-05-09 11:42:31  Layer (type)                Output Shape                 Param #   Connected to                  
2024-05-09 11:42:31 ==================================================================================================
2024-05-09 11:42:31  input.cell.rnaseq (InputLa  [(None, 958)]                0         []                            
2024-05-09 11:42:31  yer)                                                                                             
2024-05-09 11:42:31                                                                                                   
2024-05-09 11:42:31  input.drug1.descriptors (I  [(None, 1613)]               0         []                            
2024-05-09 11:42:31  nputLayer)                                                                                       
2024-05-09 11:42:31                                                                                                   
2024-05-09 11:42:31  cell.rnaseq (Functional)    (None, 1000)                 2961000   ['input.cell.rnaseq[0][0]']   
2024-05-09 11:42:31                                                                                                   
2024-05-09 11:42:31  drug.descriptors (Function  (None, 1000)                 3616000   ['input.drug1.descriptors[0][0
2024-05-09 11:42:31  al)                                                                ]']                           
2024-05-09 11:42:31                                                                                                   
2024-05-09 11:42:31  concatenate (Concatenate)   (None, 2000)                 0         ['cell.rnaseq[0][0]',         
2024-05-09 11:42:31                                                                      'drug.descriptors[0][0]']    
2024-05-09 11:42:31                                                                                                   
2024-05-09 11:42:31  dense_6 (Dense)             (None, 1000)                 2001000   ['concatenate[0][0]']         
2024-05-09 11:42:31                                                                                                   
2024-05-09 11:42:31  permanent_dropout_6 (Perma  (None, 1000)                 0         ['dense_6[0][0]']             
2024-05-09 11:42:31  nentDropout)                                                                                     
2024-05-09 11:42:31                                                                                                   
2024-05-09 11:42:31  dense_7 (Dense)             (None, 1000)                 1001000   ['permanent_dropout_6[0][0]'] 
2024-05-09 11:42:31                                                                                                   
2024-05-09 11:42:31  permanent_dropout_7 (Perma  (None, 1000)                 0         ['dense_7[0][0]']             
2024-05-09 11:42:31  nentDropout)                                                                                     
2024-05-09 11:42:31                                                                                                   
2024-05-09 11:42:31  dense_8 (Dense)             (None, 1000)                 1001000   ['permanent_dropout_7[0][0]'] 
2024-05-09 11:42:31                                                                                                   
2024-05-09 11:42:31  permanent_dropout_8 (Perma  (None, 1000)                 0         ['dense_8[0][0]']             
2024-05-09 11:42:31  nentDropout)                                                                                     
2024-05-09 11:42:31                                                                                                   
2024-05-09 11:42:31  dense_9 (Dense)             (None, 1000)                 1001000   ['permanent_dropout_8[0][0]'] 
2024-05-09 11:42:31                                                                                                   
2024-05-09 11:42:31  permanent_dropout_9 (Perma  (None, 1000)                 0         ['dense_9[0][0]']             
2024-05-09 11:42:31  nentDropout)                                                                                     
2024-05-09 11:42:31                                                                                                   
2024-05-09 11:42:31  dense_10 (Dense)            (None, 1000)                 1001000   ['permanent_dropout_9[0][0]'] 
2024-05-09 11:42:31                                                                                                   
2024-05-09 11:42:31  permanent_dropout_10 (Perm  (None, 1000)                 0         ['dense_10[0][0]']            
2024-05-09 11:42:31  anentDropout)                                                                                    
2024-05-09 11:42:31                                                                                                   
2024-05-09 11:42:31  dense_11 (Dense)            (None, 1)                    1001      ['permanent_dropout_10[0][0]']
2024-05-09 11:42:31                                                                                                   
2024-05-09 11:42:31 ==================================================================================================
2024-05-09 11:42:31 Total params: 12583001 (48.00 MB)
2024-05-09 11:42:31 Trainable params: 12583001 (48.00 MB)
2024-05-09 11:42:31 Non-trainable params: 0 (0.00 Byte)
2024-05-09 11:42:31 __________________________________________________________________________________________________
2024-05-09 11:42:31 CKPT CONSTRUCT...
2024-05-09 11:42:31 CKPT CONSTRUCT OK.
2024-05-09 11:42:31 template model: <keras.src.engine.functional.Functional object at 0x15539c1bd910>
2024-05-09 11:42:33 COMPILE
2024-05-09 11:42:33 Will save weights to: /dev/shm/Uno/save/8996461.amn-0001/435/1.1.model.h5
2024-05-09 11:42:49 Between random pairs in y_val:
2024-05-09 11:42:49   mse: 0.04731093
2024-05-09 11:42:49   mae: 0.15936429
2024-05-09 11:42:49   r2: -0.98664428
2024-05-09 11:42:49   corr: 0.00667786
2024-05-09 11:42:49 Data points per epoch: train = 470167, val = 117542, test = 566
2024-05-09 11:42:49 Steps per epoch: train = 14692, val = 3673, test = 17
2024-05-09 11:42:49 Epoch 0: lr=0.001
2024-05-09 11:44:03 [Epoch: 0] loss: 0.026125, mae: 0.079547, r2: -0.057389, val_loss: 0.008511, val_mae: 0.066289, val_r2: 0.594286
2024-05-09 11:44:03 Epoch 1: lr=0.00082
2024-05-09 11:45:15 [Epoch: 1] loss: 0.007986, mae: 0.063871, r2: 0.622097, val_loss: 0.007519, val_mae: 0.062399, val_r2: 0.639977
2024-05-09 11:45:15 Epoch 2: lr=0.00064
2024-05-09 11:46:26 [Epoch: 2] loss: 0.007310, mae: 0.060805, r2: 0.653067, val_loss: 0.007091, val_mae: 0.060314, val_r2: 0.664596
2024-05-09 11:46:26 Epoch 3: lr=0.00046
2024-05-09 11:47:38 [Epoch: 3] loss: 0.006813, mae: 0.058540, r2: 0.676012, val_loss: 0.006806, val_mae: 0.057789, val_r2: 0.675029
2024-05-09 11:47:38 Epoch 4: lr=0.00028
2024-05-09 11:48:50 [Epoch: 4] loss: 0.006428, mae: 0.056764, r2: 0.693702, val_loss: 0.006615, val_mae: 0.056868, val_r2: 0.684573
2024-05-09 11:48:50 Epoch 5: lr=0.0001
2024-05-09 11:50:02 [Epoch: 5] loss: 0.006094, mae: 0.055211, r2: 0.709080, val_loss: 0.006392, val_mae: 0.056309, val_r2: 0.694310
2024-05-09 11:50:02 Epoch 6: lr=0.0001
2024-05-09 11:51:13 [Epoch: 6] loss: 0.005989, mae: 0.054735, r2: 0.713933, val_loss: 0.006355, val_mae: 0.056111, val_r2: 0.696518
2024-05-09 11:51:13 Epoch 7: lr=0.0001
2024-05-09 11:52:25 [Epoch: 7] loss: 0.005910, mae: 0.054382, r2: 0.717640, val_loss: 0.006332, val_mae: 0.056156, val_r2: 0.696258
2024-05-09 11:52:25 Epoch 8: lr=0.0001
2024-05-09 11:53:36 [Epoch: 8] loss: 0.005842, mae: 0.054085, r2: 0.720843, val_loss: 0.006311, val_mae: 0.055568, val_r2: 0.698336
2024-05-09 11:53:37 Epoch 9: lr=0.0001
2024-05-09 11:54:48 [Epoch: 9] loss: 0.005781, mae: 0.053819, r2: 0.723540, val_loss: 0.006279, val_mae: 0.055548, val_r2: 0.699295
2024-05-09 11:54:48 Epoch 10: lr=0.0001
2024-05-09 11:56:00 [Epoch: 10] loss: 0.005713, mae: 0.053515, r2: 0.726615, val_loss: 0.006248, val_mae: 0.055869, val_r2: 0.700342
2024-05-09 11:56:00 Epoch 11: lr=0.0001
2024-05-09 11:57:12 [Epoch: 11] loss: 0.005669, mae: 0.053289, r2: 0.728724, val_loss: 0.006230, val_mae: 0.055352, val_r2: 0.702877
2024-05-09 11:57:12 Epoch 12: lr=0.0001
2024-05-09 11:58:24 [Epoch: 12] loss: 0.005597, mae: 0.052958, r2: 0.731972, val_loss: 0.006212, val_mae: 0.055438, val_r2: 0.702049
2024-05-09 11:58:24 Epoch 13: lr=0.0001
2024-05-09 11:59:36 [Epoch: 13] loss: 0.005544, mae: 0.052704, r2: 0.734360, val_loss: 0.006189, val_mae: 0.054917, val_r2: 0.702960
2024-05-09 11:59:36 Epoch 14: lr=0.0001
2024-05-09 12:00:48 [Epoch: 14] loss: 0.005501, mae: 0.052518, r2: 0.736534, val_loss: 0.006189, val_mae: 0.055542, val_r2: 0.703317
2024-05-09 12:00:48 Epoch 15: lr=5e-05
2024-05-09 12:02:00 [Epoch: 15] loss: 0.005375, mae: 0.051906, r2: 0.742401, val_loss: 0.006167, val_mae: 0.054817, val_r2: 0.704141
2024-05-09 12:02:00 Epoch 16: lr=5e-05
2024-05-09 12:03:12 [Epoch: 16] loss: 0.005339, mae: 0.051712, r2: 0.743975, val_loss: 0.006144, val_mae: 0.054792, val_r2: 0.705605
2024-05-09 12:03:12 Epoch 17: lr=5e-05
2024-05-09 12:04:23 [Epoch: 17] loss: 0.005303, mae: 0.051593, r2: 0.745742, val_loss: 0.006146, val_mae: 0.054747, val_r2: 0.706036
2024-05-09 12:04:23 Epoch 18: lr=5e-05
2024-05-09 12:05:36 [Epoch: 18] loss: 0.005273, mae: 0.051452, r2: 0.746976, val_loss: 0.006183, val_mae: 0.054630, val_r2: 0.703459
2024-05-09 12:05:36 Epoch 19: lr=5e-05
2024-05-09 12:06:47 [Epoch: 19] loss: 0.005247, mae: 0.051327, r2: 0.748245, val_loss: 0.006155, val_mae: 0.054820, val_r2: 0.705114
2024-05-09 12:06:47 Epoch 20: lr=5e-05
2024-05-09 12:07:59 [Epoch: 20] loss: 0.005229, mae: 0.051211, r2: 0.748936, val_loss: 0.006126, val_mae: 0.054711, val_r2: 0.706365
2024-05-09 12:07:59 Epoch 21: lr=2.5e-05
2024-05-09 12:09:12 [Epoch: 21] loss: 0.005164, mae: 0.050952, r2: 0.751982, val_loss: 0.006159, val_mae: 0.054766, val_r2: 0.705608
2024-05-09 12:09:12 Epoch 22: lr=2.5e-05
2024-05-09 12:10:23 [Epoch: 22] loss: 0.005134, mae: 0.050787, r2: 0.753369, val_loss: 0.006138, val_mae: 0.054712, val_r2: 0.705861
2024-05-09 12:10:23 Epoch 23: lr=2.5e-05
2024-05-09 12:11:35 [Epoch: 23] loss: 0.005124, mae: 0.050736, r2: 0.753902, val_loss: 0.006148, val_mae: 0.054649, val_r2: 0.704343
2024-05-09 12:11:35 Epoch 24: lr=2.5e-05
2024-05-09 12:12:47 [Epoch: 24] loss: 0.005107, mae: 0.050676, r2: 0.754666, val_loss: 0.006125, val_mae: 0.054847, val_r2: 0.706412
2024-05-09 12:12:47 Epoch 25: lr=2.5e-05
2024-05-09 12:13:58 [Epoch: 25] loss: 0.005087, mae: 0.050596, r2: 0.755730, val_loss: 0.006125, val_mae: 0.054598, val_r2: 0.706899
2024-05-09 12:13:58 Epoch 26: lr=1.25e-05
2024-05-09 12:15:11 [Epoch: 26] loss: 0.005069, mae: 0.050484, r2: 0.756579, val_loss: 0.006131, val_mae: 0.054622, val_r2: 0.705902
2024-05-09 12:15:11 Epoch 27: lr=1.25e-05
2024-05-09 12:16:23 [Epoch: 27] loss: 0.005039, mae: 0.050360, r2: 0.757811, val_loss: 0.006104, val_mae: 0.054707, val_r2: 0.708398
2024-05-09 12:16:23 Epoch 28: lr=1.25e-05
2024-05-09 12:17:35 [Epoch: 28] loss: 0.005034, mae: 0.050335, r2: 0.758138, val_loss: 0.006113, val_mae: 0.054412, val_r2: 0.707532
2024-05-09 12:17:35 Epoch 29: lr=1.25e-05
2024-05-09 12:18:46 [Epoch: 29] loss: 0.005041, mae: 0.050363, r2: 0.757525, val_loss: 0.006114, val_mae: 0.054565, val_r2: 0.707400
2024-05-09 12:18:46 history_length: 30
2024-05-09 12:18:46 stopping: complete
2024-05-09 12:18:46 Comparing y_true and y_pred:
2024-05-09 12:18:46   mse: 0.01834513
2024-05-09 12:18:46   mae: 0.10100350
2024-05-09 12:18:46   r2: 0.59188483
2024-05-09 12:18:46   corr: 0.76959126
