2024-05-22 19:47:05 UNO RUN ...
2024-05-22 19:47:05 Params: {'model_name': 'uno', 'train_sources': ['CCLE'], 'test_sources': ['train'], 'cell_types': None, 'cell_features': ['rnaseq'], 'drug_features': ['descriptors'], 'dense': [1000, 1000, 1000, 1000, 1000], 'dense_feature_layers': [1000, 1000, 1000], 'activation': 'relu', 'loss': 'mse', 'optimizer': 'adamax', 'scaling': 'std', 'dropout': 0.1, 'epochs': 50, 'batch_size': 32, 'val_split': 0.2, 'cv': 1, 'max_val_loss': 1.0, 'learning_rate': 0.0001, 'base_lr': None, 'agg_dose': 'AUC', 'residual': False, 'reduce_lr': True, 'warmup_lr': True, 'batch_normalization': False, 'feature_subsample': 0, 'rng_seed': 2018, 'no_gen': False, 'verbose': False, 'preprocess_rnaseq': 'source_scale', 'gpus': [0], 'use_landmark_genes': True, 'no_feature_source': True, 'no_response_source': True, 'save_path': '/dev/shm/Uno/save/9000896.amn-0001/56', 'single': True, 'on_memory_loader': True, 'ckpt_checksum': True, 'ckpt_save_interval': 0, 'timeout': -1, 'train_bool': True, 'profiling': False, 'experiment_id': '9000896.amn-0001', 'run_id': '56', 'logfile': '/dev/shm/Uno/save/9000896.amn-0001/56/python.log', 'shuffle': False, 'ckpt_restart_mode': 'off', 'ckpt_skip_epochs': 0, 'ckpt_directory': '/dev/shm/Uno/save/9000896.amn-0001/56', 'ckpt_save_best': True, 'ckpt_save_best_metric': 'val_loss', 'ckpt_save_weights_only': False, 'ckpt_keep_mode': 'linear', 'ckpt_keep_limit': 5, 'by_cell': None, 'by_drug': None, 'cell_subset_path': '', 'drug_subset_path': '', 'drug_median_response_min': -1, 'drug_median_response_max': 1, 'dense_cell_feature_layers': None, 'dense_drug_feature_layers': None, 'use_filtered_genes': False, 'feature_subset_path': '', 'cell_feature_subset_path': '', 'drug_feature_subset_path': '', 'es': True, 'cp': False, 'tb': False, 'tb_prefix': 'tb', 'partition_by': None, 'cache': None, 'export_csv': None, 'export_data': None, 'use_exported_data': '/dev/shm/Uno/x1922c6s3b0n0.56.merged.landmark.h5', 'growth_bins': 0, 'initial_weights': None, 'save_weights': '/dev/shm/Uno/save/9000896.amn-0001/56/4.0.model.h5', 'config_file': '/home/brettin/CSC249ADOA01_CNDA/brettin/Benchmarks/Pilot1/Uno/uno_auc_model.txt', 'data_type': <class 'numpy.float32'>, 'data_dir': '/dev/shm/Uno/uno/Data', 'output_dir': '/dev/shm/Uno/uno/Output/9000896.amn-0001/56'}
2024-05-22 19:47:05 Feature encoding submodel for cell.rnaseq:
2024-05-22 19:47:05 Model: "cell.rnaseq"
2024-05-22 19:47:05 _________________________________________________________________
2024-05-22 19:47:05  Layer (type)                Output Shape              Param #   
2024-05-22 19:47:05 =================================================================
2024-05-22 19:47:05  input_1 (InputLayer)        [(None, 958)]             0         
2024-05-22 19:47:05                                                                  
2024-05-22 19:47:05  dense (Dense)               (None, 1000)              959000    
2024-05-22 19:47:05                                                                  
2024-05-22 19:47:05  permanent_dropout (Permane  (None, 1000)              0         
2024-05-22 19:47:05  ntDropout)                                                      
2024-05-22 19:47:05                                                                  
2024-05-22 19:47:05  dense_1 (Dense)             (None, 1000)              1001000   
2024-05-22 19:47:05                                                                  
2024-05-22 19:47:05  permanent_dropout_1 (Perma  (None, 1000)              0         
2024-05-22 19:47:05  nentDropout)                                                    
2024-05-22 19:47:05                                                                  
2024-05-22 19:47:05  dense_2 (Dense)             (None, 1000)              1001000   
2024-05-22 19:47:05                                                                  
2024-05-22 19:47:05  permanent_dropout_2 (Perma  (None, 1000)              0         
2024-05-22 19:47:05  nentDropout)                                                    
2024-05-22 19:47:05                                                                  
2024-05-22 19:47:05 =================================================================
2024-05-22 19:47:05 Total params: 2961000 (11.30 MB)
2024-05-22 19:47:05 Trainable params: 2961000 (11.30 MB)
2024-05-22 19:47:05 Non-trainable params: 0 (0.00 Byte)
2024-05-22 19:47:05 _________________________________________________________________
2024-05-22 19:47:05 Feature encoding submodel for drug.descriptors:
2024-05-22 19:47:05 Model: "drug.descriptors"
2024-05-22 19:47:05 _________________________________________________________________
2024-05-22 19:47:05  Layer (type)                Output Shape              Param #   
2024-05-22 19:47:05 =================================================================
2024-05-22 19:47:05  input_2 (InputLayer)        [(None, 1613)]            0         
2024-05-22 19:47:05                                                                  
2024-05-22 19:47:05  dense_3 (Dense)             (None, 1000)              1614000   
2024-05-22 19:47:05                                                                  
2024-05-22 19:47:05  permanent_dropout_3 (Perma  (None, 1000)              0         
2024-05-22 19:47:05  nentDropout)                                                    
2024-05-22 19:47:05                                                                  
2024-05-22 19:47:05  dense_4 (Dense)             (None, 1000)              1001000   
2024-05-22 19:47:05                                                                  
2024-05-22 19:47:05  permanent_dropout_4 (Perma  (None, 1000)              0         
2024-05-22 19:47:05  nentDropout)                                                    
2024-05-22 19:47:05                                                                  
2024-05-22 19:47:05  dense_5 (Dense)             (None, 1000)              1001000   
2024-05-22 19:47:05                                                                  
2024-05-22 19:47:05  permanent_dropout_5 (Perma  (None, 1000)              0         
2024-05-22 19:47:05  nentDropout)                                                    
2024-05-22 19:47:05                                                                  
2024-05-22 19:47:05 =================================================================
2024-05-22 19:47:05 Total params: 3616000 (13.79 MB)
2024-05-22 19:47:05 Trainable params: 3616000 (13.79 MB)
2024-05-22 19:47:05 Non-trainable params: 0 (0.00 Byte)
2024-05-22 19:47:05 _________________________________________________________________
2024-05-22 19:47:05 Combined model:
2024-05-22 19:47:05 Model: "model"
2024-05-22 19:47:05 __________________________________________________________________________________________________
2024-05-22 19:47:05  Layer (type)                Output Shape                 Param #   Connected to                  
2024-05-22 19:47:05 ==================================================================================================
2024-05-22 19:47:05  input.cell.rnaseq (InputLa  [(None, 958)]                0         []                            
2024-05-22 19:47:05  yer)                                                                                             
2024-05-22 19:47:05                                                                                                   
2024-05-22 19:47:05  input.drug1.descriptors (I  [(None, 1613)]               0         []                            
2024-05-22 19:47:05  nputLayer)                                                                                       
2024-05-22 19:47:05                                                                                                   
2024-05-22 19:47:05  cell.rnaseq (Functional)    (None, 1000)                 2961000   ['input.cell.rnaseq[0][0]']   
2024-05-22 19:47:05                                                                                                   
2024-05-22 19:47:05  drug.descriptors (Function  (None, 1000)                 3616000   ['input.drug1.descriptors[0][0
2024-05-22 19:47:05  al)                                                                ]']                           
2024-05-22 19:47:05                                                                                                   
2024-05-22 19:47:05  concatenate (Concatenate)   (None, 2000)                 0         ['cell.rnaseq[0][0]',         
2024-05-22 19:47:05                                                                      'drug.descriptors[0][0]']    
2024-05-22 19:47:05                                                                                                   
2024-05-22 19:47:05  dense_6 (Dense)             (None, 1000)                 2001000   ['concatenate[0][0]']         
2024-05-22 19:47:05                                                                                                   
2024-05-22 19:47:05  permanent_dropout_6 (Perma  (None, 1000)                 0         ['dense_6[0][0]']             
2024-05-22 19:47:05  nentDropout)                                                                                     
2024-05-22 19:47:05                                                                                                   
2024-05-22 19:47:05  dense_7 (Dense)             (None, 1000)                 1001000   ['permanent_dropout_6[0][0]'] 
2024-05-22 19:47:05                                                                                                   
2024-05-22 19:47:05  permanent_dropout_7 (Perma  (None, 1000)                 0         ['dense_7[0][0]']             
2024-05-22 19:47:05  nentDropout)                                                                                     
2024-05-22 19:47:05                                                                                                   
2024-05-22 19:47:05  dense_8 (Dense)             (None, 1000)                 1001000   ['permanent_dropout_7[0][0]'] 
2024-05-22 19:47:05                                                                                                   
2024-05-22 19:47:05  permanent_dropout_8 (Perma  (None, 1000)                 0         ['dense_8[0][0]']             
2024-05-22 19:47:05  nentDropout)                                                                                     
2024-05-22 19:47:05                                                                                                   
2024-05-22 19:47:05  dense_9 (Dense)             (None, 1000)                 1001000   ['permanent_dropout_8[0][0]'] 
2024-05-22 19:47:05                                                                                                   
2024-05-22 19:47:05  permanent_dropout_9 (Perma  (None, 1000)                 0         ['dense_9[0][0]']             
2024-05-22 19:47:05  nentDropout)                                                                                     
2024-05-22 19:47:05                                                                                                   
2024-05-22 19:47:05  dense_10 (Dense)            (None, 1000)                 1001000   ['permanent_dropout_9[0][0]'] 
2024-05-22 19:47:05                                                                                                   
2024-05-22 19:47:05  permanent_dropout_10 (Perm  (None, 1000)                 0         ['dense_10[0][0]']            
2024-05-22 19:47:05  anentDropout)                                                                                    
2024-05-22 19:47:05                                                                                                   
2024-05-22 19:47:05  dense_11 (Dense)            (None, 1)                    1001      ['permanent_dropout_10[0][0]']
2024-05-22 19:47:05                                                                                                   
2024-05-22 19:47:05 ==================================================================================================
2024-05-22 19:47:05 Total params: 12583001 (48.00 MB)
2024-05-22 19:47:05 Trainable params: 12583001 (48.00 MB)
2024-05-22 19:47:05 Non-trainable params: 0 (0.00 Byte)
2024-05-22 19:47:05 __________________________________________________________________________________________________
2024-05-22 19:47:05 CKPT CONSTRUCT...
2024-05-22 19:47:05 CKPT CONSTRUCT OK.
2024-05-22 19:47:05 template model: <keras.src.engine.functional.Functional object at 0x14d181039be0>
2024-05-22 19:47:07 COMPILE
2024-05-22 19:47:07 Will save weights to: /dev/shm/Uno/save/9000896.amn-0001/56/4.0.model.h5
2024-05-22 19:47:24 Between random pairs in y_val:
2024-05-22 19:47:24   mse: 0.04782908
2024-05-22 19:47:24   mae: 0.16019601
2024-05-22 19:47:24   r2: -1.01334284
2024-05-22 19:47:24   corr: -0.00667142
2024-05-22 19:47:24 Data points per epoch: train = 469612, val = 117404, test = 693
2024-05-22 19:47:24 Steps per epoch: train = 14675, val = 3668, test = 21
2024-05-22 19:47:24 Epoch 0: lr=0.001
2024-05-22 19:48:37 [Epoch: 0] loss: 0.029874, mae: 0.079757, r2: -0.249920, val_loss: 0.008212, val_mae: 0.066241, val_r2: 0.607633
2024-05-22 19:48:38 Epoch 1: lr=0.00082
2024-05-22 19:49:50 [Epoch: 1] loss: 0.008027, mae: 0.064088, r2: 0.621197, val_loss: 0.007720, val_mae: 0.064048, val_r2: 0.637272
2024-05-22 19:49:50 Epoch 2: lr=0.00064
2024-05-22 19:51:02 [Epoch: 2] loss: 0.007349, mae: 0.060978, r2: 0.652360, val_loss: 0.007110, val_mae: 0.060155, val_r2: 0.656769
2024-05-22 19:51:02 Epoch 3: lr=0.00046
2024-05-22 19:52:15 [Epoch: 3] loss: 0.006859, mae: 0.058777, r2: 0.675086, val_loss: 0.006723, val_mae: 0.057925, val_r2: 0.676415
2024-05-22 19:52:15 Epoch 4: lr=0.00028
2024-05-22 19:53:27 [Epoch: 4] loss: 0.006456, mae: 0.056931, r2: 0.693168, val_loss: 0.006495, val_mae: 0.056539, val_r2: 0.687499
2024-05-22 19:53:28 Epoch 5: lr=0.0001
2024-05-22 19:54:40 [Epoch: 5] loss: 0.006103, mae: 0.055323, r2: 0.709575, val_loss: 0.006325, val_mae: 0.055931, val_r2: 0.695886
2024-05-22 19:54:40 Epoch 6: lr=0.0001
2024-05-22 19:55:52 [Epoch: 6] loss: 0.005995, mae: 0.054805, r2: 0.714635, val_loss: 0.006298, val_mae: 0.056099, val_r2: 0.696466
2024-05-22 19:55:53 Epoch 7: lr=0.0001
2024-05-22 19:57:05 [Epoch: 7] loss: 0.005914, mae: 0.054493, r2: 0.718432, val_loss: 0.006237, val_mae: 0.055747, val_r2: 0.699501
2024-05-22 19:57:05 Epoch 8: lr=0.0001
2024-05-22 19:58:17 [Epoch: 8] loss: 0.005847, mae: 0.054173, r2: 0.721478, val_loss: 0.006234, val_mae: 0.055385, val_r2: 0.699902
2024-05-22 19:58:17 Epoch 9: lr=0.0001
2024-05-22 19:59:30 [Epoch: 9] loss: 0.005788, mae: 0.053883, r2: 0.724283, val_loss: 0.006207, val_mae: 0.055467, val_r2: 0.700284
2024-05-22 19:59:30 Epoch 10: lr=0.0001
2024-05-22 20:00:42 [Epoch: 10] loss: 0.005727, mae: 0.053583, r2: 0.727045, val_loss: 0.006225, val_mae: 0.054917, val_r2: 0.699984
2024-05-22 20:00:42 Epoch 11: lr=0.0001
2024-05-22 20:01:55 [Epoch: 11] loss: 0.005659, mae: 0.053310, r2: 0.730170, val_loss: 0.006172, val_mae: 0.054848, val_r2: 0.702643
2024-05-22 20:01:55 Epoch 12: lr=0.0001
2024-05-22 20:03:07 [Epoch: 12] loss: 0.005604, mae: 0.053042, r2: 0.732847, val_loss: 0.006142, val_mae: 0.054850, val_r2: 0.704081
2024-05-22 20:03:07 Epoch 13: lr=0.0001
2024-05-22 20:04:20 [Epoch: 13] loss: 0.005540, mae: 0.052790, r2: 0.735886, val_loss: 0.006096, val_mae: 0.054751, val_r2: 0.706324
2024-05-22 20:04:20 Epoch 14: lr=0.0001
2024-05-22 20:05:32 [Epoch: 14] loss: 0.005489, mae: 0.052556, r2: 0.738310, val_loss: 0.006095, val_mae: 0.055095, val_r2: 0.706079
2024-05-22 20:05:32 Epoch 15: lr=0.0001
2024-05-22 20:06:45 [Epoch: 15] loss: 0.005439, mae: 0.052278, r2: 0.740442, val_loss: 0.006096, val_mae: 0.054725, val_r2: 0.706649
2024-05-22 20:06:45 Epoch 16: lr=0.0001
2024-05-22 20:07:57 [Epoch: 16] loss: 0.005394, mae: 0.052079, r2: 0.742670, val_loss: 0.006055, val_mae: 0.054670, val_r2: 0.709944
2024-05-22 20:07:57 Epoch 17: lr=0.0001
2024-05-22 20:09:10 [Epoch: 17] loss: 0.005347, mae: 0.051815, r2: 0.744805, val_loss: 0.006073, val_mae: 0.055296, val_r2: 0.706175
2024-05-22 20:09:10 Epoch 18: lr=0.0001
2024-05-22 20:10:22 [Epoch: 18] loss: 0.005282, mae: 0.051574, r2: 0.747988, val_loss: 0.006062, val_mae: 0.054902, val_r2: 0.707427
2024-05-22 20:10:23 Epoch 19: lr=5e-05
2024-05-22 20:11:35 [Epoch: 19] loss: 0.005184, mae: 0.051072, r2: 0.752357, val_loss: 0.006046, val_mae: 0.054346, val_r2: 0.707926
2024-05-22 20:11:35 Epoch 20: lr=5e-05
2024-05-22 20:12:48 [Epoch: 20] loss: 0.005142, mae: 0.050873, r2: 0.754415, val_loss: 0.006058, val_mae: 0.055309, val_r2: 0.707331
2024-05-22 20:12:48 Epoch 21: lr=5e-05
2024-05-22 20:14:00 [Epoch: 21] loss: 0.005111, mae: 0.050733, r2: 0.755632, val_loss: 0.006010, val_mae: 0.054688, val_r2: 0.710402
2024-05-22 20:14:00 Epoch 22: lr=5e-05
2024-05-22 20:15:13 [Epoch: 22] loss: 0.005087, mae: 0.050623, r2: 0.756992, val_loss: 0.006021, val_mae: 0.054040, val_r2: 0.709967
2024-05-22 20:15:13 Epoch 23: lr=5e-05
2024-05-22 20:16:26 [Epoch: 23] loss: 0.005059, mae: 0.050455, r2: 0.758333, val_loss: 0.006023, val_mae: 0.054878, val_r2: 0.708345
2024-05-22 20:16:26 Epoch 24: lr=2.5e-05
2024-05-22 20:17:38 [Epoch: 24] loss: 0.004990, mae: 0.050173, r2: 0.761498, val_loss: 0.005992, val_mae: 0.053933, val_r2: 0.710776
2024-05-22 20:17:38 Epoch 25: lr=2.5e-05
2024-05-22 20:18:50 [Epoch: 25] loss: 0.004970, mae: 0.050060, r2: 0.762322, val_loss: 0.005978, val_mae: 0.053982, val_r2: 0.711541
2024-05-22 20:18:50 Epoch 26: lr=2.5e-05
2024-05-22 20:20:02 [Epoch: 26] loss: 0.004951, mae: 0.049977, r2: 0.763375, val_loss: 0.006001, val_mae: 0.054269, val_r2: 0.710078
2024-05-22 20:20:03 Epoch 27: lr=2.5e-05
2024-05-22 20:21:15 [Epoch: 27] loss: 0.004951, mae: 0.049969, r2: 0.763173, val_loss: 0.006004, val_mae: 0.054249, val_r2: 0.709750
2024-05-22 20:21:15 Epoch 28: lr=2.5e-05
2024-05-22 20:22:28 [Epoch: 28] loss: 0.004938, mae: 0.049886, r2: 0.763761, val_loss: 0.006001, val_mae: 0.053829, val_r2: 0.709922
2024-05-22 20:22:28 Epoch 29: lr=2.5e-05
2024-05-22 20:23:41 [Epoch: 29] loss: 0.004919, mae: 0.049819, r2: 0.764777, val_loss: 0.006012, val_mae: 0.053902, val_r2: 0.710187
2024-05-22 20:23:41 Epoch 30: lr=1.25e-05
2024-05-22 20:24:53 [Epoch: 30] loss: 0.004887, mae: 0.049669, r2: 0.766168, val_loss: 0.006012, val_mae: 0.054151, val_r2: 0.709610
2024-05-22 20:24:53 Epoch 31: lr=1.25e-05
2024-05-22 20:26:06 [Epoch: 31] loss: 0.004878, mae: 0.049612, r2: 0.766615, val_loss: 0.005998, val_mae: 0.053927, val_r2: 0.710353
2024-05-22 20:26:06 Epoch 32: lr=1.25e-05
2024-05-22 20:27:18 [Epoch: 32] loss: 0.004873, mae: 0.049582, r2: 0.766795, val_loss: 0.006014, val_mae: 0.054227, val_r2: 0.709115
2024-05-22 20:27:18 Epoch 33: lr=1.25e-05
2024-05-22 20:28:30 [Epoch: 33] loss: 0.004848, mae: 0.049514, r2: 0.768230, val_loss: 0.006027, val_mae: 0.054101, val_r2: 0.708729
2024-05-22 20:28:30 Epoch 34: lr=1.25e-05
2024-05-22 20:29:43 [Epoch: 34] loss: 0.004846, mae: 0.049476, r2: 0.767974, val_loss: 0.006012, val_mae: 0.054048, val_r2: 0.709915
2024-05-22 20:29:43 Epoch 35: lr=1e-05
2024-05-22 20:30:56 [Epoch: 35] loss: 0.004842, mae: 0.049450, r2: 0.768245, val_loss: 0.006022, val_mae: 0.054187, val_r2: 0.708478
2024-05-22 20:30:56 history_length: 36
2024-05-22 20:30:56 stopping: early
2024-05-22 20:30:56 Comparing y_true and y_pred:
2024-05-22 20:30:56   mse: 0.00250119
2024-05-22 20:30:56   mae: 0.03858375
2024-05-22 20:30:56   r2: 0.04569088
2024-05-22 20:30:56   corr: 0.42034318
