2024-05-18 13:19:43 UNO RUN ...
2024-05-18 13:19:43 Params: {'model_name': 'uno', 'train_sources': ['CCLE'], 'test_sources': ['train'], 'cell_types': None, 'cell_features': ['rnaseq'], 'drug_features': ['descriptors'], 'dense': [1000, 1000, 1000, 1000, 1000], 'dense_feature_layers': [1000, 1000, 1000], 'activation': 'relu', 'loss': 'mse', 'optimizer': 'adamax', 'scaling': 'std', 'dropout': 0.1, 'epochs': 75, 'batch_size': 32, 'val_split': 0.2, 'cv': 1, 'max_val_loss': 1.0, 'learning_rate': 0.0001, 'base_lr': None, 'agg_dose': 'AUC', 'residual': False, 'reduce_lr': True, 'warmup_lr': True, 'batch_normalization': False, 'feature_subsample': 0, 'rng_seed': 2018, 'no_gen': False, 'verbose': False, 'preprocess_rnaseq': 'source_scale', 'gpus': [0], 'use_landmark_genes': True, 'no_feature_source': True, 'no_response_source': True, 'save_path': '/dev/shm/Uno/save/8999163.amn-0001/56', 'single': True, 'on_memory_loader': True, 'ckpt_checksum': True, 'ckpt_save_interval': 0, 'timeout': -1, 'train_bool': True, 'profiling': False, 'experiment_id': '8999163.amn-0001', 'run_id': '56', 'logfile': '/dev/shm/Uno/save/8999163.amn-0001/56/python.log', 'shuffle': False, 'ckpt_restart_mode': 'off', 'ckpt_skip_epochs': 0, 'ckpt_directory': '/dev/shm/Uno/save/8999163.amn-0001/56', 'ckpt_save_best': True, 'ckpt_save_best_metric': 'val_loss', 'ckpt_save_weights_only': False, 'ckpt_keep_mode': 'linear', 'ckpt_keep_limit': 5, 'by_cell': None, 'by_drug': None, 'cell_subset_path': '', 'drug_subset_path': '', 'drug_median_response_min': -1, 'drug_median_response_max': 1, 'dense_cell_feature_layers': None, 'dense_drug_feature_layers': None, 'use_filtered_genes': False, 'feature_subset_path': '', 'cell_feature_subset_path': '', 'drug_feature_subset_path': '', 'es': True, 'cp': False, 'tb': False, 'tb_prefix': 'tb', 'partition_by': None, 'cache': None, 'export_csv': None, 'export_data': None, 'use_exported_data': '/dev/shm/Uno/x1922c3s5b0n0.56.merged.landmark.h5', 'growth_bins': 0, 'initial_weights': None, 'save_weights': '/dev/shm/Uno/save/8999163.amn-0001/56/4.0.model.h5', 'config_file': '/home/brettin/CSC249ADOA01_CNDA/brettin/Benchmarks/Pilot1/Uno/uno_auc_model.txt', 'data_type': <class 'numpy.float32'>, 'data_dir': '/dev/shm/Uno/uno/Data', 'output_dir': '/dev/shm/Uno/uno/Output/8999163.amn-0001/56'}
2024-05-18 13:19:43 Feature encoding submodel for cell.rnaseq:
2024-05-18 13:19:43 Model: "cell.rnaseq"
2024-05-18 13:19:43 _________________________________________________________________
2024-05-18 13:19:43  Layer (type)                Output Shape              Param #   
2024-05-18 13:19:43 =================================================================
2024-05-18 13:19:43  input_1 (InputLayer)        [(None, 958)]             0         
2024-05-18 13:19:43                                                                  
2024-05-18 13:19:43  dense (Dense)               (None, 1000)              959000    
2024-05-18 13:19:43                                                                  
2024-05-18 13:19:43  permanent_dropout (Permane  (None, 1000)              0         
2024-05-18 13:19:43  ntDropout)                                                      
2024-05-18 13:19:43                                                                  
2024-05-18 13:19:43  dense_1 (Dense)             (None, 1000)              1001000   
2024-05-18 13:19:43                                                                  
2024-05-18 13:19:43  permanent_dropout_1 (Perma  (None, 1000)              0         
2024-05-18 13:19:43  nentDropout)                                                    
2024-05-18 13:19:43                                                                  
2024-05-18 13:19:43  dense_2 (Dense)             (None, 1000)              1001000   
2024-05-18 13:19:43                                                                  
2024-05-18 13:19:43  permanent_dropout_2 (Perma  (None, 1000)              0         
2024-05-18 13:19:43  nentDropout)                                                    
2024-05-18 13:19:43                                                                  
2024-05-18 13:19:43 =================================================================
2024-05-18 13:19:43 Total params: 2961000 (11.30 MB)
2024-05-18 13:19:43 Trainable params: 2961000 (11.30 MB)
2024-05-18 13:19:43 Non-trainable params: 0 (0.00 Byte)
2024-05-18 13:19:43 _________________________________________________________________
2024-05-18 13:19:43 Feature encoding submodel for drug.descriptors:
2024-05-18 13:19:43 Model: "drug.descriptors"
2024-05-18 13:19:43 _________________________________________________________________
2024-05-18 13:19:43  Layer (type)                Output Shape              Param #   
2024-05-18 13:19:43 =================================================================
2024-05-18 13:19:43  input_2 (InputLayer)        [(None, 1613)]            0         
2024-05-18 13:19:43                                                                  
2024-05-18 13:19:43  dense_3 (Dense)             (None, 1000)              1614000   
2024-05-18 13:19:43                                                                  
2024-05-18 13:19:43  permanent_dropout_3 (Perma  (None, 1000)              0         
2024-05-18 13:19:43  nentDropout)                                                    
2024-05-18 13:19:43                                                                  
2024-05-18 13:19:43  dense_4 (Dense)             (None, 1000)              1001000   
2024-05-18 13:19:43                                                                  
2024-05-18 13:19:43  permanent_dropout_4 (Perma  (None, 1000)              0         
2024-05-18 13:19:43  nentDropout)                                                    
2024-05-18 13:19:43                                                                  
2024-05-18 13:19:43  dense_5 (Dense)             (None, 1000)              1001000   
2024-05-18 13:19:43                                                                  
2024-05-18 13:19:43  permanent_dropout_5 (Perma  (None, 1000)              0         
2024-05-18 13:19:43  nentDropout)                                                    
2024-05-18 13:19:43                                                                  
2024-05-18 13:19:43 =================================================================
2024-05-18 13:19:43 Total params: 3616000 (13.79 MB)
2024-05-18 13:19:43 Trainable params: 3616000 (13.79 MB)
2024-05-18 13:19:43 Non-trainable params: 0 (0.00 Byte)
2024-05-18 13:19:43 _________________________________________________________________
2024-05-18 13:19:43 Combined model:
2024-05-18 13:19:43 Model: "model"
2024-05-18 13:19:43 __________________________________________________________________________________________________
2024-05-18 13:19:43  Layer (type)                Output Shape                 Param #   Connected to                  
2024-05-18 13:19:43 ==================================================================================================
2024-05-18 13:19:43  input.cell.rnaseq (InputLa  [(None, 958)]                0         []                            
2024-05-18 13:19:43  yer)                                                                                             
2024-05-18 13:19:43                                                                                                   
2024-05-18 13:19:43  input.drug1.descriptors (I  [(None, 1613)]               0         []                            
2024-05-18 13:19:43  nputLayer)                                                                                       
2024-05-18 13:19:43                                                                                                   
2024-05-18 13:19:43  cell.rnaseq (Functional)    (None, 1000)                 2961000   ['input.cell.rnaseq[0][0]']   
2024-05-18 13:19:43                                                                                                   
2024-05-18 13:19:43  drug.descriptors (Function  (None, 1000)                 3616000   ['input.drug1.descriptors[0][0
2024-05-18 13:19:43  al)                                                                ]']                           
2024-05-18 13:19:43                                                                                                   
2024-05-18 13:19:43  concatenate (Concatenate)   (None, 2000)                 0         ['cell.rnaseq[0][0]',         
2024-05-18 13:19:43                                                                      'drug.descriptors[0][0]']    
2024-05-18 13:19:43                                                                                                   
2024-05-18 13:19:43  dense_6 (Dense)             (None, 1000)                 2001000   ['concatenate[0][0]']         
2024-05-18 13:19:43                                                                                                   
2024-05-18 13:19:43  permanent_dropout_6 (Perma  (None, 1000)                 0         ['dense_6[0][0]']             
2024-05-18 13:19:43  nentDropout)                                                                                     
2024-05-18 13:19:43                                                                                                   
2024-05-18 13:19:43  dense_7 (Dense)             (None, 1000)                 1001000   ['permanent_dropout_6[0][0]'] 
2024-05-18 13:19:43                                                                                                   
2024-05-18 13:19:43  permanent_dropout_7 (Perma  (None, 1000)                 0         ['dense_7[0][0]']             
2024-05-18 13:19:43  nentDropout)                                                                                     
2024-05-18 13:19:43                                                                                                   
2024-05-18 13:19:43  dense_8 (Dense)             (None, 1000)                 1001000   ['permanent_dropout_7[0][0]'] 
2024-05-18 13:19:43                                                                                                   
2024-05-18 13:19:43  permanent_dropout_8 (Perma  (None, 1000)                 0         ['dense_8[0][0]']             
2024-05-18 13:19:43  nentDropout)                                                                                     
2024-05-18 13:19:43                                                                                                   
2024-05-18 13:19:43  dense_9 (Dense)             (None, 1000)                 1001000   ['permanent_dropout_8[0][0]'] 
2024-05-18 13:19:43                                                                                                   
2024-05-18 13:19:43  permanent_dropout_9 (Perma  (None, 1000)                 0         ['dense_9[0][0]']             
2024-05-18 13:19:43  nentDropout)                                                                                     
2024-05-18 13:19:43                                                                                                   
2024-05-18 13:19:43  dense_10 (Dense)            (None, 1000)                 1001000   ['permanent_dropout_9[0][0]'] 
2024-05-18 13:19:43                                                                                                   
2024-05-18 13:19:43  permanent_dropout_10 (Perm  (None, 1000)                 0         ['dense_10[0][0]']            
2024-05-18 13:19:43  anentDropout)                                                                                    
2024-05-18 13:19:43                                                                                                   
2024-05-18 13:19:43  dense_11 (Dense)            (None, 1)                    1001      ['permanent_dropout_10[0][0]']
2024-05-18 13:19:43                                                                                                   
2024-05-18 13:19:43 ==================================================================================================
2024-05-18 13:19:43 Total params: 12583001 (48.00 MB)
2024-05-18 13:19:43 Trainable params: 12583001 (48.00 MB)
2024-05-18 13:19:43 Non-trainable params: 0 (0.00 Byte)
2024-05-18 13:19:43 __________________________________________________________________________________________________
2024-05-18 13:19:44 CKPT CONSTRUCT...
2024-05-18 13:19:44 CKPT CONSTRUCT OK.
2024-05-18 13:19:44 template model: <keras.src.engine.functional.Functional object at 0x14e2726fea00>
2024-05-18 13:19:45 COMPILE
2024-05-18 13:19:45 Will save weights to: /dev/shm/Uno/save/8999163.amn-0001/56/4.0.model.h5
2024-05-18 13:20:02 Between random pairs in y_val:
2024-05-18 13:20:02   mse: 0.04777756
2024-05-18 13:20:02   mae: 0.15991287
2024-05-18 13:20:02   r2: -1.00526230
2024-05-18 13:20:02   corr: -0.00263115
2024-05-18 13:20:02 Data points per epoch: train = 469612, val = 117404, test = 693
2024-05-18 13:20:02 Steps per epoch: train = 14675, val = 3668, test = 21
2024-05-18 13:20:02 Epoch 0: lr=0.001
2024-05-18 13:21:16 [Epoch: 0] loss: 0.035753, mae: 0.080152, r2: -2.508422, val_loss: 0.008479, val_mae: 0.065594, val_r2: 0.593327
2024-05-18 13:21:16 Epoch 1: lr=0.00082
2024-05-18 13:22:29 [Epoch: 1] loss: 0.008003, mae: 0.063961, r2: 0.620595, val_loss: 0.007739, val_mae: 0.062479, val_r2: 0.627755
2024-05-18 13:22:29 Epoch 2: lr=0.00064
2024-05-18 13:23:41 [Epoch: 2] loss: 0.007313, mae: 0.060814, r2: 0.652007, val_loss: 0.007399, val_mae: 0.060616, val_r2: 0.648958
2024-05-18 13:23:41 Epoch 3: lr=0.00046
2024-05-18 13:24:53 [Epoch: 3] loss: 0.006842, mae: 0.058659, r2: 0.673720, val_loss: 0.006868, val_mae: 0.059035, val_r2: 0.672811
2024-05-18 13:24:53 Epoch 4: lr=0.00028
2024-05-18 13:26:06 [Epoch: 4] loss: 0.006445, mae: 0.056874, r2: 0.691885, val_loss: 0.006675, val_mae: 0.057384, val_r2: 0.679798
2024-05-18 13:26:06 Epoch 5: lr=0.0001
2024-05-18 13:27:19 [Epoch: 5] loss: 0.006108, mae: 0.055264, r2: 0.707167, val_loss: 0.006481, val_mae: 0.056487, val_r2: 0.688755
2024-05-18 13:27:19 Epoch 6: lr=0.0001
2024-05-18 13:28:31 [Epoch: 6] loss: 0.006003, mae: 0.054834, r2: 0.712266, val_loss: 0.006440, val_mae: 0.056159, val_r2: 0.690275
2024-05-18 13:28:31 Epoch 7: lr=0.0001
2024-05-18 13:29:44 [Epoch: 7] loss: 0.005918, mae: 0.054434, r2: 0.716300, val_loss: 0.006436, val_mae: 0.055980, val_r2: 0.690556
2024-05-18 13:29:44 Epoch 8: lr=0.0001
2024-05-18 13:30:56 [Epoch: 8] loss: 0.005854, mae: 0.054142, r2: 0.719298, val_loss: 0.006409, val_mae: 0.056045, val_r2: 0.693457
2024-05-18 13:30:56 Epoch 9: lr=0.0001
2024-05-18 13:32:08 [Epoch: 9] loss: 0.005801, mae: 0.053880, r2: 0.721686, val_loss: 0.006385, val_mae: 0.056407, val_r2: 0.692767
2024-05-18 13:32:09 Epoch 10: lr=0.0001
2024-05-18 13:33:21 [Epoch: 10] loss: 0.005736, mae: 0.053583, r2: 0.724790, val_loss: 0.006341, val_mae: 0.055859, val_r2: 0.696104
2024-05-18 13:33:21 Epoch 11: lr=0.0001
2024-05-18 13:34:34 [Epoch: 11] loss: 0.005668, mae: 0.053306, r2: 0.727970, val_loss: 0.006312, val_mae: 0.055388, val_r2: 0.696064
2024-05-18 13:34:34 Epoch 12: lr=0.0001
2024-05-18 13:35:47 [Epoch: 12] loss: 0.005610, mae: 0.053042, r2: 0.730369, val_loss: 0.006289, val_mae: 0.055668, val_r2: 0.697791
2024-05-18 13:35:47 Epoch 13: lr=0.0001
2024-05-18 13:36:59 [Epoch: 13] loss: 0.005548, mae: 0.052772, r2: 0.733440, val_loss: 0.006259, val_mae: 0.055253, val_r2: 0.698494
2024-05-18 13:37:00 Epoch 14: lr=0.0001
2024-05-18 13:38:12 [Epoch: 14] loss: 0.005505, mae: 0.052550, r2: 0.735420, val_loss: 0.006299, val_mae: 0.056282, val_r2: 0.696980
2024-05-18 13:38:12 Epoch 15: lr=0.0001
2024-05-18 13:39:24 [Epoch: 15] loss: 0.005452, mae: 0.052326, r2: 0.737881, val_loss: 0.006216, val_mae: 0.055377, val_r2: 0.701161
2024-05-18 13:39:25 Epoch 16: lr=0.0001
2024-05-18 13:40:37 [Epoch: 16] loss: 0.005400, mae: 0.052085, r2: 0.740286, val_loss: 0.006221, val_mae: 0.055278, val_r2: 0.700903
2024-05-18 13:40:37 Epoch 17: lr=0.0001
2024-05-18 13:41:50 [Epoch: 17] loss: 0.005350, mae: 0.051868, r2: 0.742575, val_loss: 0.006206, val_mae: 0.054953, val_r2: 0.700390
2024-05-18 13:41:50 Epoch 18: lr=0.0001
2024-05-18 13:43:02 [Epoch: 18] loss: 0.005316, mae: 0.051714, r2: 0.744222, val_loss: 0.006189, val_mae: 0.055274, val_r2: 0.700669
2024-05-18 13:43:02 Epoch 19: lr=0.0001
2024-05-18 13:44:15 [Epoch: 19] loss: 0.005261, mae: 0.051445, r2: 0.746867, val_loss: 0.006231, val_mae: 0.054622, val_r2: 0.700003
2024-05-18 13:44:15 Epoch 20: lr=0.0001
2024-05-18 13:45:27 [Epoch: 20] loss: 0.005217, mae: 0.051227, r2: 0.748890, val_loss: 0.006196, val_mae: 0.055058, val_r2: 0.701030
2024-05-18 13:45:27 Epoch 21: lr=5e-05
2024-05-18 13:46:40 [Epoch: 21] loss: 0.005094, mae: 0.050642, r2: 0.754312, val_loss: 0.006143, val_mae: 0.054653, val_r2: 0.703934
2024-05-18 13:46:40 Epoch 22: lr=5e-05
2024-05-18 13:47:52 [Epoch: 22] loss: 0.005058, mae: 0.050480, r2: 0.756323, val_loss: 0.006160, val_mae: 0.054669, val_r2: 0.703261
2024-05-18 13:47:53 Epoch 23: lr=5e-05
2024-05-18 13:49:05 [Epoch: 23] loss: 0.005034, mae: 0.050351, r2: 0.757444, val_loss: 0.006188, val_mae: 0.054975, val_r2: 0.701425
2024-05-18 13:49:05 Epoch 24: lr=5e-05
2024-05-18 13:50:17 [Epoch: 24] loss: 0.005008, mae: 0.050261, r2: 0.758548, val_loss: 0.006207, val_mae: 0.054723, val_r2: 0.700090
2024-05-18 13:50:17 Epoch 25: lr=5e-05
2024-05-18 13:51:30 [Epoch: 25] loss: 0.004978, mae: 0.050118, r2: 0.759859, val_loss: 0.006180, val_mae: 0.054895, val_r2: 0.701636
2024-05-18 13:51:30 Epoch 26: lr=2.5e-05
2024-05-18 13:52:43 [Epoch: 26] loss: 0.004918, mae: 0.049826, r2: 0.762693, val_loss: 0.006163, val_mae: 0.054888, val_r2: 0.702440
2024-05-18 13:52:43 Epoch 27: lr=2.5e-05
2024-05-18 13:53:55 [Epoch: 27] loss: 0.004897, mae: 0.049727, r2: 0.763794, val_loss: 0.006172, val_mae: 0.054486, val_r2: 0.702256
2024-05-18 13:53:55 Epoch 28: lr=2.5e-05
2024-05-18 13:55:08 [Epoch: 28] loss: 0.004874, mae: 0.049605, r2: 0.764590, val_loss: 0.006177, val_mae: 0.054702, val_r2: 0.702293
2024-05-18 13:55:08 Epoch 29: lr=2.5e-05
2024-05-18 13:56:20 [Epoch: 29] loss: 0.004856, mae: 0.049556, r2: 0.765663, val_loss: 0.006180, val_mae: 0.054471, val_r2: 0.702036
2024-05-18 13:56:21 Epoch 30: lr=2.5e-05
2024-05-18 13:57:33 [Epoch: 30] loss: 0.004852, mae: 0.049494, r2: 0.765628, val_loss: 0.006175, val_mae: 0.054790, val_r2: 0.702693
2024-05-18 13:57:33 Epoch 31: lr=1.25e-05
2024-05-18 13:58:45 [Epoch: 31] loss: 0.004817, mae: 0.049333, r2: 0.767452, val_loss: 0.006180, val_mae: 0.054608, val_r2: 0.701851
2024-05-18 13:58:46 history_length: 32
2024-05-18 13:58:46 stopping: early
2024-05-18 13:58:46 Comparing y_true and y_pred:
2024-05-18 13:58:46   mse: 0.00521158
2024-05-18 13:58:46   mae: 0.05628421
2024-05-18 13:58:46   r2: -0.98843413
2024-05-18 13:58:46   corr: 0.48788809
