2024-05-09 11:42:31 UNO RUN ...
2024-05-09 11:42:31 Params: {'model_name': 'uno', 'train_sources': ['CCLE'], 'test_sources': ['train'], 'cell_types': None, 'cell_features': ['rnaseq'], 'drug_features': ['descriptors'], 'dense': [1000, 1000, 1000, 1000, 1000], 'dense_feature_layers': [1000, 1000, 1000], 'activation': 'relu', 'loss': 'mse', 'optimizer': 'adamax', 'scaling': 'std', 'dropout': 0.1, 'epochs': 30, 'batch_size': 32, 'val_split': 0.2, 'cv': 1, 'max_val_loss': 1.0, 'learning_rate': 0.0001, 'base_lr': None, 'agg_dose': 'AUC', 'residual': False, 'reduce_lr': True, 'warmup_lr': True, 'batch_normalization': False, 'feature_subsample': 0, 'rng_seed': 2018, 'no_gen': False, 'verbose': False, 'preprocess_rnaseq': 'source_scale', 'gpus': [0], 'use_landmark_genes': True, 'no_feature_source': True, 'no_response_source': True, 'save_path': '/dev/shm/Uno/save/8996461.amn-0001/302', 'single': True, 'on_memory_loader': True, 'ckpt_checksum': True, 'ckpt_save_interval': 0, 'timeout': -1, 'train_bool': True, 'profiling': False, 'experiment_id': '8996461.amn-0001', 'run_id': '302', 'logfile': '/dev/shm/Uno/save/8996461.amn-0001/302/python.log', 'shuffle': False, 'ckpt_restart_mode': 'off', 'ckpt_skip_epochs': 0, 'ckpt_directory': '/dev/shm/Uno/save/8996461.amn-0001/302', 'ckpt_save_best': True, 'ckpt_save_best_metric': 'val_loss', 'ckpt_save_weights_only': False, 'ckpt_keep_mode': 'linear', 'ckpt_keep_limit': 5, 'by_cell': None, 'by_drug': None, 'cell_subset_path': '', 'drug_subset_path': '', 'drug_median_response_min': -1, 'drug_median_response_max': 1, 'dense_cell_feature_layers': None, 'dense_drug_feature_layers': None, 'use_filtered_genes': False, 'feature_subset_path': '', 'cell_feature_subset_path': '', 'drug_feature_subset_path': '', 'es': True, 'cp': False, 'tb': False, 'tb_prefix': 'tb', 'partition_by': None, 'cache': None, 'export_csv': None, 'export_data': None, 'use_exported_data': '/dev/shm/Uno/x1921c3s7b0n0.302.merged.landmark.h5', 'growth_bins': 0, 'initial_weights': None, 'save_weights': '/dev/shm/Uno/save/8996461.amn-0001/302/1.0.model.h5', 'config_file': '/home/brettin/CSC249ADOA01_CNDA/brettin/Benchmarks/Pilot1/Uno/uno_auc_model.txt', 'data_type': <class 'numpy.float32'>, 'data_dir': '/dev/shm/Uno/uno/Data', 'output_dir': '/dev/shm/Uno/uno/Output/8996461.amn-0001/302'}
2024-05-09 11:42:31 Feature encoding submodel for cell.rnaseq:
2024-05-09 11:42:31 Model: "cell.rnaseq"
2024-05-09 11:42:31 _________________________________________________________________
2024-05-09 11:42:31  Layer (type)                Output Shape              Param #   
2024-05-09 11:42:31 =================================================================
2024-05-09 11:42:31  input_1 (InputLayer)        [(None, 958)]             0         
2024-05-09 11:42:31                                                                  
2024-05-09 11:42:31  dense (Dense)               (None, 1000)              959000    
2024-05-09 11:42:31                                                                  
2024-05-09 11:42:31  permanent_dropout (Permane  (None, 1000)              0         
2024-05-09 11:42:31  ntDropout)                                                      
2024-05-09 11:42:31                                                                  
2024-05-09 11:42:31  dense_1 (Dense)             (None, 1000)              1001000   
2024-05-09 11:42:31                                                                  
2024-05-09 11:42:31  permanent_dropout_1 (Perma  (None, 1000)              0         
2024-05-09 11:42:31  nentDropout)                                                    
2024-05-09 11:42:31                                                                  
2024-05-09 11:42:31  dense_2 (Dense)             (None, 1000)              1001000   
2024-05-09 11:42:31                                                                  
2024-05-09 11:42:31  permanent_dropout_2 (Perma  (None, 1000)              0         
2024-05-09 11:42:31  nentDropout)                                                    
2024-05-09 11:42:31                                                                  
2024-05-09 11:42:31 =================================================================
2024-05-09 11:42:31 Total params: 2961000 (11.30 MB)
2024-05-09 11:42:31 Trainable params: 2961000 (11.30 MB)
2024-05-09 11:42:31 Non-trainable params: 0 (0.00 Byte)
2024-05-09 11:42:31 _________________________________________________________________
2024-05-09 11:42:31 Feature encoding submodel for drug.descriptors:
2024-05-09 11:42:31 Model: "drug.descriptors"
2024-05-09 11:42:31 _________________________________________________________________
2024-05-09 11:42:31  Layer (type)                Output Shape              Param #   
2024-05-09 11:42:31 =================================================================
2024-05-09 11:42:31  input_2 (InputLayer)        [(None, 1613)]            0         
2024-05-09 11:42:31                                                                  
2024-05-09 11:42:31  dense_3 (Dense)             (None, 1000)              1614000   
2024-05-09 11:42:31                                                                  
2024-05-09 11:42:31  permanent_dropout_3 (Perma  (None, 1000)              0         
2024-05-09 11:42:31  nentDropout)                                                    
2024-05-09 11:42:31                                                                  
2024-05-09 11:42:31  dense_4 (Dense)             (None, 1000)              1001000   
2024-05-09 11:42:31                                                                  
2024-05-09 11:42:31  permanent_dropout_4 (Perma  (None, 1000)              0         
2024-05-09 11:42:31  nentDropout)                                                    
2024-05-09 11:42:31                                                                  
2024-05-09 11:42:31  dense_5 (Dense)             (None, 1000)              1001000   
2024-05-09 11:42:31                                                                  
2024-05-09 11:42:31  permanent_dropout_5 (Perma  (None, 1000)              0         
2024-05-09 11:42:31  nentDropout)                                                    
2024-05-09 11:42:31                                                                  
2024-05-09 11:42:31 =================================================================
2024-05-09 11:42:31 Total params: 3616000 (13.79 MB)
2024-05-09 11:42:31 Trainable params: 3616000 (13.79 MB)
2024-05-09 11:42:31 Non-trainable params: 0 (0.00 Byte)
2024-05-09 11:42:31 _________________________________________________________________
2024-05-09 11:42:31 Combined model:
2024-05-09 11:42:31 Model: "model"
2024-05-09 11:42:31 __________________________________________________________________________________________________
2024-05-09 11:42:31  Layer (type)                Output Shape                 Param #   Connected to                  
2024-05-09 11:42:31 ==================================================================================================
2024-05-09 11:42:31  input.cell.rnaseq (InputLa  [(None, 958)]                0         []                            
2024-05-09 11:42:31  yer)                                                                                             
2024-05-09 11:42:31                                                                                                   
2024-05-09 11:42:31  input.drug1.descriptors (I  [(None, 1613)]               0         []                            
2024-05-09 11:42:31  nputLayer)                                                                                       
2024-05-09 11:42:31                                                                                                   
2024-05-09 11:42:31  cell.rnaseq (Functional)    (None, 1000)                 2961000   ['input.cell.rnaseq[0][0]']   
2024-05-09 11:42:31                                                                                                   
2024-05-09 11:42:31  drug.descriptors (Function  (None, 1000)                 3616000   ['input.drug1.descriptors[0][0
2024-05-09 11:42:31  al)                                                                ]']                           
2024-05-09 11:42:31                                                                                                   
2024-05-09 11:42:31  concatenate (Concatenate)   (None, 2000)                 0         ['cell.rnaseq[0][0]',         
2024-05-09 11:42:31                                                                      'drug.descriptors[0][0]']    
2024-05-09 11:42:31                                                                                                   
2024-05-09 11:42:31  dense_6 (Dense)             (None, 1000)                 2001000   ['concatenate[0][0]']         
2024-05-09 11:42:31                                                                                                   
2024-05-09 11:42:31  permanent_dropout_6 (Perma  (None, 1000)                 0         ['dense_6[0][0]']             
2024-05-09 11:42:31  nentDropout)                                                                                     
2024-05-09 11:42:31                                                                                                   
2024-05-09 11:42:31  dense_7 (Dense)             (None, 1000)                 1001000   ['permanent_dropout_6[0][0]'] 
2024-05-09 11:42:31                                                                                                   
2024-05-09 11:42:31  permanent_dropout_7 (Perma  (None, 1000)                 0         ['dense_7[0][0]']             
2024-05-09 11:42:31  nentDropout)                                                                                     
2024-05-09 11:42:31                                                                                                   
2024-05-09 11:42:31  dense_8 (Dense)             (None, 1000)                 1001000   ['permanent_dropout_7[0][0]'] 
2024-05-09 11:42:31                                                                                                   
2024-05-09 11:42:31  permanent_dropout_8 (Perma  (None, 1000)                 0         ['dense_8[0][0]']             
2024-05-09 11:42:31  nentDropout)                                                                                     
2024-05-09 11:42:31                                                                                                   
2024-05-09 11:42:31  dense_9 (Dense)             (None, 1000)                 1001000   ['permanent_dropout_8[0][0]'] 
2024-05-09 11:42:31                                                                                                   
2024-05-09 11:42:31  permanent_dropout_9 (Perma  (None, 1000)                 0         ['dense_9[0][0]']             
2024-05-09 11:42:31  nentDropout)                                                                                     
2024-05-09 11:42:31                                                                                                   
2024-05-09 11:42:31  dense_10 (Dense)            (None, 1000)                 1001000   ['permanent_dropout_9[0][0]'] 
2024-05-09 11:42:31                                                                                                   
2024-05-09 11:42:31  permanent_dropout_10 (Perm  (None, 1000)                 0         ['dense_10[0][0]']            
2024-05-09 11:42:31  anentDropout)                                                                                    
2024-05-09 11:42:31                                                                                                   
2024-05-09 11:42:31  dense_11 (Dense)            (None, 1)                    1001      ['permanent_dropout_10[0][0]']
2024-05-09 11:42:31                                                                                                   
2024-05-09 11:42:31 ==================================================================================================
2024-05-09 11:42:31 Total params: 12583001 (48.00 MB)
2024-05-09 11:42:31 Trainable params: 12583001 (48.00 MB)
2024-05-09 11:42:31 Non-trainable params: 0 (0.00 Byte)
2024-05-09 11:42:31 __________________________________________________________________________________________________
2024-05-09 11:42:31 CKPT CONSTRUCT...
2024-05-09 11:42:31 CKPT CONSTRUCT OK.
2024-05-09 11:42:31 template model: <keras.src.engine.functional.Functional object at 0x146e4e7c0b50>
2024-05-09 11:42:33 COMPILE
2024-05-09 11:42:33 Will save weights to: /dev/shm/Uno/save/8996461.amn-0001/302/1.0.model.h5
2024-05-09 11:42:49 Between random pairs in y_val:
2024-05-09 11:42:49   mse: 0.04783143
2024-05-09 11:42:49   mae: 0.16028304
2024-05-09 11:42:49   r2: -0.99345744
2024-05-09 11:42:49   corr: 0.00327128
2024-05-09 11:42:49 Data points per epoch: train = 470167, val = 117542, test = 587
2024-05-09 11:42:49 Steps per epoch: train = 14692, val = 3673, test = 18
2024-05-09 11:42:50 Epoch 0: lr=0.001
2024-05-09 11:44:03 [Epoch: 0] loss: 0.026704, mae: 0.079461, r2: -0.596168, val_loss: 0.008554, val_mae: 0.065396, val_r2: 0.596698
2024-05-09 11:44:03 Epoch 1: lr=0.00082
2024-05-09 11:45:15 [Epoch: 1] loss: 0.007988, mae: 0.063921, r2: 0.620696, val_loss: 0.008245, val_mae: 0.063788, val_r2: 0.613849
2024-05-09 11:45:15 Epoch 2: lr=0.00064
2024-05-09 11:46:26 [Epoch: 2] loss: 0.007324, mae: 0.060859, r2: 0.650910, val_loss: 0.007293, val_mae: 0.059726, val_r2: 0.656247
2024-05-09 11:46:27 Epoch 3: lr=0.00046
2024-05-09 11:47:38 [Epoch: 3] loss: 0.006815, mae: 0.058553, r2: 0.674116, val_loss: 0.006850, val_mae: 0.058920, val_r2: 0.674035
2024-05-09 11:47:38 Epoch 4: lr=0.00028
2024-05-09 11:48:50 [Epoch: 4] loss: 0.006431, mae: 0.056793, r2: 0.692327, val_loss: 0.006608, val_mae: 0.057126, val_r2: 0.686397
2024-05-09 11:48:50 Epoch 5: lr=0.0001
2024-05-09 11:50:01 [Epoch: 5] loss: 0.006106, mae: 0.055295, r2: 0.706992, val_loss: 0.006418, val_mae: 0.056150, val_r2: 0.696456
2024-05-09 11:50:02 Epoch 6: lr=0.0001
2024-05-09 11:51:13 [Epoch: 6] loss: 0.005996, mae: 0.054761, r2: 0.711965, val_loss: 0.006388, val_mae: 0.056509, val_r2: 0.696451
2024-05-09 11:51:13 Epoch 7: lr=0.0001
2024-05-09 11:52:25 [Epoch: 7] loss: 0.005906, mae: 0.054408, r2: 0.716070, val_loss: 0.006334, val_mae: 0.055890, val_r2: 0.702254
2024-05-09 11:52:25 Epoch 8: lr=0.0001
2024-05-09 11:53:37 [Epoch: 8] loss: 0.005844, mae: 0.054134, r2: 0.719097, val_loss: 0.006284, val_mae: 0.056061, val_r2: 0.701260
2024-05-09 11:53:37 Epoch 9: lr=0.0001
2024-05-09 11:54:48 [Epoch: 9] loss: 0.005771, mae: 0.053756, r2: 0.722591, val_loss: 0.006265, val_mae: 0.055877, val_r2: 0.702838
2024-05-09 11:54:48 Epoch 10: lr=0.0001
2024-05-09 11:56:00 [Epoch: 10] loss: 0.005707, mae: 0.053478, r2: 0.725515, val_loss: 0.006307, val_mae: 0.056846, val_r2: 0.699240
2024-05-09 11:56:00 Epoch 11: lr=0.0001
2024-05-09 11:57:12 [Epoch: 11] loss: 0.005648, mae: 0.053192, r2: 0.728226, val_loss: 0.006205, val_mae: 0.055011, val_r2: 0.705936
2024-05-09 11:57:12 Epoch 12: lr=0.0001
2024-05-09 11:58:24 [Epoch: 12] loss: 0.005595, mae: 0.052933, r2: 0.730825, val_loss: 0.006198, val_mae: 0.055617, val_r2: 0.706273
2024-05-09 11:58:24 Epoch 13: lr=0.0001
2024-05-09 11:59:35 [Epoch: 13] loss: 0.005531, mae: 0.052707, r2: 0.733734, val_loss: 0.006159, val_mae: 0.055081, val_r2: 0.706948
2024-05-09 11:59:35 Epoch 14: lr=0.0001
2024-05-09 12:00:47 [Epoch: 14] loss: 0.005475, mae: 0.052406, r2: 0.736494, val_loss: 0.006180, val_mae: 0.054965, val_r2: 0.706885
2024-05-09 12:00:47 Epoch 15: lr=0.0001
2024-05-09 12:01:59 [Epoch: 15] loss: 0.005428, mae: 0.052183, r2: 0.738528, val_loss: 0.006151, val_mae: 0.054634, val_r2: 0.708060
2024-05-09 12:01:59 Epoch 16: lr=0.0001
2024-05-09 12:03:10 [Epoch: 16] loss: 0.005375, mae: 0.051944, r2: 0.740939, val_loss: 0.006123, val_mae: 0.055084, val_r2: 0.708477
2024-05-09 12:03:11 Epoch 17: lr=0.0001
2024-05-09 12:04:22 [Epoch: 17] loss: 0.005333, mae: 0.051713, r2: 0.743200, val_loss: 0.006103, val_mae: 0.054693, val_r2: 0.710841
2024-05-09 12:04:22 Epoch 18: lr=0.0001
2024-05-09 12:05:34 [Epoch: 18] loss: 0.005282, mae: 0.051505, r2: 0.745614, val_loss: 0.006092, val_mae: 0.054380, val_r2: 0.711134
2024-05-09 12:05:34 Epoch 19: lr=5e-05
2024-05-09 12:06:46 [Epoch: 19] loss: 0.005168, mae: 0.050974, r2: 0.750784, val_loss: 0.006069, val_mae: 0.054595, val_r2: 0.711201
2024-05-09 12:06:46 Epoch 20: lr=5e-05
2024-05-09 12:07:57 [Epoch: 20] loss: 0.005128, mae: 0.050730, r2: 0.752434, val_loss: 0.006061, val_mae: 0.054292, val_r2: 0.712098
2024-05-09 12:07:58 Epoch 21: lr=5e-05
2024-05-09 12:09:09 [Epoch: 21] loss: 0.005096, mae: 0.050615, r2: 0.754121, val_loss: 0.006068, val_mae: 0.054612, val_r2: 0.711217
2024-05-09 12:09:09 Epoch 22: lr=5e-05
2024-05-09 12:10:21 [Epoch: 22] loss: 0.005073, mae: 0.050508, r2: 0.755021, val_loss: 0.006064, val_mae: 0.054409, val_r2: 0.710818
2024-05-09 12:10:21 Epoch 23: lr=5e-05
2024-05-09 12:11:32 [Epoch: 23] loss: 0.005030, mae: 0.050315, r2: 0.756971, val_loss: 0.006094, val_mae: 0.054335, val_r2: 0.709793
2024-05-09 12:11:32 Epoch 24: lr=2.5e-05
2024-05-09 12:12:44 [Epoch: 24] loss: 0.004981, mae: 0.050053, r2: 0.759470, val_loss: 0.006072, val_mae: 0.054240, val_r2: 0.711393
2024-05-09 12:12:44 Epoch 25: lr=2.5e-05
2024-05-09 12:13:56 [Epoch: 25] loss: 0.004959, mae: 0.049952, r2: 0.760434, val_loss: 0.006057, val_mae: 0.054396, val_r2: 0.711253
2024-05-09 12:13:56 Epoch 26: lr=2.5e-05
2024-05-09 12:15:08 [Epoch: 26] loss: 0.004939, mae: 0.049861, r2: 0.761223, val_loss: 0.006066, val_mae: 0.054224, val_r2: 0.711479
2024-05-09 12:15:08 Epoch 27: lr=2.5e-05
2024-05-09 12:16:20 [Epoch: 27] loss: 0.004931, mae: 0.049822, r2: 0.761873, val_loss: 0.006046, val_mae: 0.054265, val_r2: 0.711407
2024-05-09 12:16:21 Epoch 28: lr=2.5e-05
2024-05-09 12:17:32 [Epoch: 28] loss: 0.004919, mae: 0.049760, r2: 0.762500, val_loss: 0.006045, val_mae: 0.054130, val_r2: 0.711976
2024-05-09 12:17:32 Epoch 29: lr=2.5e-05
2024-05-09 12:18:44 [Epoch: 29] loss: 0.004910, mae: 0.049746, r2: 0.762627, val_loss: 0.006080, val_mae: 0.054150, val_r2: 0.711135
2024-05-09 12:18:44 history_length: 30
2024-05-09 12:18:44 stopping: complete
2024-05-09 12:18:44 Comparing y_true and y_pred:
2024-05-09 12:18:44   mse: 0.00675745
2024-05-09 12:18:44   mae: 0.05837977
2024-05-09 12:18:44   r2: 0.25908761
2024-05-09 12:18:44   corr: 0.51608005
