2024-05-09 11:42:31 UNO RUN ...
2024-05-09 11:42:31 Params: {'model_name': 'uno', 'train_sources': ['CCLE'], 'test_sources': ['train'], 'cell_types': None, 'cell_features': ['rnaseq'], 'drug_features': ['descriptors'], 'dense': [1000, 1000, 1000, 1000, 1000], 'dense_feature_layers': [1000, 1000, 1000], 'activation': 'relu', 'loss': 'mse', 'optimizer': 'adamax', 'scaling': 'std', 'dropout': 0.1, 'epochs': 30, 'batch_size': 32, 'val_split': 0.2, 'cv': 1, 'max_val_loss': 1.0, 'learning_rate': 0.0001, 'base_lr': None, 'agg_dose': 'AUC', 'residual': False, 'reduce_lr': True, 'warmup_lr': True, 'batch_normalization': False, 'feature_subsample': 0, 'rng_seed': 2018, 'no_gen': False, 'verbose': False, 'preprocess_rnaseq': 'source_scale', 'gpus': [0], 'use_landmark_genes': True, 'no_feature_source': True, 'no_response_source': True, 'save_path': '/dev/shm/Uno/save/8996461.amn-0001/361', 'single': True, 'on_memory_loader': True, 'ckpt_checksum': True, 'ckpt_save_interval': 0, 'timeout': -1, 'train_bool': True, 'profiling': False, 'experiment_id': '8996461.amn-0001', 'run_id': '361', 'logfile': '/dev/shm/Uno/save/8996461.amn-0001/361/python.log', 'shuffle': False, 'ckpt_restart_mode': 'off', 'ckpt_skip_epochs': 0, 'ckpt_directory': '/dev/shm/Uno/save/8996461.amn-0001/361', 'ckpt_save_best': True, 'ckpt_save_best_metric': 'val_loss', 'ckpt_save_weights_only': False, 'ckpt_keep_mode': 'linear', 'ckpt_keep_limit': 5, 'by_cell': None, 'by_drug': None, 'cell_subset_path': '', 'drug_subset_path': '', 'drug_median_response_min': -1, 'drug_median_response_max': 1, 'dense_cell_feature_layers': None, 'dense_drug_feature_layers': None, 'use_filtered_genes': False, 'feature_subset_path': '', 'cell_feature_subset_path': '', 'drug_feature_subset_path': '', 'es': True, 'cp': False, 'tb': False, 'tb_prefix': 'tb', 'partition_by': None, 'cache': None, 'export_csv': None, 'export_data': None, 'use_exported_data': '/dev/shm/Uno/x1921c5s0b0n0.361.merged.landmark.h5', 'growth_bins': 0, 'initial_weights': None, 'save_weights': '/dev/shm/Uno/save/8996461.amn-0001/361/0.1.model.h5', 'config_file': '/home/brettin/CSC249ADOA01_CNDA/brettin/Benchmarks/Pilot1/Uno/uno_auc_model.txt', 'data_type': <class 'numpy.float32'>, 'data_dir': '/dev/shm/Uno/uno/Data', 'output_dir': '/dev/shm/Uno/uno/Output/8996461.amn-0001/361'}
2024-05-09 11:42:31 Feature encoding submodel for cell.rnaseq:
2024-05-09 11:42:31 Model: "cell.rnaseq"
2024-05-09 11:42:31 _________________________________________________________________
2024-05-09 11:42:31  Layer (type)                Output Shape              Param #   
2024-05-09 11:42:31 =================================================================
2024-05-09 11:42:31  input_1 (InputLayer)        [(None, 958)]             0         
2024-05-09 11:42:31                                                                  
2024-05-09 11:42:31  dense (Dense)               (None, 1000)              959000    
2024-05-09 11:42:31                                                                  
2024-05-09 11:42:31  permanent_dropout (Permane  (None, 1000)              0         
2024-05-09 11:42:31  ntDropout)                                                      
2024-05-09 11:42:31                                                                  
2024-05-09 11:42:31  dense_1 (Dense)             (None, 1000)              1001000   
2024-05-09 11:42:31                                                                  
2024-05-09 11:42:31  permanent_dropout_1 (Perma  (None, 1000)              0         
2024-05-09 11:42:31  nentDropout)                                                    
2024-05-09 11:42:31                                                                  
2024-05-09 11:42:31  dense_2 (Dense)             (None, 1000)              1001000   
2024-05-09 11:42:31                                                                  
2024-05-09 11:42:31  permanent_dropout_2 (Perma  (None, 1000)              0         
2024-05-09 11:42:31  nentDropout)                                                    
2024-05-09 11:42:31                                                                  
2024-05-09 11:42:31 =================================================================
2024-05-09 11:42:31 Total params: 2961000 (11.30 MB)
2024-05-09 11:42:31 Trainable params: 2961000 (11.30 MB)
2024-05-09 11:42:31 Non-trainable params: 0 (0.00 Byte)
2024-05-09 11:42:31 _________________________________________________________________
2024-05-09 11:42:31 Feature encoding submodel for drug.descriptors:
2024-05-09 11:42:31 Model: "drug.descriptors"
2024-05-09 11:42:31 _________________________________________________________________
2024-05-09 11:42:31  Layer (type)                Output Shape              Param #   
2024-05-09 11:42:31 =================================================================
2024-05-09 11:42:31  input_2 (InputLayer)        [(None, 1613)]            0         
2024-05-09 11:42:31                                                                  
2024-05-09 11:42:31  dense_3 (Dense)             (None, 1000)              1614000   
2024-05-09 11:42:31                                                                  
2024-05-09 11:42:31  permanent_dropout_3 (Perma  (None, 1000)              0         
2024-05-09 11:42:31  nentDropout)                                                    
2024-05-09 11:42:31                                                                  
2024-05-09 11:42:31  dense_4 (Dense)             (None, 1000)              1001000   
2024-05-09 11:42:31                                                                  
2024-05-09 11:42:31  permanent_dropout_4 (Perma  (None, 1000)              0         
2024-05-09 11:42:31  nentDropout)                                                    
2024-05-09 11:42:31                                                                  
2024-05-09 11:42:31  dense_5 (Dense)             (None, 1000)              1001000   
2024-05-09 11:42:31                                                                  
2024-05-09 11:42:31  permanent_dropout_5 (Perma  (None, 1000)              0         
2024-05-09 11:42:31  nentDropout)                                                    
2024-05-09 11:42:31                                                                  
2024-05-09 11:42:31 =================================================================
2024-05-09 11:42:31 Total params: 3616000 (13.79 MB)
2024-05-09 11:42:31 Trainable params: 3616000 (13.79 MB)
2024-05-09 11:42:31 Non-trainable params: 0 (0.00 Byte)
2024-05-09 11:42:31 _________________________________________________________________
2024-05-09 11:42:31 Combined model:
2024-05-09 11:42:31 Model: "model"
2024-05-09 11:42:31 __________________________________________________________________________________________________
2024-05-09 11:42:31  Layer (type)                Output Shape                 Param #   Connected to                  
2024-05-09 11:42:31 ==================================================================================================
2024-05-09 11:42:31  input.cell.rnaseq (InputLa  [(None, 958)]                0         []                            
2024-05-09 11:42:31  yer)                                                                                             
2024-05-09 11:42:31                                                                                                   
2024-05-09 11:42:31  input.drug1.descriptors (I  [(None, 1613)]               0         []                            
2024-05-09 11:42:31  nputLayer)                                                                                       
2024-05-09 11:42:31                                                                                                   
2024-05-09 11:42:31  cell.rnaseq (Functional)    (None, 1000)                 2961000   ['input.cell.rnaseq[0][0]']   
2024-05-09 11:42:31                                                                                                   
2024-05-09 11:42:31  drug.descriptors (Function  (None, 1000)                 3616000   ['input.drug1.descriptors[0][0
2024-05-09 11:42:31  al)                                                                ]']                           
2024-05-09 11:42:31                                                                                                   
2024-05-09 11:42:31  concatenate (Concatenate)   (None, 2000)                 0         ['cell.rnaseq[0][0]',         
2024-05-09 11:42:31                                                                      'drug.descriptors[0][0]']    
2024-05-09 11:42:31                                                                                                   
2024-05-09 11:42:31  dense_6 (Dense)             (None, 1000)                 2001000   ['concatenate[0][0]']         
2024-05-09 11:42:31                                                                                                   
2024-05-09 11:42:31  permanent_dropout_6 (Perma  (None, 1000)                 0         ['dense_6[0][0]']             
2024-05-09 11:42:31  nentDropout)                                                                                     
2024-05-09 11:42:31                                                                                                   
2024-05-09 11:42:31  dense_7 (Dense)             (None, 1000)                 1001000   ['permanent_dropout_6[0][0]'] 
2024-05-09 11:42:31                                                                                                   
2024-05-09 11:42:31  permanent_dropout_7 (Perma  (None, 1000)                 0         ['dense_7[0][0]']             
2024-05-09 11:42:31  nentDropout)                                                                                     
2024-05-09 11:42:31                                                                                                   
2024-05-09 11:42:31  dense_8 (Dense)             (None, 1000)                 1001000   ['permanent_dropout_7[0][0]'] 
2024-05-09 11:42:31                                                                                                   
2024-05-09 11:42:31  permanent_dropout_8 (Perma  (None, 1000)                 0         ['dense_8[0][0]']             
2024-05-09 11:42:31  nentDropout)                                                                                     
2024-05-09 11:42:31                                                                                                   
2024-05-09 11:42:31  dense_9 (Dense)             (None, 1000)                 1001000   ['permanent_dropout_8[0][0]'] 
2024-05-09 11:42:31                                                                                                   
2024-05-09 11:42:31  permanent_dropout_9 (Perma  (None, 1000)                 0         ['dense_9[0][0]']             
2024-05-09 11:42:31  nentDropout)                                                                                     
2024-05-09 11:42:31                                                                                                   
2024-05-09 11:42:31  dense_10 (Dense)            (None, 1000)                 1001000   ['permanent_dropout_9[0][0]'] 
2024-05-09 11:42:31                                                                                                   
2024-05-09 11:42:31  permanent_dropout_10 (Perm  (None, 1000)                 0         ['dense_10[0][0]']            
2024-05-09 11:42:31  anentDropout)                                                                                    
2024-05-09 11:42:31                                                                                                   
2024-05-09 11:42:31  dense_11 (Dense)            (None, 1)                    1001      ['permanent_dropout_10[0][0]']
2024-05-09 11:42:31                                                                                                   
2024-05-09 11:42:31 ==================================================================================================
2024-05-09 11:42:31 Total params: 12583001 (48.00 MB)
2024-05-09 11:42:31 Trainable params: 12583001 (48.00 MB)
2024-05-09 11:42:31 Non-trainable params: 0 (0.00 Byte)
2024-05-09 11:42:31 __________________________________________________________________________________________________
2024-05-09 11:42:31 CKPT CONSTRUCT...
2024-05-09 11:42:31 CKPT CONSTRUCT OK.
2024-05-09 11:42:31 template model: <keras.src.engine.functional.Functional object at 0x14f00a53cbb0>
2024-05-09 11:42:33 COMPILE
2024-05-09 11:42:33 Will save weights to: /dev/shm/Uno/save/8996461.amn-0001/361/0.1.model.h5
2024-05-09 11:42:50 Between random pairs in y_val:
2024-05-09 11:42:50   mse: 0.04748940
2024-05-09 11:42:50   mae: 0.15971273
2024-05-09 11:42:50   r2: -1.00234450
2024-05-09 11:42:50   corr: -0.00117225
2024-05-09 11:42:50 Data points per epoch: train = 470167, val = 117542, test = 640
2024-05-09 11:42:50 Steps per epoch: train = 14692, val = 3673, test = 20
2024-05-09 11:42:50 Epoch 0: lr=0.001
2024-05-09 11:44:02 [Epoch: 0] loss: 0.025000, mae: 0.079334, r2: 0.082240, val_loss: 0.008806, val_mae: 0.068970, val_r2: 0.573822
2024-05-09 11:44:02 Epoch 1: lr=0.00082
2024-05-09 11:45:13 [Epoch: 1] loss: 0.007984, mae: 0.063939, r2: 0.621402, val_loss: 0.007642, val_mae: 0.063071, val_r2: 0.631686
2024-05-09 11:45:13 Epoch 2: lr=0.00064
2024-05-09 11:46:24 [Epoch: 2] loss: 0.007291, mae: 0.060756, r2: 0.653521, val_loss: 0.007215, val_mae: 0.061579, val_r2: 0.652777
2024-05-09 11:46:24 Epoch 3: lr=0.00046
2024-05-09 11:47:34 [Epoch: 3] loss: 0.006810, mae: 0.058577, r2: 0.675671, val_loss: 0.006948, val_mae: 0.058570, val_r2: 0.665406
2024-05-09 11:47:35 Epoch 4: lr=0.00028
2024-05-09 11:48:45 [Epoch: 4] loss: 0.006424, mae: 0.056782, r2: 0.693487, val_loss: 0.006636, val_mae: 0.057341, val_r2: 0.680227
2024-05-09 11:48:45 Epoch 5: lr=0.0001
2024-05-09 11:49:56 [Epoch: 5] loss: 0.006085, mae: 0.055174, r2: 0.709017, val_loss: 0.006453, val_mae: 0.056569, val_r2: 0.689283
2024-05-09 11:49:56 Epoch 6: lr=0.0001
2024-05-09 11:51:06 [Epoch: 6] loss: 0.005992, mae: 0.054743, r2: 0.713331, val_loss: 0.006441, val_mae: 0.056482, val_r2: 0.689021
2024-05-09 11:51:06 Epoch 7: lr=0.0001
2024-05-09 11:52:17 [Epoch: 7] loss: 0.005906, mae: 0.054429, r2: 0.717028, val_loss: 0.006420, val_mae: 0.055967, val_r2: 0.690861
2024-05-09 11:52:17 Epoch 8: lr=0.0001
2024-05-09 11:53:28 [Epoch: 8] loss: 0.005841, mae: 0.054097, r2: 0.720213, val_loss: 0.006356, val_mae: 0.055787, val_r2: 0.692464
2024-05-09 11:53:28 Epoch 9: lr=0.0001
2024-05-09 11:54:39 [Epoch: 9] loss: 0.005778, mae: 0.053806, r2: 0.723063, val_loss: 0.006347, val_mae: 0.055586, val_r2: 0.694890
2024-05-09 11:54:39 Epoch 10: lr=0.0001
2024-05-09 11:55:49 [Epoch: 10] loss: 0.005716, mae: 0.053531, r2: 0.725954, val_loss: 0.006348, val_mae: 0.056244, val_r2: 0.693941
2024-05-09 11:55:49 Epoch 11: lr=0.0001
2024-05-09 11:57:00 [Epoch: 11] loss: 0.005654, mae: 0.053273, r2: 0.729109, val_loss: 0.006282, val_mae: 0.055624, val_r2: 0.696672
2024-05-09 11:57:00 Epoch 12: lr=0.0001
2024-05-09 11:58:11 [Epoch: 12] loss: 0.005613, mae: 0.053066, r2: 0.730878, val_loss: 0.006300, val_mae: 0.055489, val_r2: 0.695640
2024-05-09 11:58:11 Epoch 13: lr=0.0001
2024-05-09 11:59:22 [Epoch: 13] loss: 0.005551, mae: 0.052781, r2: 0.733574, val_loss: 0.006240, val_mae: 0.055416, val_r2: 0.699490
2024-05-09 11:59:22 Epoch 14: lr=0.0001
2024-05-09 12:00:32 [Epoch: 14] loss: 0.005493, mae: 0.052494, r2: 0.736543, val_loss: 0.006226, val_mae: 0.054931, val_r2: 0.700802
2024-05-09 12:00:32 Epoch 15: lr=0.0001
2024-05-09 12:01:43 [Epoch: 15] loss: 0.005441, mae: 0.052294, r2: 0.738845, val_loss: 0.006203, val_mae: 0.055336, val_r2: 0.700501
2024-05-09 12:01:43 Epoch 16: lr=0.0001
2024-05-09 12:02:54 [Epoch: 16] loss: 0.005397, mae: 0.052064, r2: 0.740909, val_loss: 0.006182, val_mae: 0.055127, val_r2: 0.703100
2024-05-09 12:02:54 Epoch 17: lr=0.0001
2024-05-09 12:04:05 [Epoch: 17] loss: 0.005346, mae: 0.051817, r2: 0.743243, val_loss: 0.006155, val_mae: 0.054928, val_r2: 0.703150
2024-05-09 12:04:05 Epoch 18: lr=0.0001
2024-05-09 12:05:15 [Epoch: 18] loss: 0.005287, mae: 0.051564, r2: 0.746186, val_loss: 0.006183, val_mae: 0.054736, val_r2: 0.701814
2024-05-09 12:05:15 Epoch 19: lr=5e-05
2024-05-09 12:06:26 [Epoch: 19] loss: 0.005185, mae: 0.051046, r2: 0.750665, val_loss: 0.006118, val_mae: 0.054727, val_r2: 0.705744
2024-05-09 12:06:26 Epoch 20: lr=5e-05
2024-05-09 12:07:37 [Epoch: 20] loss: 0.005141, mae: 0.050879, r2: 0.752782, val_loss: 0.006141, val_mae: 0.054533, val_r2: 0.703901
2024-05-09 12:07:37 Epoch 21: lr=5e-05
2024-05-09 12:08:47 [Epoch: 21] loss: 0.005101, mae: 0.050680, r2: 0.754738, val_loss: 0.006123, val_mae: 0.054400, val_r2: 0.704930
2024-05-09 12:08:48 Epoch 22: lr=5e-05
2024-05-09 12:09:58 [Epoch: 22] loss: 0.005077, mae: 0.050608, r2: 0.755612, val_loss: 0.006149, val_mae: 0.055029, val_r2: 0.703654
2024-05-09 12:09:58 Epoch 23: lr=5e-05
2024-05-09 12:11:09 [Epoch: 23] loss: 0.005049, mae: 0.050438, r2: 0.756929, val_loss: 0.006137, val_mae: 0.054439, val_r2: 0.704933
2024-05-09 12:11:09 Epoch 24: lr=5e-05
2024-05-09 12:12:20 [Epoch: 24] loss: 0.005021, mae: 0.050313, r2: 0.758436, val_loss: 0.006141, val_mae: 0.054525, val_r2: 0.703710
2024-05-09 12:12:20 Epoch 25: lr=2.5e-05
2024-05-09 12:13:31 [Epoch: 25] loss: 0.004978, mae: 0.050064, r2: 0.760691, val_loss: 0.006125, val_mae: 0.054667, val_r2: 0.704301
2024-05-09 12:13:31 Epoch 26: lr=2.5e-05
2024-05-09 12:14:41 [Epoch: 26] loss: 0.004967, mae: 0.050009, r2: 0.760910, val_loss: 0.006138, val_mae: 0.054671, val_r2: 0.703780
2024-05-09 12:14:42 Epoch 27: lr=2.5e-05
2024-05-09 12:15:52 [Epoch: 27] loss: 0.004947, mae: 0.049931, r2: 0.761653, val_loss: 0.006118, val_mae: 0.054761, val_r2: 0.704709
2024-05-09 12:15:52 Epoch 28: lr=2.5e-05
2024-05-09 12:17:03 [Epoch: 28] loss: 0.004923, mae: 0.049790, r2: 0.763056, val_loss: 0.006125, val_mae: 0.054705, val_r2: 0.704007
2024-05-09 12:17:03 Epoch 29: lr=2.5e-05
2024-05-09 12:18:14 [Epoch: 29] loss: 0.004914, mae: 0.049764, r2: 0.763263, val_loss: 0.006110, val_mae: 0.054436, val_r2: 0.704778
2024-05-09 12:18:14 history_length: 30
2024-05-09 12:18:14 stopping: complete
2024-05-09 12:18:14 Comparing y_true and y_pred:
2024-05-09 12:18:14   mse: 0.00685946
2024-05-09 12:18:14   mae: 0.05770878
2024-05-09 12:18:14   r2: 0.01158337
2024-05-09 12:18:14   corr: 0.13210222
