2024-05-21 14:10:17 UNO RUN ...
2024-05-21 14:10:17 Params: {'model_name': 'uno', 'train_sources': ['CCLE'], 'test_sources': ['train'], 'cell_types': None, 'cell_features': ['rnaseq'], 'drug_features': ['descriptors'], 'dense': [1000, 1000, 1000, 1000, 1000], 'dense_feature_layers': [1000, 1000, 1000], 'activation': 'relu', 'loss': 'mse', 'optimizer': 'adamax', 'scaling': 'std', 'dropout': 0.1, 'epochs': 50, 'batch_size': 32, 'val_split': 0.2, 'cv': 1, 'max_val_loss': 1.0, 'learning_rate': 0.0001, 'base_lr': None, 'agg_dose': 'AUC', 'residual': False, 'reduce_lr': True, 'warmup_lr': True, 'batch_normalization': False, 'feature_subsample': 0, 'rng_seed': 2018, 'no_gen': False, 'verbose': False, 'preprocess_rnaseq': 'source_scale', 'gpus': [0], 'use_landmark_genes': True, 'no_feature_source': True, 'no_response_source': True, 'save_path': '/dev/shm/Uno/save/8999967.amn-0001/70', 'single': True, 'on_memory_loader': True, 'ckpt_checksum': True, 'ckpt_save_interval': 0, 'timeout': -1, 'train_bool': True, 'profiling': False, 'experiment_id': '8999967.amn-0001', 'run_id': '70', 'logfile': '/dev/shm/Uno/save/8999967.amn-0001/70/python.log', 'shuffle': False, 'ckpt_restart_mode': 'off', 'ckpt_skip_epochs': 0, 'ckpt_directory': '/dev/shm/Uno/save/8999967.amn-0001/70', 'ckpt_save_best': True, 'ckpt_save_best_metric': 'val_loss', 'ckpt_save_weights_only': False, 'ckpt_keep_mode': 'linear', 'ckpt_keep_limit': 5, 'by_cell': None, 'by_drug': None, 'cell_subset_path': '', 'drug_subset_path': '', 'drug_median_response_min': -1, 'drug_median_response_max': 1, 'dense_cell_feature_layers': None, 'dense_drug_feature_layers': None, 'use_filtered_genes': False, 'feature_subset_path': '', 'cell_feature_subset_path': '', 'drug_feature_subset_path': '', 'es': True, 'cp': False, 'tb': False, 'tb_prefix': 'tb', 'partition_by': None, 'cache': None, 'export_csv': None, 'export_data': None, 'use_exported_data': '/dev/shm/Uno/x1922c6s2b0n0.70.merged.landmark.h5', 'growth_bins': 0, 'initial_weights': None, 'save_weights': '/dev/shm/Uno/save/8999967.amn-0001/70/5.0.model.h5', 'config_file': '/home/brettin/CSC249ADOA01_CNDA/brettin/Benchmarks/Pilot1/Uno/uno_auc_model.txt', 'data_type': <class 'numpy.float32'>, 'data_dir': '/dev/shm/Uno/uno/Data', 'output_dir': '/dev/shm/Uno/uno/Output/8999967.amn-0001/70'}
2024-05-21 14:10:17 Feature encoding submodel for cell.rnaseq:
2024-05-21 14:10:17 Model: "cell.rnaseq"
2024-05-21 14:10:17 _________________________________________________________________
2024-05-21 14:10:17  Layer (type)                Output Shape              Param #   
2024-05-21 14:10:17 =================================================================
2024-05-21 14:10:17  input_1 (InputLayer)        [(None, 958)]             0         
2024-05-21 14:10:17                                                                  
2024-05-21 14:10:17  dense (Dense)               (None, 1000)              959000    
2024-05-21 14:10:17                                                                  
2024-05-21 14:10:17  permanent_dropout (Permane  (None, 1000)              0         
2024-05-21 14:10:17  ntDropout)                                                      
2024-05-21 14:10:17                                                                  
2024-05-21 14:10:17  dense_1 (Dense)             (None, 1000)              1001000   
2024-05-21 14:10:17                                                                  
2024-05-21 14:10:17  permanent_dropout_1 (Perma  (None, 1000)              0         
2024-05-21 14:10:17  nentDropout)                                                    
2024-05-21 14:10:17                                                                  
2024-05-21 14:10:17  dense_2 (Dense)             (None, 1000)              1001000   
2024-05-21 14:10:17                                                                  
2024-05-21 14:10:17  permanent_dropout_2 (Perma  (None, 1000)              0         
2024-05-21 14:10:17  nentDropout)                                                    
2024-05-21 14:10:17                                                                  
2024-05-21 14:10:17 =================================================================
2024-05-21 14:10:17 Total params: 2961000 (11.30 MB)
2024-05-21 14:10:17 Trainable params: 2961000 (11.30 MB)
2024-05-21 14:10:17 Non-trainable params: 0 (0.00 Byte)
2024-05-21 14:10:17 _________________________________________________________________
2024-05-21 14:10:17 Feature encoding submodel for drug.descriptors:
2024-05-21 14:10:17 Model: "drug.descriptors"
2024-05-21 14:10:17 _________________________________________________________________
2024-05-21 14:10:17  Layer (type)                Output Shape              Param #   
2024-05-21 14:10:17 =================================================================
2024-05-21 14:10:17  input_2 (InputLayer)        [(None, 1613)]            0         
2024-05-21 14:10:17                                                                  
2024-05-21 14:10:17  dense_3 (Dense)             (None, 1000)              1614000   
2024-05-21 14:10:17                                                                  
2024-05-21 14:10:17  permanent_dropout_3 (Perma  (None, 1000)              0         
2024-05-21 14:10:17  nentDropout)                                                    
2024-05-21 14:10:17                                                                  
2024-05-21 14:10:17  dense_4 (Dense)             (None, 1000)              1001000   
2024-05-21 14:10:17                                                                  
2024-05-21 14:10:17  permanent_dropout_4 (Perma  (None, 1000)              0         
2024-05-21 14:10:17  nentDropout)                                                    
2024-05-21 14:10:17                                                                  
2024-05-21 14:10:17  dense_5 (Dense)             (None, 1000)              1001000   
2024-05-21 14:10:17                                                                  
2024-05-21 14:10:17  permanent_dropout_5 (Perma  (None, 1000)              0         
2024-05-21 14:10:17  nentDropout)                                                    
2024-05-21 14:10:17                                                                  
2024-05-21 14:10:17 =================================================================
2024-05-21 14:10:17 Total params: 3616000 (13.79 MB)
2024-05-21 14:10:17 Trainable params: 3616000 (13.79 MB)
2024-05-21 14:10:17 Non-trainable params: 0 (0.00 Byte)
2024-05-21 14:10:17 _________________________________________________________________
2024-05-21 14:10:17 Combined model:
2024-05-21 14:10:17 Model: "model"
2024-05-21 14:10:17 __________________________________________________________________________________________________
2024-05-21 14:10:17  Layer (type)                Output Shape                 Param #   Connected to                  
2024-05-21 14:10:17 ==================================================================================================
2024-05-21 14:10:17  input.cell.rnaseq (InputLa  [(None, 958)]                0         []                            
2024-05-21 14:10:17  yer)                                                                                             
2024-05-21 14:10:17                                                                                                   
2024-05-21 14:10:17  input.drug1.descriptors (I  [(None, 1613)]               0         []                            
2024-05-21 14:10:17  nputLayer)                                                                                       
2024-05-21 14:10:17                                                                                                   
2024-05-21 14:10:17  cell.rnaseq (Functional)    (None, 1000)                 2961000   ['input.cell.rnaseq[0][0]']   
2024-05-21 14:10:17                                                                                                   
2024-05-21 14:10:17  drug.descriptors (Function  (None, 1000)                 3616000   ['input.drug1.descriptors[0][0
2024-05-21 14:10:17  al)                                                                ]']                           
2024-05-21 14:10:17                                                                                                   
2024-05-21 14:10:17  concatenate (Concatenate)   (None, 2000)                 0         ['cell.rnaseq[0][0]',         
2024-05-21 14:10:17                                                                      'drug.descriptors[0][0]']    
2024-05-21 14:10:17                                                                                                   
2024-05-21 14:10:17  dense_6 (Dense)             (None, 1000)                 2001000   ['concatenate[0][0]']         
2024-05-21 14:10:17                                                                                                   
2024-05-21 14:10:17  permanent_dropout_6 (Perma  (None, 1000)                 0         ['dense_6[0][0]']             
2024-05-21 14:10:17  nentDropout)                                                                                     
2024-05-21 14:10:17                                                                                                   
2024-05-21 14:10:17  dense_7 (Dense)             (None, 1000)                 1001000   ['permanent_dropout_6[0][0]'] 
2024-05-21 14:10:17                                                                                                   
2024-05-21 14:10:17  permanent_dropout_7 (Perma  (None, 1000)                 0         ['dense_7[0][0]']             
2024-05-21 14:10:17  nentDropout)                                                                                     
2024-05-21 14:10:17                                                                                                   
2024-05-21 14:10:17  dense_8 (Dense)             (None, 1000)                 1001000   ['permanent_dropout_7[0][0]'] 
2024-05-21 14:10:17                                                                                                   
2024-05-21 14:10:17  permanent_dropout_8 (Perma  (None, 1000)                 0         ['dense_8[0][0]']             
2024-05-21 14:10:17  nentDropout)                                                                                     
2024-05-21 14:10:17                                                                                                   
2024-05-21 14:10:17  dense_9 (Dense)             (None, 1000)                 1001000   ['permanent_dropout_8[0][0]'] 
2024-05-21 14:10:17                                                                                                   
2024-05-21 14:10:17  permanent_dropout_9 (Perma  (None, 1000)                 0         ['dense_9[0][0]']             
2024-05-21 14:10:17  nentDropout)                                                                                     
2024-05-21 14:10:17                                                                                                   
2024-05-21 14:10:17  dense_10 (Dense)            (None, 1000)                 1001000   ['permanent_dropout_9[0][0]'] 
2024-05-21 14:10:17                                                                                                   
2024-05-21 14:10:17  permanent_dropout_10 (Perm  (None, 1000)                 0         ['dense_10[0][0]']            
2024-05-21 14:10:17  anentDropout)                                                                                    
2024-05-21 14:10:17                                                                                                   
2024-05-21 14:10:17  dense_11 (Dense)            (None, 1)                    1001      ['permanent_dropout_10[0][0]']
2024-05-21 14:10:17                                                                                                   
2024-05-21 14:10:17 ==================================================================================================
2024-05-21 14:10:17 Total params: 12583001 (48.00 MB)
2024-05-21 14:10:17 Trainable params: 12583001 (48.00 MB)
2024-05-21 14:10:17 Non-trainable params: 0 (0.00 Byte)
2024-05-21 14:10:17 __________________________________________________________________________________________________
2024-05-21 14:10:17 CKPT CONSTRUCT...
2024-05-21 14:10:17 CKPT CONSTRUCT OK.
2024-05-21 14:10:17 template model: <keras.src.engine.functional.Functional object at 0x14e27bbe0a00>
2024-05-21 14:10:19 COMPILE
2024-05-21 14:10:19 Will save weights to: /dev/shm/Uno/save/8999967.amn-0001/70/5.0.model.h5
2024-05-21 14:10:35 Between random pairs in y_val:
2024-05-21 14:10:35   mse: 0.04777618
2024-05-21 14:10:35   mae: 0.16024273
2024-05-21 14:10:35   r2: -0.99956172
2024-05-21 14:10:35   corr: 0.00021914
2024-05-21 14:10:35 Data points per epoch: train = 469444, val = 117361, test = 904
2024-05-21 14:10:35 Steps per epoch: train = 14670, val = 3667, test = 28
2024-05-21 14:10:35 Epoch 0: lr=0.001
2024-05-21 14:11:48 [Epoch: 0] loss: 0.029529, mae: 0.079638, r2: -0.232705, val_loss: 0.008885, val_mae: 0.070658, val_r2: 0.577042
2024-05-21 14:11:49 Epoch 1: lr=0.00082
2024-05-21 14:13:00 [Epoch: 1] loss: 0.008031, mae: 0.064115, r2: 0.618903, val_loss: 0.007609, val_mae: 0.061825, val_r2: 0.636337
2024-05-21 14:13:00 Epoch 2: lr=0.00064
2024-05-21 14:14:11 [Epoch: 2] loss: 0.007348, mae: 0.060923, r2: 0.650616, val_loss: 0.007353, val_mae: 0.059711, val_r2: 0.648829
2024-05-21 14:14:11 Epoch 3: lr=0.00046
2024-05-21 14:15:23 [Epoch: 3] loss: 0.006872, mae: 0.058780, r2: 0.672593, val_loss: 0.006852, val_mae: 0.059213, val_r2: 0.674754
2024-05-21 14:15:23 Epoch 4: lr=0.00028
2024-05-21 14:16:34 [Epoch: 4] loss: 0.006463, mae: 0.056909, r2: 0.691017, val_loss: 0.006582, val_mae: 0.057208, val_r2: 0.685893
2024-05-21 14:16:34 Epoch 5: lr=0.0001
2024-05-21 14:17:45 [Epoch: 5] loss: 0.006127, mae: 0.055349, r2: 0.706614, val_loss: 0.006390, val_mae: 0.056500, val_r2: 0.695576
2024-05-21 14:17:45 Epoch 6: lr=0.0001
2024-05-21 14:18:57 [Epoch: 6] loss: 0.006027, mae: 0.054894, r2: 0.710910, val_loss: 0.006345, val_mae: 0.056045, val_r2: 0.698002
2024-05-21 14:18:57 Epoch 7: lr=0.0001
2024-05-21 14:20:09 [Epoch: 7] loss: 0.005953, mae: 0.054554, r2: 0.714280, val_loss: 0.006330, val_mae: 0.055763, val_r2: 0.698273
2024-05-21 14:20:09 Epoch 8: lr=0.0001
2024-05-21 14:21:20 [Epoch: 8] loss: 0.005881, mae: 0.054252, r2: 0.717882, val_loss: 0.006289, val_mae: 0.055888, val_r2: 0.699553
2024-05-21 14:21:20 Epoch 9: lr=0.0001
2024-05-21 14:22:32 [Epoch: 9] loss: 0.005808, mae: 0.053950, r2: 0.721115, val_loss: 0.006305, val_mae: 0.056087, val_r2: 0.698409
2024-05-21 14:22:32 Epoch 10: lr=0.0001
2024-05-21 14:23:43 [Epoch: 10] loss: 0.005753, mae: 0.053628, r2: 0.723612, val_loss: 0.006225, val_mae: 0.055294, val_r2: 0.703873
2024-05-21 14:23:43 Epoch 11: lr=0.0001
2024-05-21 14:24:55 [Epoch: 11] loss: 0.005699, mae: 0.053439, r2: 0.726166, val_loss: 0.006238, val_mae: 0.055452, val_r2: 0.703566
2024-05-21 14:24:55 Epoch 12: lr=0.0001
2024-05-21 14:26:07 [Epoch: 12] loss: 0.005638, mae: 0.053157, r2: 0.728885, val_loss: 0.006182, val_mae: 0.055078, val_r2: 0.706052
2024-05-21 14:26:07 Epoch 13: lr=0.0001
2024-05-21 14:27:18 [Epoch: 13] loss: 0.005572, mae: 0.052834, r2: 0.731845, val_loss: 0.006149, val_mae: 0.055080, val_r2: 0.706927
2024-05-21 14:27:19 Epoch 14: lr=0.0001
2024-05-21 14:28:30 [Epoch: 14] loss: 0.005526, mae: 0.052650, r2: 0.734145, val_loss: 0.006175, val_mae: 0.054739, val_r2: 0.706458
2024-05-21 14:28:30 Epoch 15: lr=0.0001
2024-05-21 14:29:40 [Epoch: 15] loss: 0.005485, mae: 0.052430, r2: 0.736092, val_loss: 0.006165, val_mae: 0.055504, val_r2: 0.705958
2024-05-21 14:29:41 Epoch 16: lr=0.0001
2024-05-21 14:30:52 [Epoch: 16] loss: 0.005427, mae: 0.052185, r2: 0.738872, val_loss: 0.006095, val_mae: 0.054983, val_r2: 0.709762
2024-05-21 14:30:52 Epoch 17: lr=0.0001
2024-05-21 14:32:03 [Epoch: 17] loss: 0.005376, mae: 0.051948, r2: 0.741208, val_loss: 0.006102, val_mae: 0.054629, val_r2: 0.709576
2024-05-21 14:32:03 Epoch 18: lr=5e-05
2024-05-21 14:33:14 [Epoch: 18] loss: 0.005263, mae: 0.051387, r2: 0.746362, val_loss: 0.006086, val_mae: 0.054727, val_r2: 0.709433
2024-05-21 14:33:14 Epoch 19: lr=5e-05
2024-05-21 14:34:25 [Epoch: 19] loss: 0.005213, mae: 0.051192, r2: 0.748595, val_loss: 0.006060, val_mae: 0.054509, val_r2: 0.710537
2024-05-21 14:34:25 Epoch 20: lr=5e-05
2024-05-21 14:35:36 [Epoch: 20] loss: 0.005194, mae: 0.051082, r2: 0.749539, val_loss: 0.006055, val_mae: 0.054504, val_r2: 0.712148
2024-05-21 14:35:36 Epoch 21: lr=5e-05
2024-05-21 14:36:47 [Epoch: 21] loss: 0.005162, mae: 0.050946, r2: 0.751024, val_loss: 0.006108, val_mae: 0.054460, val_r2: 0.707957
2024-05-21 14:36:47 Epoch 22: lr=5e-05
2024-05-21 14:37:58 [Epoch: 22] loss: 0.005138, mae: 0.050799, r2: 0.752206, val_loss: 0.006099, val_mae: 0.054495, val_r2: 0.708556
2024-05-21 14:37:58 Epoch 23: lr=5e-05
2024-05-21 14:39:09 [Epoch: 23] loss: 0.005105, mae: 0.050655, r2: 0.753674, val_loss: 0.006087, val_mae: 0.054499, val_r2: 0.710147
2024-05-21 14:39:09 Epoch 24: lr=5e-05
2024-05-21 14:40:20 [Epoch: 24] loss: 0.005078, mae: 0.050525, r2: 0.754804, val_loss: 0.006066, val_mae: 0.054318, val_r2: 0.710456
2024-05-21 14:40:20 Epoch 25: lr=2.5e-05
2024-05-21 14:41:31 [Epoch: 25] loss: 0.005013, mae: 0.050209, r2: 0.757907, val_loss: 0.006080, val_mae: 0.054601, val_r2: 0.709710
2024-05-21 14:41:31 Epoch 26: lr=2.5e-05
2024-05-21 14:42:42 [Epoch: 26] loss: 0.004998, mae: 0.050170, r2: 0.758509, val_loss: 0.006068, val_mae: 0.054308, val_r2: 0.710903
2024-05-21 14:42:42 Epoch 27: lr=2.5e-05
2024-05-21 14:43:53 [Epoch: 27] loss: 0.004975, mae: 0.050045, r2: 0.759579, val_loss: 0.006082, val_mae: 0.054352, val_r2: 0.710008
2024-05-21 14:43:53 Epoch 28: lr=2.5e-05
2024-05-21 14:45:04 [Epoch: 28] loss: 0.004970, mae: 0.050017, r2: 0.760092, val_loss: 0.006076, val_mae: 0.054238, val_r2: 0.710580
2024-05-21 14:45:04 Epoch 29: lr=2.5e-05
2024-05-21 14:46:15 [Epoch: 29] loss: 0.004963, mae: 0.049965, r2: 0.760063, val_loss: 0.006071, val_mae: 0.054364, val_r2: 0.710920
2024-05-21 14:46:15 Epoch 30: lr=1.25e-05
2024-05-21 14:47:26 [Epoch: 30] loss: 0.004931, mae: 0.049810, r2: 0.761862, val_loss: 0.006069, val_mae: 0.054264, val_r2: 0.710300
2024-05-21 14:47:26 history_length: 31
2024-05-21 14:47:26 stopping: early
2024-05-21 14:47:26 Comparing y_true and y_pred:
2024-05-21 14:47:26   mse: 0.03848927
2024-05-21 14:47:26   mae: 0.17734749
2024-05-21 14:47:26   r2: -1.93225628
2024-05-21 14:47:26   corr: 0.41695398
