2024-05-18 17:28:38 UNO RUN ...
2024-05-18 17:28:38 Params: {'model_name': 'uno', 'train_sources': ['CCLE'], 'test_sources': ['train'], 'cell_types': None, 'cell_features': ['rnaseq'], 'drug_features': ['descriptors'], 'dense': [1000, 1000, 1000, 1000, 1000], 'dense_feature_layers': [1000, 1000, 1000], 'activation': 'relu', 'loss': 'mse', 'optimizer': 'adamax', 'scaling': 'std', 'dropout': 0.1, 'epochs': 75, 'batch_size': 32, 'val_split': 0.2, 'cv': 1, 'max_val_loss': 1.0, 'learning_rate': 0.0001, 'base_lr': None, 'agg_dose': 'AUC', 'residual': False, 'reduce_lr': True, 'warmup_lr': True, 'batch_normalization': False, 'feature_subsample': 0, 'rng_seed': 2018, 'no_gen': False, 'verbose': False, 'preprocess_rnaseq': 'source_scale', 'gpus': [0], 'use_landmark_genes': True, 'no_feature_source': True, 'no_response_source': True, 'save_path': '/dev/shm/Uno/save/8999189.amn-0001/121', 'single': True, 'on_memory_loader': True, 'ckpt_checksum': True, 'ckpt_save_interval': 0, 'timeout': -1, 'train_bool': True, 'profiling': False, 'experiment_id': '8999189.amn-0001', 'run_id': '121', 'logfile': '/dev/shm/Uno/save/8999189.amn-0001/121/python.log', 'shuffle': False, 'ckpt_restart_mode': 'off', 'ckpt_skip_epochs': 0, 'ckpt_directory': '/dev/shm/Uno/save/8999189.amn-0001/121', 'ckpt_save_best': True, 'ckpt_save_best_metric': 'val_loss', 'ckpt_save_weights_only': False, 'ckpt_keep_mode': 'linear', 'ckpt_keep_limit': 5, 'by_cell': None, 'by_drug': None, 'cell_subset_path': '', 'drug_subset_path': '', 'drug_median_response_min': -1, 'drug_median_response_max': 1, 'dense_cell_feature_layers': None, 'dense_drug_feature_layers': None, 'use_filtered_genes': False, 'feature_subset_path': '', 'cell_feature_subset_path': '', 'drug_feature_subset_path': '', 'es': True, 'cp': False, 'tb': False, 'tb_prefix': 'tb', 'partition_by': None, 'cache': None, 'export_csv': None, 'export_data': None, 'use_exported_data': '/dev/shm/Uno/x1922c6s2b0n0.121.merged.landmark.h5', 'growth_bins': 0, 'initial_weights': None, 'save_weights': '/dev/shm/Uno/save/8999189.amn-0001/121/0.1.model.h5', 'config_file': '/home/brettin/CSC249ADOA01_CNDA/brettin/Benchmarks/Pilot1/Uno/uno_auc_model.txt', 'data_type': <class 'numpy.float32'>, 'data_dir': '/dev/shm/Uno/uno/Data', 'output_dir': '/dev/shm/Uno/uno/Output/8999189.amn-0001/121'}
2024-05-18 17:28:38 Feature encoding submodel for cell.rnaseq:
2024-05-18 17:28:38 Model: "cell.rnaseq"
2024-05-18 17:28:38 _________________________________________________________________
2024-05-18 17:28:38  Layer (type)                Output Shape              Param #   
2024-05-18 17:28:38 =================================================================
2024-05-18 17:28:38  input_1 (InputLayer)        [(None, 958)]             0         
2024-05-18 17:28:38                                                                  
2024-05-18 17:28:38  dense (Dense)               (None, 1000)              959000    
2024-05-18 17:28:38                                                                  
2024-05-18 17:28:38  permanent_dropout (Permane  (None, 1000)              0         
2024-05-18 17:28:38  ntDropout)                                                      
2024-05-18 17:28:38                                                                  
2024-05-18 17:28:38  dense_1 (Dense)             (None, 1000)              1001000   
2024-05-18 17:28:38                                                                  
2024-05-18 17:28:38  permanent_dropout_1 (Perma  (None, 1000)              0         
2024-05-18 17:28:38  nentDropout)                                                    
2024-05-18 17:28:38                                                                  
2024-05-18 17:28:38  dense_2 (Dense)             (None, 1000)              1001000   
2024-05-18 17:28:38                                                                  
2024-05-18 17:28:38  permanent_dropout_2 (Perma  (None, 1000)              0         
2024-05-18 17:28:38  nentDropout)                                                    
2024-05-18 17:28:38                                                                  
2024-05-18 17:28:38 =================================================================
2024-05-18 17:28:38 Total params: 2961000 (11.30 MB)
2024-05-18 17:28:38 Trainable params: 2961000 (11.30 MB)
2024-05-18 17:28:38 Non-trainable params: 0 (0.00 Byte)
2024-05-18 17:28:38 _________________________________________________________________
2024-05-18 17:28:38 Feature encoding submodel for drug.descriptors:
2024-05-18 17:28:38 Model: "drug.descriptors"
2024-05-18 17:28:38 _________________________________________________________________
2024-05-18 17:28:38  Layer (type)                Output Shape              Param #   
2024-05-18 17:28:38 =================================================================
2024-05-18 17:28:38  input_2 (InputLayer)        [(None, 1613)]            0         
2024-05-18 17:28:38                                                                  
2024-05-18 17:28:38  dense_3 (Dense)             (None, 1000)              1614000   
2024-05-18 17:28:38                                                                  
2024-05-18 17:28:38  permanent_dropout_3 (Perma  (None, 1000)              0         
2024-05-18 17:28:38  nentDropout)                                                    
2024-05-18 17:28:38                                                                  
2024-05-18 17:28:38  dense_4 (Dense)             (None, 1000)              1001000   
2024-05-18 17:28:38                                                                  
2024-05-18 17:28:38  permanent_dropout_4 (Perma  (None, 1000)              0         
2024-05-18 17:28:38  nentDropout)                                                    
2024-05-18 17:28:38                                                                  
2024-05-18 17:28:38  dense_5 (Dense)             (None, 1000)              1001000   
2024-05-18 17:28:38                                                                  
2024-05-18 17:28:38  permanent_dropout_5 (Perma  (None, 1000)              0         
2024-05-18 17:28:38  nentDropout)                                                    
2024-05-18 17:28:38                                                                  
2024-05-18 17:28:38 =================================================================
2024-05-18 17:28:38 Total params: 3616000 (13.79 MB)
2024-05-18 17:28:38 Trainable params: 3616000 (13.79 MB)
2024-05-18 17:28:38 Non-trainable params: 0 (0.00 Byte)
2024-05-18 17:28:38 _________________________________________________________________
2024-05-18 17:28:38 Combined model:
2024-05-18 17:28:38 Model: "model"
2024-05-18 17:28:38 __________________________________________________________________________________________________
2024-05-18 17:28:38  Layer (type)                Output Shape                 Param #   Connected to                  
2024-05-18 17:28:38 ==================================================================================================
2024-05-18 17:28:38  input.cell.rnaseq (InputLa  [(None, 958)]                0         []                            
2024-05-18 17:28:38  yer)                                                                                             
2024-05-18 17:28:38                                                                                                   
2024-05-18 17:28:38  input.drug1.descriptors (I  [(None, 1613)]               0         []                            
2024-05-18 17:28:38  nputLayer)                                                                                       
2024-05-18 17:28:38                                                                                                   
2024-05-18 17:28:38  cell.rnaseq (Functional)    (None, 1000)                 2961000   ['input.cell.rnaseq[0][0]']   
2024-05-18 17:28:38                                                                                                   
2024-05-18 17:28:38  drug.descriptors (Function  (None, 1000)                 3616000   ['input.drug1.descriptors[0][0
2024-05-18 17:28:38  al)                                                                ]']                           
2024-05-18 17:28:38                                                                                                   
2024-05-18 17:28:38  concatenate (Concatenate)   (None, 2000)                 0         ['cell.rnaseq[0][0]',         
2024-05-18 17:28:38                                                                      'drug.descriptors[0][0]']    
2024-05-18 17:28:38                                                                                                   
2024-05-18 17:28:38  dense_6 (Dense)             (None, 1000)                 2001000   ['concatenate[0][0]']         
2024-05-18 17:28:38                                                                                                   
2024-05-18 17:28:38  permanent_dropout_6 (Perma  (None, 1000)                 0         ['dense_6[0][0]']             
2024-05-18 17:28:38  nentDropout)                                                                                     
2024-05-18 17:28:38                                                                                                   
2024-05-18 17:28:38  dense_7 (Dense)             (None, 1000)                 1001000   ['permanent_dropout_6[0][0]'] 
2024-05-18 17:28:38                                                                                                   
2024-05-18 17:28:38  permanent_dropout_7 (Perma  (None, 1000)                 0         ['dense_7[0][0]']             
2024-05-18 17:28:38  nentDropout)                                                                                     
2024-05-18 17:28:38                                                                                                   
2024-05-18 17:28:38  dense_8 (Dense)             (None, 1000)                 1001000   ['permanent_dropout_7[0][0]'] 
2024-05-18 17:28:38                                                                                                   
2024-05-18 17:28:38  permanent_dropout_8 (Perma  (None, 1000)                 0         ['dense_8[0][0]']             
2024-05-18 17:28:38  nentDropout)                                                                                     
2024-05-18 17:28:38                                                                                                   
2024-05-18 17:28:38  dense_9 (Dense)             (None, 1000)                 1001000   ['permanent_dropout_8[0][0]'] 
2024-05-18 17:28:38                                                                                                   
2024-05-18 17:28:38  permanent_dropout_9 (Perma  (None, 1000)                 0         ['dense_9[0][0]']             
2024-05-18 17:28:38  nentDropout)                                                                                     
2024-05-18 17:28:38                                                                                                   
2024-05-18 17:28:38  dense_10 (Dense)            (None, 1000)                 1001000   ['permanent_dropout_9[0][0]'] 
2024-05-18 17:28:38                                                                                                   
2024-05-18 17:28:38  permanent_dropout_10 (Perm  (None, 1000)                 0         ['dense_10[0][0]']            
2024-05-18 17:28:38  anentDropout)                                                                                    
2024-05-18 17:28:38                                                                                                   
2024-05-18 17:28:38  dense_11 (Dense)            (None, 1)                    1001      ['permanent_dropout_10[0][0]']
2024-05-18 17:28:38                                                                                                   
2024-05-18 17:28:38 ==================================================================================================
2024-05-18 17:28:38 Total params: 12583001 (48.00 MB)
2024-05-18 17:28:38 Trainable params: 12583001 (48.00 MB)
2024-05-18 17:28:38 Non-trainable params: 0 (0.00 Byte)
2024-05-18 17:28:38 __________________________________________________________________________________________________
2024-05-18 17:28:38 CKPT CONSTRUCT...
2024-05-18 17:28:38 CKPT CONSTRUCT OK.
2024-05-18 17:28:38 template model: <keras.src.engine.functional.Functional object at 0x1485b492df70>
2024-05-18 17:28:40 COMPILE
2024-05-18 17:28:40 Will save weights to: /dev/shm/Uno/save/8999189.amn-0001/121/0.1.model.h5
2024-05-18 17:28:56 Between random pairs in y_val:
2024-05-18 17:28:56   mse: 0.04714172
2024-05-18 17:28:56   mae: 0.15916627
2024-05-18 17:28:56   r2: -0.99652077
2024-05-18 17:28:56   corr: 0.00173962
2024-05-18 17:28:56 Data points per epoch: train = 469685, val = 117422, test = 602
2024-05-18 17:28:56 Steps per epoch: train = 14677, val = 3669, test = 18
2024-05-18 17:28:56 Epoch 0: lr=0.001
2024-05-18 17:30:07 [Epoch: 0] loss: 0.026595, mae: 0.079245, r2: -0.235382, val_loss: 0.008281, val_mae: 0.066111, val_r2: 0.600351
2024-05-18 17:30:08 Epoch 1: lr=0.00082
2024-05-18 17:31:18 [Epoch: 1] loss: 0.008035, mae: 0.064025, r2: 0.620249, val_loss: 0.007794, val_mae: 0.061760, val_r2: 0.620874
2024-05-18 17:31:18 Epoch 2: lr=0.00064
2024-05-18 17:32:29 [Epoch: 2] loss: 0.007359, mae: 0.060980, r2: 0.650903, val_loss: 0.007107, val_mae: 0.060965, val_r2: 0.658930
2024-05-18 17:32:29 Epoch 3: lr=0.00046
2024-05-18 17:33:40 [Epoch: 3] loss: 0.006859, mae: 0.058737, r2: 0.673439, val_loss: 0.006782, val_mae: 0.058661, val_r2: 0.674373
2024-05-18 17:33:40 Epoch 4: lr=0.00028
2024-05-18 17:34:51 [Epoch: 4] loss: 0.006458, mae: 0.056924, r2: 0.691525, val_loss: 0.006503, val_mae: 0.056954, val_r2: 0.687105
2024-05-18 17:34:51 Epoch 5: lr=0.0001
2024-05-18 17:36:01 [Epoch: 5] loss: 0.006125, mae: 0.055370, r2: 0.707067, val_loss: 0.006384, val_mae: 0.056180, val_r2: 0.691528
2024-05-18 17:36:01 Epoch 6: lr=0.0001
2024-05-18 17:37:11 [Epoch: 6] loss: 0.006020, mae: 0.054905, r2: 0.712008, val_loss: 0.006323, val_mae: 0.055950, val_r2: 0.694876
2024-05-18 17:37:11 Epoch 7: lr=0.0001
2024-05-18 17:38:22 [Epoch: 7] loss: 0.005950, mae: 0.054595, r2: 0.715390, val_loss: 0.006306, val_mae: 0.055921, val_r2: 0.696654
2024-05-18 17:38:22 Epoch 8: lr=0.0001
2024-05-18 17:39:33 [Epoch: 8] loss: 0.005875, mae: 0.054264, r2: 0.718974, val_loss: 0.006265, val_mae: 0.055849, val_r2: 0.699226
2024-05-18 17:39:33 Epoch 9: lr=0.0001
2024-05-18 17:40:44 [Epoch: 9] loss: 0.005811, mae: 0.053954, r2: 0.721620, val_loss: 0.006262, val_mae: 0.055339, val_r2: 0.697347
2024-05-18 17:40:44 Epoch 10: lr=0.0001
2024-05-18 17:41:54 [Epoch: 10] loss: 0.005758, mae: 0.053690, r2: 0.724054, val_loss: 0.006227, val_mae: 0.055447, val_r2: 0.698631
2024-05-18 17:41:54 Epoch 11: lr=0.0001
2024-05-18 17:43:05 [Epoch: 11] loss: 0.005674, mae: 0.053331, r2: 0.728013, val_loss: 0.006216, val_mae: 0.055755, val_r2: 0.698891
2024-05-18 17:43:05 Epoch 12: lr=0.0001
2024-05-18 17:44:16 [Epoch: 12] loss: 0.005623, mae: 0.053097, r2: 0.730747, val_loss: 0.006201, val_mae: 0.055076, val_r2: 0.699891
2024-05-18 17:44:16 Epoch 13: lr=0.0001
2024-05-18 17:45:26 [Epoch: 13] loss: 0.005566, mae: 0.052821, r2: 0.733238, val_loss: 0.006171, val_mae: 0.055098, val_r2: 0.701395
2024-05-18 17:45:27 Epoch 14: lr=5e-05
2024-05-18 17:46:37 [Epoch: 14] loss: 0.005446, mae: 0.052294, r2: 0.738823, val_loss: 0.006163, val_mae: 0.055134, val_r2: 0.701687
2024-05-18 17:46:37 Epoch 15: lr=5e-05
2024-05-18 17:47:48 [Epoch: 15] loss: 0.005411, mae: 0.052103, r2: 0.740474, val_loss: 0.006117, val_mae: 0.054850, val_r2: 0.703498
2024-05-18 17:47:48 Epoch 16: lr=5e-05
2024-05-18 17:48:59 [Epoch: 16] loss: 0.005379, mae: 0.051988, r2: 0.741776, val_loss: 0.006138, val_mae: 0.054673, val_r2: 0.702762
2024-05-18 17:48:59 Epoch 17: lr=5e-05
2024-05-18 17:50:10 [Epoch: 17] loss: 0.005332, mae: 0.051731, r2: 0.744032, val_loss: 0.006116, val_mae: 0.054546, val_r2: 0.704624
2024-05-18 17:50:10 Epoch 18: lr=5e-05
2024-05-18 17:51:20 [Epoch: 18] loss: 0.005306, mae: 0.051659, r2: 0.745329, val_loss: 0.006106, val_mae: 0.054641, val_r2: 0.704631
2024-05-18 17:51:20 Epoch 19: lr=5e-05
2024-05-18 17:52:30 [Epoch: 19] loss: 0.005282, mae: 0.051535, r2: 0.746441, val_loss: 0.006122, val_mae: 0.054514, val_r2: 0.703993
2024-05-18 17:52:30 Epoch 20: lr=2.5e-05
2024-05-18 17:53:41 [Epoch: 20] loss: 0.005220, mae: 0.051230, r2: 0.749114, val_loss: 0.006109, val_mae: 0.054656, val_r2: 0.703750
2024-05-18 17:53:41 Epoch 21: lr=2.5e-05
2024-05-18 17:54:52 [Epoch: 21] loss: 0.005199, mae: 0.051101, r2: 0.750208, val_loss: 0.006093, val_mae: 0.054537, val_r2: 0.704635
2024-05-18 17:54:52 Epoch 22: lr=2.5e-05
2024-05-18 17:56:03 [Epoch: 22] loss: 0.005188, mae: 0.051088, r2: 0.750532, val_loss: 0.006086, val_mae: 0.054370, val_r2: 0.705099
2024-05-18 17:56:03 Epoch 23: lr=2.5e-05
2024-05-18 17:57:13 [Epoch: 23] loss: 0.005170, mae: 0.050976, r2: 0.751416, val_loss: 0.006088, val_mae: 0.054433, val_r2: 0.705428
2024-05-18 17:57:13 Epoch 24: lr=2.5e-05
2024-05-18 17:58:24 [Epoch: 24] loss: 0.005155, mae: 0.050964, r2: 0.752016, val_loss: 0.006097, val_mae: 0.054723, val_r2: 0.705200
2024-05-18 17:58:24 Epoch 25: lr=1.25e-05
2024-05-18 17:59:35 [Epoch: 25] loss: 0.005111, mae: 0.050744, r2: 0.754223, val_loss: 0.006088, val_mae: 0.054507, val_r2: 0.705391
2024-05-18 17:59:35 Epoch 26: lr=1.25e-05
2024-05-18 18:00:46 [Epoch: 26] loss: 0.005100, mae: 0.050677, r2: 0.754514, val_loss: 0.006079, val_mae: 0.054484, val_r2: 0.706821
2024-05-18 18:00:46 Epoch 27: lr=1.25e-05
2024-05-18 18:01:56 [Epoch: 27] loss: 0.005095, mae: 0.050688, r2: 0.755171, val_loss: 0.006068, val_mae: 0.054517, val_r2: 0.706200
2024-05-18 18:01:57 Epoch 28: lr=1.25e-05
2024-05-18 18:03:06 [Epoch: 28] loss: 0.005095, mae: 0.050675, r2: 0.754979, val_loss: 0.006072, val_mae: 0.054407, val_r2: 0.706975
2024-05-18 18:03:06 Epoch 29: lr=1.25e-05
2024-05-18 18:04:17 [Epoch: 29] loss: 0.005084, mae: 0.050630, r2: 0.755640, val_loss: 0.006061, val_mae: 0.054400, val_r2: 0.706432
2024-05-18 18:04:17 Epoch 30: lr=1.25e-05
2024-05-18 18:05:28 [Epoch: 30] loss: 0.005076, mae: 0.050589, r2: 0.755813, val_loss: 0.006096, val_mae: 0.054463, val_r2: 0.704970
2024-05-18 18:05:28 Epoch 31: lr=1.25e-05
2024-05-18 18:06:38 [Epoch: 31] loss: 0.005066, mae: 0.050544, r2: 0.756331, val_loss: 0.006067, val_mae: 0.054563, val_r2: 0.706924
2024-05-18 18:06:38 Epoch 32: lr=1.25e-05
2024-05-18 18:07:48 [Epoch: 32] loss: 0.005061, mae: 0.050488, r2: 0.756670, val_loss: 0.006091, val_mae: 0.054519, val_r2: 0.705430
2024-05-18 18:07:48 Epoch 33: lr=1.25e-05
2024-05-18 18:08:59 [Epoch: 33] loss: 0.005050, mae: 0.050464, r2: 0.756926, val_loss: 0.006084, val_mae: 0.054434, val_r2: 0.705426
2024-05-18 18:08:59 Epoch 34: lr=1.25e-05
2024-05-18 18:10:10 [Epoch: 34] loss: 0.005044, mae: 0.050446, r2: 0.757286, val_loss: 0.006079, val_mae: 0.054410, val_r2: 0.705763
2024-05-18 18:10:10 Epoch 35: lr=1e-05
2024-05-18 18:11:21 [Epoch: 35] loss: 0.005040, mae: 0.050400, r2: 0.757731, val_loss: 0.006098, val_mae: 0.054397, val_r2: 0.705510
2024-05-18 18:11:21 Epoch 36: lr=1e-05
2024-05-18 18:12:32 [Epoch: 36] loss: 0.005026, mae: 0.050352, r2: 0.758259, val_loss: 0.006086, val_mae: 0.054476, val_r2: 0.705801
2024-05-18 18:12:32 Epoch 37: lr=1e-05
2024-05-18 18:13:42 [Epoch: 37] loss: 0.005030, mae: 0.050344, r2: 0.758009, val_loss: 0.006083, val_mae: 0.054359, val_r2: 0.706011
2024-05-18 18:13:43 Epoch 38: lr=1e-05
2024-05-18 18:14:53 [Epoch: 38] loss: 0.005012, mae: 0.050281, r2: 0.758838, val_loss: 0.006064, val_mae: 0.054413, val_r2: 0.706575
2024-05-18 18:14:53 Epoch 39: lr=1e-05
2024-05-18 18:16:04 [Epoch: 39] loss: 0.005014, mae: 0.050293, r2: 0.758921, val_loss: 0.006101, val_mae: 0.054505, val_r2: 0.705148
2024-05-18 18:16:05 history_length: 40
2024-05-18 18:16:05 stopping: early
2024-05-18 18:16:05 Comparing y_true and y_pred:
2024-05-18 18:16:05   mse: 0.01315107
2024-05-18 18:16:05   mae: 0.08941413
2024-05-18 18:16:05   r2: -1.92517595
2024-05-18 18:16:05   corr: 0.55127773
