2024-04-29 10:35:23 UNO RUN ...
2024-04-29 10:35:23 Params: {'model_name': 'uno', 'train_sources': ['CCLE'], 'test_sources': ['train'], 'cell_types': None, 'cell_features': ['rnaseq'], 'drug_features': ['descriptors'], 'dense': [1000, 1000, 1000, 1000, 1000], 'dense_feature_layers': [1000, 1000, 1000], 'activation': 'relu', 'loss': 'mse', 'optimizer': 'adamax', 'scaling': 'std', 'dropout': 0.1, 'epochs': 30, 'batch_size': 32, 'val_split': 0.2, 'cv': 1, 'max_val_loss': 1.0, 'learning_rate': 0.0001, 'base_lr': None, 'agg_dose': 'AUC', 'residual': False, 'reduce_lr': True, 'warmup_lr': True, 'batch_normalization': False, 'feature_subsample': 0, 'rng_seed': 2018, 'no_gen': False, 'verbose': False, 'preprocess_rnaseq': 'source_scale', 'gpus': [0], 'use_landmark_genes': True, 'no_feature_source': True, 'no_response_source': True, 'save_path': '/dev/shm/Uno/save/8994056.amn-0001/17', 'single': True, 'on_memory_loader': True, 'ckpt_checksum': True, 'ckpt_save_interval': 0, 'timeout': -1, 'train_bool': True, 'profiling': False, 'experiment_id': '8994056.amn-0001', 'run_id': '17', 'logfile': '/dev/shm/Uno/save/8994056.amn-0001/17/python.log', 'shuffle': False, 'ckpt_restart_mode': 'off', 'ckpt_skip_epochs': 0, 'ckpt_directory': '/dev/shm/Uno/save/8994056.amn-0001/17', 'ckpt_save_best': True, 'ckpt_save_best_metric': 'val_loss', 'ckpt_save_weights_only': False, 'ckpt_keep_mode': 'linear', 'ckpt_keep_limit': 5, 'by_cell': None, 'by_drug': None, 'cell_subset_path': '', 'drug_subset_path': '', 'drug_median_response_min': -1, 'drug_median_response_max': 1, 'dense_cell_feature_layers': None, 'dense_drug_feature_layers': None, 'use_filtered_genes': False, 'feature_subset_path': '', 'cell_feature_subset_path': '', 'drug_feature_subset_path': '', 'es': True, 'cp': False, 'tb': False, 'tb_prefix': 'tb', 'partition_by': None, 'cache': None, 'export_csv': None, 'export_data': None, 'use_exported_data': '/dev/shm/Uno/x1921c6s6b0n0.17.merged.landmark.h5', 'growth_bins': 0, 'initial_weights': None, 'save_weights': '/dev/shm/Uno/save/8994056.amn-0001/17/2.1.model.h5', 'config_file': '/home/brettin/CSC249ADOA01_CNDA/brettin/Benchmarks/Pilot1/Uno/uno_auc_model.txt', 'data_type': <class 'numpy.float32'>, 'data_dir': '/dev/shm/Uno/uno/Data', 'output_dir': '/dev/shm/Uno/uno/Output/8994056.amn-0001/17'}
2024-04-29 10:35:24 Feature encoding submodel for cell.rnaseq:
2024-04-29 10:35:24 Model: "cell.rnaseq"
2024-04-29 10:35:24 _________________________________________________________________
2024-04-29 10:35:24  Layer (type)                Output Shape              Param #   
2024-04-29 10:35:24 =================================================================
2024-04-29 10:35:24  input_1 (InputLayer)        [(None, 958)]             0         
2024-04-29 10:35:24                                                                  
2024-04-29 10:35:24  dense (Dense)               (None, 1000)              959000    
2024-04-29 10:35:24                                                                  
2024-04-29 10:35:24  permanent_dropout (Permane  (None, 1000)              0         
2024-04-29 10:35:24  ntDropout)                                                      
2024-04-29 10:35:24                                                                  
2024-04-29 10:35:24  dense_1 (Dense)             (None, 1000)              1001000   
2024-04-29 10:35:24                                                                  
2024-04-29 10:35:24  permanent_dropout_1 (Perma  (None, 1000)              0         
2024-04-29 10:35:24  nentDropout)                                                    
2024-04-29 10:35:24                                                                  
2024-04-29 10:35:24  dense_2 (Dense)             (None, 1000)              1001000   
2024-04-29 10:35:24                                                                  
2024-04-29 10:35:24  permanent_dropout_2 (Perma  (None, 1000)              0         
2024-04-29 10:35:24  nentDropout)                                                    
2024-04-29 10:35:24                                                                  
2024-04-29 10:35:24 =================================================================
2024-04-29 10:35:24 Total params: 2961000 (11.30 MB)
2024-04-29 10:35:24 Trainable params: 2961000 (11.30 MB)
2024-04-29 10:35:24 Non-trainable params: 0 (0.00 Byte)
2024-04-29 10:35:24 _________________________________________________________________
2024-04-29 10:35:24 Feature encoding submodel for drug.descriptors:
2024-04-29 10:35:24 Model: "drug.descriptors"
2024-04-29 10:35:24 _________________________________________________________________
2024-04-29 10:35:24  Layer (type)                Output Shape              Param #   
2024-04-29 10:35:24 =================================================================
2024-04-29 10:35:24  input_2 (InputLayer)        [(None, 1613)]            0         
2024-04-29 10:35:24                                                                  
2024-04-29 10:35:24  dense_3 (Dense)             (None, 1000)              1614000   
2024-04-29 10:35:24                                                                  
2024-04-29 10:35:24  permanent_dropout_3 (Perma  (None, 1000)              0         
2024-04-29 10:35:24  nentDropout)                                                    
2024-04-29 10:35:24                                                                  
2024-04-29 10:35:24  dense_4 (Dense)             (None, 1000)              1001000   
2024-04-29 10:35:24                                                                  
2024-04-29 10:35:24  permanent_dropout_4 (Perma  (None, 1000)              0         
2024-04-29 10:35:24  nentDropout)                                                    
2024-04-29 10:35:24                                                                  
2024-04-29 10:35:24  dense_5 (Dense)             (None, 1000)              1001000   
2024-04-29 10:35:24                                                                  
2024-04-29 10:35:24  permanent_dropout_5 (Perma  (None, 1000)              0         
2024-04-29 10:35:24  nentDropout)                                                    
2024-04-29 10:35:24                                                                  
2024-04-29 10:35:24 =================================================================
2024-04-29 10:35:24 Total params: 3616000 (13.79 MB)
2024-04-29 10:35:24 Trainable params: 3616000 (13.79 MB)
2024-04-29 10:35:24 Non-trainable params: 0 (0.00 Byte)
2024-04-29 10:35:24 _________________________________________________________________
2024-04-29 10:35:24 Combined model:
2024-04-29 10:35:24 Model: "model"
2024-04-29 10:35:24 __________________________________________________________________________________________________
2024-04-29 10:35:24  Layer (type)                Output Shape                 Param #   Connected to                  
2024-04-29 10:35:24 ==================================================================================================
2024-04-29 10:35:24  input.cell.rnaseq (InputLa  [(None, 958)]                0         []                            
2024-04-29 10:35:24  yer)                                                                                             
2024-04-29 10:35:24                                                                                                   
2024-04-29 10:35:24  input.drug1.descriptors (I  [(None, 1613)]               0         []                            
2024-04-29 10:35:24  nputLayer)                                                                                       
2024-04-29 10:35:24                                                                                                   
2024-04-29 10:35:24  cell.rnaseq (Functional)    (None, 1000)                 2961000   ['input.cell.rnaseq[0][0]']   
2024-04-29 10:35:24                                                                                                   
2024-04-29 10:35:24  drug.descriptors (Function  (None, 1000)                 3616000   ['input.drug1.descriptors[0][0
2024-04-29 10:35:24  al)                                                                ]']                           
2024-04-29 10:35:24                                                                                                   
2024-04-29 10:35:24  concatenate (Concatenate)   (None, 2000)                 0         ['cell.rnaseq[0][0]',         
2024-04-29 10:35:24                                                                      'drug.descriptors[0][0]']    
2024-04-29 10:35:24                                                                                                   
2024-04-29 10:35:24  dense_6 (Dense)             (None, 1000)                 2001000   ['concatenate[0][0]']         
2024-04-29 10:35:24                                                                                                   
2024-04-29 10:35:24  permanent_dropout_6 (Perma  (None, 1000)                 0         ['dense_6[0][0]']             
2024-04-29 10:35:24  nentDropout)                                                                                     
2024-04-29 10:35:24                                                                                                   
2024-04-29 10:35:24  dense_7 (Dense)             (None, 1000)                 1001000   ['permanent_dropout_6[0][0]'] 
2024-04-29 10:35:24                                                                                                   
2024-04-29 10:35:24  permanent_dropout_7 (Perma  (None, 1000)                 0         ['dense_7[0][0]']             
2024-04-29 10:35:24  nentDropout)                                                                                     
2024-04-29 10:35:24                                                                                                   
2024-04-29 10:35:24  dense_8 (Dense)             (None, 1000)                 1001000   ['permanent_dropout_7[0][0]'] 
2024-04-29 10:35:24                                                                                                   
2024-04-29 10:35:24  permanent_dropout_8 (Perma  (None, 1000)                 0         ['dense_8[0][0]']             
2024-04-29 10:35:24  nentDropout)                                                                                     
2024-04-29 10:35:24                                                                                                   
2024-04-29 10:35:24  dense_9 (Dense)             (None, 1000)                 1001000   ['permanent_dropout_8[0][0]'] 
2024-04-29 10:35:24                                                                                                   
2024-04-29 10:35:24  permanent_dropout_9 (Perma  (None, 1000)                 0         ['dense_9[0][0]']             
2024-04-29 10:35:24  nentDropout)                                                                                     
2024-04-29 10:35:24                                                                                                   
2024-04-29 10:35:24  dense_10 (Dense)            (None, 1000)                 1001000   ['permanent_dropout_9[0][0]'] 
2024-04-29 10:35:24                                                                                                   
2024-04-29 10:35:24  permanent_dropout_10 (Perm  (None, 1000)                 0         ['dense_10[0][0]']            
2024-04-29 10:35:24  anentDropout)                                                                                    
2024-04-29 10:35:24                                                                                                   
2024-04-29 10:35:24  dense_11 (Dense)            (None, 1)                    1001      ['permanent_dropout_10[0][0]']
2024-04-29 10:35:24                                                                                                   
2024-04-29 10:35:24 ==================================================================================================
2024-04-29 10:35:24 Total params: 12583001 (48.00 MB)
2024-04-29 10:35:24 Trainable params: 12583001 (48.00 MB)
2024-04-29 10:35:24 Non-trainable params: 0 (0.00 Byte)
2024-04-29 10:35:24 __________________________________________________________________________________________________
2024-04-29 10:35:24 CKPT CONSTRUCT...
2024-04-29 10:35:24 CKPT CONSTRUCT OK.
2024-04-29 10:35:24 template model: <keras.src.engine.functional.Functional object at 0x149386ae37c0>
2024-04-29 10:35:26 COMPILE
2024-04-29 10:35:26 Will save weights to: /dev/shm/Uno/save/8994056.amn-0001/17/2.1.model.h5
2024-04-29 10:35:43 Between random pairs in y_val:
2024-04-29 10:35:43   mse: 0.04713853
2024-04-29 10:35:43   mae: 0.15921631
2024-04-29 10:35:43   r2: -0.99920352
2024-04-29 10:35:43   corr: 0.00039824
2024-04-29 10:35:43 Data points per epoch: train = 470167, val = 117542, test = 674
2024-04-29 10:35:43 Steps per epoch: train = 14692, val = 3673, test = 21
2024-04-29 10:35:43 Epoch 0: lr=0.001
2024-04-29 10:36:57 [Epoch: 0] loss: 0.028238, mae: 0.079350, r2: -0.017781, val_loss: 0.008861, val_mae: 0.070639, val_r2: 0.581467
2024-04-29 10:36:57 Epoch 1: lr=0.00082
2024-04-29 10:38:10 [Epoch: 1] loss: 0.007964, mae: 0.063780, r2: 0.622085, val_loss: 0.007702, val_mae: 0.062890, val_r2: 0.629498
2024-04-29 10:38:10 Epoch 2: lr=0.00064
2024-04-29 10:39:23 [Epoch: 2] loss: 0.007285, mae: 0.060704, r2: 0.653751, val_loss: 0.007319, val_mae: 0.059818, val_r2: 0.650572
2024-04-29 10:39:23 Epoch 3: lr=0.00046
2024-04-29 10:40:36 [Epoch: 3] loss: 0.006789, mae: 0.058420, r2: 0.676231, val_loss: 0.006911, val_mae: 0.058776, val_r2: 0.670133
2024-04-29 10:40:36 Epoch 4: lr=0.00028
2024-04-29 10:41:48 [Epoch: 4] loss: 0.006407, mae: 0.056686, r2: 0.693876, val_loss: 0.006652, val_mae: 0.057050, val_r2: 0.681721
2024-04-29 10:41:48 Epoch 5: lr=0.0001
2024-04-29 10:43:01 [Epoch: 5] loss: 0.006071, mae: 0.055101, r2: 0.709343, val_loss: 0.006478, val_mae: 0.056413, val_r2: 0.688230
2024-04-29 10:43:01 Epoch 6: lr=0.0001
2024-04-29 10:44:14 [Epoch: 6] loss: 0.005968, mae: 0.054669, r2: 0.714148, val_loss: 0.006416, val_mae: 0.056115, val_r2: 0.690772
2024-04-29 10:44:14 Epoch 7: lr=0.0001
2024-04-29 10:45:27 [Epoch: 7] loss: 0.005887, mae: 0.054305, r2: 0.718119, val_loss: 0.006375, val_mae: 0.056083, val_r2: 0.692551
2024-04-29 10:45:27 Epoch 8: lr=0.0001
2024-04-29 10:46:39 [Epoch: 8] loss: 0.005821, mae: 0.053989, r2: 0.721028, val_loss: 0.006371, val_mae: 0.055800, val_r2: 0.692704
2024-04-29 10:46:39 Epoch 9: lr=0.0001
2024-04-29 10:47:52 [Epoch: 9] loss: 0.005765, mae: 0.053739, r2: 0.723614, val_loss: 0.006325, val_mae: 0.055799, val_r2: 0.695342
2024-04-29 10:47:52 Epoch 10: lr=0.0001
2024-04-29 10:49:05 [Epoch: 10] loss: 0.005705, mae: 0.053440, r2: 0.726456, val_loss: 0.006368, val_mae: 0.055443, val_r2: 0.693724
2024-04-29 10:49:05 Epoch 11: lr=0.0001
2024-04-29 10:50:18 [Epoch: 11] loss: 0.005642, mae: 0.053198, r2: 0.729580, val_loss: 0.006307, val_mae: 0.055316, val_r2: 0.696840
2024-04-29 10:50:19 Epoch 12: lr=0.0001
2024-04-29 10:51:31 [Epoch: 12] loss: 0.005588, mae: 0.052928, r2: 0.732097, val_loss: 0.006261, val_mae: 0.055218, val_r2: 0.698905
2024-04-29 10:51:31 Epoch 13: lr=0.0001
2024-04-29 10:52:44 [Epoch: 13] loss: 0.005527, mae: 0.052637, r2: 0.734778, val_loss: 0.006250, val_mae: 0.055306, val_r2: 0.698430
2024-04-29 10:52:44 Epoch 14: lr=0.0001
2024-04-29 10:53:57 [Epoch: 14] loss: 0.005480, mae: 0.052406, r2: 0.736932, val_loss: 0.006228, val_mae: 0.055028, val_r2: 0.699968
2024-04-29 10:53:57 Epoch 15: lr=0.0001
2024-04-29 10:55:10 [Epoch: 15] loss: 0.005429, mae: 0.052188, r2: 0.739299, val_loss: 0.006199, val_mae: 0.055381, val_r2: 0.701405
2024-04-29 10:55:10 Epoch 16: lr=0.0001
2024-04-29 10:56:23 [Epoch: 16] loss: 0.005378, mae: 0.051954, r2: 0.741612, val_loss: 0.006216, val_mae: 0.055384, val_r2: 0.699232
2024-04-29 10:56:23 Epoch 17: lr=0.0001
2024-04-29 10:57:36 [Epoch: 17] loss: 0.005335, mae: 0.051774, r2: 0.743662, val_loss: 0.006172, val_mae: 0.054787, val_r2: 0.701586
2024-04-29 10:57:36 Epoch 18: lr=5e-05
2024-04-29 10:58:49 [Epoch: 18] loss: 0.005219, mae: 0.051212, r2: 0.749034, val_loss: 0.006166, val_mae: 0.055004, val_r2: 0.702086
2024-04-29 10:58:49 Epoch 19: lr=5e-05
2024-04-29 11:00:02 [Epoch: 19] loss: 0.005172, mae: 0.051046, r2: 0.751312, val_loss: 0.006198, val_mae: 0.054644, val_r2: 0.700823
2024-04-29 11:00:02 Epoch 20: lr=5e-05
2024-04-29 11:01:15 [Epoch: 20] loss: 0.005148, mae: 0.050868, r2: 0.752457, val_loss: 0.006132, val_mae: 0.054772, val_r2: 0.704170
2024-04-29 11:01:15 Epoch 21: lr=5e-05
2024-04-29 11:02:27 [Epoch: 21] loss: 0.005124, mae: 0.050713, r2: 0.753386, val_loss: 0.006152, val_mae: 0.054529, val_r2: 0.702912
2024-04-29 11:02:27 Epoch 22: lr=5e-05
2024-04-29 11:03:40 [Epoch: 22] loss: 0.005097, mae: 0.050630, r2: 0.754437, val_loss: 0.006141, val_mae: 0.054614, val_r2: 0.703769
2024-04-29 11:03:40 Epoch 23: lr=5e-05
2024-04-29 11:04:53 [Epoch: 23] loss: 0.005075, mae: 0.050501, r2: 0.755578, val_loss: 0.006108, val_mae: 0.054572, val_r2: 0.705964
2024-04-29 11:04:53 Epoch 24: lr=5e-05
2024-04-29 11:06:06 [Epoch: 24] loss: 0.005051, mae: 0.050405, r2: 0.757089, val_loss: 0.006122, val_mae: 0.054708, val_r2: 0.704826
2024-04-29 11:06:06 Epoch 25: lr=5e-05
2024-04-29 11:07:19 [Epoch: 25] loss: 0.005016, mae: 0.050230, r2: 0.758429, val_loss: 0.006099, val_mae: 0.054365, val_r2: 0.705483
2024-04-29 11:07:19 Epoch 26: lr=2.5e-05
2024-04-29 11:08:33 [Epoch: 26] loss: 0.004966, mae: 0.049976, r2: 0.760702, val_loss: 0.006105, val_mae: 0.054430, val_r2: 0.704946
2024-04-29 11:08:33 Epoch 27: lr=2.5e-05
2024-04-29 11:09:46 [Epoch: 27] loss: 0.004947, mae: 0.049903, r2: 0.761394, val_loss: 0.006082, val_mae: 0.054429, val_r2: 0.706454
2024-04-29 11:09:46 Epoch 28: lr=2.5e-05
2024-04-29 11:10:59 [Epoch: 28] loss: 0.004934, mae: 0.049835, r2: 0.762298, val_loss: 0.006123, val_mae: 0.054405, val_r2: 0.705098
2024-04-29 11:11:00 Epoch 29: lr=2.5e-05
2024-04-29 11:12:13 [Epoch: 29] loss: 0.004913, mae: 0.049741, r2: 0.763243, val_loss: 0.006115, val_mae: 0.054705, val_r2: 0.704924
2024-04-29 11:12:13 history_length: 30
2024-04-29 11:12:13 stopping: complete
2024-04-29 11:12:13 Comparing y_true and y_pred:
2024-04-29 11:12:13   mse: 0.00181240
2024-04-29 11:12:13   mae: 0.02947698
2024-04-29 11:12:13   r2: -0.00828503
2024-04-29 11:12:13   corr: 0.15105737
