2024-05-09 11:42:31 UNO RUN ...
2024-05-09 11:42:31 Params: {'model_name': 'uno', 'train_sources': ['CCLE'], 'test_sources': ['train'], 'cell_types': None, 'cell_features': ['rnaseq'], 'drug_features': ['descriptors'], 'dense': [1000, 1000, 1000, 1000, 1000], 'dense_feature_layers': [1000, 1000, 1000], 'activation': 'relu', 'loss': 'mse', 'optimizer': 'adamax', 'scaling': 'std', 'dropout': 0.1, 'epochs': 30, 'batch_size': 32, 'val_split': 0.2, 'cv': 1, 'max_val_loss': 1.0, 'learning_rate': 0.0001, 'base_lr': None, 'agg_dose': 'AUC', 'residual': False, 'reduce_lr': True, 'warmup_lr': True, 'batch_normalization': False, 'feature_subsample': 0, 'rng_seed': 2018, 'no_gen': False, 'verbose': False, 'preprocess_rnaseq': 'source_scale', 'gpus': [0], 'use_landmark_genes': True, 'no_feature_source': True, 'no_response_source': True, 'save_path': '/dev/shm/Uno/save/8996461.amn-0001/362', 'single': True, 'on_memory_loader': True, 'ckpt_checksum': True, 'ckpt_save_interval': 0, 'timeout': -1, 'train_bool': True, 'profiling': False, 'experiment_id': '8996461.amn-0001', 'run_id': '362', 'logfile': '/dev/shm/Uno/save/8996461.amn-0001/362/python.log', 'shuffle': False, 'ckpt_restart_mode': 'off', 'ckpt_skip_epochs': 0, 'ckpt_directory': '/dev/shm/Uno/save/8996461.amn-0001/362', 'ckpt_save_best': True, 'ckpt_save_best_metric': 'val_loss', 'ckpt_save_weights_only': False, 'ckpt_keep_mode': 'linear', 'ckpt_keep_limit': 5, 'by_cell': None, 'by_drug': None, 'cell_subset_path': '', 'drug_subset_path': '', 'drug_median_response_min': -1, 'drug_median_response_max': 1, 'dense_cell_feature_layers': None, 'dense_drug_feature_layers': None, 'use_filtered_genes': False, 'feature_subset_path': '', 'cell_feature_subset_path': '', 'drug_feature_subset_path': '', 'es': True, 'cp': False, 'tb': False, 'tb_prefix': 'tb', 'partition_by': None, 'cache': None, 'export_csv': None, 'export_data': None, 'use_exported_data': '/dev/shm/Uno/x1921c5s0b0n0.362.merged.landmark.h5', 'growth_bins': 0, 'initial_weights': None, 'save_weights': '/dev/shm/Uno/save/8996461.amn-0001/362/1.0.model.h5', 'config_file': '/home/brettin/CSC249ADOA01_CNDA/brettin/Benchmarks/Pilot1/Uno/uno_auc_model.txt', 'data_type': <class 'numpy.float32'>, 'data_dir': '/dev/shm/Uno/uno/Data', 'output_dir': '/dev/shm/Uno/uno/Output/8996461.amn-0001/362'}
2024-05-09 11:42:31 Feature encoding submodel for cell.rnaseq:
2024-05-09 11:42:31 Model: "cell.rnaseq"
2024-05-09 11:42:31 _________________________________________________________________
2024-05-09 11:42:31  Layer (type)                Output Shape              Param #   
2024-05-09 11:42:31 =================================================================
2024-05-09 11:42:31  input_1 (InputLayer)        [(None, 958)]             0         
2024-05-09 11:42:31                                                                  
2024-05-09 11:42:31  dense (Dense)               (None, 1000)              959000    
2024-05-09 11:42:31                                                                  
2024-05-09 11:42:31  permanent_dropout (Permane  (None, 1000)              0         
2024-05-09 11:42:31  ntDropout)                                                      
2024-05-09 11:42:31                                                                  
2024-05-09 11:42:31  dense_1 (Dense)             (None, 1000)              1001000   
2024-05-09 11:42:31                                                                  
2024-05-09 11:42:31  permanent_dropout_1 (Perma  (None, 1000)              0         
2024-05-09 11:42:31  nentDropout)                                                    
2024-05-09 11:42:31                                                                  
2024-05-09 11:42:31  dense_2 (Dense)             (None, 1000)              1001000   
2024-05-09 11:42:31                                                                  
2024-05-09 11:42:31  permanent_dropout_2 (Perma  (None, 1000)              0         
2024-05-09 11:42:31  nentDropout)                                                    
2024-05-09 11:42:31                                                                  
2024-05-09 11:42:31 =================================================================
2024-05-09 11:42:31 Total params: 2961000 (11.30 MB)
2024-05-09 11:42:31 Trainable params: 2961000 (11.30 MB)
2024-05-09 11:42:31 Non-trainable params: 0 (0.00 Byte)
2024-05-09 11:42:31 _________________________________________________________________
2024-05-09 11:42:31 Feature encoding submodel for drug.descriptors:
2024-05-09 11:42:31 Model: "drug.descriptors"
2024-05-09 11:42:31 _________________________________________________________________
2024-05-09 11:42:31  Layer (type)                Output Shape              Param #   
2024-05-09 11:42:31 =================================================================
2024-05-09 11:42:31  input_2 (InputLayer)        [(None, 1613)]            0         
2024-05-09 11:42:31                                                                  
2024-05-09 11:42:31  dense_3 (Dense)             (None, 1000)              1614000   
2024-05-09 11:42:31                                                                  
2024-05-09 11:42:31  permanent_dropout_3 (Perma  (None, 1000)              0         
2024-05-09 11:42:31  nentDropout)                                                    
2024-05-09 11:42:31                                                                  
2024-05-09 11:42:31  dense_4 (Dense)             (None, 1000)              1001000   
2024-05-09 11:42:31                                                                  
2024-05-09 11:42:31  permanent_dropout_4 (Perma  (None, 1000)              0         
2024-05-09 11:42:31  nentDropout)                                                    
2024-05-09 11:42:31                                                                  
2024-05-09 11:42:31  dense_5 (Dense)             (None, 1000)              1001000   
2024-05-09 11:42:31                                                                  
2024-05-09 11:42:31  permanent_dropout_5 (Perma  (None, 1000)              0         
2024-05-09 11:42:31  nentDropout)                                                    
2024-05-09 11:42:31                                                                  
2024-05-09 11:42:31 =================================================================
2024-05-09 11:42:31 Total params: 3616000 (13.79 MB)
2024-05-09 11:42:31 Trainable params: 3616000 (13.79 MB)
2024-05-09 11:42:31 Non-trainable params: 0 (0.00 Byte)
2024-05-09 11:42:31 _________________________________________________________________
2024-05-09 11:42:31 Combined model:
2024-05-09 11:42:31 Model: "model"
2024-05-09 11:42:31 __________________________________________________________________________________________________
2024-05-09 11:42:31  Layer (type)                Output Shape                 Param #   Connected to                  
2024-05-09 11:42:31 ==================================================================================================
2024-05-09 11:42:31  input.cell.rnaseq (InputLa  [(None, 958)]                0         []                            
2024-05-09 11:42:31  yer)                                                                                             
2024-05-09 11:42:31                                                                                                   
2024-05-09 11:42:31  input.drug1.descriptors (I  [(None, 1613)]               0         []                            
2024-05-09 11:42:31  nputLayer)                                                                                       
2024-05-09 11:42:31                                                                                                   
2024-05-09 11:42:31  cell.rnaseq (Functional)    (None, 1000)                 2961000   ['input.cell.rnaseq[0][0]']   
2024-05-09 11:42:31                                                                                                   
2024-05-09 11:42:31  drug.descriptors (Function  (None, 1000)                 3616000   ['input.drug1.descriptors[0][0
2024-05-09 11:42:31  al)                                                                ]']                           
2024-05-09 11:42:31                                                                                                   
2024-05-09 11:42:31  concatenate (Concatenate)   (None, 2000)                 0         ['cell.rnaseq[0][0]',         
2024-05-09 11:42:31                                                                      'drug.descriptors[0][0]']    
2024-05-09 11:42:31                                                                                                   
2024-05-09 11:42:31  dense_6 (Dense)             (None, 1000)                 2001000   ['concatenate[0][0]']         
2024-05-09 11:42:31                                                                                                   
2024-05-09 11:42:31  permanent_dropout_6 (Perma  (None, 1000)                 0         ['dense_6[0][0]']             
2024-05-09 11:42:31  nentDropout)                                                                                     
2024-05-09 11:42:31                                                                                                   
2024-05-09 11:42:31  dense_7 (Dense)             (None, 1000)                 1001000   ['permanent_dropout_6[0][0]'] 
2024-05-09 11:42:31                                                                                                   
2024-05-09 11:42:31  permanent_dropout_7 (Perma  (None, 1000)                 0         ['dense_7[0][0]']             
2024-05-09 11:42:31  nentDropout)                                                                                     
2024-05-09 11:42:31                                                                                                   
2024-05-09 11:42:31  dense_8 (Dense)             (None, 1000)                 1001000   ['permanent_dropout_7[0][0]'] 
2024-05-09 11:42:31                                                                                                   
2024-05-09 11:42:31  permanent_dropout_8 (Perma  (None, 1000)                 0         ['dense_8[0][0]']             
2024-05-09 11:42:31  nentDropout)                                                                                     
2024-05-09 11:42:31                                                                                                   
2024-05-09 11:42:31  dense_9 (Dense)             (None, 1000)                 1001000   ['permanent_dropout_8[0][0]'] 
2024-05-09 11:42:31                                                                                                   
2024-05-09 11:42:31  permanent_dropout_9 (Perma  (None, 1000)                 0         ['dense_9[0][0]']             
2024-05-09 11:42:31  nentDropout)                                                                                     
2024-05-09 11:42:31                                                                                                   
2024-05-09 11:42:31  dense_10 (Dense)            (None, 1000)                 1001000   ['permanent_dropout_9[0][0]'] 
2024-05-09 11:42:31                                                                                                   
2024-05-09 11:42:31  permanent_dropout_10 (Perm  (None, 1000)                 0         ['dense_10[0][0]']            
2024-05-09 11:42:31  anentDropout)                                                                                    
2024-05-09 11:42:31                                                                                                   
2024-05-09 11:42:31  dense_11 (Dense)            (None, 1)                    1001      ['permanent_dropout_10[0][0]']
2024-05-09 11:42:31                                                                                                   
2024-05-09 11:42:31 ==================================================================================================
2024-05-09 11:42:31 Total params: 12583001 (48.00 MB)
2024-05-09 11:42:31 Trainable params: 12583001 (48.00 MB)
2024-05-09 11:42:31 Non-trainable params: 0 (0.00 Byte)
2024-05-09 11:42:31 __________________________________________________________________________________________________
2024-05-09 11:42:31 CKPT CONSTRUCT...
2024-05-09 11:42:31 CKPT CONSTRUCT OK.
2024-05-09 11:42:31 template model: <keras.src.engine.functional.Functional object at 0x154b49170a90>
2024-05-09 11:42:33 COMPILE
2024-05-09 11:42:33 Will save weights to: /dev/shm/Uno/save/8996461.amn-0001/362/1.0.model.h5
2024-05-09 11:42:50 Between random pairs in y_val:
2024-05-09 11:42:50   mse: 0.04788930
2024-05-09 11:42:50   mae: 0.16053655
2024-05-09 11:42:50   r2: -1.00548041
2024-05-09 11:42:50   corr: -0.00274021
2024-05-09 11:42:50 Data points per epoch: train = 470167, val = 117542, test = 659
2024-05-09 11:42:50 Steps per epoch: train = 14692, val = 3673, test = 20
2024-05-09 11:42:50 Epoch 0: lr=0.001
2024-05-09 11:44:03 [Epoch: 0] loss: 0.024754, mae: 0.079170, r2: 0.072942, val_loss: 0.008584, val_mae: 0.065508, val_r2: 0.594528
2024-05-09 11:44:04 Epoch 1: lr=0.00082
2024-05-09 11:45:15 [Epoch: 1] loss: 0.007989, mae: 0.063912, r2: 0.620690, val_loss: 0.007717, val_mae: 0.062585, val_r2: 0.637079
2024-05-09 11:45:15 Epoch 2: lr=0.00064
2024-05-09 11:46:27 [Epoch: 2] loss: 0.007320, mae: 0.060871, r2: 0.651507, val_loss: 0.007198, val_mae: 0.060057, val_r2: 0.661496
2024-05-09 11:46:27 Epoch 3: lr=0.00046
2024-05-09 11:47:39 [Epoch: 3] loss: 0.006829, mae: 0.058621, r2: 0.674037, val_loss: 0.006884, val_mae: 0.059759, val_r2: 0.673635
2024-05-09 11:47:39 Epoch 4: lr=0.00028
2024-05-09 11:48:51 [Epoch: 4] loss: 0.006446, mae: 0.056832, r2: 0.691644, val_loss: 0.006591, val_mae: 0.057601, val_r2: 0.688481
2024-05-09 11:48:51 Epoch 5: lr=0.0001
2024-05-09 11:50:03 [Epoch: 5] loss: 0.006118, mae: 0.055305, r2: 0.706807, val_loss: 0.006479, val_mae: 0.056227, val_r2: 0.693788
2024-05-09 11:50:03 Epoch 6: lr=0.0001
2024-05-09 11:51:15 [Epoch: 6] loss: 0.005994, mae: 0.054784, r2: 0.712494, val_loss: 0.006382, val_mae: 0.056700, val_r2: 0.696895
2024-05-09 11:51:15 Epoch 7: lr=0.0001
2024-05-09 11:52:27 [Epoch: 7] loss: 0.005912, mae: 0.054395, r2: 0.716527, val_loss: 0.006385, val_mae: 0.055821, val_r2: 0.698234
2024-05-09 11:52:27 Epoch 8: lr=0.0001
2024-05-09 11:53:40 [Epoch: 8] loss: 0.005846, mae: 0.054099, r2: 0.719513, val_loss: 0.006335, val_mae: 0.055728, val_r2: 0.698909
2024-05-09 11:53:40 Epoch 9: lr=0.0001
2024-05-09 11:54:51 [Epoch: 9] loss: 0.005780, mae: 0.053796, r2: 0.722364, val_loss: 0.006292, val_mae: 0.056190, val_r2: 0.701468
2024-05-09 11:54:52 Epoch 10: lr=0.0001
2024-05-09 11:56:04 [Epoch: 10] loss: 0.005717, mae: 0.053527, r2: 0.725267, val_loss: 0.006313, val_mae: 0.056654, val_r2: 0.699440
2024-05-09 11:56:04 Epoch 11: lr=0.0001
2024-05-09 11:57:16 [Epoch: 11] loss: 0.005659, mae: 0.053246, r2: 0.727965, val_loss: 0.006254, val_mae: 0.055504, val_r2: 0.702594
2024-05-09 11:57:16 Epoch 12: lr=0.0001
2024-05-09 11:58:28 [Epoch: 12] loss: 0.005593, mae: 0.052998, r2: 0.730847, val_loss: 0.006228, val_mae: 0.055399, val_r2: 0.703191
2024-05-09 11:58:28 Epoch 13: lr=0.0001
2024-05-09 11:59:40 [Epoch: 13] loss: 0.005541, mae: 0.052717, r2: 0.733547, val_loss: 0.006228, val_mae: 0.055829, val_r2: 0.703582
2024-05-09 11:59:40 Epoch 14: lr=0.0001
2024-05-09 12:00:52 [Epoch: 14] loss: 0.005490, mae: 0.052496, r2: 0.735939, val_loss: 0.006202, val_mae: 0.055316, val_r2: 0.705907
2024-05-09 12:00:52 Epoch 15: lr=0.0001
2024-05-09 12:02:03 [Epoch: 15] loss: 0.005428, mae: 0.052187, r2: 0.738889, val_loss: 0.006326, val_mae: 0.055083, val_r2: 0.699506
2024-05-09 12:02:03 Epoch 16: lr=0.0001
2024-05-09 12:03:15 [Epoch: 16] loss: 0.005386, mae: 0.051985, r2: 0.740645, val_loss: 0.006188, val_mae: 0.055270, val_r2: 0.705483
2024-05-09 12:03:15 Epoch 17: lr=0.0001
2024-05-09 12:04:27 [Epoch: 17] loss: 0.005332, mae: 0.051771, r2: 0.743250, val_loss: 0.006213, val_mae: 0.054825, val_r2: 0.705764
2024-05-09 12:04:27 Epoch 18: lr=5e-05
2024-05-09 12:05:40 [Epoch: 18] loss: 0.005218, mae: 0.051167, r2: 0.748587, val_loss: 0.006155, val_mae: 0.054542, val_r2: 0.708460
2024-05-09 12:05:40 Epoch 19: lr=5e-05
2024-05-09 12:06:51 [Epoch: 19] loss: 0.005175, mae: 0.051011, r2: 0.750324, val_loss: 0.006154, val_mae: 0.054970, val_r2: 0.708348
2024-05-09 12:06:52 Epoch 20: lr=5e-05
2024-05-09 12:08:04 [Epoch: 20] loss: 0.005154, mae: 0.050916, r2: 0.751660, val_loss: 0.006141, val_mae: 0.054540, val_r2: 0.709013
2024-05-09 12:08:04 Epoch 21: lr=5e-05
2024-05-09 12:09:16 [Epoch: 21] loss: 0.005125, mae: 0.050754, r2: 0.752876, val_loss: 0.006128, val_mae: 0.054665, val_r2: 0.709651
2024-05-09 12:09:16 Epoch 22: lr=5e-05
2024-05-09 12:10:27 [Epoch: 22] loss: 0.005093, mae: 0.050628, r2: 0.754311, val_loss: 0.006147, val_mae: 0.054785, val_r2: 0.708397
2024-05-09 12:10:28 Epoch 23: lr=2.5e-05
2024-05-09 12:11:39 [Epoch: 23] loss: 0.005037, mae: 0.050368, r2: 0.757011, val_loss: 0.006125, val_mae: 0.054449, val_r2: 0.709185
2024-05-09 12:11:39 Epoch 24: lr=2.5e-05
2024-05-09 12:12:51 [Epoch: 24] loss: 0.005019, mae: 0.050255, r2: 0.757773, val_loss: 0.006107, val_mae: 0.054504, val_r2: 0.710511
2024-05-09 12:12:51 Epoch 25: lr=2.5e-05
2024-05-09 12:14:03 [Epoch: 25] loss: 0.004993, mae: 0.050115, r2: 0.758968, val_loss: 0.006124, val_mae: 0.054571, val_r2: 0.708495
2024-05-09 12:14:03 Epoch 26: lr=2.5e-05
2024-05-09 12:15:15 [Epoch: 26] loss: 0.004991, mae: 0.050124, r2: 0.759106, val_loss: 0.006140, val_mae: 0.054644, val_r2: 0.708482
2024-05-09 12:15:15 Epoch 27: lr=2.5e-05
2024-05-09 12:16:27 [Epoch: 27] loss: 0.004972, mae: 0.050037, r2: 0.759882, val_loss: 0.006131, val_mae: 0.054782, val_r2: 0.708582
2024-05-09 12:16:27 Epoch 28: lr=2.5e-05
2024-05-09 12:17:39 [Epoch: 28] loss: 0.004959, mae: 0.049992, r2: 0.760521, val_loss: 0.006145, val_mae: 0.054541, val_r2: 0.708096
2024-05-09 12:17:39 Epoch 29: lr=1.25e-05
2024-05-09 12:18:51 [Epoch: 29] loss: 0.004933, mae: 0.049846, r2: 0.761659, val_loss: 0.006124, val_mae: 0.054670, val_r2: 0.709420
2024-05-09 12:18:51 history_length: 30
2024-05-09 12:18:51 stopping: complete
2024-05-09 12:18:51 Comparing y_true and y_pred:
2024-05-09 12:18:51   mse: 0.00400384
2024-05-09 12:18:51   mae: 0.05126353
2024-05-09 12:18:51   r2: 0.14612690
2024-05-09 12:18:51   corr: 0.39612471
