2024-04-29 10:35:23 UNO RUN ...
2024-04-29 10:35:23 Params: {'model_name': 'uno', 'train_sources': ['CCLE'], 'test_sources': ['train'], 'cell_types': None, 'cell_features': ['rnaseq'], 'drug_features': ['descriptors'], 'dense': [1000, 1000, 1000, 1000, 1000], 'dense_feature_layers': [1000, 1000, 1000], 'activation': 'relu', 'loss': 'mse', 'optimizer': 'adamax', 'scaling': 'std', 'dropout': 0.1, 'epochs': 30, 'batch_size': 32, 'val_split': 0.2, 'cv': 1, 'max_val_loss': 1.0, 'learning_rate': 0.0001, 'base_lr': None, 'agg_dose': 'AUC', 'residual': False, 'reduce_lr': True, 'warmup_lr': True, 'batch_normalization': False, 'feature_subsample': 0, 'rng_seed': 2018, 'no_gen': False, 'verbose': False, 'preprocess_rnaseq': 'source_scale', 'gpus': [0], 'use_landmark_genes': True, 'no_feature_source': True, 'no_response_source': True, 'save_path': '/dev/shm/Uno/save/8994056.amn-0001/208', 'single': True, 'on_memory_loader': True, 'ckpt_checksum': True, 'ckpt_save_interval': 0, 'timeout': -1, 'train_bool': True, 'profiling': False, 'experiment_id': '8994056.amn-0001', 'run_id': '208', 'logfile': '/dev/shm/Uno/save/8994056.amn-0001/208/python.log', 'shuffle': False, 'ckpt_restart_mode': 'off', 'ckpt_skip_epochs': 0, 'ckpt_directory': '/dev/shm/Uno/save/8994056.amn-0001/208', 'ckpt_save_best': True, 'ckpt_save_best_metric': 'val_loss', 'ckpt_save_weights_only': False, 'ckpt_keep_mode': 'linear', 'ckpt_keep_limit': 5, 'by_cell': None, 'by_drug': None, 'cell_subset_path': '', 'drug_subset_path': '', 'drug_median_response_min': -1, 'drug_median_response_max': 1, 'dense_cell_feature_layers': None, 'dense_drug_feature_layers': None, 'use_filtered_genes': False, 'feature_subset_path': '', 'cell_feature_subset_path': '', 'drug_feature_subset_path': '', 'es': True, 'cp': False, 'tb': False, 'tb_prefix': 'tb', 'partition_by': None, 'cache': None, 'export_csv': None, 'export_data': None, 'use_exported_data': '/dev/shm/Uno/x1922c1s0b0n0.208.merged.landmark.h5', 'growth_bins': 0, 'initial_weights': None, 'save_weights': '/dev/shm/Uno/save/8994056.amn-0001/208/2.0.model.h5', 'config_file': '/home/brettin/CSC249ADOA01_CNDA/brettin/Benchmarks/Pilot1/Uno/uno_auc_model.txt', 'data_type': <class 'numpy.float32'>, 'data_dir': '/dev/shm/Uno/uno/Data', 'output_dir': '/dev/shm/Uno/uno/Output/8994056.amn-0001/208'}
2024-04-29 10:35:24 Feature encoding submodel for cell.rnaseq:
2024-04-29 10:35:24 Model: "cell.rnaseq"
2024-04-29 10:35:24 _________________________________________________________________
2024-04-29 10:35:24  Layer (type)                Output Shape              Param #   
2024-04-29 10:35:24 =================================================================
2024-04-29 10:35:24  input_1 (InputLayer)        [(None, 958)]             0         
2024-04-29 10:35:24                                                                  
2024-04-29 10:35:24  dense (Dense)               (None, 1000)              959000    
2024-04-29 10:35:24                                                                  
2024-04-29 10:35:24  permanent_dropout (Permane  (None, 1000)              0         
2024-04-29 10:35:24  ntDropout)                                                      
2024-04-29 10:35:24                                                                  
2024-04-29 10:35:24  dense_1 (Dense)             (None, 1000)              1001000   
2024-04-29 10:35:24                                                                  
2024-04-29 10:35:24  permanent_dropout_1 (Perma  (None, 1000)              0         
2024-04-29 10:35:24  nentDropout)                                                    
2024-04-29 10:35:24                                                                  
2024-04-29 10:35:24  dense_2 (Dense)             (None, 1000)              1001000   
2024-04-29 10:35:24                                                                  
2024-04-29 10:35:24  permanent_dropout_2 (Perma  (None, 1000)              0         
2024-04-29 10:35:24  nentDropout)                                                    
2024-04-29 10:35:24                                                                  
2024-04-29 10:35:24 =================================================================
2024-04-29 10:35:24 Total params: 2961000 (11.30 MB)
2024-04-29 10:35:24 Trainable params: 2961000 (11.30 MB)
2024-04-29 10:35:24 Non-trainable params: 0 (0.00 Byte)
2024-04-29 10:35:24 _________________________________________________________________
2024-04-29 10:35:24 Feature encoding submodel for drug.descriptors:
2024-04-29 10:35:24 Model: "drug.descriptors"
2024-04-29 10:35:24 _________________________________________________________________
2024-04-29 10:35:24  Layer (type)                Output Shape              Param #   
2024-04-29 10:35:24 =================================================================
2024-04-29 10:35:24  input_2 (InputLayer)        [(None, 1613)]            0         
2024-04-29 10:35:24                                                                  
2024-04-29 10:35:24  dense_3 (Dense)             (None, 1000)              1614000   
2024-04-29 10:35:24                                                                  
2024-04-29 10:35:24  permanent_dropout_3 (Perma  (None, 1000)              0         
2024-04-29 10:35:24  nentDropout)                                                    
2024-04-29 10:35:24                                                                  
2024-04-29 10:35:24  dense_4 (Dense)             (None, 1000)              1001000   
2024-04-29 10:35:24                                                                  
2024-04-29 10:35:24  permanent_dropout_4 (Perma  (None, 1000)              0         
2024-04-29 10:35:24  nentDropout)                                                    
2024-04-29 10:35:24                                                                  
2024-04-29 10:35:24  dense_5 (Dense)             (None, 1000)              1001000   
2024-04-29 10:35:24                                                                  
2024-04-29 10:35:24  permanent_dropout_5 (Perma  (None, 1000)              0         
2024-04-29 10:35:24  nentDropout)                                                    
2024-04-29 10:35:24                                                                  
2024-04-29 10:35:24 =================================================================
2024-04-29 10:35:24 Total params: 3616000 (13.79 MB)
2024-04-29 10:35:24 Trainable params: 3616000 (13.79 MB)
2024-04-29 10:35:24 Non-trainable params: 0 (0.00 Byte)
2024-04-29 10:35:24 _________________________________________________________________
2024-04-29 10:35:24 Combined model:
2024-04-29 10:35:24 Model: "model"
2024-04-29 10:35:24 __________________________________________________________________________________________________
2024-04-29 10:35:24  Layer (type)                Output Shape                 Param #   Connected to                  
2024-04-29 10:35:24 ==================================================================================================
2024-04-29 10:35:24  input.cell.rnaseq (InputLa  [(None, 958)]                0         []                            
2024-04-29 10:35:24  yer)                                                                                             
2024-04-29 10:35:24                                                                                                   
2024-04-29 10:35:24  input.drug1.descriptors (I  [(None, 1613)]               0         []                            
2024-04-29 10:35:24  nputLayer)                                                                                       
2024-04-29 10:35:24                                                                                                   
2024-04-29 10:35:24  cell.rnaseq (Functional)    (None, 1000)                 2961000   ['input.cell.rnaseq[0][0]']   
2024-04-29 10:35:24                                                                                                   
2024-04-29 10:35:24  drug.descriptors (Function  (None, 1000)                 3616000   ['input.drug1.descriptors[0][0
2024-04-29 10:35:24  al)                                                                ]']                           
2024-04-29 10:35:24                                                                                                   
2024-04-29 10:35:24  concatenate (Concatenate)   (None, 2000)                 0         ['cell.rnaseq[0][0]',         
2024-04-29 10:35:24                                                                      'drug.descriptors[0][0]']    
2024-04-29 10:35:24                                                                                                   
2024-04-29 10:35:24  dense_6 (Dense)             (None, 1000)                 2001000   ['concatenate[0][0]']         
2024-04-29 10:35:24                                                                                                   
2024-04-29 10:35:24  permanent_dropout_6 (Perma  (None, 1000)                 0         ['dense_6[0][0]']             
2024-04-29 10:35:24  nentDropout)                                                                                     
2024-04-29 10:35:24                                                                                                   
2024-04-29 10:35:24  dense_7 (Dense)             (None, 1000)                 1001000   ['permanent_dropout_6[0][0]'] 
2024-04-29 10:35:24                                                                                                   
2024-04-29 10:35:24  permanent_dropout_7 (Perma  (None, 1000)                 0         ['dense_7[0][0]']             
2024-04-29 10:35:24  nentDropout)                                                                                     
2024-04-29 10:35:24                                                                                                   
2024-04-29 10:35:24  dense_8 (Dense)             (None, 1000)                 1001000   ['permanent_dropout_7[0][0]'] 
2024-04-29 10:35:24                                                                                                   
2024-04-29 10:35:24  permanent_dropout_8 (Perma  (None, 1000)                 0         ['dense_8[0][0]']             
2024-04-29 10:35:24  nentDropout)                                                                                     
2024-04-29 10:35:24                                                                                                   
2024-04-29 10:35:24  dense_9 (Dense)             (None, 1000)                 1001000   ['permanent_dropout_8[0][0]'] 
2024-04-29 10:35:24                                                                                                   
2024-04-29 10:35:24  permanent_dropout_9 (Perma  (None, 1000)                 0         ['dense_9[0][0]']             
2024-04-29 10:35:24  nentDropout)                                                                                     
2024-04-29 10:35:24                                                                                                   
2024-04-29 10:35:24  dense_10 (Dense)            (None, 1000)                 1001000   ['permanent_dropout_9[0][0]'] 
2024-04-29 10:35:24                                                                                                   
2024-04-29 10:35:24  permanent_dropout_10 (Perm  (None, 1000)                 0         ['dense_10[0][0]']            
2024-04-29 10:35:24  anentDropout)                                                                                    
2024-04-29 10:35:24                                                                                                   
2024-04-29 10:35:24  dense_11 (Dense)            (None, 1)                    1001      ['permanent_dropout_10[0][0]']
2024-04-29 10:35:24                                                                                                   
2024-04-29 10:35:24 ==================================================================================================
2024-04-29 10:35:24 Total params: 12583001 (48.00 MB)
2024-04-29 10:35:24 Trainable params: 12583001 (48.00 MB)
2024-04-29 10:35:24 Non-trainable params: 0 (0.00 Byte)
2024-04-29 10:35:24 __________________________________________________________________________________________________
2024-04-29 10:35:24 CKPT CONSTRUCT...
2024-04-29 10:35:24 CKPT CONSTRUCT OK.
2024-04-29 10:35:24 template model: <keras.src.engine.functional.Functional object at 0x14a9d9997760>
2024-04-29 10:35:26 COMPILE
2024-04-29 10:35:26 Will save weights to: /dev/shm/Uno/save/8994056.amn-0001/208/2.0.model.h5
2024-04-29 10:35:42 Between random pairs in y_val:
2024-04-29 10:35:42   mse: 0.04753669
2024-04-29 10:35:42   mae: 0.15979796
2024-04-29 10:35:42   r2: -1.00060330
2024-04-29 10:35:42   corr: -0.00030165
2024-04-29 10:35:42 Data points per epoch: train = 470167, val = 117542, test = 1722
2024-04-29 10:35:42 Steps per epoch: train = 14692, val = 3673, test = 53
2024-04-29 10:35:42 Epoch 0: lr=0.001
2024-04-29 10:36:56 [Epoch: 0] loss: 0.034557, mae: 0.079789, r2: -0.616594, val_loss: 0.008507, val_mae: 0.066826, val_r2: 0.593125
2024-04-29 10:36:57 Epoch 1: lr=0.00082
2024-04-29 10:38:09 [Epoch: 1] loss: 0.008003, mae: 0.063943, r2: 0.620668, val_loss: 0.007672, val_mae: 0.062828, val_r2: 0.633866
2024-04-29 10:38:09 Epoch 2: lr=0.00064
2024-04-29 10:39:21 [Epoch: 2] loss: 0.007303, mae: 0.060790, r2: 0.652513, val_loss: 0.007135, val_mae: 0.059813, val_r2: 0.659944
2024-04-29 10:39:21 Epoch 3: lr=0.00046
2024-04-29 10:40:33 [Epoch: 3] loss: 0.006829, mae: 0.058616, r2: 0.673903, val_loss: 0.006871, val_mae: 0.059222, val_r2: 0.671952
2024-04-29 10:40:34 Epoch 4: lr=0.00028
2024-04-29 10:41:46 [Epoch: 4] loss: 0.006440, mae: 0.056806, r2: 0.691627, val_loss: 0.006575, val_mae: 0.057061, val_r2: 0.687366
2024-04-29 10:41:46 Epoch 5: lr=0.0001
2024-04-29 10:42:58 [Epoch: 5] loss: 0.006121, mae: 0.055311, r2: 0.706513, val_loss: 0.006440, val_mae: 0.056365, val_r2: 0.691904
2024-04-29 10:42:58 Epoch 6: lr=0.0001
2024-04-29 10:44:10 [Epoch: 6] loss: 0.006007, mae: 0.054812, r2: 0.711549, val_loss: 0.006372, val_mae: 0.056065, val_r2: 0.694308
2024-04-29 10:44:10 Epoch 7: lr=0.0001
2024-04-29 10:45:22 [Epoch: 7] loss: 0.005943, mae: 0.054519, r2: 0.714663, val_loss: 0.006349, val_mae: 0.055926, val_r2: 0.695484
2024-04-29 10:45:22 Epoch 8: lr=0.0001
2024-04-29 10:46:34 [Epoch: 8] loss: 0.005866, mae: 0.054153, r2: 0.718212, val_loss: 0.006304, val_mae: 0.055975, val_r2: 0.697959
2024-04-29 10:46:34 Epoch 9: lr=0.0001
2024-04-29 10:47:47 [Epoch: 9] loss: 0.005804, mae: 0.053882, r2: 0.721045, val_loss: 0.006289, val_mae: 0.055473, val_r2: 0.699938
2024-04-29 10:47:47 Epoch 10: lr=0.0001
2024-04-29 10:49:00 [Epoch: 10] loss: 0.005747, mae: 0.053622, r2: 0.724016, val_loss: 0.006253, val_mae: 0.055684, val_r2: 0.700242
2024-04-29 10:49:00 Epoch 11: lr=0.0001
2024-04-29 10:50:12 [Epoch: 11] loss: 0.005683, mae: 0.053342, r2: 0.726676, val_loss: 0.006314, val_mae: 0.055324, val_r2: 0.698498
2024-04-29 10:50:12 Epoch 12: lr=0.0001
2024-04-29 10:51:25 [Epoch: 12] loss: 0.005633, mae: 0.053103, r2: 0.729130, val_loss: 0.006235, val_mae: 0.055148, val_r2: 0.702743
2024-04-29 10:51:25 Epoch 13: lr=0.0001
2024-04-29 10:52:37 [Epoch: 13] loss: 0.005572, mae: 0.052844, r2: 0.731635, val_loss: 0.006282, val_mae: 0.055017, val_r2: 0.699108
2024-04-29 10:52:37 Epoch 14: lr=5e-05
2024-04-29 10:53:49 [Epoch: 14] loss: 0.005451, mae: 0.052265, r2: 0.737633, val_loss: 0.006163, val_mae: 0.055274, val_r2: 0.704606
2024-04-29 10:53:49 Epoch 15: lr=5e-05
2024-04-29 10:55:01 [Epoch: 15] loss: 0.005418, mae: 0.052101, r2: 0.739164, val_loss: 0.006169, val_mae: 0.055470, val_r2: 0.704250
2024-04-29 10:55:01 Epoch 16: lr=5e-05
2024-04-29 10:56:13 [Epoch: 16] loss: 0.005380, mae: 0.051961, r2: 0.740679, val_loss: 0.006151, val_mae: 0.055181, val_r2: 0.704856
2024-04-29 10:56:13 Epoch 17: lr=5e-05
2024-04-29 10:57:26 [Epoch: 17] loss: 0.005348, mae: 0.051782, r2: 0.742501, val_loss: 0.006134, val_mae: 0.054726, val_r2: 0.705996
2024-04-29 10:57:26 Epoch 18: lr=5e-05
2024-04-29 10:58:39 [Epoch: 18] loss: 0.005310, mae: 0.051592, r2: 0.744258, val_loss: 0.006127, val_mae: 0.054678, val_r2: 0.707440
2024-04-29 10:58:39 Epoch 19: lr=5e-05
2024-04-29 10:59:51 [Epoch: 19] loss: 0.005277, mae: 0.051446, r2: 0.745884, val_loss: 0.006138, val_mae: 0.055232, val_r2: 0.705716
2024-04-29 10:59:51 Epoch 20: lr=2.5e-05
2024-04-29 11:01:03 [Epoch: 20] loss: 0.005227, mae: 0.051234, r2: 0.748140, val_loss: 0.006138, val_mae: 0.054892, val_r2: 0.705197
2024-04-29 11:01:04 Epoch 21: lr=2.5e-05
2024-04-29 11:02:16 [Epoch: 21] loss: 0.005215, mae: 0.051202, r2: 0.748451, val_loss: 0.006159, val_mae: 0.055166, val_r2: 0.704258
2024-04-29 11:02:16 Epoch 22: lr=2.5e-05
2024-04-29 11:03:28 [Epoch: 22] loss: 0.005193, mae: 0.051071, r2: 0.749599, val_loss: 0.006111, val_mae: 0.054662, val_r2: 0.706948
2024-04-29 11:03:28 Epoch 23: lr=2.5e-05
2024-04-29 11:04:40 [Epoch: 23] loss: 0.005177, mae: 0.050966, r2: 0.750156, val_loss: 0.006133, val_mae: 0.055171, val_r2: 0.706385
2024-04-29 11:04:40 Epoch 24: lr=2.5e-05
2024-04-29 11:05:52 [Epoch: 24] loss: 0.005165, mae: 0.050917, r2: 0.751003, val_loss: 0.006123, val_mae: 0.054707, val_r2: 0.706137
2024-04-29 11:05:53 Epoch 25: lr=1.25e-05
2024-04-29 11:07:05 [Epoch: 25] loss: 0.005119, mae: 0.050744, r2: 0.753060, val_loss: 0.006088, val_mae: 0.054497, val_r2: 0.707823
2024-04-29 11:07:05 Epoch 26: lr=1.25e-05
2024-04-29 11:08:18 [Epoch: 26] loss: 0.005112, mae: 0.050687, r2: 0.753390, val_loss: 0.006108, val_mae: 0.054548, val_r2: 0.707086
2024-04-29 11:08:18 Epoch 27: lr=1.25e-05
2024-04-29 11:09:31 [Epoch: 27] loss: 0.005110, mae: 0.050666, r2: 0.753658, val_loss: 0.006116, val_mae: 0.054784, val_r2: 0.707379
2024-04-29 11:09:31 Epoch 28: lr=1.25e-05
2024-04-29 11:10:43 [Epoch: 28] loss: 0.005108, mae: 0.050673, r2: 0.753600, val_loss: 0.006109, val_mae: 0.054632, val_r2: 0.706923
2024-04-29 11:10:43 Epoch 29: lr=1.25e-05
2024-04-29 11:11:56 [Epoch: 29] loss: 0.005099, mae: 0.050608, r2: 0.753856, val_loss: 0.006110, val_mae: 0.054587, val_r2: 0.706329
2024-04-29 11:11:56 history_length: 30
2024-04-29 11:11:56 stopping: complete
2024-04-29 11:11:56 Comparing y_true and y_pred:
2024-04-29 11:11:56   mse: 0.01354113
2024-04-29 11:11:56   mae: 0.08927251
2024-04-29 11:11:56   r2: 0.47189552
2024-04-29 11:11:56   corr: 0.68789252
