2024-04-29 10:35:23 UNO RUN ...
2024-04-29 10:35:23 Params: {'model_name': 'uno', 'train_sources': ['CCLE'], 'test_sources': ['train'], 'cell_types': None, 'cell_features': ['rnaseq'], 'drug_features': ['descriptors'], 'dense': [1000, 1000, 1000, 1000, 1000], 'dense_feature_layers': [1000, 1000, 1000], 'activation': 'relu', 'loss': 'mse', 'optimizer': 'adamax', 'scaling': 'std', 'dropout': 0.1, 'epochs': 30, 'batch_size': 32, 'val_split': 0.2, 'cv': 1, 'max_val_loss': 1.0, 'learning_rate': 0.0001, 'base_lr': None, 'agg_dose': 'AUC', 'residual': False, 'reduce_lr': True, 'warmup_lr': True, 'batch_normalization': False, 'feature_subsample': 0, 'rng_seed': 2018, 'no_gen': False, 'verbose': False, 'preprocess_rnaseq': 'source_scale', 'gpus': [0], 'use_landmark_genes': True, 'no_feature_source': True, 'no_response_source': True, 'save_path': '/dev/shm/Uno/save/8994056.amn-0001/168', 'single': True, 'on_memory_loader': True, 'ckpt_checksum': True, 'ckpt_save_interval': 0, 'timeout': -1, 'train_bool': True, 'profiling': False, 'experiment_id': '8994056.amn-0001', 'run_id': '168', 'logfile': '/dev/shm/Uno/save/8994056.amn-0001/168/python.log', 'shuffle': False, 'ckpt_restart_mode': 'off', 'ckpt_skip_epochs': 0, 'ckpt_directory': '/dev/shm/Uno/save/8994056.amn-0001/168', 'ckpt_save_best': True, 'ckpt_save_best_metric': 'val_loss', 'ckpt_save_weights_only': False, 'ckpt_keep_mode': 'linear', 'ckpt_keep_limit': 5, 'by_cell': None, 'by_drug': None, 'cell_subset_path': '', 'drug_subset_path': '', 'drug_median_response_min': -1, 'drug_median_response_max': 1, 'dense_cell_feature_layers': None, 'dense_drug_feature_layers': None, 'use_filtered_genes': False, 'feature_subset_path': '', 'cell_feature_subset_path': '', 'drug_feature_subset_path': '', 'es': True, 'cp': False, 'tb': False, 'tb_prefix': 'tb', 'partition_by': None, 'cache': None, 'export_csv': None, 'export_data': None, 'use_exported_data': '/dev/shm/Uno/x1922c0s5b0n0.168.merged.landmark.h5', 'growth_bins': 0, 'initial_weights': None, 'save_weights': '/dev/shm/Uno/save/8994056.amn-0001/168/0.0.model.h5', 'config_file': '/home/brettin/CSC249ADOA01_CNDA/brettin/Benchmarks/Pilot1/Uno/uno_auc_model.txt', 'data_type': <class 'numpy.float32'>, 'data_dir': '/dev/shm/Uno/uno/Data', 'output_dir': '/dev/shm/Uno/uno/Output/8994056.amn-0001/168'}
2024-04-29 10:35:24 Feature encoding submodel for cell.rnaseq:
2024-04-29 10:35:24 Model: "cell.rnaseq"
2024-04-29 10:35:24 _________________________________________________________________
2024-04-29 10:35:24  Layer (type)                Output Shape              Param #   
2024-04-29 10:35:24 =================================================================
2024-04-29 10:35:24  input_1 (InputLayer)        [(None, 958)]             0         
2024-04-29 10:35:24                                                                  
2024-04-29 10:35:24  dense (Dense)               (None, 1000)              959000    
2024-04-29 10:35:24                                                                  
2024-04-29 10:35:24  permanent_dropout (Permane  (None, 1000)              0         
2024-04-29 10:35:24  ntDropout)                                                      
2024-04-29 10:35:24                                                                  
2024-04-29 10:35:24  dense_1 (Dense)             (None, 1000)              1001000   
2024-04-29 10:35:24                                                                  
2024-04-29 10:35:24  permanent_dropout_1 (Perma  (None, 1000)              0         
2024-04-29 10:35:24  nentDropout)                                                    
2024-04-29 10:35:24                                                                  
2024-04-29 10:35:24  dense_2 (Dense)             (None, 1000)              1001000   
2024-04-29 10:35:24                                                                  
2024-04-29 10:35:24  permanent_dropout_2 (Perma  (None, 1000)              0         
2024-04-29 10:35:24  nentDropout)                                                    
2024-04-29 10:35:24                                                                  
2024-04-29 10:35:24 =================================================================
2024-04-29 10:35:24 Total params: 2961000 (11.30 MB)
2024-04-29 10:35:24 Trainable params: 2961000 (11.30 MB)
2024-04-29 10:35:24 Non-trainable params: 0 (0.00 Byte)
2024-04-29 10:35:24 _________________________________________________________________
2024-04-29 10:35:24 Feature encoding submodel for drug.descriptors:
2024-04-29 10:35:24 Model: "drug.descriptors"
2024-04-29 10:35:24 _________________________________________________________________
2024-04-29 10:35:24  Layer (type)                Output Shape              Param #   
2024-04-29 10:35:24 =================================================================
2024-04-29 10:35:24  input_2 (InputLayer)        [(None, 1613)]            0         
2024-04-29 10:35:24                                                                  
2024-04-29 10:35:24  dense_3 (Dense)             (None, 1000)              1614000   
2024-04-29 10:35:24                                                                  
2024-04-29 10:35:24  permanent_dropout_3 (Perma  (None, 1000)              0         
2024-04-29 10:35:24  nentDropout)                                                    
2024-04-29 10:35:24                                                                  
2024-04-29 10:35:24  dense_4 (Dense)             (None, 1000)              1001000   
2024-04-29 10:35:24                                                                  
2024-04-29 10:35:24  permanent_dropout_4 (Perma  (None, 1000)              0         
2024-04-29 10:35:24  nentDropout)                                                    
2024-04-29 10:35:24                                                                  
2024-04-29 10:35:24  dense_5 (Dense)             (None, 1000)              1001000   
2024-04-29 10:35:24                                                                  
2024-04-29 10:35:24  permanent_dropout_5 (Perma  (None, 1000)              0         
2024-04-29 10:35:24  nentDropout)                                                    
2024-04-29 10:35:24                                                                  
2024-04-29 10:35:24 =================================================================
2024-04-29 10:35:24 Total params: 3616000 (13.79 MB)
2024-04-29 10:35:24 Trainable params: 3616000 (13.79 MB)
2024-04-29 10:35:24 Non-trainable params: 0 (0.00 Byte)
2024-04-29 10:35:24 _________________________________________________________________
2024-04-29 10:35:24 Combined model:
2024-04-29 10:35:24 Model: "model"
2024-04-29 10:35:24 __________________________________________________________________________________________________
2024-04-29 10:35:24  Layer (type)                Output Shape                 Param #   Connected to                  
2024-04-29 10:35:24 ==================================================================================================
2024-04-29 10:35:24  input.cell.rnaseq (InputLa  [(None, 958)]                0         []                            
2024-04-29 10:35:24  yer)                                                                                             
2024-04-29 10:35:24                                                                                                   
2024-04-29 10:35:24  input.drug1.descriptors (I  [(None, 1613)]               0         []                            
2024-04-29 10:35:24  nputLayer)                                                                                       
2024-04-29 10:35:24                                                                                                   
2024-04-29 10:35:24  cell.rnaseq (Functional)    (None, 1000)                 2961000   ['input.cell.rnaseq[0][0]']   
2024-04-29 10:35:24                                                                                                   
2024-04-29 10:35:24  drug.descriptors (Function  (None, 1000)                 3616000   ['input.drug1.descriptors[0][0
2024-04-29 10:35:24  al)                                                                ]']                           
2024-04-29 10:35:24                                                                                                   
2024-04-29 10:35:24  concatenate (Concatenate)   (None, 2000)                 0         ['cell.rnaseq[0][0]',         
2024-04-29 10:35:24                                                                      'drug.descriptors[0][0]']    
2024-04-29 10:35:24                                                                                                   
2024-04-29 10:35:24  dense_6 (Dense)             (None, 1000)                 2001000   ['concatenate[0][0]']         
2024-04-29 10:35:24                                                                                                   
2024-04-29 10:35:24  permanent_dropout_6 (Perma  (None, 1000)                 0         ['dense_6[0][0]']             
2024-04-29 10:35:24  nentDropout)                                                                                     
2024-04-29 10:35:24                                                                                                   
2024-04-29 10:35:24  dense_7 (Dense)             (None, 1000)                 1001000   ['permanent_dropout_6[0][0]'] 
2024-04-29 10:35:24                                                                                                   
2024-04-29 10:35:24  permanent_dropout_7 (Perma  (None, 1000)                 0         ['dense_7[0][0]']             
2024-04-29 10:35:24  nentDropout)                                                                                     
2024-04-29 10:35:24                                                                                                   
2024-04-29 10:35:24  dense_8 (Dense)             (None, 1000)                 1001000   ['permanent_dropout_7[0][0]'] 
2024-04-29 10:35:24                                                                                                   
2024-04-29 10:35:24  permanent_dropout_8 (Perma  (None, 1000)                 0         ['dense_8[0][0]']             
2024-04-29 10:35:24  nentDropout)                                                                                     
2024-04-29 10:35:24                                                                                                   
2024-04-29 10:35:24  dense_9 (Dense)             (None, 1000)                 1001000   ['permanent_dropout_8[0][0]'] 
2024-04-29 10:35:24                                                                                                   
2024-04-29 10:35:24  permanent_dropout_9 (Perma  (None, 1000)                 0         ['dense_9[0][0]']             
2024-04-29 10:35:24  nentDropout)                                                                                     
2024-04-29 10:35:24                                                                                                   
2024-04-29 10:35:24  dense_10 (Dense)            (None, 1000)                 1001000   ['permanent_dropout_9[0][0]'] 
2024-04-29 10:35:24                                                                                                   
2024-04-29 10:35:24  permanent_dropout_10 (Perm  (None, 1000)                 0         ['dense_10[0][0]']            
2024-04-29 10:35:24  anentDropout)                                                                                    
2024-04-29 10:35:24                                                                                                   
2024-04-29 10:35:24  dense_11 (Dense)            (None, 1)                    1001      ['permanent_dropout_10[0][0]']
2024-04-29 10:35:24                                                                                                   
2024-04-29 10:35:24 ==================================================================================================
2024-04-29 10:35:24 Total params: 12583001 (48.00 MB)
2024-04-29 10:35:24 Trainable params: 12583001 (48.00 MB)
2024-04-29 10:35:24 Non-trainable params: 0 (0.00 Byte)
2024-04-29 10:35:24 __________________________________________________________________________________________________
2024-04-29 10:35:24 CKPT CONSTRUCT...
2024-04-29 10:35:24 CKPT CONSTRUCT OK.
2024-04-29 10:35:24 template model: <keras.src.engine.functional.Functional object at 0x14f317f12d30>
2024-04-29 10:35:26 COMPILE
2024-04-29 10:35:26 Will save weights to: /dev/shm/Uno/save/8994056.amn-0001/168/0.0.model.h5
2024-04-29 10:35:43 Between random pairs in y_val:
2024-04-29 10:35:43   mse: 0.04757475
2024-04-29 10:35:43   mae: 0.15989012
2024-04-29 10:35:43   r2: -1.01390947
2024-04-29 10:35:43   corr: -0.00695474
2024-04-29 10:35:43 Data points per epoch: train = 470167, val = 117542, test = 576
2024-04-29 10:35:43 Steps per epoch: train = 14692, val = 3673, test = 18
2024-04-29 10:35:43 Epoch 0: lr=0.001
2024-04-29 10:36:57 [Epoch: 0] loss: 0.027807, mae: 0.079755, r2: -1.121334, val_loss: 0.008355, val_mae: 0.066523, val_r2: 0.602166
2024-04-29 10:36:57 Epoch 1: lr=0.00082
2024-04-29 10:38:10 [Epoch: 1] loss: 0.007995, mae: 0.063926, r2: 0.621879, val_loss: 0.007652, val_mae: 0.061535, val_r2: 0.635932
2024-04-29 10:38:10 Epoch 2: lr=0.00064
2024-04-29 10:39:22 [Epoch: 2] loss: 0.007327, mae: 0.060836, r2: 0.652214, val_loss: 0.007153, val_mae: 0.059469, val_r2: 0.655990
2024-04-29 10:39:23 Epoch 3: lr=0.00046
2024-04-29 10:40:35 [Epoch: 3] loss: 0.006838, mae: 0.058656, r2: 0.674086, val_loss: 0.006755, val_mae: 0.058424, val_r2: 0.676310
2024-04-29 10:40:35 Epoch 4: lr=0.00028
2024-04-29 10:41:48 [Epoch: 4] loss: 0.006440, mae: 0.056852, r2: 0.692687, val_loss: 0.006502, val_mae: 0.056929, val_r2: 0.686537
2024-04-29 10:41:48 Epoch 5: lr=0.0001
2024-04-29 10:43:00 [Epoch: 5] loss: 0.006106, mae: 0.055263, r2: 0.708141, val_loss: 0.006389, val_mae: 0.056393, val_r2: 0.691618
2024-04-29 10:43:01 Epoch 6: lr=0.0001
2024-04-29 10:44:13 [Epoch: 6] loss: 0.006000, mae: 0.054779, r2: 0.713010, val_loss: 0.006332, val_mae: 0.055777, val_r2: 0.694960
2024-04-29 10:44:13 Epoch 7: lr=0.0001
2024-04-29 10:45:26 [Epoch: 7] loss: 0.005917, mae: 0.054399, r2: 0.716952, val_loss: 0.006318, val_mae: 0.055909, val_r2: 0.695349
2024-04-29 10:45:26 Epoch 8: lr=0.0001
2024-04-29 10:46:39 [Epoch: 8] loss: 0.005861, mae: 0.054168, r2: 0.719422, val_loss: 0.006296, val_mae: 0.055577, val_r2: 0.697199
2024-04-29 10:46:39 Epoch 9: lr=0.0001
2024-04-29 10:47:51 [Epoch: 9] loss: 0.005784, mae: 0.053828, r2: 0.722826, val_loss: 0.006313, val_mae: 0.055207, val_r2: 0.695355
2024-04-29 10:47:51 Epoch 10: lr=0.0001
2024-04-29 10:49:04 [Epoch: 10] loss: 0.005720, mae: 0.053564, r2: 0.725811, val_loss: 0.006239, val_mae: 0.055873, val_r2: 0.698169
2024-04-29 10:49:04 Epoch 11: lr=0.0001
2024-04-29 10:50:17 [Epoch: 11] loss: 0.005671, mae: 0.053305, r2: 0.728039, val_loss: 0.006234, val_mae: 0.055265, val_r2: 0.698914
2024-04-29 10:50:17 Epoch 12: lr=0.0001
2024-04-29 10:51:30 [Epoch: 12] loss: 0.005613, mae: 0.053055, r2: 0.730827, val_loss: 0.006215, val_mae: 0.055104, val_r2: 0.700053
2024-04-29 10:51:30 Epoch 13: lr=0.0001
2024-04-29 10:52:42 [Epoch: 13] loss: 0.005559, mae: 0.052811, r2: 0.733159, val_loss: 0.006164, val_mae: 0.054927, val_r2: 0.702952
2024-04-29 10:52:42 Epoch 14: lr=0.0001
2024-04-29 10:53:55 [Epoch: 14] loss: 0.005502, mae: 0.052558, r2: 0.736133, val_loss: 0.006193, val_mae: 0.054869, val_r2: 0.701459
2024-04-29 10:53:55 Epoch 15: lr=0.0001
2024-04-29 10:55:08 [Epoch: 15] loss: 0.005448, mae: 0.052280, r2: 0.738369, val_loss: 0.006148, val_mae: 0.054664, val_r2: 0.703831
2024-04-29 10:55:08 Epoch 16: lr=5e-05
2024-04-29 10:56:20 [Epoch: 16] loss: 0.005334, mae: 0.051785, r2: 0.743928, val_loss: 0.006104, val_mae: 0.054782, val_r2: 0.705192
2024-04-29 10:56:21 Epoch 17: lr=5e-05
2024-04-29 10:57:33 [Epoch: 17] loss: 0.005296, mae: 0.051567, r2: 0.745638, val_loss: 0.006089, val_mae: 0.054737, val_r2: 0.706187
2024-04-29 10:57:33 Epoch 18: lr=5e-05
2024-04-29 10:58:46 [Epoch: 18] loss: 0.005259, mae: 0.051431, r2: 0.747363, val_loss: 0.006095, val_mae: 0.054620, val_r2: 0.705154
2024-04-29 10:58:46 Epoch 19: lr=5e-05
2024-04-29 10:59:59 [Epoch: 19] loss: 0.005234, mae: 0.051291, r2: 0.748467, val_loss: 0.006118, val_mae: 0.054729, val_r2: 0.705269
2024-04-29 10:59:59 Epoch 20: lr=5e-05
2024-04-29 11:01:12 [Epoch: 20] loss: 0.005204, mae: 0.051124, r2: 0.749867, val_loss: 0.006095, val_mae: 0.054988, val_r2: 0.705233
2024-04-29 11:01:12 Epoch 21: lr=5e-05
2024-04-29 11:02:24 [Epoch: 21] loss: 0.005178, mae: 0.051034, r2: 0.751230, val_loss: 0.006071, val_mae: 0.054479, val_r2: 0.707632
2024-04-29 11:02:24 Epoch 22: lr=2.5e-05
2024-04-29 11:03:37 [Epoch: 22] loss: 0.005115, mae: 0.050751, r2: 0.754031, val_loss: 0.006109, val_mae: 0.054660, val_r2: 0.704716
2024-04-29 11:03:37 Epoch 23: lr=2.5e-05
2024-04-29 11:04:50 [Epoch: 23] loss: 0.005094, mae: 0.050608, r2: 0.754749, val_loss: 0.006074, val_mae: 0.054726, val_r2: 0.706854
2024-04-29 11:04:50 Epoch 24: lr=2.5e-05
2024-04-29 11:06:03 [Epoch: 24] loss: 0.005076, mae: 0.050539, r2: 0.755628, val_loss: 0.006081, val_mae: 0.054815, val_r2: 0.706240
2024-04-29 11:06:03 Epoch 25: lr=2.5e-05
2024-04-29 11:07:15 [Epoch: 25] loss: 0.005060, mae: 0.050478, r2: 0.756395, val_loss: 0.006077, val_mae: 0.054358, val_r2: 0.706139
2024-04-29 11:07:15 Epoch 26: lr=2.5e-05
2024-04-29 11:08:28 [Epoch: 26] loss: 0.005051, mae: 0.050416, r2: 0.756947, val_loss: 0.006065, val_mae: 0.054411, val_r2: 0.706890
2024-04-29 11:08:28 Epoch 27: lr=1.25e-05
2024-04-29 11:09:41 [Epoch: 27] loss: 0.005014, mae: 0.050238, r2: 0.758667, val_loss: 0.006065, val_mae: 0.054404, val_r2: 0.706985
2024-04-29 11:09:41 Epoch 28: lr=1.25e-05
2024-04-29 11:10:53 [Epoch: 28] loss: 0.005016, mae: 0.050260, r2: 0.758405, val_loss: 0.006085, val_mae: 0.054375, val_r2: 0.706614
2024-04-29 11:10:53 Epoch 29: lr=1.25e-05
2024-04-29 11:12:06 [Epoch: 29] loss: 0.005005, mae: 0.050201, r2: 0.759274, val_loss: 0.006070, val_mae: 0.054496, val_r2: 0.706783
2024-04-29 11:12:06 history_length: 30
2024-04-29 11:12:06 stopping: complete
2024-04-29 11:12:06 Comparing y_true and y_pred:
2024-04-29 11:12:06   mse: 0.00363085
2024-04-29 11:12:06   mae: 0.04146167
2024-04-29 11:12:06   r2: 0.24626317
2024-04-29 11:12:06   corr: 0.49705226
