2024-05-09 11:42:30 UNO RUN ...
2024-05-09 11:42:30 Params: {'model_name': 'uno', 'train_sources': ['CCLE'], 'test_sources': ['train'], 'cell_types': None, 'cell_features': ['rnaseq'], 'drug_features': ['descriptors'], 'dense': [1000, 1000, 1000, 1000, 1000], 'dense_feature_layers': [1000, 1000, 1000], 'activation': 'relu', 'loss': 'mse', 'optimizer': 'adamax', 'scaling': 'std', 'dropout': 0.1, 'epochs': 30, 'batch_size': 32, 'val_split': 0.2, 'cv': 1, 'max_val_loss': 1.0, 'learning_rate': 0.0001, 'base_lr': None, 'agg_dose': 'AUC', 'residual': False, 'reduce_lr': True, 'warmup_lr': True, 'batch_normalization': False, 'feature_subsample': 0, 'rng_seed': 2018, 'no_gen': False, 'verbose': False, 'preprocess_rnaseq': 'source_scale', 'gpus': [0], 'use_landmark_genes': True, 'no_feature_source': True, 'no_response_source': True, 'save_path': '/dev/shm/Uno/save/8996461.amn-0001/58', 'single': True, 'on_memory_loader': True, 'ckpt_checksum': True, 'ckpt_save_interval': 0, 'timeout': -1, 'train_bool': True, 'profiling': False, 'experiment_id': '8996461.amn-0001', 'run_id': '58', 'logfile': '/dev/shm/Uno/save/8996461.amn-0001/58/python.log', 'shuffle': False, 'ckpt_restart_mode': 'off', 'ckpt_skip_epochs': 0, 'ckpt_directory': '/dev/shm/Uno/save/8996461.amn-0001/58', 'ckpt_save_best': True, 'ckpt_save_best_metric': 'val_loss', 'ckpt_save_weights_only': False, 'ckpt_keep_mode': 'linear', 'ckpt_keep_limit': 5, 'by_cell': None, 'by_drug': None, 'cell_subset_path': '', 'drug_subset_path': '', 'drug_median_response_min': -1, 'drug_median_response_max': 1, 'dense_cell_feature_layers': None, 'dense_drug_feature_layers': None, 'use_filtered_genes': False, 'feature_subset_path': '', 'cell_feature_subset_path': '', 'drug_feature_subset_path': '', 'es': True, 'cp': False, 'tb': False, 'tb_prefix': 'tb', 'partition_by': None, 'cache': None, 'export_csv': None, 'export_data': None, 'use_exported_data': '/dev/shm/Uno/x1921c1s2b0n0.58.merged.landmark.h5', 'growth_bins': 0, 'initial_weights': None, 'save_weights': '/dev/shm/Uno/save/8996461.amn-0001/58/5.0.model.h5', 'config_file': '/home/brettin/CSC249ADOA01_CNDA/brettin/Benchmarks/Pilot1/Uno/uno_auc_model.txt', 'data_type': <class 'numpy.float32'>, 'data_dir': '/dev/shm/Uno/uno/Data', 'output_dir': '/dev/shm/Uno/uno/Output/8996461.amn-0001/58'}
2024-05-09 11:42:30 Feature encoding submodel for cell.rnaseq:
2024-05-09 11:42:30 Model: "cell.rnaseq"
2024-05-09 11:42:30 _________________________________________________________________
2024-05-09 11:42:30  Layer (type)                Output Shape              Param #   
2024-05-09 11:42:30 =================================================================
2024-05-09 11:42:30  input_1 (InputLayer)        [(None, 958)]             0         
2024-05-09 11:42:30                                                                  
2024-05-09 11:42:30  dense (Dense)               (None, 1000)              959000    
2024-05-09 11:42:30                                                                  
2024-05-09 11:42:30  permanent_dropout (Permane  (None, 1000)              0         
2024-05-09 11:42:30  ntDropout)                                                      
2024-05-09 11:42:30                                                                  
2024-05-09 11:42:30  dense_1 (Dense)             (None, 1000)              1001000   
2024-05-09 11:42:30                                                                  
2024-05-09 11:42:30  permanent_dropout_1 (Perma  (None, 1000)              0         
2024-05-09 11:42:30  nentDropout)                                                    
2024-05-09 11:42:30                                                                  
2024-05-09 11:42:30  dense_2 (Dense)             (None, 1000)              1001000   
2024-05-09 11:42:30                                                                  
2024-05-09 11:42:30  permanent_dropout_2 (Perma  (None, 1000)              0         
2024-05-09 11:42:30  nentDropout)                                                    
2024-05-09 11:42:30                                                                  
2024-05-09 11:42:30 =================================================================
2024-05-09 11:42:30 Total params: 2961000 (11.30 MB)
2024-05-09 11:42:30 Trainable params: 2961000 (11.30 MB)
2024-05-09 11:42:30 Non-trainable params: 0 (0.00 Byte)
2024-05-09 11:42:30 _________________________________________________________________
2024-05-09 11:42:31 Feature encoding submodel for drug.descriptors:
2024-05-09 11:42:31 Model: "drug.descriptors"
2024-05-09 11:42:31 _________________________________________________________________
2024-05-09 11:42:31  Layer (type)                Output Shape              Param #   
2024-05-09 11:42:31 =================================================================
2024-05-09 11:42:31  input_2 (InputLayer)        [(None, 1613)]            0         
2024-05-09 11:42:31                                                                  
2024-05-09 11:42:31  dense_3 (Dense)             (None, 1000)              1614000   
2024-05-09 11:42:31                                                                  
2024-05-09 11:42:31  permanent_dropout_3 (Perma  (None, 1000)              0         
2024-05-09 11:42:31  nentDropout)                                                    
2024-05-09 11:42:31                                                                  
2024-05-09 11:42:31  dense_4 (Dense)             (None, 1000)              1001000   
2024-05-09 11:42:31                                                                  
2024-05-09 11:42:31  permanent_dropout_4 (Perma  (None, 1000)              0         
2024-05-09 11:42:31  nentDropout)                                                    
2024-05-09 11:42:31                                                                  
2024-05-09 11:42:31  dense_5 (Dense)             (None, 1000)              1001000   
2024-05-09 11:42:31                                                                  
2024-05-09 11:42:31  permanent_dropout_5 (Perma  (None, 1000)              0         
2024-05-09 11:42:31  nentDropout)                                                    
2024-05-09 11:42:31                                                                  
2024-05-09 11:42:31 =================================================================
2024-05-09 11:42:31 Total params: 3616000 (13.79 MB)
2024-05-09 11:42:31 Trainable params: 3616000 (13.79 MB)
2024-05-09 11:42:31 Non-trainable params: 0 (0.00 Byte)
2024-05-09 11:42:31 _________________________________________________________________
2024-05-09 11:42:31 Combined model:
2024-05-09 11:42:31 Model: "model"
2024-05-09 11:42:31 __________________________________________________________________________________________________
2024-05-09 11:42:31  Layer (type)                Output Shape                 Param #   Connected to                  
2024-05-09 11:42:31 ==================================================================================================
2024-05-09 11:42:31  input.cell.rnaseq (InputLa  [(None, 958)]                0         []                            
2024-05-09 11:42:31  yer)                                                                                             
2024-05-09 11:42:31                                                                                                   
2024-05-09 11:42:31  input.drug1.descriptors (I  [(None, 1613)]               0         []                            
2024-05-09 11:42:31  nputLayer)                                                                                       
2024-05-09 11:42:31                                                                                                   
2024-05-09 11:42:31  cell.rnaseq (Functional)    (None, 1000)                 2961000   ['input.cell.rnaseq[0][0]']   
2024-05-09 11:42:31                                                                                                   
2024-05-09 11:42:31  drug.descriptors (Function  (None, 1000)                 3616000   ['input.drug1.descriptors[0][0
2024-05-09 11:42:31  al)                                                                ]']                           
2024-05-09 11:42:31                                                                                                   
2024-05-09 11:42:31  concatenate (Concatenate)   (None, 2000)                 0         ['cell.rnaseq[0][0]',         
2024-05-09 11:42:31                                                                      'drug.descriptors[0][0]']    
2024-05-09 11:42:31                                                                                                   
2024-05-09 11:42:31  dense_6 (Dense)             (None, 1000)                 2001000   ['concatenate[0][0]']         
2024-05-09 11:42:31                                                                                                   
2024-05-09 11:42:31  permanent_dropout_6 (Perma  (None, 1000)                 0         ['dense_6[0][0]']             
2024-05-09 11:42:31  nentDropout)                                                                                     
2024-05-09 11:42:31                                                                                                   
2024-05-09 11:42:31  dense_7 (Dense)             (None, 1000)                 1001000   ['permanent_dropout_6[0][0]'] 
2024-05-09 11:42:31                                                                                                   
2024-05-09 11:42:31  permanent_dropout_7 (Perma  (None, 1000)                 0         ['dense_7[0][0]']             
2024-05-09 11:42:31  nentDropout)                                                                                     
2024-05-09 11:42:31                                                                                                   
2024-05-09 11:42:31  dense_8 (Dense)             (None, 1000)                 1001000   ['permanent_dropout_7[0][0]'] 
2024-05-09 11:42:31                                                                                                   
2024-05-09 11:42:31  permanent_dropout_8 (Perma  (None, 1000)                 0         ['dense_8[0][0]']             
2024-05-09 11:42:31  nentDropout)                                                                                     
2024-05-09 11:42:31                                                                                                   
2024-05-09 11:42:31  dense_9 (Dense)             (None, 1000)                 1001000   ['permanent_dropout_8[0][0]'] 
2024-05-09 11:42:31                                                                                                   
2024-05-09 11:42:31  permanent_dropout_9 (Perma  (None, 1000)                 0         ['dense_9[0][0]']             
2024-05-09 11:42:31  nentDropout)                                                                                     
2024-05-09 11:42:31                                                                                                   
2024-05-09 11:42:31  dense_10 (Dense)            (None, 1000)                 1001000   ['permanent_dropout_9[0][0]'] 
2024-05-09 11:42:31                                                                                                   
2024-05-09 11:42:31  permanent_dropout_10 (Perm  (None, 1000)                 0         ['dense_10[0][0]']            
2024-05-09 11:42:31  anentDropout)                                                                                    
2024-05-09 11:42:31                                                                                                   
2024-05-09 11:42:31  dense_11 (Dense)            (None, 1)                    1001      ['permanent_dropout_10[0][0]']
2024-05-09 11:42:31                                                                                                   
2024-05-09 11:42:31 ==================================================================================================
2024-05-09 11:42:31 Total params: 12583001 (48.00 MB)
2024-05-09 11:42:31 Trainable params: 12583001 (48.00 MB)
2024-05-09 11:42:31 Non-trainable params: 0 (0.00 Byte)
2024-05-09 11:42:31 __________________________________________________________________________________________________
2024-05-09 11:42:31 CKPT CONSTRUCT...
2024-05-09 11:42:31 CKPT CONSTRUCT OK.
2024-05-09 11:42:31 template model: <keras.src.engine.functional.Functional object at 0x1546f3c0ebe0>
2024-05-09 11:42:33 COMPILE
2024-05-09 11:42:33 Will save weights to: /dev/shm/Uno/save/8996461.amn-0001/58/5.0.model.h5
2024-05-09 11:42:49 Between random pairs in y_val:
2024-05-09 11:42:49   mse: 0.04787607
2024-05-09 11:42:49   mae: 0.16044791
2024-05-09 11:42:49   r2: -1.00724487
2024-05-09 11:42:49   corr: -0.00362243
2024-05-09 11:42:49 Data points per epoch: train = 470167, val = 117542, test = 1060
2024-05-09 11:42:49 Steps per epoch: train = 14692, val = 3673, test = 33
2024-05-09 11:42:50 Epoch 0: lr=0.001
2024-05-09 11:44:03 [Epoch: 0] loss: 0.025422, mae: 0.079393, r2: -0.214171, val_loss: 0.008815, val_mae: 0.068743, val_r2: 0.590948
2024-05-09 11:44:03 Epoch 1: lr=0.00082
2024-05-09 11:45:15 [Epoch: 1] loss: 0.007947, mae: 0.063799, r2: 0.622253, val_loss: 0.007788, val_mae: 0.062147, val_r2: 0.631284
2024-05-09 11:45:15 Epoch 2: lr=0.00064
2024-05-09 11:46:27 [Epoch: 2] loss: 0.007311, mae: 0.060841, r2: 0.652097, val_loss: 0.007281, val_mae: 0.060052, val_r2: 0.652598
2024-05-09 11:46:27 Epoch 3: lr=0.00046
2024-05-09 11:47:38 [Epoch: 3] loss: 0.006838, mae: 0.058683, r2: 0.673608, val_loss: 0.007033, val_mae: 0.060166, val_r2: 0.662467
2024-05-09 11:47:38 Epoch 4: lr=0.00028
2024-05-09 11:48:51 [Epoch: 4] loss: 0.006447, mae: 0.056889, r2: 0.691501, val_loss: 0.006600, val_mae: 0.057035, val_r2: 0.682399
2024-05-09 11:48:51 Epoch 5: lr=0.0001
2024-05-09 11:50:03 [Epoch: 5] loss: 0.006114, mae: 0.055311, r2: 0.706842, val_loss: 0.006481, val_mae: 0.056446, val_r2: 0.688879
2024-05-09 11:50:03 Epoch 6: lr=0.0001
2024-05-09 11:51:15 [Epoch: 6] loss: 0.006013, mae: 0.054851, r2: 0.711544, val_loss: 0.006426, val_mae: 0.056063, val_r2: 0.691006
2024-05-09 11:51:15 Epoch 7: lr=0.0001
2024-05-09 11:52:27 [Epoch: 7] loss: 0.005933, mae: 0.054491, r2: 0.715299, val_loss: 0.006400, val_mae: 0.056677, val_r2: 0.692580
2024-05-09 11:52:27 Epoch 8: lr=0.0001
2024-05-09 11:53:39 [Epoch: 8] loss: 0.005863, mae: 0.054199, r2: 0.718405, val_loss: 0.006343, val_mae: 0.056102, val_r2: 0.695682
2024-05-09 11:53:39 Epoch 9: lr=0.0001
2024-05-09 11:54:51 [Epoch: 9] loss: 0.005796, mae: 0.053877, r2: 0.721721, val_loss: 0.006350, val_mae: 0.055520, val_r2: 0.695389
2024-05-09 11:54:51 Epoch 10: lr=0.0001
2024-05-09 11:56:02 [Epoch: 10] loss: 0.005737, mae: 0.053615, r2: 0.724478, val_loss: 0.006318, val_mae: 0.056397, val_r2: 0.696953
2024-05-09 11:56:02 Epoch 11: lr=0.0001
2024-05-09 11:57:15 [Epoch: 11] loss: 0.005676, mae: 0.053320, r2: 0.727108, val_loss: 0.006286, val_mae: 0.055969, val_r2: 0.696818
2024-05-09 11:57:15 Epoch 12: lr=0.0001
2024-05-09 11:58:26 [Epoch: 12] loss: 0.005614, mae: 0.053068, r2: 0.730063, val_loss: 0.006304, val_mae: 0.056020, val_r2: 0.695971
2024-05-09 11:58:26 Epoch 13: lr=0.0001
2024-05-09 11:59:38 [Epoch: 13] loss: 0.005546, mae: 0.052746, r2: 0.733196, val_loss: 0.006238, val_mae: 0.055116, val_r2: 0.699917
2024-05-09 11:59:38 Epoch 14: lr=0.0001
2024-05-09 12:00:50 [Epoch: 14] loss: 0.005484, mae: 0.052456, r2: 0.736324, val_loss: 0.006243, val_mae: 0.054856, val_r2: 0.699431
2024-05-09 12:00:50 Epoch 15: lr=0.0001
2024-05-09 12:02:02 [Epoch: 15] loss: 0.005443, mae: 0.052283, r2: 0.737955, val_loss: 0.006184, val_mae: 0.054932, val_r2: 0.702931
2024-05-09 12:02:02 Epoch 16: lr=0.0001
2024-05-09 12:03:14 [Epoch: 16] loss: 0.005392, mae: 0.052039, r2: 0.740424, val_loss: 0.006160, val_mae: 0.054961, val_r2: 0.702626
2024-05-09 12:03:14 Epoch 17: lr=0.0001
2024-05-09 12:04:26 [Epoch: 17] loss: 0.005344, mae: 0.051821, r2: 0.742707, val_loss: 0.006212, val_mae: 0.055266, val_r2: 0.699511
2024-05-09 12:04:26 Epoch 18: lr=0.0001
2024-05-09 12:05:38 [Epoch: 18] loss: 0.005296, mae: 0.051575, r2: 0.745001, val_loss: 0.006206, val_mae: 0.055487, val_r2: 0.700522
2024-05-09 12:05:38 Epoch 19: lr=5e-05
2024-05-09 12:06:50 [Epoch: 19] loss: 0.005183, mae: 0.051043, r2: 0.750398, val_loss: 0.006131, val_mae: 0.054705, val_r2: 0.704067
2024-05-09 12:06:50 Epoch 20: lr=5e-05
2024-05-09 12:08:02 [Epoch: 20] loss: 0.005146, mae: 0.050879, r2: 0.752036, val_loss: 0.006136, val_mae: 0.054628, val_r2: 0.705450
2024-05-09 12:08:02 Epoch 21: lr=5e-05
2024-05-09 12:09:14 [Epoch: 21] loss: 0.005106, mae: 0.050725, r2: 0.753808, val_loss: 0.006126, val_mae: 0.054550, val_r2: 0.705131
2024-05-09 12:09:14 Epoch 22: lr=5e-05
2024-05-09 12:10:26 [Epoch: 22] loss: 0.005079, mae: 0.050554, r2: 0.755064, val_loss: 0.006144, val_mae: 0.054697, val_r2: 0.702919
2024-05-09 12:10:26 Epoch 23: lr=5e-05
2024-05-09 12:11:37 [Epoch: 23] loss: 0.005060, mae: 0.050456, r2: 0.756197, val_loss: 0.006146, val_mae: 0.054845, val_r2: 0.703725
2024-05-09 12:11:37 Epoch 24: lr=5e-05
2024-05-09 12:12:49 [Epoch: 24] loss: 0.005043, mae: 0.050386, r2: 0.756653, val_loss: 0.006122, val_mae: 0.054388, val_r2: 0.704518
2024-05-09 12:12:49 Epoch 25: lr=2.5e-05
2024-05-09 12:14:01 [Epoch: 25] loss: 0.004958, mae: 0.050007, r2: 0.760787, val_loss: 0.006148, val_mae: 0.054391, val_r2: 0.703917
2024-05-09 12:14:01 Epoch 26: lr=2.5e-05
2024-05-09 12:15:13 [Epoch: 26] loss: 0.004953, mae: 0.049970, r2: 0.761125, val_loss: 0.006109, val_mae: 0.054589, val_r2: 0.705293
2024-05-09 12:15:13 Epoch 27: lr=2.5e-05
2024-05-09 12:16:25 [Epoch: 27] loss: 0.004932, mae: 0.049886, r2: 0.762199, val_loss: 0.006149, val_mae: 0.054326, val_r2: 0.703365
2024-05-09 12:16:25 Epoch 28: lr=2.5e-05
2024-05-09 12:17:37 [Epoch: 28] loss: 0.004910, mae: 0.049800, r2: 0.762986, val_loss: 0.006108, val_mae: 0.054835, val_r2: 0.704581
2024-05-09 12:17:37 Epoch 29: lr=2.5e-05
2024-05-09 12:18:48 [Epoch: 29] loss: 0.004908, mae: 0.049758, r2: 0.763260, val_loss: 0.006103, val_mae: 0.054481, val_r2: 0.705264
2024-05-09 12:18:49 history_length: 30
2024-05-09 12:18:49 stopping: complete
2024-05-09 12:18:49 Comparing y_true and y_pred:
2024-05-09 12:18:49   mse: 0.00430732
2024-05-09 12:18:49   mae: 0.04761538
2024-05-09 12:18:49   r2: 0.02888338
2024-05-09 12:18:49   corr: 0.20109803
